<?xml version="1.0" encoding="UTF-8"?>
<TestRun id="850d2dd1-4d43-44b0-9ec7-b9c85da1cef6" name="ROOT@RGM89S 2014-04-16 14:50:39" runUser="RGM89S\ROOT" xmlns="http://microsoft.com/schemas/VisualStudio/TeamTest/2010">
  <TestSettings name="本地" id="b3426f58-0ed2-4260-9525-749e4255e285">
    <Description>这些设置为本地测试运行的默认测试设置。</Description>
    <Execution hostProcessPlatform="MSIL">
      <Timeouts runTimeout="1800000" testTimeout="120000" />
      <TestTypeSpecific>
        <UnitTestRunConfig testTypeId="13cdc9d9-ddb5-4fa4-a97d-d965ccfc6d4b">
          <AssemblyResolution applicationBaseDirectory="E:\Programme\Homework\OpenEcnu\OpenEcnu.UserInterface.Tests">
            <TestDirectory useLoadContext="true" />
          </AssemblyResolution>
        </UnitTestRunConfig>
        <WebTestRunConfiguration testTypeId="4e7599fa-5ecb-43e9-a887-cd63cf72d207">
          <Browser name="Internet Explorer 9.0" MaxConnections="6">
            <Headers>
              <Header name="User-Agent" value="Mozilla/5.0 (compatible; MSIE 9.0; Windows NT 6.1; Trident/5.0)" />
              <Header name="Accept" value="*/*" />
              <Header name="Accept-Language" value="{{$IEAcceptLanguage}}" />
              <Header name="Accept-Encoding" value="GZIP" />
            </Headers>
          </Browser>
        </WebTestRunConfiguration>
      </TestTypeSpecific>
      <AgentRule name="LocalMachineDefaultRole">
        <DataCollectors>
          <DataCollector uri="datacollector://microsoft/AspNetProfiler/1.0" assemblyQualifiedName="Microsoft.VisualStudio.PerformanceTools.DataCollection.AspNetProfileDataCollector, Microsoft.VisualStudio.PerformanceTools.DataCollection, Version=12.0.0.0, Culture=neutral, PublicKeyToken=b03f5f7f11d50a3a" friendlyName="ASP.NET 探查器">
          </DataCollector>
          <DataCollector uri="datacollector://microsoft/EventLog/1.0" assemblyQualifiedName="Microsoft.VisualStudio.TestTools.DataCollection.EventLog.EventLogDataCollector, Microsoft.VisualStudio.TestTools.DataCollection.EventLog, Version=12.0.0.0, Culture=neutral, PublicKeyToken=b03f5f7f11d50a3a" friendlyName="事件日志">
          </DataCollector>
          <DataCollector uri="datacollector://microsoft/NetworkEmulation/1.0" assemblyQualifiedName="Microsoft.VisualStudio.TestTools.DataCollection.NetworkEmulation.NetworkEmulationDataCollector, Microsoft.VisualStudio.TestTools.DataCollection.NetworkEmulation, Version=12.0.0.0, Culture=neutral, PublicKeyToken=b03f5f7f11d50a3a" friendlyName="网络仿真">
          </DataCollector>
          <DataCollector uri="datacollector://microsoft/SystemInfo/1.0" assemblyQualifiedName="Microsoft.VisualStudio.TestTools.DataCollection.SystemInfo.SystemInfoDataCollector, Microsoft.VisualStudio.TestTools.DataCollection.SystemInfo, Version=12.0.0.0, Culture=neutral, PublicKeyToken=b03f5f7f11d50a3a" friendlyName="系统信息">
          </DataCollector>
          <DataCollector uri="datacollector://microsoft/TraceDebugger/1.0" assemblyQualifiedName="Microsoft.VisualStudio.TraceCollector.TraceDebuggerDataCollector, Microsoft.VisualStudio.TraceCollector, Version=12.0.0.0, Culture=neutral, PublicKeyToken=b03f5f7f11d50a3a" friendlyName="IntelliTrace">
          </DataCollector>
          <DataCollector uri="datacollector://microsoft/TestImpact/1.0" assemblyQualifiedName="Microsoft.VisualStudio.TraceCollector.TestImpactDataCollector, Microsoft.VisualStudio.TraceCollector, Version=12.0.0.0, Culture=neutral, PublicKeyToken=b03f5f7f11d50a3a" friendlyName="测试影响">
          </DataCollector>
          <DataCollector uri="datacollector://microsoft/VideoRecorder/1.0" assemblyQualifiedName="Microsoft.VisualStudio.TestTools.DataCollection.VideoRecorder.VideoRecorderDataCollector, Microsoft.VisualStudio.TestTools.DataCollection.VideoRecorder, Version=12.0.0.0, Culture=neutral, PublicKeyToken=b03f5f7f11d50a3a" friendlyName="屏幕和语音录制器">
          </DataCollector>
          <DataCollector uri="datacollector://microsoft/CodeCoverage/1.0" assemblyQualifiedName="Microsoft.VisualStudio.TestTools.CodeCoverage.CoveragePlugIn, Microsoft.VisualStudio.QualityTools.Plugins.CodeCoverage, Version=12.0.0.0, Culture=neutral, PublicKeyToken=b03f5f7f11d50a3a" friendlyName="代码覆盖率(Visual Studio 2010)">
          </DataCollector>
          <DataCollector uri="datacollector://microsoft/HttpProxy/1.0" assemblyQualifiedName="Microsoft.VisualStudio.TraceCollector.HttpProxyCollector, Microsoft.VisualStudio.TraceCollector, Version=12.0.0.0, Culture=neutral, PublicKeyToken=b03f5f7f11d50a3a" friendlyName="用于 IntelliTrace 和测试影响的 ASP.NET 客户端代理">
          </DataCollector>
        </DataCollectors>
      </AgentRule>
    </Execution>
    <Deployment runDeploymentRoot="ROOT_RGM89S 2014-04-16 14_50_39" />
    <Properties />
  </TestSettings>
  <Times creation="2014-04-16T14:50:39.1373263+08:00" queuing="2014-04-16T14:50:39.6743570+08:00" start="2014-04-16T14:50:59.1014682+08:00" finish="2014-04-16T14:53:15.4382662+08:00" />
  <ResultSummary outcome="Error">
    <Counters total="1" executed="1" error="0" failed="0" timeout="1" aborted="0" inconclusive="0" passedButRunAborted="0" notRunnable="0" notExecuted="0" disconnected="0" warning="0" passed="0" completed="0" inProgress="0" pending="0" />
    <RunInfos>
      <RunInfo computerName="RGM89S" outcome="Warning" timestamp="2014-04-16T14:50:39.6693567+08:00">
        <Text>警告:  对测试运行忽略禁用部署，因为在活动的测试设置中启用了代码覆盖率。</Text>
      </RunInfo>
    </RunInfos>
    <CollectorDataEntries>
      <Collector agentName="RGM89S" uri="datacollector://microsoft/EventLog/1.0" collectorDisplayName="事件日志">
        <UriAttachments>
          <UriAttachment>
            <A href="RGM89S\Event Log.xml">
            </A>
          </UriAttachment>
        </UriAttachments>
      </Collector>
      <Collector agentName="RGM89S" uri="datacollector://microsoft/NetworkEmulation/1.0" collectorDisplayName="网络仿真">
        <UriAttachments>
          <UriAttachment>
            <A href="RGM89S\NetworkEmulation.xml">RGM89S 上的网络仿真</A>
          </UriAttachment>
        </UriAttachments>
      </Collector>
      <Collector agentName="RGM89S" uri="datacollector://microsoft/SystemInfo/1.0" collectorDisplayName="系统信息">
        <UriAttachments>
          <UriAttachment>
            <A href="RGM89S\SystemInformation.xml">RGM89S 中的系统信息</A>
          </UriAttachment>
        </UriAttachments>
      </Collector>
    </CollectorDataEntries>
    <DataCollectorMessages>
      <DataCollectorMessage timestamp="2014-04-16T14:50:42.7085306+08:00" dataCollectorUri="datacollector://microsoft/HttpProxy/1.0" dataCollectorFriendlyName="用于 IntelliTrace 和测试影响的 ASP.NET 客户端代理" agentName="RGM89S" level="Error">
        <Text>适配器“用于 IntelliTrace 和测试影响的 ASP.NET 客户端代理”不会用于此测试运行。  Could not load file or assembly 'Microsoft.VisualStudio.HttpProxy, Version=12.0.0.0, Culture=neutral, PublicKeyToken=b03f5f7f11d50a3a' or one of its dependencies. 试图加载格式不正确的程序。
    </Text>
      </DataCollectorMessage>
      <DataCollectorMessage timestamp="2014-04-16T14:50:51.2690202+08:00" dataCollectorUri="datacollector://microsoft/NetworkEmulation/1.0" dataCollectorFriendlyName="网络仿真" agentName="RGM89S" level="Error">
        <Text>未能启动网络仿真，因为未安装驱动程序。</Text>
      </DataCollectorMessage>
      <DataCollectorMessage timestamp="2014-04-16T14:51:00.3065371+08:00" dataCollectorUri="datacollector://microsoft/VideoRecorder/1.0" dataCollectorFriendlyName="屏幕和语音录制器" agentName="RGM89S" level="Warning">
        <Text>计算机“RGM89S”有多个显示器。默认情况下，将仅录制主显示器中的屏幕。在此显示器中运行您的应用程序。若要了解主显示器，可使用“控制面板”中的“屏幕分辨率”小程序。</Text>
      </DataCollectorMessage>
    </DataCollectorMessages>
  </ResultSummary>
  <TestDefinitions>
    <WebTest name="WebTest1" storage="e:\programme\homework\openecnu\openecnu.webtest\webtest1.webtest" id="892f592a-862f-4e12-9211-591ccd39a363" persistedWebTest="77u/PD94bWwgdmVyc2lvbj0iMS4wIiBlbmNvZGluZz0iVVRGLTgiIHN0YW5kYWxvbmU9InllcyI/Pg0KPFdlYlRlc3QgTmFtZT0iV2ViVGVzdDEiIElkPSI4OTJmNTkyYS04NjJmLTRlMTItOTIxMS01OTFjY2QzOWEzNjMiIE93bmVyPSIiIFByaW9yaXR5PSIyMTQ3NDgzNjQ3IiBFbmFibGVkPSJUcnVlIiBDc3NQcm9qZWN0U3RydWN0dXJlPSIiIENzc0l0ZXJhdGlvbj0iIiBUaW1lb3V0PSIwIiBXb3JrSXRlbUlkcz0iIiB4bWxucz0iaHR0cDovL21pY3Jvc29mdC5jb20vc2NoZW1hcy9WaXN1YWxTdHVkaW8vVGVhbVRlc3QvMjAxMCIgRGVzY3JpcHRpb249IiIgQ3JlZGVudGlhbFVzZXJOYW1lPSIiIENyZWRlbnRpYWxQYXNzd29yZD0iIiBQcmVBdXRoZW50aWNhdGU9IlRydWUiIFByb3h5PSJkZWZhdWx0IiBTdG9wT25FcnJvcj0iRmFsc2UiIFJlY29yZGVkUmVzdWx0RmlsZT0iV2ViVGVzdDEuNTEyZWViYWUtM2NkYi00MGRiLTgxMWItNmMzODExNzFkYTEzLnJlYy53ZWJ0ZXN0cmVzdWx0IiBSZXN1bHRzTG9jYWxlPSIiPg0KICA8SXRlbXM+DQogICAgPFJlcXVlc3QgTWV0aG9kPSJHRVQiIEd1aWQ9IjVlNTYzYTBkLTI2OWEtNDU1Ny1hYmI2LTU4NmE4MDA3NjY3ZCIgVmVyc2lvbj0iMS4xIiBVcmw9Imh0dHA6Ly9sb2NhbGhvc3Q6MzQ4MS8iIFRoaW5rVGltZT0iMzAiIFRpbWVvdXQ9IjMwMCIgUGFyc2VEZXBlbmRlbnRSZXF1ZXN0cz0iVHJ1ZSIgRm9sbG93UmVkaXJlY3RzPSJUcnVlIiBSZWNvcmRSZXN1bHQ9IlRydWUiIENhY2hlPSJGYWxzZSIgUmVzcG9uc2VUaW1lR29hbD0iMCIgRW5jb2Rpbmc9InV0Zi04IiBFeHBlY3RlZEh0dHBTdGF0dXNDb2RlPSIwIiBFeHBlY3RlZFJlc3BvbnNlVXJsPSIiIFJlcG9ydGluZ05hbWU9IiIgSWdub3JlSHR0cFN0YXR1c0NvZGU9IkZhbHNlIiAvPg0KICAgIDxSZXF1ZXN0IE1ldGhvZD0iR0VUIiBHdWlkPSI2N2QyZGQyZS0xMDg3LTRjY2MtOWRjZC0wZTg2Nzg0NWNmODkiIFZlcnNpb249IjEuMSIgVXJsPSJodHRwOi8vbG9jYWxob3N0OjQ2MjMvIiBUaGlua1RpbWU9IjQiIFRpbWVvdXQ9IjMwMCIgUGFyc2VEZXBlbmRlbnRSZXF1ZXN0cz0iVHJ1ZSIgRm9sbG93UmVkaXJlY3RzPSJUcnVlIiBSZWNvcmRSZXN1bHQ9IlRydWUiIENhY2hlPSJGYWxzZSIgUmVzcG9uc2VUaW1lR29hbD0iMCIgRW5jb2Rpbmc9InV0Zi04IiBFeHBlY3RlZEh0dHBTdGF0dXNDb2RlPSIwIiBFeHBlY3RlZFJlc3BvbnNlVXJsPSIiIFJlcG9ydGluZ05hbWU9IiIgSWdub3JlSHR0cFN0YXR1c0NvZGU9IkZhbHNlIj4NCiAgICAgIDxEZXBlbmRlbnRSZXF1ZXN0cz4NCiAgICAgICAgPFJlcXVlc3QgTWV0aG9kPSJHRVQiIEd1aWQ9IjZiMDQ2ZDg1LTE2ZTQtNGJiYS04ZWJjLTMxNDNhZDdkZDVlNSIgVmVyc2lvbj0iMS4xIiBVcmw9Imh0dHA6Ly9sb2NhbGhvc3Q6NDYyMy9mYXZpY29uLmljbyIgVGhpbmtUaW1lPSIwIiBUaW1lb3V0PSIzMDAiIFBhcnNlRGVwZW5kZW50UmVxdWVzdHM9IlRydWUiIEZvbGxvd1JlZGlyZWN0cz0iVHJ1ZSIgUmVjb3JkUmVzdWx0PSJUcnVlIiBDYWNoZT0iRmFsc2UiIFJlc3BvbnNlVGltZUdvYWw9IjAiIEVuY29kaW5nPSJ1dGYtOCIgRXhwZWN0ZWRIdHRwU3RhdHVzQ29kZT0iMCIgRXhwZWN0ZWRSZXNwb25zZVVybD0iIiBSZXBvcnRpbmdOYW1lPSIiIElnbm9yZUh0dHBTdGF0dXNDb2RlPSJGYWxzZSIgLz4NCiAgICAgIDwvRGVwZW5kZW50UmVxdWVzdHM+DQogICAgPC9SZXF1ZXN0Pg0KICAgIDxSZXF1ZXN0IE1ldGhvZD0iR0VUIiBHdWlkPSIzZjVmMDFiZi1kYmViLTQzNmQtOTc2Yy0wMmJlZDkyMTEzMTUiIFZlcnNpb249IjEuMSIgVXJsPSJodHRwOi8vbG9jYWxob3N0OjQ2MjMvQWNjb3VudC9Mb2dpbiIgVGhpbmtUaW1lPSIwIiBUaW1lb3V0PSIzMDAiIFBhcnNlRGVwZW5kZW50UmVxdWVzdHM9IlRydWUiIEZvbGxvd1JlZGlyZWN0cz0iVHJ1ZSIgUmVjb3JkUmVzdWx0PSJUcnVlIiBDYWNoZT0iRmFsc2UiIFJlc3BvbnNlVGltZUdvYWw9IjAiIEVuY29kaW5nPSJ1dGYtOCIgRXhwZWN0ZWRIdHRwU3RhdHVzQ29kZT0iMCIgRXhwZWN0ZWRSZXNwb25zZVVybD0iIiBSZXBvcnRpbmdOYW1lPSIiIElnbm9yZUh0dHBTdGF0dXNDb2RlPSJGYWxzZSI+DQogICAgICA8SGVhZGVycz4NCiAgICAgICAgPEhlYWRlciBOYW1lPSJSZWZlcmVyIiBWYWx1ZT0iaHR0cDovL2xvY2FsaG9zdDo0NjIzLyIgLz4NCiAgICAgIDwvSGVhZGVycz4NCiAgICAgIDxFeHRyYWN0aW9uUnVsZXM+DQogICAgICAgIDxFeHRyYWN0aW9uUnVsZSBDbGFzc25hbWU9Ik1pY3Jvc29mdC5WaXN1YWxTdHVkaW8uVGVzdFRvb2xzLldlYlRlc3RpbmcuUnVsZXMuRXh0cmFjdEhpZGRlbkZpZWxkcywgTWljcm9zb2Z0LlZpc3VhbFN0dWRpby5RdWFsaXR5VG9vbHMuV2ViVGVzdEZyYW1ld29yaywgVmVyc2lvbj0xMC4wLjAuMCwgQ3VsdHVyZT1uZXV0cmFsLCBQdWJsaWNLZXlUb2tlbj1iMDNmNWY3ZjExZDUwYTNhIiBWYXJpYWJsZU5hbWU9IjEiIERpc3BsYXlOYW1lPSLmj5Dlj5bpmpDol4/nmoTlrZfmrrUiIERlc2NyaXB0aW9uPSLku47lk43lupTkuK3mj5Dlj5bmiYDmnInpmpDol4/nmoTlrZfmrrXvvIzlubblsIbov5nkupvlrZfmrrXmlL7lhaXmtYvor5XkuIrkuIvmlofkuK3jgIIiPg0KICAgICAgICAgIDxSdWxlUGFyYW1ldGVycz4NCiAgICAgICAgICAgIDxSdWxlUGFyYW1ldGVyIE5hbWU9IlJlcXVpcmVkIiBWYWx1ZT0iVHJ1ZSIgLz4NCiAgICAgICAgICAgIDxSdWxlUGFyYW1ldGVyIE5hbWU9Ikh0bWxEZWNvZGUiIFZhbHVlPSJUcnVlIiAvPg0KICAgICAgICAgIDwvUnVsZVBhcmFtZXRlcnM+DQogICAgICAgIDwvRXh0cmFjdGlvblJ1bGU+DQogICAgICA8L0V4dHJhY3Rpb25SdWxlcz4NCiAgICAgIDxDb3JyZWxhdGlvbkV4dHJhY3Rpb25SdWxlcz4NCiAgICAgICAgPEV4dHJhY3Rpb25SdWxlIENsYXNzbmFtZT0iTWljcm9zb2Z0LlZpc3VhbFN0dWRpby5UZXN0VG9vbHMuV2ViVGVzdGluZy5SdWxlcy5FeHRyYWN0Rm9ybUZpZWxkLCBNaWNyb3NvZnQuVmlzdWFsU3R1ZGlvLlF1YWxpdHlUb29scy5XZWJUZXN0RnJhbWV3b3JrLCBWZXJzaW9uPTEwLjAuMC4wLCBDdWx0dXJlPW5ldXRyYWwsIFB1YmxpY0tleVRva2VuPWIwM2Y1ZjdmMTFkNTBhM2EiIFZhcmlhYmxlTmFtZT0iRm9ybVBvc3RQYXJhbTQuQXV0b0xvZ2luIiBEaXNwbGF5TmFtZT0iIiBEZXNjcmlwdGlvbj0iIj4NCiAgICAgICAgICA8UnVsZVBhcmFtZXRlcnM+DQogICAgICAgICAgICA8UnVsZVBhcmFtZXRlciBOYW1lPSJOYW1lIiBWYWx1ZT0iQXV0b0xvZ2luIiAvPg0KICAgICAgICAgICAgPFJ1bGVQYXJhbWV0ZXIgTmFtZT0iSHRtbERlY29kZSIgVmFsdWU9IlRydWUiIC8+DQogICAgICAgICAgICA8UnVsZVBhcmFtZXRlciBOYW1lPSJSZXF1aXJlZCIgVmFsdWU9IkZhbHNlIiAvPg0KICAgICAgICAgICAgPFJ1bGVQYXJhbWV0ZXIgTmFtZT0iSW5kZXgiIFZhbHVlPSIwIiAvPg0KICAgICAgICAgIDwvUnVsZVBhcmFtZXRlcnM+DQogICAgICAgIDwvRXh0cmFjdGlvblJ1bGU+DQogICAgICA8L0NvcnJlbGF0aW9uRXh0cmFjdGlvblJ1bGVzPg0KICAgIDwvUmVxdWVzdD4NCiAgICA8UmVxdWVzdCBNZXRob2Q9IlBPU1QiIEd1aWQ9ImNjZTQxYTIxLWIzY2YtNGJmYy04YTQ5LTJhNjUxMWQ5ZWRhMiIgVmVyc2lvbj0iMS4xIiBVcmw9Imh0dHA6Ly9sb2NhbGhvc3Q6MTc1NDkvYTQ2ODAwMDgzZTI5NDM5YTg1ZDIxNmRiYzkyMDNiOTQvYXJ0ZXJ5U2lnbmFsUi9uZWdvdGlhdGUiIFRoaW5rVGltZT0iMCIgVGltZW91dD0iMzAwIiBQYXJzZURlcGVuZGVudFJlcXVlc3RzPSJUcnVlIiBGb2xsb3dSZWRpcmVjdHM9IlRydWUiIFJlY29yZFJlc3VsdD0iVHJ1ZSIgQ2FjaGU9IkZhbHNlIiBSZXNwb25zZVRpbWVHb2FsPSIwIiBFbmNvZGluZz0idXRmLTgiIEV4cGVjdGVkSHR0cFN0YXR1c0NvZGU9IjAiIEV4cGVjdGVkUmVzcG9uc2VVcmw9IiIgUmVwb3J0aW5nTmFtZT0iIiBJZ25vcmVIdHRwU3RhdHVzQ29kZT0iRmFsc2UiPg0KICAgICAgPEhlYWRlcnM+DQogICAgICAgIDxIZWFkZXIgTmFtZT0iQ29udGVudC1UeXBlIiBWYWx1ZT0iYXBwbGljYXRpb24veC13d3ctZm9ybS11cmxlbmNvZGVkOyBjaGFyc2V0PVVURi04IiAvPg0KICAgICAgICA8SGVhZGVyIE5hbWU9IkFjY2VwdCIgVmFsdWU9InRleHQvcGxhaW4sICovKjsgcT0wLjAxIiAvPg0KICAgICAgICA8SGVhZGVyIE5hbWU9IlJlZmVyZXIiIFZhbHVlPSJodHRwOi8vbG9jYWxob3N0OjQ2MjMvIiAvPg0KICAgICAgPC9IZWFkZXJzPg0KICAgICAgPFF1ZXJ5U3RyaW5nUGFyYW1ldGVycz4NCiAgICAgICAgPFF1ZXJ5U3RyaW5nUGFyYW1ldGVyIE5hbWU9InJlcXVlc3RVcmwiIFZhbHVlPSJodHRwJTNBJTJGJTJGbG9jYWxob3N0JTNBNDYyMyUyRiIgUmVjb3JkZWRWYWx1ZT0iaHR0cCUzQSUyRiUyRmxvY2FsaG9zdCUzQTQ2MjMlMkYiIENvcnJlbGF0aW9uQmluZGluZz0iIiBVcmxFbmNvZGU9IkZhbHNlIiBVc2VUb0dyb3VwUmVzdWx0cz0iRmFsc2UiIC8+DQogICAgICAgIDxRdWVyeVN0cmluZ1BhcmFtZXRlciBOYW1lPSJicm93c2VyTmFtZSIgVmFsdWU9IkludGVybmV0K0V4cGxvcmVyIiBSZWNvcmRlZFZhbHVlPSJJbnRlcm5ldCtFeHBsb3JlciIgQ29ycmVsYXRpb25CaW5kaW5nPSIiIFVybEVuY29kZT0iRmFsc2UiIFVzZVRvR3JvdXBSZXN1bHRzPSJGYWxzZSIgLz4NCiAgICAgICAgPFF1ZXJ5U3RyaW5nUGFyYW1ldGVyIE5hbWU9ImNsaWVudFByb3RvY29sIiBWYWx1ZT0iMS4zIiBSZWNvcmRlZFZhbHVlPSIxLjMiIENvcnJlbGF0aW9uQmluZGluZz0iIiBVcmxFbmNvZGU9IkZhbHNlIiBVc2VUb0dyb3VwUmVzdWx0cz0iRmFsc2UiIC8+DQogICAgICAgIDxRdWVyeVN0cmluZ1BhcmFtZXRlciBOYW1lPSJfIiBWYWx1ZT0iMTM5NzYzMDkxODE5NiIgUmVjb3JkZWRWYWx1ZT0iMTM5NzYzMDkxODE5NiIgQ29ycmVsYXRpb25CaW5kaW5nPSIiIFVybEVuY29kZT0iRmFsc2UiIFVzZVRvR3JvdXBSZXN1bHRzPSJGYWxzZSIgLz4NCiAgICAgIDwvUXVlcnlTdHJpbmdQYXJhbWV0ZXJzPg0KICAgICAgPEZvcm1Qb3N0SHR0cEJvZHkgLz4NCiAgICA8L1JlcXVlc3Q+DQogICAgPFJlcXVlc3QgTWV0aG9kPSJQT1NUIiBHdWlkPSI2OTdmNDgwNC1mNzZmLTQ2MTAtYjgyYS04ZjMyZTk1Y2RmOTYiIFZlcnNpb249IjEuMSIgVXJsPSJodHRwOi8vbG9jYWxob3N0OjE3NTQ5L2E0NjgwMDA4M2UyOTQzOWE4NWQyMTZkYmM5MjAzYjk0L2FydGVyeVNpZ25hbFIvY29ubmVjdCIgVGhpbmtUaW1lPSIwIiBUaW1lb3V0PSIzMDAiIFBhcnNlRGVwZW5kZW50UmVxdWVzdHM9IlRydWUiIEZvbGxvd1JlZGlyZWN0cz0iVHJ1ZSIgUmVjb3JkUmVzdWx0PSJUcnVlIiBDYWNoZT0iRmFsc2UiIFJlc3BvbnNlVGltZUdvYWw9IjAiIEVuY29kaW5nPSJ1dGYtOCIgRXhwZWN0ZWRIdHRwU3RhdHVzQ29kZT0iMCIgRXhwZWN0ZWRSZXNwb25zZVVybD0iIiBSZXBvcnRpbmdOYW1lPSIiIElnbm9yZUh0dHBTdGF0dXNDb2RlPSJGYWxzZSI+DQogICAgICA8SGVhZGVycz4NCiAgICAgICAgPEhlYWRlciBOYW1lPSJDb250ZW50LVR5cGUiIFZhbHVlPSJhcHBsaWNhdGlvbi94LXd3dy1mb3JtLXVybGVuY29kZWQ7IGNoYXJzZXQ9VVRGLTgiIC8+DQogICAgICAgIDxIZWFkZXIgTmFtZT0iQWNjZXB0IiBWYWx1ZT0idGV4dC9wbGFpbiwgKi8qOyBxPTAuMDEiIC8+DQogICAgICAgIDxIZWFkZXIgTmFtZT0iUmVmZXJlciIgVmFsdWU9Imh0dHA6Ly9sb2NhbGhvc3Q6NDYyMy8iIC8+DQogICAgICA8L0hlYWRlcnM+DQogICAgICA8UXVlcnlTdHJpbmdQYXJhbWV0ZXJzPg0KICAgICAgICA8UXVlcnlTdHJpbmdQYXJhbWV0ZXIgTmFtZT0idHJhbnNwb3J0IiBWYWx1ZT0ibG9uZ1BvbGxpbmciIFJlY29yZGVkVmFsdWU9ImxvbmdQb2xsaW5nIiBDb3JyZWxhdGlvbkJpbmRpbmc9IiIgVXJsRW5jb2RlPSJGYWxzZSIgVXNlVG9Hcm91cFJlc3VsdHM9IkZhbHNlIiAvPg0KICAgICAgICA8UXVlcnlTdHJpbmdQYXJhbWV0ZXIgTmFtZT0iY29ubmVjdGlvblRva2VuIiBWYWx1ZT0iQVFBQUFOQ01uZDhCRmRFUmpIb0F3RSUyRkNsJTJCc0JBQUFBejhzRTFQVm9hVW10bDdkVEZ1WVg3QUFBQUFBQ0FBQUFBQUFRWmdBQUFBRUFBQ0FBQUFCaWxpVmo1OGdmZXdFazkxM0NxemxyU0JGNGVuRGVjaEhZdGV3Y2E3eXVsZ0FBQUFBT2dBQUFBQUlBQUNBQUFBQ28lMkJwTXdOMDE5UE8lMkZvc21LRldzS3lxJTJCYTclMkJSTG9CemxWMU40NWFNRzNtekFBQUFBN3c3akMxRnJ1NklmQXJUZVBHJTJCdXEzQ004SWNIZU5BM0RsSndmS3d1bGNabm1jT25yM0JIRlkwczlHd2wwNnJkQUFBQUFReDc4TWNoWlNPRHolMkIlMkZKUk94cHExWSUyRmkxVTRNN1RwRWJ4YmpiS2VidlRLdThnSkFLdjFkb2loYWhSN3pFTXUxOTVYd3lmQmw3VkFHV2dybFQ4OUpEZyUzRCUzRCIgUmVjb3JkZWRWYWx1ZT0iQVFBQUFOQ01uZDhCRmRFUmpIb0F3RSUyRkNsJTJCc0JBQUFBejhzRTFQVm9hVW10bDdkVEZ1WVg3QUFBQUFBQ0FBQUFBQUFRWmdBQUFBRUFBQ0FBQUFCaWxpVmo1OGdmZXdFazkxM0NxemxyU0JGNGVuRGVjaEhZdGV3Y2E3eXVsZ0FBQUFBT2dBQUFBQUlBQUNBQUFBQ28lMkJwTXdOMDE5UE8lMkZvc21LRldzS3lxJTJCYTclMkJSTG9CemxWMU40NWFNRzNtekFBQUFBN3c3akMxRnJ1NklmQXJUZVBHJTJCdXEzQ004SWNIZU5BM0RsSndmS3d1bGNabm1jT25yM0JIRlkwczlHd2wwNnJkQUFBQUFReDc4TWNoWlNPRHolMkIlMkZKUk94cHExWSUyRmkxVTRNN1RwRWJ4YmpiS2VidlRLdThnSkFLdjFkb2loYWhSN3pFTXUxOTVYd3lmQmw3VkFHV2dybFQ4OUpEZyUzRCUzRCIgQ29ycmVsYXRpb25CaW5kaW5nPSIiIFVybEVuY29kZT0iRmFsc2UiIFVzZVRvR3JvdXBSZXN1bHRzPSJGYWxzZSIgLz4NCiAgICAgICAgPFF1ZXJ5U3RyaW5nUGFyYW1ldGVyIE5hbWU9InJlcXVlc3RVcmwiIFZhbHVlPSJodHRwJTNBJTJGJTJGbG9jYWxob3N0JTNBNDYyMyUyRiIgUmVjb3JkZWRWYWx1ZT0iaHR0cCUzQSUyRiUyRmxvY2FsaG9zdCUzQTQ2MjMlMkYiIENvcnJlbGF0aW9uQmluZGluZz0iIiBVcmxFbmNvZGU9IkZhbHNlIiBVc2VUb0dyb3VwUmVzdWx0cz0iRmFsc2UiIC8+DQogICAgICAgIDxRdWVyeVN0cmluZ1BhcmFtZXRlciBOYW1lPSJicm93c2VyTmFtZSIgVmFsdWU9IkludGVybmV0K0V4cGxvcmVyIiBSZWNvcmRlZFZhbHVlPSJJbnRlcm5ldCtFeHBsb3JlciIgQ29ycmVsYXRpb25CaW5kaW5nPSIiIFVybEVuY29kZT0iRmFsc2UiIFVzZVRvR3JvdXBSZXN1bHRzPSJGYWxzZSIgLz4NCiAgICAgICAgPFF1ZXJ5U3RyaW5nUGFyYW1ldGVyIE5hbWU9InRpZCIgVmFsdWU9IjkiIFJlY29yZGVkVmFsdWU9IjkiIENvcnJlbGF0aW9uQmluZGluZz0iIiBVcmxFbmNvZGU9IkZhbHNlIiBVc2VUb0dyb3VwUmVzdWx0cz0iRmFsc2UiIC8+DQogICAgICAgIDxRdWVyeVN0cmluZ1BhcmFtZXRlciBOYW1lPSJfIiBWYWx1ZT0iMTM5NzYzMDkxODc0NCIgUmVjb3JkZWRWYWx1ZT0iMTM5NzYzMDkxODc0NCIgQ29ycmVsYXRpb25CaW5kaW5nPSIiIFVybEVuY29kZT0iRmFsc2UiIFVzZVRvR3JvdXBSZXN1bHRzPSJGYWxzZSIgLz4NCiAgICAgIDwvUXVlcnlTdHJpbmdQYXJhbWV0ZXJzPg0KICAgICAgPEZvcm1Qb3N0SHR0cEJvZHkgLz4NCiAgICA8L1JlcXVlc3Q+DQogICAgPFJlcXVlc3QgTWV0aG9kPSJQT1NUIiBHdWlkPSJhMWFiYzMyMi1mZDJmLTQ3MzUtOTMzMS05MjJhM2RkMTcxZmIiIFZlcnNpb249IjEuMSIgVXJsPSJodHRwOi8vbG9jYWxob3N0OjE3NTQ5L2E0NjgwMDA4M2UyOTQzOWE4NWQyMTZkYmM5MjAzYjk0L2FydGVyeVNpZ25hbFIvc2VuZCIgVGhpbmtUaW1lPSIwIiBUaW1lb3V0PSIzMDAiIFBhcnNlRGVwZW5kZW50UmVxdWVzdHM9IlRydWUiIEZvbGxvd1JlZGlyZWN0cz0iVHJ1ZSIgUmVjb3JkUmVzdWx0PSJUcnVlIiBDYWNoZT0iRmFsc2UiIFJlc3BvbnNlVGltZUdvYWw9IjAiIEVuY29kaW5nPSJ1dGYtOCIgRXhwZWN0ZWRIdHRwU3RhdHVzQ29kZT0iMCIgRXhwZWN0ZWRSZXNwb25zZVVybD0iIiBSZXBvcnRpbmdOYW1lPSIiIElnbm9yZUh0dHBTdGF0dXNDb2RlPSJGYWxzZSI+DQogICAgICA8SGVhZGVycz4NCiAgICAgICAgPEhlYWRlciBOYW1lPSJBY2NlcHQiIFZhbHVlPSJ0ZXh0L3BsYWluLCAqLyo7IHE9MC4wMSIgLz4NCiAgICAgICAgPEhlYWRlciBOYW1lPSJSZWZlcmVyIiBWYWx1ZT0iaHR0cDovL2xvY2FsaG9zdDo0NjIzLyIgLz4NCiAgICAgIDwvSGVhZGVycz4NCiAgICAgIDxRdWVyeVN0cmluZ1BhcmFtZXRlcnM+DQogICAgICAgIDxRdWVyeVN0cmluZ1BhcmFtZXRlciBOYW1lPSJ0cmFuc3BvcnQiIFZhbHVlPSJsb25nUG9sbGluZyIgUmVjb3JkZWRWYWx1ZT0ibG9uZ1BvbGxpbmciIENvcnJlbGF0aW9uQmluZGluZz0iIiBVcmxFbmNvZGU9IkZhbHNlIiBVc2VUb0dyb3VwUmVzdWx0cz0iRmFsc2UiIC8+DQogICAgICAgIDxRdWVyeVN0cmluZ1BhcmFtZXRlciBOYW1lPSJjb25uZWN0aW9uVG9rZW4iIFZhbHVlPSJBUUFBQU5DTW5kOEJGZEVSakhvQXdFJTJGQ2wlMkJzQkFBQUF6OHNFMVBWb2FVbXRsN2RURnVZWDdBQUFBQUFDQUFBQUFBQVFaZ0FBQUFFQUFDQUFBQUJpbGlWajU4Z2Zld0VrOTEzQ3F6bHJTQkY0ZW5EZWNoSFl0ZXdjYTd5dWxnQUFBQUFPZ0FBQUFBSUFBQ0FBQUFDbyUyQnBNd04wMTlQTyUyRm9zbUtGV3NLeXElMkJhNyUyQlJMb0J6bFYxTjQ1YU1HM216QUFBQUE3dzdqQzFGcnU2SWZBclRlUEclMkJ1cTNDTThJY0hlTkEzRGxKd2ZLd3VsY1pubWNPbnIzQkhGWTBzOUd3bDA2cmRBQUFBQVF4NzhNY2haU09EeiUyQiUyRkpST3hwcTFZJTJGaTFVNE03VHBFYnhiamJLZWJ2VEt1OGdKQUt2MWRvaWhhaFI3ekVNdTE5NVh3eWZCbDdWQUdXZ3JsVDg5SkRnJTNEJTNEIiBSZWNvcmRlZFZhbHVlPSJBUUFBQU5DTW5kOEJGZEVSakhvQXdFJTJGQ2wlMkJzQkFBQUF6OHNFMVBWb2FVbXRsN2RURnVZWDdBQUFBQUFDQUFBQUFBQVFaZ0FBQUFFQUFDQUFBQUJpbGlWajU4Z2Zld0VrOTEzQ3F6bHJTQkY0ZW5EZWNoSFl0ZXdjYTd5dWxnQUFBQUFPZ0FBQUFBSUFBQ0FBQUFDbyUyQnBNd04wMTlQTyUyRm9zbUtGV3NLeXElMkJhNyUyQlJMb0J6bFYxTjQ1YU1HM216QUFBQUE3dzdqQzFGcnU2SWZBclRlUEclMkJ1cTNDTThJY0hlTkEzRGxKd2ZLd3VsY1pubWNPbnIzQkhGWTBzOUd3bDA2cmRBQUFBQVF4NzhNY2haU09EeiUyQiUyRkpST3hwcTFZJTJGaTFVNE03VHBFYnhiamJLZWJ2VEt1OGdKQUt2MWRvaWhhaFI3ekVNdTE5NVh3eWZCbDdWQUdXZ3JsVDg5SkRnJTNEJTNEIiBDb3JyZWxhdGlvbkJpbmRpbmc9IiIgVXJsRW5jb2RlPSJGYWxzZSIgVXNlVG9Hcm91cFJlc3VsdHM9IkZhbHNlIiAvPg0KICAgICAgICA8UXVlcnlTdHJpbmdQYXJhbWV0ZXIgTmFtZT0icmVxdWVzdFVybCIgVmFsdWU9Imh0dHAlM0ElMkYlMkZsb2NhbGhvc3QlM0E0NjIzJTJGIiBSZWNvcmRlZFZhbHVlPSJodHRwJTNBJTJGJTJGbG9jYWxob3N0JTNBNDYyMyUyRiIgQ29ycmVsYXRpb25CaW5kaW5nPSIiIFVybEVuY29kZT0iRmFsc2UiIFVzZVRvR3JvdXBSZXN1bHRzPSJGYWxzZSIgLz4NCiAgICAgICAgPFF1ZXJ5U3RyaW5nUGFyYW1ldGVyIE5hbWU9ImJyb3dzZXJOYW1lIiBWYWx1ZT0iSW50ZXJuZXQrRXhwbG9yZXIiIFJlY29yZGVkVmFsdWU9IkludGVybmV0K0V4cGxvcmVyIiBDb3JyZWxhdGlvbkJpbmRpbmc9IiIgVXJsRW5jb2RlPSJGYWxzZSIgVXNlVG9Hcm91cFJlc3VsdHM9IkZhbHNlIiAvPg0KICAgICAgPC9RdWVyeVN0cmluZ1BhcmFtZXRlcnM+DQogICAgICA8Rm9ybVBvc3RIdHRwQm9keT4NCiAgICAgICAgPEZvcm1Qb3N0UGFyYW1ldGVyIE5hbWU9ImRhdGEiIFZhbHVlPSJ7JnF1b3Q7bmFtZSZxdW90OzomcXVvdDtNaWNyb3NvZnQuVmlzdWFsU3R1ZGlvLldlYi5Ccm93c2VyTGluay5Db3JlRXh0ZW5zaW9uRmFjdG9yeS5jb25uZWN0ZWQmcXVvdDssJnF1b3Q7Y2FsbGJhY2tJZCZxdW90OzoxfSIgUmVjb3JkZWRWYWx1ZT0ieyZxdW90O25hbWUmcXVvdDs6JnF1b3Q7TWljcm9zb2Z0LlZpc3VhbFN0dWRpby5XZWIuQnJvd3NlckxpbmsuQ29yZUV4dGVuc2lvbkZhY3RvcnkuY29ubmVjdGVkJnF1b3Q7LCZxdW90O2NhbGxiYWNrSWQmcXVvdDs6MX0iIENvcnJlbGF0aW9uQmluZGluZz0iIiBVcmxFbmNvZGU9IlRydWUiIC8+DQogICAgICA8L0Zvcm1Qb3N0SHR0cEJvZHk+DQogICAgPC9SZXF1ZXN0Pg0KICAgIDxSZXF1ZXN0IE1ldGhvZD0iUE9TVCIgR3VpZD0iZWJhZTg1ZDYtYmI1My00MWMyLTk1YTctNmY2ZDg0YjczNmE2IiBWZXJzaW9uPSIxLjEiIFVybD0iaHR0cDovL2xvY2FsaG9zdDoxNzU0OS9hNDY4MDAwODNlMjk0MzlhODVkMjE2ZGJjOTIwM2I5NC9hcnRlcnlTaWduYWxSL3BvbGwiIFRoaW5rVGltZT0iMCIgVGltZW91dD0iMzAwIiBQYXJzZURlcGVuZGVudFJlcXVlc3RzPSJUcnVlIiBGb2xsb3dSZWRpcmVjdHM9IlRydWUiIFJlY29yZFJlc3VsdD0iVHJ1ZSIgQ2FjaGU9IkZhbHNlIiBSZXNwb25zZVRpbWVHb2FsPSIwIiBFbmNvZGluZz0idXRmLTgiIEV4cGVjdGVkSHR0cFN0YXR1c0NvZGU9IjAiIEV4cGVjdGVkUmVzcG9uc2VVcmw9IiIgUmVwb3J0aW5nTmFtZT0iIiBJZ25vcmVIdHRwU3RhdHVzQ29kZT0iRmFsc2UiPg0KICAgICAgPEhlYWRlcnM+DQogICAgICAgIDxIZWFkZXIgTmFtZT0iQ29udGVudC1UeXBlIiBWYWx1ZT0iYXBwbGljYXRpb24veC13d3ctZm9ybS11cmxlbmNvZGVkOyBjaGFyc2V0PVVURi04IiAvPg0KICAgICAgICA8SGVhZGVyIE5hbWU9IkFjY2VwdCIgVmFsdWU9InRleHQvcGxhaW4sICovKjsgcT0wLjAxIiAvPg0KICAgICAgICA8SGVhZGVyIE5hbWU9IlJlZmVyZXIiIFZhbHVlPSJodHRwOi8vbG9jYWxob3N0OjQ2MjMvIiAvPg0KICAgICAgPC9IZWFkZXJzPg0KICAgICAgPFF1ZXJ5U3RyaW5nUGFyYW1ldGVycz4NCiAgICAgICAgPFF1ZXJ5U3RyaW5nUGFyYW1ldGVyIE5hbWU9InRyYW5zcG9ydCIgVmFsdWU9ImxvbmdQb2xsaW5nIiBSZWNvcmRlZFZhbHVlPSJsb25nUG9sbGluZyIgQ29ycmVsYXRpb25CaW5kaW5nPSIiIFVybEVuY29kZT0iRmFsc2UiIFVzZVRvR3JvdXBSZXN1bHRzPSJGYWxzZSIgLz4NCiAgICAgICAgPFF1ZXJ5U3RyaW5nUGFyYW1ldGVyIE5hbWU9ImNvbm5lY3Rpb25Ub2tlbiIgVmFsdWU9IkFRQUFBTkNNbmQ4QkZkRVJqSG9Bd0UlMkZDbCUyQnNCQUFBQXo4c0UxUFZvYVVtdGw3ZFRGdVlYN0FBQUFBQUNBQUFBQUFBUVpnQUFBQUVBQUNBQUFBQmlsaVZqNThnZmV3RWs5MTNDcXpsclNCRjRlbkRlY2hIWXRld2NhN3l1bGdBQUFBQU9nQUFBQUFJQUFDQUFBQUNvJTJCcE13TjAxOVBPJTJGb3NtS0ZXc0t5cSUyQmE3JTJCUkxvQnpsVjFONDVhTUczbXpBQUFBQTd3N2pDMUZydTZJZkFyVGVQRyUyQnVxM0NNOEljSGVOQTNEbEp3Zkt3dWxjWm5tY09ucjNCSEZZMHM5R3dsMDZyZEFBQUFBUXg3OE1jaFpTT0R6JTJCJTJGSlJPeHBxMVklMkZpMVU0TTdUcEVieGJqYktlYnZUS3U4Z0pBS3YxZG9paGFoUjd6RU11MTk1WHd5ZkJsN1ZBR1dncmxUODlKRGclM0QlM0QiIFJlY29yZGVkVmFsdWU9IkFRQUFBTkNNbmQ4QkZkRVJqSG9Bd0UlMkZDbCUyQnNCQUFBQXo4c0UxUFZvYVVtdGw3ZFRGdVlYN0FBQUFBQUNBQUFBQUFBUVpnQUFBQUVBQUNBQUFBQmlsaVZqNThnZmV3RWs5MTNDcXpsclNCRjRlbkRlY2hIWXRld2NhN3l1bGdBQUFBQU9nQUFBQUFJQUFDQUFBQUNvJTJCcE13TjAxOVBPJTJGb3NtS0ZXc0t5cSUyQmE3JTJCUkxvQnpsVjFONDVhTUczbXpBQUFBQTd3N2pDMUZydTZJZkFyVGVQRyUyQnVxM0NNOEljSGVOQTNEbEp3Zkt3dWxjWm5tY09ucjNCSEZZMHM5R3dsMDZyZEFBQUFBUXg3OE1jaFpTT0R6JTJCJTJGSlJPeHBxMVklMkZpMVU0TTdUcEVieGJqYktlYnZUS3U4Z0pBS3YxZG9paGFoUjd6RU11MTk1WHd5ZkJsN1ZBR1dncmxUODlKRGclM0QlM0QiIENvcnJlbGF0aW9uQmluZGluZz0iIiBVcmxFbmNvZGU9IkZhbHNlIiBVc2VUb0dyb3VwUmVzdWx0cz0iRmFsc2UiIC8+DQogICAgICAgIDxRdWVyeVN0cmluZ1BhcmFtZXRlciBOYW1lPSJtZXNzYWdlSWQiIFZhbHVlPSJkLUFGQkJGQjFFLUIlMkMwJTdDQyUyQzElN0NEJTJDMCIgUmVjb3JkZWRWYWx1ZT0iZC1BRkJCRkIxRS1CJTJDMCU3Q0MlMkMxJTdDRCUyQzAiIENvcnJlbGF0aW9uQmluZGluZz0iIiBVcmxFbmNvZGU9IkZhbHNlIiBVc2VUb0dyb3VwUmVzdWx0cz0iRmFsc2UiIC8+DQogICAgICAgIDxRdWVyeVN0cmluZ1BhcmFtZXRlciBOYW1lPSJyZXF1ZXN0VXJsIiBWYWx1ZT0iaHR0cCUzQSUyRiUyRmxvY2FsaG9zdCUzQTQ2MjMlMkYiIFJlY29yZGVkVmFsdWU9Imh0dHAlM0ElMkYlMkZsb2NhbGhvc3QlM0E0NjIzJTJGIiBDb3JyZWxhdGlvbkJpbmRpbmc9IiIgVXJsRW5jb2RlPSJGYWxzZSIgVXNlVG9Hcm91cFJlc3VsdHM9IkZhbHNlIiAvPg0KICAgICAgICA8UXVlcnlTdHJpbmdQYXJhbWV0ZXIgTmFtZT0iYnJvd3Nlck5hbWUiIFZhbHVlPSJJbnRlcm5ldCtFeHBsb3JlciIgUmVjb3JkZWRWYWx1ZT0iSW50ZXJuZXQrRXhwbG9yZXIiIENvcnJlbGF0aW9uQmluZGluZz0iIiBVcmxFbmNvZGU9IkZhbHNlIiBVc2VUb0dyb3VwUmVzdWx0cz0iRmFsc2UiIC8+DQogICAgICAgIDxRdWVyeVN0cmluZ1BhcmFtZXRlciBOYW1lPSJ0aWQiIFZhbHVlPSI2IiBSZWNvcmRlZFZhbHVlPSI2IiBDb3JyZWxhdGlvbkJpbmRpbmc9IiIgVXJsRW5jb2RlPSJGYWxzZSIgVXNlVG9Hcm91cFJlc3VsdHM9IkZhbHNlIiAvPg0KICAgICAgICA8UXVlcnlTdHJpbmdQYXJhbWV0ZXIgTmFtZT0iXyIgVmFsdWU9IjEzOTc2MzA5MTg5MzciIFJlY29yZGVkVmFsdWU9IjEzOTc2MzA5MTg5MzciIENvcnJlbGF0aW9uQmluZGluZz0iIiBVcmxFbmNvZGU9IkZhbHNlIiBVc2VUb0dyb3VwUmVzdWx0cz0iRmFsc2UiIC8+DQogICAgICA8L1F1ZXJ5U3RyaW5nUGFyYW1ldGVycz4NCiAgICAgIDxGb3JtUG9zdEh0dHBCb2R5IC8+DQogICAgPC9SZXF1ZXN0Pg0KICAgIDxSZXF1ZXN0IE1ldGhvZD0iUE9TVCIgR3VpZD0iYWE0Y2QyMmMtN2ZjMC00MTZkLWE5OTMtYTBkZmZmNGM1MzUxIiBWZXJzaW9uPSIxLjEiIFVybD0iaHR0cDovL2xvY2FsaG9zdDoxNzU0OS9hNDY4MDAwODNlMjk0MzlhODVkMjE2ZGJjOTIwM2I5NC9hcnRlcnlTaWduYWxSL3NlbmQiIFRoaW5rVGltZT0iMCIgVGltZW91dD0iMzAwIiBQYXJzZURlcGVuZGVudFJlcXVlc3RzPSJUcnVlIiBGb2xsb3dSZWRpcmVjdHM9IlRydWUiIFJlY29yZFJlc3VsdD0iVHJ1ZSIgQ2FjaGU9IkZhbHNlIiBSZXNwb25zZVRpbWVHb2FsPSIwIiBFbmNvZGluZz0idXRmLTgiIEV4cGVjdGVkSHR0cFN0YXR1c0NvZGU9IjAiIEV4cGVjdGVkUmVzcG9uc2VVcmw9IiIgUmVwb3J0aW5nTmFtZT0iIiBJZ25vcmVIdHRwU3RhdHVzQ29kZT0iRmFsc2UiPg0KICAgICAgPEhlYWRlcnM+DQogICAgICAgIDxIZWFkZXIgTmFtZT0iQWNjZXB0IiBWYWx1ZT0idGV4dC9wbGFpbiwgKi8qOyBxPTAuMDEiIC8+DQogICAgICAgIDxIZWFkZXIgTmFtZT0iUmVmZXJlciIgVmFsdWU9Imh0dHA6Ly9sb2NhbGhvc3Q6NDYyMy8iIC8+DQogICAgICA8L0hlYWRlcnM+DQogICAgICA8UXVlcnlTdHJpbmdQYXJhbWV0ZXJzPg0KICAgICAgICA8UXVlcnlTdHJpbmdQYXJhbWV0ZXIgTmFtZT0idHJhbnNwb3J0IiBWYWx1ZT0ibG9uZ1BvbGxpbmciIFJlY29yZGVkVmFsdWU9ImxvbmdQb2xsaW5nIiBDb3JyZWxhdGlvbkJpbmRpbmc9IiIgVXJsRW5jb2RlPSJGYWxzZSIgVXNlVG9Hcm91cFJlc3VsdHM9IkZhbHNlIiAvPg0KICAgICAgICA8UXVlcnlTdHJpbmdQYXJhbWV0ZXIgTmFtZT0iY29ubmVjdGlvblRva2VuIiBWYWx1ZT0iQVFBQUFOQ01uZDhCRmRFUmpIb0F3RSUyRkNsJTJCc0JBQUFBejhzRTFQVm9hVW10bDdkVEZ1WVg3QUFBQUFBQ0FBQUFBQUFRWmdBQUFBRUFBQ0FBQUFCaWxpVmo1OGdmZXdFazkxM0NxemxyU0JGNGVuRGVjaEhZdGV3Y2E3eXVsZ0FBQUFBT2dBQUFBQUlBQUNBQUFBQ28lMkJwTXdOMDE5UE8lMkZvc21LRldzS3lxJTJCYTclMkJSTG9CemxWMU40NWFNRzNtekFBQUFBN3c3akMxRnJ1NklmQXJUZVBHJTJCdXEzQ004SWNIZU5BM0RsSndmS3d1bGNabm1jT25yM0JIRlkwczlHd2wwNnJkQUFBQUFReDc4TWNoWlNPRHolMkIlMkZKUk94cHExWSUyRmkxVTRNN1RwRWJ4YmpiS2VidlRLdThnSkFLdjFkb2loYWhSN3pFTXUxOTVYd3lmQmw3VkFHV2dybFQ4OUpEZyUzRCUzRCIgUmVjb3JkZWRWYWx1ZT0iQVFBQUFOQ01uZDhCRmRFUmpIb0F3RSUyRkNsJTJCc0JBQUFBejhzRTFQVm9hVW10bDdkVEZ1WVg3QUFBQUFBQ0FBQUFBQUFRWmdBQUFBRUFBQ0FBQUFCaWxpVmo1OGdmZXdFazkxM0NxemxyU0JGNGVuRGVjaEhZdGV3Y2E3eXVsZ0FBQUFBT2dBQUFBQUlBQUNBQUFBQ28lMkJwTXdOMDE5UE8lMkZvc21LRldzS3lxJTJCYTclMkJSTG9CemxWMU40NWFNRzNtekFBQUFBN3c3akMxRnJ1NklmQXJUZVBHJTJCdXEzQ004SWNIZU5BM0RsSndmS3d1bGNabm1jT25yM0JIRlkwczlHd2wwNnJkQUFBQUFReDc4TWNoWlNPRHolMkIlMkZKUk94cHExWSUyRmkxVTRNN1RwRWJ4YmpiS2VidlRLdThnSkFLdjFkb2loYWhSN3pFTXUxOTVYd3lmQmw3VkFHV2dybFQ4OUpEZyUzRCUzRCIgQ29ycmVsYXRpb25CaW5kaW5nPSIiIFVybEVuY29kZT0iRmFsc2UiIFVzZVRvR3JvdXBSZXN1bHRzPSJGYWxzZSIgLz4NCiAgICAgICAgPFF1ZXJ5U3RyaW5nUGFyYW1ldGVyIE5hbWU9InJlcXVlc3RVcmwiIFZhbHVlPSJodHRwJTNBJTJGJTJGbG9jYWxob3N0JTNBNDYyMyUyRiIgUmVjb3JkZWRWYWx1ZT0iaHR0cCUzQSUyRiUyRmxvY2FsaG9zdCUzQTQ2MjMlMkYiIENvcnJlbGF0aW9uQmluZGluZz0iIiBVcmxFbmNvZGU9IkZhbHNlIiBVc2VUb0dyb3VwUmVzdWx0cz0iRmFsc2UiIC8+DQogICAgICAgIDxRdWVyeVN0cmluZ1BhcmFtZXRlciBOYW1lPSJicm93c2VyTmFtZSIgVmFsdWU9IkludGVybmV0K0V4cGxvcmVyIiBSZWNvcmRlZFZhbHVlPSJJbnRlcm5ldCtFeHBsb3JlciIgQ29ycmVsYXRpb25CaW5kaW5nPSIiIFVybEVuY29kZT0iRmFsc2UiIFVzZVRvR3JvdXBSZXN1bHRzPSJGYWxzZSIgLz4NCiAgICAgIDwvUXVlcnlTdHJpbmdQYXJhbWV0ZXJzPg0KICAgICAgPEZvcm1Qb3N0SHR0cEJvZHk+DQogICAgICAgIDxGb3JtUG9zdFBhcmFtZXRlciBOYW1lPSJkYXRhIiBWYWx1ZT0ieyZxdW90O25hbWUmcXVvdDs6JnF1b3Q7bWljcm9zb2Z0LnZpc3VhbHN0dWRpby53ZWIuYnJvd3NlcmxpbmsuaHRtbG1hcHBpbmdleHRlbnNpb25mYWN0b3J5LnJlc29sdmVVcmwmcXVvdDssJnF1b3Q7YXJncyZxdW90OzpbJnF1b3Q7fi9fX2Jyb3dzZXJMaW5rL3JlcXVlc3REYXRhLzk5MjIwYWMwZWNhZjQzN2ZhZjU0Mzk2MjU5MzVjZGZhJnF1b3Q7XSwmcXVvdDtjYWxsYmFja0lkJnF1b3Q7OjJ9IiBSZWNvcmRlZFZhbHVlPSJ7JnF1b3Q7bmFtZSZxdW90OzomcXVvdDttaWNyb3NvZnQudmlzdWFsc3R1ZGlvLndlYi5icm93c2VybGluay5odG1sbWFwcGluZ2V4dGVuc2lvbmZhY3RvcnkucmVzb2x2ZVVybCZxdW90OywmcXVvdDthcmdzJnF1b3Q7OlsmcXVvdDt+L19fYnJvd3NlckxpbmsvcmVxdWVzdERhdGEvOTkyMjBhYzBlY2FmNDM3ZmFmNTQzOTYyNTkzNWNkZmEmcXVvdDtdLCZxdW90O2NhbGxiYWNrSWQmcXVvdDs6Mn0iIENvcnJlbGF0aW9uQmluZGluZz0iIiBVcmxFbmNvZGU9IlRydWUiIC8+DQogICAgICA8L0Zvcm1Qb3N0SHR0cEJvZHk+DQogICAgPC9SZXF1ZXN0Pg0KICAgIDxSZXF1ZXN0IE1ldGhvZD0iUE9TVCIgR3VpZD0iNDVjYzRkZjktMjJkNC00NGNjLTlmMDctMmU5MWViYWY1MmI0IiBWZXJzaW9uPSIxLjEiIFVybD0iaHR0cDovL2xvY2FsaG9zdDoxNzU0OS9hNDY4MDAwODNlMjk0MzlhODVkMjE2ZGJjOTIwM2I5NC9hcnRlcnlTaWduYWxSL3BvbGwiIFRoaW5rVGltZT0iMCIgVGltZW91dD0iMzAwIiBQYXJzZURlcGVuZGVudFJlcXVlc3RzPSJUcnVlIiBGb2xsb3dSZWRpcmVjdHM9IlRydWUiIFJlY29yZFJlc3VsdD0iVHJ1ZSIgQ2FjaGU9IkZhbHNlIiBSZXNwb25zZVRpbWVHb2FsPSIwIiBFbmNvZGluZz0idXRmLTgiIEV4cGVjdGVkSHR0cFN0YXR1c0NvZGU9IjAiIEV4cGVjdGVkUmVzcG9uc2VVcmw9IiIgUmVwb3J0aW5nTmFtZT0iIiBJZ25vcmVIdHRwU3RhdHVzQ29kZT0iRmFsc2UiPg0KICAgICAgPEhlYWRlcnM+DQogICAgICAgIDxIZWFkZXIgTmFtZT0iQ29udGVudC1UeXBlIiBWYWx1ZT0iYXBwbGljYXRpb24veC13d3ctZm9ybS11cmxlbmNvZGVkOyBjaGFyc2V0PVVURi04IiAvPg0KICAgICAgICA8SGVhZGVyIE5hbWU9IkFjY2VwdCIgVmFsdWU9InRleHQvcGxhaW4sICovKjsgcT0wLjAxIiAvPg0KICAgICAgICA8SGVhZGVyIE5hbWU9IlJlZmVyZXIiIFZhbHVlPSJodHRwOi8vbG9jYWxob3N0OjQ2MjMvIiAvPg0KICAgICAgPC9IZWFkZXJzPg0KICAgICAgPFF1ZXJ5U3RyaW5nUGFyYW1ldGVycz4NCiAgICAgICAgPFF1ZXJ5U3RyaW5nUGFyYW1ldGVyIE5hbWU9InRyYW5zcG9ydCIgVmFsdWU9ImxvbmdQb2xsaW5nIiBSZWNvcmRlZFZhbHVlPSJsb25nUG9sbGluZyIgQ29ycmVsYXRpb25CaW5kaW5nPSIiIFVybEVuY29kZT0iRmFsc2UiIFVzZVRvR3JvdXBSZXN1bHRzPSJGYWxzZSIgLz4NCiAgICAgICAgPFF1ZXJ5U3RyaW5nUGFyYW1ldGVyIE5hbWU9ImNvbm5lY3Rpb25Ub2tlbiIgVmFsdWU9IkFRQUFBTkNNbmQ4QkZkRVJqSG9Bd0UlMkZDbCUyQnNCQUFBQXo4c0UxUFZvYVVtdGw3ZFRGdVlYN0FBQUFBQUNBQUFBQUFBUVpnQUFBQUVBQUNBQUFBQmlsaVZqNThnZmV3RWs5MTNDcXpsclNCRjRlbkRlY2hIWXRld2NhN3l1bGdBQUFBQU9nQUFBQUFJQUFDQUFBQUNvJTJCcE13TjAxOVBPJTJGb3NtS0ZXc0t5cSUyQmE3JTJCUkxvQnpsVjFONDVhTUczbXpBQUFBQTd3N2pDMUZydTZJZkFyVGVQRyUyQnVxM0NNOEljSGVOQTNEbEp3Zkt3dWxjWm5tY09ucjNCSEZZMHM5R3dsMDZyZEFBQUFBUXg3OE1jaFpTT0R6JTJCJTJGSlJPeHBxMVklMkZpMVU0TTdUcEVieGJqYktlYnZUS3U4Z0pBS3YxZG9paGFoUjd6RU11MTk1WHd5ZkJsN1ZBR1dncmxUODlKRGclM0QlM0QiIFJlY29yZGVkVmFsdWU9IkFRQUFBTkNNbmQ4QkZkRVJqSG9Bd0UlMkZDbCUyQnNCQUFBQXo4c0UxUFZvYVVtdGw3ZFRGdVlYN0FBQUFBQUNBQUFBQUFBUVpnQUFBQUVBQUNBQUFBQmlsaVZqNThnZmV3RWs5MTNDcXpsclNCRjRlbkRlY2hIWXRld2NhN3l1bGdBQUFBQU9nQUFBQUFJQUFDQUFBQUNvJTJCcE13TjAxOVBPJTJGb3NtS0ZXc0t5cSUyQmE3JTJCUkxvQnpsVjFONDVhTUczbXpBQUFBQTd3N2pDMUZydTZJZkFyVGVQRyUyQnVxM0NNOEljSGVOQTNEbEp3Zkt3dWxjWm5tY09ucjNCSEZZMHM5R3dsMDZyZEFBQUFBUXg3OE1jaFpTT0R6JTJCJTJGSlJPeHBxMVklMkZpMVU0TTdUcEVieGJqYktlYnZUS3U4Z0pBS3YxZG9paGFoUjd6RU11MTk1WHd5ZkJsN1ZBR1dncmxUODlKRGclM0QlM0QiIENvcnJlbGF0aW9uQmluZGluZz0iIiBVcmxFbmNvZGU9IkZhbHNlIiBVc2VUb0dyb3VwUmVzdWx0cz0iRmFsc2UiIC8+DQogICAgICAgIDxRdWVyeVN0cmluZ1BhcmFtZXRlciBOYW1lPSJtZXNzYWdlSWQiIFZhbHVlPSJkLUFGQkJGQjFFLUIlMkMwJTdDQyUyQzIlN0NEJTJDMCIgUmVjb3JkZWRWYWx1ZT0iZC1BRkJCRkIxRS1CJTJDMCU3Q0MlMkMyJTdDRCUyQzAiIENvcnJlbGF0aW9uQmluZGluZz0iIiBVcmxFbmNvZGU9IkZhbHNlIiBVc2VUb0dyb3VwUmVzdWx0cz0iRmFsc2UiIC8+DQogICAgICAgIDxRdWVyeVN0cmluZ1BhcmFtZXRlciBOYW1lPSJyZXF1ZXN0VXJsIiBWYWx1ZT0iaHR0cCUzQSUyRiUyRmxvY2FsaG9zdCUzQTQ2MjMlMkYiIFJlY29yZGVkVmFsdWU9Imh0dHAlM0ElMkYlMkZsb2NhbGhvc3QlM0E0NjIzJTJGIiBDb3JyZWxhdGlvbkJpbmRpbmc9IiIgVXJsRW5jb2RlPSJGYWxzZSIgVXNlVG9Hcm91cFJlc3VsdHM9IkZhbHNlIiAvPg0KICAgICAgICA8UXVlcnlTdHJpbmdQYXJhbWV0ZXIgTmFtZT0iYnJvd3Nlck5hbWUiIFZhbHVlPSJJbnRlcm5ldCtFeHBsb3JlciIgUmVjb3JkZWRWYWx1ZT0iSW50ZXJuZXQrRXhwbG9yZXIiIENvcnJlbGF0aW9uQmluZGluZz0iIiBVcmxFbmNvZGU9IkZhbHNlIiBVc2VUb0dyb3VwUmVzdWx0cz0iRmFsc2UiIC8+DQogICAgICAgIDxRdWVyeVN0cmluZ1BhcmFtZXRlciBOYW1lPSJ0aWQiIFZhbHVlPSI2IiBSZWNvcmRlZFZhbHVlPSI2IiBDb3JyZWxhdGlvbkJpbmRpbmc9IiIgVXJsRW5jb2RlPSJGYWxzZSIgVXNlVG9Hcm91cFJlc3VsdHM9IkZhbHNlIiAvPg0KICAgICAgICA8UXVlcnlTdHJpbmdQYXJhbWV0ZXIgTmFtZT0iXyIgVmFsdWU9IjEzOTc2MzA5MjIwNDIiIFJlY29yZGVkVmFsdWU9IjEzOTc2MzA5MjIwNDIiIENvcnJlbGF0aW9uQmluZGluZz0iIiBVcmxFbmNvZGU9IkZhbHNlIiBVc2VUb0dyb3VwUmVzdWx0cz0iRmFsc2UiIC8+DQogICAgICA8L1F1ZXJ5U3RyaW5nUGFyYW1ldGVycz4NCiAgICAgIDxGb3JtUG9zdEh0dHBCb2R5IC8+DQogICAgPC9SZXF1ZXN0Pg0KICAgIDxSZXF1ZXN0IE1ldGhvZD0iR0VUIiBHdWlkPSI0M2E0OTdmZi05N2I0LTQxN2EtOWIzZC1hODgzZDAxOTg3N2MiIFZlcnNpb249IjEuMSIgVXJsPSJodHRwOi8vbG9jYWxob3N0OjQ2MjMvX19icm93c2VyTGluay9yZXF1ZXN0RGF0YS85OTIyMGFjMGVjYWY0MzdmYWY1NDM5NjI1OTM1Y2RmYSIgVGhpbmtUaW1lPSIwIiBUaW1lb3V0PSIzMDAiIFBhcnNlRGVwZW5kZW50UmVxdWVzdHM9IlRydWUiIEZvbGxvd1JlZGlyZWN0cz0iVHJ1ZSIgUmVjb3JkUmVzdWx0PSJUcnVlIiBDYWNoZT0iRmFsc2UiIFJlc3BvbnNlVGltZUdvYWw9IjAiIEVuY29kaW5nPSJ1dGYtOCIgRXhwZWN0ZWRIdHRwU3RhdHVzQ29kZT0iMCIgRXhwZWN0ZWRSZXNwb25zZVVybD0iIiBSZXBvcnRpbmdOYW1lPSIiIElnbm9yZUh0dHBTdGF0dXNDb2RlPSJGYWxzZSI+DQogICAgICA8SGVhZGVycz4NCiAgICAgICAgPEhlYWRlciBOYW1lPSJBY2NlcHQiIFZhbHVlPSJhcHBsaWNhdGlvbi9qc29uLCB0ZXh0L2phdmFzY3JpcHQsICovKjsgcT0wLjAxIiAvPg0KICAgICAgICA8SGVhZGVyIE5hbWU9IlgtUmVxdWVzdGVkLVdpdGgiIFZhbHVlPSJYTUxIdHRwUmVxdWVzdCIgLz4NCiAgICAgICAgPEhlYWRlciBOYW1lPSJSZWZlcmVyIiBWYWx1ZT0iaHR0cDovL2xvY2FsaG9zdDo0NjIzLyIgLz4NCiAgICAgIDwvSGVhZGVycz4NCiAgICA8L1JlcXVlc3Q+DQogICAgPFJlcXVlc3QgTWV0aG9kPSJQT1NUIiBHdWlkPSJlYzA3NjdiYy00YTY4LTQ3MWMtYWJmNi1jMWIyYmQ4M2E5ZDIiIFZlcnNpb249IjEuMSIgVXJsPSJodHRwOi8vbG9jYWxob3N0OjE3NTQ5L2E0NjgwMDA4M2UyOTQzOWE4NWQyMTZkYmM5MjAzYjk0L2FydGVyeVNpZ25hbFIvcG9sbCIgVGhpbmtUaW1lPSIwIiBUaW1lb3V0PSIzMDAiIFBhcnNlRGVwZW5kZW50UmVxdWVzdHM9IlRydWUiIEZvbGxvd1JlZGlyZWN0cz0iVHJ1ZSIgUmVjb3JkUmVzdWx0PSJUcnVlIiBDYWNoZT0iRmFsc2UiIFJlc3BvbnNlVGltZUdvYWw9IjAiIEVuY29kaW5nPSJ1dGYtOCIgRXhwZWN0ZWRIdHRwU3RhdHVzQ29kZT0iMCIgRXhwZWN0ZWRSZXNwb25zZVVybD0iIiBSZXBvcnRpbmdOYW1lPSIiIElnbm9yZUh0dHBTdGF0dXNDb2RlPSJGYWxzZSI+DQogICAgICA8SGVhZGVycz4NCiAgICAgICAgPEhlYWRlciBOYW1lPSJDb250ZW50LVR5cGUiIFZhbHVlPSJhcHBsaWNhdGlvbi94LXd3dy1mb3JtLXVybGVuY29kZWQ7IGNoYXJzZXQ9VVRGLTgiIC8+DQogICAgICAgIDxIZWFkZXIgTmFtZT0iQWNjZXB0IiBWYWx1ZT0idGV4dC9wbGFpbiwgKi8qOyBxPTAuMDEiIC8+DQogICAgICAgIDxIZWFkZXIgTmFtZT0iUmVmZXJlciIgVmFsdWU9Imh0dHA6Ly9sb2NhbGhvc3Q6NDYyMy8iIC8+DQogICAgICA8L0hlYWRlcnM+DQogICAgICA8UXVlcnlTdHJpbmdQYXJhbWV0ZXJzPg0KICAgICAgICA8UXVlcnlTdHJpbmdQYXJhbWV0ZXIgTmFtZT0idHJhbnNwb3J0IiBWYWx1ZT0ibG9uZ1BvbGxpbmciIFJlY29yZGVkVmFsdWU9ImxvbmdQb2xsaW5nIiBDb3JyZWxhdGlvbkJpbmRpbmc9IiIgVXJsRW5jb2RlPSJGYWxzZSIgVXNlVG9Hcm91cFJlc3VsdHM9IkZhbHNlIiAvPg0KICAgICAgICA8UXVlcnlTdHJpbmdQYXJhbWV0ZXIgTmFtZT0iY29ubmVjdGlvblRva2VuIiBWYWx1ZT0iQVFBQUFOQ01uZDhCRmRFUmpIb0F3RSUyRkNsJTJCc0JBQUFBejhzRTFQVm9hVW10bDdkVEZ1WVg3QUFBQUFBQ0FBQUFBQUFRWmdBQUFBRUFBQ0FBQUFCaWxpVmo1OGdmZXdFazkxM0NxemxyU0JGNGVuRGVjaEhZdGV3Y2E3eXVsZ0FBQUFBT2dBQUFBQUlBQUNBQUFBQ28lMkJwTXdOMDE5UE8lMkZvc21LRldzS3lxJTJCYTclMkJSTG9CemxWMU40NWFNRzNtekFBQUFBN3c3akMxRnJ1NklmQXJUZVBHJTJCdXEzQ004SWNIZU5BM0RsSndmS3d1bGNabm1jT25yM0JIRlkwczlHd2wwNnJkQUFBQUFReDc4TWNoWlNPRHolMkIlMkZKUk94cHExWSUyRmkxVTRNN1RwRWJ4YmpiS2VidlRLdThnSkFLdjFkb2loYWhSN3pFTXUxOTVYd3lmQmw3VkFHV2dybFQ4OUpEZyUzRCUzRCIgUmVjb3JkZWRWYWx1ZT0iQVFBQUFOQ01uZDhCRmRFUmpIb0F3RSUyRkNsJTJCc0JBQUFBejhzRTFQVm9hVW10bDdkVEZ1WVg3QUFBQUFBQ0FBQUFBQUFRWmdBQUFBRUFBQ0FBQUFCaWxpVmo1OGdmZXdFazkxM0NxemxyU0JGNGVuRGVjaEhZdGV3Y2E3eXVsZ0FBQUFBT2dBQUFBQUlBQUNBQUFBQ28lMkJwTXdOMDE5UE8lMkZvc21LRldzS3lxJTJCYTclMkJSTG9CemxWMU40NWFNRzNtekFBQUFBN3c3akMxRnJ1NklmQXJUZVBHJTJCdXEzQ004SWNIZU5BM0RsSndmS3d1bGNabm1jT25yM0JIRlkwczlHd2wwNnJkQUFBQUFReDc4TWNoWlNPRHolMkIlMkZKUk94cHExWSUyRmkxVTRNN1RwRWJ4YmpiS2VidlRLdThnSkFLdjFkb2loYWhSN3pFTXUxOTVYd3lmQmw3VkFHV2dybFQ4OUpEZyUzRCUzRCIgQ29ycmVsYXRpb25CaW5kaW5nPSIiIFVybEVuY29kZT0iRmFsc2UiIFVzZVRvR3JvdXBSZXN1bHRzPSJGYWxzZSIgLz4NCiAgICAgICAgPFF1ZXJ5U3RyaW5nUGFyYW1ldGVyIE5hbWU9Im1lc3NhZ2VJZCIgVmFsdWU9ImQtQUZCQkZCMUUtQiUyQzAlN0NDJTJDMyU3Q0QlMkMwIiBSZWNvcmRlZFZhbHVlPSJkLUFGQkJGQjFFLUIlMkMwJTdDQyUyQzMlN0NEJTJDMCIgQ29ycmVsYXRpb25CaW5kaW5nPSIiIFVybEVuY29kZT0iRmFsc2UiIFVzZVRvR3JvdXBSZXN1bHRzPSJGYWxzZSIgLz4NCiAgICAgICAgPFF1ZXJ5U3RyaW5nUGFyYW1ldGVyIE5hbWU9InJlcXVlc3RVcmwiIFZhbHVlPSJodHRwJTNBJTJGJTJGbG9jYWxob3N0JTNBNDYyMyUyRiIgUmVjb3JkZWRWYWx1ZT0iaHR0cCUzQSUyRiUyRmxvY2FsaG9zdCUzQTQ2MjMlMkYiIENvcnJlbGF0aW9uQmluZGluZz0iIiBVcmxFbmNvZGU9IkZhbHNlIiBVc2VUb0dyb3VwUmVzdWx0cz0iRmFsc2UiIC8+DQogICAgICAgIDxRdWVyeVN0cmluZ1BhcmFtZXRlciBOYW1lPSJicm93c2VyTmFtZSIgVmFsdWU9IkludGVybmV0K0V4cGxvcmVyIiBSZWNvcmRlZFZhbHVlPSJJbnRlcm5ldCtFeHBsb3JlciIgQ29ycmVsYXRpb25CaW5kaW5nPSIiIFVybEVuY29kZT0iRmFsc2UiIFVzZVRvR3JvdXBSZXN1bHRzPSJGYWxzZSIgLz4NCiAgICAgICAgPFF1ZXJ5U3RyaW5nUGFyYW1ldGVyIE5hbWU9InRpZCIgVmFsdWU9IjEwIiBSZWNvcmRlZFZhbHVlPSIxMCIgQ29ycmVsYXRpb25CaW5kaW5nPSIiIFVybEVuY29kZT0iRmFsc2UiIFVzZVRvR3JvdXBSZXN1bHRzPSJGYWxzZSIgLz4NCiAgICAgICAgPFF1ZXJ5U3RyaW5nUGFyYW1ldGVyIE5hbWU9Il8iIFZhbHVlPSIxMzk3NjMwOTIyMDYwIiBSZWNvcmRlZFZhbHVlPSIxMzk3NjMwOTIyMDYwIiBDb3JyZWxhdGlvbkJpbmRpbmc9IiIgVXJsRW5jb2RlPSJGYWxzZSIgVXNlVG9Hcm91cFJlc3VsdHM9IkZhbHNlIiAvPg0KICAgICAgPC9RdWVyeVN0cmluZ1BhcmFtZXRlcnM+DQogICAgICA8Rm9ybVBvc3RIdHRwQm9keSAvPg0KICAgIDwvUmVxdWVzdD4NCiAgICA8UmVxdWVzdCBNZXRob2Q9IlBPU1QiIEd1aWQ9IjQ1YWI1YjFiLTQyMGYtNDZiNC1hMDNkLTc2NGY4Zjg1ZDUwOSIgVmVyc2lvbj0iMS4xIiBVcmw9Imh0dHA6Ly9sb2NhbGhvc3Q6MTc1NDkvYTQ2ODAwMDgzZTI5NDM5YTg1ZDIxNmRiYzkyMDNiOTQvYXJ0ZXJ5U2lnbmFsUi9zZW5kIiBUaGlua1RpbWU9IjAiIFRpbWVvdXQ9IjMwMCIgUGFyc2VEZXBlbmRlbnRSZXF1ZXN0cz0iVHJ1ZSIgRm9sbG93UmVkaXJlY3RzPSJUcnVlIiBSZWNvcmRSZXN1bHQ9IlRydWUiIENhY2hlPSJGYWxzZSIgUmVzcG9uc2VUaW1lR29hbD0iMCIgRW5jb2Rpbmc9InV0Zi04IiBFeHBlY3RlZEh0dHBTdGF0dXNDb2RlPSIwIiBFeHBlY3RlZFJlc3BvbnNlVXJsPSIiIFJlcG9ydGluZ05hbWU9IiIgSWdub3JlSHR0cFN0YXR1c0NvZGU9IkZhbHNlIj4NCiAgICAgIDxIZWFkZXJzPg0KICAgICAgICA8SGVhZGVyIE5hbWU9IkFjY2VwdCIgVmFsdWU9InRleHQvcGxhaW4sICovKjsgcT0wLjAxIiAvPg0KICAgICAgICA8SGVhZGVyIE5hbWU9IlJlZmVyZXIiIFZhbHVlPSJodHRwOi8vbG9jYWxob3N0OjQ2MjMvIiAvPg0KICAgICAgPC9IZWFkZXJzPg0KICAgICAgPFF1ZXJ5U3RyaW5nUGFyYW1ldGVycz4NCiAgICAgICAgPFF1ZXJ5U3RyaW5nUGFyYW1ldGVyIE5hbWU9InRyYW5zcG9ydCIgVmFsdWU9ImxvbmdQb2xsaW5nIiBSZWNvcmRlZFZhbHVlPSJsb25nUG9sbGluZyIgQ29ycmVsYXRpb25CaW5kaW5nPSIiIFVybEVuY29kZT0iRmFsc2UiIFVzZVRvR3JvdXBSZXN1bHRzPSJGYWxzZSIgLz4NCiAgICAgICAgPFF1ZXJ5U3RyaW5nUGFyYW1ldGVyIE5hbWU9ImNvbm5lY3Rpb25Ub2tlbiIgVmFsdWU9IkFRQUFBTkNNbmQ4QkZkRVJqSG9Bd0UlMkZDbCUyQnNCQUFBQXo4c0UxUFZvYVVtdGw3ZFRGdVlYN0FBQUFBQUNBQUFBQUFBUVpnQUFBQUVBQUNBQUFBQmlsaVZqNThnZmV3RWs5MTNDcXpsclNCRjRlbkRlY2hIWXRld2NhN3l1bGdBQUFBQU9nQUFBQUFJQUFDQUFBQUNvJTJCcE13TjAxOVBPJTJGb3NtS0ZXc0t5cSUyQmE3JTJCUkxvQnpsVjFONDVhTUczbXpBQUFBQTd3N2pDMUZydTZJZkFyVGVQRyUyQnVxM0NNOEljSGVOQTNEbEp3Zkt3dWxjWm5tY09ucjNCSEZZMHM5R3dsMDZyZEFBQUFBUXg3OE1jaFpTT0R6JTJCJTJGSlJPeHBxMVklMkZpMVU0TTdUcEVieGJqYktlYnZUS3U4Z0pBS3YxZG9paGFoUjd6RU11MTk1WHd5ZkJsN1ZBR1dncmxUODlKRGclM0QlM0QiIFJlY29yZGVkVmFsdWU9IkFRQUFBTkNNbmQ4QkZkRVJqSG9Bd0UlMkZDbCUyQnNCQUFBQXo4c0UxUFZvYVVtdGw3ZFRGdVlYN0FBQUFBQUNBQUFBQUFBUVpnQUFBQUVBQUNBQUFBQmlsaVZqNThnZmV3RWs5MTNDcXpsclNCRjRlbkRlY2hIWXRld2NhN3l1bGdBQUFBQU9nQUFBQUFJQUFDQUFBQUNvJTJCcE13TjAxOVBPJTJGb3NtS0ZXc0t5cSUyQmE3JTJCUkxvQnpsVjFONDVhTUczbXpBQUFBQTd3N2pDMUZydTZJZkFyVGVQRyUyQnVxM0NNOEljSGVOQTNEbEp3Zkt3dWxjWm5tY09ucjNCSEZZMHM5R3dsMDZyZEFBQUFBUXg3OE1jaFpTT0R6JTJCJTJGSlJPeHBxMVklMkZpMVU0TTdUcEVieGJqYktlYnZUS3U4Z0pBS3YxZG9paGFoUjd6RU11MTk1WHd5ZkJsN1ZBR1dncmxUODlKRGclM0QlM0QiIENvcnJlbGF0aW9uQmluZGluZz0iIiBVcmxFbmNvZGU9IkZhbHNlIiBVc2VUb0dyb3VwUmVzdWx0cz0iRmFsc2UiIC8+DQogICAgICAgIDxRdWVyeVN0cmluZ1BhcmFtZXRlciBOYW1lPSJyZXF1ZXN0VXJsIiBWYWx1ZT0iaHR0cCUzQSUyRiUyRmxvY2FsaG9zdCUzQTQ2MjMlMkYiIFJlY29yZGVkVmFsdWU9Imh0dHAlM0ElMkYlMkZsb2NhbGhvc3QlM0E0NjIzJTJGIiBDb3JyZWxhdGlvbkJpbmRpbmc9IiIgVXJsRW5jb2RlPSJGYWxzZSIgVXNlVG9Hcm91cFJlc3VsdHM9IkZhbHNlIiAvPg0KICAgICAgICA8UXVlcnlTdHJpbmdQYXJhbWV0ZXIgTmFtZT0iYnJvd3Nlck5hbWUiIFZhbHVlPSJJbnRlcm5ldCtFeHBsb3JlciIgUmVjb3JkZWRWYWx1ZT0iSW50ZXJuZXQrRXhwbG9yZXIiIENvcnJlbGF0aW9uQmluZGluZz0iIiBVcmxFbmNvZGU9IkZhbHNlIiBVc2VUb0dyb3VwUmVzdWx0cz0iRmFsc2UiIC8+DQogICAgICA8L1F1ZXJ5U3RyaW5nUGFyYW1ldGVycz4NCiAgICAgIDxGb3JtUG9zdEh0dHBCb2R5Pg0KICAgICAgICA8Rm9ybVBvc3RQYXJhbWV0ZXIgTmFtZT0iZGF0YSIgVmFsdWU9InsmcXVvdDtuYW1lJnF1b3Q7OiZxdW90O21pY3Jvc29mdC52aXN1YWxzdHVkaW8ud2ViLmJyb3dzZXJsaW5rLmh0bWxtYXBwaW5nZXh0ZW5zaW9uZmFjdG9yeS5yZXNvbHZlU291cmNlRmlsZVBhdGhzJnF1b3Q7LCZxdW90O2FyZ3MmcXVvdDs6W1smcXVvdDt+L1ZpZXdzL0hvbWUvSW5kZXguY3NodG1sJnF1b3Q7XV0sJnF1b3Q7Y2FsbGJhY2tJZCZxdW90OzozfSIgUmVjb3JkZWRWYWx1ZT0ieyZxdW90O25hbWUmcXVvdDs6JnF1b3Q7bWljcm9zb2Z0LnZpc3VhbHN0dWRpby53ZWIuYnJvd3NlcmxpbmsuaHRtbG1hcHBpbmdleHRlbnNpb25mYWN0b3J5LnJlc29sdmVTb3VyY2VGaWxlUGF0aHMmcXVvdDssJnF1b3Q7YXJncyZxdW90OzpbWyZxdW90O34vVmlld3MvSG9tZS9JbmRleC5jc2h0bWwmcXVvdDtdXSwmcXVvdDtjYWxsYmFja0lkJnF1b3Q7OjN9IiBDb3JyZWxhdGlvbkJpbmRpbmc9IiIgVXJsRW5jb2RlPSJUcnVlIiAvPg0KICAgICAgPC9Gb3JtUG9zdEh0dHBCb2R5Pg0KICAgIDwvUmVxdWVzdD4NCiAgICA8UmVxdWVzdCBNZXRob2Q9IlBPU1QiIEd1aWQ9Ijc5NTIxMGZkLTI3MTUtNGFjMy04YmVmLTRiZDZlNWMwNDhhNSIgVmVyc2lvbj0iMS4xIiBVcmw9Imh0dHA6Ly9sb2NhbGhvc3Q6MTc1NDkvYTQ2ODAwMDgzZTI5NDM5YTg1ZDIxNmRiYzkyMDNiOTQvYXJ0ZXJ5U2lnbmFsUi9hYm9ydCIgVGhpbmtUaW1lPSIxIiBUaW1lb3V0PSIzMDAiIFBhcnNlRGVwZW5kZW50UmVxdWVzdHM9IlRydWUiIEZvbGxvd1JlZGlyZWN0cz0iVHJ1ZSIgUmVjb3JkUmVzdWx0PSJUcnVlIiBDYWNoZT0iRmFsc2UiIFJlc3BvbnNlVGltZUdvYWw9IjAiIEVuY29kaW5nPSJ1dGYtOCIgRXhwZWN0ZWRIdHRwU3RhdHVzQ29kZT0iMCIgRXhwZWN0ZWRSZXNwb25zZVVybD0iIiBSZXBvcnRpbmdOYW1lPSIiIElnbm9yZUh0dHBTdGF0dXNDb2RlPSJGYWxzZSI+DQogICAgICA8SGVhZGVycz4NCiAgICAgICAgPEhlYWRlciBOYW1lPSJBY2NlcHQiIFZhbHVlPSJ0ZXh0L3BsYWluLCAqLyo7IHE9MC4wMSIgLz4NCiAgICAgICAgPEhlYWRlciBOYW1lPSJSZWZlcmVyIiBWYWx1ZT0iaHR0cDovL2xvY2FsaG9zdDo0NjIzLyIgLz4NCiAgICAgIDwvSGVhZGVycz4NCiAgICAgIDxRdWVyeVN0cmluZ1BhcmFtZXRlcnM+DQogICAgICAgIDxRdWVyeVN0cmluZ1BhcmFtZXRlciBOYW1lPSJ0cmFuc3BvcnQiIFZhbHVlPSJsb25nUG9sbGluZyIgUmVjb3JkZWRWYWx1ZT0ibG9uZ1BvbGxpbmciIENvcnJlbGF0aW9uQmluZGluZz0iIiBVcmxFbmNvZGU9IkZhbHNlIiBVc2VUb0dyb3VwUmVzdWx0cz0iRmFsc2UiIC8+DQogICAgICAgIDxRdWVyeVN0cmluZ1BhcmFtZXRlciBOYW1lPSJjb25uZWN0aW9uVG9rZW4iIFZhbHVlPSJBUUFBQU5DTW5kOEJGZEVSakhvQXdFJTJGQ2wlMkJzQkFBQUF6OHNFMVBWb2FVbXRsN2RURnVZWDdBQUFBQUFDQUFBQUFBQVFaZ0FBQUFFQUFDQUFBQUJpbGlWajU4Z2Zld0VrOTEzQ3F6bHJTQkY0ZW5EZWNoSFl0ZXdjYTd5dWxnQUFBQUFPZ0FBQUFBSUFBQ0FBQUFDbyUyQnBNd04wMTlQTyUyRm9zbUtGV3NLeXElMkJhNyUyQlJMb0J6bFYxTjQ1YU1HM216QUFBQUE3dzdqQzFGcnU2SWZBclRlUEclMkJ1cTNDTThJY0hlTkEzRGxKd2ZLd3VsY1pubWNPbnIzQkhGWTBzOUd3bDA2cmRBQUFBQVF4NzhNY2haU09EeiUyQiUyRkpST3hwcTFZJTJGaTFVNE03VHBFYnhiamJLZWJ2VEt1OGdKQUt2MWRvaWhhaFI3ekVNdTE5NVh3eWZCbDdWQUdXZ3JsVDg5SkRnJTNEJTNEIiBSZWNvcmRlZFZhbHVlPSJBUUFBQU5DTW5kOEJGZEVSakhvQXdFJTJGQ2wlMkJzQkFBQUF6OHNFMVBWb2FVbXRsN2RURnVZWDdBQUFBQUFDQUFBQUFBQVFaZ0FBQUFFQUFDQUFBQUJpbGlWajU4Z2Zld0VrOTEzQ3F6bHJTQkY0ZW5EZWNoSFl0ZXdjYTd5dWxnQUFBQUFPZ0FBQUFBSUFBQ0FBQUFDbyUyQnBNd04wMTlQTyUyRm9zbUtGV3NLeXElMkJhNyUyQlJMb0J6bFYxTjQ1YU1HM216QUFBQUE3dzdqQzFGcnU2SWZBclRlUEclMkJ1cTNDTThJY0hlTkEzRGxKd2ZLd3VsY1pubWNPbnIzQkhGWTBzOUd3bDA2cmRBQUFBQVF4NzhNY2haU09EeiUyQiUyRkpST3hwcTFZJTJGaTFVNE03VHBFYnhiamJLZWJ2VEt1OGdKQUt2MWRvaWhhaFI3ekVNdTE5NVh3eWZCbDdWQUdXZ3JsVDg5SkRnJTNEJTNEIiBDb3JyZWxhdGlvbkJpbmRpbmc9IiIgVXJsRW5jb2RlPSJGYWxzZSIgVXNlVG9Hcm91cFJlc3VsdHM9IkZhbHNlIiAvPg0KICAgICAgICA8UXVlcnlTdHJpbmdQYXJhbWV0ZXIgTmFtZT0icmVxdWVzdFVybCIgVmFsdWU9Imh0dHAlM0ElMkYlMkZsb2NhbGhvc3QlM0E0NjIzJTJGIiBSZWNvcmRlZFZhbHVlPSJodHRwJTNBJTJGJTJGbG9jYWxob3N0JTNBNDYyMyUyRiIgQ29ycmVsYXRpb25CaW5kaW5nPSIiIFVybEVuY29kZT0iRmFsc2UiIFVzZVRvR3JvdXBSZXN1bHRzPSJGYWxzZSIgLz4NCiAgICAgICAgPFF1ZXJ5U3RyaW5nUGFyYW1ldGVyIE5hbWU9ImJyb3dzZXJOYW1lIiBWYWx1ZT0iSW50ZXJuZXQrRXhwbG9yZXIiIFJlY29yZGVkVmFsdWU9IkludGVybmV0K0V4cGxvcmVyIiBDb3JyZWxhdGlvbkJpbmRpbmc9IiIgVXJsRW5jb2RlPSJGYWxzZSIgVXNlVG9Hcm91cFJlc3VsdHM9IkZhbHNlIiAvPg0KICAgICAgPC9RdWVyeVN0cmluZ1BhcmFtZXRlcnM+DQogICAgICA8Rm9ybVBvc3RIdHRwQm9keSAvPg0KICAgIDwvUmVxdWVzdD4NCiAgICA8UmVxdWVzdCBNZXRob2Q9IkdFVCIgR3VpZD0iNTM0MWRhZGQtOWMwZi00NDk0LTk3MmItYTI3Yjc1Y2EyYjQ3IiBWZXJzaW9uPSIxLjEiIFVybD0iaHR0cDovL2xvY2FsaG9zdDo0NjIzL2Zhdmljb24uaWNvIiBUaGlua1RpbWU9IjAiIFRpbWVvdXQ9IjMwMCIgUGFyc2VEZXBlbmRlbnRSZXF1ZXN0cz0iVHJ1ZSIgRm9sbG93UmVkaXJlY3RzPSJUcnVlIiBSZWNvcmRSZXN1bHQ9IlRydWUiIENhY2hlPSJGYWxzZSIgUmVzcG9uc2VUaW1lR29hbD0iMCIgRW5jb2Rpbmc9InV0Zi04IiBFeHBlY3RlZEh0dHBTdGF0dXNDb2RlPSIwIiBFeHBlY3RlZFJlc3BvbnNlVXJsPSIiIFJlcG9ydGluZ05hbWU9IiIgSWdub3JlSHR0cFN0YXR1c0NvZGU9IkZhbHNlIiAvPg0KICAgIDxSZXF1ZXN0IE1ldGhvZD0iUE9TVCIgR3VpZD0iMzg3N2RjYzYtNGYzMi00NTUxLWE5OGEtOTJmNTRlNzFjYmM1IiBWZXJzaW9uPSIxLjEiIFVybD0iaHR0cDovL2xvY2FsaG9zdDoxNzU0OS9hNDY4MDAwODNlMjk0MzlhODVkMjE2ZGJjOTIwM2I5NC9hcnRlcnlTaWduYWxSL25lZ290aWF0ZSIgVGhpbmtUaW1lPSIwIiBUaW1lb3V0PSIzMDAiIFBhcnNlRGVwZW5kZW50UmVxdWVzdHM9IlRydWUiIEZvbGxvd1JlZGlyZWN0cz0iVHJ1ZSIgUmVjb3JkUmVzdWx0PSJUcnVlIiBDYWNoZT0iRmFsc2UiIFJlc3BvbnNlVGltZUdvYWw9IjAiIEVuY29kaW5nPSJ1dGYtOCIgRXhwZWN0ZWRIdHRwU3RhdHVzQ29kZT0iMCIgRXhwZWN0ZWRSZXNwb25zZVVybD0iIiBSZXBvcnRpbmdOYW1lPSIiIElnbm9yZUh0dHBTdGF0dXNDb2RlPSJGYWxzZSI+DQogICAgICA8SGVhZGVycz4NCiAgICAgICAgPEhlYWRlciBOYW1lPSJDb250ZW50LVR5cGUiIFZhbHVlPSJhcHBsaWNhdGlvbi94LXd3dy1mb3JtLXVybGVuY29kZWQ7IGNoYXJzZXQ9VVRGLTgiIC8+DQogICAgICAgIDxIZWFkZXIgTmFtZT0iQWNjZXB0IiBWYWx1ZT0idGV4dC9wbGFpbiwgKi8qOyBxPTAuMDEiIC8+DQogICAgICAgIDxIZWFkZXIgTmFtZT0iUmVmZXJlciIgVmFsdWU9Imh0dHA6Ly9sb2NhbGhvc3Q6NDYyMy9BY2NvdW50L0xvZ2luIiAvPg0KICAgICAgPC9IZWFkZXJzPg0KICAgICAgPFF1ZXJ5U3RyaW5nUGFyYW1ldGVycz4NCiAgICAgICAgPFF1ZXJ5U3RyaW5nUGFyYW1ldGVyIE5hbWU9InJlcXVlc3RVcmwiIFZhbHVlPSJodHRwJTNBJTJGJTJGbG9jYWxob3N0JTNBNDYyMyUyRkFjY291bnQlMkZMb2dpbiIgUmVjb3JkZWRWYWx1ZT0iaHR0cCUzQSUyRiUyRmxvY2FsaG9zdCUzQTQ2MjMlMkZBY2NvdW50JTJGTG9naW4iIENvcnJlbGF0aW9uQmluZGluZz0iIiBVcmxFbmNvZGU9IkZhbHNlIiBVc2VUb0dyb3VwUmVzdWx0cz0iRmFsc2UiIC8+DQogICAgICAgIDxRdWVyeVN0cmluZ1BhcmFtZXRlciBOYW1lPSJicm93c2VyTmFtZSIgVmFsdWU9IkludGVybmV0K0V4cGxvcmVyIiBSZWNvcmRlZFZhbHVlPSJJbnRlcm5ldCtFeHBsb3JlciIgQ29ycmVsYXRpb25CaW5kaW5nPSIiIFVybEVuY29kZT0iRmFsc2UiIFVzZVRvR3JvdXBSZXN1bHRzPSJGYWxzZSIgLz4NCiAgICAgICAgPFF1ZXJ5U3RyaW5nUGFyYW1ldGVyIE5hbWU9ImNsaWVudFByb3RvY29sIiBWYWx1ZT0iMS4zIiBSZWNvcmRlZFZhbHVlPSIxLjMiIENvcnJlbGF0aW9uQmluZGluZz0iIiBVcmxFbmNvZGU9IkZhbHNlIiBVc2VUb0dyb3VwUmVzdWx0cz0iRmFsc2UiIC8+DQogICAgICAgIDxRdWVyeVN0cmluZ1BhcmFtZXRlciBOYW1lPSJfIiBWYWx1ZT0iMTM5NzYzMDkyNDIzMiIgUmVjb3JkZWRWYWx1ZT0iMTM5NzYzMDkyNDIzMiIgQ29ycmVsYXRpb25CaW5kaW5nPSIiIFVybEVuY29kZT0iRmFsc2UiIFVzZVRvR3JvdXBSZXN1bHRzPSJGYWxzZSIgLz4NCiAgICAgIDwvUXVlcnlTdHJpbmdQYXJhbWV0ZXJzPg0KICAgICAgPEZvcm1Qb3N0SHR0cEJvZHkgLz4NCiAgICA8L1JlcXVlc3Q+DQogICAgPFJlcXVlc3QgTWV0aG9kPSJQT1NUIiBHdWlkPSJhYTlkM2E0OC0zOWRmLTQ3OGItOGJmNC00NWE1ZWEzNzY5OWIiIFZlcnNpb249IjEuMSIgVXJsPSJodHRwOi8vbG9jYWxob3N0OjE3NTQ5L2E0NjgwMDA4M2UyOTQzOWE4NWQyMTZkYmM5MjAzYjk0L2FydGVyeVNpZ25hbFIvY29ubmVjdCIgVGhpbmtUaW1lPSIwIiBUaW1lb3V0PSIzMDAiIFBhcnNlRGVwZW5kZW50UmVxdWVzdHM9IlRydWUiIEZvbGxvd1JlZGlyZWN0cz0iVHJ1ZSIgUmVjb3JkUmVzdWx0PSJUcnVlIiBDYWNoZT0iRmFsc2UiIFJlc3BvbnNlVGltZUdvYWw9IjAiIEVuY29kaW5nPSJ1dGYtOCIgRXhwZWN0ZWRIdHRwU3RhdHVzQ29kZT0iMCIgRXhwZWN0ZWRSZXNwb25zZVVybD0iIiBSZXBvcnRpbmdOYW1lPSIiIElnbm9yZUh0dHBTdGF0dXNDb2RlPSJGYWxzZSI+DQogICAgICA8SGVhZGVycz4NCiAgICAgICAgPEhlYWRlciBOYW1lPSJDb250ZW50LVR5cGUiIFZhbHVlPSJhcHBsaWNhdGlvbi94LXd3dy1mb3JtLXVybGVuY29kZWQ7IGNoYXJzZXQ9VVRGLTgiIC8+DQogICAgICAgIDxIZWFkZXIgTmFtZT0iQWNjZXB0IiBWYWx1ZT0idGV4dC9wbGFpbiwgKi8qOyBxPTAuMDEiIC8+DQogICAgICAgIDxIZWFkZXIgTmFtZT0iUmVmZXJlciIgVmFsdWU9Imh0dHA6Ly9sb2NhbGhvc3Q6NDYyMy9BY2NvdW50L0xvZ2luIiAvPg0KICAgICAgPC9IZWFkZXJzPg0KICAgICAgPFF1ZXJ5U3RyaW5nUGFyYW1ldGVycz4NCiAgICAgICAgPFF1ZXJ5U3RyaW5nUGFyYW1ldGVyIE5hbWU9InRyYW5zcG9ydCIgVmFsdWU9ImxvbmdQb2xsaW5nIiBSZWNvcmRlZFZhbHVlPSJsb25nUG9sbGluZyIgQ29ycmVsYXRpb25CaW5kaW5nPSIiIFVybEVuY29kZT0iRmFsc2UiIFVzZVRvR3JvdXBSZXN1bHRzPSJGYWxzZSIgLz4NCiAgICAgICAgPFF1ZXJ5U3RyaW5nUGFyYW1ldGVyIE5hbWU9ImNvbm5lY3Rpb25Ub2tlbiIgVmFsdWU9IkFRQUFBTkNNbmQ4QkZkRVJqSG9Bd0UlMkZDbCUyQnNCQUFBQXo4c0UxUFZvYVVtdGw3ZFRGdVlYN0FBQUFBQUNBQUFBQUFBUVpnQUFBQUVBQUNBQUFBRERYNzMwNHdvSFF1U21BZEdIN3VxSENEdGEydHNsUDJ3ZFNtNSUyQjJFdTZtZ0FBQUFBT2dBQUFBQUlBQUNBQUFBQ29mZzZyWlR3TkFKQkFDTFlBT3FSRUEzJTJCOWE1Z29SWnNFaG5raSUyQnpBRSUyQkRBQUFBQkFVSDB5VGlwYUUxREZRTElRMk5mNUJmRyUyQnhjTEtmNjlkWE0lMkZDaU1OJTJGYzJLdk1TN09kYldKajZaJTJGYkZheURjVkFBQUFBTmdodk10azg1RHdsWjBoV1NzWmJEMnBrQlRHSGUlMkY1TXJXS1BBaWU0bzRQUzJqcCUyQjdJcWtIaGJlMnJEMGZndHZ1JTJGYk9WeEYlMkZWaFFoeUk3V1lLVDhRdyUzRCUzRCIgUmVjb3JkZWRWYWx1ZT0iQVFBQUFOQ01uZDhCRmRFUmpIb0F3RSUyRkNsJTJCc0JBQUFBejhzRTFQVm9hVW10bDdkVEZ1WVg3QUFBQUFBQ0FBQUFBQUFRWmdBQUFBRUFBQ0FBQUFERFg3MzA0d29IUXVTbUFkR0g3dXFIQ0R0YTJ0c2xQMndkU201JTJCMkV1Nm1nQUFBQUFPZ0FBQUFBSUFBQ0FBQUFDb2ZnNnJaVHdOQUpCQUNMWUFPcVJFQTMlMkI5YTVnb1Jac0VobmtpJTJCekFFJTJCREFBQUFCQVVIMHlUaXBhRTFERlFMSVEyTmY1QmZHJTJCeGNMS2Y2OWRYTSUyRkNpTU4lMkZjMkt2TVM3T2RiV0pqNlolMkZiRmF5RGNWQUFBQUFOZ2h2TXRrODVEd2xaMGhXU3NaYkQycGtCVEdIZSUyRjVNcldLUEFpZTRvNFBTMmpwJTJCN0lxa0hoYmUyckQwZmd0dnUlMkZiT1Z4RiUyRlZoUWh5STdXWUtUOFF3JTNEJTNEIiBDb3JyZWxhdGlvbkJpbmRpbmc9IiIgVXJsRW5jb2RlPSJGYWxzZSIgVXNlVG9Hcm91cFJlc3VsdHM9IkZhbHNlIiAvPg0KICAgICAgICA8UXVlcnlTdHJpbmdQYXJhbWV0ZXIgTmFtZT0icmVxdWVzdFVybCIgVmFsdWU9Imh0dHAlM0ElMkYlMkZsb2NhbGhvc3QlM0E0NjIzJTJGQWNjb3VudCUyRkxvZ2luIiBSZWNvcmRlZFZhbHVlPSJodHRwJTNBJTJGJTJGbG9jYWxob3N0JTNBNDYyMyUyRkFjY291bnQlMkZMb2dpbiIgQ29ycmVsYXRpb25CaW5kaW5nPSIiIFVybEVuY29kZT0iRmFsc2UiIFVzZVRvR3JvdXBSZXN1bHRzPSJGYWxzZSIgLz4NCiAgICAgICAgPFF1ZXJ5U3RyaW5nUGFyYW1ldGVyIE5hbWU9ImJyb3dzZXJOYW1lIiBWYWx1ZT0iSW50ZXJuZXQrRXhwbG9yZXIiIFJlY29yZGVkVmFsdWU9IkludGVybmV0K0V4cGxvcmVyIiBDb3JyZWxhdGlvbkJpbmRpbmc9IiIgVXJsRW5jb2RlPSJGYWxzZSIgVXNlVG9Hcm91cFJlc3VsdHM9IkZhbHNlIiAvPg0KICAgICAgICA8UXVlcnlTdHJpbmdQYXJhbWV0ZXIgTmFtZT0idGlkIiBWYWx1ZT0iMTAiIFJlY29yZGVkVmFsdWU9IjEwIiBDb3JyZWxhdGlvbkJpbmRpbmc9IiIgVXJsRW5jb2RlPSJGYWxzZSIgVXNlVG9Hcm91cFJlc3VsdHM9IkZhbHNlIiAvPg0KICAgICAgICA8UXVlcnlTdHJpbmdQYXJhbWV0ZXIgTmFtZT0iXyIgVmFsdWU9IjEzOTc2MzA5MjUzNjMiIFJlY29yZGVkVmFsdWU9IjEzOTc2MzA5MjUzNjMiIENvcnJlbGF0aW9uQmluZGluZz0iIiBVcmxFbmNvZGU9IkZhbHNlIiBVc2VUb0dyb3VwUmVzdWx0cz0iRmFsc2UiIC8+DQogICAgICA8L1F1ZXJ5U3RyaW5nUGFyYW1ldGVycz4NCiAgICAgIDxGb3JtUG9zdEh0dHBCb2R5IC8+DQogICAgPC9SZXF1ZXN0Pg0KICAgIDxSZXF1ZXN0IE1ldGhvZD0iUE9TVCIgR3VpZD0iNzFjYTdjMGQtMzQwNC00ZjUyLTllODAtOWFlODQ1OGFhZGQ0IiBWZXJzaW9uPSIxLjEiIFVybD0iaHR0cDovL2xvY2FsaG9zdDoxNzU0OS9hNDY4MDAwODNlMjk0MzlhODVkMjE2ZGJjOTIwM2I5NC9hcnRlcnlTaWduYWxSL3NlbmQiIFRoaW5rVGltZT0iMCIgVGltZW91dD0iMzAwIiBQYXJzZURlcGVuZGVudFJlcXVlc3RzPSJUcnVlIiBGb2xsb3dSZWRpcmVjdHM9IlRydWUiIFJlY29yZFJlc3VsdD0iVHJ1ZSIgQ2FjaGU9IkZhbHNlIiBSZXNwb25zZVRpbWVHb2FsPSIwIiBFbmNvZGluZz0idXRmLTgiIEV4cGVjdGVkSHR0cFN0YXR1c0NvZGU9IjAiIEV4cGVjdGVkUmVzcG9uc2VVcmw9IiIgUmVwb3J0aW5nTmFtZT0iIiBJZ25vcmVIdHRwU3RhdHVzQ29kZT0iRmFsc2UiPg0KICAgICAgPEhlYWRlcnM+DQogICAgICAgIDxIZWFkZXIgTmFtZT0iQWNjZXB0IiBWYWx1ZT0idGV4dC9wbGFpbiwgKi8qOyBxPTAuMDEiIC8+DQogICAgICAgIDxIZWFkZXIgTmFtZT0iUmVmZXJlciIgVmFsdWU9Imh0dHA6Ly9sb2NhbGhvc3Q6NDYyMy9BY2NvdW50L0xvZ2luIiAvPg0KICAgICAgPC9IZWFkZXJzPg0KICAgICAgPFF1ZXJ5U3RyaW5nUGFyYW1ldGVycz4NCiAgICAgICAgPFF1ZXJ5U3RyaW5nUGFyYW1ldGVyIE5hbWU9InRyYW5zcG9ydCIgVmFsdWU9ImxvbmdQb2xsaW5nIiBSZWNvcmRlZFZhbHVlPSJsb25nUG9sbGluZyIgQ29ycmVsYXRpb25CaW5kaW5nPSIiIFVybEVuY29kZT0iRmFsc2UiIFVzZVRvR3JvdXBSZXN1bHRzPSJGYWxzZSIgLz4NCiAgICAgICAgPFF1ZXJ5U3RyaW5nUGFyYW1ldGVyIE5hbWU9ImNvbm5lY3Rpb25Ub2tlbiIgVmFsdWU9IkFRQUFBTkNNbmQ4QkZkRVJqSG9Bd0UlMkZDbCUyQnNCQUFBQXo4c0UxUFZvYVVtdGw3ZFRGdVlYN0FBQUFBQUNBQUFBQUFBUVpnQUFBQUVBQUNBQUFBRERYNzMwNHdvSFF1U21BZEdIN3VxSENEdGEydHNsUDJ3ZFNtNSUyQjJFdTZtZ0FBQUFBT2dBQUFBQUlBQUNBQUFBQ29mZzZyWlR3TkFKQkFDTFlBT3FSRUEzJTJCOWE1Z29SWnNFaG5raSUyQnpBRSUyQkRBQUFBQkFVSDB5VGlwYUUxREZRTElRMk5mNUJmRyUyQnhjTEtmNjlkWE0lMkZDaU1OJTJGYzJLdk1TN09kYldKajZaJTJGYkZheURjVkFBQUFBTmdodk10azg1RHdsWjBoV1NzWmJEMnBrQlRHSGUlMkY1TXJXS1BBaWU0bzRQUzJqcCUyQjdJcWtIaGJlMnJEMGZndHZ1JTJGYk9WeEYlMkZWaFFoeUk3V1lLVDhRdyUzRCUzRCIgUmVjb3JkZWRWYWx1ZT0iQVFBQUFOQ01uZDhCRmRFUmpIb0F3RSUyRkNsJTJCc0JBQUFBejhzRTFQVm9hVW10bDdkVEZ1WVg3QUFBQUFBQ0FBQUFBQUFRWmdBQUFBRUFBQ0FBQUFERFg3MzA0d29IUXVTbUFkR0g3dXFIQ0R0YTJ0c2xQMndkU201JTJCMkV1Nm1nQUFBQUFPZ0FBQUFBSUFBQ0FBQUFDb2ZnNnJaVHdOQUpCQUNMWUFPcVJFQTMlMkI5YTVnb1Jac0VobmtpJTJCekFFJTJCREFBQUFCQVVIMHlUaXBhRTFERlFMSVEyTmY1QmZHJTJCeGNMS2Y2OWRYTSUyRkNpTU4lMkZjMkt2TVM3T2RiV0pqNlolMkZiRmF5RGNWQUFBQUFOZ2h2TXRrODVEd2xaMGhXU3NaYkQycGtCVEdIZSUyRjVNcldLUEFpZTRvNFBTMmpwJTJCN0lxa0hoYmUyckQwZmd0dnUlMkZiT1Z4RiUyRlZoUWh5STdXWUtUOFF3JTNEJTNEIiBDb3JyZWxhdGlvbkJpbmRpbmc9IiIgVXJsRW5jb2RlPSJGYWxzZSIgVXNlVG9Hcm91cFJlc3VsdHM9IkZhbHNlIiAvPg0KICAgICAgICA8UXVlcnlTdHJpbmdQYXJhbWV0ZXIgTmFtZT0icmVxdWVzdFVybCIgVmFsdWU9Imh0dHAlM0ElMkYlMkZsb2NhbGhvc3QlM0E0NjIzJTJGQWNjb3VudCUyRkxvZ2luIiBSZWNvcmRlZFZhbHVlPSJodHRwJTNBJTJGJTJGbG9jYWxob3N0JTNBNDYyMyUyRkFjY291bnQlMkZMb2dpbiIgQ29ycmVsYXRpb25CaW5kaW5nPSIiIFVybEVuY29kZT0iRmFsc2UiIFVzZVRvR3JvdXBSZXN1bHRzPSJGYWxzZSIgLz4NCiAgICAgICAgPFF1ZXJ5U3RyaW5nUGFyYW1ldGVyIE5hbWU9ImJyb3dzZXJOYW1lIiBWYWx1ZT0iSW50ZXJuZXQrRXhwbG9yZXIiIFJlY29yZGVkVmFsdWU9IkludGVybmV0K0V4cGxvcmVyIiBDb3JyZWxhdGlvbkJpbmRpbmc9IiIgVXJsRW5jb2RlPSJGYWxzZSIgVXNlVG9Hcm91cFJlc3VsdHM9IkZhbHNlIiAvPg0KICAgICAgPC9RdWVyeVN0cmluZ1BhcmFtZXRlcnM+DQogICAgICA8Rm9ybVBvc3RIdHRwQm9keT4NCiAgICAgICAgPEZvcm1Qb3N0UGFyYW1ldGVyIE5hbWU9ImRhdGEiIFZhbHVlPSJ7JnF1b3Q7bmFtZSZxdW90OzomcXVvdDtNaWNyb3NvZnQuVmlzdWFsU3R1ZGlvLldlYi5Ccm93c2VyTGluay5Db3JlRXh0ZW5zaW9uRmFjdG9yeS5jb25uZWN0ZWQmcXVvdDssJnF1b3Q7Y2FsbGJhY2tJZCZxdW90OzoxfSIgUmVjb3JkZWRWYWx1ZT0ieyZxdW90O25hbWUmcXVvdDs6JnF1b3Q7TWljcm9zb2Z0LlZpc3VhbFN0dWRpby5XZWIuQnJvd3NlckxpbmsuQ29yZUV4dGVuc2lvbkZhY3RvcnkuY29ubmVjdGVkJnF1b3Q7LCZxdW90O2NhbGxiYWNrSWQmcXVvdDs6MX0iIENvcnJlbGF0aW9uQmluZGluZz0iIiBVcmxFbmNvZGU9IlRydWUiIC8+DQogICAgICA8L0Zvcm1Qb3N0SHR0cEJvZHk+DQogICAgPC9SZXF1ZXN0Pg0KICAgIDxSZXF1ZXN0IE1ldGhvZD0iUE9TVCIgR3VpZD0iNDc5MThkNzctOTMwMC00NmNhLWE1NDktOTU2Njg5MTQ0NmU3IiBWZXJzaW9uPSIxLjEiIFVybD0iaHR0cDovL2xvY2FsaG9zdDoxNzU0OS9hNDY4MDAwODNlMjk0MzlhODVkMjE2ZGJjOTIwM2I5NC9hcnRlcnlTaWduYWxSL3BvbGwiIFRoaW5rVGltZT0iMCIgVGltZW91dD0iMzAwIiBQYXJzZURlcGVuZGVudFJlcXVlc3RzPSJUcnVlIiBGb2xsb3dSZWRpcmVjdHM9IlRydWUiIFJlY29yZFJlc3VsdD0iVHJ1ZSIgQ2FjaGU9IkZhbHNlIiBSZXNwb25zZVRpbWVHb2FsPSIwIiBFbmNvZGluZz0idXRmLTgiIEV4cGVjdGVkSHR0cFN0YXR1c0NvZGU9IjAiIEV4cGVjdGVkUmVzcG9uc2VVcmw9IiIgUmVwb3J0aW5nTmFtZT0iIiBJZ25vcmVIdHRwU3RhdHVzQ29kZT0iRmFsc2UiPg0KICAgICAgPEhlYWRlcnM+DQogICAgICAgIDxIZWFkZXIgTmFtZT0iQ29udGVudC1UeXBlIiBWYWx1ZT0iYXBwbGljYXRpb24veC13d3ctZm9ybS11cmxlbmNvZGVkOyBjaGFyc2V0PVVURi04IiAvPg0KICAgICAgICA8SGVhZGVyIE5hbWU9IkFjY2VwdCIgVmFsdWU9InRleHQvcGxhaW4sICovKjsgcT0wLjAxIiAvPg0KICAgICAgICA8SGVhZGVyIE5hbWU9IlJlZmVyZXIiIFZhbHVlPSJodHRwOi8vbG9jYWxob3N0OjQ2MjMvQWNjb3VudC9Mb2dpbiIgLz4NCiAgICAgIDwvSGVhZGVycz4NCiAgICAgIDxRdWVyeVN0cmluZ1BhcmFtZXRlcnM+DQogICAgICAgIDxRdWVyeVN0cmluZ1BhcmFtZXRlciBOYW1lPSJ0cmFuc3BvcnQiIFZhbHVlPSJsb25nUG9sbGluZyIgUmVjb3JkZWRWYWx1ZT0ibG9uZ1BvbGxpbmciIENvcnJlbGF0aW9uQmluZGluZz0iIiBVcmxFbmNvZGU9IkZhbHNlIiBVc2VUb0dyb3VwUmVzdWx0cz0iRmFsc2UiIC8+DQogICAgICAgIDxRdWVyeVN0cmluZ1BhcmFtZXRlciBOYW1lPSJjb25uZWN0aW9uVG9rZW4iIFZhbHVlPSJBUUFBQU5DTW5kOEJGZEVSakhvQXdFJTJGQ2wlMkJzQkFBQUF6OHNFMVBWb2FVbXRsN2RURnVZWDdBQUFBQUFDQUFBQUFBQVFaZ0FBQUFFQUFDQUFBQUREWDczMDR3b0hRdVNtQWRHSDd1cUhDRHRhMnRzbFAyd2RTbTUlMkIyRXU2bWdBQUFBQU9nQUFBQUFJQUFDQUFBQUNvZmc2clpUd05BSkJBQ0xZQU9xUkVBMyUyQjlhNWdvUlpzRWhua2klMkJ6QUUlMkJEQUFBQUJBVUgweVRpcGFFMURGUUxJUTJOZjVCZkclMkJ4Y0xLZjY5ZFhNJTJGQ2lNTiUyRmMyS3ZNUzdPZGJXSmo2WiUyRmJGYXlEY1ZBQUFBQU5naHZNdGs4NUR3bFowaFdTc1piRDJwa0JUR0hlJTJGNU1yV0tQQWllNG80UFMyanAlMkI3SXFrSGhiZTJyRDBmZ3R2dSUyRmJPVnhGJTJGVmhRaHlJN1dZS1Q4UXclM0QlM0QiIFJlY29yZGVkVmFsdWU9IkFRQUFBTkNNbmQ4QkZkRVJqSG9Bd0UlMkZDbCUyQnNCQUFBQXo4c0UxUFZvYVVtdGw3ZFRGdVlYN0FBQUFBQUNBQUFBQUFBUVpnQUFBQUVBQUNBQUFBRERYNzMwNHdvSFF1U21BZEdIN3VxSENEdGEydHNsUDJ3ZFNtNSUyQjJFdTZtZ0FBQUFBT2dBQUFBQUlBQUNBQUFBQ29mZzZyWlR3TkFKQkFDTFlBT3FSRUEzJTJCOWE1Z29SWnNFaG5raSUyQnpBRSUyQkRBQUFBQkFVSDB5VGlwYUUxREZRTElRMk5mNUJmRyUyQnhjTEtmNjlkWE0lMkZDaU1OJTJGYzJLdk1TN09kYldKajZaJTJGYkZheURjVkFBQUFBTmdodk10azg1RHdsWjBoV1NzWmJEMnBrQlRHSGUlMkY1TXJXS1BBaWU0bzRQUzJqcCUyQjdJcWtIaGJlMnJEMGZndHZ1JTJGYk9WeEYlMkZWaFFoeUk3V1lLVDhRdyUzRCUzRCIgQ29ycmVsYXRpb25CaW5kaW5nPSIiIFVybEVuY29kZT0iRmFsc2UiIFVzZVRvR3JvdXBSZXN1bHRzPSJGYWxzZSIgLz4NCiAgICAgICAgPFF1ZXJ5U3RyaW5nUGFyYW1ldGVyIE5hbWU9Im1lc3NhZ2VJZCIgVmFsdWU9ImQtQUZCQkZCMUUtQiUyQzAlN0NFJTJDMSU3Q0YlMkMwIiBSZWNvcmRlZFZhbHVlPSJkLUFGQkJGQjFFLUIlMkMwJTdDRSUyQzElN0NGJTJDMCIgQ29ycmVsYXRpb25CaW5kaW5nPSIiIFVybEVuY29kZT0iRmFsc2UiIFVzZVRvR3JvdXBSZXN1bHRzPSJGYWxzZSIgLz4NCiAgICAgICAgPFF1ZXJ5U3RyaW5nUGFyYW1ldGVyIE5hbWU9InJlcXVlc3RVcmwiIFZhbHVlPSJodHRwJTNBJTJGJTJGbG9jYWxob3N0JTNBNDYyMyUyRkFjY291bnQlMkZMb2dpbiIgUmVjb3JkZWRWYWx1ZT0iaHR0cCUzQSUyRiUyRmxvY2FsaG9zdCUzQTQ2MjMlMkZBY2NvdW50JTJGTG9naW4iIENvcnJlbGF0aW9uQmluZGluZz0iIiBVcmxFbmNvZGU9IkZhbHNlIiBVc2VUb0dyb3VwUmVzdWx0cz0iRmFsc2UiIC8+DQogICAgICAgIDxRdWVyeVN0cmluZ1BhcmFtZXRlciBOYW1lPSJicm93c2VyTmFtZSIgVmFsdWU9IkludGVybmV0K0V4cGxvcmVyIiBSZWNvcmRlZFZhbHVlPSJJbnRlcm5ldCtFeHBsb3JlciIgQ29ycmVsYXRpb25CaW5kaW5nPSIiIFVybEVuY29kZT0iRmFsc2UiIFVzZVRvR3JvdXBSZXN1bHRzPSJGYWxzZSIgLz4NCiAgICAgICAgPFF1ZXJ5U3RyaW5nUGFyYW1ldGVyIE5hbWU9InRpZCIgVmFsdWU9IjEwIiBSZWNvcmRlZFZhbHVlPSIxMCIgQ29ycmVsYXRpb25CaW5kaW5nPSIiIFVybEVuY29kZT0iRmFsc2UiIFVzZVRvR3JvdXBSZXN1bHRzPSJGYWxzZSIgLz4NCiAgICAgICAgPFF1ZXJ5U3RyaW5nUGFyYW1ldGVyIE5hbWU9Il8iIFZhbHVlPSIxMzk3NjMwOTI1Mzk3IiBSZWNvcmRlZFZhbHVlPSIxMzk3NjMwOTI1Mzk3IiBDb3JyZWxhdGlvbkJpbmRpbmc9IiIgVXJsRW5jb2RlPSJGYWxzZSIgVXNlVG9Hcm91cFJlc3VsdHM9IkZhbHNlIiAvPg0KICAgICAgPC9RdWVyeVN0cmluZ1BhcmFtZXRlcnM+DQogICAgICA8Rm9ybVBvc3RIdHRwQm9keSAvPg0KICAgIDwvUmVxdWVzdD4NCiAgICA8UmVxdWVzdCBNZXRob2Q9IlBPU1QiIEd1aWQ9IjEyZmFlZThhLTM0ZDYtNGM4ZC1hN2NlLThmYzg3NDVhNzIwMCIgVmVyc2lvbj0iMS4xIiBVcmw9Imh0dHA6Ly9sb2NhbGhvc3Q6MTc1NDkvYTQ2ODAwMDgzZTI5NDM5YTg1ZDIxNmRiYzkyMDNiOTQvYXJ0ZXJ5U2lnbmFsUi9zZW5kIiBUaGlua1RpbWU9IjAiIFRpbWVvdXQ9IjMwMCIgUGFyc2VEZXBlbmRlbnRSZXF1ZXN0cz0iVHJ1ZSIgRm9sbG93UmVkaXJlY3RzPSJUcnVlIiBSZWNvcmRSZXN1bHQ9IlRydWUiIENhY2hlPSJGYWxzZSIgUmVzcG9uc2VUaW1lR29hbD0iMCIgRW5jb2Rpbmc9InV0Zi04IiBFeHBlY3RlZEh0dHBTdGF0dXNDb2RlPSIwIiBFeHBlY3RlZFJlc3BvbnNlVXJsPSIiIFJlcG9ydGluZ05hbWU9IiIgSWdub3JlSHR0cFN0YXR1c0NvZGU9IkZhbHNlIj4NCiAgICAgIDxIZWFkZXJzPg0KICAgICAgICA8SGVhZGVyIE5hbWU9IkFjY2VwdCIgVmFsdWU9InRleHQvcGxhaW4sICovKjsgcT0wLjAxIiAvPg0KICAgICAgICA8SGVhZGVyIE5hbWU9IlJlZmVyZXIiIFZhbHVlPSJodHRwOi8vbG9jYWxob3N0OjQ2MjMvQWNjb3VudC9Mb2dpbiIgLz4NCiAgICAgIDwvSGVhZGVycz4NCiAgICAgIDxRdWVyeVN0cmluZ1BhcmFtZXRlcnM+DQogICAgICAgIDxRdWVyeVN0cmluZ1BhcmFtZXRlciBOYW1lPSJ0cmFuc3BvcnQiIFZhbHVlPSJsb25nUG9sbGluZyIgUmVjb3JkZWRWYWx1ZT0ibG9uZ1BvbGxpbmciIENvcnJlbGF0aW9uQmluZGluZz0iIiBVcmxFbmNvZGU9IkZhbHNlIiBVc2VUb0dyb3VwUmVzdWx0cz0iRmFsc2UiIC8+DQogICAgICAgIDxRdWVyeVN0cmluZ1BhcmFtZXRlciBOYW1lPSJjb25uZWN0aW9uVG9rZW4iIFZhbHVlPSJBUUFBQU5DTW5kOEJGZEVSakhvQXdFJTJGQ2wlMkJzQkFBQUF6OHNFMVBWb2FVbXRsN2RURnVZWDdBQUFBQUFDQUFBQUFBQVFaZ0FBQUFFQUFDQUFBQUREWDczMDR3b0hRdVNtQWRHSDd1cUhDRHRhMnRzbFAyd2RTbTUlMkIyRXU2bWdBQUFBQU9nQUFBQUFJQUFDQUFBQUNvZmc2clpUd05BSkJBQ0xZQU9xUkVBMyUyQjlhNWdvUlpzRWhua2klMkJ6QUUlMkJEQUFBQUJBVUgweVRpcGFFMURGUUxJUTJOZjVCZkclMkJ4Y0xLZjY5ZFhNJTJGQ2lNTiUyRmMyS3ZNUzdPZGJXSmo2WiUyRmJGYXlEY1ZBQUFBQU5naHZNdGs4NUR3bFowaFdTc1piRDJwa0JUR0hlJTJGNU1yV0tQQWllNG80UFMyanAlMkI3SXFrSGhiZTJyRDBmZ3R2dSUyRmJPVnhGJTJGVmhRaHlJN1dZS1Q4UXclM0QlM0QiIFJlY29yZGVkVmFsdWU9IkFRQUFBTkNNbmQ4QkZkRVJqSG9Bd0UlMkZDbCUyQnNCQUFBQXo4c0UxUFZvYVVtdGw3ZFRGdVlYN0FBQUFBQUNBQUFBQUFBUVpnQUFBQUVBQUNBQUFBRERYNzMwNHdvSFF1U21BZEdIN3VxSENEdGEydHNsUDJ3ZFNtNSUyQjJFdTZtZ0FBQUFBT2dBQUFBQUlBQUNBQUFBQ29mZzZyWlR3TkFKQkFDTFlBT3FSRUEzJTJCOWE1Z29SWnNFaG5raSUyQnpBRSUyQkRBQUFBQkFVSDB5VGlwYUUxREZRTElRMk5mNUJmRyUyQnhjTEtmNjlkWE0lMkZDaU1OJTJGYzJLdk1TN09kYldKajZaJTJGYkZheURjVkFBQUFBTmdodk10azg1RHdsWjBoV1NzWmJEMnBrQlRHSGUlMkY1TXJXS1BBaWU0bzRQUzJqcCUyQjdJcWtIaGJlMnJEMGZndHZ1JTJGYk9WeEYlMkZWaFFoeUk3V1lLVDhRdyUzRCUzRCIgQ29ycmVsYXRpb25CaW5kaW5nPSIiIFVybEVuY29kZT0iRmFsc2UiIFVzZVRvR3JvdXBSZXN1bHRzPSJGYWxzZSIgLz4NCiAgICAgICAgPFF1ZXJ5U3RyaW5nUGFyYW1ldGVyIE5hbWU9InJlcXVlc3RVcmwiIFZhbHVlPSJodHRwJTNBJTJGJTJGbG9jYWxob3N0JTNBNDYyMyUyRkFjY291bnQlMkZMb2dpbiIgUmVjb3JkZWRWYWx1ZT0iaHR0cCUzQSUyRiUyRmxvY2FsaG9zdCUzQTQ2MjMlMkZBY2NvdW50JTJGTG9naW4iIENvcnJlbGF0aW9uQmluZGluZz0iIiBVcmxFbmNvZGU9IkZhbHNlIiBVc2VUb0dyb3VwUmVzdWx0cz0iRmFsc2UiIC8+DQogICAgICAgIDxRdWVyeVN0cmluZ1BhcmFtZXRlciBOYW1lPSJicm93c2VyTmFtZSIgVmFsdWU9IkludGVybmV0K0V4cGxvcmVyIiBSZWNvcmRlZFZhbHVlPSJJbnRlcm5ldCtFeHBsb3JlciIgQ29ycmVsYXRpb25CaW5kaW5nPSIiIFVybEVuY29kZT0iRmFsc2UiIFVzZVRvR3JvdXBSZXN1bHRzPSJGYWxzZSIgLz4NCiAgICAgIDwvUXVlcnlTdHJpbmdQYXJhbWV0ZXJzPg0KICAgICAgPEZvcm1Qb3N0SHR0cEJvZHk+DQogICAgICAgIDxGb3JtUG9zdFBhcmFtZXRlciBOYW1lPSJkYXRhIiBWYWx1ZT0ieyZxdW90O25hbWUmcXVvdDs6JnF1b3Q7bWljcm9zb2Z0LnZpc3VhbHN0dWRpby53ZWIuYnJvd3NlcmxpbmsuaHRtbG1hcHBpbmdleHRlbnNpb25mYWN0b3J5LnJlc29sdmVVcmwmcXVvdDssJnF1b3Q7YXJncyZxdW90OzpbJnF1b3Q7fi9fX2Jyb3dzZXJMaW5rL3JlcXVlc3REYXRhL2UwODExNjJmODI5YzQwZGE4NjEyNGZkNzE3ZjQwMDBjJnF1b3Q7XSwmcXVvdDtjYWxsYmFja0lkJnF1b3Q7OjJ9IiBSZWNvcmRlZFZhbHVlPSJ7JnF1b3Q7bmFtZSZxdW90OzomcXVvdDttaWNyb3NvZnQudmlzdWFsc3R1ZGlvLndlYi5icm93c2VybGluay5odG1sbWFwcGluZ2V4dGVuc2lvbmZhY3RvcnkucmVzb2x2ZVVybCZxdW90OywmcXVvdDthcmdzJnF1b3Q7OlsmcXVvdDt+L19fYnJvd3NlckxpbmsvcmVxdWVzdERhdGEvZTA4MTE2MmY4MjljNDBkYTg2MTI0ZmQ3MTdmNDAwMGMmcXVvdDtdLCZxdW90O2NhbGxiYWNrSWQmcXVvdDs6Mn0iIENvcnJlbGF0aW9uQmluZGluZz0iIiBVcmxFbmNvZGU9IlRydWUiIC8+DQogICAgICA8L0Zvcm1Qb3N0SHR0cEJvZHk+DQogICAgPC9SZXF1ZXN0Pg0KICAgIDxSZXF1ZXN0IE1ldGhvZD0iUE9TVCIgR3VpZD0iNmE0NjJkNzMtMzc5Ny00MzkyLTk1ZGQtMjJmNTc2YTZmNzRkIiBWZXJzaW9uPSIxLjEiIFVybD0iaHR0cDovL2xvY2FsaG9zdDoxNzU0OS9hNDY4MDAwODNlMjk0MzlhODVkMjE2ZGJjOTIwM2I5NC9hcnRlcnlTaWduYWxSL3BvbGwiIFRoaW5rVGltZT0iMCIgVGltZW91dD0iMzAwIiBQYXJzZURlcGVuZGVudFJlcXVlc3RzPSJUcnVlIiBGb2xsb3dSZWRpcmVjdHM9IlRydWUiIFJlY29yZFJlc3VsdD0iVHJ1ZSIgQ2FjaGU9IkZhbHNlIiBSZXNwb25zZVRpbWVHb2FsPSIwIiBFbmNvZGluZz0idXRmLTgiIEV4cGVjdGVkSHR0cFN0YXR1c0NvZGU9IjAiIEV4cGVjdGVkUmVzcG9uc2VVcmw9IiIgUmVwb3J0aW5nTmFtZT0iIiBJZ25vcmVIdHRwU3RhdHVzQ29kZT0iRmFsc2UiPg0KICAgICAgPEhlYWRlcnM+DQogICAgICAgIDxIZWFkZXIgTmFtZT0iQ29udGVudC1UeXBlIiBWYWx1ZT0iYXBwbGljYXRpb24veC13d3ctZm9ybS11cmxlbmNvZGVkOyBjaGFyc2V0PVVURi04IiAvPg0KICAgICAgICA8SGVhZGVyIE5hbWU9IkFjY2VwdCIgVmFsdWU9InRleHQvcGxhaW4sICovKjsgcT0wLjAxIiAvPg0KICAgICAgICA8SGVhZGVyIE5hbWU9IlJlZmVyZXIiIFZhbHVlPSJodHRwOi8vbG9jYWxob3N0OjQ2MjMvQWNjb3VudC9Mb2dpbiIgLz4NCiAgICAgIDwvSGVhZGVycz4NCiAgICAgIDxRdWVyeVN0cmluZ1BhcmFtZXRlcnM+DQogICAgICAgIDxRdWVyeVN0cmluZ1BhcmFtZXRlciBOYW1lPSJ0cmFuc3BvcnQiIFZhbHVlPSJsb25nUG9sbGluZyIgUmVjb3JkZWRWYWx1ZT0ibG9uZ1BvbGxpbmciIENvcnJlbGF0aW9uQmluZGluZz0iIiBVcmxFbmNvZGU9IkZhbHNlIiBVc2VUb0dyb3VwUmVzdWx0cz0iRmFsc2UiIC8+DQogICAgICAgIDxRdWVyeVN0cmluZ1BhcmFtZXRlciBOYW1lPSJjb25uZWN0aW9uVG9rZW4iIFZhbHVlPSJBUUFBQU5DTW5kOEJGZEVSakhvQXdFJTJGQ2wlMkJzQkFBQUF6OHNFMVBWb2FVbXRsN2RURnVZWDdBQUFBQUFDQUFBQUFBQVFaZ0FBQUFFQUFDQUFBQUREWDczMDR3b0hRdVNtQWRHSDd1cUhDRHRhMnRzbFAyd2RTbTUlMkIyRXU2bWdBQUFBQU9nQUFBQUFJQUFDQUFBQUNvZmc2clpUd05BSkJBQ0xZQU9xUkVBMyUyQjlhNWdvUlpzRWhua2klMkJ6QUUlMkJEQUFBQUJBVUgweVRpcGFFMURGUUxJUTJOZjVCZkclMkJ4Y0xLZjY5ZFhNJTJGQ2lNTiUyRmMyS3ZNUzdPZGJXSmo2WiUyRmJGYXlEY1ZBQUFBQU5naHZNdGs4NUR3bFowaFdTc1piRDJwa0JUR0hlJTJGNU1yV0tQQWllNG80UFMyanAlMkI3SXFrSGhiZTJyRDBmZ3R2dSUyRmJPVnhGJTJGVmhRaHlJN1dZS1Q4UXclM0QlM0QiIFJlY29yZGVkVmFsdWU9IkFRQUFBTkNNbmQ4QkZkRVJqSG9Bd0UlMkZDbCUyQnNCQUFBQXo4c0UxUFZvYVVtdGw3ZFRGdVlYN0FBQUFBQUNBQUFBQUFBUVpnQUFBQUVBQUNBQUFBRERYNzMwNHdvSFF1U21BZEdIN3VxSENEdGEydHNsUDJ3ZFNtNSUyQjJFdTZtZ0FBQUFBT2dBQUFBQUlBQUNBQUFBQ29mZzZyWlR3TkFKQkFDTFlBT3FSRUEzJTJCOWE1Z29SWnNFaG5raSUyQnpBRSUyQkRBQUFBQkFVSDB5VGlwYUUxREZRTElRMk5mNUJmRyUyQnhjTEtmNjlkWE0lMkZDaU1OJTJGYzJLdk1TN09kYldKajZaJTJGYkZheURjVkFBQUFBTmdodk10azg1RHdsWjBoV1NzWmJEMnBrQlRHSGUlMkY1TXJXS1BBaWU0bzRQUzJqcCUyQjdJcWtIaGJlMnJEMGZndHZ1JTJGYk9WeEYlMkZWaFFoeUk3V1lLVDhRdyUzRCUzRCIgQ29ycmVsYXRpb25CaW5kaW5nPSIiIFVybEVuY29kZT0iRmFsc2UiIFVzZVRvR3JvdXBSZXN1bHRzPSJGYWxzZSIgLz4NCiAgICAgICAgPFF1ZXJ5U3RyaW5nUGFyYW1ldGVyIE5hbWU9Im1lc3NhZ2VJZCIgVmFsdWU9ImQtQUZCQkZCMUUtQiUyQzAlN0NFJTJDMiU3Q0YlMkMwIiBSZWNvcmRlZFZhbHVlPSJkLUFGQkJGQjFFLUIlMkMwJTdDRSUyQzIlN0NGJTJDMCIgQ29ycmVsYXRpb25CaW5kaW5nPSIiIFVybEVuY29kZT0iRmFsc2UiIFVzZVRvR3JvdXBSZXN1bHRzPSJGYWxzZSIgLz4NCiAgICAgICAgPFF1ZXJ5U3RyaW5nUGFyYW1ldGVyIE5hbWU9InJlcXVlc3RVcmwiIFZhbHVlPSJodHRwJTNBJTJGJTJGbG9jYWxob3N0JTNBNDYyMyUyRkFjY291bnQlMkZMb2dpbiIgUmVjb3JkZWRWYWx1ZT0iaHR0cCUzQSUyRiUyRmxvY2FsaG9zdCUzQTQ2MjMlMkZBY2NvdW50JTJGTG9naW4iIENvcnJlbGF0aW9uQmluZGluZz0iIiBVcmxFbmNvZGU9IkZhbHNlIiBVc2VUb0dyb3VwUmVzdWx0cz0iRmFsc2UiIC8+DQogICAgICAgIDxRdWVyeVN0cmluZ1BhcmFtZXRlciBOYW1lPSJicm93c2VyTmFtZSIgVmFsdWU9IkludGVybmV0K0V4cGxvcmVyIiBSZWNvcmRlZFZhbHVlPSJJbnRlcm5ldCtFeHBsb3JlciIgQ29ycmVsYXRpb25CaW5kaW5nPSIiIFVybEVuY29kZT0iRmFsc2UiIFVzZVRvR3JvdXBSZXN1bHRzPSJGYWxzZSIgLz4NCiAgICAgICAgPFF1ZXJ5U3RyaW5nUGFyYW1ldGVyIE5hbWU9InRpZCIgVmFsdWU9IjMiIFJlY29yZGVkVmFsdWU9IjMiIENvcnJlbGF0aW9uQmluZGluZz0iIiBVcmxFbmNvZGU9IkZhbHNlIiBVc2VUb0dyb3VwUmVzdWx0cz0iRmFsc2UiIC8+DQogICAgICAgIDxRdWVyeVN0cmluZ1BhcmFtZXRlciBOYW1lPSJfIiBWYWx1ZT0iMTM5NzYzMDkyNTU4OSIgUmVjb3JkZWRWYWx1ZT0iMTM5NzYzMDkyNTU4OSIgQ29ycmVsYXRpb25CaW5kaW5nPSIiIFVybEVuY29kZT0iRmFsc2UiIFVzZVRvR3JvdXBSZXN1bHRzPSJGYWxzZSIgLz4NCiAgICAgIDwvUXVlcnlTdHJpbmdQYXJhbWV0ZXJzPg0KICAgICAgPEZvcm1Qb3N0SHR0cEJvZHkgLz4NCiAgICA8L1JlcXVlc3Q+DQogICAgPFJlcXVlc3QgTWV0aG9kPSJHRVQiIEd1aWQ9IjM5NmNiZmNiLTlmMmItNGRiMi1iMjJlLThlNGVlNzEwNDA5MyIgVmVyc2lvbj0iMS4xIiBVcmw9Imh0dHA6Ly9sb2NhbGhvc3Q6NDYyMy9fX2Jyb3dzZXJMaW5rL3JlcXVlc3REYXRhL2UwODExNjJmODI5YzQwZGE4NjEyNGZkNzE3ZjQwMDBjIiBUaGlua1RpbWU9IjAiIFRpbWVvdXQ9IjMwMCIgUGFyc2VEZXBlbmRlbnRSZXF1ZXN0cz0iVHJ1ZSIgRm9sbG93UmVkaXJlY3RzPSJUcnVlIiBSZWNvcmRSZXN1bHQ9IlRydWUiIENhY2hlPSJGYWxzZSIgUmVzcG9uc2VUaW1lR29hbD0iMCIgRW5jb2Rpbmc9InV0Zi04IiBFeHBlY3RlZEh0dHBTdGF0dXNDb2RlPSIwIiBFeHBlY3RlZFJlc3BvbnNlVXJsPSIiIFJlcG9ydGluZ05hbWU9IiIgSWdub3JlSHR0cFN0YXR1c0NvZGU9IkZhbHNlIj4NCiAgICAgIDxIZWFkZXJzPg0KICAgICAgICA8SGVhZGVyIE5hbWU9IkFjY2VwdCIgVmFsdWU9ImFwcGxpY2F0aW9uL2pzb24sIHRleHQvamF2YXNjcmlwdCwgKi8qOyBxPTAuMDEiIC8+DQogICAgICAgIDxIZWFkZXIgTmFtZT0iWC1SZXF1ZXN0ZWQtV2l0aCIgVmFsdWU9IlhNTEh0dHBSZXF1ZXN0IiAvPg0KICAgICAgICA8SGVhZGVyIE5hbWU9IlJlZmVyZXIiIFZhbHVlPSJodHRwOi8vbG9jYWxob3N0OjQ2MjMvQWNjb3VudC9Mb2dpbiIgLz4NCiAgICAgIDwvSGVhZGVycz4NCiAgICA8L1JlcXVlc3Q+DQogICAgPFJlcXVlc3QgTWV0aG9kPSJQT1NUIiBHdWlkPSI1NjgwY2FjYi01NDI4LTQ1ZDQtOTU0ZC02NTFhZmMwMjk5ZGYiIFZlcnNpb249IjEuMSIgVXJsPSJodHRwOi8vbG9jYWxob3N0OjE3NTQ5L2E0NjgwMDA4M2UyOTQzOWE4NWQyMTZkYmM5MjAzYjk0L2FydGVyeVNpZ25hbFIvcG9sbCIgVGhpbmtUaW1lPSIwIiBUaW1lb3V0PSIzMDAiIFBhcnNlRGVwZW5kZW50UmVxdWVzdHM9IlRydWUiIEZvbGxvd1JlZGlyZWN0cz0iVHJ1ZSIgUmVjb3JkUmVzdWx0PSJUcnVlIiBDYWNoZT0iRmFsc2UiIFJlc3BvbnNlVGltZUdvYWw9IjAiIEVuY29kaW5nPSJ1dGYtOCIgRXhwZWN0ZWRIdHRwU3RhdHVzQ29kZT0iMCIgRXhwZWN0ZWRSZXNwb25zZVVybD0iIiBSZXBvcnRpbmdOYW1lPSIiIElnbm9yZUh0dHBTdGF0dXNDb2RlPSJGYWxzZSI+DQogICAgICA8SGVhZGVycz4NCiAgICAgICAgPEhlYWRlciBOYW1lPSJDb250ZW50LVR5cGUiIFZhbHVlPSJhcHBsaWNhdGlvbi94LXd3dy1mb3JtLXVybGVuY29kZWQ7IGNoYXJzZXQ9VVRGLTgiIC8+DQogICAgICAgIDxIZWFkZXIgTmFtZT0iQWNjZXB0IiBWYWx1ZT0idGV4dC9wbGFpbiwgKi8qOyBxPTAuMDEiIC8+DQogICAgICAgIDxIZWFkZXIgTmFtZT0iUmVmZXJlciIgVmFsdWU9Imh0dHA6Ly9sb2NhbGhvc3Q6NDYyMy9BY2NvdW50L0xvZ2luIiAvPg0KICAgICAgPC9IZWFkZXJzPg0KICAgICAgPFF1ZXJ5U3RyaW5nUGFyYW1ldGVycz4NCiAgICAgICAgPFF1ZXJ5U3RyaW5nUGFyYW1ldGVyIE5hbWU9InRyYW5zcG9ydCIgVmFsdWU9ImxvbmdQb2xsaW5nIiBSZWNvcmRlZFZhbHVlPSJsb25nUG9sbGluZyIgQ29ycmVsYXRpb25CaW5kaW5nPSIiIFVybEVuY29kZT0iRmFsc2UiIFVzZVRvR3JvdXBSZXN1bHRzPSJGYWxzZSIgLz4NCiAgICAgICAgPFF1ZXJ5U3RyaW5nUGFyYW1ldGVyIE5hbWU9ImNvbm5lY3Rpb25Ub2tlbiIgVmFsdWU9IkFRQUFBTkNNbmQ4QkZkRVJqSG9Bd0UlMkZDbCUyQnNCQUFBQXo4c0UxUFZvYVVtdGw3ZFRGdVlYN0FBQUFBQUNBQUFBQUFBUVpnQUFBQUVBQUNBQUFBRERYNzMwNHdvSFF1U21BZEdIN3VxSENEdGEydHNsUDJ3ZFNtNSUyQjJFdTZtZ0FBQUFBT2dBQUFBQUlBQUNBQUFBQ29mZzZyWlR3TkFKQkFDTFlBT3FSRUEzJTJCOWE1Z29SWnNFaG5raSUyQnpBRSUyQkRBQUFBQkFVSDB5VGlwYUUxREZRTElRMk5mNUJmRyUyQnhjTEtmNjlkWE0lMkZDaU1OJTJGYzJLdk1TN09kYldKajZaJTJGYkZheURjVkFBQUFBTmdodk10azg1RHdsWjBoV1NzWmJEMnBrQlRHSGUlMkY1TXJXS1BBaWU0bzRQUzJqcCUyQjdJcWtIaGJlMnJEMGZndHZ1JTJGYk9WeEYlMkZWaFFoeUk3V1lLVDhRdyUzRCUzRCIgUmVjb3JkZWRWYWx1ZT0iQVFBQUFOQ01uZDhCRmRFUmpIb0F3RSUyRkNsJTJCc0JBQUFBejhzRTFQVm9hVW10bDdkVEZ1WVg3QUFBQUFBQ0FBQUFBQUFRWmdBQUFBRUFBQ0FBQUFERFg3MzA0d29IUXVTbUFkR0g3dXFIQ0R0YTJ0c2xQMndkU201JTJCMkV1Nm1nQUFBQUFPZ0FBQUFBSUFBQ0FBQUFDb2ZnNnJaVHdOQUpCQUNMWUFPcVJFQTMlMkI5YTVnb1Jac0VobmtpJTJCekFFJTJCREFBQUFCQVVIMHlUaXBhRTFERlFMSVEyTmY1QmZHJTJCeGNMS2Y2OWRYTSUyRkNpTU4lMkZjMkt2TVM3T2RiV0pqNlolMkZiRmF5RGNWQUFBQUFOZ2h2TXRrODVEd2xaMGhXU3NaYkQycGtCVEdIZSUyRjVNcldLUEFpZTRvNFBTMmpwJTJCN0lxa0hoYmUyckQwZmd0dnUlMkZiT1Z4RiUyRlZoUWh5STdXWUtUOFF3JTNEJTNEIiBDb3JyZWxhdGlvbkJpbmRpbmc9IiIgVXJsRW5jb2RlPSJGYWxzZSIgVXNlVG9Hcm91cFJlc3VsdHM9IkZhbHNlIiAvPg0KICAgICAgICA8UXVlcnlTdHJpbmdQYXJhbWV0ZXIgTmFtZT0ibWVzc2FnZUlkIiBWYWx1ZT0iZC1BRkJCRkIxRS1CJTJDMCU3Q0UlMkMzJTdDRiUyQzAiIFJlY29yZGVkVmFsdWU9ImQtQUZCQkZCMUUtQiUyQzAlN0NFJTJDMyU3Q0YlMkMwIiBDb3JyZWxhdGlvbkJpbmRpbmc9IiIgVXJsRW5jb2RlPSJGYWxzZSIgVXNlVG9Hcm91cFJlc3VsdHM9IkZhbHNlIiAvPg0KICAgICAgICA8UXVlcnlTdHJpbmdQYXJhbWV0ZXIgTmFtZT0icmVxdWVzdFVybCIgVmFsdWU9Imh0dHAlM0ElMkYlMkZsb2NhbGhvc3QlM0E0NjIzJTJGQWNjb3VudCUyRkxvZ2luIiBSZWNvcmRlZFZhbHVlPSJodHRwJTNBJTJGJTJGbG9jYWxob3N0JTNBNDYyMyUyRkFjY291bnQlMkZMb2dpbiIgQ29ycmVsYXRpb25CaW5kaW5nPSIiIFVybEVuY29kZT0iRmFsc2UiIFVzZVRvR3JvdXBSZXN1bHRzPSJGYWxzZSIgLz4NCiAgICAgICAgPFF1ZXJ5U3RyaW5nUGFyYW1ldGVyIE5hbWU9ImJyb3dzZXJOYW1lIiBWYWx1ZT0iSW50ZXJuZXQrRXhwbG9yZXIiIFJlY29yZGVkVmFsdWU9IkludGVybmV0K0V4cGxvcmVyIiBDb3JyZWxhdGlvbkJpbmRpbmc9IiIgVXJsRW5jb2RlPSJGYWxzZSIgVXNlVG9Hcm91cFJlc3VsdHM9IkZhbHNlIiAvPg0KICAgICAgICA8UXVlcnlTdHJpbmdQYXJhbWV0ZXIgTmFtZT0idGlkIiBWYWx1ZT0iMiIgUmVjb3JkZWRWYWx1ZT0iMiIgQ29ycmVsYXRpb25CaW5kaW5nPSIiIFVybEVuY29kZT0iRmFsc2UiIFVzZVRvR3JvdXBSZXN1bHRzPSJGYWxzZSIgLz4NCiAgICAgICAgPFF1ZXJ5U3RyaW5nUGFyYW1ldGVyIE5hbWU9Il8iIFZhbHVlPSIxMzk3NjMwOTI1NjM2IiBSZWNvcmRlZFZhbHVlPSIxMzk3NjMwOTI1NjM2IiBDb3JyZWxhdGlvbkJpbmRpbmc9IiIgVXJsRW5jb2RlPSJGYWxzZSIgVXNlVG9Hcm91cFJlc3VsdHM9IkZhbHNlIiAvPg0KICAgICAgPC9RdWVyeVN0cmluZ1BhcmFtZXRlcnM+DQogICAgICA8Rm9ybVBvc3RIdHRwQm9keSAvPg0KICAgIDwvUmVxdWVzdD4NCiAgICA8UmVxdWVzdCBNZXRob2Q9IlBPU1QiIEd1aWQ9ImRjMDE5NzJkLTk4OWItNDE1OC1iYzVlLTIyZWJhOWFkNWM5MCIgVmVyc2lvbj0iMS4xIiBVcmw9Imh0dHA6Ly9sb2NhbGhvc3Q6MTc1NDkvYTQ2ODAwMDgzZTI5NDM5YTg1ZDIxNmRiYzkyMDNiOTQvYXJ0ZXJ5U2lnbmFsUi9zZW5kIiBUaGlua1RpbWU9IjAiIFRpbWVvdXQ9IjMwMCIgUGFyc2VEZXBlbmRlbnRSZXF1ZXN0cz0iVHJ1ZSIgRm9sbG93UmVkaXJlY3RzPSJUcnVlIiBSZWNvcmRSZXN1bHQ9IlRydWUiIENhY2hlPSJGYWxzZSIgUmVzcG9uc2VUaW1lR29hbD0iMCIgRW5jb2Rpbmc9InV0Zi04IiBFeHBlY3RlZEh0dHBTdGF0dXNDb2RlPSIwIiBFeHBlY3RlZFJlc3BvbnNlVXJsPSIiIFJlcG9ydGluZ05hbWU9IiIgSWdub3JlSHR0cFN0YXR1c0NvZGU9IkZhbHNlIj4NCiAgICAgIDxIZWFkZXJzPg0KICAgICAgICA8SGVhZGVyIE5hbWU9IkFjY2VwdCIgVmFsdWU9InRleHQvcGxhaW4sICovKjsgcT0wLjAxIiAvPg0KICAgICAgICA8SGVhZGVyIE5hbWU9IlJlZmVyZXIiIFZhbHVlPSJodHRwOi8vbG9jYWxob3N0OjQ2MjMvQWNjb3VudC9Mb2dpbiIgLz4NCiAgICAgIDwvSGVhZGVycz4NCiAgICAgIDxRdWVyeVN0cmluZ1BhcmFtZXRlcnM+DQogICAgICAgIDxRdWVyeVN0cmluZ1BhcmFtZXRlciBOYW1lPSJ0cmFuc3BvcnQiIFZhbHVlPSJsb25nUG9sbGluZyIgUmVjb3JkZWRWYWx1ZT0ibG9uZ1BvbGxpbmciIENvcnJlbGF0aW9uQmluZGluZz0iIiBVcmxFbmNvZGU9IkZhbHNlIiBVc2VUb0dyb3VwUmVzdWx0cz0iRmFsc2UiIC8+DQogICAgICAgIDxRdWVyeVN0cmluZ1BhcmFtZXRlciBOYW1lPSJjb25uZWN0aW9uVG9rZW4iIFZhbHVlPSJBUUFBQU5DTW5kOEJGZEVSakhvQXdFJTJGQ2wlMkJzQkFBQUF6OHNFMVBWb2FVbXRsN2RURnVZWDdBQUFBQUFDQUFBQUFBQVFaZ0FBQUFFQUFDQUFBQUREWDczMDR3b0hRdVNtQWRHSDd1cUhDRHRhMnRzbFAyd2RTbTUlMkIyRXU2bWdBQUFBQU9nQUFBQUFJQUFDQUFBQUNvZmc2clpUd05BSkJBQ0xZQU9xUkVBMyUyQjlhNWdvUlpzRWhua2klMkJ6QUUlMkJEQUFBQUJBVUgweVRpcGFFMURGUUxJUTJOZjVCZkclMkJ4Y0xLZjY5ZFhNJTJGQ2lNTiUyRmMyS3ZNUzdPZGJXSmo2WiUyRmJGYXlEY1ZBQUFBQU5naHZNdGs4NUR3bFowaFdTc1piRDJwa0JUR0hlJTJGNU1yV0tQQWllNG80UFMyanAlMkI3SXFrSGhiZTJyRDBmZ3R2dSUyRmJPVnhGJTJGVmhRaHlJN1dZS1Q4UXclM0QlM0QiIFJlY29yZGVkVmFsdWU9IkFRQUFBTkNNbmQ4QkZkRVJqSG9Bd0UlMkZDbCUyQnNCQUFBQXo4c0UxUFZvYVVtdGw3ZFRGdVlYN0FBQUFBQUNBQUFBQUFBUVpnQUFBQUVBQUNBQUFBRERYNzMwNHdvSFF1U21BZEdIN3VxSENEdGEydHNsUDJ3ZFNtNSUyQjJFdTZtZ0FBQUFBT2dBQUFBQUlBQUNBQUFBQ29mZzZyWlR3TkFKQkFDTFlBT3FSRUEzJTJCOWE1Z29SWnNFaG5raSUyQnpBRSUyQkRBQUFBQkFVSDB5VGlwYUUxREZRTElRMk5mNUJmRyUyQnhjTEtmNjlkWE0lMkZDaU1OJTJGYzJLdk1TN09kYldKajZaJTJGYkZheURjVkFBQUFBTmdodk10azg1RHdsWjBoV1NzWmJEMnBrQlRHSGUlMkY1TXJXS1BBaWU0bzRQUzJqcCUyQjdJcWtIaGJlMnJEMGZndHZ1JTJGYk9WeEYlMkZWaFFoeUk3V1lLVDhRdyUzRCUzRCIgQ29ycmVsYXRpb25CaW5kaW5nPSIiIFVybEVuY29kZT0iRmFsc2UiIFVzZVRvR3JvdXBSZXN1bHRzPSJGYWxzZSIgLz4NCiAgICAgICAgPFF1ZXJ5U3RyaW5nUGFyYW1ldGVyIE5hbWU9InJlcXVlc3RVcmwiIFZhbHVlPSJodHRwJTNBJTJGJTJGbG9jYWxob3N0JTNBNDYyMyUyRkFjY291bnQlMkZMb2dpbiIgUmVjb3JkZWRWYWx1ZT0iaHR0cCUzQSUyRiUyRmxvY2FsaG9zdCUzQTQ2MjMlMkZBY2NvdW50JTJGTG9naW4iIENvcnJlbGF0aW9uQmluZGluZz0iIiBVcmxFbmNvZGU9IkZhbHNlIiBVc2VUb0dyb3VwUmVzdWx0cz0iRmFsc2UiIC8+DQogICAgICAgIDxRdWVyeVN0cmluZ1BhcmFtZXRlciBOYW1lPSJicm93c2VyTmFtZSIgVmFsdWU9IkludGVybmV0K0V4cGxvcmVyIiBSZWNvcmRlZFZhbHVlPSJJbnRlcm5ldCtFeHBsb3JlciIgQ29ycmVsYXRpb25CaW5kaW5nPSIiIFVybEVuY29kZT0iRmFsc2UiIFVzZVRvR3JvdXBSZXN1bHRzPSJGYWxzZSIgLz4NCiAgICAgIDwvUXVlcnlTdHJpbmdQYXJhbWV0ZXJzPg0KICAgICAgPEZvcm1Qb3N0SHR0cEJvZHk+DQogICAgICAgIDxGb3JtUG9zdFBhcmFtZXRlciBOYW1lPSJkYXRhIiBWYWx1ZT0ieyZxdW90O25hbWUmcXVvdDs6JnF1b3Q7bWljcm9zb2Z0LnZpc3VhbHN0dWRpby53ZWIuYnJvd3NlcmxpbmsuaHRtbG1hcHBpbmdleHRlbnNpb25mYWN0b3J5LnJlc29sdmVTb3VyY2VGaWxlUGF0aHMmcXVvdDssJnF1b3Q7YXJncyZxdW90OzpbWyZxdW90O34vVmlld3MvQWNjb3VudC9Mb2dpbi5jc2h0bWwmcXVvdDtdXSwmcXVvdDtjYWxsYmFja0lkJnF1b3Q7OjN9IiBSZWNvcmRlZFZhbHVlPSJ7JnF1b3Q7bmFtZSZxdW90OzomcXVvdDttaWNyb3NvZnQudmlzdWFsc3R1ZGlvLndlYi5icm93c2VybGluay5odG1sbWFwcGluZ2V4dGVuc2lvbmZhY3RvcnkucmVzb2x2ZVNvdXJjZUZpbGVQYXRocyZxdW90OywmcXVvdDthcmdzJnF1b3Q7OltbJnF1b3Q7fi9WaWV3cy9BY2NvdW50L0xvZ2luLmNzaHRtbCZxdW90O11dLCZxdW90O2NhbGxiYWNrSWQmcXVvdDs6M30iIENvcnJlbGF0aW9uQmluZGluZz0iIiBVcmxFbmNvZGU9IlRydWUiIC8+DQogICAgICA8L0Zvcm1Qb3N0SHR0cEJvZHk+DQogICAgPC9SZXF1ZXN0Pg0KICAgIDxSZXF1ZXN0IE1ldGhvZD0iUE9TVCIgR3VpZD0iNDUzZjg4MDUtMzJlZS00ODk1LTliYjYtOTEzZDRkOWYyMzhlIiBWZXJzaW9uPSIxLjEiIFVybD0iaHR0cDovL2xvY2FsaG9zdDoxNzU0OS9hNDY4MDAwODNlMjk0MzlhODVkMjE2ZGJjOTIwM2I5NC9hcnRlcnlTaWduYWxSL3BvbGwiIFRoaW5rVGltZT0iMCIgVGltZW91dD0iMzAwIiBQYXJzZURlcGVuZGVudFJlcXVlc3RzPSJUcnVlIiBGb2xsb3dSZWRpcmVjdHM9IlRydWUiIFJlY29yZFJlc3VsdD0iVHJ1ZSIgQ2FjaGU9IkZhbHNlIiBSZXNwb25zZVRpbWVHb2FsPSIwIiBFbmNvZGluZz0idXRmLTgiIEV4cGVjdGVkSHR0cFN0YXR1c0NvZGU9IjAiIEV4cGVjdGVkUmVzcG9uc2VVcmw9IiIgUmVwb3J0aW5nTmFtZT0iIiBJZ25vcmVIdHRwU3RhdHVzQ29kZT0iRmFsc2UiPg0KICAgICAgPEhlYWRlcnM+DQogICAgICAgIDxIZWFkZXIgTmFtZT0iQ29udGVudC1UeXBlIiBWYWx1ZT0iYXBwbGljYXRpb24veC13d3ctZm9ybS11cmxlbmNvZGVkOyBjaGFyc2V0PVVURi04IiAvPg0KICAgICAgICA8SGVhZGVyIE5hbWU9IkFjY2VwdCIgVmFsdWU9InRleHQvcGxhaW4sICovKjsgcT0wLjAxIiAvPg0KICAgICAgICA8SGVhZGVyIE5hbWU9IlJlZmVyZXIiIFZhbHVlPSJodHRwOi8vbG9jYWxob3N0OjQ2MjMvQWNjb3VudC9Mb2dpbiIgLz4NCiAgICAgIDwvSGVhZGVycz4NCiAgICAgIDxRdWVyeVN0cmluZ1BhcmFtZXRlcnM+DQogICAgICAgIDxRdWVyeVN0cmluZ1BhcmFtZXRlciBOYW1lPSJ0cmFuc3BvcnQiIFZhbHVlPSJsb25nUG9sbGluZyIgUmVjb3JkZWRWYWx1ZT0ibG9uZ1BvbGxpbmciIENvcnJlbGF0aW9uQmluZGluZz0iIiBVcmxFbmNvZGU9IkZhbHNlIiBVc2VUb0dyb3VwUmVzdWx0cz0iRmFsc2UiIC8+DQogICAgICAgIDxRdWVyeVN0cmluZ1BhcmFtZXRlciBOYW1lPSJjb25uZWN0aW9uVG9rZW4iIFZhbHVlPSJBUUFBQU5DTW5kOEJGZEVSakhvQXdFJTJGQ2wlMkJzQkFBQUF6OHNFMVBWb2FVbXRsN2RURnVZWDdBQUFBQUFDQUFBQUFBQVFaZ0FBQUFFQUFDQUFBQUREWDczMDR3b0hRdVNtQWRHSDd1cUhDRHRhMnRzbFAyd2RTbTUlMkIyRXU2bWdBQUFBQU9nQUFBQUFJQUFDQUFBQUNvZmc2clpUd05BSkJBQ0xZQU9xUkVBMyUyQjlhNWdvUlpzRWhua2klMkJ6QUUlMkJEQUFBQUJBVUgweVRpcGFFMURGUUxJUTJOZjVCZkclMkJ4Y0xLZjY5ZFhNJTJGQ2lNTiUyRmMyS3ZNUzdPZGJXSmo2WiUyRmJGYXlEY1ZBQUFBQU5naHZNdGs4NUR3bFowaFdTc1piRDJwa0JUR0hlJTJGNU1yV0tQQWllNG80UFMyanAlMkI3SXFrSGhiZTJyRDBmZ3R2dSUyRmJPVnhGJTJGVmhRaHlJN1dZS1Q4UXclM0QlM0QiIFJlY29yZGVkVmFsdWU9IkFRQUFBTkNNbmQ4QkZkRVJqSG9Bd0UlMkZDbCUyQnNCQUFBQXo4c0UxUFZvYVVtdGw3ZFRGdVlYN0FBQUFBQUNBQUFBQUFBUVpnQUFBQUVBQUNBQUFBRERYNzMwNHdvSFF1U21BZEdIN3VxSENEdGEydHNsUDJ3ZFNtNSUyQjJFdTZtZ0FBQUFBT2dBQUFBQUlBQUNBQUFBQ29mZzZyWlR3TkFKQkFDTFlBT3FSRUEzJTJCOWE1Z29SWnNFaG5raSUyQnpBRSUyQkRBQUFBQkFVSDB5VGlwYUUxREZRTElRMk5mNUJmRyUyQnhjTEtmNjlkWE0lMkZDaU1OJTJGYzJLdk1TN09kYldKajZaJTJGYkZheURjVkFBQUFBTmdodk10azg1RHdsWjBoV1NzWmJEMnBrQlRHSGUlMkY1TXJXS1BBaWU0bzRQUzJqcCUyQjdJcWtIaGJlMnJEMGZndHZ1JTJGYk9WeEYlMkZWaFFoeUk3V1lLVDhRdyUzRCUzRCIgQ29ycmVsYXRpb25CaW5kaW5nPSIiIFVybEVuY29kZT0iRmFsc2UiIFVzZVRvR3JvdXBSZXN1bHRzPSJGYWxzZSIgLz4NCiAgICAgICAgPFF1ZXJ5U3RyaW5nUGFyYW1ldGVyIE5hbWU9Im1lc3NhZ2VJZCIgVmFsdWU9ImQtQUZCQkZCMUUtQiUyQzAlN0NFJTJDNCU3Q0YlMkMwIiBSZWNvcmRlZFZhbHVlPSJkLUFGQkJGQjFFLUIlMkMwJTdDRSUyQzQlN0NGJTJDMCIgQ29ycmVsYXRpb25CaW5kaW5nPSIiIFVybEVuY29kZT0iRmFsc2UiIFVzZVRvR3JvdXBSZXN1bHRzPSJGYWxzZSIgLz4NCiAgICAgICAgPFF1ZXJ5U3RyaW5nUGFyYW1ldGVyIE5hbWU9InJlcXVlc3RVcmwiIFZhbHVlPSJodHRwJTNBJTJGJTJGbG9jYWxob3N0JTNBNDYyMyUyRkFjY291bnQlMkZMb2dpbiIgUmVjb3JkZWRWYWx1ZT0iaHR0cCUzQSUyRiUyRmxvY2FsaG9zdCUzQTQ2MjMlMkZBY2NvdW50JTJGTG9naW4iIENvcnJlbGF0aW9uQmluZGluZz0iIiBVcmxFbmNvZGU9IkZhbHNlIiBVc2VUb0dyb3VwUmVzdWx0cz0iRmFsc2UiIC8+DQogICAgICAgIDxRdWVyeVN0cmluZ1BhcmFtZXRlciBOYW1lPSJicm93c2VyTmFtZSIgVmFsdWU9IkludGVybmV0K0V4cGxvcmVyIiBSZWNvcmRlZFZhbHVlPSJJbnRlcm5ldCtFeHBsb3JlciIgQ29ycmVsYXRpb25CaW5kaW5nPSIiIFVybEVuY29kZT0iRmFsc2UiIFVzZVRvR3JvdXBSZXN1bHRzPSJGYWxzZSIgLz4NCiAgICAgICAgPFF1ZXJ5U3RyaW5nUGFyYW1ldGVyIE5hbWU9InRpZCIgVmFsdWU9IjEiIFJlY29yZGVkVmFsdWU9IjEiIENvcnJlbGF0aW9uQmluZGluZz0iIiBVcmxFbmNvZGU9IkZhbHNlIiBVc2VUb0dyb3VwUmVzdWx0cz0iRmFsc2UiIC8+DQogICAgICAgIDxRdWVyeVN0cmluZ1BhcmFtZXRlciBOYW1lPSJfIiBWYWx1ZT0iMTM5NzYzMDkyNTc3NCIgUmVjb3JkZWRWYWx1ZT0iMTM5NzYzMDkyNTc3NCIgQ29ycmVsYXRpb25CaW5kaW5nPSIiIFVybEVuY29kZT0iRmFsc2UiIFVzZVRvR3JvdXBSZXN1bHRzPSJGYWxzZSIgLz4NCiAgICAgIDwvUXVlcnlTdHJpbmdQYXJhbWV0ZXJzPg0KICAgICAgPEZvcm1Qb3N0SHR0cEJvZHkgLz4NCiAgICA8L1JlcXVlc3Q+DQogICAgPFJlcXVlc3QgTWV0aG9kPSJQT1NUIiBHdWlkPSIwZDZkZDM3NC0wOWI5LTRkYTUtYThlMS0xZjNiYmQyZmFiMjAiIFZlcnNpb249IjEuMSIgVXJsPSJodHRwOi8vbG9jYWxob3N0OjE3NTQ5L2E0NjgwMDA4M2UyOTQzOWE4NWQyMTZkYmM5MjAzYjk0L2FydGVyeVNpZ25hbFIvcG9sbCIgVGhpbmtUaW1lPSIwIiBUaW1lb3V0PSIzMDAiIFBhcnNlRGVwZW5kZW50UmVxdWVzdHM9IlRydWUiIEZvbGxvd1JlZGlyZWN0cz0iVHJ1ZSIgUmVjb3JkUmVzdWx0PSJUcnVlIiBDYWNoZT0iRmFsc2UiIFJlc3BvbnNlVGltZUdvYWw9IjAiIEVuY29kaW5nPSJ1dGYtOCIgRXhwZWN0ZWRIdHRwU3RhdHVzQ29kZT0iMCIgRXhwZWN0ZWRSZXNwb25zZVVybD0iIiBSZXBvcnRpbmdOYW1lPSIiIElnbm9yZUh0dHBTdGF0dXNDb2RlPSJGYWxzZSI+DQogICAgICA8SGVhZGVycz4NCiAgICAgICAgPEhlYWRlciBOYW1lPSJDb250ZW50LVR5cGUiIFZhbHVlPSJhcHBsaWNhdGlvbi94LXd3dy1mb3JtLXVybGVuY29kZWQ7IGNoYXJzZXQ9VVRGLTgiIC8+DQogICAgICAgIDxIZWFkZXIgTmFtZT0iQWNjZXB0IiBWYWx1ZT0idGV4dC9wbGFpbiwgKi8qOyBxPTAuMDEiIC8+DQogICAgICAgIDxIZWFkZXIgTmFtZT0iUmVmZXJlciIgVmFsdWU9Imh0dHA6Ly9sb2NhbGhvc3Q6NDYyMy9BY2NvdW50L0xvZ2luIiAvPg0KICAgICAgPC9IZWFkZXJzPg0KICAgICAgPFF1ZXJ5U3RyaW5nUGFyYW1ldGVycz4NCiAgICAgICAgPFF1ZXJ5U3RyaW5nUGFyYW1ldGVyIE5hbWU9InRyYW5zcG9ydCIgVmFsdWU9ImxvbmdQb2xsaW5nIiBSZWNvcmRlZFZhbHVlPSJsb25nUG9sbGluZyIgQ29ycmVsYXRpb25CaW5kaW5nPSIiIFVybEVuY29kZT0iRmFsc2UiIFVzZVRvR3JvdXBSZXN1bHRzPSJGYWxzZSIgLz4NCiAgICAgICAgPFF1ZXJ5U3RyaW5nUGFyYW1ldGVyIE5hbWU9ImNvbm5lY3Rpb25Ub2tlbiIgVmFsdWU9IkFRQUFBTkNNbmQ4QkZkRVJqSG9Bd0UlMkZDbCUyQnNCQUFBQXo4c0UxUFZvYVVtdGw3ZFRGdVlYN0FBQUFBQUNBQUFBQUFBUVpnQUFBQUVBQUNBQUFBRERYNzMwNHdvSFF1U21BZEdIN3VxSENEdGEydHNsUDJ3ZFNtNSUyQjJFdTZtZ0FBQUFBT2dBQUFBQUlBQUNBQUFBQ29mZzZyWlR3TkFKQkFDTFlBT3FSRUEzJTJCOWE1Z29SWnNFaG5raSUyQnpBRSUyQkRBQUFBQkFVSDB5VGlwYUUxREZRTElRMk5mNUJmRyUyQnhjTEtmNjlkWE0lMkZDaU1OJTJGYzJLdk1TN09kYldKajZaJTJGYkZheURjVkFBQUFBTmdodk10azg1RHdsWjBoV1NzWmJEMnBrQlRHSGUlMkY1TXJXS1BBaWU0bzRQUzJqcCUyQjdJcWtIaGJlMnJEMGZndHZ1JTJGYk9WeEYlMkZWaFFoeUk3V1lLVDhRdyUzRCUzRCIgUmVjb3JkZWRWYWx1ZT0iQVFBQUFOQ01uZDhCRmRFUmpIb0F3RSUyRkNsJTJCc0JBQUFBejhzRTFQVm9hVW10bDdkVEZ1WVg3QUFBQUFBQ0FBQUFBQUFRWmdBQUFBRUFBQ0FBQUFERFg3MzA0d29IUXVTbUFkR0g3dXFIQ0R0YTJ0c2xQMndkU201JTJCMkV1Nm1nQUFBQUFPZ0FBQUFBSUFBQ0FBQUFDb2ZnNnJaVHdOQUpCQUNMWUFPcVJFQTMlMkI5YTVnb1Jac0VobmtpJTJCekFFJTJCREFBQUFCQVVIMHlUaXBhRTFERlFMSVEyTmY1QmZHJTJCeGNMS2Y2OWRYTSUyRkNpTU4lMkZjMkt2TVM3T2RiV0pqNlolMkZiRmF5RGNWQUFBQUFOZ2h2TXRrODVEd2xaMGhXU3NaYkQycGtCVEdIZSUyRjVNcldLUEFpZTRvNFBTMmpwJTJCN0lxa0hoYmUyckQwZmd0dnUlMkZiT1Z4RiUyRlZoUWh5STdXWUtUOFF3JTNEJTNEIiBDb3JyZWxhdGlvbkJpbmRpbmc9IiIgVXJsRW5jb2RlPSJGYWxzZSIgVXNlVG9Hcm91cFJlc3VsdHM9IkZhbHNlIiAvPg0KICAgICAgICA8UXVlcnlTdHJpbmdQYXJhbWV0ZXIgTmFtZT0ibWVzc2FnZUlkIiBWYWx1ZT0iZC1BRkJCRkIxRS1CJTJDMCU3Q0UlMkM0JTdDRiUyQzAiIFJlY29yZGVkVmFsdWU9ImQtQUZCQkZCMUUtQiUyQzAlN0NFJTJDNCU3Q0YlMkMwIiBDb3JyZWxhdGlvbkJpbmRpbmc9IiIgVXJsRW5jb2RlPSJGYWxzZSIgVXNlVG9Hcm91cFJlc3VsdHM9IkZhbHNlIiAvPg0KICAgICAgICA8UXVlcnlTdHJpbmdQYXJhbWV0ZXIgTmFtZT0icmVxdWVzdFVybCIgVmFsdWU9Imh0dHAlM0ElMkYlMkZsb2NhbGhvc3QlM0E0NjIzJTJGQWNjb3VudCUyRkxvZ2luIiBSZWNvcmRlZFZhbHVlPSJodHRwJTNBJTJGJTJGbG9jYWxob3N0JTNBNDYyMyUyRkFjY291bnQlMkZMb2dpbiIgQ29ycmVsYXRpb25CaW5kaW5nPSIiIFVybEVuY29kZT0iRmFsc2UiIFVzZVRvR3JvdXBSZXN1bHRzPSJGYWxzZSIgLz4NCiAgICAgICAgPFF1ZXJ5U3RyaW5nUGFyYW1ldGVyIE5hbWU9ImJyb3dzZXJOYW1lIiBWYWx1ZT0iSW50ZXJuZXQrRXhwbG9yZXIiIFJlY29yZGVkVmFsdWU9IkludGVybmV0K0V4cGxvcmVyIiBDb3JyZWxhdGlvbkJpbmRpbmc9IiIgVXJsRW5jb2RlPSJGYWxzZSIgVXNlVG9Hcm91cFJlc3VsdHM9IkZhbHNlIiAvPg0KICAgICAgICA8UXVlcnlTdHJpbmdQYXJhbWV0ZXIgTmFtZT0idGlkIiBWYWx1ZT0iNSIgUmVjb3JkZWRWYWx1ZT0iNSIgQ29ycmVsYXRpb25CaW5kaW5nPSIiIFVybEVuY29kZT0iRmFsc2UiIFVzZVRvR3JvdXBSZXN1bHRzPSJGYWxzZSIgLz4NCiAgICAgICAgPFF1ZXJ5U3RyaW5nUGFyYW1ldGVyIE5hbWU9Il8iIFZhbHVlPSIxMzk3NjMwOTMxOTUyIiBSZWNvcmRlZFZhbHVlPSIxMzk3NjMwOTMxOTUyIiBDb3JyZWxhdGlvbkJpbmRpbmc9IiIgVXJsRW5jb2RlPSJGYWxzZSIgVXNlVG9Hcm91cFJlc3VsdHM9IkZhbHNlIiAvPg0KICAgICAgPC9RdWVyeVN0cmluZ1BhcmFtZXRlcnM+DQogICAgICA8Rm9ybVBvc3RIdHRwQm9keSAvPg0KICAgIDwvUmVxdWVzdD4NCiAgICA8UmVxdWVzdCBNZXRob2Q9IlBPU1QiIEd1aWQ9IjI4NGMwYzRjLWJhYjgtNDA4Yi05YjIyLTRkNjc4YWY4MTUzZiIgVmVyc2lvbj0iMS4xIiBVcmw9Imh0dHA6Ly9sb2NhbGhvc3Q6NDYyMy9BY2NvdW50L0xvZ2luIiBUaGlua1RpbWU9IjAiIFRpbWVvdXQ9IjMwMCIgUGFyc2VEZXBlbmRlbnRSZXF1ZXN0cz0iVHJ1ZSIgRm9sbG93UmVkaXJlY3RzPSJUcnVlIiBSZWNvcmRSZXN1bHQ9IlRydWUiIENhY2hlPSJGYWxzZSIgUmVzcG9uc2VUaW1lR29hbD0iMCIgRW5jb2Rpbmc9InV0Zi04IiBFeHBlY3RlZEh0dHBTdGF0dXNDb2RlPSIwIiBFeHBlY3RlZFJlc3BvbnNlVXJsPSIiIFJlcG9ydGluZ05hbWU9IiIgSWdub3JlSHR0cFN0YXR1c0NvZGU9IkZhbHNlIj4NCiAgICAgIDxEZXBlbmRlbnRSZXF1ZXN0cz4NCiAgICAgICAgPFJlcXVlc3QgTWV0aG9kPSJQT1NUIiBHdWlkPSIxOTgzOTlhMS1mMDljLTQ4MGEtYTBiNC1hNzhhMWVmY2Q0NjgiIFZlcnNpb249IjEuMSIgVXJsPSJodHRwOi8vbG9jYWxob3N0OjE3NTQ5L2E0NjgwMDA4M2UyOTQzOWE4NWQyMTZkYmM5MjAzYjk0L2FydGVyeVNpZ25hbFIvYWJvcnQiIFRoaW5rVGltZT0iMCIgVGltZW91dD0iMzAwIiBQYXJzZURlcGVuZGVudFJlcXVlc3RzPSJUcnVlIiBGb2xsb3dSZWRpcmVjdHM9IlRydWUiIFJlY29yZFJlc3VsdD0iVHJ1ZSIgQ2FjaGU9IkZhbHNlIiBSZXNwb25zZVRpbWVHb2FsPSIwIiBFbmNvZGluZz0idXRmLTgiIEV4cGVjdGVkSHR0cFN0YXR1c0NvZGU9IjAiIEV4cGVjdGVkUmVzcG9uc2VVcmw9IiIgUmVwb3J0aW5nTmFtZT0iIiBJZ25vcmVIdHRwU3RhdHVzQ29kZT0iRmFsc2UiPg0KICAgICAgICAgIDxIZWFkZXJzPg0KICAgICAgICAgICAgPEhlYWRlciBOYW1lPSJBY2NlcHQiIFZhbHVlPSJ0ZXh0L3BsYWluLCAqLyo7IHE9MC4wMSIgLz4NCiAgICAgICAgICAgIDxIZWFkZXIgTmFtZT0iUmVmZXJlciIgVmFsdWU9Imh0dHA6Ly9sb2NhbGhvc3Q6NDYyMy9BY2NvdW50L0xvZ2luIiAvPg0KICAgICAgICAgIDwvSGVhZGVycz4NCiAgICAgICAgICA8UXVlcnlTdHJpbmdQYXJhbWV0ZXJzPg0KICAgICAgICAgICAgPFF1ZXJ5U3RyaW5nUGFyYW1ldGVyIE5hbWU9InRyYW5zcG9ydCIgVmFsdWU9ImxvbmdQb2xsaW5nIiBSZWNvcmRlZFZhbHVlPSJsb25nUG9sbGluZyIgQ29ycmVsYXRpb25CaW5kaW5nPSIiIFVybEVuY29kZT0iRmFsc2UiIFVzZVRvR3JvdXBSZXN1bHRzPSJGYWxzZSIgLz4NCiAgICAgICAgICAgIDxRdWVyeVN0cmluZ1BhcmFtZXRlciBOYW1lPSJjb25uZWN0aW9uVG9rZW4iIFZhbHVlPSJBUUFBQU5DTW5kOEJGZEVSakhvQXdFJTJGQ2wlMkJzQkFBQUF6OHNFMVBWb2FVbXRsN2RURnVZWDdBQUFBQUFDQUFBQUFBQVFaZ0FBQUFFQUFDQUFBQUREWDczMDR3b0hRdVNtQWRHSDd1cUhDRHRhMnRzbFAyd2RTbTUlMkIyRXU2bWdBQUFBQU9nQUFBQUFJQUFDQUFBQUNvZmc2clpUd05BSkJBQ0xZQU9xUkVBMyUyQjlhNWdvUlpzRWhua2klMkJ6QUUlMkJEQUFBQUJBVUgweVRpcGFFMURGUUxJUTJOZjVCZkclMkJ4Y0xLZjY5ZFhNJTJGQ2lNTiUyRmMyS3ZNUzdPZGJXSmo2WiUyRmJGYXlEY1ZBQUFBQU5naHZNdGs4NUR3bFowaFdTc1piRDJwa0JUR0hlJTJGNU1yV0tQQWllNG80UFMyanAlMkI3SXFrSGhiZTJyRDBmZ3R2dSUyRmJPVnhGJTJGVmhRaHlJN1dZS1Q4UXclM0QlM0QiIFJlY29yZGVkVmFsdWU9IkFRQUFBTkNNbmQ4QkZkRVJqSG9Bd0UlMkZDbCUyQnNCQUFBQXo4c0UxUFZvYVVtdGw3ZFRGdVlYN0FBQUFBQUNBQUFBQUFBUVpnQUFBQUVBQUNBQUFBRERYNzMwNHdvSFF1U21BZEdIN3VxSENEdGEydHNsUDJ3ZFNtNSUyQjJFdTZtZ0FBQUFBT2dBQUFBQUlBQUNBQUFBQ29mZzZyWlR3TkFKQkFDTFlBT3FSRUEzJTJCOWE1Z29SWnNFaG5raSUyQnpBRSUyQkRBQUFBQkFVSDB5VGlwYUUxREZRTElRMk5mNUJmRyUyQnhjTEtmNjlkWE0lMkZDaU1OJTJGYzJLdk1TN09kYldKajZaJTJGYkZheURjVkFBQUFBTmdodk10azg1RHdsWjBoV1NzWmJEMnBrQlRHSGUlMkY1TXJXS1BBaWU0bzRQUzJqcCUyQjdJcWtIaGJlMnJEMGZndHZ1JTJGYk9WeEYlMkZWaFFoeUk3V1lLVDhRdyUzRCUzRCIgQ29ycmVsYXRpb25CaW5kaW5nPSIiIFVybEVuY29kZT0iRmFsc2UiIFVzZVRvR3JvdXBSZXN1bHRzPSJGYWxzZSIgLz4NCiAgICAgICAgICAgIDxRdWVyeVN0cmluZ1BhcmFtZXRlciBOYW1lPSJyZXF1ZXN0VXJsIiBWYWx1ZT0iaHR0cCUzQSUyRiUyRmxvY2FsaG9zdCUzQTQ2MjMlMkZBY2NvdW50JTJGTG9naW4iIFJlY29yZGVkVmFsdWU9Imh0dHAlM0ElMkYlMkZsb2NhbGhvc3QlM0E0NjIzJTJGQWNjb3VudCUyRkxvZ2luIiBDb3JyZWxhdGlvbkJpbmRpbmc9IiIgVXJsRW5jb2RlPSJGYWxzZSIgVXNlVG9Hcm91cFJlc3VsdHM9IkZhbHNlIiAvPg0KICAgICAgICAgICAgPFF1ZXJ5U3RyaW5nUGFyYW1ldGVyIE5hbWU9ImJyb3dzZXJOYW1lIiBWYWx1ZT0iSW50ZXJuZXQrRXhwbG9yZXIiIFJlY29yZGVkVmFsdWU9IkludGVybmV0K0V4cGxvcmVyIiBDb3JyZWxhdGlvbkJpbmRpbmc9IiIgVXJsRW5jb2RlPSJGYWxzZSIgVXNlVG9Hcm91cFJlc3VsdHM9IkZhbHNlIiAvPg0KICAgICAgICAgIDwvUXVlcnlTdHJpbmdQYXJhbWV0ZXJzPg0KICAgICAgICAgIDxGb3JtUG9zdEh0dHBCb2R5IC8+DQogICAgICAgIDwvUmVxdWVzdD4NCiAgICAgIDwvRGVwZW5kZW50UmVxdWVzdHM+DQogICAgICA8SGVhZGVycz4NCiAgICAgICAgPEhlYWRlciBOYW1lPSJSZWZlcmVyIiBWYWx1ZT0iaHR0cDovL2xvY2FsaG9zdDo0NjIzL0FjY291bnQvTG9naW4iIC8+DQogICAgICA8L0hlYWRlcnM+DQogICAgICA8RXh0cmFjdGlvblJ1bGVzPg0KICAgICAgICA8RXh0cmFjdGlvblJ1bGUgQ2xhc3NuYW1lPSJNaWNyb3NvZnQuVmlzdWFsU3R1ZGlvLlRlc3RUb29scy5XZWJUZXN0aW5nLlJ1bGVzLkV4dHJhY3RIaWRkZW5GaWVsZHMsIE1pY3Jvc29mdC5WaXN1YWxTdHVkaW8uUXVhbGl0eVRvb2xzLldlYlRlc3RGcmFtZXdvcmssIFZlcnNpb249MTAuMC4wLjAsIEN1bHR1cmU9bmV1dHJhbCwgUHVibGljS2V5VG9rZW49YjAzZjVmN2YxMWQ1MGEzYSIgVmFyaWFibGVOYW1lPSIxIiBEaXNwbGF5TmFtZT0i5o+Q5Y+W6ZqQ6JeP55qE5a2X5q61IiBEZXNjcmlwdGlvbj0i5LuO5ZON5bqU5Lit5o+Q5Y+W5omA5pyJ6ZqQ6JeP55qE5a2X5q6177yM5bm25bCG6L+Z5Lqb5a2X5q615pS+5YWl5rWL6K+V5LiK5LiL5paH5Lit44CCIj4NCiAgICAgICAgICA8UnVsZVBhcmFtZXRlcnM+DQogICAgICAgICAgICA8UnVsZVBhcmFtZXRlciBOYW1lPSJSZXF1aXJlZCIgVmFsdWU9IlRydWUiIC8+DQogICAgICAgICAgICA8UnVsZVBhcmFtZXRlciBOYW1lPSJIdG1sRGVjb2RlIiBWYWx1ZT0iVHJ1ZSIgLz4NCiAgICAgICAgICA8L1J1bGVQYXJhbWV0ZXJzPg0KICAgICAgICA8L0V4dHJhY3Rpb25SdWxlPg0KICAgICAgPC9FeHRyYWN0aW9uUnVsZXM+DQogICAgICA8Q29ycmVsYXRpb25FeHRyYWN0aW9uUnVsZXM+DQogICAgICAgIDxFeHRyYWN0aW9uUnVsZSBDbGFzc25hbWU9Ik1pY3Jvc29mdC5WaXN1YWxTdHVkaW8uVGVzdFRvb2xzLldlYlRlc3RpbmcuUnVsZXMuRXh0cmFjdEZvcm1GaWVsZCwgTWljcm9zb2Z0LlZpc3VhbFN0dWRpby5RdWFsaXR5VG9vbHMuV2ViVGVzdEZyYW1ld29yaywgVmVyc2lvbj0xMC4wLjAuMCwgQ3VsdHVyZT1uZXV0cmFsLCBQdWJsaWNLZXlUb2tlbj1iMDNmNWY3ZjExZDUwYTNhIiBWYXJpYWJsZU5hbWU9IkZvcm1Qb3N0UGFyYW0xLlVzZXJJZCIgRGlzcGxheU5hbWU9IiIgRGVzY3JpcHRpb249IiI+DQogICAgICAgICAgPFJ1bGVQYXJhbWV0ZXJzPg0KICAgICAgICAgICAgPFJ1bGVQYXJhbWV0ZXIgTmFtZT0iTmFtZSIgVmFsdWU9IlVzZXJJZCIgLz4NCiAgICAgICAgICAgIDxSdWxlUGFyYW1ldGVyIE5hbWU9Ikh0bWxEZWNvZGUiIFZhbHVlPSJUcnVlIiAvPg0KICAgICAgICAgICAgPFJ1bGVQYXJhbWV0ZXIgTmFtZT0iUmVxdWlyZWQiIFZhbHVlPSJGYWxzZSIgLz4NCiAgICAgICAgICAgIDxSdWxlUGFyYW1ldGVyIE5hbWU9IkluZGV4IiBWYWx1ZT0iMCIgLz4NCiAgICAgICAgICA8L1J1bGVQYXJhbWV0ZXJzPg0KICAgICAgICA8L0V4dHJhY3Rpb25SdWxlPg0KICAgICAgICA8RXh0cmFjdGlvblJ1bGUgQ2xhc3NuYW1lPSJNaWNyb3NvZnQuVmlzdWFsU3R1ZGlvLlRlc3RUb29scy5XZWJUZXN0aW5nLlJ1bGVzLkV4dHJhY3RGb3JtRmllbGQsIE1pY3Jvc29mdC5WaXN1YWxTdHVkaW8uUXVhbGl0eVRvb2xzLldlYlRlc3RGcmFtZXdvcmssIFZlcnNpb249MTAuMC4wLjAsIEN1bHR1cmU9bmV1dHJhbCwgUHVibGljS2V5VG9rZW49YjAzZjVmN2YxMWQ1MGEzYSIgVmFyaWFibGVOYW1lPSJGb3JtUG9zdFBhcmFtMi5BdXRvTG9naW4iIERpc3BsYXlOYW1lPSIiIERlc2NyaXB0aW9uPSIiPg0KICAgICAgICAgIDxSdWxlUGFyYW1ldGVycz4NCiAgICAgICAgICAgIDxSdWxlUGFyYW1ldGVyIE5hbWU9Ik5hbWUiIFZhbHVlPSJBdXRvTG9naW4iIC8+DQogICAgICAgICAgICA8UnVsZVBhcmFtZXRlciBOYW1lPSJIdG1sRGVjb2RlIiBWYWx1ZT0iVHJ1ZSIgLz4NCiAgICAgICAgICAgIDxSdWxlUGFyYW1ldGVyIE5hbWU9IlJlcXVpcmVkIiBWYWx1ZT0iRmFsc2UiIC8+DQogICAgICAgICAgICA8UnVsZVBhcmFtZXRlciBOYW1lPSJJbmRleCIgVmFsdWU9IjAiIC8+DQogICAgICAgICAgPC9SdWxlUGFyYW1ldGVycz4NCiAgICAgICAgPC9FeHRyYWN0aW9uUnVsZT4NCiAgICAgICAgPEV4dHJhY3Rpb25SdWxlIENsYXNzbmFtZT0iTWljcm9zb2Z0LlZpc3VhbFN0dWRpby5UZXN0VG9vbHMuV2ViVGVzdGluZy5SdWxlcy5FeHRyYWN0VGV4dCwgTWljcm9zb2Z0LlZpc3VhbFN0dWRpby5RdWFsaXR5VG9vbHMuV2ViVGVzdEZyYW1ld29yaywgVmVyc2lvbj0xMC4wLjAuMCwgQ3VsdHVyZT1uZXV0cmFsLCBQdWJsaWNLZXlUb2tlbj1iMDNmNWY3ZjExZDUwYTNhIiBWYXJpYWJsZU5hbWU9IkZvcm1Qb3N0UGFyYW0zLlBhc3N3b3JkIiBEaXNwbGF5TmFtZT0iIiBEZXNjcmlwdGlvbj0iIj4NCiAgICAgICAgICA8UnVsZVBhcmFtZXRlcnM+DQogICAgICAgICAgICA8UnVsZVBhcmFtZXRlciBOYW1lPSJTdGFydHNXaXRoIiBWYWx1ZT0ibHVlPSZxdW90OyIgLz4NCiAgICAgICAgICAgIDxSdWxlUGFyYW1ldGVyIE5hbWU9IkVuZHNXaXRoIiBWYWx1ZT0iJnF1b3Q7IC8mZ3Q7Jmx0OyIgLz4NCiAgICAgICAgICAgIDxSdWxlUGFyYW1ldGVyIE5hbWU9IkluZGV4IiBWYWx1ZT0iMCIgLz4NCiAgICAgICAgICAgIDxSdWxlUGFyYW1ldGVyIE5hbWU9Iklnbm9yZUNhc2UiIFZhbHVlPSJGYWxzZSIgLz4NCiAgICAgICAgICAgIDxSdWxlUGFyYW1ldGVyIE5hbWU9IlVzZVJlZ3VsYXJFeHByZXNzaW9uIiBWYWx1ZT0iRmFsc2UiIC8+DQogICAgICAgICAgICA8UnVsZVBhcmFtZXRlciBOYW1lPSJIdG1sRGVjb2RlIiBWYWx1ZT0iVHJ1ZSIgLz4NCiAgICAgICAgICAgIDxSdWxlUGFyYW1ldGVyIE5hbWU9IlJlcXVpcmVkIiBWYWx1ZT0iRmFsc2UiIC8+DQogICAgICAgICAgPC9SdWxlUGFyYW1ldGVycz4NCiAgICAgICAgPC9FeHRyYWN0aW9uUnVsZT4NCiAgICAgIDwvQ29ycmVsYXRpb25FeHRyYWN0aW9uUnVsZXM+DQogICAgICA8Rm9ybVBvc3RIdHRwQm9keT4NCiAgICAgICAgPEZvcm1Qb3N0UGFyYW1ldGVyIE5hbWU9IlVzZXJJZCIgVmFsdWU9IjEwMTAyMTMwMjUzIiBSZWNvcmRlZFZhbHVlPSIxMDEwMjEzMDI1MyIgQ29ycmVsYXRpb25CaW5kaW5nPSIiIFVybEVuY29kZT0iVHJ1ZSIgLz4NCiAgICAgICAgPEZvcm1Qb3N0UGFyYW1ldGVyIE5hbWU9IlBhc3N3b3JkIiBWYWx1ZT0iMTAwMjEzMDI1MyIgUmVjb3JkZWRWYWx1ZT0iMTAwMjEzMDI1MyIgQ29ycmVsYXRpb25CaW5kaW5nPSIiIFVybEVuY29kZT0iVHJ1ZSIgLz4NCiAgICAgICAgPEZvcm1Qb3N0UGFyYW1ldGVyIE5hbWU9IkF1dG9Mb2dpbiIgVmFsdWU9InRydWUiIFJlY29yZGVkVmFsdWU9InRydWUiIENvcnJlbGF0aW9uQmluZGluZz0ie3tGb3JtUG9zdFBhcmFtNC5BdXRvTG9naW59fSIgVXJsRW5jb2RlPSJUcnVlIiAvPg0KICAgICAgICA8Rm9ybVBvc3RQYXJhbWV0ZXIgTmFtZT0iQXV0b0xvZ2luIiBWYWx1ZT0ie3skSElEREVOMS5BdXRvTG9naW59fSIgUmVjb3JkZWRWYWx1ZT0iZmFsc2UiIENvcnJlbGF0aW9uQmluZGluZz0iIiBVcmxFbmNvZGU9IlRydWUiIC8+DQogICAgICA8L0Zvcm1Qb3N0SHR0cEJvZHk+DQogICAgPC9SZXF1ZXN0Pg0KICAgIDxSZXF1ZXN0IE1ldGhvZD0iUE9TVCIgR3VpZD0iMmU0ODUyNDctMzQ1NC00NDE3LWE1NTQtMjA0YWVmYzE5M2FmIiBWZXJzaW9uPSIxLjEiIFVybD0iaHR0cDovL2xvY2FsaG9zdDoxNzU0OS9hNDY4MDAwODNlMjk0MzlhODVkMjE2ZGJjOTIwM2I5NC9hcnRlcnlTaWduYWxSL25lZ290aWF0ZSIgVGhpbmtUaW1lPSIwIiBUaW1lb3V0PSIzMDAiIFBhcnNlRGVwZW5kZW50UmVxdWVzdHM9IlRydWUiIEZvbGxvd1JlZGlyZWN0cz0iVHJ1ZSIgUmVjb3JkUmVzdWx0PSJUcnVlIiBDYWNoZT0iRmFsc2UiIFJlc3BvbnNlVGltZUdvYWw9IjAiIEVuY29kaW5nPSJ1dGYtOCIgRXhwZWN0ZWRIdHRwU3RhdHVzQ29kZT0iMCIgRXhwZWN0ZWRSZXNwb25zZVVybD0iIiBSZXBvcnRpbmdOYW1lPSIiIElnbm9yZUh0dHBTdGF0dXNDb2RlPSJGYWxzZSI+DQogICAgICA8SGVhZGVycz4NCiAgICAgICAgPEhlYWRlciBOYW1lPSJDb250ZW50LVR5cGUiIFZhbHVlPSJhcHBsaWNhdGlvbi94LXd3dy1mb3JtLXVybGVuY29kZWQ7IGNoYXJzZXQ9VVRGLTgiIC8+DQogICAgICAgIDxIZWFkZXIgTmFtZT0iQWNjZXB0IiBWYWx1ZT0idGV4dC9wbGFpbiwgKi8qOyBxPTAuMDEiIC8+DQogICAgICAgIDxIZWFkZXIgTmFtZT0iUmVmZXJlciIgVmFsdWU9Imh0dHA6Ly9sb2NhbGhvc3Q6NDYyMy9BY2NvdW50L0xvZ2luIiAvPg0KICAgICAgPC9IZWFkZXJzPg0KICAgICAgPFF1ZXJ5U3RyaW5nUGFyYW1ldGVycz4NCiAgICAgICAgPFF1ZXJ5U3RyaW5nUGFyYW1ldGVyIE5hbWU9InJlcXVlc3RVcmwiIFZhbHVlPSJodHRwJTNBJTJGJTJGbG9jYWxob3N0JTNBNDYyMyUyRkFjY291bnQlMkZMb2dpbiIgUmVjb3JkZWRWYWx1ZT0iaHR0cCUzQSUyRiUyRmxvY2FsaG9zdCUzQTQ2MjMlMkZBY2NvdW50JTJGTG9naW4iIENvcnJlbGF0aW9uQmluZGluZz0iIiBVcmxFbmNvZGU9IkZhbHNlIiBVc2VUb0dyb3VwUmVzdWx0cz0iRmFsc2UiIC8+DQogICAgICAgIDxRdWVyeVN0cmluZ1BhcmFtZXRlciBOYW1lPSJicm93c2VyTmFtZSIgVmFsdWU9IkludGVybmV0K0V4cGxvcmVyIiBSZWNvcmRlZFZhbHVlPSJJbnRlcm5ldCtFeHBsb3JlciIgQ29ycmVsYXRpb25CaW5kaW5nPSIiIFVybEVuY29kZT0iRmFsc2UiIFVzZVRvR3JvdXBSZXN1bHRzPSJGYWxzZSIgLz4NCiAgICAgICAgPFF1ZXJ5U3RyaW5nUGFyYW1ldGVyIE5hbWU9ImNsaWVudFByb3RvY29sIiBWYWx1ZT0iMS4zIiBSZWNvcmRlZFZhbHVlPSIxLjMiIENvcnJlbGF0aW9uQmluZGluZz0iIiBVcmxFbmNvZGU9IkZhbHNlIiBVc2VUb0dyb3VwUmVzdWx0cz0iRmFsc2UiIC8+DQogICAgICAgIDxRdWVyeVN0cmluZ1BhcmFtZXRlciBOYW1lPSJfIiBWYWx1ZT0iMTM5NzYzMDk0NDI5NSIgUmVjb3JkZWRWYWx1ZT0iMTM5NzYzMDk0NDI5NSIgQ29ycmVsYXRpb25CaW5kaW5nPSIiIFVybEVuY29kZT0iRmFsc2UiIFVzZVRvR3JvdXBSZXN1bHRzPSJGYWxzZSIgLz4NCiAgICAgIDwvUXVlcnlTdHJpbmdQYXJhbWV0ZXJzPg0KICAgICAgPEZvcm1Qb3N0SHR0cEJvZHkgLz4NCiAgICA8L1JlcXVlc3Q+DQogICAgPFJlcXVlc3QgTWV0aG9kPSJQT1NUIiBHdWlkPSI1ZjJhMTI4Yi0xMTBiLTQ5YTQtOWU2Ni1iMDdkZGVhNGI3YzkiIFZlcnNpb249IjEuMSIgVXJsPSJodHRwOi8vbG9jYWxob3N0OjE3NTQ5L2E0NjgwMDA4M2UyOTQzOWE4NWQyMTZkYmM5MjAzYjk0L2FydGVyeVNpZ25hbFIvY29ubmVjdCIgVGhpbmtUaW1lPSIwIiBUaW1lb3V0PSIzMDAiIFBhcnNlRGVwZW5kZW50UmVxdWVzdHM9IlRydWUiIEZvbGxvd1JlZGlyZWN0cz0iVHJ1ZSIgUmVjb3JkUmVzdWx0PSJUcnVlIiBDYWNoZT0iRmFsc2UiIFJlc3BvbnNlVGltZUdvYWw9IjAiIEVuY29kaW5nPSJ1dGYtOCIgRXhwZWN0ZWRIdHRwU3RhdHVzQ29kZT0iMCIgRXhwZWN0ZWRSZXNwb25zZVVybD0iIiBSZXBvcnRpbmdOYW1lPSIiIElnbm9yZUh0dHBTdGF0dXNDb2RlPSJGYWxzZSI+DQogICAgICA8SGVhZGVycz4NCiAgICAgICAgPEhlYWRlciBOYW1lPSJDb250ZW50LVR5cGUiIFZhbHVlPSJhcHBsaWNhdGlvbi94LXd3dy1mb3JtLXVybGVuY29kZWQ7IGNoYXJzZXQ9VVRGLTgiIC8+DQogICAgICAgIDxIZWFkZXIgTmFtZT0iQWNjZXB0IiBWYWx1ZT0idGV4dC9wbGFpbiwgKi8qOyBxPTAuMDEiIC8+DQogICAgICAgIDxIZWFkZXIgTmFtZT0iUmVmZXJlciIgVmFsdWU9Imh0dHA6Ly9sb2NhbGhvc3Q6NDYyMy9BY2NvdW50L0xvZ2luIiAvPg0KICAgICAgPC9IZWFkZXJzPg0KICAgICAgPFF1ZXJ5U3RyaW5nUGFyYW1ldGVycz4NCiAgICAgICAgPFF1ZXJ5U3RyaW5nUGFyYW1ldGVyIE5hbWU9InRyYW5zcG9ydCIgVmFsdWU9ImxvbmdQb2xsaW5nIiBSZWNvcmRlZFZhbHVlPSJsb25nUG9sbGluZyIgQ29ycmVsYXRpb25CaW5kaW5nPSIiIFVybEVuY29kZT0iRmFsc2UiIFVzZVRvR3JvdXBSZXN1bHRzPSJGYWxzZSIgLz4NCiAgICAgICAgPFF1ZXJ5U3RyaW5nUGFyYW1ldGVyIE5hbWU9ImNvbm5lY3Rpb25Ub2tlbiIgVmFsdWU9IkFRQUFBTkNNbmQ4QkZkRVJqSG9Bd0UlMkZDbCUyQnNCQUFBQXo4c0UxUFZvYVVtdGw3ZFRGdVlYN0FBQUFBQUNBQUFBQUFBUVpnQUFBQUVBQUNBQUFBQUlBVmw4JTJCbkdVSkMlMkJDRHVYM0tUZUljcWxBN1NER25ZZDNkMHJBb0VKYkh3QUFBQUFPZ0FBQUFBSUFBQ0FBQUFCSFJmMDFLOEF3b0poVXlGcXN3S1NWSThqZWFkczNiOGlsUFpQZnNXS0RLakFBQUFCcW1ac2FGa1BiJTJGVSUyRnI3b1VBNnNMSGJLT2FleVdBWUFZcmlqcko3Zno2JTJCRWwzWCUyRlV3ZHRScEpBTGFITGpWSFBCQUFBQUFxNjhRM3VtYXNrNiUyQlo4cjNaY1JaNEV4ZkZtUkhIdVl6QlZXd1ExV3J1MkFqTyUyQnZHb1lITUpWVWtmWGxIem12cmlvYVlKYUhZT05FckZKMUZwYjUwTkElM0QlM0QiIFJlY29yZGVkVmFsdWU9IkFRQUFBTkNNbmQ4QkZkRVJqSG9Bd0UlMkZDbCUyQnNCQUFBQXo4c0UxUFZvYVVtdGw3ZFRGdVlYN0FBQUFBQUNBQUFBQUFBUVpnQUFBQUVBQUNBQUFBQUlBVmw4JTJCbkdVSkMlMkJDRHVYM0tUZUljcWxBN1NER25ZZDNkMHJBb0VKYkh3QUFBQUFPZ0FBQUFBSUFBQ0FBQUFCSFJmMDFLOEF3b0poVXlGcXN3S1NWSThqZWFkczNiOGlsUFpQZnNXS0RLakFBQUFCcW1ac2FGa1BiJTJGVSUyRnI3b1VBNnNMSGJLT2FleVdBWUFZcmlqcko3Zno2JTJCRWwzWCUyRlV3ZHRScEpBTGFITGpWSFBCQUFBQUFxNjhRM3VtYXNrNiUyQlo4cjNaY1JaNEV4ZkZtUkhIdVl6QlZXd1ExV3J1MkFqTyUyQnZHb1lITUpWVWtmWGxIem12cmlvYVlKYUhZT05FckZKMUZwYjUwTkElM0QlM0QiIENvcnJlbGF0aW9uQmluZGluZz0iIiBVcmxFbmNvZGU9IkZhbHNlIiBVc2VUb0dyb3VwUmVzdWx0cz0iRmFsc2UiIC8+DQogICAgICAgIDxRdWVyeVN0cmluZ1BhcmFtZXRlciBOYW1lPSJyZXF1ZXN0VXJsIiBWYWx1ZT0iaHR0cCUzQSUyRiUyRmxvY2FsaG9zdCUzQTQ2MjMlMkZBY2NvdW50JTJGTG9naW4iIFJlY29yZGVkVmFsdWU9Imh0dHAlM0ElMkYlMkZsb2NhbGhvc3QlM0E0NjIzJTJGQWNjb3VudCUyRkxvZ2luIiBDb3JyZWxhdGlvbkJpbmRpbmc9IiIgVXJsRW5jb2RlPSJGYWxzZSIgVXNlVG9Hcm91cFJlc3VsdHM9IkZhbHNlIiAvPg0KICAgICAgICA8UXVlcnlTdHJpbmdQYXJhbWV0ZXIgTmFtZT0iYnJvd3Nlck5hbWUiIFZhbHVlPSJJbnRlcm5ldCtFeHBsb3JlciIgUmVjb3JkZWRWYWx1ZT0iSW50ZXJuZXQrRXhwbG9yZXIiIENvcnJlbGF0aW9uQmluZGluZz0iIiBVcmxFbmNvZGU9IkZhbHNlIiBVc2VUb0dyb3VwUmVzdWx0cz0iRmFsc2UiIC8+DQogICAgICAgIDxRdWVyeVN0cmluZ1BhcmFtZXRlciBOYW1lPSJ0aWQiIFZhbHVlPSI4IiBSZWNvcmRlZFZhbHVlPSI4IiBDb3JyZWxhdGlvbkJpbmRpbmc9IiIgVXJsRW5jb2RlPSJGYWxzZSIgVXNlVG9Hcm91cFJlc3VsdHM9IkZhbHNlIiAvPg0KICAgICAgICA8UXVlcnlTdHJpbmdQYXJhbWV0ZXIgTmFtZT0iXyIgVmFsdWU9IjEzOTc2MzA5NDQ2NTYiIFJlY29yZGVkVmFsdWU9IjEzOTc2MzA5NDQ2NTYiIENvcnJlbGF0aW9uQmluZGluZz0iIiBVcmxFbmNvZGU9IkZhbHNlIiBVc2VUb0dyb3VwUmVzdWx0cz0iRmFsc2UiIC8+DQogICAgICA8L1F1ZXJ5U3RyaW5nUGFyYW1ldGVycz4NCiAgICAgIDxGb3JtUG9zdEh0dHBCb2R5IC8+DQogICAgPC9SZXF1ZXN0Pg0KICAgIDxSZXF1ZXN0IE1ldGhvZD0iUE9TVCIgR3VpZD0iM2JlZWI2YTgtMGJjMi00MTAyLWI3MWEtZDk1MmQ5ODA0OGZhIiBWZXJzaW9uPSIxLjEiIFVybD0iaHR0cDovL2xvY2FsaG9zdDoxNzU0OS9hNDY4MDAwODNlMjk0MzlhODVkMjE2ZGJjOTIwM2I5NC9hcnRlcnlTaWduYWxSL3NlbmQiIFRoaW5rVGltZT0iMCIgVGltZW91dD0iMzAwIiBQYXJzZURlcGVuZGVudFJlcXVlc3RzPSJUcnVlIiBGb2xsb3dSZWRpcmVjdHM9IlRydWUiIFJlY29yZFJlc3VsdD0iVHJ1ZSIgQ2FjaGU9IkZhbHNlIiBSZXNwb25zZVRpbWVHb2FsPSIwIiBFbmNvZGluZz0idXRmLTgiIEV4cGVjdGVkSHR0cFN0YXR1c0NvZGU9IjAiIEV4cGVjdGVkUmVzcG9uc2VVcmw9IiIgUmVwb3J0aW5nTmFtZT0iIiBJZ25vcmVIdHRwU3RhdHVzQ29kZT0iRmFsc2UiPg0KICAgICAgPEhlYWRlcnM+DQogICAgICAgIDxIZWFkZXIgTmFtZT0iQWNjZXB0IiBWYWx1ZT0idGV4dC9wbGFpbiwgKi8qOyBxPTAuMDEiIC8+DQogICAgICAgIDxIZWFkZXIgTmFtZT0iUmVmZXJlciIgVmFsdWU9Imh0dHA6Ly9sb2NhbGhvc3Q6NDYyMy9BY2NvdW50L0xvZ2luIiAvPg0KICAgICAgPC9IZWFkZXJzPg0KICAgICAgPFF1ZXJ5U3RyaW5nUGFyYW1ldGVycz4NCiAgICAgICAgPFF1ZXJ5U3RyaW5nUGFyYW1ldGVyIE5hbWU9InRyYW5zcG9ydCIgVmFsdWU9ImxvbmdQb2xsaW5nIiBSZWNvcmRlZFZhbHVlPSJsb25nUG9sbGluZyIgQ29ycmVsYXRpb25CaW5kaW5nPSIiIFVybEVuY29kZT0iRmFsc2UiIFVzZVRvR3JvdXBSZXN1bHRzPSJGYWxzZSIgLz4NCiAgICAgICAgPFF1ZXJ5U3RyaW5nUGFyYW1ldGVyIE5hbWU9ImNvbm5lY3Rpb25Ub2tlbiIgVmFsdWU9IkFRQUFBTkNNbmQ4QkZkRVJqSG9Bd0UlMkZDbCUyQnNCQUFBQXo4c0UxUFZvYVVtdGw3ZFRGdVlYN0FBQUFBQUNBQUFBQUFBUVpnQUFBQUVBQUNBQUFBQUlBVmw4JTJCbkdVSkMlMkJDRHVYM0tUZUljcWxBN1NER25ZZDNkMHJBb0VKYkh3QUFBQUFPZ0FBQUFBSUFBQ0FBQUFCSFJmMDFLOEF3b0poVXlGcXN3S1NWSThqZWFkczNiOGlsUFpQZnNXS0RLakFBQUFCcW1ac2FGa1BiJTJGVSUyRnI3b1VBNnNMSGJLT2FleVdBWUFZcmlqcko3Zno2JTJCRWwzWCUyRlV3ZHRScEpBTGFITGpWSFBCQUFBQUFxNjhRM3VtYXNrNiUyQlo4cjNaY1JaNEV4ZkZtUkhIdVl6QlZXd1ExV3J1MkFqTyUyQnZHb1lITUpWVWtmWGxIem12cmlvYVlKYUhZT05FckZKMUZwYjUwTkElM0QlM0QiIFJlY29yZGVkVmFsdWU9IkFRQUFBTkNNbmQ4QkZkRVJqSG9Bd0UlMkZDbCUyQnNCQUFBQXo4c0UxUFZvYVVtdGw3ZFRGdVlYN0FBQUFBQUNBQUFBQUFBUVpnQUFBQUVBQUNBQUFBQUlBVmw4JTJCbkdVSkMlMkJDRHVYM0tUZUljcWxBN1NER25ZZDNkMHJBb0VKYkh3QUFBQUFPZ0FBQUFBSUFBQ0FBQUFCSFJmMDFLOEF3b0poVXlGcXN3S1NWSThqZWFkczNiOGlsUFpQZnNXS0RLakFBQUFCcW1ac2FGa1BiJTJGVSUyRnI3b1VBNnNMSGJLT2FleVdBWUFZcmlqcko3Zno2JTJCRWwzWCUyRlV3ZHRScEpBTGFITGpWSFBCQUFBQUFxNjhRM3VtYXNrNiUyQlo4cjNaY1JaNEV4ZkZtUkhIdVl6QlZXd1ExV3J1MkFqTyUyQnZHb1lITUpWVWtmWGxIem12cmlvYVlKYUhZT05FckZKMUZwYjUwTkElM0QlM0QiIENvcnJlbGF0aW9uQmluZGluZz0iIiBVcmxFbmNvZGU9IkZhbHNlIiBVc2VUb0dyb3VwUmVzdWx0cz0iRmFsc2UiIC8+DQogICAgICAgIDxRdWVyeVN0cmluZ1BhcmFtZXRlciBOYW1lPSJyZXF1ZXN0VXJsIiBWYWx1ZT0iaHR0cCUzQSUyRiUyRmxvY2FsaG9zdCUzQTQ2MjMlMkZBY2NvdW50JTJGTG9naW4iIFJlY29yZGVkVmFsdWU9Imh0dHAlM0ElMkYlMkZsb2NhbGhvc3QlM0E0NjIzJTJGQWNjb3VudCUyRkxvZ2luIiBDb3JyZWxhdGlvbkJpbmRpbmc9IiIgVXJsRW5jb2RlPSJGYWxzZSIgVXNlVG9Hcm91cFJlc3VsdHM9IkZhbHNlIiAvPg0KICAgICAgICA8UXVlcnlTdHJpbmdQYXJhbWV0ZXIgTmFtZT0iYnJvd3Nlck5hbWUiIFZhbHVlPSJJbnRlcm5ldCtFeHBsb3JlciIgUmVjb3JkZWRWYWx1ZT0iSW50ZXJuZXQrRXhwbG9yZXIiIENvcnJlbGF0aW9uQmluZGluZz0iIiBVcmxFbmNvZGU9IkZhbHNlIiBVc2VUb0dyb3VwUmVzdWx0cz0iRmFsc2UiIC8+DQogICAgICA8L1F1ZXJ5U3RyaW5nUGFyYW1ldGVycz4NCiAgICAgIDxGb3JtUG9zdEh0dHBCb2R5Pg0KICAgICAgICA8Rm9ybVBvc3RQYXJhbWV0ZXIgTmFtZT0iZGF0YSIgVmFsdWU9InsmcXVvdDtuYW1lJnF1b3Q7OiZxdW90O01pY3Jvc29mdC5WaXN1YWxTdHVkaW8uV2ViLkJyb3dzZXJMaW5rLkNvcmVFeHRlbnNpb25GYWN0b3J5LmNvbm5lY3RlZCZxdW90OywmcXVvdDtjYWxsYmFja0lkJnF1b3Q7OjF9IiBSZWNvcmRlZFZhbHVlPSJ7JnF1b3Q7bmFtZSZxdW90OzomcXVvdDtNaWNyb3NvZnQuVmlzdWFsU3R1ZGlvLldlYi5Ccm93c2VyTGluay5Db3JlRXh0ZW5zaW9uRmFjdG9yeS5jb25uZWN0ZWQmcXVvdDssJnF1b3Q7Y2FsbGJhY2tJZCZxdW90OzoxfSIgQ29ycmVsYXRpb25CaW5kaW5nPSIiIFVybEVuY29kZT0iVHJ1ZSIgLz4NCiAgICAgIDwvRm9ybVBvc3RIdHRwQm9keT4NCiAgICA8L1JlcXVlc3Q+DQogICAgPFJlcXVlc3QgTWV0aG9kPSJQT1NUIiBHdWlkPSIyNTQxZDZjMC05MGI1LTQxNjItYTg0Ni03OGFlZWU2NDU3ZDMiIFZlcnNpb249IjEuMSIgVXJsPSJodHRwOi8vbG9jYWxob3N0OjE3NTQ5L2E0NjgwMDA4M2UyOTQzOWE4NWQyMTZkYmM5MjAzYjk0L2FydGVyeVNpZ25hbFIvcG9sbCIgVGhpbmtUaW1lPSIwIiBUaW1lb3V0PSIzMDAiIFBhcnNlRGVwZW5kZW50UmVxdWVzdHM9IlRydWUiIEZvbGxvd1JlZGlyZWN0cz0iVHJ1ZSIgUmVjb3JkUmVzdWx0PSJUcnVlIiBDYWNoZT0iRmFsc2UiIFJlc3BvbnNlVGltZUdvYWw9IjAiIEVuY29kaW5nPSJ1dGYtOCIgRXhwZWN0ZWRIdHRwU3RhdHVzQ29kZT0iMCIgRXhwZWN0ZWRSZXNwb25zZVVybD0iIiBSZXBvcnRpbmdOYW1lPSIiIElnbm9yZUh0dHBTdGF0dXNDb2RlPSJGYWxzZSI+DQogICAgICA8SGVhZGVycz4NCiAgICAgICAgPEhlYWRlciBOYW1lPSJDb250ZW50LVR5cGUiIFZhbHVlPSJhcHBsaWNhdGlvbi94LXd3dy1mb3JtLXVybGVuY29kZWQ7IGNoYXJzZXQ9VVRGLTgiIC8+DQogICAgICAgIDxIZWFkZXIgTmFtZT0iQWNjZXB0IiBWYWx1ZT0idGV4dC9wbGFpbiwgKi8qOyBxPTAuMDEiIC8+DQogICAgICAgIDxIZWFkZXIgTmFtZT0iUmVmZXJlciIgVmFsdWU9Imh0dHA6Ly9sb2NhbGhvc3Q6NDYyMy9BY2NvdW50L0xvZ2luIiAvPg0KICAgICAgPC9IZWFkZXJzPg0KICAgICAgPFF1ZXJ5U3RyaW5nUGFyYW1ldGVycz4NCiAgICAgICAgPFF1ZXJ5U3RyaW5nUGFyYW1ldGVyIE5hbWU9InRyYW5zcG9ydCIgVmFsdWU9ImxvbmdQb2xsaW5nIiBSZWNvcmRlZFZhbHVlPSJsb25nUG9sbGluZyIgQ29ycmVsYXRpb25CaW5kaW5nPSIiIFVybEVuY29kZT0iRmFsc2UiIFVzZVRvR3JvdXBSZXN1bHRzPSJGYWxzZSIgLz4NCiAgICAgICAgPFF1ZXJ5U3RyaW5nUGFyYW1ldGVyIE5hbWU9ImNvbm5lY3Rpb25Ub2tlbiIgVmFsdWU9IkFRQUFBTkNNbmQ4QkZkRVJqSG9Bd0UlMkZDbCUyQnNCQUFBQXo4c0UxUFZvYVVtdGw3ZFRGdVlYN0FBQUFBQUNBQUFBQUFBUVpnQUFBQUVBQUNBQUFBQUlBVmw4JTJCbkdVSkMlMkJDRHVYM0tUZUljcWxBN1NER25ZZDNkMHJBb0VKYkh3QUFBQUFPZ0FBQUFBSUFBQ0FBQUFCSFJmMDFLOEF3b0poVXlGcXN3S1NWSThqZWFkczNiOGlsUFpQZnNXS0RLakFBQUFCcW1ac2FGa1BiJTJGVSUyRnI3b1VBNnNMSGJLT2FleVdBWUFZcmlqcko3Zno2JTJCRWwzWCUyRlV3ZHRScEpBTGFITGpWSFBCQUFBQUFxNjhRM3VtYXNrNiUyQlo4cjNaY1JaNEV4ZkZtUkhIdVl6QlZXd1ExV3J1MkFqTyUyQnZHb1lITUpWVWtmWGxIem12cmlvYVlKYUhZT05FckZKMUZwYjUwTkElM0QlM0QiIFJlY29yZGVkVmFsdWU9IkFRQUFBTkNNbmQ4QkZkRVJqSG9Bd0UlMkZDbCUyQnNCQUFBQXo4c0UxUFZvYVVtdGw3ZFRGdVlYN0FBQUFBQUNBQUFBQUFBUVpnQUFBQUVBQUNBQUFBQUlBVmw4JTJCbkdVSkMlMkJDRHVYM0tUZUljcWxBN1NER25ZZDNkMHJBb0VKYkh3QUFBQUFPZ0FBQUFBSUFBQ0FBQUFCSFJmMDFLOEF3b0poVXlGcXN3S1NWSThqZWFkczNiOGlsUFpQZnNXS0RLakFBQUFCcW1ac2FGa1BiJTJGVSUyRnI3b1VBNnNMSGJLT2FleVdBWUFZcmlqcko3Zno2JTJCRWwzWCUyRlV3ZHRScEpBTGFITGpWSFBCQUFBQUFxNjhRM3VtYXNrNiUyQlo4cjNaY1JaNEV4ZkZtUkhIdVl6QlZXd1ExV3J1MkFqTyUyQnZHb1lITUpWVWtmWGxIem12cmlvYVlKYUhZT05FckZKMUZwYjUwTkElM0QlM0QiIENvcnJlbGF0aW9uQmluZGluZz0iIiBVcmxFbmNvZGU9IkZhbHNlIiBVc2VUb0dyb3VwUmVzdWx0cz0iRmFsc2UiIC8+DQogICAgICAgIDxRdWVyeVN0cmluZ1BhcmFtZXRlciBOYW1lPSJtZXNzYWdlSWQiIFZhbHVlPSJkLUFGQkJGQjFFLUIlMkMwJTdDRyUyQzElN0NIJTJDMCIgUmVjb3JkZWRWYWx1ZT0iZC1BRkJCRkIxRS1CJTJDMCU3Q0clMkMxJTdDSCUyQzAiIENvcnJlbGF0aW9uQmluZGluZz0iIiBVcmxFbmNvZGU9IkZhbHNlIiBVc2VUb0dyb3VwUmVzdWx0cz0iRmFsc2UiIC8+DQogICAgICAgIDxRdWVyeVN0cmluZ1BhcmFtZXRlciBOYW1lPSJyZXF1ZXN0VXJsIiBWYWx1ZT0iaHR0cCUzQSUyRiUyRmxvY2FsaG9zdCUzQTQ2MjMlMkZBY2NvdW50JTJGTG9naW4iIFJlY29yZGVkVmFsdWU9Imh0dHAlM0ElMkYlMkZsb2NhbGhvc3QlM0E0NjIzJTJGQWNjb3VudCUyRkxvZ2luIiBDb3JyZWxhdGlvbkJpbmRpbmc9IiIgVXJsRW5jb2RlPSJGYWxzZSIgVXNlVG9Hcm91cFJlc3VsdHM9IkZhbHNlIiAvPg0KICAgICAgICA8UXVlcnlTdHJpbmdQYXJhbWV0ZXIgTmFtZT0iYnJvd3Nlck5hbWUiIFZhbHVlPSJJbnRlcm5ldCtFeHBsb3JlciIgUmVjb3JkZWRWYWx1ZT0iSW50ZXJuZXQrRXhwbG9yZXIiIENvcnJlbGF0aW9uQmluZGluZz0iIiBVcmxFbmNvZGU9IkZhbHNlIiBVc2VUb0dyb3VwUmVzdWx0cz0iRmFsc2UiIC8+DQogICAgICAgIDxRdWVyeVN0cmluZ1BhcmFtZXRlciBOYW1lPSJ0aWQiIFZhbHVlPSI0IiBSZWNvcmRlZFZhbHVlPSI0IiBDb3JyZWxhdGlvbkJpbmRpbmc9IiIgVXJsRW5jb2RlPSJGYWxzZSIgVXNlVG9Hcm91cFJlc3VsdHM9IkZhbHNlIiAvPg0KICAgICAgICA8UXVlcnlTdHJpbmdQYXJhbWV0ZXIgTmFtZT0iXyIgVmFsdWU9IjEzOTc2MzA5NDQ2NzQiIFJlY29yZGVkVmFsdWU9IjEzOTc2MzA5NDQ2NzQiIENvcnJlbGF0aW9uQmluZGluZz0iIiBVcmxFbmNvZGU9IkZhbHNlIiBVc2VUb0dyb3VwUmVzdWx0cz0iRmFsc2UiIC8+DQogICAgICA8L1F1ZXJ5U3RyaW5nUGFyYW1ldGVycz4NCiAgICAgIDxGb3JtUG9zdEh0dHBCb2R5IC8+DQogICAgPC9SZXF1ZXN0Pg0KICAgIDxSZXF1ZXN0IE1ldGhvZD0iUE9TVCIgR3VpZD0iMDQwZGY3ZDAtNTExNC00MGFhLWE0MDQtN2M5YTk3MjhhMzNhIiBWZXJzaW9uPSIxLjEiIFVybD0iaHR0cDovL2xvY2FsaG9zdDoxNzU0OS9hNDY4MDAwODNlMjk0MzlhODVkMjE2ZGJjOTIwM2I5NC9hcnRlcnlTaWduYWxSL3NlbmQiIFRoaW5rVGltZT0iMCIgVGltZW91dD0iMzAwIiBQYXJzZURlcGVuZGVudFJlcXVlc3RzPSJUcnVlIiBGb2xsb3dSZWRpcmVjdHM9IlRydWUiIFJlY29yZFJlc3VsdD0iVHJ1ZSIgQ2FjaGU9IkZhbHNlIiBSZXNwb25zZVRpbWVHb2FsPSIwIiBFbmNvZGluZz0idXRmLTgiIEV4cGVjdGVkSHR0cFN0YXR1c0NvZGU9IjAiIEV4cGVjdGVkUmVzcG9uc2VVcmw9IiIgUmVwb3J0aW5nTmFtZT0iIiBJZ25vcmVIdHRwU3RhdHVzQ29kZT0iRmFsc2UiPg0KICAgICAgPEhlYWRlcnM+DQogICAgICAgIDxIZWFkZXIgTmFtZT0iQWNjZXB0IiBWYWx1ZT0idGV4dC9wbGFpbiwgKi8qOyBxPTAuMDEiIC8+DQogICAgICAgIDxIZWFkZXIgTmFtZT0iUmVmZXJlciIgVmFsdWU9Imh0dHA6Ly9sb2NhbGhvc3Q6NDYyMy9BY2NvdW50L0xvZ2luIiAvPg0KICAgICAgPC9IZWFkZXJzPg0KICAgICAgPFF1ZXJ5U3RyaW5nUGFyYW1ldGVycz4NCiAgICAgICAgPFF1ZXJ5U3RyaW5nUGFyYW1ldGVyIE5hbWU9InRyYW5zcG9ydCIgVmFsdWU9ImxvbmdQb2xsaW5nIiBSZWNvcmRlZFZhbHVlPSJsb25nUG9sbGluZyIgQ29ycmVsYXRpb25CaW5kaW5nPSIiIFVybEVuY29kZT0iRmFsc2UiIFVzZVRvR3JvdXBSZXN1bHRzPSJGYWxzZSIgLz4NCiAgICAgICAgPFF1ZXJ5U3RyaW5nUGFyYW1ldGVyIE5hbWU9ImNvbm5lY3Rpb25Ub2tlbiIgVmFsdWU9IkFRQUFBTkNNbmQ4QkZkRVJqSG9Bd0UlMkZDbCUyQnNCQUFBQXo4c0UxUFZvYVVtdGw3ZFRGdVlYN0FBQUFBQUNBQUFBQUFBUVpnQUFBQUVBQUNBQUFBQUlBVmw4JTJCbkdVSkMlMkJDRHVYM0tUZUljcWxBN1NER25ZZDNkMHJBb0VKYkh3QUFBQUFPZ0FBQUFBSUFBQ0FBQUFCSFJmMDFLOEF3b0poVXlGcXN3S1NWSThqZWFkczNiOGlsUFpQZnNXS0RLakFBQUFCcW1ac2FGa1BiJTJGVSUyRnI3b1VBNnNMSGJLT2FleVdBWUFZcmlqcko3Zno2JTJCRWwzWCUyRlV3ZHRScEpBTGFITGpWSFBCQUFBQUFxNjhRM3VtYXNrNiUyQlo4cjNaY1JaNEV4ZkZtUkhIdVl6QlZXd1ExV3J1MkFqTyUyQnZHb1lITUpWVWtmWGxIem12cmlvYVlKYUhZT05FckZKMUZwYjUwTkElM0QlM0QiIFJlY29yZGVkVmFsdWU9IkFRQUFBTkNNbmQ4QkZkRVJqSG9Bd0UlMkZDbCUyQnNCQUFBQXo4c0UxUFZvYVVtdGw3ZFRGdVlYN0FBQUFBQUNBQUFBQUFBUVpnQUFBQUVBQUNBQUFBQUlBVmw4JTJCbkdVSkMlMkJDRHVYM0tUZUljcWxBN1NER25ZZDNkMHJBb0VKYkh3QUFBQUFPZ0FBQUFBSUFBQ0FBQUFCSFJmMDFLOEF3b0poVXlGcXN3S1NWSThqZWFkczNiOGlsUFpQZnNXS0RLakFBQUFCcW1ac2FGa1BiJTJGVSUyRnI3b1VBNnNMSGJLT2FleVdBWUFZcmlqcko3Zno2JTJCRWwzWCUyRlV3ZHRScEpBTGFITGpWSFBCQUFBQUFxNjhRM3VtYXNrNiUyQlo4cjNaY1JaNEV4ZkZtUkhIdVl6QlZXd1ExV3J1MkFqTyUyQnZHb1lITUpWVWtmWGxIem12cmlvYVlKYUhZT05FckZKMUZwYjUwTkElM0QlM0QiIENvcnJlbGF0aW9uQmluZGluZz0iIiBVcmxFbmNvZGU9IkZhbHNlIiBVc2VUb0dyb3VwUmVzdWx0cz0iRmFsc2UiIC8+DQogICAgICAgIDxRdWVyeVN0cmluZ1BhcmFtZXRlciBOYW1lPSJyZXF1ZXN0VXJsIiBWYWx1ZT0iaHR0cCUzQSUyRiUyRmxvY2FsaG9zdCUzQTQ2MjMlMkZBY2NvdW50JTJGTG9naW4iIFJlY29yZGVkVmFsdWU9Imh0dHAlM0ElMkYlMkZsb2NhbGhvc3QlM0E0NjIzJTJGQWNjb3VudCUyRkxvZ2luIiBDb3JyZWxhdGlvbkJpbmRpbmc9IiIgVXJsRW5jb2RlPSJGYWxzZSIgVXNlVG9Hcm91cFJlc3VsdHM9IkZhbHNlIiAvPg0KICAgICAgICA8UXVlcnlTdHJpbmdQYXJhbWV0ZXIgTmFtZT0iYnJvd3Nlck5hbWUiIFZhbHVlPSJJbnRlcm5ldCtFeHBsb3JlciIgUmVjb3JkZWRWYWx1ZT0iSW50ZXJuZXQrRXhwbG9yZXIiIENvcnJlbGF0aW9uQmluZGluZz0iIiBVcmxFbmNvZGU9IkZhbHNlIiBVc2VUb0dyb3VwUmVzdWx0cz0iRmFsc2UiIC8+DQogICAgICA8L1F1ZXJ5U3RyaW5nUGFyYW1ldGVycz4NCiAgICAgIDxGb3JtUG9zdEh0dHBCb2R5Pg0KICAgICAgICA8Rm9ybVBvc3RQYXJhbWV0ZXIgTmFtZT0iZGF0YSIgVmFsdWU9InsmcXVvdDtuYW1lJnF1b3Q7OiZxdW90O21pY3Jvc29mdC52aXN1YWxzdHVkaW8ud2ViLmJyb3dzZXJsaW5rLmh0bWxtYXBwaW5nZXh0ZW5zaW9uZmFjdG9yeS5yZXNvbHZlVXJsJnF1b3Q7LCZxdW90O2FyZ3MmcXVvdDs6WyZxdW90O34vX19icm93c2VyTGluay9yZXF1ZXN0RGF0YS82Yzk5OTNkOTllOWU0YTFmOWU3NjNkMmFiMzQ4NmJhMyZxdW90O10sJnF1b3Q7Y2FsbGJhY2tJZCZxdW90OzoyfSIgUmVjb3JkZWRWYWx1ZT0ieyZxdW90O25hbWUmcXVvdDs6JnF1b3Q7bWljcm9zb2Z0LnZpc3VhbHN0dWRpby53ZWIuYnJvd3NlcmxpbmsuaHRtbG1hcHBpbmdleHRlbnNpb25mYWN0b3J5LnJlc29sdmVVcmwmcXVvdDssJnF1b3Q7YXJncyZxdW90OzpbJnF1b3Q7fi9fX2Jyb3dzZXJMaW5rL3JlcXVlc3REYXRhLzZjOTk5M2Q5OWU5ZTRhMWY5ZTc2M2QyYWIzNDg2YmEzJnF1b3Q7XSwmcXVvdDtjYWxsYmFja0lkJnF1b3Q7OjJ9IiBDb3JyZWxhdGlvbkJpbmRpbmc9IiIgVXJsRW5jb2RlPSJUcnVlIiAvPg0KICAgICAgPC9Gb3JtUG9zdEh0dHBCb2R5Pg0KICAgIDwvUmVxdWVzdD4NCiAgICA8UmVxdWVzdCBNZXRob2Q9IlBPU1QiIEd1aWQ9ImE1MWE2MTI5LTI3MWItNGY1Yi04MjdiLWZjOGY3ZTEwNTRhYiIgVmVyc2lvbj0iMS4xIiBVcmw9Imh0dHA6Ly9sb2NhbGhvc3Q6MTc1NDkvYTQ2ODAwMDgzZTI5NDM5YTg1ZDIxNmRiYzkyMDNiOTQvYXJ0ZXJ5U2lnbmFsUi9wb2xsIiBUaGlua1RpbWU9IjAiIFRpbWVvdXQ9IjMwMCIgUGFyc2VEZXBlbmRlbnRSZXF1ZXN0cz0iVHJ1ZSIgRm9sbG93UmVkaXJlY3RzPSJUcnVlIiBSZWNvcmRSZXN1bHQ9IlRydWUiIENhY2hlPSJGYWxzZSIgUmVzcG9uc2VUaW1lR29hbD0iMCIgRW5jb2Rpbmc9InV0Zi04IiBFeHBlY3RlZEh0dHBTdGF0dXNDb2RlPSIwIiBFeHBlY3RlZFJlc3BvbnNlVXJsPSIiIFJlcG9ydGluZ05hbWU9IiIgSWdub3JlSHR0cFN0YXR1c0NvZGU9IkZhbHNlIj4NCiAgICAgIDxIZWFkZXJzPg0KICAgICAgICA8SGVhZGVyIE5hbWU9IkNvbnRlbnQtVHlwZSIgVmFsdWU9ImFwcGxpY2F0aW9uL3gtd3d3LWZvcm0tdXJsZW5jb2RlZDsgY2hhcnNldD1VVEYtOCIgLz4NCiAgICAgICAgPEhlYWRlciBOYW1lPSJBY2NlcHQiIFZhbHVlPSJ0ZXh0L3BsYWluLCAqLyo7IHE9MC4wMSIgLz4NCiAgICAgICAgPEhlYWRlciBOYW1lPSJSZWZlcmVyIiBWYWx1ZT0iaHR0cDovL2xvY2FsaG9zdDo0NjIzL0FjY291bnQvTG9naW4iIC8+DQogICAgICA8L0hlYWRlcnM+DQogICAgICA8UXVlcnlTdHJpbmdQYXJhbWV0ZXJzPg0KICAgICAgICA8UXVlcnlTdHJpbmdQYXJhbWV0ZXIgTmFtZT0idHJhbnNwb3J0IiBWYWx1ZT0ibG9uZ1BvbGxpbmciIFJlY29yZGVkVmFsdWU9ImxvbmdQb2xsaW5nIiBDb3JyZWxhdGlvbkJpbmRpbmc9IiIgVXJsRW5jb2RlPSJGYWxzZSIgVXNlVG9Hcm91cFJlc3VsdHM9IkZhbHNlIiAvPg0KICAgICAgICA8UXVlcnlTdHJpbmdQYXJhbWV0ZXIgTmFtZT0iY29ubmVjdGlvblRva2VuIiBWYWx1ZT0iQVFBQUFOQ01uZDhCRmRFUmpIb0F3RSUyRkNsJTJCc0JBQUFBejhzRTFQVm9hVW10bDdkVEZ1WVg3QUFBQUFBQ0FBQUFBQUFRWmdBQUFBRUFBQ0FBQUFBSUFWbDglMkJuR1VKQyUyQkNEdVgzS1RlSWNxbEE3U0RHbllkM2QwckFvRUpiSHdBQUFBQU9nQUFBQUFJQUFDQUFBQUJIUmYwMUs4QXdvSmhVeUZxc3dLU1ZJOGplYWRzM2I4aWxQWlBmc1dLREtqQUFBQUJxbVpzYUZrUGIlMkZVJTJGcjdvVUE2c0xIYktPYWV5V0FZQVlyaWpySjdmejYlMkJFbDNYJTJGVXdkdFJwSkFMYUhMalZIUEJBQUFBQXE2OFEzdW1hc2s2JTJCWjhyM1pjUlo0RXhmRm1SSEh1WXpCVld3UTFXcnUyQWpPJTJCdkdvWUhNSlZVa2ZYbEh6bXZyaW9hWUphSFlPTkVyRkoxRnBiNTBOQSUzRCUzRCIgUmVjb3JkZWRWYWx1ZT0iQVFBQUFOQ01uZDhCRmRFUmpIb0F3RSUyRkNsJTJCc0JBQUFBejhzRTFQVm9hVW10bDdkVEZ1WVg3QUFBQUFBQ0FBQUFBQUFRWmdBQUFBRUFBQ0FBQUFBSUFWbDglMkJuR1VKQyUyQkNEdVgzS1RlSWNxbEE3U0RHbllkM2QwckFvRUpiSHdBQUFBQU9nQUFBQUFJQUFDQUFBQUJIUmYwMUs4QXdvSmhVeUZxc3dLU1ZJOGplYWRzM2I4aWxQWlBmc1dLREtqQUFBQUJxbVpzYUZrUGIlMkZVJTJGcjdvVUE2c0xIYktPYWV5V0FZQVlyaWpySjdmejYlMkJFbDNYJTJGVXdkdFJwSkFMYUhMalZIUEJBQUFBQXE2OFEzdW1hc2s2JTJCWjhyM1pjUlo0RXhmRm1SSEh1WXpCVld3UTFXcnUyQWpPJTJCdkdvWUhNSlZVa2ZYbEh6bXZyaW9hWUphSFlPTkVyRkoxRnBiNTBOQSUzRCUzRCIgQ29ycmVsYXRpb25CaW5kaW5nPSIiIFVybEVuY29kZT0iRmFsc2UiIFVzZVRvR3JvdXBSZXN1bHRzPSJGYWxzZSIgLz4NCiAgICAgICAgPFF1ZXJ5U3RyaW5nUGFyYW1ldGVyIE5hbWU9Im1lc3NhZ2VJZCIgVmFsdWU9ImQtQUZCQkZCMUUtQiUyQzAlN0NHJTJDMiU3Q0glMkMwIiBSZWNvcmRlZFZhbHVlPSJkLUFGQkJGQjFFLUIlMkMwJTdDRyUyQzIlN0NIJTJDMCIgQ29ycmVsYXRpb25CaW5kaW5nPSIiIFVybEVuY29kZT0iRmFsc2UiIFVzZVRvR3JvdXBSZXN1bHRzPSJGYWxzZSIgLz4NCiAgICAgICAgPFF1ZXJ5U3RyaW5nUGFyYW1ldGVyIE5hbWU9InJlcXVlc3RVcmwiIFZhbHVlPSJodHRwJTNBJTJGJTJGbG9jYWxob3N0JTNBNDYyMyUyRkFjY291bnQlMkZMb2dpbiIgUmVjb3JkZWRWYWx1ZT0iaHR0cCUzQSUyRiUyRmxvY2FsaG9zdCUzQTQ2MjMlMkZBY2NvdW50JTJGTG9naW4iIENvcnJlbGF0aW9uQmluZGluZz0iIiBVcmxFbmNvZGU9IkZhbHNlIiBVc2VUb0dyb3VwUmVzdWx0cz0iRmFsc2UiIC8+DQogICAgICAgIDxRdWVyeVN0cmluZ1BhcmFtZXRlciBOYW1lPSJicm93c2VyTmFtZSIgVmFsdWU9IkludGVybmV0K0V4cGxvcmVyIiBSZWNvcmRlZFZhbHVlPSJJbnRlcm5ldCtFeHBsb3JlciIgQ29ycmVsYXRpb25CaW5kaW5nPSIiIFVybEVuY29kZT0iRmFsc2UiIFVzZVRvR3JvdXBSZXN1bHRzPSJGYWxzZSIgLz4NCiAgICAgICAgPFF1ZXJ5U3RyaW5nUGFyYW1ldGVyIE5hbWU9InRpZCIgVmFsdWU9IjgiIFJlY29yZGVkVmFsdWU9IjgiIENvcnJlbGF0aW9uQmluZGluZz0iIiBVcmxFbmNvZGU9IkZhbHNlIiBVc2VUb0dyb3VwUmVzdWx0cz0iRmFsc2UiIC8+DQogICAgICAgIDxRdWVyeVN0cmluZ1BhcmFtZXRlciBOYW1lPSJfIiBWYWx1ZT0iMTM5NzYzMDk0NDgwMCIgUmVjb3JkZWRWYWx1ZT0iMTM5NzYzMDk0NDgwMCIgQ29ycmVsYXRpb25CaW5kaW5nPSIiIFVybEVuY29kZT0iRmFsc2UiIFVzZVRvR3JvdXBSZXN1bHRzPSJGYWxzZSIgLz4NCiAgICAgIDwvUXVlcnlTdHJpbmdQYXJhbWV0ZXJzPg0KICAgICAgPEZvcm1Qb3N0SHR0cEJvZHkgLz4NCiAgICA8L1JlcXVlc3Q+DQogICAgPFJlcXVlc3QgTWV0aG9kPSJHRVQiIEd1aWQ9IjdmMDFiOTdmLTIwN2QtNGEwMi05YTc4LWZlMWE5NmY3Y2QyNyIgVmVyc2lvbj0iMS4xIiBVcmw9Imh0dHA6Ly9sb2NhbGhvc3Q6NDYyMy9fX2Jyb3dzZXJMaW5rL3JlcXVlc3REYXRhLzZjOTk5M2Q5OWU5ZTRhMWY5ZTc2M2QyYWIzNDg2YmEzIiBUaGlua1RpbWU9IjAiIFRpbWVvdXQ9IjMwMCIgUGFyc2VEZXBlbmRlbnRSZXF1ZXN0cz0iVHJ1ZSIgRm9sbG93UmVkaXJlY3RzPSJUcnVlIiBSZWNvcmRSZXN1bHQ9IlRydWUiIENhY2hlPSJGYWxzZSIgUmVzcG9uc2VUaW1lR29hbD0iMCIgRW5jb2Rpbmc9InV0Zi04IiBFeHBlY3RlZEh0dHBTdGF0dXNDb2RlPSIwIiBFeHBlY3RlZFJlc3BvbnNlVXJsPSIiIFJlcG9ydGluZ05hbWU9IiIgSWdub3JlSHR0cFN0YXR1c0NvZGU9IkZhbHNlIj4NCiAgICAgIDxIZWFkZXJzPg0KICAgICAgICA8SGVhZGVyIE5hbWU9IkFjY2VwdCIgVmFsdWU9ImFwcGxpY2F0aW9uL2pzb24sIHRleHQvamF2YXNjcmlwdCwgKi8qOyBxPTAuMDEiIC8+DQogICAgICAgIDxIZWFkZXIgTmFtZT0iWC1SZXF1ZXN0ZWQtV2l0aCIgVmFsdWU9IlhNTEh0dHBSZXF1ZXN0IiAvPg0KICAgICAgICA8SGVhZGVyIE5hbWU9IlJlZmVyZXIiIFZhbHVlPSJodHRwOi8vbG9jYWxob3N0OjQ2MjMvQWNjb3VudC9Mb2dpbiIgLz4NCiAgICAgIDwvSGVhZGVycz4NCiAgICA8L1JlcXVlc3Q+DQogICAgPFJlcXVlc3QgTWV0aG9kPSJQT1NUIiBHdWlkPSI2MjZiMWE2YS03NTM4LTQ4ZGItYWE1Ny03Zjc1YWRiZDhlOWEiIFZlcnNpb249IjEuMSIgVXJsPSJodHRwOi8vbG9jYWxob3N0OjE3NTQ5L2E0NjgwMDA4M2UyOTQzOWE4NWQyMTZkYmM5MjAzYjk0L2FydGVyeVNpZ25hbFIvcG9sbCIgVGhpbmtUaW1lPSIwIiBUaW1lb3V0PSIzMDAiIFBhcnNlRGVwZW5kZW50UmVxdWVzdHM9IlRydWUiIEZvbGxvd1JlZGlyZWN0cz0iVHJ1ZSIgUmVjb3JkUmVzdWx0PSJUcnVlIiBDYWNoZT0iRmFsc2UiIFJlc3BvbnNlVGltZUdvYWw9IjAiIEVuY29kaW5nPSJ1dGYtOCIgRXhwZWN0ZWRIdHRwU3RhdHVzQ29kZT0iMCIgRXhwZWN0ZWRSZXNwb25zZVVybD0iIiBSZXBvcnRpbmdOYW1lPSIiIElnbm9yZUh0dHBTdGF0dXNDb2RlPSJGYWxzZSI+DQogICAgICA8SGVhZGVycz4NCiAgICAgICAgPEhlYWRlciBOYW1lPSJDb250ZW50LVR5cGUiIFZhbHVlPSJhcHBsaWNhdGlvbi94LXd3dy1mb3JtLXVybGVuY29kZWQ7IGNoYXJzZXQ9VVRGLTgiIC8+DQogICAgICAgIDxIZWFkZXIgTmFtZT0iQWNjZXB0IiBWYWx1ZT0idGV4dC9wbGFpbiwgKi8qOyBxPTAuMDEiIC8+DQogICAgICAgIDxIZWFkZXIgTmFtZT0iUmVmZXJlciIgVmFsdWU9Imh0dHA6Ly9sb2NhbGhvc3Q6NDYyMy9BY2NvdW50L0xvZ2luIiAvPg0KICAgICAgPC9IZWFkZXJzPg0KICAgICAgPFF1ZXJ5U3RyaW5nUGFyYW1ldGVycz4NCiAgICAgICAgPFF1ZXJ5U3RyaW5nUGFyYW1ldGVyIE5hbWU9InRyYW5zcG9ydCIgVmFsdWU9ImxvbmdQb2xsaW5nIiBSZWNvcmRlZFZhbHVlPSJsb25nUG9sbGluZyIgQ29ycmVsYXRpb25CaW5kaW5nPSIiIFVybEVuY29kZT0iRmFsc2UiIFVzZVRvR3JvdXBSZXN1bHRzPSJGYWxzZSIgLz4NCiAgICAgICAgPFF1ZXJ5U3RyaW5nUGFyYW1ldGVyIE5hbWU9ImNvbm5lY3Rpb25Ub2tlbiIgVmFsdWU9IkFRQUFBTkNNbmQ4QkZkRVJqSG9Bd0UlMkZDbCUyQnNCQUFBQXo4c0UxUFZvYVVtdGw3ZFRGdVlYN0FBQUFBQUNBQUFBQUFBUVpnQUFBQUVBQUNBQUFBQUlBVmw4JTJCbkdVSkMlMkJDRHVYM0tUZUljcWxBN1NER25ZZDNkMHJBb0VKYkh3QUFBQUFPZ0FBQUFBSUFBQ0FBQUFCSFJmMDFLOEF3b0poVXlGcXN3S1NWSThqZWFkczNiOGlsUFpQZnNXS0RLakFBQUFCcW1ac2FGa1BiJTJGVSUyRnI3b1VBNnNMSGJLT2FleVdBWUFZcmlqcko3Zno2JTJCRWwzWCUyRlV3ZHRScEpBTGFITGpWSFBCQUFBQUFxNjhRM3VtYXNrNiUyQlo4cjNaY1JaNEV4ZkZtUkhIdVl6QlZXd1ExV3J1MkFqTyUyQnZHb1lITUpWVWtmWGxIem12cmlvYVlKYUhZT05FckZKMUZwYjUwTkElM0QlM0QiIFJlY29yZGVkVmFsdWU9IkFRQUFBTkNNbmQ4QkZkRVJqSG9Bd0UlMkZDbCUyQnNCQUFBQXo4c0UxUFZvYVVtdGw3ZFRGdVlYN0FBQUFBQUNBQUFBQUFBUVpnQUFBQUVBQUNBQUFBQUlBVmw4JTJCbkdVSkMlMkJDRHVYM0tUZUljcWxBN1NER25ZZDNkMHJBb0VKYkh3QUFBQUFPZ0FBQUFBSUFBQ0FBQUFCSFJmMDFLOEF3b0poVXlGcXN3S1NWSThqZWFkczNiOGlsUFpQZnNXS0RLakFBQUFCcW1ac2FGa1BiJTJGVSUyRnI3b1VBNnNMSGJLT2FleVdBWUFZcmlqcko3Zno2JTJCRWwzWCUyRlV3ZHRScEpBTGFITGpWSFBCQUFBQUFxNjhRM3VtYXNrNiUyQlo4cjNaY1JaNEV4ZkZtUkhIdVl6QlZXd1ExV3J1MkFqTyUyQnZHb1lITUpWVWtmWGxIem12cmlvYVlKYUhZT05FckZKMUZwYjUwTkElM0QlM0QiIENvcnJlbGF0aW9uQmluZGluZz0iIiBVcmxFbmNvZGU9IkZhbHNlIiBVc2VUb0dyb3VwUmVzdWx0cz0iRmFsc2UiIC8+DQogICAgICAgIDxRdWVyeVN0cmluZ1BhcmFtZXRlciBOYW1lPSJtZXNzYWdlSWQiIFZhbHVlPSJkLUFGQkJGQjFFLUIlMkMwJTdDRyUyQzMlN0NIJTJDMCIgUmVjb3JkZWRWYWx1ZT0iZC1BRkJCRkIxRS1CJTJDMCU3Q0clMkMzJTdDSCUyQzAiIENvcnJlbGF0aW9uQmluZGluZz0iIiBVcmxFbmNvZGU9IkZhbHNlIiBVc2VUb0dyb3VwUmVzdWx0cz0iRmFsc2UiIC8+DQogICAgICAgIDxRdWVyeVN0cmluZ1BhcmFtZXRlciBOYW1lPSJyZXF1ZXN0VXJsIiBWYWx1ZT0iaHR0cCUzQSUyRiUyRmxvY2FsaG9zdCUzQTQ2MjMlMkZBY2NvdW50JTJGTG9naW4iIFJlY29yZGVkVmFsdWU9Imh0dHAlM0ElMkYlMkZsb2NhbGhvc3QlM0E0NjIzJTJGQWNjb3VudCUyRkxvZ2luIiBDb3JyZWxhdGlvbkJpbmRpbmc9IiIgVXJsRW5jb2RlPSJGYWxzZSIgVXNlVG9Hcm91cFJlc3VsdHM9IkZhbHNlIiAvPg0KICAgICAgICA8UXVlcnlTdHJpbmdQYXJhbWV0ZXIgTmFtZT0iYnJvd3Nlck5hbWUiIFZhbHVlPSJJbnRlcm5ldCtFeHBsb3JlciIgUmVjb3JkZWRWYWx1ZT0iSW50ZXJuZXQrRXhwbG9yZXIiIENvcnJlbGF0aW9uQmluZGluZz0iIiBVcmxFbmNvZGU9IkZhbHNlIiBVc2VUb0dyb3VwUmVzdWx0cz0iRmFsc2UiIC8+DQogICAgICAgIDxRdWVyeVN0cmluZ1BhcmFtZXRlciBOYW1lPSJ0aWQiIFZhbHVlPSI4IiBSZWNvcmRlZFZhbHVlPSI4IiBDb3JyZWxhdGlvbkJpbmRpbmc9IiIgVXJsRW5jb2RlPSJGYWxzZSIgVXNlVG9Hcm91cFJlc3VsdHM9IkZhbHNlIiAvPg0KICAgICAgICA8UXVlcnlTdHJpbmdQYXJhbWV0ZXIgTmFtZT0iXyIgVmFsdWU9IjEzOTc2MzA5NDQ4MTQiIFJlY29yZGVkVmFsdWU9IjEzOTc2MzA5NDQ4MTQiIENvcnJlbGF0aW9uQmluZGluZz0iIiBVcmxFbmNvZGU9IkZhbHNlIiBVc2VUb0dyb3VwUmVzdWx0cz0iRmFsc2UiIC8+DQogICAgICA8L1F1ZXJ5U3RyaW5nUGFyYW1ldGVycz4NCiAgICAgIDxGb3JtUG9zdEh0dHBCb2R5IC8+DQogICAgPC9SZXF1ZXN0Pg0KICAgIDxSZXF1ZXN0IE1ldGhvZD0iUE9TVCIgR3VpZD0iMjBjNTNhNDMtOGJiMi00YzU1LThiODAtYjk3NjVjZGUyNDM1IiBWZXJzaW9uPSIxLjEiIFVybD0iaHR0cDovL2xvY2FsaG9zdDoxNzU0OS9hNDY4MDAwODNlMjk0MzlhODVkMjE2ZGJjOTIwM2I5NC9hcnRlcnlTaWduYWxSL3NlbmQiIFRoaW5rVGltZT0iMCIgVGltZW91dD0iMzAwIiBQYXJzZURlcGVuZGVudFJlcXVlc3RzPSJUcnVlIiBGb2xsb3dSZWRpcmVjdHM9IlRydWUiIFJlY29yZFJlc3VsdD0iVHJ1ZSIgQ2FjaGU9IkZhbHNlIiBSZXNwb25zZVRpbWVHb2FsPSIwIiBFbmNvZGluZz0idXRmLTgiIEV4cGVjdGVkSHR0cFN0YXR1c0NvZGU9IjAiIEV4cGVjdGVkUmVzcG9uc2VVcmw9IiIgUmVwb3J0aW5nTmFtZT0iIiBJZ25vcmVIdHRwU3RhdHVzQ29kZT0iRmFsc2UiPg0KICAgICAgPEhlYWRlcnM+DQogICAgICAgIDxIZWFkZXIgTmFtZT0iQWNjZXB0IiBWYWx1ZT0idGV4dC9wbGFpbiwgKi8qOyBxPTAuMDEiIC8+DQogICAgICAgIDxIZWFkZXIgTmFtZT0iUmVmZXJlciIgVmFsdWU9Imh0dHA6Ly9sb2NhbGhvc3Q6NDYyMy9BY2NvdW50L0xvZ2luIiAvPg0KICAgICAgPC9IZWFkZXJzPg0KICAgICAgPFF1ZXJ5U3RyaW5nUGFyYW1ldGVycz4NCiAgICAgICAgPFF1ZXJ5U3RyaW5nUGFyYW1ldGVyIE5hbWU9InRyYW5zcG9ydCIgVmFsdWU9ImxvbmdQb2xsaW5nIiBSZWNvcmRlZFZhbHVlPSJsb25nUG9sbGluZyIgQ29ycmVsYXRpb25CaW5kaW5nPSIiIFVybEVuY29kZT0iRmFsc2UiIFVzZVRvR3JvdXBSZXN1bHRzPSJGYWxzZSIgLz4NCiAgICAgICAgPFF1ZXJ5U3RyaW5nUGFyYW1ldGVyIE5hbWU9ImNvbm5lY3Rpb25Ub2tlbiIgVmFsdWU9IkFRQUFBTkNNbmQ4QkZkRVJqSG9Bd0UlMkZDbCUyQnNCQUFBQXo4c0UxUFZvYVVtdGw3ZFRGdVlYN0FBQUFBQUNBQUFBQUFBUVpnQUFBQUVBQUNBQUFBQUlBVmw4JTJCbkdVSkMlMkJDRHVYM0tUZUljcWxBN1NER25ZZDNkMHJBb0VKYkh3QUFBQUFPZ0FBQUFBSUFBQ0FBQUFCSFJmMDFLOEF3b0poVXlGcXN3S1NWSThqZWFkczNiOGlsUFpQZnNXS0RLakFBQUFCcW1ac2FGa1BiJTJGVSUyRnI3b1VBNnNMSGJLT2FleVdBWUFZcmlqcko3Zno2JTJCRWwzWCUyRlV3ZHRScEpBTGFITGpWSFBCQUFBQUFxNjhRM3VtYXNrNiUyQlo4cjNaY1JaNEV4ZkZtUkhIdVl6QlZXd1ExV3J1MkFqTyUyQnZHb1lITUpWVWtmWGxIem12cmlvYVlKYUhZT05FckZKMUZwYjUwTkElM0QlM0QiIFJlY29yZGVkVmFsdWU9IkFRQUFBTkNNbmQ4QkZkRVJqSG9Bd0UlMkZDbCUyQnNCQUFBQXo4c0UxUFZvYVVtdGw3ZFRGdVlYN0FBQUFBQUNBQUFBQUFBUVpnQUFBQUVBQUNBQUFBQUlBVmw4JTJCbkdVSkMlMkJDRHVYM0tUZUljcWxBN1NER25ZZDNkMHJBb0VKYkh3QUFBQUFPZ0FBQUFBSUFBQ0FBQUFCSFJmMDFLOEF3b0poVXlGcXN3S1NWSThqZWFkczNiOGlsUFpQZnNXS0RLakFBQUFCcW1ac2FGa1BiJTJGVSUyRnI3b1VBNnNMSGJLT2FleVdBWUFZcmlqcko3Zno2JTJCRWwzWCUyRlV3ZHRScEpBTGFITGpWSFBCQUFBQUFxNjhRM3VtYXNrNiUyQlo4cjNaY1JaNEV4ZkZtUkhIdVl6QlZXd1ExV3J1MkFqTyUyQnZHb1lITUpWVWtmWGxIem12cmlvYVlKYUhZT05FckZKMUZwYjUwTkElM0QlM0QiIENvcnJlbGF0aW9uQmluZGluZz0iIiBVcmxFbmNvZGU9IkZhbHNlIiBVc2VUb0dyb3VwUmVzdWx0cz0iRmFsc2UiIC8+DQogICAgICAgIDxRdWVyeVN0cmluZ1BhcmFtZXRlciBOYW1lPSJyZXF1ZXN0VXJsIiBWYWx1ZT0iaHR0cCUzQSUyRiUyRmxvY2FsaG9zdCUzQTQ2MjMlMkZBY2NvdW50JTJGTG9naW4iIFJlY29yZGVkVmFsdWU9Imh0dHAlM0ElMkYlMkZsb2NhbGhvc3QlM0E0NjIzJTJGQWNjb3VudCUyRkxvZ2luIiBDb3JyZWxhdGlvbkJpbmRpbmc9IiIgVXJsRW5jb2RlPSJGYWxzZSIgVXNlVG9Hcm91cFJlc3VsdHM9IkZhbHNlIiAvPg0KICAgICAgICA8UXVlcnlTdHJpbmdQYXJhbWV0ZXIgTmFtZT0iYnJvd3Nlck5hbWUiIFZhbHVlPSJJbnRlcm5ldCtFeHBsb3JlciIgUmVjb3JkZWRWYWx1ZT0iSW50ZXJuZXQrRXhwbG9yZXIiIENvcnJlbGF0aW9uQmluZGluZz0iIiBVcmxFbmNvZGU9IkZhbHNlIiBVc2VUb0dyb3VwUmVzdWx0cz0iRmFsc2UiIC8+DQogICAgICA8L1F1ZXJ5U3RyaW5nUGFyYW1ldGVycz4NCiAgICAgIDxGb3JtUG9zdEh0dHBCb2R5Pg0KICAgICAgICA8Rm9ybVBvc3RQYXJhbWV0ZXIgTmFtZT0iZGF0YSIgVmFsdWU9InsmcXVvdDtuYW1lJnF1b3Q7OiZxdW90O21pY3Jvc29mdC52aXN1YWxzdHVkaW8ud2ViLmJyb3dzZXJsaW5rLmh0bWxtYXBwaW5nZXh0ZW5zaW9uZmFjdG9yeS5yZXNvbHZlU291cmNlRmlsZVBhdGhzJnF1b3Q7LCZxdW90O2FyZ3MmcXVvdDs6W1smcXVvdDt+L1ZpZXdzL0FjY291bnQvTG9naW4uY3NodG1sJnF1b3Q7XV0sJnF1b3Q7Y2FsbGJhY2tJZCZxdW90OzozfSIgUmVjb3JkZWRWYWx1ZT0ieyZxdW90O25hbWUmcXVvdDs6JnF1b3Q7bWljcm9zb2Z0LnZpc3VhbHN0dWRpby53ZWIuYnJvd3NlcmxpbmsuaHRtbG1hcHBpbmdleHRlbnNpb25mYWN0b3J5LnJlc29sdmVTb3VyY2VGaWxlUGF0aHMmcXVvdDssJnF1b3Q7YXJncyZxdW90OzpbWyZxdW90O34vVmlld3MvQWNjb3VudC9Mb2dpbi5jc2h0bWwmcXVvdDtdXSwmcXVvdDtjYWxsYmFja0lkJnF1b3Q7OjN9IiBDb3JyZWxhdGlvbkJpbmRpbmc9IiIgVXJsRW5jb2RlPSJUcnVlIiAvPg0KICAgICAgPC9Gb3JtUG9zdEh0dHBCb2R5Pg0KICAgIDwvUmVxdWVzdD4NCiAgICA8UmVxdWVzdCBNZXRob2Q9IlBPU1QiIEd1aWQ9ImFhNTEyZmFlLWZlYWQtNDNhOC04MTk2LTJjYmZhOTVkMTcyNCIgVmVyc2lvbj0iMS4xIiBVcmw9Imh0dHA6Ly9sb2NhbGhvc3Q6MTc1NDkvYTQ2ODAwMDgzZTI5NDM5YTg1ZDIxNmRiYzkyMDNiOTQvYXJ0ZXJ5U2lnbmFsUi9wb2xsIiBUaGlua1RpbWU9IjAiIFRpbWVvdXQ9IjMwMCIgUGFyc2VEZXBlbmRlbnRSZXF1ZXN0cz0iVHJ1ZSIgRm9sbG93UmVkaXJlY3RzPSJUcnVlIiBSZWNvcmRSZXN1bHQ9IlRydWUiIENhY2hlPSJGYWxzZSIgUmVzcG9uc2VUaW1lR29hbD0iMCIgRW5jb2Rpbmc9InV0Zi04IiBFeHBlY3RlZEh0dHBTdGF0dXNDb2RlPSIwIiBFeHBlY3RlZFJlc3BvbnNlVXJsPSIiIFJlcG9ydGluZ05hbWU9IiIgSWdub3JlSHR0cFN0YXR1c0NvZGU9IkZhbHNlIj4NCiAgICAgIDxIZWFkZXJzPg0KICAgICAgICA8SGVhZGVyIE5hbWU9IkNvbnRlbnQtVHlwZSIgVmFsdWU9ImFwcGxpY2F0aW9uL3gtd3d3LWZvcm0tdXJsZW5jb2RlZDsgY2hhcnNldD1VVEYtOCIgLz4NCiAgICAgICAgPEhlYWRlciBOYW1lPSJBY2NlcHQiIFZhbHVlPSJ0ZXh0L3BsYWluLCAqLyo7IHE9MC4wMSIgLz4NCiAgICAgICAgPEhlYWRlciBOYW1lPSJSZWZlcmVyIiBWYWx1ZT0iaHR0cDovL2xvY2FsaG9zdDo0NjIzL0FjY291bnQvTG9naW4iIC8+DQogICAgICA8L0hlYWRlcnM+DQogICAgICA8UXVlcnlTdHJpbmdQYXJhbWV0ZXJzPg0KICAgICAgICA8UXVlcnlTdHJpbmdQYXJhbWV0ZXIgTmFtZT0idHJhbnNwb3J0IiBWYWx1ZT0ibG9uZ1BvbGxpbmciIFJlY29yZGVkVmFsdWU9ImxvbmdQb2xsaW5nIiBDb3JyZWxhdGlvbkJpbmRpbmc9IiIgVXJsRW5jb2RlPSJGYWxzZSIgVXNlVG9Hcm91cFJlc3VsdHM9IkZhbHNlIiAvPg0KICAgICAgICA8UXVlcnlTdHJpbmdQYXJhbWV0ZXIgTmFtZT0iY29ubmVjdGlvblRva2VuIiBWYWx1ZT0iQVFBQUFOQ01uZDhCRmRFUmpIb0F3RSUyRkNsJTJCc0JBQUFBejhzRTFQVm9hVW10bDdkVEZ1WVg3QUFBQUFBQ0FBQUFBQUFRWmdBQUFBRUFBQ0FBQUFBSUFWbDglMkJuR1VKQyUyQkNEdVgzS1RlSWNxbEE3U0RHbllkM2QwckFvRUpiSHdBQUFBQU9nQUFBQUFJQUFDQUFBQUJIUmYwMUs4QXdvSmhVeUZxc3dLU1ZJOGplYWRzM2I4aWxQWlBmc1dLREtqQUFBQUJxbVpzYUZrUGIlMkZVJTJGcjdvVUE2c0xIYktPYWV5V0FZQVlyaWpySjdmejYlMkJFbDNYJTJGVXdkdFJwSkFMYUhMalZIUEJBQUFBQXE2OFEzdW1hc2s2JTJCWjhyM1pjUlo0RXhmRm1SSEh1WXpCVld3UTFXcnUyQWpPJTJCdkdvWUhNSlZVa2ZYbEh6bXZyaW9hWUphSFlPTkVyRkoxRnBiNTBOQSUzRCUzRCIgUmVjb3JkZWRWYWx1ZT0iQVFBQUFOQ01uZDhCRmRFUmpIb0F3RSUyRkNsJTJCc0JBQUFBejhzRTFQVm9hVW10bDdkVEZ1WVg3QUFBQUFBQ0FBQUFBQUFRWmdBQUFBRUFBQ0FBQUFBSUFWbDglMkJuR1VKQyUyQkNEdVgzS1RlSWNxbEE3U0RHbllkM2QwckFvRUpiSHdBQUFBQU9nQUFBQUFJQUFDQUFBQUJIUmYwMUs4QXdvSmhVeUZxc3dLU1ZJOGplYWRzM2I4aWxQWlBmc1dLREtqQUFBQUJxbVpzYUZrUGIlMkZVJTJGcjdvVUE2c0xIYktPYWV5V0FZQVlyaWpySjdmejYlMkJFbDNYJTJGVXdkdFJwSkFMYUhMalZIUEJBQUFBQXE2OFEzdW1hc2s2JTJCWjhyM1pjUlo0RXhmRm1SSEh1WXpCVld3UTFXcnUyQWpPJTJCdkdvWUhNSlZVa2ZYbEh6bXZyaW9hWUphSFlPTkVyRkoxRnBiNTBOQSUzRCUzRCIgQ29ycmVsYXRpb25CaW5kaW5nPSIiIFVybEVuY29kZT0iRmFsc2UiIFVzZVRvR3JvdXBSZXN1bHRzPSJGYWxzZSIgLz4NCiAgICAgICAgPFF1ZXJ5U3RyaW5nUGFyYW1ldGVyIE5hbWU9Im1lc3NhZ2VJZCIgVmFsdWU9ImQtQUZCQkZCMUUtQiUyQzAlN0NHJTJDNCU3Q0glMkMwIiBSZWNvcmRlZFZhbHVlPSJkLUFGQkJGQjFFLUIlMkMwJTdDRyUyQzQlN0NIJTJDMCIgQ29ycmVsYXRpb25CaW5kaW5nPSIiIFVybEVuY29kZT0iRmFsc2UiIFVzZVRvR3JvdXBSZXN1bHRzPSJGYWxzZSIgLz4NCiAgICAgICAgPFF1ZXJ5U3RyaW5nUGFyYW1ldGVyIE5hbWU9InJlcXVlc3RVcmwiIFZhbHVlPSJodHRwJTNBJTJGJTJGbG9jYWxob3N0JTNBNDYyMyUyRkFjY291bnQlMkZMb2dpbiIgUmVjb3JkZWRWYWx1ZT0iaHR0cCUzQSUyRiUyRmxvY2FsaG9zdCUzQTQ2MjMlMkZBY2NvdW50JTJGTG9naW4iIENvcnJlbGF0aW9uQmluZGluZz0iIiBVcmxFbmNvZGU9IkZhbHNlIiBVc2VUb0dyb3VwUmVzdWx0cz0iRmFsc2UiIC8+DQogICAgICAgIDxRdWVyeVN0cmluZ1BhcmFtZXRlciBOYW1lPSJicm93c2VyTmFtZSIgVmFsdWU9IkludGVybmV0K0V4cGxvcmVyIiBSZWNvcmRlZFZhbHVlPSJJbnRlcm5ldCtFeHBsb3JlciIgQ29ycmVsYXRpb25CaW5kaW5nPSIiIFVybEVuY29kZT0iRmFsc2UiIFVzZVRvR3JvdXBSZXN1bHRzPSJGYWxzZSIgLz4NCiAgICAgICAgPFF1ZXJ5U3RyaW5nUGFyYW1ldGVyIE5hbWU9InRpZCIgVmFsdWU9IjEiIFJlY29yZGVkVmFsdWU9IjEiIENvcnJlbGF0aW9uQmluZGluZz0iIiBVcmxFbmNvZGU9IkZhbHNlIiBVc2VUb0dyb3VwUmVzdWx0cz0iRmFsc2UiIC8+DQogICAgICAgIDxRdWVyeVN0cmluZ1BhcmFtZXRlciBOYW1lPSJfIiBWYWx1ZT0iMTM5NzYzMDk0NTAzMyIgUmVjb3JkZWRWYWx1ZT0iMTM5NzYzMDk0NTAzMyIgQ29ycmVsYXRpb25CaW5kaW5nPSIiIFVybEVuY29kZT0iRmFsc2UiIFVzZVRvR3JvdXBSZXN1bHRzPSJGYWxzZSIgLz4NCiAgICAgIDwvUXVlcnlTdHJpbmdQYXJhbWV0ZXJzPg0KICAgICAgPEZvcm1Qb3N0SHR0cEJvZHkgLz4NCiAgICA8L1JlcXVlc3Q+DQogICAgPFJlcXVlc3QgTWV0aG9kPSJQT1NUIiBHdWlkPSI3YjMwNmQ1Ni1mMzE2LTRhYjItYTM4NS1lNjJhZTk1OWViZmQiIFZlcnNpb249IjEuMSIgVXJsPSJodHRwOi8vbG9jYWxob3N0OjQ2MjMvQWNjb3VudC9Mb2dpbiIgVGhpbmtUaW1lPSIwIiBUaW1lb3V0PSIzMDAiIFBhcnNlRGVwZW5kZW50UmVxdWVzdHM9IlRydWUiIEZvbGxvd1JlZGlyZWN0cz0iVHJ1ZSIgUmVjb3JkUmVzdWx0PSJUcnVlIiBDYWNoZT0iRmFsc2UiIFJlc3BvbnNlVGltZUdvYWw9IjAiIEVuY29kaW5nPSJ1dGYtOCIgRXhwZWN0ZWRIdHRwU3RhdHVzQ29kZT0iMCIgRXhwZWN0ZWRSZXNwb25zZVVybD0iaHR0cDovL2xvY2FsaG9zdDo0NjIzLyIgUmVwb3J0aW5nTmFtZT0iIiBJZ25vcmVIdHRwU3RhdHVzQ29kZT0iRmFsc2UiPg0KICAgICAgPEhlYWRlcnM+DQogICAgICAgIDxIZWFkZXIgTmFtZT0iUmVmZXJlciIgVmFsdWU9Imh0dHA6Ly9sb2NhbGhvc3Q6NDYyMy9BY2NvdW50L0xvZ2luIiAvPg0KICAgICAgPC9IZWFkZXJzPg0KICAgICAgPEZvcm1Qb3N0SHR0cEJvZHk+DQogICAgICAgIDxGb3JtUG9zdFBhcmFtZXRlciBOYW1lPSJVc2VySWQiIFZhbHVlPSIxMDEwMjEzMDI1MyIgUmVjb3JkZWRWYWx1ZT0iMTAxMDIxMzAyNTMiIENvcnJlbGF0aW9uQmluZGluZz0ie3tGb3JtUG9zdFBhcmFtMS5Vc2VySWR9fSIgVXJsRW5jb2RlPSJUcnVlIiAvPg0KICAgICAgICA8Rm9ybVBvc3RQYXJhbWV0ZXIgTmFtZT0iUGFzc3dvcmQiIFZhbHVlPSIxMDEwMjEzMDI1MyIgUmVjb3JkZWRWYWx1ZT0iMTAxMDIxMzAyNTMiIENvcnJlbGF0aW9uQmluZGluZz0ie3tGb3JtUG9zdFBhcmFtMy5QYXNzd29yZH19IiBVcmxFbmNvZGU9IlRydWUiIC8+DQogICAgICAgIDxGb3JtUG9zdFBhcmFtZXRlciBOYW1lPSJBdXRvTG9naW4iIFZhbHVlPSJ0cnVlIiBSZWNvcmRlZFZhbHVlPSJ0cnVlIiBDb3JyZWxhdGlvbkJpbmRpbmc9Int7Rm9ybVBvc3RQYXJhbTIuQXV0b0xvZ2lufX0iIFVybEVuY29kZT0iVHJ1ZSIgLz4NCiAgICAgICAgPEZvcm1Qb3N0UGFyYW1ldGVyIE5hbWU9IkF1dG9Mb2dpbiIgVmFsdWU9Int7JEhJRERFTjEuQXV0b0xvZ2lufX0iIFJlY29yZGVkVmFsdWU9ImZhbHNlIiBDb3JyZWxhdGlvbkJpbmRpbmc9IiIgVXJsRW5jb2RlPSJUcnVlIiAvPg0KICAgICAgPC9Gb3JtUG9zdEh0dHBCb2R5Pg0KICAgIDwvUmVxdWVzdD4NCiAgICA8UmVxdWVzdCBNZXRob2Q9IlBPU1QiIEd1aWQ9IjcxNGZjZTJhLTRmOTQtNDYyOC04MjViLTZjYWVhMTExOTQxNiIgVmVyc2lvbj0iMS4xIiBVcmw9Imh0dHA6Ly9sb2NhbGhvc3Q6MTc1NDkvYTQ2ODAwMDgzZTI5NDM5YTg1ZDIxNmRiYzkyMDNiOTQvYXJ0ZXJ5U2lnbmFsUi9hYm9ydCIgVGhpbmtUaW1lPSIwIiBUaW1lb3V0PSIzMDAiIFBhcnNlRGVwZW5kZW50UmVxdWVzdHM9IlRydWUiIEZvbGxvd1JlZGlyZWN0cz0iVHJ1ZSIgUmVjb3JkUmVzdWx0PSJUcnVlIiBDYWNoZT0iRmFsc2UiIFJlc3BvbnNlVGltZUdvYWw9IjAiIEVuY29kaW5nPSJ1dGYtOCIgRXhwZWN0ZWRIdHRwU3RhdHVzQ29kZT0iMCIgRXhwZWN0ZWRSZXNwb25zZVVybD0iIiBSZXBvcnRpbmdOYW1lPSIiIElnbm9yZUh0dHBTdGF0dXNDb2RlPSJGYWxzZSI+DQogICAgICA8SGVhZGVycz4NCiAgICAgICAgPEhlYWRlciBOYW1lPSJBY2NlcHQiIFZhbHVlPSJ0ZXh0L3BsYWluLCAqLyo7IHE9MC4wMSIgLz4NCiAgICAgICAgPEhlYWRlciBOYW1lPSJSZWZlcmVyIiBWYWx1ZT0iaHR0cDovL2xvY2FsaG9zdDo0NjIzL0FjY291bnQvTG9naW4iIC8+DQogICAgICA8L0hlYWRlcnM+DQogICAgICA8UXVlcnlTdHJpbmdQYXJhbWV0ZXJzPg0KICAgICAgICA8UXVlcnlTdHJpbmdQYXJhbWV0ZXIgTmFtZT0idHJhbnNwb3J0IiBWYWx1ZT0ibG9uZ1BvbGxpbmciIFJlY29yZGVkVmFsdWU9ImxvbmdQb2xsaW5nIiBDb3JyZWxhdGlvbkJpbmRpbmc9IiIgVXJsRW5jb2RlPSJGYWxzZSIgVXNlVG9Hcm91cFJlc3VsdHM9IkZhbHNlIiAvPg0KICAgICAgICA8UXVlcnlTdHJpbmdQYXJhbWV0ZXIgTmFtZT0iY29ubmVjdGlvblRva2VuIiBWYWx1ZT0iQVFBQUFOQ01uZDhCRmRFUmpIb0F3RSUyRkNsJTJCc0JBQUFBejhzRTFQVm9hVW10bDdkVEZ1WVg3QUFBQUFBQ0FBQUFBQUFRWmdBQUFBRUFBQ0FBQUFBSUFWbDglMkJuR1VKQyUyQkNEdVgzS1RlSWNxbEE3U0RHbllkM2QwckFvRUpiSHdBQUFBQU9nQUFBQUFJQUFDQUFBQUJIUmYwMUs4QXdvSmhVeUZxc3dLU1ZJOGplYWRzM2I4aWxQWlBmc1dLREtqQUFBQUJxbVpzYUZrUGIlMkZVJTJGcjdvVUE2c0xIYktPYWV5V0FZQVlyaWpySjdmejYlMkJFbDNYJTJGVXdkdFJwSkFMYUhMalZIUEJBQUFBQXE2OFEzdW1hc2s2JTJCWjhyM1pjUlo0RXhmRm1SSEh1WXpCVld3UTFXcnUyQWpPJTJCdkdvWUhNSlZVa2ZYbEh6bXZyaW9hWUphSFlPTkVyRkoxRnBiNTBOQSUzRCUzRCIgUmVjb3JkZWRWYWx1ZT0iQVFBQUFOQ01uZDhCRmRFUmpIb0F3RSUyRkNsJTJCc0JBQUFBejhzRTFQVm9hVW10bDdkVEZ1WVg3QUFBQUFBQ0FBQUFBQUFRWmdBQUFBRUFBQ0FBQUFBSUFWbDglMkJuR1VKQyUyQkNEdVgzS1RlSWNxbEE3U0RHbllkM2QwckFvRUpiSHdBQUFBQU9nQUFBQUFJQUFDQUFBQUJIUmYwMUs4QXdvSmhVeUZxc3dLU1ZJOGplYWRzM2I4aWxQWlBmc1dLREtqQUFBQUJxbVpzYUZrUGIlMkZVJTJGcjdvVUE2c0xIYktPYWV5V0FZQVlyaWpySjdmejYlMkJFbDNYJTJGVXdkdFJwSkFMYUhMalZIUEJBQUFBQXE2OFEzdW1hc2s2JTJCWjhyM1pjUlo0RXhmRm1SSEh1WXpCVld3UTFXcnUyQWpPJTJCdkdvWUhNSlZVa2ZYbEh6bXZyaW9hWUphSFlPTkVyRkoxRnBiNTBOQSUzRCUzRCIgQ29ycmVsYXRpb25CaW5kaW5nPSIiIFVybEVuY29kZT0iRmFsc2UiIFVzZVRvR3JvdXBSZXN1bHRzPSJGYWxzZSIgLz4NCiAgICAgICAgPFF1ZXJ5U3RyaW5nUGFyYW1ldGVyIE5hbWU9InJlcXVlc3RVcmwiIFZhbHVlPSJodHRwJTNBJTJGJTJGbG9jYWxob3N0JTNBNDYyMyUyRkFjY291bnQlMkZMb2dpbiIgUmVjb3JkZWRWYWx1ZT0iaHR0cCUzQSUyRiUyRmxvY2FsaG9zdCUzQTQ2MjMlMkZBY2NvdW50JTJGTG9naW4iIENvcnJlbGF0aW9uQmluZGluZz0iIiBVcmxFbmNvZGU9IkZhbHNlIiBVc2VUb0dyb3VwUmVzdWx0cz0iRmFsc2UiIC8+DQogICAgICAgIDxRdWVyeVN0cmluZ1BhcmFtZXRlciBOYW1lPSJicm93c2VyTmFtZSIgVmFsdWU9IkludGVybmV0K0V4cGxvcmVyIiBSZWNvcmRlZFZhbHVlPSJJbnRlcm5ldCtFeHBsb3JlciIgQ29ycmVsYXRpb25CaW5kaW5nPSIiIFVybEVuY29kZT0iRmFsc2UiIFVzZVRvR3JvdXBSZXN1bHRzPSJGYWxzZSIgLz4NCiAgICAgIDwvUXVlcnlTdHJpbmdQYXJhbWV0ZXJzPg0KICAgICAgPEZvcm1Qb3N0SHR0cEJvZHkgLz4NCiAgICA8L1JlcXVlc3Q+DQogICAgPFJlcXVlc3QgTWV0aG9kPSJQT1NUIiBHdWlkPSI4MjQ4YzA0ZS1kMDU2LTQwMTUtOWQ3Zi00OTNiOGEzZTlkOTYiIFZlcnNpb249IjEuMSIgVXJsPSJodHRwOi8vbG9jYWxob3N0OjE3NTQ5L2E0NjgwMDA4M2UyOTQzOWE4NWQyMTZkYmM5MjAzYjk0L2FydGVyeVNpZ25hbFIvbmVnb3RpYXRlIiBUaGlua1RpbWU9IjAiIFRpbWVvdXQ9IjMwMCIgUGFyc2VEZXBlbmRlbnRSZXF1ZXN0cz0iVHJ1ZSIgRm9sbG93UmVkaXJlY3RzPSJUcnVlIiBSZWNvcmRSZXN1bHQ9IlRydWUiIENhY2hlPSJGYWxzZSIgUmVzcG9uc2VUaW1lR29hbD0iMCIgRW5jb2Rpbmc9InV0Zi04IiBFeHBlY3RlZEh0dHBTdGF0dXNDb2RlPSIwIiBFeHBlY3RlZFJlc3BvbnNlVXJsPSIiIFJlcG9ydGluZ05hbWU9IiIgSWdub3JlSHR0cFN0YXR1c0NvZGU9IkZhbHNlIj4NCiAgICAgIDxIZWFkZXJzPg0KICAgICAgICA8SGVhZGVyIE5hbWU9IkNvbnRlbnQtVHlwZSIgVmFsdWU9ImFwcGxpY2F0aW9uL3gtd3d3LWZvcm0tdXJsZW5jb2RlZDsgY2hhcnNldD1VVEYtOCIgLz4NCiAgICAgICAgPEhlYWRlciBOYW1lPSJBY2NlcHQiIFZhbHVlPSJ0ZXh0L3BsYWluLCAqLyo7IHE9MC4wMSIgLz4NCiAgICAgICAgPEhlYWRlciBOYW1lPSJSZWZlcmVyIiBWYWx1ZT0iaHR0cDovL2xvY2FsaG9zdDo0NjIzLyIgLz4NCiAgICAgIDwvSGVhZGVycz4NCiAgICAgIDxRdWVyeVN0cmluZ1BhcmFtZXRlcnM+DQogICAgICAgIDxRdWVyeVN0cmluZ1BhcmFtZXRlciBOYW1lPSJyZXF1ZXN0VXJsIiBWYWx1ZT0iaHR0cCUzQSUyRiUyRmxvY2FsaG9zdCUzQTQ2MjMlMkYiIFJlY29yZGVkVmFsdWU9Imh0dHAlM0ElMkYlMkZsb2NhbGhvc3QlM0E0NjIzJTJGIiBDb3JyZWxhdGlvbkJpbmRpbmc9IiIgVXJsRW5jb2RlPSJGYWxzZSIgVXNlVG9Hcm91cFJlc3VsdHM9IkZhbHNlIiAvPg0KICAgICAgICA8UXVlcnlTdHJpbmdQYXJhbWV0ZXIgTmFtZT0iYnJvd3Nlck5hbWUiIFZhbHVlPSJJbnRlcm5ldCtFeHBsb3JlciIgUmVjb3JkZWRWYWx1ZT0iSW50ZXJuZXQrRXhwbG9yZXIiIENvcnJlbGF0aW9uQmluZGluZz0iIiBVcmxFbmNvZGU9IkZhbHNlIiBVc2VUb0dyb3VwUmVzdWx0cz0iRmFsc2UiIC8+DQogICAgICAgIDxRdWVyeVN0cmluZ1BhcmFtZXRlciBOYW1lPSJjbGllbnRQcm90b2NvbCIgVmFsdWU9IjEuMyIgUmVjb3JkZWRWYWx1ZT0iMS4zIiBDb3JyZWxhdGlvbkJpbmRpbmc9IiIgVXJsRW5jb2RlPSJGYWxzZSIgVXNlVG9Hcm91cFJlc3VsdHM9IkZhbHNlIiAvPg0KICAgICAgICA8UXVlcnlTdHJpbmdQYXJhbWV0ZXIgTmFtZT0iXyIgVmFsdWU9IjEzOTc2MzA5NTE3NjUiIFJlY29yZGVkVmFsdWU9IjEzOTc2MzA5NTE3NjUiIENvcnJlbGF0aW9uQmluZGluZz0iIiBVcmxFbmNvZGU9IkZhbHNlIiBVc2VUb0dyb3VwUmVzdWx0cz0iRmFsc2UiIC8+DQogICAgICA8L1F1ZXJ5U3RyaW5nUGFyYW1ldGVycz4NCiAgICAgIDxGb3JtUG9zdEh0dHBCb2R5IC8+DQogICAgPC9SZXF1ZXN0Pg0KICAgIDxSZXF1ZXN0IE1ldGhvZD0iUE9TVCIgR3VpZD0iODExNzE0M2EtNjU5MS00MTY1LWE2MDEtYzIyZTkwNjVhMTE4IiBWZXJzaW9uPSIxLjEiIFVybD0iaHR0cDovL2xvY2FsaG9zdDoxNzU0OS9hNDY4MDAwODNlMjk0MzlhODVkMjE2ZGJjOTIwM2I5NC9hcnRlcnlTaWduYWxSL2Nvbm5lY3QiIFRoaW5rVGltZT0iMCIgVGltZW91dD0iMzAwIiBQYXJzZURlcGVuZGVudFJlcXVlc3RzPSJUcnVlIiBGb2xsb3dSZWRpcmVjdHM9IlRydWUiIFJlY29yZFJlc3VsdD0iVHJ1ZSIgQ2FjaGU9IkZhbHNlIiBSZXNwb25zZVRpbWVHb2FsPSIwIiBFbmNvZGluZz0idXRmLTgiIEV4cGVjdGVkSHR0cFN0YXR1c0NvZGU9IjAiIEV4cGVjdGVkUmVzcG9uc2VVcmw9IiIgUmVwb3J0aW5nTmFtZT0iIiBJZ25vcmVIdHRwU3RhdHVzQ29kZT0iRmFsc2UiPg0KICAgICAgPEhlYWRlcnM+DQogICAgICAgIDxIZWFkZXIgTmFtZT0iQ29udGVudC1UeXBlIiBWYWx1ZT0iYXBwbGljYXRpb24veC13d3ctZm9ybS11cmxlbmNvZGVkOyBjaGFyc2V0PVVURi04IiAvPg0KICAgICAgICA8SGVhZGVyIE5hbWU9IkFjY2VwdCIgVmFsdWU9InRleHQvcGxhaW4sICovKjsgcT0wLjAxIiAvPg0KICAgICAgICA8SGVhZGVyIE5hbWU9IlJlZmVyZXIiIFZhbHVlPSJodHRwOi8vbG9jYWxob3N0OjQ2MjMvIiAvPg0KICAgICAgPC9IZWFkZXJzPg0KICAgICAgPFF1ZXJ5U3RyaW5nUGFyYW1ldGVycz4NCiAgICAgICAgPFF1ZXJ5U3RyaW5nUGFyYW1ldGVyIE5hbWU9InRyYW5zcG9ydCIgVmFsdWU9ImxvbmdQb2xsaW5nIiBSZWNvcmRlZFZhbHVlPSJsb25nUG9sbGluZyIgQ29ycmVsYXRpb25CaW5kaW5nPSIiIFVybEVuY29kZT0iRmFsc2UiIFVzZVRvR3JvdXBSZXN1bHRzPSJGYWxzZSIgLz4NCiAgICAgICAgPFF1ZXJ5U3RyaW5nUGFyYW1ldGVyIE5hbWU9ImNvbm5lY3Rpb25Ub2tlbiIgVmFsdWU9IkFRQUFBTkNNbmQ4QkZkRVJqSG9Bd0UlMkZDbCUyQnNCQUFBQXo4c0UxUFZvYVVtdGw3ZFRGdVlYN0FBQUFBQUNBQUFBQUFBUVpnQUFBQUVBQUNBQUFBQ0pIZHNZemNXVXpNd0oyM3B6Z1VvMGhha2tTUHdZUVppYlVJTnBTeUczbUFBQUFBQU9nQUFBQUFJQUFDQUFBQUE2T3U0SE5wem1vbjYzM284YTZtdUlhSjNHQiUyQmdlQlMxY0FWT0F0R1ZiQXpBQUFBRHB3ZlhtMHVoVVZTOEl5ZklKSVRSaU1MSlFkVWElMkZ1WDRwS0R3eU95Z2laTTVobWtmQWRJNUlibjhhdElJYlpYVkFBQUFBUTNsakkyZzZkblR4bDVtQ2dYdGF2Ylk0WWtoWVkweUllR0t0cWZwNkFHTVp0aVhOMXFOWGhMbDE0dE1IMlVyTlMwVUtGTTU3a0xQMDc4V2dhMURwSGclM0QlM0QiIFJlY29yZGVkVmFsdWU9IkFRQUFBTkNNbmQ4QkZkRVJqSG9Bd0UlMkZDbCUyQnNCQUFBQXo4c0UxUFZvYVVtdGw3ZFRGdVlYN0FBQUFBQUNBQUFBQUFBUVpnQUFBQUVBQUNBQUFBQ0pIZHNZemNXVXpNd0oyM3B6Z1VvMGhha2tTUHdZUVppYlVJTnBTeUczbUFBQUFBQU9nQUFBQUFJQUFDQUFBQUE2T3U0SE5wem1vbjYzM284YTZtdUlhSjNHQiUyQmdlQlMxY0FWT0F0R1ZiQXpBQUFBRHB3ZlhtMHVoVVZTOEl5ZklKSVRSaU1MSlFkVWElMkZ1WDRwS0R3eU95Z2laTTVobWtmQWRJNUlibjhhdElJYlpYVkFBQUFBUTNsakkyZzZkblR4bDVtQ2dYdGF2Ylk0WWtoWVkweUllR0t0cWZwNkFHTVp0aVhOMXFOWGhMbDE0dE1IMlVyTlMwVUtGTTU3a0xQMDc4V2dhMURwSGclM0QlM0QiIENvcnJlbGF0aW9uQmluZGluZz0iIiBVcmxFbmNvZGU9IkZhbHNlIiBVc2VUb0dyb3VwUmVzdWx0cz0iRmFsc2UiIC8+DQogICAgICAgIDxRdWVyeVN0cmluZ1BhcmFtZXRlciBOYW1lPSJyZXF1ZXN0VXJsIiBWYWx1ZT0iaHR0cCUzQSUyRiUyRmxvY2FsaG9zdCUzQTQ2MjMlMkYiIFJlY29yZGVkVmFsdWU9Imh0dHAlM0ElMkYlMkZsb2NhbGhvc3QlM0E0NjIzJTJGIiBDb3JyZWxhdGlvbkJpbmRpbmc9IiIgVXJsRW5jb2RlPSJGYWxzZSIgVXNlVG9Hcm91cFJlc3VsdHM9IkZhbHNlIiAvPg0KICAgICAgICA8UXVlcnlTdHJpbmdQYXJhbWV0ZXIgTmFtZT0iYnJvd3Nlck5hbWUiIFZhbHVlPSJJbnRlcm5ldCtFeHBsb3JlciIgUmVjb3JkZWRWYWx1ZT0iSW50ZXJuZXQrRXhwbG9yZXIiIENvcnJlbGF0aW9uQmluZGluZz0iIiBVcmxFbmNvZGU9IkZhbHNlIiBVc2VUb0dyb3VwUmVzdWx0cz0iRmFsc2UiIC8+DQogICAgICAgIDxRdWVyeVN0cmluZ1BhcmFtZXRlciBOYW1lPSJ0aWQiIFZhbHVlPSIwIiBSZWNvcmRlZFZhbHVlPSIwIiBDb3JyZWxhdGlvbkJpbmRpbmc9IiIgVXJsRW5jb2RlPSJGYWxzZSIgVXNlVG9Hcm91cFJlc3VsdHM9IkZhbHNlIiAvPg0KICAgICAgICA8UXVlcnlTdHJpbmdQYXJhbWV0ZXIgTmFtZT0iXyIgVmFsdWU9IjEzOTc2MzA5NTIxNjUiIFJlY29yZGVkVmFsdWU9IjEzOTc2MzA5NTIxNjUiIENvcnJlbGF0aW9uQmluZGluZz0iIiBVcmxFbmNvZGU9IkZhbHNlIiBVc2VUb0dyb3VwUmVzdWx0cz0iRmFsc2UiIC8+DQogICAgICA8L1F1ZXJ5U3RyaW5nUGFyYW1ldGVycz4NCiAgICAgIDxGb3JtUG9zdEh0dHBCb2R5IC8+DQogICAgPC9SZXF1ZXN0Pg0KICAgIDxSZXF1ZXN0IE1ldGhvZD0iUE9TVCIgR3VpZD0iMTQwOTgyZGItMjU5YS00ZTZmLTk3ZmMtYmE3YjBjNDdhYTE3IiBWZXJzaW9uPSIxLjEiIFVybD0iaHR0cDovL2xvY2FsaG9zdDoxNzU0OS9hNDY4MDAwODNlMjk0MzlhODVkMjE2ZGJjOTIwM2I5NC9hcnRlcnlTaWduYWxSL3NlbmQiIFRoaW5rVGltZT0iMCIgVGltZW91dD0iMzAwIiBQYXJzZURlcGVuZGVudFJlcXVlc3RzPSJUcnVlIiBGb2xsb3dSZWRpcmVjdHM9IlRydWUiIFJlY29yZFJlc3VsdD0iVHJ1ZSIgQ2FjaGU9IkZhbHNlIiBSZXNwb25zZVRpbWVHb2FsPSIwIiBFbmNvZGluZz0idXRmLTgiIEV4cGVjdGVkSHR0cFN0YXR1c0NvZGU9IjAiIEV4cGVjdGVkUmVzcG9uc2VVcmw9IiIgUmVwb3J0aW5nTmFtZT0iIiBJZ25vcmVIdHRwU3RhdHVzQ29kZT0iRmFsc2UiPg0KICAgICAgPEhlYWRlcnM+DQogICAgICAgIDxIZWFkZXIgTmFtZT0iQWNjZXB0IiBWYWx1ZT0idGV4dC9wbGFpbiwgKi8qOyBxPTAuMDEiIC8+DQogICAgICAgIDxIZWFkZXIgTmFtZT0iUmVmZXJlciIgVmFsdWU9Imh0dHA6Ly9sb2NhbGhvc3Q6NDYyMy8iIC8+DQogICAgICA8L0hlYWRlcnM+DQogICAgICA8UXVlcnlTdHJpbmdQYXJhbWV0ZXJzPg0KICAgICAgICA8UXVlcnlTdHJpbmdQYXJhbWV0ZXIgTmFtZT0idHJhbnNwb3J0IiBWYWx1ZT0ibG9uZ1BvbGxpbmciIFJlY29yZGVkVmFsdWU9ImxvbmdQb2xsaW5nIiBDb3JyZWxhdGlvbkJpbmRpbmc9IiIgVXJsRW5jb2RlPSJGYWxzZSIgVXNlVG9Hcm91cFJlc3VsdHM9IkZhbHNlIiAvPg0KICAgICAgICA8UXVlcnlTdHJpbmdQYXJhbWV0ZXIgTmFtZT0iY29ubmVjdGlvblRva2VuIiBWYWx1ZT0iQVFBQUFOQ01uZDhCRmRFUmpIb0F3RSUyRkNsJTJCc0JBQUFBejhzRTFQVm9hVW10bDdkVEZ1WVg3QUFBQUFBQ0FBQUFBQUFRWmdBQUFBRUFBQ0FBQUFDSkhkc1l6Y1dVek13SjIzcHpnVW8waGFra1NQd1lRWmliVUlOcFN5RzNtQUFBQUFBT2dBQUFBQUlBQUNBQUFBQTZPdTRITnB6bW9uNjMzbzhhNm11SWFKM0dCJTJCZ2VCUzFjQVZPQXRHVmJBekFBQUFEcHdmWG0wdWhVVlM4SXlmSUpJVFJpTUxKUWRVYSUyRnVYNHBLRHd5T3lnaVpNNWhta2ZBZEk1SWJuOGF0SUliWlhWQUFBQUFRM2xqSTJnNmRuVHhsNW1DZ1h0YXZiWTRZa2hZWTB5SWVHS3RxZnA2QUdNWnRpWE4xcU5YaExsMTR0TUgyVXJOUzBVS0ZNNTdrTFAwNzhXZ2ExRHBIZyUzRCUzRCIgUmVjb3JkZWRWYWx1ZT0iQVFBQUFOQ01uZDhCRmRFUmpIb0F3RSUyRkNsJTJCc0JBQUFBejhzRTFQVm9hVW10bDdkVEZ1WVg3QUFBQUFBQ0FBQUFBQUFRWmdBQUFBRUFBQ0FBQUFDSkhkc1l6Y1dVek13SjIzcHpnVW8waGFra1NQd1lRWmliVUlOcFN5RzNtQUFBQUFBT2dBQUFBQUlBQUNBQUFBQTZPdTRITnB6bW9uNjMzbzhhNm11SWFKM0dCJTJCZ2VCUzFjQVZPQXRHVmJBekFBQUFEcHdmWG0wdWhVVlM4SXlmSUpJVFJpTUxKUWRVYSUyRnVYNHBLRHd5T3lnaVpNNWhta2ZBZEk1SWJuOGF0SUliWlhWQUFBQUFRM2xqSTJnNmRuVHhsNW1DZ1h0YXZiWTRZa2hZWTB5SWVHS3RxZnA2QUdNWnRpWE4xcU5YaExsMTR0TUgyVXJOUzBVS0ZNNTdrTFAwNzhXZ2ExRHBIZyUzRCUzRCIgQ29ycmVsYXRpb25CaW5kaW5nPSIiIFVybEVuY29kZT0iRmFsc2UiIFVzZVRvR3JvdXBSZXN1bHRzPSJGYWxzZSIgLz4NCiAgICAgICAgPFF1ZXJ5U3RyaW5nUGFyYW1ldGVyIE5hbWU9InJlcXVlc3RVcmwiIFZhbHVlPSJodHRwJTNBJTJGJTJGbG9jYWxob3N0JTNBNDYyMyUyRiIgUmVjb3JkZWRWYWx1ZT0iaHR0cCUzQSUyRiUyRmxvY2FsaG9zdCUzQTQ2MjMlMkYiIENvcnJlbGF0aW9uQmluZGluZz0iIiBVcmxFbmNvZGU9IkZhbHNlIiBVc2VUb0dyb3VwUmVzdWx0cz0iRmFsc2UiIC8+DQogICAgICAgIDxRdWVyeVN0cmluZ1BhcmFtZXRlciBOYW1lPSJicm93c2VyTmFtZSIgVmFsdWU9IkludGVybmV0K0V4cGxvcmVyIiBSZWNvcmRlZFZhbHVlPSJJbnRlcm5ldCtFeHBsb3JlciIgQ29ycmVsYXRpb25CaW5kaW5nPSIiIFVybEVuY29kZT0iRmFsc2UiIFVzZVRvR3JvdXBSZXN1bHRzPSJGYWxzZSIgLz4NCiAgICAgIDwvUXVlcnlTdHJpbmdQYXJhbWV0ZXJzPg0KICAgICAgPEZvcm1Qb3N0SHR0cEJvZHk+DQogICAgICAgIDxGb3JtUG9zdFBhcmFtZXRlciBOYW1lPSJkYXRhIiBWYWx1ZT0ieyZxdW90O25hbWUmcXVvdDs6JnF1b3Q7TWljcm9zb2Z0LlZpc3VhbFN0dWRpby5XZWIuQnJvd3NlckxpbmsuQ29yZUV4dGVuc2lvbkZhY3RvcnkuY29ubmVjdGVkJnF1b3Q7LCZxdW90O2NhbGxiYWNrSWQmcXVvdDs6MX0iIFJlY29yZGVkVmFsdWU9InsmcXVvdDtuYW1lJnF1b3Q7OiZxdW90O01pY3Jvc29mdC5WaXN1YWxTdHVkaW8uV2ViLkJyb3dzZXJMaW5rLkNvcmVFeHRlbnNpb25GYWN0b3J5LmNvbm5lY3RlZCZxdW90OywmcXVvdDtjYWxsYmFja0lkJnF1b3Q7OjF9IiBDb3JyZWxhdGlvbkJpbmRpbmc9IiIgVXJsRW5jb2RlPSJUcnVlIiAvPg0KICAgICAgPC9Gb3JtUG9zdEh0dHBCb2R5Pg0KICAgIDwvUmVxdWVzdD4NCiAgICA8UmVxdWVzdCBNZXRob2Q9IlBPU1QiIEd1aWQ9Ijg5YjJmMTIzLTQyNzItNGRkNy05ZWQ5LTM4YjE5YTBiN2YyMyIgVmVyc2lvbj0iMS4xIiBVcmw9Imh0dHA6Ly9sb2NhbGhvc3Q6MTc1NDkvYTQ2ODAwMDgzZTI5NDM5YTg1ZDIxNmRiYzkyMDNiOTQvYXJ0ZXJ5U2lnbmFsUi9wb2xsIiBUaGlua1RpbWU9IjAiIFRpbWVvdXQ9IjMwMCIgUGFyc2VEZXBlbmRlbnRSZXF1ZXN0cz0iVHJ1ZSIgRm9sbG93UmVkaXJlY3RzPSJUcnVlIiBSZWNvcmRSZXN1bHQ9IlRydWUiIENhY2hlPSJGYWxzZSIgUmVzcG9uc2VUaW1lR29hbD0iMCIgRW5jb2Rpbmc9InV0Zi04IiBFeHBlY3RlZEh0dHBTdGF0dXNDb2RlPSIwIiBFeHBlY3RlZFJlc3BvbnNlVXJsPSIiIFJlcG9ydGluZ05hbWU9IiIgSWdub3JlSHR0cFN0YXR1c0NvZGU9IkZhbHNlIj4NCiAgICAgIDxIZWFkZXJzPg0KICAgICAgICA8SGVhZGVyIE5hbWU9IkNvbnRlbnQtVHlwZSIgVmFsdWU9ImFwcGxpY2F0aW9uL3gtd3d3LWZvcm0tdXJsZW5jb2RlZDsgY2hhcnNldD1VVEYtOCIgLz4NCiAgICAgICAgPEhlYWRlciBOYW1lPSJBY2NlcHQiIFZhbHVlPSJ0ZXh0L3BsYWluLCAqLyo7IHE9MC4wMSIgLz4NCiAgICAgICAgPEhlYWRlciBOYW1lPSJSZWZlcmVyIiBWYWx1ZT0iaHR0cDovL2xvY2FsaG9zdDo0NjIzLyIgLz4NCiAgICAgIDwvSGVhZGVycz4NCiAgICAgIDxRdWVyeVN0cmluZ1BhcmFtZXRlcnM+DQogICAgICAgIDxRdWVyeVN0cmluZ1BhcmFtZXRlciBOYW1lPSJ0cmFuc3BvcnQiIFZhbHVlPSJsb25nUG9sbGluZyIgUmVjb3JkZWRWYWx1ZT0ibG9uZ1BvbGxpbmciIENvcnJlbGF0aW9uQmluZGluZz0iIiBVcmxFbmNvZGU9IkZhbHNlIiBVc2VUb0dyb3VwUmVzdWx0cz0iRmFsc2UiIC8+DQogICAgICAgIDxRdWVyeVN0cmluZ1BhcmFtZXRlciBOYW1lPSJjb25uZWN0aW9uVG9rZW4iIFZhbHVlPSJBUUFBQU5DTW5kOEJGZEVSakhvQXdFJTJGQ2wlMkJzQkFBQUF6OHNFMVBWb2FVbXRsN2RURnVZWDdBQUFBQUFDQUFBQUFBQVFaZ0FBQUFFQUFDQUFBQUNKSGRzWXpjV1V6TXdKMjNwemdVbzBoYWtrU1B3WVFaaWJVSU5wU3lHM21BQUFBQUFPZ0FBQUFBSUFBQ0FBQUFBNk91NEhOcHptb242MzNvOGE2bXVJYUozR0IlMkJnZUJTMWNBVk9BdEdWYkF6QUFBQURwd2ZYbTB1aFVWUzhJeWZJSklUUmlNTEpRZFVhJTJGdVg0cEtEd3lPeWdpWk01aG1rZkFkSTVJYm44YXRJSWJaWFZBQUFBQVEzbGpJMmc2ZG5UeGw1bUNnWHRhdmJZNFlraFlZMHlJZUdLdHFmcDZBR01adGlYTjFxTlhoTGwxNHRNSDJVck5TMFVLRk01N2tMUDA3OFdnYTFEcEhnJTNEJTNEIiBSZWNvcmRlZFZhbHVlPSJBUUFBQU5DTW5kOEJGZEVSakhvQXdFJTJGQ2wlMkJzQkFBQUF6OHNFMVBWb2FVbXRsN2RURnVZWDdBQUFBQUFDQUFBQUFBQVFaZ0FBQUFFQUFDQUFBQUNKSGRzWXpjV1V6TXdKMjNwemdVbzBoYWtrU1B3WVFaaWJVSU5wU3lHM21BQUFBQUFPZ0FBQUFBSUFBQ0FBQUFBNk91NEhOcHptb242MzNvOGE2bXVJYUozR0IlMkJnZUJTMWNBVk9BdEdWYkF6QUFBQURwd2ZYbTB1aFVWUzhJeWZJSklUUmlNTEpRZFVhJTJGdVg0cEtEd3lPeWdpWk01aG1rZkFkSTVJYm44YXRJSWJaWFZBQUFBQVEzbGpJMmc2ZG5UeGw1bUNnWHRhdmJZNFlraFlZMHlJZUdLdHFmcDZBR01adGlYTjFxTlhoTGwxNHRNSDJVck5TMFVLRk01N2tMUDA3OFdnYTFEcEhnJTNEJTNEIiBDb3JyZWxhdGlvbkJpbmRpbmc9IiIgVXJsRW5jb2RlPSJGYWxzZSIgVXNlVG9Hcm91cFJlc3VsdHM9IkZhbHNlIiAvPg0KICAgICAgICA8UXVlcnlTdHJpbmdQYXJhbWV0ZXIgTmFtZT0ibWVzc2FnZUlkIiBWYWx1ZT0iZC1BRkJCRkIxRS1CJTJDMCU3Q0klMkMxJTdDSiUyQzAiIFJlY29yZGVkVmFsdWU9ImQtQUZCQkZCMUUtQiUyQzAlN0NJJTJDMSU3Q0olMkMwIiBDb3JyZWxhdGlvbkJpbmRpbmc9IiIgVXJsRW5jb2RlPSJGYWxzZSIgVXNlVG9Hcm91cFJlc3VsdHM9IkZhbHNlIiAvPg0KICAgICAgICA8UXVlcnlTdHJpbmdQYXJhbWV0ZXIgTmFtZT0icmVxdWVzdFVybCIgVmFsdWU9Imh0dHAlM0ElMkYlMkZsb2NhbGhvc3QlM0E0NjIzJTJGIiBSZWNvcmRlZFZhbHVlPSJodHRwJTNBJTJGJTJGbG9jYWxob3N0JTNBNDYyMyUyRiIgQ29ycmVsYXRpb25CaW5kaW5nPSIiIFVybEVuY29kZT0iRmFsc2UiIFVzZVRvR3JvdXBSZXN1bHRzPSJGYWxzZSIgLz4NCiAgICAgICAgPFF1ZXJ5U3RyaW5nUGFyYW1ldGVyIE5hbWU9ImJyb3dzZXJOYW1lIiBWYWx1ZT0iSW50ZXJuZXQrRXhwbG9yZXIiIFJlY29yZGVkVmFsdWU9IkludGVybmV0K0V4cGxvcmVyIiBDb3JyZWxhdGlvbkJpbmRpbmc9IiIgVXJsRW5jb2RlPSJGYWxzZSIgVXNlVG9Hcm91cFJlc3VsdHM9IkZhbHNlIiAvPg0KICAgICAgICA8UXVlcnlTdHJpbmdQYXJhbWV0ZXIgTmFtZT0idGlkIiBWYWx1ZT0iMyIgUmVjb3JkZWRWYWx1ZT0iMyIgQ29ycmVsYXRpb25CaW5kaW5nPSIiIFVybEVuY29kZT0iRmFsc2UiIFVzZVRvR3JvdXBSZXN1bHRzPSJGYWxzZSIgLz4NCiAgICAgICAgPFF1ZXJ5U3RyaW5nUGFyYW1ldGVyIE5hbWU9Il8iIFZhbHVlPSIxMzk3NjMwOTUyMTgwIiBSZWNvcmRlZFZhbHVlPSIxMzk3NjMwOTUyMTgwIiBDb3JyZWxhdGlvbkJpbmRpbmc9IiIgVXJsRW5jb2RlPSJGYWxzZSIgVXNlVG9Hcm91cFJlc3VsdHM9IkZhbHNlIiAvPg0KICAgICAgPC9RdWVyeVN0cmluZ1BhcmFtZXRlcnM+DQogICAgICA8Rm9ybVBvc3RIdHRwQm9keSAvPg0KICAgIDwvUmVxdWVzdD4NCiAgICA8UmVxdWVzdCBNZXRob2Q9IlBPU1QiIEd1aWQ9IjM4MjcxMGQxLTMzM2QtNGRiZC1iMzI4LTllN2IxYjc3MWViYiIgVmVyc2lvbj0iMS4xIiBVcmw9Imh0dHA6Ly9sb2NhbGhvc3Q6MTc1NDkvYTQ2ODAwMDgzZTI5NDM5YTg1ZDIxNmRiYzkyMDNiOTQvYXJ0ZXJ5U2lnbmFsUi9zZW5kIiBUaGlua1RpbWU9IjAiIFRpbWVvdXQ9IjMwMCIgUGFyc2VEZXBlbmRlbnRSZXF1ZXN0cz0iVHJ1ZSIgRm9sbG93UmVkaXJlY3RzPSJUcnVlIiBSZWNvcmRSZXN1bHQ9IlRydWUiIENhY2hlPSJGYWxzZSIgUmVzcG9uc2VUaW1lR29hbD0iMCIgRW5jb2Rpbmc9InV0Zi04IiBFeHBlY3RlZEh0dHBTdGF0dXNDb2RlPSIwIiBFeHBlY3RlZFJlc3BvbnNlVXJsPSIiIFJlcG9ydGluZ05hbWU9IiIgSWdub3JlSHR0cFN0YXR1c0NvZGU9IkZhbHNlIj4NCiAgICAgIDxIZWFkZXJzPg0KICAgICAgICA8SGVhZGVyIE5hbWU9IkFjY2VwdCIgVmFsdWU9InRleHQvcGxhaW4sICovKjsgcT0wLjAxIiAvPg0KICAgICAgICA8SGVhZGVyIE5hbWU9IlJlZmVyZXIiIFZhbHVlPSJodHRwOi8vbG9jYWxob3N0OjQ2MjMvIiAvPg0KICAgICAgPC9IZWFkZXJzPg0KICAgICAgPFF1ZXJ5U3RyaW5nUGFyYW1ldGVycz4NCiAgICAgICAgPFF1ZXJ5U3RyaW5nUGFyYW1ldGVyIE5hbWU9InRyYW5zcG9ydCIgVmFsdWU9ImxvbmdQb2xsaW5nIiBSZWNvcmRlZFZhbHVlPSJsb25nUG9sbGluZyIgQ29ycmVsYXRpb25CaW5kaW5nPSIiIFVybEVuY29kZT0iRmFsc2UiIFVzZVRvR3JvdXBSZXN1bHRzPSJGYWxzZSIgLz4NCiAgICAgICAgPFF1ZXJ5U3RyaW5nUGFyYW1ldGVyIE5hbWU9ImNvbm5lY3Rpb25Ub2tlbiIgVmFsdWU9IkFRQUFBTkNNbmQ4QkZkRVJqSG9Bd0UlMkZDbCUyQnNCQUFBQXo4c0UxUFZvYVVtdGw3ZFRGdVlYN0FBQUFBQUNBQUFBQUFBUVpnQUFBQUVBQUNBQUFBQ0pIZHNZemNXVXpNd0oyM3B6Z1VvMGhha2tTUHdZUVppYlVJTnBTeUczbUFBQUFBQU9nQUFBQUFJQUFDQUFBQUE2T3U0SE5wem1vbjYzM284YTZtdUlhSjNHQiUyQmdlQlMxY0FWT0F0R1ZiQXpBQUFBRHB3ZlhtMHVoVVZTOEl5ZklKSVRSaU1MSlFkVWElMkZ1WDRwS0R3eU95Z2laTTVobWtmQWRJNUlibjhhdElJYlpYVkFBQUFBUTNsakkyZzZkblR4bDVtQ2dYdGF2Ylk0WWtoWVkweUllR0t0cWZwNkFHTVp0aVhOMXFOWGhMbDE0dE1IMlVyTlMwVUtGTTU3a0xQMDc4V2dhMURwSGclM0QlM0QiIFJlY29yZGVkVmFsdWU9IkFRQUFBTkNNbmQ4QkZkRVJqSG9Bd0UlMkZDbCUyQnNCQUFBQXo4c0UxUFZvYVVtdGw3ZFRGdVlYN0FBQUFBQUNBQUFBQUFBUVpnQUFBQUVBQUNBQUFBQ0pIZHNZemNXVXpNd0oyM3B6Z1VvMGhha2tTUHdZUVppYlVJTnBTeUczbUFBQUFBQU9nQUFBQUFJQUFDQUFBQUE2T3U0SE5wem1vbjYzM284YTZtdUlhSjNHQiUyQmdlQlMxY0FWT0F0R1ZiQXpBQUFBRHB3ZlhtMHVoVVZTOEl5ZklKSVRSaU1MSlFkVWElMkZ1WDRwS0R3eU95Z2laTTVobWtmQWRJNUlibjhhdElJYlpYVkFBQUFBUTNsakkyZzZkblR4bDVtQ2dYdGF2Ylk0WWtoWVkweUllR0t0cWZwNkFHTVp0aVhOMXFOWGhMbDE0dE1IMlVyTlMwVUtGTTU3a0xQMDc4V2dhMURwSGclM0QlM0QiIENvcnJlbGF0aW9uQmluZGluZz0iIiBVcmxFbmNvZGU9IkZhbHNlIiBVc2VUb0dyb3VwUmVzdWx0cz0iRmFsc2UiIC8+DQogICAgICAgIDxRdWVyeVN0cmluZ1BhcmFtZXRlciBOYW1lPSJyZXF1ZXN0VXJsIiBWYWx1ZT0iaHR0cCUzQSUyRiUyRmxvY2FsaG9zdCUzQTQ2MjMlMkYiIFJlY29yZGVkVmFsdWU9Imh0dHAlM0ElMkYlMkZsb2NhbGhvc3QlM0E0NjIzJTJGIiBDb3JyZWxhdGlvbkJpbmRpbmc9IiIgVXJsRW5jb2RlPSJGYWxzZSIgVXNlVG9Hcm91cFJlc3VsdHM9IkZhbHNlIiAvPg0KICAgICAgICA8UXVlcnlTdHJpbmdQYXJhbWV0ZXIgTmFtZT0iYnJvd3Nlck5hbWUiIFZhbHVlPSJJbnRlcm5ldCtFeHBsb3JlciIgUmVjb3JkZWRWYWx1ZT0iSW50ZXJuZXQrRXhwbG9yZXIiIENvcnJlbGF0aW9uQmluZGluZz0iIiBVcmxFbmNvZGU9IkZhbHNlIiBVc2VUb0dyb3VwUmVzdWx0cz0iRmFsc2UiIC8+DQogICAgICA8L1F1ZXJ5U3RyaW5nUGFyYW1ldGVycz4NCiAgICAgIDxGb3JtUG9zdEh0dHBCb2R5Pg0KICAgICAgICA8Rm9ybVBvc3RQYXJhbWV0ZXIgTmFtZT0iZGF0YSIgVmFsdWU9InsmcXVvdDtuYW1lJnF1b3Q7OiZxdW90O21pY3Jvc29mdC52aXN1YWxzdHVkaW8ud2ViLmJyb3dzZXJsaW5rLmh0bWxtYXBwaW5nZXh0ZW5zaW9uZmFjdG9yeS5yZXNvbHZlVXJsJnF1b3Q7LCZxdW90O2FyZ3MmcXVvdDs6WyZxdW90O34vX19icm93c2VyTGluay9yZXF1ZXN0RGF0YS81ODQ4OGQ2OGNlY2Y0NTQ2OGY5M2VlMjc5ZDdiZDA3NCZxdW90O10sJnF1b3Q7Y2FsbGJhY2tJZCZxdW90OzoyfSIgUmVjb3JkZWRWYWx1ZT0ieyZxdW90O25hbWUmcXVvdDs6JnF1b3Q7bWljcm9zb2Z0LnZpc3VhbHN0dWRpby53ZWIuYnJvd3NlcmxpbmsuaHRtbG1hcHBpbmdleHRlbnNpb25mYWN0b3J5LnJlc29sdmVVcmwmcXVvdDssJnF1b3Q7YXJncyZxdW90OzpbJnF1b3Q7fi9fX2Jyb3dzZXJMaW5rL3JlcXVlc3REYXRhLzU4NDg4ZDY4Y2VjZjQ1NDY4ZjkzZWUyNzlkN2JkMDc0JnF1b3Q7XSwmcXVvdDtjYWxsYmFja0lkJnF1b3Q7OjJ9IiBDb3JyZWxhdGlvbkJpbmRpbmc9IiIgVXJsRW5jb2RlPSJUcnVlIiAvPg0KICAgICAgPC9Gb3JtUG9zdEh0dHBCb2R5Pg0KICAgIDwvUmVxdWVzdD4NCiAgICA8UmVxdWVzdCBNZXRob2Q9IlBPU1QiIEd1aWQ9IjBlZDVjYTI4LTk2YjMtNDkyOC1hODg1LWQyMjE1NjdkNzlmNiIgVmVyc2lvbj0iMS4xIiBVcmw9Imh0dHA6Ly9sb2NhbGhvc3Q6MTc1NDkvYTQ2ODAwMDgzZTI5NDM5YTg1ZDIxNmRiYzkyMDNiOTQvYXJ0ZXJ5U2lnbmFsUi9wb2xsIiBUaGlua1RpbWU9IjAiIFRpbWVvdXQ9IjMwMCIgUGFyc2VEZXBlbmRlbnRSZXF1ZXN0cz0iVHJ1ZSIgRm9sbG93UmVkaXJlY3RzPSJUcnVlIiBSZWNvcmRSZXN1bHQ9IlRydWUiIENhY2hlPSJGYWxzZSIgUmVzcG9uc2VUaW1lR29hbD0iMCIgRW5jb2Rpbmc9InV0Zi04IiBFeHBlY3RlZEh0dHBTdGF0dXNDb2RlPSIwIiBFeHBlY3RlZFJlc3BvbnNlVXJsPSIiIFJlcG9ydGluZ05hbWU9IiIgSWdub3JlSHR0cFN0YXR1c0NvZGU9IkZhbHNlIj4NCiAgICAgIDxIZWFkZXJzPg0KICAgICAgICA8SGVhZGVyIE5hbWU9IkNvbnRlbnQtVHlwZSIgVmFsdWU9ImFwcGxpY2F0aW9uL3gtd3d3LWZvcm0tdXJsZW5jb2RlZDsgY2hhcnNldD1VVEYtOCIgLz4NCiAgICAgICAgPEhlYWRlciBOYW1lPSJBY2NlcHQiIFZhbHVlPSJ0ZXh0L3BsYWluLCAqLyo7IHE9MC4wMSIgLz4NCiAgICAgICAgPEhlYWRlciBOYW1lPSJSZWZlcmVyIiBWYWx1ZT0iaHR0cDovL2xvY2FsaG9zdDo0NjIzLyIgLz4NCiAgICAgIDwvSGVhZGVycz4NCiAgICAgIDxRdWVyeVN0cmluZ1BhcmFtZXRlcnM+DQogICAgICAgIDxRdWVyeVN0cmluZ1BhcmFtZXRlciBOYW1lPSJ0cmFuc3BvcnQiIFZhbHVlPSJsb25nUG9sbGluZyIgUmVjb3JkZWRWYWx1ZT0ibG9uZ1BvbGxpbmciIENvcnJlbGF0aW9uQmluZGluZz0iIiBVcmxFbmNvZGU9IkZhbHNlIiBVc2VUb0dyb3VwUmVzdWx0cz0iRmFsc2UiIC8+DQogICAgICAgIDxRdWVyeVN0cmluZ1BhcmFtZXRlciBOYW1lPSJjb25uZWN0aW9uVG9rZW4iIFZhbHVlPSJBUUFBQU5DTW5kOEJGZEVSakhvQXdFJTJGQ2wlMkJzQkFBQUF6OHNFMVBWb2FVbXRsN2RURnVZWDdBQUFBQUFDQUFBQUFBQVFaZ0FBQUFFQUFDQUFBQUNKSGRzWXpjV1V6TXdKMjNwemdVbzBoYWtrU1B3WVFaaWJVSU5wU3lHM21BQUFBQUFPZ0FBQUFBSUFBQ0FBQUFBNk91NEhOcHptb242MzNvOGE2bXVJYUozR0IlMkJnZUJTMWNBVk9BdEdWYkF6QUFBQURwd2ZYbTB1aFVWUzhJeWZJSklUUmlNTEpRZFVhJTJGdVg0cEtEd3lPeWdpWk01aG1rZkFkSTVJYm44YXRJSWJaWFZBQUFBQVEzbGpJMmc2ZG5UeGw1bUNnWHRhdmJZNFlraFlZMHlJZUdLdHFmcDZBR01adGlYTjFxTlhoTGwxNHRNSDJVck5TMFVLRk01N2tMUDA3OFdnYTFEcEhnJTNEJTNEIiBSZWNvcmRlZFZhbHVlPSJBUUFBQU5DTW5kOEJGZEVSakhvQXdFJTJGQ2wlMkJzQkFBQUF6OHNFMVBWb2FVbXRsN2RURnVZWDdBQUFBQUFDQUFBQUFBQVFaZ0FBQUFFQUFDQUFBQUNKSGRzWXpjV1V6TXdKMjNwemdVbzBoYWtrU1B3WVFaaWJVSU5wU3lHM21BQUFBQUFPZ0FBQUFBSUFBQ0FBQUFBNk91NEhOcHptb242MzNvOGE2bXVJYUozR0IlMkJnZUJTMWNBVk9BdEdWYkF6QUFBQURwd2ZYbTB1aFVWUzhJeWZJSklUUmlNTEpRZFVhJTJGdVg0cEtEd3lPeWdpWk01aG1rZkFkSTVJYm44YXRJSWJaWFZBQUFBQVEzbGpJMmc2ZG5UeGw1bUNnWHRhdmJZNFlraFlZMHlJZUdLdHFmcDZBR01adGlYTjFxTlhoTGwxNHRNSDJVck5TMFVLRk01N2tMUDA3OFdnYTFEcEhnJTNEJTNEIiBDb3JyZWxhdGlvbkJpbmRpbmc9IiIgVXJsRW5jb2RlPSJGYWxzZSIgVXNlVG9Hcm91cFJlc3VsdHM9IkZhbHNlIiAvPg0KICAgICAgICA8UXVlcnlTdHJpbmdQYXJhbWV0ZXIgTmFtZT0ibWVzc2FnZUlkIiBWYWx1ZT0iZC1BRkJCRkIxRS1CJTJDMCU3Q0klMkMyJTdDSiUyQzAiIFJlY29yZGVkVmFsdWU9ImQtQUZCQkZCMUUtQiUyQzAlN0NJJTJDMiU3Q0olMkMwIiBDb3JyZWxhdGlvbkJpbmRpbmc9IiIgVXJsRW5jb2RlPSJGYWxzZSIgVXNlVG9Hcm91cFJlc3VsdHM9IkZhbHNlIiAvPg0KICAgICAgICA8UXVlcnlTdHJpbmdQYXJhbWV0ZXIgTmFtZT0icmVxdWVzdFVybCIgVmFsdWU9Imh0dHAlM0ElMkYlMkZsb2NhbGhvc3QlM0E0NjIzJTJGIiBSZWNvcmRlZFZhbHVlPSJodHRwJTNBJTJGJTJGbG9jYWxob3N0JTNBNDYyMyUyRiIgQ29ycmVsYXRpb25CaW5kaW5nPSIiIFVybEVuY29kZT0iRmFsc2UiIFVzZVRvR3JvdXBSZXN1bHRzPSJGYWxzZSIgLz4NCiAgICAgICAgPFF1ZXJ5U3RyaW5nUGFyYW1ldGVyIE5hbWU9ImJyb3dzZXJOYW1lIiBWYWx1ZT0iSW50ZXJuZXQrRXhwbG9yZXIiIFJlY29yZGVkVmFsdWU9IkludGVybmV0K0V4cGxvcmVyIiBDb3JyZWxhdGlvbkJpbmRpbmc9IiIgVXJsRW5jb2RlPSJGYWxzZSIgVXNlVG9Hcm91cFJlc3VsdHM9IkZhbHNlIiAvPg0KICAgICAgICA8UXVlcnlTdHJpbmdQYXJhbWV0ZXIgTmFtZT0idGlkIiBWYWx1ZT0iOCIgUmVjb3JkZWRWYWx1ZT0iOCIgQ29ycmVsYXRpb25CaW5kaW5nPSIiIFVybEVuY29kZT0iRmFsc2UiIFVzZVRvR3JvdXBSZXN1bHRzPSJGYWxzZSIgLz4NCiAgICAgICAgPFF1ZXJ5U3RyaW5nUGFyYW1ldGVyIE5hbWU9Il8iIFZhbHVlPSIxMzk3NjMwOTUyMzM3IiBSZWNvcmRlZFZhbHVlPSIxMzk3NjMwOTUyMzM3IiBDb3JyZWxhdGlvbkJpbmRpbmc9IiIgVXJsRW5jb2RlPSJGYWxzZSIgVXNlVG9Hcm91cFJlc3VsdHM9IkZhbHNlIiAvPg0KICAgICAgPC9RdWVyeVN0cmluZ1BhcmFtZXRlcnM+DQogICAgICA8Rm9ybVBvc3RIdHRwQm9keSAvPg0KICAgIDwvUmVxdWVzdD4NCiAgICA8UmVxdWVzdCBNZXRob2Q9IkdFVCIgR3VpZD0iNzdhYzUzOTEtY2YxMS00YTEwLWI5OWItNmY4YmIwNTFhNDIwIiBWZXJzaW9uPSIxLjEiIFVybD0iaHR0cDovL2xvY2FsaG9zdDo0NjIzL19fYnJvd3NlckxpbmsvcmVxdWVzdERhdGEvNTg0ODhkNjhjZWNmNDU0NjhmOTNlZTI3OWQ3YmQwNzQiIFRoaW5rVGltZT0iMCIgVGltZW91dD0iMzAwIiBQYXJzZURlcGVuZGVudFJlcXVlc3RzPSJUcnVlIiBGb2xsb3dSZWRpcmVjdHM9IlRydWUiIFJlY29yZFJlc3VsdD0iVHJ1ZSIgQ2FjaGU9IkZhbHNlIiBSZXNwb25zZVRpbWVHb2FsPSIwIiBFbmNvZGluZz0idXRmLTgiIEV4cGVjdGVkSHR0cFN0YXR1c0NvZGU9IjAiIEV4cGVjdGVkUmVzcG9uc2VVcmw9IiIgUmVwb3J0aW5nTmFtZT0iIiBJZ25vcmVIdHRwU3RhdHVzQ29kZT0iRmFsc2UiPg0KICAgICAgPEhlYWRlcnM+DQogICAgICAgIDxIZWFkZXIgTmFtZT0iQWNjZXB0IiBWYWx1ZT0iYXBwbGljYXRpb24vanNvbiwgdGV4dC9qYXZhc2NyaXB0LCAqLyo7IHE9MC4wMSIgLz4NCiAgICAgICAgPEhlYWRlciBOYW1lPSJYLVJlcXVlc3RlZC1XaXRoIiBWYWx1ZT0iWE1MSHR0cFJlcXVlc3QiIC8+DQogICAgICAgIDxIZWFkZXIgTmFtZT0iUmVmZXJlciIgVmFsdWU9Imh0dHA6Ly9sb2NhbGhvc3Q6NDYyMy8iIC8+DQogICAgICA8L0hlYWRlcnM+DQogICAgPC9SZXF1ZXN0Pg0KICAgIDxSZXF1ZXN0IE1ldGhvZD0iUE9TVCIgR3VpZD0iOTUyZWIzMDktNDRhYi00YTNkLTk3MWEtOGU0YzVjY2ZiYmFiIiBWZXJzaW9uPSIxLjEiIFVybD0iaHR0cDovL2xvY2FsaG9zdDoxNzU0OS9hNDY4MDAwODNlMjk0MzlhODVkMjE2ZGJjOTIwM2I5NC9hcnRlcnlTaWduYWxSL3BvbGwiIFRoaW5rVGltZT0iMCIgVGltZW91dD0iMzAwIiBQYXJzZURlcGVuZGVudFJlcXVlc3RzPSJUcnVlIiBGb2xsb3dSZWRpcmVjdHM9IlRydWUiIFJlY29yZFJlc3VsdD0iVHJ1ZSIgQ2FjaGU9IkZhbHNlIiBSZXNwb25zZVRpbWVHb2FsPSIwIiBFbmNvZGluZz0idXRmLTgiIEV4cGVjdGVkSHR0cFN0YXR1c0NvZGU9IjAiIEV4cGVjdGVkUmVzcG9uc2VVcmw9IiIgUmVwb3J0aW5nTmFtZT0iIiBJZ25vcmVIdHRwU3RhdHVzQ29kZT0iRmFsc2UiPg0KICAgICAgPEhlYWRlcnM+DQogICAgICAgIDxIZWFkZXIgTmFtZT0iQ29udGVudC1UeXBlIiBWYWx1ZT0iYXBwbGljYXRpb24veC13d3ctZm9ybS11cmxlbmNvZGVkOyBjaGFyc2V0PVVURi04IiAvPg0KICAgICAgICA8SGVhZGVyIE5hbWU9IkFjY2VwdCIgVmFsdWU9InRleHQvcGxhaW4sICovKjsgcT0wLjAxIiAvPg0KICAgICAgICA8SGVhZGVyIE5hbWU9IlJlZmVyZXIiIFZhbHVlPSJodHRwOi8vbG9jYWxob3N0OjQ2MjMvIiAvPg0KICAgICAgPC9IZWFkZXJzPg0KICAgICAgPFF1ZXJ5U3RyaW5nUGFyYW1ldGVycz4NCiAgICAgICAgPFF1ZXJ5U3RyaW5nUGFyYW1ldGVyIE5hbWU9InRyYW5zcG9ydCIgVmFsdWU9ImxvbmdQb2xsaW5nIiBSZWNvcmRlZFZhbHVlPSJsb25nUG9sbGluZyIgQ29ycmVsYXRpb25CaW5kaW5nPSIiIFVybEVuY29kZT0iRmFsc2UiIFVzZVRvR3JvdXBSZXN1bHRzPSJGYWxzZSIgLz4NCiAgICAgICAgPFF1ZXJ5U3RyaW5nUGFyYW1ldGVyIE5hbWU9ImNvbm5lY3Rpb25Ub2tlbiIgVmFsdWU9IkFRQUFBTkNNbmQ4QkZkRVJqSG9Bd0UlMkZDbCUyQnNCQUFBQXo4c0UxUFZvYVVtdGw3ZFRGdVlYN0FBQUFBQUNBQUFBQUFBUVpnQUFBQUVBQUNBQUFBQ0pIZHNZemNXVXpNd0oyM3B6Z1VvMGhha2tTUHdZUVppYlVJTnBTeUczbUFBQUFBQU9nQUFBQUFJQUFDQUFBQUE2T3U0SE5wem1vbjYzM284YTZtdUlhSjNHQiUyQmdlQlMxY0FWT0F0R1ZiQXpBQUFBRHB3ZlhtMHVoVVZTOEl5ZklKSVRSaU1MSlFkVWElMkZ1WDRwS0R3eU95Z2laTTVobWtmQWRJNUlibjhhdElJYlpYVkFBQUFBUTNsakkyZzZkblR4bDVtQ2dYdGF2Ylk0WWtoWVkweUllR0t0cWZwNkFHTVp0aVhOMXFOWGhMbDE0dE1IMlVyTlMwVUtGTTU3a0xQMDc4V2dhMURwSGclM0QlM0QiIFJlY29yZGVkVmFsdWU9IkFRQUFBTkNNbmQ4QkZkRVJqSG9Bd0UlMkZDbCUyQnNCQUFBQXo4c0UxUFZvYVVtdGw3ZFRGdVlYN0FBQUFBQUNBQUFBQUFBUVpnQUFBQUVBQUNBQUFBQ0pIZHNZemNXVXpNd0oyM3B6Z1VvMGhha2tTUHdZUVppYlVJTnBTeUczbUFBQUFBQU9nQUFBQUFJQUFDQUFBQUE2T3U0SE5wem1vbjYzM284YTZtdUlhSjNHQiUyQmdlQlMxY0FWT0F0R1ZiQXpBQUFBRHB3ZlhtMHVoVVZTOEl5ZklKSVRSaU1MSlFkVWElMkZ1WDRwS0R3eU95Z2laTTVobWtmQWRJNUlibjhhdElJYlpYVkFBQUFBUTNsakkyZzZkblR4bDVtQ2dYdGF2Ylk0WWtoWVkweUllR0t0cWZwNkFHTVp0aVhOMXFOWGhMbDE0dE1IMlVyTlMwVUtGTTU3a0xQMDc4V2dhMURwSGclM0QlM0QiIENvcnJlbGF0aW9uQmluZGluZz0iIiBVcmxFbmNvZGU9IkZhbHNlIiBVc2VUb0dyb3VwUmVzdWx0cz0iRmFsc2UiIC8+DQogICAgICAgIDxRdWVyeVN0cmluZ1BhcmFtZXRlciBOYW1lPSJtZXNzYWdlSWQiIFZhbHVlPSJkLUFGQkJGQjFFLUIlMkMwJTdDSSUyQzMlN0NKJTJDMCIgUmVjb3JkZWRWYWx1ZT0iZC1BRkJCRkIxRS1CJTJDMCU3Q0klMkMzJTdDSiUyQzAiIENvcnJlbGF0aW9uQmluZGluZz0iIiBVcmxFbmNvZGU9IkZhbHNlIiBVc2VUb0dyb3VwUmVzdWx0cz0iRmFsc2UiIC8+DQogICAgICAgIDxRdWVyeVN0cmluZ1BhcmFtZXRlciBOYW1lPSJyZXF1ZXN0VXJsIiBWYWx1ZT0iaHR0cCUzQSUyRiUyRmxvY2FsaG9zdCUzQTQ2MjMlMkYiIFJlY29yZGVkVmFsdWU9Imh0dHAlM0ElMkYlMkZsb2NhbGhvc3QlM0E0NjIzJTJGIiBDb3JyZWxhdGlvbkJpbmRpbmc9IiIgVXJsRW5jb2RlPSJGYWxzZSIgVXNlVG9Hcm91cFJlc3VsdHM9IkZhbHNlIiAvPg0KICAgICAgICA8UXVlcnlTdHJpbmdQYXJhbWV0ZXIgTmFtZT0iYnJvd3Nlck5hbWUiIFZhbHVlPSJJbnRlcm5ldCtFeHBsb3JlciIgUmVjb3JkZWRWYWx1ZT0iSW50ZXJuZXQrRXhwbG9yZXIiIENvcnJlbGF0aW9uQmluZGluZz0iIiBVcmxFbmNvZGU9IkZhbHNlIiBVc2VUb0dyb3VwUmVzdWx0cz0iRmFsc2UiIC8+DQogICAgICAgIDxRdWVyeVN0cmluZ1BhcmFtZXRlciBOYW1lPSJ0aWQiIFZhbHVlPSIxIiBSZWNvcmRlZFZhbHVlPSIxIiBDb3JyZWxhdGlvbkJpbmRpbmc9IiIgVXJsRW5jb2RlPSJGYWxzZSIgVXNlVG9Hcm91cFJlc3VsdHM9IkZhbHNlIiAvPg0KICAgICAgICA8UXVlcnlTdHJpbmdQYXJhbWV0ZXIgTmFtZT0iXyIgVmFsdWU9IjEzOTc2MzA5NTI0NzciIFJlY29yZGVkVmFsdWU9IjEzOTc2MzA5NTI0NzciIENvcnJlbGF0aW9uQmluZGluZz0iIiBVcmxFbmNvZGU9IkZhbHNlIiBVc2VUb0dyb3VwUmVzdWx0cz0iRmFsc2UiIC8+DQogICAgICA8L1F1ZXJ5U3RyaW5nUGFyYW1ldGVycz4NCiAgICAgIDxGb3JtUG9zdEh0dHBCb2R5IC8+DQogICAgPC9SZXF1ZXN0Pg0KICAgIDxSZXF1ZXN0IE1ldGhvZD0iUE9TVCIgR3VpZD0iODljNmU0MzEtOWI4My00NTQ2LTkxMDQtZTZhOTVmNzQ4MGZkIiBWZXJzaW9uPSIxLjEiIFVybD0iaHR0cDovL2xvY2FsaG9zdDoxNzU0OS9hNDY4MDAwODNlMjk0MzlhODVkMjE2ZGJjOTIwM2I5NC9hcnRlcnlTaWduYWxSL3NlbmQiIFRoaW5rVGltZT0iMSIgVGltZW91dD0iMzAwIiBQYXJzZURlcGVuZGVudFJlcXVlc3RzPSJUcnVlIiBGb2xsb3dSZWRpcmVjdHM9IlRydWUiIFJlY29yZFJlc3VsdD0iVHJ1ZSIgQ2FjaGU9IkZhbHNlIiBSZXNwb25zZVRpbWVHb2FsPSIwIiBFbmNvZGluZz0idXRmLTgiIEV4cGVjdGVkSHR0cFN0YXR1c0NvZGU9IjAiIEV4cGVjdGVkUmVzcG9uc2VVcmw9IiIgUmVwb3J0aW5nTmFtZT0iIiBJZ25vcmVIdHRwU3RhdHVzQ29kZT0iRmFsc2UiPg0KICAgICAgPEhlYWRlcnM+DQogICAgICAgIDxIZWFkZXIgTmFtZT0iQWNjZXB0IiBWYWx1ZT0idGV4dC9wbGFpbiwgKi8qOyBxPTAuMDEiIC8+DQogICAgICAgIDxIZWFkZXIgTmFtZT0iUmVmZXJlciIgVmFsdWU9Imh0dHA6Ly9sb2NhbGhvc3Q6NDYyMy8iIC8+DQogICAgICA8L0hlYWRlcnM+DQogICAgICA8UXVlcnlTdHJpbmdQYXJhbWV0ZXJzPg0KICAgICAgICA8UXVlcnlTdHJpbmdQYXJhbWV0ZXIgTmFtZT0idHJhbnNwb3J0IiBWYWx1ZT0ibG9uZ1BvbGxpbmciIFJlY29yZGVkVmFsdWU9ImxvbmdQb2xsaW5nIiBDb3JyZWxhdGlvbkJpbmRpbmc9IiIgVXJsRW5jb2RlPSJGYWxzZSIgVXNlVG9Hcm91cFJlc3VsdHM9IkZhbHNlIiAvPg0KICAgICAgICA8UXVlcnlTdHJpbmdQYXJhbWV0ZXIgTmFtZT0iY29ubmVjdGlvblRva2VuIiBWYWx1ZT0iQVFBQUFOQ01uZDhCRmRFUmpIb0F3RSUyRkNsJTJCc0JBQUFBejhzRTFQVm9hVW10bDdkVEZ1WVg3QUFBQUFBQ0FBQUFBQUFRWmdBQUFBRUFBQ0FBQUFDSkhkc1l6Y1dVek13SjIzcHpnVW8waGFra1NQd1lRWmliVUlOcFN5RzNtQUFBQUFBT2dBQUFBQUlBQUNBQUFBQTZPdTRITnB6bW9uNjMzbzhhNm11SWFKM0dCJTJCZ2VCUzFjQVZPQXRHVmJBekFBQUFEcHdmWG0wdWhVVlM4SXlmSUpJVFJpTUxKUWRVYSUyRnVYNHBLRHd5T3lnaVpNNWhta2ZBZEk1SWJuOGF0SUliWlhWQUFBQUFRM2xqSTJnNmRuVHhsNW1DZ1h0YXZiWTRZa2hZWTB5SWVHS3RxZnA2QUdNWnRpWE4xcU5YaExsMTR0TUgyVXJOUzBVS0ZNNTdrTFAwNzhXZ2ExRHBIZyUzRCUzRCIgUmVjb3JkZWRWYWx1ZT0iQVFBQUFOQ01uZDhCRmRFUmpIb0F3RSUyRkNsJTJCc0JBQUFBejhzRTFQVm9hVW10bDdkVEZ1WVg3QUFBQUFBQ0FBQUFBQUFRWmdBQUFBRUFBQ0FBQUFDSkhkc1l6Y1dVek13SjIzcHpnVW8waGFra1NQd1lRWmliVUlOcFN5RzNtQUFBQUFBT2dBQUFBQUlBQUNBQUFBQTZPdTRITnB6bW9uNjMzbzhhNm11SWFKM0dCJTJCZ2VCUzFjQVZPQXRHVmJBekFBQUFEcHdmWG0wdWhVVlM4SXlmSUpJVFJpTUxKUWRVYSUyRnVYNHBLRHd5T3lnaVpNNWhta2ZBZEk1SWJuOGF0SUliWlhWQUFBQUFRM2xqSTJnNmRuVHhsNW1DZ1h0YXZiWTRZa2hZWTB5SWVHS3RxZnA2QUdNWnRpWE4xcU5YaExsMTR0TUgyVXJOUzBVS0ZNNTdrTFAwNzhXZ2ExRHBIZyUzRCUzRCIgQ29ycmVsYXRpb25CaW5kaW5nPSIiIFVybEVuY29kZT0iRmFsc2UiIFVzZVRvR3JvdXBSZXN1bHRzPSJGYWxzZSIgLz4NCiAgICAgICAgPFF1ZXJ5U3RyaW5nUGFyYW1ldGVyIE5hbWU9InJlcXVlc3RVcmwiIFZhbHVlPSJodHRwJTNBJTJGJTJGbG9jYWxob3N0JTNBNDYyMyUyRiIgUmVjb3JkZWRWYWx1ZT0iaHR0cCUzQSUyRiUyRmxvY2FsaG9zdCUzQTQ2MjMlMkYiIENvcnJlbGF0aW9uQmluZGluZz0iIiBVcmxFbmNvZGU9IkZhbHNlIiBVc2VUb0dyb3VwUmVzdWx0cz0iRmFsc2UiIC8+DQogICAgICAgIDxRdWVyeVN0cmluZ1BhcmFtZXRlciBOYW1lPSJicm93c2VyTmFtZSIgVmFsdWU9IkludGVybmV0K0V4cGxvcmVyIiBSZWNvcmRlZFZhbHVlPSJJbnRlcm5ldCtFeHBsb3JlciIgQ29ycmVsYXRpb25CaW5kaW5nPSIiIFVybEVuY29kZT0iRmFsc2UiIFVzZVRvR3JvdXBSZXN1bHRzPSJGYWxzZSIgLz4NCiAgICAgIDwvUXVlcnlTdHJpbmdQYXJhbWV0ZXJzPg0KICAgICAgPEZvcm1Qb3N0SHR0cEJvZHk+DQogICAgICAgIDxGb3JtUG9zdFBhcmFtZXRlciBOYW1lPSJkYXRhIiBWYWx1ZT0ieyZxdW90O25hbWUmcXVvdDs6JnF1b3Q7bWljcm9zb2Z0LnZpc3VhbHN0dWRpby53ZWIuYnJvd3NlcmxpbmsuaHRtbG1hcHBpbmdleHRlbnNpb25mYWN0b3J5LnJlc29sdmVTb3VyY2VGaWxlUGF0aHMmcXVvdDssJnF1b3Q7YXJncyZxdW90OzpbWyZxdW90O34vVmlld3MvSG9tZS9JbmRleC5jc2h0bWwmcXVvdDtdXSwmcXVvdDtjYWxsYmFja0lkJnF1b3Q7OjN9IiBSZWNvcmRlZFZhbHVlPSJ7JnF1b3Q7bmFtZSZxdW90OzomcXVvdDttaWNyb3NvZnQudmlzdWFsc3R1ZGlvLndlYi5icm93c2VybGluay5odG1sbWFwcGluZ2V4dGVuc2lvbmZhY3RvcnkucmVzb2x2ZVNvdXJjZUZpbGVQYXRocyZxdW90OywmcXVvdDthcmdzJnF1b3Q7OltbJnF1b3Q7fi9WaWV3cy9Ib21lL0luZGV4LmNzaHRtbCZxdW90O11dLCZxdW90O2NhbGxiYWNrSWQmcXVvdDs6M30iIENvcnJlbGF0aW9uQmluZGluZz0iIiBVcmxFbmNvZGU9IlRydWUiIC8+DQogICAgICA8L0Zvcm1Qb3N0SHR0cEJvZHk+DQogICAgPC9SZXF1ZXN0Pg0KICAgIDxSZXF1ZXN0IE1ldGhvZD0iR0VUIiBHdWlkPSI0MjNjOWVhZS1hODIwLTRhNjYtYTI5Ny05MTRiNmU2YzllODgiIFZlcnNpb249IjEuMSIgVXJsPSJodHRwOi8vbG9jYWxob3N0OjQ2MjMvQXBpTGlzdCIgVGhpbmtUaW1lPSIwIiBUaW1lb3V0PSIzMDAiIFBhcnNlRGVwZW5kZW50UmVxdWVzdHM9IlRydWUiIEZvbGxvd1JlZGlyZWN0cz0iVHJ1ZSIgUmVjb3JkUmVzdWx0PSJUcnVlIiBDYWNoZT0iRmFsc2UiIFJlc3BvbnNlVGltZUdvYWw9IjAiIEVuY29kaW5nPSJ1dGYtOCIgRXhwZWN0ZWRIdHRwU3RhdHVzQ29kZT0iMCIgRXhwZWN0ZWRSZXNwb25zZVVybD0iIiBSZXBvcnRpbmdOYW1lPSIiIElnbm9yZUh0dHBTdGF0dXNDb2RlPSJGYWxzZSI+DQogICAgICA8SGVhZGVycz4NCiAgICAgICAgPEhlYWRlciBOYW1lPSJSZWZlcmVyIiBWYWx1ZT0iaHR0cDovL2xvY2FsaG9zdDo0NjIzLyIgLz4NCiAgICAgIDwvSGVhZGVycz4NCiAgICA8L1JlcXVlc3Q+DQogICAgPFJlcXVlc3QgTWV0aG9kPSJQT1NUIiBHdWlkPSIzNzNmMTJlZS0wZmQzLTQ3NDUtOGIyMC1lM2E5MzgzYWU0MjAiIFZlcnNpb249IjEuMSIgVXJsPSJodHRwOi8vbG9jYWxob3N0OjE3NTQ5L2E0NjgwMDA4M2UyOTQzOWE4NWQyMTZkYmM5MjAzYjk0L2FydGVyeVNpZ25hbFIvYWJvcnQiIFRoaW5rVGltZT0iMCIgVGltZW91dD0iMzAwIiBQYXJzZURlcGVuZGVudFJlcXVlc3RzPSJUcnVlIiBGb2xsb3dSZWRpcmVjdHM9IlRydWUiIFJlY29yZFJlc3VsdD0iVHJ1ZSIgQ2FjaGU9IkZhbHNlIiBSZXNwb25zZVRpbWVHb2FsPSIwIiBFbmNvZGluZz0idXRmLTgiIEV4cGVjdGVkSHR0cFN0YXR1c0NvZGU9IjAiIEV4cGVjdGVkUmVzcG9uc2VVcmw9IiIgUmVwb3J0aW5nTmFtZT0iIiBJZ25vcmVIdHRwU3RhdHVzQ29kZT0iRmFsc2UiPg0KICAgICAgPEhlYWRlcnM+DQogICAgICAgIDxIZWFkZXIgTmFtZT0iQWNjZXB0IiBWYWx1ZT0idGV4dC9wbGFpbiwgKi8qOyBxPTAuMDEiIC8+DQogICAgICAgIDxIZWFkZXIgTmFtZT0iUmVmZXJlciIgVmFsdWU9Imh0dHA6Ly9sb2NhbGhvc3Q6NDYyMy8iIC8+DQogICAgICA8L0hlYWRlcnM+DQogICAgICA8UXVlcnlTdHJpbmdQYXJhbWV0ZXJzPg0KICAgICAgICA8UXVlcnlTdHJpbmdQYXJhbWV0ZXIgTmFtZT0idHJhbnNwb3J0IiBWYWx1ZT0ibG9uZ1BvbGxpbmciIFJlY29yZGVkVmFsdWU9ImxvbmdQb2xsaW5nIiBDb3JyZWxhdGlvbkJpbmRpbmc9IiIgVXJsRW5jb2RlPSJGYWxzZSIgVXNlVG9Hcm91cFJlc3VsdHM9IkZhbHNlIiAvPg0KICAgICAgICA8UXVlcnlTdHJpbmdQYXJhbWV0ZXIgTmFtZT0iY29ubmVjdGlvblRva2VuIiBWYWx1ZT0iQVFBQUFOQ01uZDhCRmRFUmpIb0F3RSUyRkNsJTJCc0JBQUFBejhzRTFQVm9hVW10bDdkVEZ1WVg3QUFBQUFBQ0FBQUFBQUFRWmdBQUFBRUFBQ0FBQUFDSkhkc1l6Y1dVek13SjIzcHpnVW8waGFra1NQd1lRWmliVUlOcFN5RzNtQUFBQUFBT2dBQUFBQUlBQUNBQUFBQTZPdTRITnB6bW9uNjMzbzhhNm11SWFKM0dCJTJCZ2VCUzFjQVZPQXRHVmJBekFBQUFEcHdmWG0wdWhVVlM4SXlmSUpJVFJpTUxKUWRVYSUyRnVYNHBLRHd5T3lnaVpNNWhta2ZBZEk1SWJuOGF0SUliWlhWQUFBQUFRM2xqSTJnNmRuVHhsNW1DZ1h0YXZiWTRZa2hZWTB5SWVHS3RxZnA2QUdNWnRpWE4xcU5YaExsMTR0TUgyVXJOUzBVS0ZNNTdrTFAwNzhXZ2ExRHBIZyUzRCUzRCIgUmVjb3JkZWRWYWx1ZT0iQVFBQUFOQ01uZDhCRmRFUmpIb0F3RSUyRkNsJTJCc0JBQUFBejhzRTFQVm9hVW10bDdkVEZ1WVg3QUFBQUFBQ0FBQUFBQUFRWmdBQUFBRUFBQ0FBQUFDSkhkc1l6Y1dVek13SjIzcHpnVW8waGFra1NQd1lRWmliVUlOcFN5RzNtQUFBQUFBT2dBQUFBQUlBQUNBQUFBQTZPdTRITnB6bW9uNjMzbzhhNm11SWFKM0dCJTJCZ2VCUzFjQVZPQXRHVmJBekFBQUFEcHdmWG0wdWhVVlM4SXlmSUpJVFJpTUxKUWRVYSUyRnVYNHBLRHd5T3lnaVpNNWhta2ZBZEk1SWJuOGF0SUliWlhWQUFBQUFRM2xqSTJnNmRuVHhsNW1DZ1h0YXZiWTRZa2hZWTB5SWVHS3RxZnA2QUdNWnRpWE4xcU5YaExsMTR0TUgyVXJOUzBVS0ZNNTdrTFAwNzhXZ2ExRHBIZyUzRCUzRCIgQ29ycmVsYXRpb25CaW5kaW5nPSIiIFVybEVuY29kZT0iRmFsc2UiIFVzZVRvR3JvdXBSZXN1bHRzPSJGYWxzZSIgLz4NCiAgICAgICAgPFF1ZXJ5U3RyaW5nUGFyYW1ldGVyIE5hbWU9InJlcXVlc3RVcmwiIFZhbHVlPSJodHRwJTNBJTJGJTJGbG9jYWxob3N0JTNBNDYyMyUyRiIgUmVjb3JkZWRWYWx1ZT0iaHR0cCUzQSUyRiUyRmxvY2FsaG9zdCUzQTQ2MjMlMkYiIENvcnJlbGF0aW9uQmluZGluZz0iIiBVcmxFbmNvZGU9IkZhbHNlIiBVc2VUb0dyb3VwUmVzdWx0cz0iRmFsc2UiIC8+DQogICAgICAgIDxRdWVyeVN0cmluZ1BhcmFtZXRlciBOYW1lPSJicm93c2VyTmFtZSIgVmFsdWU9IkludGVybmV0K0V4cGxvcmVyIiBSZWNvcmRlZFZhbHVlPSJJbnRlcm5ldCtFeHBsb3JlciIgQ29ycmVsYXRpb25CaW5kaW5nPSIiIFVybEVuY29kZT0iRmFsc2UiIFVzZVRvR3JvdXBSZXN1bHRzPSJGYWxzZSIgLz4NCiAgICAgIDwvUXVlcnlTdHJpbmdQYXJhbWV0ZXJzPg0KICAgICAgPEZvcm1Qb3N0SHR0cEJvZHkgLz4NCiAgICA8L1JlcXVlc3Q+DQogICAgPFJlcXVlc3QgTWV0aG9kPSJQT1NUIiBHdWlkPSJhZjk0YTcwOS04NzNhLTQ0NDMtODM0Ny0yODMwMjNmM2Q3MjAiIFZlcnNpb249IjEuMSIgVXJsPSJodHRwOi8vbG9jYWxob3N0OjE3NTQ5L2E0NjgwMDA4M2UyOTQzOWE4NWQyMTZkYmM5MjAzYjk0L2FydGVyeVNpZ25hbFIvbmVnb3RpYXRlIiBUaGlua1RpbWU9IjAiIFRpbWVvdXQ9IjMwMCIgUGFyc2VEZXBlbmRlbnRSZXF1ZXN0cz0iVHJ1ZSIgRm9sbG93UmVkaXJlY3RzPSJUcnVlIiBSZWNvcmRSZXN1bHQ9IlRydWUiIENhY2hlPSJGYWxzZSIgUmVzcG9uc2VUaW1lR29hbD0iMCIgRW5jb2Rpbmc9InV0Zi04IiBFeHBlY3RlZEh0dHBTdGF0dXNDb2RlPSIwIiBFeHBlY3RlZFJlc3BvbnNlVXJsPSIiIFJlcG9ydGluZ05hbWU9IiIgSWdub3JlSHR0cFN0YXR1c0NvZGU9IkZhbHNlIj4NCiAgICAgIDxIZWFkZXJzPg0KICAgICAgICA8SGVhZGVyIE5hbWU9IkNvbnRlbnQtVHlwZSIgVmFsdWU9ImFwcGxpY2F0aW9uL3gtd3d3LWZvcm0tdXJsZW5jb2RlZDsgY2hhcnNldD1VVEYtOCIgLz4NCiAgICAgICAgPEhlYWRlciBOYW1lPSJBY2NlcHQiIFZhbHVlPSJ0ZXh0L3BsYWluLCAqLyo7IHE9MC4wMSIgLz4NCiAgICAgICAgPEhlYWRlciBOYW1lPSJSZWZlcmVyIiBWYWx1ZT0iaHR0cDovL2xvY2FsaG9zdDo0NjIzL0FwaUxpc3QiIC8+DQogICAgICA8L0hlYWRlcnM+DQogICAgICA8UXVlcnlTdHJpbmdQYXJhbWV0ZXJzPg0KICAgICAgICA8UXVlcnlTdHJpbmdQYXJhbWV0ZXIgTmFtZT0icmVxdWVzdFVybCIgVmFsdWU9Imh0dHAlM0ElMkYlMkZsb2NhbGhvc3QlM0E0NjIzJTJGQXBpTGlzdCIgUmVjb3JkZWRWYWx1ZT0iaHR0cCUzQSUyRiUyRmxvY2FsaG9zdCUzQTQ2MjMlMkZBcGlMaXN0IiBDb3JyZWxhdGlvbkJpbmRpbmc9IiIgVXJsRW5jb2RlPSJGYWxzZSIgVXNlVG9Hcm91cFJlc3VsdHM9IkZhbHNlIiAvPg0KICAgICAgICA8UXVlcnlTdHJpbmdQYXJhbWV0ZXIgTmFtZT0iYnJvd3Nlck5hbWUiIFZhbHVlPSJJbnRlcm5ldCtFeHBsb3JlciIgUmVjb3JkZWRWYWx1ZT0iSW50ZXJuZXQrRXhwbG9yZXIiIENvcnJlbGF0aW9uQmluZGluZz0iIiBVcmxFbmNvZGU9IkZhbHNlIiBVc2VUb0dyb3VwUmVzdWx0cz0iRmFsc2UiIC8+DQogICAgICAgIDxRdWVyeVN0cmluZ1BhcmFtZXRlciBOYW1lPSJjbGllbnRQcm90b2NvbCIgVmFsdWU9IjEuMyIgUmVjb3JkZWRWYWx1ZT0iMS4zIiBDb3JyZWxhdGlvbkJpbmRpbmc9IiIgVXJsRW5jb2RlPSJGYWxzZSIgVXNlVG9Hcm91cFJlc3VsdHM9IkZhbHNlIiAvPg0KICAgICAgICA8UXVlcnlTdHJpbmdQYXJhbWV0ZXIgTmFtZT0iXyIgVmFsdWU9IjEzOTc2MzA5NTM4MjUiIFJlY29yZGVkVmFsdWU9IjEzOTc2MzA5NTM4MjUiIENvcnJlbGF0aW9uQmluZGluZz0iIiBVcmxFbmNvZGU9IkZhbHNlIiBVc2VUb0dyb3VwUmVzdWx0cz0iRmFsc2UiIC8+DQogICAgICA8L1F1ZXJ5U3RyaW5nUGFyYW1ldGVycz4NCiAgICAgIDxGb3JtUG9zdEh0dHBCb2R5IC8+DQogICAgPC9SZXF1ZXN0Pg0KICAgIDxSZXF1ZXN0IE1ldGhvZD0iUE9TVCIgR3VpZD0iYzQzN2VlNjAtYzUzNi00NTE3LWFmMDgtYzU0NDFiNTNlNmI4IiBWZXJzaW9uPSIxLjEiIFVybD0iaHR0cDovL2xvY2FsaG9zdDoxNzU0OS9hNDY4MDAwODNlMjk0MzlhODVkMjE2ZGJjOTIwM2I5NC9hcnRlcnlTaWduYWxSL2Nvbm5lY3QiIFRoaW5rVGltZT0iMCIgVGltZW91dD0iMzAwIiBQYXJzZURlcGVuZGVudFJlcXVlc3RzPSJUcnVlIiBGb2xsb3dSZWRpcmVjdHM9IlRydWUiIFJlY29yZFJlc3VsdD0iVHJ1ZSIgQ2FjaGU9IkZhbHNlIiBSZXNwb25zZVRpbWVHb2FsPSIwIiBFbmNvZGluZz0idXRmLTgiIEV4cGVjdGVkSHR0cFN0YXR1c0NvZGU9IjAiIEV4cGVjdGVkUmVzcG9uc2VVcmw9IiIgUmVwb3J0aW5nTmFtZT0iIiBJZ25vcmVIdHRwU3RhdHVzQ29kZT0iRmFsc2UiPg0KICAgICAgPEhlYWRlcnM+DQogICAgICAgIDxIZWFkZXIgTmFtZT0iQ29udGVudC1UeXBlIiBWYWx1ZT0iYXBwbGljYXRpb24veC13d3ctZm9ybS11cmxlbmNvZGVkOyBjaGFyc2V0PVVURi04IiAvPg0KICAgICAgICA8SGVhZGVyIE5hbWU9IkFjY2VwdCIgVmFsdWU9InRleHQvcGxhaW4sICovKjsgcT0wLjAxIiAvPg0KICAgICAgICA8SGVhZGVyIE5hbWU9IlJlZmVyZXIiIFZhbHVlPSJodHRwOi8vbG9jYWxob3N0OjQ2MjMvQXBpTGlzdCIgLz4NCiAgICAgIDwvSGVhZGVycz4NCiAgICAgIDxRdWVyeVN0cmluZ1BhcmFtZXRlcnM+DQogICAgICAgIDxRdWVyeVN0cmluZ1BhcmFtZXRlciBOYW1lPSJ0cmFuc3BvcnQiIFZhbHVlPSJsb25nUG9sbGluZyIgUmVjb3JkZWRWYWx1ZT0ibG9uZ1BvbGxpbmciIENvcnJlbGF0aW9uQmluZGluZz0iIiBVcmxFbmNvZGU9IkZhbHNlIiBVc2VUb0dyb3VwUmVzdWx0cz0iRmFsc2UiIC8+DQogICAgICAgIDxRdWVyeVN0cmluZ1BhcmFtZXRlciBOYW1lPSJjb25uZWN0aW9uVG9rZW4iIFZhbHVlPSJBUUFBQU5DTW5kOEJGZEVSakhvQXdFJTJGQ2wlMkJzQkFBQUF6OHNFMVBWb2FVbXRsN2RURnVZWDdBQUFBQUFDQUFBQUFBQVFaZ0FBQUFFQUFDQUFBQUJ0USUyQiUyQnQ3N2ppR2tGUTI1UEhLRzNnYyUyQllmYVBZMWl6JTJCcHRsdmpjdFhoZ0FBQUFBQU9nQUFBQUFJQUFDQUFBQUF1Y3M5bWRuJTJCWUwlMkZwcDh0ZkI2SUV3VFFBVGxmS2hsdjZ4a2xCcWRsaG5GREFBQUFBSjlxTFR4bU1LSDJISkhQVGxnMlpSbmJ1JTJGNHpuaTRTdm5jYkYlMkJUZThyOHMlMkZPNXlpZUxrWU5OM1NIWXo4dGR0MUFBQUFBcHlDJTJCbFI2OWNoNmRmQ3lxaFdiSW5memhka21FMmVkcThNUyUyQlVBVFZ3cUFJeDE3VkNpalcxWU1IQmxuUG55ZSUyQiUyQnk2c3lFajR4RDBFRjY4Wlloc29ZZyUzRCUzRCIgUmVjb3JkZWRWYWx1ZT0iQVFBQUFOQ01uZDhCRmRFUmpIb0F3RSUyRkNsJTJCc0JBQUFBejhzRTFQVm9hVW10bDdkVEZ1WVg3QUFBQUFBQ0FBQUFBQUFRWmdBQUFBRUFBQ0FBQUFCdFElMkIlMkJ0NzdqaUdrRlEyNVBIS0czZ2MlMkJZZmFQWTFpeiUyQnB0bHZqY3RYaGdBQUFBQUFPZ0FBQUFBSUFBQ0FBQUFBdWNzOW1kbiUyQllMJTJGcHA4dGZCNklFd1RRQVRsZktobHY2eGtsQnFkbGhuRkRBQUFBQUo5cUxUeG1NS0gySEpIUFRsZzJaUm5idSUyRjR6bmk0U3ZuY2JGJTJCVGU4cjhzJTJGTzV5aWVMa1lOTjNTSFl6OHRkdDFBQUFBQXB5QyUyQmxSNjljaDZkZkN5cWhXYkluZnpoZGttRTJlZHE4TVMlMkJVQVRWd3FBSXgxN1ZDaWpXMVlNSEJsblBueWUlMkIlMkJ5NnN5RWo0eEQwRUY2OFpZaHNvWWclM0QlM0QiIENvcnJlbGF0aW9uQmluZGluZz0iIiBVcmxFbmNvZGU9IkZhbHNlIiBVc2VUb0dyb3VwUmVzdWx0cz0iRmFsc2UiIC8+DQogICAgICAgIDxRdWVyeVN0cmluZ1BhcmFtZXRlciBOYW1lPSJyZXF1ZXN0VXJsIiBWYWx1ZT0iaHR0cCUzQSUyRiUyRmxvY2FsaG9zdCUzQTQ2MjMlMkZBcGlMaXN0IiBSZWNvcmRlZFZhbHVlPSJodHRwJTNBJTJGJTJGbG9jYWxob3N0JTNBNDYyMyUyRkFwaUxpc3QiIENvcnJlbGF0aW9uQmluZGluZz0iIiBVcmxFbmNvZGU9IkZhbHNlIiBVc2VUb0dyb3VwUmVzdWx0cz0iRmFsc2UiIC8+DQogICAgICAgIDxRdWVyeVN0cmluZ1BhcmFtZXRlciBOYW1lPSJicm93c2VyTmFtZSIgVmFsdWU9IkludGVybmV0K0V4cGxvcmVyIiBSZWNvcmRlZFZhbHVlPSJJbnRlcm5ldCtFeHBsb3JlciIgQ29ycmVsYXRpb25CaW5kaW5nPSIiIFVybEVuY29kZT0iRmFsc2UiIFVzZVRvR3JvdXBSZXN1bHRzPSJGYWxzZSIgLz4NCiAgICAgICAgPFF1ZXJ5U3RyaW5nUGFyYW1ldGVyIE5hbWU9InRpZCIgVmFsdWU9IjQiIFJlY29yZGVkVmFsdWU9IjQiIENvcnJlbGF0aW9uQmluZGluZz0iIiBVcmxFbmNvZGU9IkZhbHNlIiBVc2VUb0dyb3VwUmVzdWx0cz0iRmFsc2UiIC8+DQogICAgICAgIDxRdWVyeVN0cmluZ1BhcmFtZXRlciBOYW1lPSJfIiBWYWx1ZT0iMTM5NzYzMDk1NDI3MyIgUmVjb3JkZWRWYWx1ZT0iMTM5NzYzMDk1NDI3MyIgQ29ycmVsYXRpb25CaW5kaW5nPSIiIFVybEVuY29kZT0iRmFsc2UiIFVzZVRvR3JvdXBSZXN1bHRzPSJGYWxzZSIgLz4NCiAgICAgIDwvUXVlcnlTdHJpbmdQYXJhbWV0ZXJzPg0KICAgICAgPEZvcm1Qb3N0SHR0cEJvZHkgLz4NCiAgICA8L1JlcXVlc3Q+DQogICAgPFJlcXVlc3QgTWV0aG9kPSJQT1NUIiBHdWlkPSJjYjE2ZGYzYy1iNGYxLTQ0MzEtOTQwNi1hZjY1OGViNmQwZDkiIFZlcnNpb249IjEuMSIgVXJsPSJodHRwOi8vbG9jYWxob3N0OjE3NTQ5L2E0NjgwMDA4M2UyOTQzOWE4NWQyMTZkYmM5MjAzYjk0L2FydGVyeVNpZ25hbFIvc2VuZCIgVGhpbmtUaW1lPSIwIiBUaW1lb3V0PSIzMDAiIFBhcnNlRGVwZW5kZW50UmVxdWVzdHM9IlRydWUiIEZvbGxvd1JlZGlyZWN0cz0iVHJ1ZSIgUmVjb3JkUmVzdWx0PSJUcnVlIiBDYWNoZT0iRmFsc2UiIFJlc3BvbnNlVGltZUdvYWw9IjAiIEVuY29kaW5nPSJ1dGYtOCIgRXhwZWN0ZWRIdHRwU3RhdHVzQ29kZT0iMCIgRXhwZWN0ZWRSZXNwb25zZVVybD0iIiBSZXBvcnRpbmdOYW1lPSIiIElnbm9yZUh0dHBTdGF0dXNDb2RlPSJGYWxzZSI+DQogICAgICA8SGVhZGVycz4NCiAgICAgICAgPEhlYWRlciBOYW1lPSJBY2NlcHQiIFZhbHVlPSJ0ZXh0L3BsYWluLCAqLyo7IHE9MC4wMSIgLz4NCiAgICAgICAgPEhlYWRlciBOYW1lPSJSZWZlcmVyIiBWYWx1ZT0iaHR0cDovL2xvY2FsaG9zdDo0NjIzL0FwaUxpc3QiIC8+DQogICAgICA8L0hlYWRlcnM+DQogICAgICA8UXVlcnlTdHJpbmdQYXJhbWV0ZXJzPg0KICAgICAgICA8UXVlcnlTdHJpbmdQYXJhbWV0ZXIgTmFtZT0idHJhbnNwb3J0IiBWYWx1ZT0ibG9uZ1BvbGxpbmciIFJlY29yZGVkVmFsdWU9ImxvbmdQb2xsaW5nIiBDb3JyZWxhdGlvbkJpbmRpbmc9IiIgVXJsRW5jb2RlPSJGYWxzZSIgVXNlVG9Hcm91cFJlc3VsdHM9IkZhbHNlIiAvPg0KICAgICAgICA8UXVlcnlTdHJpbmdQYXJhbWV0ZXIgTmFtZT0iY29ubmVjdGlvblRva2VuIiBWYWx1ZT0iQVFBQUFOQ01uZDhCRmRFUmpIb0F3RSUyRkNsJTJCc0JBQUFBejhzRTFQVm9hVW10bDdkVEZ1WVg3QUFBQUFBQ0FBQUFBQUFRWmdBQUFBRUFBQ0FBQUFCdFElMkIlMkJ0NzdqaUdrRlEyNVBIS0czZ2MlMkJZZmFQWTFpeiUyQnB0bHZqY3RYaGdBQUFBQUFPZ0FBQUFBSUFBQ0FBQUFBdWNzOW1kbiUyQllMJTJGcHA4dGZCNklFd1RRQVRsZktobHY2eGtsQnFkbGhuRkRBQUFBQUo5cUxUeG1NS0gySEpIUFRsZzJaUm5idSUyRjR6bmk0U3ZuY2JGJTJCVGU4cjhzJTJGTzV5aWVMa1lOTjNTSFl6OHRkdDFBQUFBQXB5QyUyQmxSNjljaDZkZkN5cWhXYkluZnpoZGttRTJlZHE4TVMlMkJVQVRWd3FBSXgxN1ZDaWpXMVlNSEJsblBueWUlMkIlMkJ5NnN5RWo0eEQwRUY2OFpZaHNvWWclM0QlM0QiIFJlY29yZGVkVmFsdWU9IkFRQUFBTkNNbmQ4QkZkRVJqSG9Bd0UlMkZDbCUyQnNCQUFBQXo4c0UxUFZvYVVtdGw3ZFRGdVlYN0FBQUFBQUNBQUFBQUFBUVpnQUFBQUVBQUNBQUFBQnRRJTJCJTJCdDc3amlHa0ZRMjVQSEtHM2djJTJCWWZhUFkxaXolMkJwdGx2amN0WGhnQUFBQUFBT2dBQUFBQUlBQUNBQUFBQXVjczltZG4lMkJZTCUyRnBwOHRmQjZJRXdUUUFUbGZLaGx2NnhrbEJxZGxobkZEQUFBQUFKOXFMVHhtTUtIMkhKSFBUbGcyWlJuYnUlMkY0em5pNFN2bmNiRiUyQlRlOHI4cyUyRk81eWllTGtZTk4zU0hZejh0ZHQxQUFBQUFweUMlMkJsUjY5Y2g2ZGZDeXFoV2JJbmZ6aGRrbUUyZWRxOE1TJTJCVUFUVndxQUl4MTdWQ2lqVzFZTUhCbG5QbnllJTJCJTJCeTZzeUVqNHhEMEVGNjhaWWhzb1lnJTNEJTNEIiBDb3JyZWxhdGlvbkJpbmRpbmc9IiIgVXJsRW5jb2RlPSJGYWxzZSIgVXNlVG9Hcm91cFJlc3VsdHM9IkZhbHNlIiAvPg0KICAgICAgICA8UXVlcnlTdHJpbmdQYXJhbWV0ZXIgTmFtZT0icmVxdWVzdFVybCIgVmFsdWU9Imh0dHAlM0ElMkYlMkZsb2NhbGhvc3QlM0E0NjIzJTJGQXBpTGlzdCIgUmVjb3JkZWRWYWx1ZT0iaHR0cCUzQSUyRiUyRmxvY2FsaG9zdCUzQTQ2MjMlMkZBcGlMaXN0IiBDb3JyZWxhdGlvbkJpbmRpbmc9IiIgVXJsRW5jb2RlPSJGYWxzZSIgVXNlVG9Hcm91cFJlc3VsdHM9IkZhbHNlIiAvPg0KICAgICAgICA8UXVlcnlTdHJpbmdQYXJhbWV0ZXIgTmFtZT0iYnJvd3Nlck5hbWUiIFZhbHVlPSJJbnRlcm5ldCtFeHBsb3JlciIgUmVjb3JkZWRWYWx1ZT0iSW50ZXJuZXQrRXhwbG9yZXIiIENvcnJlbGF0aW9uQmluZGluZz0iIiBVcmxFbmNvZGU9IkZhbHNlIiBVc2VUb0dyb3VwUmVzdWx0cz0iRmFsc2UiIC8+DQogICAgICA8L1F1ZXJ5U3RyaW5nUGFyYW1ldGVycz4NCiAgICAgIDxGb3JtUG9zdEh0dHBCb2R5Pg0KICAgICAgICA8Rm9ybVBvc3RQYXJhbWV0ZXIgTmFtZT0iZGF0YSIgVmFsdWU9InsmcXVvdDtuYW1lJnF1b3Q7OiZxdW90O01pY3Jvc29mdC5WaXN1YWxTdHVkaW8uV2ViLkJyb3dzZXJMaW5rLkNvcmVFeHRlbnNpb25GYWN0b3J5LmNvbm5lY3RlZCZxdW90OywmcXVvdDtjYWxsYmFja0lkJnF1b3Q7OjF9IiBSZWNvcmRlZFZhbHVlPSJ7JnF1b3Q7bmFtZSZxdW90OzomcXVvdDtNaWNyb3NvZnQuVmlzdWFsU3R1ZGlvLldlYi5Ccm93c2VyTGluay5Db3JlRXh0ZW5zaW9uRmFjdG9yeS5jb25uZWN0ZWQmcXVvdDssJnF1b3Q7Y2FsbGJhY2tJZCZxdW90OzoxfSIgQ29ycmVsYXRpb25CaW5kaW5nPSIiIFVybEVuY29kZT0iVHJ1ZSIgLz4NCiAgICAgIDwvRm9ybVBvc3RIdHRwQm9keT4NCiAgICA8L1JlcXVlc3Q+DQogICAgPFJlcXVlc3QgTWV0aG9kPSJQT1NUIiBHdWlkPSJhMDgyYWY3MC01ZDU2LTQ5OTktOTE3NC01YWJkMjM1YzQ4ZDkiIFZlcnNpb249IjEuMSIgVXJsPSJodHRwOi8vbG9jYWxob3N0OjE3NTQ5L2E0NjgwMDA4M2UyOTQzOWE4NWQyMTZkYmM5MjAzYjk0L2FydGVyeVNpZ25hbFIvcG9sbCIgVGhpbmtUaW1lPSIwIiBUaW1lb3V0PSIzMDAiIFBhcnNlRGVwZW5kZW50UmVxdWVzdHM9IlRydWUiIEZvbGxvd1JlZGlyZWN0cz0iVHJ1ZSIgUmVjb3JkUmVzdWx0PSJUcnVlIiBDYWNoZT0iRmFsc2UiIFJlc3BvbnNlVGltZUdvYWw9IjAiIEVuY29kaW5nPSJ1dGYtOCIgRXhwZWN0ZWRIdHRwU3RhdHVzQ29kZT0iMCIgRXhwZWN0ZWRSZXNwb25zZVVybD0iIiBSZXBvcnRpbmdOYW1lPSIiIElnbm9yZUh0dHBTdGF0dXNDb2RlPSJGYWxzZSI+DQogICAgICA8SGVhZGVycz4NCiAgICAgICAgPEhlYWRlciBOYW1lPSJDb250ZW50LVR5cGUiIFZhbHVlPSJhcHBsaWNhdGlvbi94LXd3dy1mb3JtLXVybGVuY29kZWQ7IGNoYXJzZXQ9VVRGLTgiIC8+DQogICAgICAgIDxIZWFkZXIgTmFtZT0iQWNjZXB0IiBWYWx1ZT0idGV4dC9wbGFpbiwgKi8qOyBxPTAuMDEiIC8+DQogICAgICAgIDxIZWFkZXIgTmFtZT0iUmVmZXJlciIgVmFsdWU9Imh0dHA6Ly9sb2NhbGhvc3Q6NDYyMy9BcGlMaXN0IiAvPg0KICAgICAgPC9IZWFkZXJzPg0KICAgICAgPFF1ZXJ5U3RyaW5nUGFyYW1ldGVycz4NCiAgICAgICAgPFF1ZXJ5U3RyaW5nUGFyYW1ldGVyIE5hbWU9InRyYW5zcG9ydCIgVmFsdWU9ImxvbmdQb2xsaW5nIiBSZWNvcmRlZFZhbHVlPSJsb25nUG9sbGluZyIgQ29ycmVsYXRpb25CaW5kaW5nPSIiIFVybEVuY29kZT0iRmFsc2UiIFVzZVRvR3JvdXBSZXN1bHRzPSJGYWxzZSIgLz4NCiAgICAgICAgPFF1ZXJ5U3RyaW5nUGFyYW1ldGVyIE5hbWU9ImNvbm5lY3Rpb25Ub2tlbiIgVmFsdWU9IkFRQUFBTkNNbmQ4QkZkRVJqSG9Bd0UlMkZDbCUyQnNCQUFBQXo4c0UxUFZvYVVtdGw3ZFRGdVlYN0FBQUFBQUNBQUFBQUFBUVpnQUFBQUVBQUNBQUFBQnRRJTJCJTJCdDc3amlHa0ZRMjVQSEtHM2djJTJCWWZhUFkxaXolMkJwdGx2amN0WGhnQUFBQUFBT2dBQUFBQUlBQUNBQUFBQXVjczltZG4lMkJZTCUyRnBwOHRmQjZJRXdUUUFUbGZLaGx2NnhrbEJxZGxobkZEQUFBQUFKOXFMVHhtTUtIMkhKSFBUbGcyWlJuYnUlMkY0em5pNFN2bmNiRiUyQlRlOHI4cyUyRk81eWllTGtZTk4zU0hZejh0ZHQxQUFBQUFweUMlMkJsUjY5Y2g2ZGZDeXFoV2JJbmZ6aGRrbUUyZWRxOE1TJTJCVUFUVndxQUl4MTdWQ2lqVzFZTUhCbG5QbnllJTJCJTJCeTZzeUVqNHhEMEVGNjhaWWhzb1lnJTNEJTNEIiBSZWNvcmRlZFZhbHVlPSJBUUFBQU5DTW5kOEJGZEVSakhvQXdFJTJGQ2wlMkJzQkFBQUF6OHNFMVBWb2FVbXRsN2RURnVZWDdBQUFBQUFDQUFBQUFBQVFaZ0FBQUFFQUFDQUFBQUJ0USUyQiUyQnQ3N2ppR2tGUTI1UEhLRzNnYyUyQllmYVBZMWl6JTJCcHRsdmpjdFhoZ0FBQUFBQU9nQUFBQUFJQUFDQUFBQUF1Y3M5bWRuJTJCWUwlMkZwcDh0ZkI2SUV3VFFBVGxmS2hsdjZ4a2xCcWRsaG5GREFBQUFBSjlxTFR4bU1LSDJISkhQVGxnMlpSbmJ1JTJGNHpuaTRTdm5jYkYlMkJUZThyOHMlMkZPNXlpZUxrWU5OM1NIWXo4dGR0MUFBQUFBcHlDJTJCbFI2OWNoNmRmQ3lxaFdiSW5memhka21FMmVkcThNUyUyQlVBVFZ3cUFJeDE3VkNpalcxWU1IQmxuUG55ZSUyQiUyQnk2c3lFajR4RDBFRjY4Wlloc29ZZyUzRCUzRCIgQ29ycmVsYXRpb25CaW5kaW5nPSIiIFVybEVuY29kZT0iRmFsc2UiIFVzZVRvR3JvdXBSZXN1bHRzPSJGYWxzZSIgLz4NCiAgICAgICAgPFF1ZXJ5U3RyaW5nUGFyYW1ldGVyIE5hbWU9Im1lc3NhZ2VJZCIgVmFsdWU9ImQtQUZCQkZCMUUtQiUyQzAlN0NLJTJDMSU3Q0wlMkMwIiBSZWNvcmRlZFZhbHVlPSJkLUFGQkJGQjFFLUIlMkMwJTdDSyUyQzElN0NMJTJDMCIgQ29ycmVsYXRpb25CaW5kaW5nPSIiIFVybEVuY29kZT0iRmFsc2UiIFVzZVRvR3JvdXBSZXN1bHRzPSJGYWxzZSIgLz4NCiAgICAgICAgPFF1ZXJ5U3RyaW5nUGFyYW1ldGVyIE5hbWU9InJlcXVlc3RVcmwiIFZhbHVlPSJodHRwJTNBJTJGJTJGbG9jYWxob3N0JTNBNDYyMyUyRkFwaUxpc3QiIFJlY29yZGVkVmFsdWU9Imh0dHAlM0ElMkYlMkZsb2NhbGhvc3QlM0E0NjIzJTJGQXBpTGlzdCIgQ29ycmVsYXRpb25CaW5kaW5nPSIiIFVybEVuY29kZT0iRmFsc2UiIFVzZVRvR3JvdXBSZXN1bHRzPSJGYWxzZSIgLz4NCiAgICAgICAgPFF1ZXJ5U3RyaW5nUGFyYW1ldGVyIE5hbWU9ImJyb3dzZXJOYW1lIiBWYWx1ZT0iSW50ZXJuZXQrRXhwbG9yZXIiIFJlY29yZGVkVmFsdWU9IkludGVybmV0K0V4cGxvcmVyIiBDb3JyZWxhdGlvbkJpbmRpbmc9IiIgVXJsRW5jb2RlPSJGYWxzZSIgVXNlVG9Hcm91cFJlc3VsdHM9IkZhbHNlIiAvPg0KICAgICAgICA8UXVlcnlTdHJpbmdQYXJhbWV0ZXIgTmFtZT0idGlkIiBWYWx1ZT0iNyIgUmVjb3JkZWRWYWx1ZT0iNyIgQ29ycmVsYXRpb25CaW5kaW5nPSIiIFVybEVuY29kZT0iRmFsc2UiIFVzZVRvR3JvdXBSZXN1bHRzPSJGYWxzZSIgLz4NCiAgICAgICAgPFF1ZXJ5U3RyaW5nUGFyYW1ldGVyIE5hbWU9Il8iIFZhbHVlPSIxMzk3NjMwOTU0Mjg4IiBSZWNvcmRlZFZhbHVlPSIxMzk3NjMwOTU0Mjg4IiBDb3JyZWxhdGlvbkJpbmRpbmc9IiIgVXJsRW5jb2RlPSJGYWxzZSIgVXNlVG9Hcm91cFJlc3VsdHM9IkZhbHNlIiAvPg0KICAgICAgPC9RdWVyeVN0cmluZ1BhcmFtZXRlcnM+DQogICAgICA8Rm9ybVBvc3RIdHRwQm9keSAvPg0KICAgIDwvUmVxdWVzdD4NCiAgICA8UmVxdWVzdCBNZXRob2Q9IlBPU1QiIEd1aWQ9ImQwMzg2NmQ0LTYxZmMtNDBiMS1hYWJlLTY3NjM0ZmFlZTkzOSIgVmVyc2lvbj0iMS4xIiBVcmw9Imh0dHA6Ly9sb2NhbGhvc3Q6MTc1NDkvYTQ2ODAwMDgzZTI5NDM5YTg1ZDIxNmRiYzkyMDNiOTQvYXJ0ZXJ5U2lnbmFsUi9zZW5kIiBUaGlua1RpbWU9IjAiIFRpbWVvdXQ9IjMwMCIgUGFyc2VEZXBlbmRlbnRSZXF1ZXN0cz0iVHJ1ZSIgRm9sbG93UmVkaXJlY3RzPSJUcnVlIiBSZWNvcmRSZXN1bHQ9IlRydWUiIENhY2hlPSJGYWxzZSIgUmVzcG9uc2VUaW1lR29hbD0iMCIgRW5jb2Rpbmc9InV0Zi04IiBFeHBlY3RlZEh0dHBTdGF0dXNDb2RlPSIwIiBFeHBlY3RlZFJlc3BvbnNlVXJsPSIiIFJlcG9ydGluZ05hbWU9IiIgSWdub3JlSHR0cFN0YXR1c0NvZGU9IkZhbHNlIj4NCiAgICAgIDxIZWFkZXJzPg0KICAgICAgICA8SGVhZGVyIE5hbWU9IkFjY2VwdCIgVmFsdWU9InRleHQvcGxhaW4sICovKjsgcT0wLjAxIiAvPg0KICAgICAgICA8SGVhZGVyIE5hbWU9IlJlZmVyZXIiIFZhbHVlPSJodHRwOi8vbG9jYWxob3N0OjQ2MjMvQXBpTGlzdCIgLz4NCiAgICAgIDwvSGVhZGVycz4NCiAgICAgIDxRdWVyeVN0cmluZ1BhcmFtZXRlcnM+DQogICAgICAgIDxRdWVyeVN0cmluZ1BhcmFtZXRlciBOYW1lPSJ0cmFuc3BvcnQiIFZhbHVlPSJsb25nUG9sbGluZyIgUmVjb3JkZWRWYWx1ZT0ibG9uZ1BvbGxpbmciIENvcnJlbGF0aW9uQmluZGluZz0iIiBVcmxFbmNvZGU9IkZhbHNlIiBVc2VUb0dyb3VwUmVzdWx0cz0iRmFsc2UiIC8+DQogICAgICAgIDxRdWVyeVN0cmluZ1BhcmFtZXRlciBOYW1lPSJjb25uZWN0aW9uVG9rZW4iIFZhbHVlPSJBUUFBQU5DTW5kOEJGZEVSakhvQXdFJTJGQ2wlMkJzQkFBQUF6OHNFMVBWb2FVbXRsN2RURnVZWDdBQUFBQUFDQUFBQUFBQVFaZ0FBQUFFQUFDQUFBQUJ0USUyQiUyQnQ3N2ppR2tGUTI1UEhLRzNnYyUyQllmYVBZMWl6JTJCcHRsdmpjdFhoZ0FBQUFBQU9nQUFBQUFJQUFDQUFBQUF1Y3M5bWRuJTJCWUwlMkZwcDh0ZkI2SUV3VFFBVGxmS2hsdjZ4a2xCcWRsaG5GREFBQUFBSjlxTFR4bU1LSDJISkhQVGxnMlpSbmJ1JTJGNHpuaTRTdm5jYkYlMkJUZThyOHMlMkZPNXlpZUxrWU5OM1NIWXo4dGR0MUFBQUFBcHlDJTJCbFI2OWNoNmRmQ3lxaFdiSW5memhka21FMmVkcThNUyUyQlVBVFZ3cUFJeDE3VkNpalcxWU1IQmxuUG55ZSUyQiUyQnk2c3lFajR4RDBFRjY4Wlloc29ZZyUzRCUzRCIgUmVjb3JkZWRWYWx1ZT0iQVFBQUFOQ01uZDhCRmRFUmpIb0F3RSUyRkNsJTJCc0JBQUFBejhzRTFQVm9hVW10bDdkVEZ1WVg3QUFBQUFBQ0FBQUFBQUFRWmdBQUFBRUFBQ0FBQUFCdFElMkIlMkJ0NzdqaUdrRlEyNVBIS0czZ2MlMkJZZmFQWTFpeiUyQnB0bHZqY3RYaGdBQUFBQUFPZ0FBQUFBSUFBQ0FBQUFBdWNzOW1kbiUyQllMJTJGcHA4dGZCNklFd1RRQVRsZktobHY2eGtsQnFkbGhuRkRBQUFBQUo5cUxUeG1NS0gySEpIUFRsZzJaUm5idSUyRjR6bmk0U3ZuY2JGJTJCVGU4cjhzJTJGTzV5aWVMa1lOTjNTSFl6OHRkdDFBQUFBQXB5QyUyQmxSNjljaDZkZkN5cWhXYkluZnpoZGttRTJlZHE4TVMlMkJVQVRWd3FBSXgxN1ZDaWpXMVlNSEJsblBueWUlMkIlMkJ5NnN5RWo0eEQwRUY2OFpZaHNvWWclM0QlM0QiIENvcnJlbGF0aW9uQmluZGluZz0iIiBVcmxFbmNvZGU9IkZhbHNlIiBVc2VUb0dyb3VwUmVzdWx0cz0iRmFsc2UiIC8+DQogICAgICAgIDxRdWVyeVN0cmluZ1BhcmFtZXRlciBOYW1lPSJyZXF1ZXN0VXJsIiBWYWx1ZT0iaHR0cCUzQSUyRiUyRmxvY2FsaG9zdCUzQTQ2MjMlMkZBcGlMaXN0IiBSZWNvcmRlZFZhbHVlPSJodHRwJTNBJTJGJTJGbG9jYWxob3N0JTNBNDYyMyUyRkFwaUxpc3QiIENvcnJlbGF0aW9uQmluZGluZz0iIiBVcmxFbmNvZGU9IkZhbHNlIiBVc2VUb0dyb3VwUmVzdWx0cz0iRmFsc2UiIC8+DQogICAgICAgIDxRdWVyeVN0cmluZ1BhcmFtZXRlciBOYW1lPSJicm93c2VyTmFtZSIgVmFsdWU9IkludGVybmV0K0V4cGxvcmVyIiBSZWNvcmRlZFZhbHVlPSJJbnRlcm5ldCtFeHBsb3JlciIgQ29ycmVsYXRpb25CaW5kaW5nPSIiIFVybEVuY29kZT0iRmFsc2UiIFVzZVRvR3JvdXBSZXN1bHRzPSJGYWxzZSIgLz4NCiAgICAgIDwvUXVlcnlTdHJpbmdQYXJhbWV0ZXJzPg0KICAgICAgPEZvcm1Qb3N0SHR0cEJvZHk+DQogICAgICAgIDxGb3JtUG9zdFBhcmFtZXRlciBOYW1lPSJkYXRhIiBWYWx1ZT0ieyZxdW90O25hbWUmcXVvdDs6JnF1b3Q7bWljcm9zb2Z0LnZpc3VhbHN0dWRpby53ZWIuYnJvd3NlcmxpbmsuaHRtbG1hcHBpbmdleHRlbnNpb25mYWN0b3J5LnJlc29sdmVVcmwmcXVvdDssJnF1b3Q7YXJncyZxdW90OzpbJnF1b3Q7fi9fX2Jyb3dzZXJMaW5rL3JlcXVlc3REYXRhL2M3NzkzMTBiM2FlZDQ1NTg5NjRkODJhOGFiNmM0MGZiJnF1b3Q7XSwmcXVvdDtjYWxsYmFja0lkJnF1b3Q7OjJ9IiBSZWNvcmRlZFZhbHVlPSJ7JnF1b3Q7bmFtZSZxdW90OzomcXVvdDttaWNyb3NvZnQudmlzdWFsc3R1ZGlvLndlYi5icm93c2VybGluay5odG1sbWFwcGluZ2V4dGVuc2lvbmZhY3RvcnkucmVzb2x2ZVVybCZxdW90OywmcXVvdDthcmdzJnF1b3Q7OlsmcXVvdDt+L19fYnJvd3NlckxpbmsvcmVxdWVzdERhdGEvYzc3OTMxMGIzYWVkNDU1ODk2NGQ4MmE4YWI2YzQwZmImcXVvdDtdLCZxdW90O2NhbGxiYWNrSWQmcXVvdDs6Mn0iIENvcnJlbGF0aW9uQmluZGluZz0iIiBVcmxFbmNvZGU9IlRydWUiIC8+DQogICAgICA8L0Zvcm1Qb3N0SHR0cEJvZHk+DQogICAgPC9SZXF1ZXN0Pg0KICAgIDxSZXF1ZXN0IE1ldGhvZD0iUE9TVCIgR3VpZD0iZDhhZjBjZDctMjEwYS00Y2UyLWEwNzAtMGRlZDVjNTUwMjc4IiBWZXJzaW9uPSIxLjEiIFVybD0iaHR0cDovL2xvY2FsaG9zdDoxNzU0OS9hNDY4MDAwODNlMjk0MzlhODVkMjE2ZGJjOTIwM2I5NC9hcnRlcnlTaWduYWxSL3BvbGwiIFRoaW5rVGltZT0iMCIgVGltZW91dD0iMzAwIiBQYXJzZURlcGVuZGVudFJlcXVlc3RzPSJUcnVlIiBGb2xsb3dSZWRpcmVjdHM9IlRydWUiIFJlY29yZFJlc3VsdD0iVHJ1ZSIgQ2FjaGU9IkZhbHNlIiBSZXNwb25zZVRpbWVHb2FsPSIwIiBFbmNvZGluZz0idXRmLTgiIEV4cGVjdGVkSHR0cFN0YXR1c0NvZGU9IjAiIEV4cGVjdGVkUmVzcG9uc2VVcmw9IiIgUmVwb3J0aW5nTmFtZT0iIiBJZ25vcmVIdHRwU3RhdHVzQ29kZT0iRmFsc2UiPg0KICAgICAgPEhlYWRlcnM+DQogICAgICAgIDxIZWFkZXIgTmFtZT0iQ29udGVudC1UeXBlIiBWYWx1ZT0iYXBwbGljYXRpb24veC13d3ctZm9ybS11cmxlbmNvZGVkOyBjaGFyc2V0PVVURi04IiAvPg0KICAgICAgICA8SGVhZGVyIE5hbWU9IkFjY2VwdCIgVmFsdWU9InRleHQvcGxhaW4sICovKjsgcT0wLjAxIiAvPg0KICAgICAgICA8SGVhZGVyIE5hbWU9IlJlZmVyZXIiIFZhbHVlPSJodHRwOi8vbG9jYWxob3N0OjQ2MjMvQXBpTGlzdCIgLz4NCiAgICAgIDwvSGVhZGVycz4NCiAgICAgIDxRdWVyeVN0cmluZ1BhcmFtZXRlcnM+DQogICAgICAgIDxRdWVyeVN0cmluZ1BhcmFtZXRlciBOYW1lPSJ0cmFuc3BvcnQiIFZhbHVlPSJsb25nUG9sbGluZyIgUmVjb3JkZWRWYWx1ZT0ibG9uZ1BvbGxpbmciIENvcnJlbGF0aW9uQmluZGluZz0iIiBVcmxFbmNvZGU9IkZhbHNlIiBVc2VUb0dyb3VwUmVzdWx0cz0iRmFsc2UiIC8+DQogICAgICAgIDxRdWVyeVN0cmluZ1BhcmFtZXRlciBOYW1lPSJjb25uZWN0aW9uVG9rZW4iIFZhbHVlPSJBUUFBQU5DTW5kOEJGZEVSakhvQXdFJTJGQ2wlMkJzQkFBQUF6OHNFMVBWb2FVbXRsN2RURnVZWDdBQUFBQUFDQUFBQUFBQVFaZ0FBQUFFQUFDQUFBQUJ0USUyQiUyQnQ3N2ppR2tGUTI1UEhLRzNnYyUyQllmYVBZMWl6JTJCcHRsdmpjdFhoZ0FBQUFBQU9nQUFBQUFJQUFDQUFBQUF1Y3M5bWRuJTJCWUwlMkZwcDh0ZkI2SUV3VFFBVGxmS2hsdjZ4a2xCcWRsaG5GREFBQUFBSjlxTFR4bU1LSDJISkhQVGxnMlpSbmJ1JTJGNHpuaTRTdm5jYkYlMkJUZThyOHMlMkZPNXlpZUxrWU5OM1NIWXo4dGR0MUFBQUFBcHlDJTJCbFI2OWNoNmRmQ3lxaFdiSW5memhka21FMmVkcThNUyUyQlVBVFZ3cUFJeDE3VkNpalcxWU1IQmxuUG55ZSUyQiUyQnk2c3lFajR4RDBFRjY4Wlloc29ZZyUzRCUzRCIgUmVjb3JkZWRWYWx1ZT0iQVFBQUFOQ01uZDhCRmRFUmpIb0F3RSUyRkNsJTJCc0JBQUFBejhzRTFQVm9hVW10bDdkVEZ1WVg3QUFBQUFBQ0FBQUFBQUFRWmdBQUFBRUFBQ0FBQUFCdFElMkIlMkJ0NzdqaUdrRlEyNVBIS0czZ2MlMkJZZmFQWTFpeiUyQnB0bHZqY3RYaGdBQUFBQUFPZ0FBQUFBSUFBQ0FBQUFBdWNzOW1kbiUyQllMJTJGcHA4dGZCNklFd1RRQVRsZktobHY2eGtsQnFkbGhuRkRBQUFBQUo5cUxUeG1NS0gySEpIUFRsZzJaUm5idSUyRjR6bmk0U3ZuY2JGJTJCVGU4cjhzJTJGTzV5aWVMa1lOTjNTSFl6OHRkdDFBQUFBQXB5QyUyQmxSNjljaDZkZkN5cWhXYkluZnpoZGttRTJlZHE4TVMlMkJVQVRWd3FBSXgxN1ZDaWpXMVlNSEJsblBueWUlMkIlMkJ5NnN5RWo0eEQwRUY2OFpZaHNvWWclM0QlM0QiIENvcnJlbGF0aW9uQmluZGluZz0iIiBVcmxFbmNvZGU9IkZhbHNlIiBVc2VUb0dyb3VwUmVzdWx0cz0iRmFsc2UiIC8+DQogICAgICAgIDxRdWVyeVN0cmluZ1BhcmFtZXRlciBOYW1lPSJtZXNzYWdlSWQiIFZhbHVlPSJkLUFGQkJGQjFFLUIlMkMwJTdDSyUyQzIlN0NMJTJDMCIgUmVjb3JkZWRWYWx1ZT0iZC1BRkJCRkIxRS1CJTJDMCU3Q0slMkMyJTdDTCUyQzAiIENvcnJlbGF0aW9uQmluZGluZz0iIiBVcmxFbmNvZGU9IkZhbHNlIiBVc2VUb0dyb3VwUmVzdWx0cz0iRmFsc2UiIC8+DQogICAgICAgIDxRdWVyeVN0cmluZ1BhcmFtZXRlciBOYW1lPSJyZXF1ZXN0VXJsIiBWYWx1ZT0iaHR0cCUzQSUyRiUyRmxvY2FsaG9zdCUzQTQ2MjMlMkZBcGlMaXN0IiBSZWNvcmRlZFZhbHVlPSJodHRwJTNBJTJGJTJGbG9jYWxob3N0JTNBNDYyMyUyRkFwaUxpc3QiIENvcnJlbGF0aW9uQmluZGluZz0iIiBVcmxFbmNvZGU9IkZhbHNlIiBVc2VUb0dyb3VwUmVzdWx0cz0iRmFsc2UiIC8+DQogICAgICAgIDxRdWVyeVN0cmluZ1BhcmFtZXRlciBOYW1lPSJicm93c2VyTmFtZSIgVmFsdWU9IkludGVybmV0K0V4cGxvcmVyIiBSZWNvcmRlZFZhbHVlPSJJbnRlcm5ldCtFeHBsb3JlciIgQ29ycmVsYXRpb25CaW5kaW5nPSIiIFVybEVuY29kZT0iRmFsc2UiIFVzZVRvR3JvdXBSZXN1bHRzPSJGYWxzZSIgLz4NCiAgICAgICAgPFF1ZXJ5U3RyaW5nUGFyYW1ldGVyIE5hbWU9InRpZCIgVmFsdWU9IjciIFJlY29yZGVkVmFsdWU9IjciIENvcnJlbGF0aW9uQmluZGluZz0iIiBVcmxFbmNvZGU9IkZhbHNlIiBVc2VUb0dyb3VwUmVzdWx0cz0iRmFsc2UiIC8+DQogICAgICAgIDxRdWVyeVN0cmluZ1BhcmFtZXRlciBOYW1lPSJfIiBWYWx1ZT0iMTM5NzYzMDk1NDM1MiIgUmVjb3JkZWRWYWx1ZT0iMTM5NzYzMDk1NDM1MiIgQ29ycmVsYXRpb25CaW5kaW5nPSIiIFVybEVuY29kZT0iRmFsc2UiIFVzZVRvR3JvdXBSZXN1bHRzPSJGYWxzZSIgLz4NCiAgICAgIDwvUXVlcnlTdHJpbmdQYXJhbWV0ZXJzPg0KICAgICAgPEZvcm1Qb3N0SHR0cEJvZHkgLz4NCiAgICA8L1JlcXVlc3Q+DQogICAgPFJlcXVlc3QgTWV0aG9kPSJHRVQiIEd1aWQ9IjA5MzkwZDY3LTUyOTAtNGIxYi05MGI0LTc3NDgzMGQ4ODI2OSIgVmVyc2lvbj0iMS4xIiBVcmw9Imh0dHA6Ly9sb2NhbGhvc3Q6NDYyMy9fX2Jyb3dzZXJMaW5rL3JlcXVlc3REYXRhL2M3NzkzMTBiM2FlZDQ1NTg5NjRkODJhOGFiNmM0MGZiIiBUaGlua1RpbWU9IjAiIFRpbWVvdXQ9IjMwMCIgUGFyc2VEZXBlbmRlbnRSZXF1ZXN0cz0iVHJ1ZSIgRm9sbG93UmVkaXJlY3RzPSJUcnVlIiBSZWNvcmRSZXN1bHQ9IlRydWUiIENhY2hlPSJGYWxzZSIgUmVzcG9uc2VUaW1lR29hbD0iMCIgRW5jb2Rpbmc9InV0Zi04IiBFeHBlY3RlZEh0dHBTdGF0dXNDb2RlPSIwIiBFeHBlY3RlZFJlc3BvbnNlVXJsPSIiIFJlcG9ydGluZ05hbWU9IiIgSWdub3JlSHR0cFN0YXR1c0NvZGU9IkZhbHNlIj4NCiAgICAgIDxIZWFkZXJzPg0KICAgICAgICA8SGVhZGVyIE5hbWU9IkFjY2VwdCIgVmFsdWU9ImFwcGxpY2F0aW9uL2pzb24sIHRleHQvamF2YXNjcmlwdCwgKi8qOyBxPTAuMDEiIC8+DQogICAgICAgIDxIZWFkZXIgTmFtZT0iWC1SZXF1ZXN0ZWQtV2l0aCIgVmFsdWU9IlhNTEh0dHBSZXF1ZXN0IiAvPg0KICAgICAgICA8SGVhZGVyIE5hbWU9IlJlZmVyZXIiIFZhbHVlPSJodHRwOi8vbG9jYWxob3N0OjQ2MjMvQXBpTGlzdCIgLz4NCiAgICAgIDwvSGVhZGVycz4NCiAgICA8L1JlcXVlc3Q+DQogICAgPFJlcXVlc3QgTWV0aG9kPSJQT1NUIiBHdWlkPSI5ZjE1OGE2ZS03YWQ5LTQzMDktOWM3OC05MjkyMjRlYWNlNDciIFZlcnNpb249IjEuMSIgVXJsPSJodHRwOi8vbG9jYWxob3N0OjE3NTQ5L2E0NjgwMDA4M2UyOTQzOWE4NWQyMTZkYmM5MjAzYjk0L2FydGVyeVNpZ25hbFIvcG9sbCIgVGhpbmtUaW1lPSIwIiBUaW1lb3V0PSIzMDAiIFBhcnNlRGVwZW5kZW50UmVxdWVzdHM9IlRydWUiIEZvbGxvd1JlZGlyZWN0cz0iVHJ1ZSIgUmVjb3JkUmVzdWx0PSJUcnVlIiBDYWNoZT0iRmFsc2UiIFJlc3BvbnNlVGltZUdvYWw9IjAiIEVuY29kaW5nPSJ1dGYtOCIgRXhwZWN0ZWRIdHRwU3RhdHVzQ29kZT0iMCIgRXhwZWN0ZWRSZXNwb25zZVVybD0iIiBSZXBvcnRpbmdOYW1lPSIiIElnbm9yZUh0dHBTdGF0dXNDb2RlPSJGYWxzZSI+DQogICAgICA8SGVhZGVycz4NCiAgICAgICAgPEhlYWRlciBOYW1lPSJDb250ZW50LVR5cGUiIFZhbHVlPSJhcHBsaWNhdGlvbi94LXd3dy1mb3JtLXVybGVuY29kZWQ7IGNoYXJzZXQ9VVRGLTgiIC8+DQogICAgICAgIDxIZWFkZXIgTmFtZT0iQWNjZXB0IiBWYWx1ZT0idGV4dC9wbGFpbiwgKi8qOyBxPTAuMDEiIC8+DQogICAgICAgIDxIZWFkZXIgTmFtZT0iUmVmZXJlciIgVmFsdWU9Imh0dHA6Ly9sb2NhbGhvc3Q6NDYyMy9BcGlMaXN0IiAvPg0KICAgICAgPC9IZWFkZXJzPg0KICAgICAgPFF1ZXJ5U3RyaW5nUGFyYW1ldGVycz4NCiAgICAgICAgPFF1ZXJ5U3RyaW5nUGFyYW1ldGVyIE5hbWU9InRyYW5zcG9ydCIgVmFsdWU9ImxvbmdQb2xsaW5nIiBSZWNvcmRlZFZhbHVlPSJsb25nUG9sbGluZyIgQ29ycmVsYXRpb25CaW5kaW5nPSIiIFVybEVuY29kZT0iRmFsc2UiIFVzZVRvR3JvdXBSZXN1bHRzPSJGYWxzZSIgLz4NCiAgICAgICAgPFF1ZXJ5U3RyaW5nUGFyYW1ldGVyIE5hbWU9ImNvbm5lY3Rpb25Ub2tlbiIgVmFsdWU9IkFRQUFBTkNNbmQ4QkZkRVJqSG9Bd0UlMkZDbCUyQnNCQUFBQXo4c0UxUFZvYVVtdGw3ZFRGdVlYN0FBQUFBQUNBQUFBQUFBUVpnQUFBQUVBQUNBQUFBQnRRJTJCJTJCdDc3amlHa0ZRMjVQSEtHM2djJTJCWWZhUFkxaXolMkJwdGx2amN0WGhnQUFBQUFBT2dBQUFBQUlBQUNBQUFBQXVjczltZG4lMkJZTCUyRnBwOHRmQjZJRXdUUUFUbGZLaGx2NnhrbEJxZGxobkZEQUFBQUFKOXFMVHhtTUtIMkhKSFBUbGcyWlJuYnUlMkY0em5pNFN2bmNiRiUyQlRlOHI4cyUyRk81eWllTGtZTk4zU0hZejh0ZHQxQUFBQUFweUMlMkJsUjY5Y2g2ZGZDeXFoV2JJbmZ6aGRrbUUyZWRxOE1TJTJCVUFUVndxQUl4MTdWQ2lqVzFZTUhCbG5QbnllJTJCJTJCeTZzeUVqNHhEMEVGNjhaWWhzb1lnJTNEJTNEIiBSZWNvcmRlZFZhbHVlPSJBUUFBQU5DTW5kOEJGZEVSakhvQXdFJTJGQ2wlMkJzQkFBQUF6OHNFMVBWb2FVbXRsN2RURnVZWDdBQUFBQUFDQUFBQUFBQVFaZ0FBQUFFQUFDQUFBQUJ0USUyQiUyQnQ3N2ppR2tGUTI1UEhLRzNnYyUyQllmYVBZMWl6JTJCcHRsdmpjdFhoZ0FBQUFBQU9nQUFBQUFJQUFDQUFBQUF1Y3M5bWRuJTJCWUwlMkZwcDh0ZkI2SUV3VFFBVGxmS2hsdjZ4a2xCcWRsaG5GREFBQUFBSjlxTFR4bU1LSDJISkhQVGxnMlpSbmJ1JTJGNHpuaTRTdm5jYkYlMkJUZThyOHMlMkZPNXlpZUxrWU5OM1NIWXo4dGR0MUFBQUFBcHlDJTJCbFI2OWNoNmRmQ3lxaFdiSW5memhka21FMmVkcThNUyUyQlVBVFZ3cUFJeDE3VkNpalcxWU1IQmxuUG55ZSUyQiUyQnk2c3lFajR4RDBFRjY4Wlloc29ZZyUzRCUzRCIgQ29ycmVsYXRpb25CaW5kaW5nPSIiIFVybEVuY29kZT0iRmFsc2UiIFVzZVRvR3JvdXBSZXN1bHRzPSJGYWxzZSIgLz4NCiAgICAgICAgPFF1ZXJ5U3RyaW5nUGFyYW1ldGVyIE5hbWU9Im1lc3NhZ2VJZCIgVmFsdWU9ImQtQUZCQkZCMUUtQiUyQzAlN0NLJTJDMyU3Q0wlMkMwIiBSZWNvcmRlZFZhbHVlPSJkLUFGQkJGQjFFLUIlMkMwJTdDSyUyQzMlN0NMJTJDMCIgQ29ycmVsYXRpb25CaW5kaW5nPSIiIFVybEVuY29kZT0iRmFsc2UiIFVzZVRvR3JvdXBSZXN1bHRzPSJGYWxzZSIgLz4NCiAgICAgICAgPFF1ZXJ5U3RyaW5nUGFyYW1ldGVyIE5hbWU9InJlcXVlc3RVcmwiIFZhbHVlPSJodHRwJTNBJTJGJTJGbG9jYWxob3N0JTNBNDYyMyUyRkFwaUxpc3QiIFJlY29yZGVkVmFsdWU9Imh0dHAlM0ElMkYlMkZsb2NhbGhvc3QlM0E0NjIzJTJGQXBpTGlzdCIgQ29ycmVsYXRpb25CaW5kaW5nPSIiIFVybEVuY29kZT0iRmFsc2UiIFVzZVRvR3JvdXBSZXN1bHRzPSJGYWxzZSIgLz4NCiAgICAgICAgPFF1ZXJ5U3RyaW5nUGFyYW1ldGVyIE5hbWU9ImJyb3dzZXJOYW1lIiBWYWx1ZT0iSW50ZXJuZXQrRXhwbG9yZXIiIFJlY29yZGVkVmFsdWU9IkludGVybmV0K0V4cGxvcmVyIiBDb3JyZWxhdGlvbkJpbmRpbmc9IiIgVXJsRW5jb2RlPSJGYWxzZSIgVXNlVG9Hcm91cFJlc3VsdHM9IkZhbHNlIiAvPg0KICAgICAgICA8UXVlcnlTdHJpbmdQYXJhbWV0ZXIgTmFtZT0idGlkIiBWYWx1ZT0iMTAiIFJlY29yZGVkVmFsdWU9IjEwIiBDb3JyZWxhdGlvbkJpbmRpbmc9IiIgVXJsRW5jb2RlPSJGYWxzZSIgVXNlVG9Hcm91cFJlc3VsdHM9IkZhbHNlIiAvPg0KICAgICAgICA8UXVlcnlTdHJpbmdQYXJhbWV0ZXIgTmFtZT0iXyIgVmFsdWU9IjEzOTc2MzA5NTQ1MTUiIFJlY29yZGVkVmFsdWU9IjEzOTc2MzA5NTQ1MTUiIENvcnJlbGF0aW9uQmluZGluZz0iIiBVcmxFbmNvZGU9IkZhbHNlIiBVc2VUb0dyb3VwUmVzdWx0cz0iRmFsc2UiIC8+DQogICAgICA8L1F1ZXJ5U3RyaW5nUGFyYW1ldGVycz4NCiAgICAgIDxGb3JtUG9zdEh0dHBCb2R5IC8+DQogICAgPC9SZXF1ZXN0Pg0KICAgIDxSZXF1ZXN0IE1ldGhvZD0iUE9TVCIgR3VpZD0iM2ZhNTE1NzYtYWViMS00ZTUwLTlmMjktYTVhMmRmMzMzYTRlIiBWZXJzaW9uPSIxLjEiIFVybD0iaHR0cDovL2xvY2FsaG9zdDoxNzU0OS9hNDY4MDAwODNlMjk0MzlhODVkMjE2ZGJjOTIwM2I5NC9hcnRlcnlTaWduYWxSL3NlbmQiIFRoaW5rVGltZT0iMSIgVGltZW91dD0iMzAwIiBQYXJzZURlcGVuZGVudFJlcXVlc3RzPSJUcnVlIiBGb2xsb3dSZWRpcmVjdHM9IlRydWUiIFJlY29yZFJlc3VsdD0iVHJ1ZSIgQ2FjaGU9IkZhbHNlIiBSZXNwb25zZVRpbWVHb2FsPSIwIiBFbmNvZGluZz0idXRmLTgiIEV4cGVjdGVkSHR0cFN0YXR1c0NvZGU9IjAiIEV4cGVjdGVkUmVzcG9uc2VVcmw9IiIgUmVwb3J0aW5nTmFtZT0iIiBJZ25vcmVIdHRwU3RhdHVzQ29kZT0iRmFsc2UiPg0KICAgICAgPEhlYWRlcnM+DQogICAgICAgIDxIZWFkZXIgTmFtZT0iQWNjZXB0IiBWYWx1ZT0idGV4dC9wbGFpbiwgKi8qOyBxPTAuMDEiIC8+DQogICAgICAgIDxIZWFkZXIgTmFtZT0iUmVmZXJlciIgVmFsdWU9Imh0dHA6Ly9sb2NhbGhvc3Q6NDYyMy9BcGlMaXN0IiAvPg0KICAgICAgPC9IZWFkZXJzPg0KICAgICAgPFF1ZXJ5U3RyaW5nUGFyYW1ldGVycz4NCiAgICAgICAgPFF1ZXJ5U3RyaW5nUGFyYW1ldGVyIE5hbWU9InRyYW5zcG9ydCIgVmFsdWU9ImxvbmdQb2xsaW5nIiBSZWNvcmRlZFZhbHVlPSJsb25nUG9sbGluZyIgQ29ycmVsYXRpb25CaW5kaW5nPSIiIFVybEVuY29kZT0iRmFsc2UiIFVzZVRvR3JvdXBSZXN1bHRzPSJGYWxzZSIgLz4NCiAgICAgICAgPFF1ZXJ5U3RyaW5nUGFyYW1ldGVyIE5hbWU9ImNvbm5lY3Rpb25Ub2tlbiIgVmFsdWU9IkFRQUFBTkNNbmQ4QkZkRVJqSG9Bd0UlMkZDbCUyQnNCQUFBQXo4c0UxUFZvYVVtdGw3ZFRGdVlYN0FBQUFBQUNBQUFBQUFBUVpnQUFBQUVBQUNBQUFBQnRRJTJCJTJCdDc3amlHa0ZRMjVQSEtHM2djJTJCWWZhUFkxaXolMkJwdGx2amN0WGhnQUFBQUFBT2dBQUFBQUlBQUNBQUFBQXVjczltZG4lMkJZTCUyRnBwOHRmQjZJRXdUUUFUbGZLaGx2NnhrbEJxZGxobkZEQUFBQUFKOXFMVHhtTUtIMkhKSFBUbGcyWlJuYnUlMkY0em5pNFN2bmNiRiUyQlRlOHI4cyUyRk81eWllTGtZTk4zU0hZejh0ZHQxQUFBQUFweUMlMkJsUjY5Y2g2ZGZDeXFoV2JJbmZ6aGRrbUUyZWRxOE1TJTJCVUFUVndxQUl4MTdWQ2lqVzFZTUhCbG5QbnllJTJCJTJCeTZzeUVqNHhEMEVGNjhaWWhzb1lnJTNEJTNEIiBSZWNvcmRlZFZhbHVlPSJBUUFBQU5DTW5kOEJGZEVSakhvQXdFJTJGQ2wlMkJzQkFBQUF6OHNFMVBWb2FVbXRsN2RURnVZWDdBQUFBQUFDQUFBQUFBQVFaZ0FBQUFFQUFDQUFBQUJ0USUyQiUyQnQ3N2ppR2tGUTI1UEhLRzNnYyUyQllmYVBZMWl6JTJCcHRsdmpjdFhoZ0FBQUFBQU9nQUFBQUFJQUFDQUFBQUF1Y3M5bWRuJTJCWUwlMkZwcDh0ZkI2SUV3VFFBVGxmS2hsdjZ4a2xCcWRsaG5GREFBQUFBSjlxTFR4bU1LSDJISkhQVGxnMlpSbmJ1JTJGNHpuaTRTdm5jYkYlMkJUZThyOHMlMkZPNXlpZUxrWU5OM1NIWXo4dGR0MUFBQUFBcHlDJTJCbFI2OWNoNmRmQ3lxaFdiSW5memhka21FMmVkcThNUyUyQlVBVFZ3cUFJeDE3VkNpalcxWU1IQmxuUG55ZSUyQiUyQnk2c3lFajR4RDBFRjY4Wlloc29ZZyUzRCUzRCIgQ29ycmVsYXRpb25CaW5kaW5nPSIiIFVybEVuY29kZT0iRmFsc2UiIFVzZVRvR3JvdXBSZXN1bHRzPSJGYWxzZSIgLz4NCiAgICAgICAgPFF1ZXJ5U3RyaW5nUGFyYW1ldGVyIE5hbWU9InJlcXVlc3RVcmwiIFZhbHVlPSJodHRwJTNBJTJGJTJGbG9jYWxob3N0JTNBNDYyMyUyRkFwaUxpc3QiIFJlY29yZGVkVmFsdWU9Imh0dHAlM0ElMkYlMkZsb2NhbGhvc3QlM0E0NjIzJTJGQXBpTGlzdCIgQ29ycmVsYXRpb25CaW5kaW5nPSIiIFVybEVuY29kZT0iRmFsc2UiIFVzZVRvR3JvdXBSZXN1bHRzPSJGYWxzZSIgLz4NCiAgICAgICAgPFF1ZXJ5U3RyaW5nUGFyYW1ldGVyIE5hbWU9ImJyb3dzZXJOYW1lIiBWYWx1ZT0iSW50ZXJuZXQrRXhwbG9yZXIiIFJlY29yZGVkVmFsdWU9IkludGVybmV0K0V4cGxvcmVyIiBDb3JyZWxhdGlvbkJpbmRpbmc9IiIgVXJsRW5jb2RlPSJGYWxzZSIgVXNlVG9Hcm91cFJlc3VsdHM9IkZhbHNlIiAvPg0KICAgICAgPC9RdWVyeVN0cmluZ1BhcmFtZXRlcnM+DQogICAgICA8Rm9ybVBvc3RIdHRwQm9keT4NCiAgICAgICAgPEZvcm1Qb3N0UGFyYW1ldGVyIE5hbWU9ImRhdGEiIFZhbHVlPSJ7JnF1b3Q7bmFtZSZxdW90OzomcXVvdDttaWNyb3NvZnQudmlzdWFsc3R1ZGlvLndlYi5icm93c2VybGluay5odG1sbWFwcGluZ2V4dGVuc2lvbmZhY3RvcnkucmVzb2x2ZVNvdXJjZUZpbGVQYXRocyZxdW90OywmcXVvdDthcmdzJnF1b3Q7OltbJnF1b3Q7fi9WaWV3cy9BcGlMaXN0L0luZGV4LmNzaHRtbCZxdW90O11dLCZxdW90O2NhbGxiYWNrSWQmcXVvdDs6M30iIFJlY29yZGVkVmFsdWU9InsmcXVvdDtuYW1lJnF1b3Q7OiZxdW90O21pY3Jvc29mdC52aXN1YWxzdHVkaW8ud2ViLmJyb3dzZXJsaW5rLmh0bWxtYXBwaW5nZXh0ZW5zaW9uZmFjdG9yeS5yZXNvbHZlU291cmNlRmlsZVBhdGhzJnF1b3Q7LCZxdW90O2FyZ3MmcXVvdDs6W1smcXVvdDt+L1ZpZXdzL0FwaUxpc3QvSW5kZXguY3NodG1sJnF1b3Q7XV0sJnF1b3Q7Y2FsbGJhY2tJZCZxdW90OzozfSIgQ29ycmVsYXRpb25CaW5kaW5nPSIiIFVybEVuY29kZT0iVHJ1ZSIgLz4NCiAgICAgIDwvRm9ybVBvc3RIdHRwQm9keT4NCiAgICA8L1JlcXVlc3Q+DQogICAgPFJlcXVlc3QgTWV0aG9kPSJHRVQiIEd1aWQ9ImRmOWFhN2RhLWUwYjMtNDgwMS1iNDczLWM5MmI5NjZjZTg3YiIgVmVyc2lvbj0iMS4xIiBVcmw9Imh0dHA6Ly9sb2NhbGhvc3Q6NDYyMy9BcGlMaXN0L09hdXRoQXV0aG9yaXplIiBUaGlua1RpbWU9IjAiIFRpbWVvdXQ9IjMwMCIgUGFyc2VEZXBlbmRlbnRSZXF1ZXN0cz0iVHJ1ZSIgRm9sbG93UmVkaXJlY3RzPSJUcnVlIiBSZWNvcmRSZXN1bHQ9IlRydWUiIENhY2hlPSJGYWxzZSIgUmVzcG9uc2VUaW1lR29hbD0iMCIgRW5jb2Rpbmc9InV0Zi04IiBFeHBlY3RlZEh0dHBTdGF0dXNDb2RlPSIwIiBFeHBlY3RlZFJlc3BvbnNlVXJsPSIiIFJlcG9ydGluZ05hbWU9IiIgSWdub3JlSHR0cFN0YXR1c0NvZGU9IkZhbHNlIj4NCiAgICAgIDxIZWFkZXJzPg0KICAgICAgICA8SGVhZGVyIE5hbWU9IlJlZmVyZXIiIFZhbHVlPSJodHRwOi8vbG9jYWxob3N0OjQ2MjMvQXBpTGlzdCIgLz4NCiAgICAgIDwvSGVhZGVycz4NCiAgICA8L1JlcXVlc3Q+DQogICAgPFJlcXVlc3QgTWV0aG9kPSJQT1NUIiBHdWlkPSI3ZWVhYzBlOC1kMDIyLTRlODMtODQwNi1iYmFiMzU0NGIxNzgiIFZlcnNpb249IjEuMSIgVXJsPSJodHRwOi8vbG9jYWxob3N0OjE3NTQ5L2E0NjgwMDA4M2UyOTQzOWE4NWQyMTZkYmM5MjAzYjk0L2FydGVyeVNpZ25hbFIvYWJvcnQiIFRoaW5rVGltZT0iMCIgVGltZW91dD0iMzAwIiBQYXJzZURlcGVuZGVudFJlcXVlc3RzPSJUcnVlIiBGb2xsb3dSZWRpcmVjdHM9IlRydWUiIFJlY29yZFJlc3VsdD0iVHJ1ZSIgQ2FjaGU9IkZhbHNlIiBSZXNwb25zZVRpbWVHb2FsPSIwIiBFbmNvZGluZz0idXRmLTgiIEV4cGVjdGVkSHR0cFN0YXR1c0NvZGU9IjAiIEV4cGVjdGVkUmVzcG9uc2VVcmw9IiIgUmVwb3J0aW5nTmFtZT0iIiBJZ25vcmVIdHRwU3RhdHVzQ29kZT0iRmFsc2UiPg0KICAgICAgPEhlYWRlcnM+DQogICAgICAgIDxIZWFkZXIgTmFtZT0iQWNjZXB0IiBWYWx1ZT0idGV4dC9wbGFpbiwgKi8qOyBxPTAuMDEiIC8+DQogICAgICAgIDxIZWFkZXIgTmFtZT0iUmVmZXJlciIgVmFsdWU9Imh0dHA6Ly9sb2NhbGhvc3Q6NDYyMy9BcGlMaXN0IiAvPg0KICAgICAgPC9IZWFkZXJzPg0KICAgICAgPFF1ZXJ5U3RyaW5nUGFyYW1ldGVycz4NCiAgICAgICAgPFF1ZXJ5U3RyaW5nUGFyYW1ldGVyIE5hbWU9InRyYW5zcG9ydCIgVmFsdWU9ImxvbmdQb2xsaW5nIiBSZWNvcmRlZFZhbHVlPSJsb25nUG9sbGluZyIgQ29ycmVsYXRpb25CaW5kaW5nPSIiIFVybEVuY29kZT0iRmFsc2UiIFVzZVRvR3JvdXBSZXN1bHRzPSJGYWxzZSIgLz4NCiAgICAgICAgPFF1ZXJ5U3RyaW5nUGFyYW1ldGVyIE5hbWU9ImNvbm5lY3Rpb25Ub2tlbiIgVmFsdWU9IkFRQUFBTkNNbmQ4QkZkRVJqSG9Bd0UlMkZDbCUyQnNCQUFBQXo4c0UxUFZvYVVtdGw3ZFRGdVlYN0FBQUFBQUNBQUFBQUFBUVpnQUFBQUVBQUNBQUFBQnRRJTJCJTJCdDc3amlHa0ZRMjVQSEtHM2djJTJCWWZhUFkxaXolMkJwdGx2amN0WGhnQUFBQUFBT2dBQUFBQUlBQUNBQUFBQXVjczltZG4lMkJZTCUyRnBwOHRmQjZJRXdUUUFUbGZLaGx2NnhrbEJxZGxobkZEQUFBQUFKOXFMVHhtTUtIMkhKSFBUbGcyWlJuYnUlMkY0em5pNFN2bmNiRiUyQlRlOHI4cyUyRk81eWllTGtZTk4zU0hZejh0ZHQxQUFBQUFweUMlMkJsUjY5Y2g2ZGZDeXFoV2JJbmZ6aGRrbUUyZWRxOE1TJTJCVUFUVndxQUl4MTdWQ2lqVzFZTUhCbG5QbnllJTJCJTJCeTZzeUVqNHhEMEVGNjhaWWhzb1lnJTNEJTNEIiBSZWNvcmRlZFZhbHVlPSJBUUFBQU5DTW5kOEJGZEVSakhvQXdFJTJGQ2wlMkJzQkFBQUF6OHNFMVBWb2FVbXRsN2RURnVZWDdBQUFBQUFDQUFBQUFBQVFaZ0FBQUFFQUFDQUFBQUJ0USUyQiUyQnQ3N2ppR2tGUTI1UEhLRzNnYyUyQllmYVBZMWl6JTJCcHRsdmpjdFhoZ0FBQUFBQU9nQUFBQUFJQUFDQUFBQUF1Y3M5bWRuJTJCWUwlMkZwcDh0ZkI2SUV3VFFBVGxmS2hsdjZ4a2xCcWRsaG5GREFBQUFBSjlxTFR4bU1LSDJISkhQVGxnMlpSbmJ1JTJGNHpuaTRTdm5jYkYlMkJUZThyOHMlMkZPNXlpZUxrWU5OM1NIWXo4dGR0MUFBQUFBcHlDJTJCbFI2OWNoNmRmQ3lxaFdiSW5memhka21FMmVkcThNUyUyQlVBVFZ3cUFJeDE3VkNpalcxWU1IQmxuUG55ZSUyQiUyQnk2c3lFajR4RDBFRjY4Wlloc29ZZyUzRCUzRCIgQ29ycmVsYXRpb25CaW5kaW5nPSIiIFVybEVuY29kZT0iRmFsc2UiIFVzZVRvR3JvdXBSZXN1bHRzPSJGYWxzZSIgLz4NCiAgICAgICAgPFF1ZXJ5U3RyaW5nUGFyYW1ldGVyIE5hbWU9InJlcXVlc3RVcmwiIFZhbHVlPSJodHRwJTNBJTJGJTJGbG9jYWxob3N0JTNBNDYyMyUyRkFwaUxpc3QiIFJlY29yZGVkVmFsdWU9Imh0dHAlM0ElMkYlMkZsb2NhbGhvc3QlM0E0NjIzJTJGQXBpTGlzdCIgQ29ycmVsYXRpb25CaW5kaW5nPSIiIFVybEVuY29kZT0iRmFsc2UiIFVzZVRvR3JvdXBSZXN1bHRzPSJGYWxzZSIgLz4NCiAgICAgICAgPFF1ZXJ5U3RyaW5nUGFyYW1ldGVyIE5hbWU9ImJyb3dzZXJOYW1lIiBWYWx1ZT0iSW50ZXJuZXQrRXhwbG9yZXIiIFJlY29yZGVkVmFsdWU9IkludGVybmV0K0V4cGxvcmVyIiBDb3JyZWxhdGlvbkJpbmRpbmc9IiIgVXJsRW5jb2RlPSJGYWxzZSIgVXNlVG9Hcm91cFJlc3VsdHM9IkZhbHNlIiAvPg0KICAgICAgPC9RdWVyeVN0cmluZ1BhcmFtZXRlcnM+DQogICAgICA8Rm9ybVBvc3RIdHRwQm9keSAvPg0KICAgIDwvUmVxdWVzdD4NCiAgICA8UmVxdWVzdCBNZXRob2Q9IlBPU1QiIEd1aWQ9IjAzYzhiMGU0LWY1ODgtNDU2Ny1hZGZjLTYzZTQ4NGRkZjg4MSIgVmVyc2lvbj0iMS4xIiBVcmw9Imh0dHA6Ly9sb2NhbGhvc3Q6MTc1NDkvYTQ2ODAwMDgzZTI5NDM5YTg1ZDIxNmRiYzkyMDNiOTQvYXJ0ZXJ5U2lnbmFsUi9uZWdvdGlhdGUiIFRoaW5rVGltZT0iMCIgVGltZW91dD0iMzAwIiBQYXJzZURlcGVuZGVudFJlcXVlc3RzPSJUcnVlIiBGb2xsb3dSZWRpcmVjdHM9IlRydWUiIFJlY29yZFJlc3VsdD0iVHJ1ZSIgQ2FjaGU9IkZhbHNlIiBSZXNwb25zZVRpbWVHb2FsPSIwIiBFbmNvZGluZz0idXRmLTgiIEV4cGVjdGVkSHR0cFN0YXR1c0NvZGU9IjAiIEV4cGVjdGVkUmVzcG9uc2VVcmw9IiIgUmVwb3J0aW5nTmFtZT0iIiBJZ25vcmVIdHRwU3RhdHVzQ29kZT0iRmFsc2UiPg0KICAgICAgPEhlYWRlcnM+DQogICAgICAgIDxIZWFkZXIgTmFtZT0iQ29udGVudC1UeXBlIiBWYWx1ZT0iYXBwbGljYXRpb24veC13d3ctZm9ybS11cmxlbmNvZGVkOyBjaGFyc2V0PVVURi04IiAvPg0KICAgICAgICA8SGVhZGVyIE5hbWU9IkFjY2VwdCIgVmFsdWU9InRleHQvcGxhaW4sICovKjsgcT0wLjAxIiAvPg0KICAgICAgICA8SGVhZGVyIE5hbWU9IlJlZmVyZXIiIFZhbHVlPSJodHRwOi8vbG9jYWxob3N0OjQ2MjMvQXBpTGlzdC9PYXV0aEF1dGhvcml6ZSIgLz4NCiAgICAgIDwvSGVhZGVycz4NCiAgICAgIDxRdWVyeVN0cmluZ1BhcmFtZXRlcnM+DQogICAgICAgIDxRdWVyeVN0cmluZ1BhcmFtZXRlciBOYW1lPSJyZXF1ZXN0VXJsIiBWYWx1ZT0iaHR0cCUzQSUyRiUyRmxvY2FsaG9zdCUzQTQ2MjMlMkZBcGlMaXN0JTJGT2F1dGhBdXRob3JpemUiIFJlY29yZGVkVmFsdWU9Imh0dHAlM0ElMkYlMkZsb2NhbGhvc3QlM0E0NjIzJTJGQXBpTGlzdCUyRk9hdXRoQXV0aG9yaXplIiBDb3JyZWxhdGlvbkJpbmRpbmc9IiIgVXJsRW5jb2RlPSJGYWxzZSIgVXNlVG9Hcm91cFJlc3VsdHM9IkZhbHNlIiAvPg0KICAgICAgICA8UXVlcnlTdHJpbmdQYXJhbWV0ZXIgTmFtZT0iYnJvd3Nlck5hbWUiIFZhbHVlPSJJbnRlcm5ldCtFeHBsb3JlciIgUmVjb3JkZWRWYWx1ZT0iSW50ZXJuZXQrRXhwbG9yZXIiIENvcnJlbGF0aW9uQmluZGluZz0iIiBVcmxFbmNvZGU9IkZhbHNlIiBVc2VUb0dyb3VwUmVzdWx0cz0iRmFsc2UiIC8+DQogICAgICAgIDxRdWVyeVN0cmluZ1BhcmFtZXRlciBOYW1lPSJjbGllbnRQcm90b2NvbCIgVmFsdWU9IjEuMyIgUmVjb3JkZWRWYWx1ZT0iMS4zIiBDb3JyZWxhdGlvbkJpbmRpbmc9IiIgVXJsRW5jb2RlPSJGYWxzZSIgVXNlVG9Hcm91cFJlc3VsdHM9IkZhbHNlIiAvPg0KICAgICAgICA8UXVlcnlTdHJpbmdQYXJhbWV0ZXIgTmFtZT0iXyIgVmFsdWU9IjEzOTc2MzA5NTY4ODAiIFJlY29yZGVkVmFsdWU9IjEzOTc2MzA5NTY4ODAiIENvcnJlbGF0aW9uQmluZGluZz0iIiBVcmxFbmNvZGU9IkZhbHNlIiBVc2VUb0dyb3VwUmVzdWx0cz0iRmFsc2UiIC8+DQogICAgICA8L1F1ZXJ5U3RyaW5nUGFyYW1ldGVycz4NCiAgICAgIDxGb3JtUG9zdEh0dHBCb2R5IC8+DQogICAgPC9SZXF1ZXN0Pg0KICAgIDxSZXF1ZXN0IE1ldGhvZD0iUE9TVCIgR3VpZD0iMWMxOGYzNzAtNzk2Ni00Y2U2LWFjOTgtNGE4ODU4YWFkM2Y2IiBWZXJzaW9uPSIxLjEiIFVybD0iaHR0cDovL2xvY2FsaG9zdDoxNzU0OS9hNDY4MDAwODNlMjk0MzlhODVkMjE2ZGJjOTIwM2I5NC9hcnRlcnlTaWduYWxSL2Nvbm5lY3QiIFRoaW5rVGltZT0iMCIgVGltZW91dD0iMzAwIiBQYXJzZURlcGVuZGVudFJlcXVlc3RzPSJUcnVlIiBGb2xsb3dSZWRpcmVjdHM9IlRydWUiIFJlY29yZFJlc3VsdD0iVHJ1ZSIgQ2FjaGU9IkZhbHNlIiBSZXNwb25zZVRpbWVHb2FsPSIwIiBFbmNvZGluZz0idXRmLTgiIEV4cGVjdGVkSHR0cFN0YXR1c0NvZGU9IjAiIEV4cGVjdGVkUmVzcG9uc2VVcmw9IiIgUmVwb3J0aW5nTmFtZT0iIiBJZ25vcmVIdHRwU3RhdHVzQ29kZT0iRmFsc2UiPg0KICAgICAgPEhlYWRlcnM+DQogICAgICAgIDxIZWFkZXIgTmFtZT0iQ29udGVudC1UeXBlIiBWYWx1ZT0iYXBwbGljYXRpb24veC13d3ctZm9ybS11cmxlbmNvZGVkOyBjaGFyc2V0PVVURi04IiAvPg0KICAgICAgICA8SGVhZGVyIE5hbWU9IkFjY2VwdCIgVmFsdWU9InRleHQvcGxhaW4sICovKjsgcT0wLjAxIiAvPg0KICAgICAgICA8SGVhZGVyIE5hbWU9IlJlZmVyZXIiIFZhbHVlPSJodHRwOi8vbG9jYWxob3N0OjQ2MjMvQXBpTGlzdC9PYXV0aEF1dGhvcml6ZSIgLz4NCiAgICAgIDwvSGVhZGVycz4NCiAgICAgIDxRdWVyeVN0cmluZ1BhcmFtZXRlcnM+DQogICAgICAgIDxRdWVyeVN0cmluZ1BhcmFtZXRlciBOYW1lPSJ0cmFuc3BvcnQiIFZhbHVlPSJsb25nUG9sbGluZyIgUmVjb3JkZWRWYWx1ZT0ibG9uZ1BvbGxpbmciIENvcnJlbGF0aW9uQmluZGluZz0iIiBVcmxFbmNvZGU9IkZhbHNlIiBVc2VUb0dyb3VwUmVzdWx0cz0iRmFsc2UiIC8+DQogICAgICAgIDxRdWVyeVN0cmluZ1BhcmFtZXRlciBOYW1lPSJjb25uZWN0aW9uVG9rZW4iIFZhbHVlPSJBUUFBQU5DTW5kOEJGZEVSakhvQXdFJTJGQ2wlMkJzQkFBQUF6OHNFMVBWb2FVbXRsN2RURnVZWDdBQUFBQUFDQUFBQUFBQVFaZ0FBQUFFQUFDQUFBQUI5Z0RpUkNUJTJGJTJGbTFwM0JQQ3hPSEgxNmtQYjMxeDhRR0VtWWppR3JjQSUyQllBQUFBQUFPZ0FBQUFBSUFBQ0FBQUFEYlVYZzNMeGozMENNaExWZ2JWT1p6UEJkOWlMQTJ6ZGhJaHhFQ1lCaE00REFBQUFDNnJmQ01JR09IWGxsS1BZZnY5TVFTbGkzbFBaU3ZreVZEQ1l3aEdRZ0RjZmRrOTFlRHNqbjFQaDVIeXkwZGZPcEFBQUFBOVR4bFplMFJzY0N6T2gyVzAzNDhyWXBWV0U4elFBTFBEb2lJUWxMNXpRJTJGYTluTjNyTVVVY3lEbmpiS0ZBb0o3M2kzWXo4NTh3RHV2bmJReU82eTlMZyUzRCUzRCIgUmVjb3JkZWRWYWx1ZT0iQVFBQUFOQ01uZDhCRmRFUmpIb0F3RSUyRkNsJTJCc0JBQUFBejhzRTFQVm9hVW10bDdkVEZ1WVg3QUFBQUFBQ0FBQUFBQUFRWmdBQUFBRUFBQ0FBQUFCOWdEaVJDVCUyRiUyRm0xcDNCUEN4T0hIMTZrUGIzMXg4UUdFbVlqaUdyY0ElMkJZQUFBQUFBT2dBQUFBQUlBQUNBQUFBRGJVWGczTHhqMzBDTWhMVmdiVk9aelBCZDlpTEEyemRoSWh4RUNZQmhNNERBQUFBQzZyZkNNSUdPSFhsbEtQWWZ2OU1RU2xpM2xQWlN2a3lWRENZd2hHUWdEY2ZkazkxZURzam4xUGg1SHl5MGRmT3BBQUFBQTlUeGxaZTBSc2NDek9oMlcwMzQ4cllwVldFOHpRQUxQRG9pSVFsTDV6USUyRmE5bk4zck1VVWN5RG5qYktGQW9KNzNpM1l6ODU4d0R1dm5iUXlPNnk5TGclM0QlM0QiIENvcnJlbGF0aW9uQmluZGluZz0iIiBVcmxFbmNvZGU9IkZhbHNlIiBVc2VUb0dyb3VwUmVzdWx0cz0iRmFsc2UiIC8+DQogICAgICAgIDxRdWVyeVN0cmluZ1BhcmFtZXRlciBOYW1lPSJyZXF1ZXN0VXJsIiBWYWx1ZT0iaHR0cCUzQSUyRiUyRmxvY2FsaG9zdCUzQTQ2MjMlMkZBcGlMaXN0JTJGT2F1dGhBdXRob3JpemUiIFJlY29yZGVkVmFsdWU9Imh0dHAlM0ElMkYlMkZsb2NhbGhvc3QlM0E0NjIzJTJGQXBpTGlzdCUyRk9hdXRoQXV0aG9yaXplIiBDb3JyZWxhdGlvbkJpbmRpbmc9IiIgVXJsRW5jb2RlPSJGYWxzZSIgVXNlVG9Hcm91cFJlc3VsdHM9IkZhbHNlIiAvPg0KICAgICAgICA8UXVlcnlTdHJpbmdQYXJhbWV0ZXIgTmFtZT0iYnJvd3Nlck5hbWUiIFZhbHVlPSJJbnRlcm5ldCtFeHBsb3JlciIgUmVjb3JkZWRWYWx1ZT0iSW50ZXJuZXQrRXhwbG9yZXIiIENvcnJlbGF0aW9uQmluZGluZz0iIiBVcmxFbmNvZGU9IkZhbHNlIiBVc2VUb0dyb3VwUmVzdWx0cz0iRmFsc2UiIC8+DQogICAgICAgIDxRdWVyeVN0cmluZ1BhcmFtZXRlciBOYW1lPSJ0aWQiIFZhbHVlPSIwIiBSZWNvcmRlZFZhbHVlPSIwIiBDb3JyZWxhdGlvbkJpbmRpbmc9IiIgVXJsRW5jb2RlPSJGYWxzZSIgVXNlVG9Hcm91cFJlc3VsdHM9IkZhbHNlIiAvPg0KICAgICAgICA8UXVlcnlTdHJpbmdQYXJhbWV0ZXIgTmFtZT0iXyIgVmFsdWU9IjEzOTc2MzA5NTczMjMiIFJlY29yZGVkVmFsdWU9IjEzOTc2MzA5NTczMjMiIENvcnJlbGF0aW9uQmluZGluZz0iIiBVcmxFbmNvZGU9IkZhbHNlIiBVc2VUb0dyb3VwUmVzdWx0cz0iRmFsc2UiIC8+DQogICAgICA8L1F1ZXJ5U3RyaW5nUGFyYW1ldGVycz4NCiAgICAgIDxGb3JtUG9zdEh0dHBCb2R5IC8+DQogICAgPC9SZXF1ZXN0Pg0KICAgIDxSZXF1ZXN0IE1ldGhvZD0iUE9TVCIgR3VpZD0iNDhiNjZiODctM2JmMi00ZGYxLTg0YzgtM2M3Zjk2NmU1NTBmIiBWZXJzaW9uPSIxLjEiIFVybD0iaHR0cDovL2xvY2FsaG9zdDoxNzU0OS9hNDY4MDAwODNlMjk0MzlhODVkMjE2ZGJjOTIwM2I5NC9hcnRlcnlTaWduYWxSL3NlbmQiIFRoaW5rVGltZT0iMCIgVGltZW91dD0iMzAwIiBQYXJzZURlcGVuZGVudFJlcXVlc3RzPSJUcnVlIiBGb2xsb3dSZWRpcmVjdHM9IlRydWUiIFJlY29yZFJlc3VsdD0iVHJ1ZSIgQ2FjaGU9IkZhbHNlIiBSZXNwb25zZVRpbWVHb2FsPSIwIiBFbmNvZGluZz0idXRmLTgiIEV4cGVjdGVkSHR0cFN0YXR1c0NvZGU9IjAiIEV4cGVjdGVkUmVzcG9uc2VVcmw9IiIgUmVwb3J0aW5nTmFtZT0iIiBJZ25vcmVIdHRwU3RhdHVzQ29kZT0iRmFsc2UiPg0KICAgICAgPEhlYWRlcnM+DQogICAgICAgIDxIZWFkZXIgTmFtZT0iQWNjZXB0IiBWYWx1ZT0idGV4dC9wbGFpbiwgKi8qOyBxPTAuMDEiIC8+DQogICAgICAgIDxIZWFkZXIgTmFtZT0iUmVmZXJlciIgVmFsdWU9Imh0dHA6Ly9sb2NhbGhvc3Q6NDYyMy9BcGlMaXN0L09hdXRoQXV0aG9yaXplIiAvPg0KICAgICAgPC9IZWFkZXJzPg0KICAgICAgPFF1ZXJ5U3RyaW5nUGFyYW1ldGVycz4NCiAgICAgICAgPFF1ZXJ5U3RyaW5nUGFyYW1ldGVyIE5hbWU9InRyYW5zcG9ydCIgVmFsdWU9ImxvbmdQb2xsaW5nIiBSZWNvcmRlZFZhbHVlPSJsb25nUG9sbGluZyIgQ29ycmVsYXRpb25CaW5kaW5nPSIiIFVybEVuY29kZT0iRmFsc2UiIFVzZVRvR3JvdXBSZXN1bHRzPSJGYWxzZSIgLz4NCiAgICAgICAgPFF1ZXJ5U3RyaW5nUGFyYW1ldGVyIE5hbWU9ImNvbm5lY3Rpb25Ub2tlbiIgVmFsdWU9IkFRQUFBTkNNbmQ4QkZkRVJqSG9Bd0UlMkZDbCUyQnNCQUFBQXo4c0UxUFZvYVVtdGw3ZFRGdVlYN0FBQUFBQUNBQUFBQUFBUVpnQUFBQUVBQUNBQUFBQjlnRGlSQ1QlMkYlMkZtMXAzQlBDeE9ISDE2a1BiMzF4OFFHRW1ZamlHcmNBJTJCWUFBQUFBQU9nQUFBQUFJQUFDQUFBQURiVVhnM0x4ajMwQ01oTFZnYlZPWnpQQmQ5aUxBMnpkaEloeEVDWUJoTTREQUFBQUM2cmZDTUlHT0hYbGxLUFlmdjlNUVNsaTNsUFpTdmt5VkRDWXdoR1FnRGNmZGs5MWVEc2puMVBoNUh5eTBkZk9wQUFBQUE5VHhsWmUwUnNjQ3pPaDJXMDM0OHJZcFZXRTh6UUFMUERvaUlRbEw1elElMkZhOW5OM3JNVVVjeURuamJLRkFvSjczaTNZejg1OHdEdXZuYlF5TzZ5OUxnJTNEJTNEIiBSZWNvcmRlZFZhbHVlPSJBUUFBQU5DTW5kOEJGZEVSakhvQXdFJTJGQ2wlMkJzQkFBQUF6OHNFMVBWb2FVbXRsN2RURnVZWDdBQUFBQUFDQUFBQUFBQVFaZ0FBQUFFQUFDQUFBQUI5Z0RpUkNUJTJGJTJGbTFwM0JQQ3hPSEgxNmtQYjMxeDhRR0VtWWppR3JjQSUyQllBQUFBQUFPZ0FBQUFBSUFBQ0FBQUFEYlVYZzNMeGozMENNaExWZ2JWT1p6UEJkOWlMQTJ6ZGhJaHhFQ1lCaE00REFBQUFDNnJmQ01JR09IWGxsS1BZZnY5TVFTbGkzbFBaU3ZreVZEQ1l3aEdRZ0RjZmRrOTFlRHNqbjFQaDVIeXkwZGZPcEFBQUFBOVR4bFplMFJzY0N6T2gyVzAzNDhyWXBWV0U4elFBTFBEb2lJUWxMNXpRJTJGYTluTjNyTVVVY3lEbmpiS0ZBb0o3M2kzWXo4NTh3RHV2bmJReU82eTlMZyUzRCUzRCIgQ29ycmVsYXRpb25CaW5kaW5nPSIiIFVybEVuY29kZT0iRmFsc2UiIFVzZVRvR3JvdXBSZXN1bHRzPSJGYWxzZSIgLz4NCiAgICAgICAgPFF1ZXJ5U3RyaW5nUGFyYW1ldGVyIE5hbWU9InJlcXVlc3RVcmwiIFZhbHVlPSJodHRwJTNBJTJGJTJGbG9jYWxob3N0JTNBNDYyMyUyRkFwaUxpc3QlMkZPYXV0aEF1dGhvcml6ZSIgUmVjb3JkZWRWYWx1ZT0iaHR0cCUzQSUyRiUyRmxvY2FsaG9zdCUzQTQ2MjMlMkZBcGlMaXN0JTJGT2F1dGhBdXRob3JpemUiIENvcnJlbGF0aW9uQmluZGluZz0iIiBVcmxFbmNvZGU9IkZhbHNlIiBVc2VUb0dyb3VwUmVzdWx0cz0iRmFsc2UiIC8+DQogICAgICAgIDxRdWVyeVN0cmluZ1BhcmFtZXRlciBOYW1lPSJicm93c2VyTmFtZSIgVmFsdWU9IkludGVybmV0K0V4cGxvcmVyIiBSZWNvcmRlZFZhbHVlPSJJbnRlcm5ldCtFeHBsb3JlciIgQ29ycmVsYXRpb25CaW5kaW5nPSIiIFVybEVuY29kZT0iRmFsc2UiIFVzZVRvR3JvdXBSZXN1bHRzPSJGYWxzZSIgLz4NCiAgICAgIDwvUXVlcnlTdHJpbmdQYXJhbWV0ZXJzPg0KICAgICAgPEZvcm1Qb3N0SHR0cEJvZHk+DQogICAgICAgIDxGb3JtUG9zdFBhcmFtZXRlciBOYW1lPSJkYXRhIiBWYWx1ZT0ieyZxdW90O25hbWUmcXVvdDs6JnF1b3Q7TWljcm9zb2Z0LlZpc3VhbFN0dWRpby5XZWIuQnJvd3NlckxpbmsuQ29yZUV4dGVuc2lvbkZhY3RvcnkuY29ubmVjdGVkJnF1b3Q7LCZxdW90O2NhbGxiYWNrSWQmcXVvdDs6MX0iIFJlY29yZGVkVmFsdWU9InsmcXVvdDtuYW1lJnF1b3Q7OiZxdW90O01pY3Jvc29mdC5WaXN1YWxTdHVkaW8uV2ViLkJyb3dzZXJMaW5rLkNvcmVFeHRlbnNpb25GYWN0b3J5LmNvbm5lY3RlZCZxdW90OywmcXVvdDtjYWxsYmFja0lkJnF1b3Q7OjF9IiBDb3JyZWxhdGlvbkJpbmRpbmc9IiIgVXJsRW5jb2RlPSJUcnVlIiAvPg0KICAgICAgPC9Gb3JtUG9zdEh0dHBCb2R5Pg0KICAgIDwvUmVxdWVzdD4NCiAgICA8UmVxdWVzdCBNZXRob2Q9IlBPU1QiIEd1aWQ9IjIwMTAxMzhhLWE3Y2ItNDc1My1iYWM2LTlkYjQxYTM3YjMxZCIgVmVyc2lvbj0iMS4xIiBVcmw9Imh0dHA6Ly9sb2NhbGhvc3Q6MTc1NDkvYTQ2ODAwMDgzZTI5NDM5YTg1ZDIxNmRiYzkyMDNiOTQvYXJ0ZXJ5U2lnbmFsUi9wb2xsIiBUaGlua1RpbWU9IjAiIFRpbWVvdXQ9IjMwMCIgUGFyc2VEZXBlbmRlbnRSZXF1ZXN0cz0iVHJ1ZSIgRm9sbG93UmVkaXJlY3RzPSJUcnVlIiBSZWNvcmRSZXN1bHQ9IlRydWUiIENhY2hlPSJGYWxzZSIgUmVzcG9uc2VUaW1lR29hbD0iMCIgRW5jb2Rpbmc9InV0Zi04IiBFeHBlY3RlZEh0dHBTdGF0dXNDb2RlPSIwIiBFeHBlY3RlZFJlc3BvbnNlVXJsPSIiIFJlcG9ydGluZ05hbWU9IiIgSWdub3JlSHR0cFN0YXR1c0NvZGU9IkZhbHNlIj4NCiAgICAgIDxIZWFkZXJzPg0KICAgICAgICA8SGVhZGVyIE5hbWU9IkNvbnRlbnQtVHlwZSIgVmFsdWU9ImFwcGxpY2F0aW9uL3gtd3d3LWZvcm0tdXJsZW5jb2RlZDsgY2hhcnNldD1VVEYtOCIgLz4NCiAgICAgICAgPEhlYWRlciBOYW1lPSJBY2NlcHQiIFZhbHVlPSJ0ZXh0L3BsYWluLCAqLyo7IHE9MC4wMSIgLz4NCiAgICAgICAgPEhlYWRlciBOYW1lPSJSZWZlcmVyIiBWYWx1ZT0iaHR0cDovL2xvY2FsaG9zdDo0NjIzL0FwaUxpc3QvT2F1dGhBdXRob3JpemUiIC8+DQogICAgICA8L0hlYWRlcnM+DQogICAgICA8UXVlcnlTdHJpbmdQYXJhbWV0ZXJzPg0KICAgICAgICA8UXVlcnlTdHJpbmdQYXJhbWV0ZXIgTmFtZT0idHJhbnNwb3J0IiBWYWx1ZT0ibG9uZ1BvbGxpbmciIFJlY29yZGVkVmFsdWU9ImxvbmdQb2xsaW5nIiBDb3JyZWxhdGlvbkJpbmRpbmc9IiIgVXJsRW5jb2RlPSJGYWxzZSIgVXNlVG9Hcm91cFJlc3VsdHM9IkZhbHNlIiAvPg0KICAgICAgICA8UXVlcnlTdHJpbmdQYXJhbWV0ZXIgTmFtZT0iY29ubmVjdGlvblRva2VuIiBWYWx1ZT0iQVFBQUFOQ01uZDhCRmRFUmpIb0F3RSUyRkNsJTJCc0JBQUFBejhzRTFQVm9hVW10bDdkVEZ1WVg3QUFBQUFBQ0FBQUFBQUFRWmdBQUFBRUFBQ0FBQUFCOWdEaVJDVCUyRiUyRm0xcDNCUEN4T0hIMTZrUGIzMXg4UUdFbVlqaUdyY0ElMkJZQUFBQUFBT2dBQUFBQUlBQUNBQUFBRGJVWGczTHhqMzBDTWhMVmdiVk9aelBCZDlpTEEyemRoSWh4RUNZQmhNNERBQUFBQzZyZkNNSUdPSFhsbEtQWWZ2OU1RU2xpM2xQWlN2a3lWRENZd2hHUWdEY2ZkazkxZURzam4xUGg1SHl5MGRmT3BBQUFBQTlUeGxaZTBSc2NDek9oMlcwMzQ4cllwVldFOHpRQUxQRG9pSVFsTDV6USUyRmE5bk4zck1VVWN5RG5qYktGQW9KNzNpM1l6ODU4d0R1dm5iUXlPNnk5TGclM0QlM0QiIFJlY29yZGVkVmFsdWU9IkFRQUFBTkNNbmQ4QkZkRVJqSG9Bd0UlMkZDbCUyQnNCQUFBQXo4c0UxUFZvYVVtdGw3ZFRGdVlYN0FBQUFBQUNBQUFBQUFBUVpnQUFBQUVBQUNBQUFBQjlnRGlSQ1QlMkYlMkZtMXAzQlBDeE9ISDE2a1BiMzF4OFFHRW1ZamlHcmNBJTJCWUFBQUFBQU9nQUFBQUFJQUFDQUFBQURiVVhnM0x4ajMwQ01oTFZnYlZPWnpQQmQ5aUxBMnpkaEloeEVDWUJoTTREQUFBQUM2cmZDTUlHT0hYbGxLUFlmdjlNUVNsaTNsUFpTdmt5VkRDWXdoR1FnRGNmZGs5MWVEc2puMVBoNUh5eTBkZk9wQUFBQUE5VHhsWmUwUnNjQ3pPaDJXMDM0OHJZcFZXRTh6UUFMUERvaUlRbEw1elElMkZhOW5OM3JNVVVjeURuamJLRkFvSjczaTNZejg1OHdEdXZuYlF5TzZ5OUxnJTNEJTNEIiBDb3JyZWxhdGlvbkJpbmRpbmc9IiIgVXJsRW5jb2RlPSJGYWxzZSIgVXNlVG9Hcm91cFJlc3VsdHM9IkZhbHNlIiAvPg0KICAgICAgICA8UXVlcnlTdHJpbmdQYXJhbWV0ZXIgTmFtZT0ibWVzc2FnZUlkIiBWYWx1ZT0iZC1BRkJCRkIxRS1CJTJDMCU3Q00lMkMxJTdDTiUyQzAiIFJlY29yZGVkVmFsdWU9ImQtQUZCQkZCMUUtQiUyQzAlN0NNJTJDMSU3Q04lMkMwIiBDb3JyZWxhdGlvbkJpbmRpbmc9IiIgVXJsRW5jb2RlPSJGYWxzZSIgVXNlVG9Hcm91cFJlc3VsdHM9IkZhbHNlIiAvPg0KICAgICAgICA8UXVlcnlTdHJpbmdQYXJhbWV0ZXIgTmFtZT0icmVxdWVzdFVybCIgVmFsdWU9Imh0dHAlM0ElMkYlMkZsb2NhbGhvc3QlM0E0NjIzJTJGQXBpTGlzdCUyRk9hdXRoQXV0aG9yaXplIiBSZWNvcmRlZFZhbHVlPSJodHRwJTNBJTJGJTJGbG9jYWxob3N0JTNBNDYyMyUyRkFwaUxpc3QlMkZPYXV0aEF1dGhvcml6ZSIgQ29ycmVsYXRpb25CaW5kaW5nPSIiIFVybEVuY29kZT0iRmFsc2UiIFVzZVRvR3JvdXBSZXN1bHRzPSJGYWxzZSIgLz4NCiAgICAgICAgPFF1ZXJ5U3RyaW5nUGFyYW1ldGVyIE5hbWU9ImJyb3dzZXJOYW1lIiBWYWx1ZT0iSW50ZXJuZXQrRXhwbG9yZXIiIFJlY29yZGVkVmFsdWU9IkludGVybmV0K0V4cGxvcmVyIiBDb3JyZWxhdGlvbkJpbmRpbmc9IiIgVXJsRW5jb2RlPSJGYWxzZSIgVXNlVG9Hcm91cFJlc3VsdHM9IkZhbHNlIiAvPg0KICAgICAgICA8UXVlcnlTdHJpbmdQYXJhbWV0ZXIgTmFtZT0idGlkIiBWYWx1ZT0iNyIgUmVjb3JkZWRWYWx1ZT0iNyIgQ29ycmVsYXRpb25CaW5kaW5nPSIiIFVybEVuY29kZT0iRmFsc2UiIFVzZVRvR3JvdXBSZXN1bHRzPSJGYWxzZSIgLz4NCiAgICAgICAgPFF1ZXJ5U3RyaW5nUGFyYW1ldGVyIE5hbWU9Il8iIFZhbHVlPSIxMzk3NjMwOTU3MzU1IiBSZWNvcmRlZFZhbHVlPSIxMzk3NjMwOTU3MzU1IiBDb3JyZWxhdGlvbkJpbmRpbmc9IiIgVXJsRW5jb2RlPSJGYWxzZSIgVXNlVG9Hcm91cFJlc3VsdHM9IkZhbHNlIiAvPg0KICAgICAgPC9RdWVyeVN0cmluZ1BhcmFtZXRlcnM+DQogICAgICA8Rm9ybVBvc3RIdHRwQm9keSAvPg0KICAgIDwvUmVxdWVzdD4NCiAgICA8UmVxdWVzdCBNZXRob2Q9IlBPU1QiIEd1aWQ9ImUwMzUyOTFiLWQ5Y2YtNDQ5Mi05MWE4LTY0YTdkN2ZlODZjOCIgVmVyc2lvbj0iMS4xIiBVcmw9Imh0dHA6Ly9sb2NhbGhvc3Q6MTc1NDkvYTQ2ODAwMDgzZTI5NDM5YTg1ZDIxNmRiYzkyMDNiOTQvYXJ0ZXJ5U2lnbmFsUi9zZW5kIiBUaGlua1RpbWU9IjAiIFRpbWVvdXQ9IjMwMCIgUGFyc2VEZXBlbmRlbnRSZXF1ZXN0cz0iVHJ1ZSIgRm9sbG93UmVkaXJlY3RzPSJUcnVlIiBSZWNvcmRSZXN1bHQ9IlRydWUiIENhY2hlPSJGYWxzZSIgUmVzcG9uc2VUaW1lR29hbD0iMCIgRW5jb2Rpbmc9InV0Zi04IiBFeHBlY3RlZEh0dHBTdGF0dXNDb2RlPSIwIiBFeHBlY3RlZFJlc3BvbnNlVXJsPSIiIFJlcG9ydGluZ05hbWU9IiIgSWdub3JlSHR0cFN0YXR1c0NvZGU9IkZhbHNlIj4NCiAgICAgIDxIZWFkZXJzPg0KICAgICAgICA8SGVhZGVyIE5hbWU9IkFjY2VwdCIgVmFsdWU9InRleHQvcGxhaW4sICovKjsgcT0wLjAxIiAvPg0KICAgICAgICA8SGVhZGVyIE5hbWU9IlJlZmVyZXIiIFZhbHVlPSJodHRwOi8vbG9jYWxob3N0OjQ2MjMvQXBpTGlzdC9PYXV0aEF1dGhvcml6ZSIgLz4NCiAgICAgIDwvSGVhZGVycz4NCiAgICAgIDxRdWVyeVN0cmluZ1BhcmFtZXRlcnM+DQogICAgICAgIDxRdWVyeVN0cmluZ1BhcmFtZXRlciBOYW1lPSJ0cmFuc3BvcnQiIFZhbHVlPSJsb25nUG9sbGluZyIgUmVjb3JkZWRWYWx1ZT0ibG9uZ1BvbGxpbmciIENvcnJlbGF0aW9uQmluZGluZz0iIiBVcmxFbmNvZGU9IkZhbHNlIiBVc2VUb0dyb3VwUmVzdWx0cz0iRmFsc2UiIC8+DQogICAgICAgIDxRdWVyeVN0cmluZ1BhcmFtZXRlciBOYW1lPSJjb25uZWN0aW9uVG9rZW4iIFZhbHVlPSJBUUFBQU5DTW5kOEJGZEVSakhvQXdFJTJGQ2wlMkJzQkFBQUF6OHNFMVBWb2FVbXRsN2RURnVZWDdBQUFBQUFDQUFBQUFBQVFaZ0FBQUFFQUFDQUFBQUI5Z0RpUkNUJTJGJTJGbTFwM0JQQ3hPSEgxNmtQYjMxeDhRR0VtWWppR3JjQSUyQllBQUFBQUFPZ0FBQUFBSUFBQ0FBQUFEYlVYZzNMeGozMENNaExWZ2JWT1p6UEJkOWlMQTJ6ZGhJaHhFQ1lCaE00REFBQUFDNnJmQ01JR09IWGxsS1BZZnY5TVFTbGkzbFBaU3ZreVZEQ1l3aEdRZ0RjZmRrOTFlRHNqbjFQaDVIeXkwZGZPcEFBQUFBOVR4bFplMFJzY0N6T2gyVzAzNDhyWXBWV0U4elFBTFBEb2lJUWxMNXpRJTJGYTluTjNyTVVVY3lEbmpiS0ZBb0o3M2kzWXo4NTh3RHV2bmJReU82eTlMZyUzRCUzRCIgUmVjb3JkZWRWYWx1ZT0iQVFBQUFOQ01uZDhCRmRFUmpIb0F3RSUyRkNsJTJCc0JBQUFBejhzRTFQVm9hVW10bDdkVEZ1WVg3QUFBQUFBQ0FBQUFBQUFRWmdBQUFBRUFBQ0FBQUFCOWdEaVJDVCUyRiUyRm0xcDNCUEN4T0hIMTZrUGIzMXg4UUdFbVlqaUdyY0ElMkJZQUFBQUFBT2dBQUFBQUlBQUNBQUFBRGJVWGczTHhqMzBDTWhMVmdiVk9aelBCZDlpTEEyemRoSWh4RUNZQmhNNERBQUFBQzZyZkNNSUdPSFhsbEtQWWZ2OU1RU2xpM2xQWlN2a3lWRENZd2hHUWdEY2ZkazkxZURzam4xUGg1SHl5MGRmT3BBQUFBQTlUeGxaZTBSc2NDek9oMlcwMzQ4cllwVldFOHpRQUxQRG9pSVFsTDV6USUyRmE5bk4zck1VVWN5RG5qYktGQW9KNzNpM1l6ODU4d0R1dm5iUXlPNnk5TGclM0QlM0QiIENvcnJlbGF0aW9uQmluZGluZz0iIiBVcmxFbmNvZGU9IkZhbHNlIiBVc2VUb0dyb3VwUmVzdWx0cz0iRmFsc2UiIC8+DQogICAgICAgIDxRdWVyeVN0cmluZ1BhcmFtZXRlciBOYW1lPSJyZXF1ZXN0VXJsIiBWYWx1ZT0iaHR0cCUzQSUyRiUyRmxvY2FsaG9zdCUzQTQ2MjMlMkZBcGlMaXN0JTJGT2F1dGhBdXRob3JpemUiIFJlY29yZGVkVmFsdWU9Imh0dHAlM0ElMkYlMkZsb2NhbGhvc3QlM0E0NjIzJTJGQXBpTGlzdCUyRk9hdXRoQXV0aG9yaXplIiBDb3JyZWxhdGlvbkJpbmRpbmc9IiIgVXJsRW5jb2RlPSJGYWxzZSIgVXNlVG9Hcm91cFJlc3VsdHM9IkZhbHNlIiAvPg0KICAgICAgICA8UXVlcnlTdHJpbmdQYXJhbWV0ZXIgTmFtZT0iYnJvd3Nlck5hbWUiIFZhbHVlPSJJbnRlcm5ldCtFeHBsb3JlciIgUmVjb3JkZWRWYWx1ZT0iSW50ZXJuZXQrRXhwbG9yZXIiIENvcnJlbGF0aW9uQmluZGluZz0iIiBVcmxFbmNvZGU9IkZhbHNlIiBVc2VUb0dyb3VwUmVzdWx0cz0iRmFsc2UiIC8+DQogICAgICA8L1F1ZXJ5U3RyaW5nUGFyYW1ldGVycz4NCiAgICAgIDxGb3JtUG9zdEh0dHBCb2R5Pg0KICAgICAgICA8Rm9ybVBvc3RQYXJhbWV0ZXIgTmFtZT0iZGF0YSIgVmFsdWU9InsmcXVvdDtuYW1lJnF1b3Q7OiZxdW90O21pY3Jvc29mdC52aXN1YWxzdHVkaW8ud2ViLmJyb3dzZXJsaW5rLmh0bWxtYXBwaW5nZXh0ZW5zaW9uZmFjdG9yeS5yZXNvbHZlVXJsJnF1b3Q7LCZxdW90O2FyZ3MmcXVvdDs6WyZxdW90O34vX19icm93c2VyTGluay9yZXF1ZXN0RGF0YS80M2Q5ZjlkZDcxMTA0ZjExYmIwNmQ2YTk1MzIwY2YxNCZxdW90O10sJnF1b3Q7Y2FsbGJhY2tJZCZxdW90OzoyfSIgUmVjb3JkZWRWYWx1ZT0ieyZxdW90O25hbWUmcXVvdDs6JnF1b3Q7bWljcm9zb2Z0LnZpc3VhbHN0dWRpby53ZWIuYnJvd3NlcmxpbmsuaHRtbG1hcHBpbmdleHRlbnNpb25mYWN0b3J5LnJlc29sdmVVcmwmcXVvdDssJnF1b3Q7YXJncyZxdW90OzpbJnF1b3Q7fi9fX2Jyb3dzZXJMaW5rL3JlcXVlc3REYXRhLzQzZDlmOWRkNzExMDRmMTFiYjA2ZDZhOTUzMjBjZjE0JnF1b3Q7XSwmcXVvdDtjYWxsYmFja0lkJnF1b3Q7OjJ9IiBDb3JyZWxhdGlvbkJpbmRpbmc9IiIgVXJsRW5jb2RlPSJUcnVlIiAvPg0KICAgICAgPC9Gb3JtUG9zdEh0dHBCb2R5Pg0KICAgIDwvUmVxdWVzdD4NCiAgICA8UmVxdWVzdCBNZXRob2Q9IlBPU1QiIEd1aWQ9IjY5NDBkMWRkLTAxZDItNGE4Mi1iMGQxLTgyYTlmMDM3MGU3YSIgVmVyc2lvbj0iMS4xIiBVcmw9Imh0dHA6Ly9sb2NhbGhvc3Q6MTc1NDkvYTQ2ODAwMDgzZTI5NDM5YTg1ZDIxNmRiYzkyMDNiOTQvYXJ0ZXJ5U2lnbmFsUi9wb2xsIiBUaGlua1RpbWU9IjAiIFRpbWVvdXQ9IjMwMCIgUGFyc2VEZXBlbmRlbnRSZXF1ZXN0cz0iVHJ1ZSIgRm9sbG93UmVkaXJlY3RzPSJUcnVlIiBSZWNvcmRSZXN1bHQ9IlRydWUiIENhY2hlPSJGYWxzZSIgUmVzcG9uc2VUaW1lR29hbD0iMCIgRW5jb2Rpbmc9InV0Zi04IiBFeHBlY3RlZEh0dHBTdGF0dXNDb2RlPSIwIiBFeHBlY3RlZFJlc3BvbnNlVXJsPSIiIFJlcG9ydGluZ05hbWU9IiIgSWdub3JlSHR0cFN0YXR1c0NvZGU9IkZhbHNlIj4NCiAgICAgIDxIZWFkZXJzPg0KICAgICAgICA8SGVhZGVyIE5hbWU9IkNvbnRlbnQtVHlwZSIgVmFsdWU9ImFwcGxpY2F0aW9uL3gtd3d3LWZvcm0tdXJsZW5jb2RlZDsgY2hhcnNldD1VVEYtOCIgLz4NCiAgICAgICAgPEhlYWRlciBOYW1lPSJBY2NlcHQiIFZhbHVlPSJ0ZXh0L3BsYWluLCAqLyo7IHE9MC4wMSIgLz4NCiAgICAgICAgPEhlYWRlciBOYW1lPSJSZWZlcmVyIiBWYWx1ZT0iaHR0cDovL2xvY2FsaG9zdDo0NjIzL0FwaUxpc3QvT2F1dGhBdXRob3JpemUiIC8+DQogICAgICA8L0hlYWRlcnM+DQogICAgICA8UXVlcnlTdHJpbmdQYXJhbWV0ZXJzPg0KICAgICAgICA8UXVlcnlTdHJpbmdQYXJhbWV0ZXIgTmFtZT0idHJhbnNwb3J0IiBWYWx1ZT0ibG9uZ1BvbGxpbmciIFJlY29yZGVkVmFsdWU9ImxvbmdQb2xsaW5nIiBDb3JyZWxhdGlvbkJpbmRpbmc9IiIgVXJsRW5jb2RlPSJGYWxzZSIgVXNlVG9Hcm91cFJlc3VsdHM9IkZhbHNlIiAvPg0KICAgICAgICA8UXVlcnlTdHJpbmdQYXJhbWV0ZXIgTmFtZT0iY29ubmVjdGlvblRva2VuIiBWYWx1ZT0iQVFBQUFOQ01uZDhCRmRFUmpIb0F3RSUyRkNsJTJCc0JBQUFBejhzRTFQVm9hVW10bDdkVEZ1WVg3QUFBQUFBQ0FBQUFBQUFRWmdBQUFBRUFBQ0FBQUFCOWdEaVJDVCUyRiUyRm0xcDNCUEN4T0hIMTZrUGIzMXg4UUdFbVlqaUdyY0ElMkJZQUFBQUFBT2dBQUFBQUlBQUNBQUFBRGJVWGczTHhqMzBDTWhMVmdiVk9aelBCZDlpTEEyemRoSWh4RUNZQmhNNERBQUFBQzZyZkNNSUdPSFhsbEtQWWZ2OU1RU2xpM2xQWlN2a3lWRENZd2hHUWdEY2ZkazkxZURzam4xUGg1SHl5MGRmT3BBQUFBQTlUeGxaZTBSc2NDek9oMlcwMzQ4cllwVldFOHpRQUxQRG9pSVFsTDV6USUyRmE5bk4zck1VVWN5RG5qYktGQW9KNzNpM1l6ODU4d0R1dm5iUXlPNnk5TGclM0QlM0QiIFJlY29yZGVkVmFsdWU9IkFRQUFBTkNNbmQ4QkZkRVJqSG9Bd0UlMkZDbCUyQnNCQUFBQXo4c0UxUFZvYVVtdGw3ZFRGdVlYN0FBQUFBQUNBQUFBQUFBUVpnQUFBQUVBQUNBQUFBQjlnRGlSQ1QlMkYlMkZtMXAzQlBDeE9ISDE2a1BiMzF4OFFHRW1ZamlHcmNBJTJCWUFBQUFBQU9nQUFBQUFJQUFDQUFBQURiVVhnM0x4ajMwQ01oTFZnYlZPWnpQQmQ5aUxBMnpkaEloeEVDWUJoTTREQUFBQUM2cmZDTUlHT0hYbGxLUFlmdjlNUVNsaTNsUFpTdmt5VkRDWXdoR1FnRGNmZGs5MWVEc2puMVBoNUh5eTBkZk9wQUFBQUE5VHhsWmUwUnNjQ3pPaDJXMDM0OHJZcFZXRTh6UUFMUERvaUlRbEw1elElMkZhOW5OM3JNVVVjeURuamJLRkFvSjczaTNZejg1OHdEdXZuYlF5TzZ5OUxnJTNEJTNEIiBDb3JyZWxhdGlvbkJpbmRpbmc9IiIgVXJsRW5jb2RlPSJGYWxzZSIgVXNlVG9Hcm91cFJlc3VsdHM9IkZhbHNlIiAvPg0KICAgICAgICA8UXVlcnlTdHJpbmdQYXJhbWV0ZXIgTmFtZT0ibWVzc2FnZUlkIiBWYWx1ZT0iZC1BRkJCRkIxRS1CJTJDMCU3Q00lMkMyJTdDTiUyQzAiIFJlY29yZGVkVmFsdWU9ImQtQUZCQkZCMUUtQiUyQzAlN0NNJTJDMiU3Q04lMkMwIiBDb3JyZWxhdGlvbkJpbmRpbmc9IiIgVXJsRW5jb2RlPSJGYWxzZSIgVXNlVG9Hcm91cFJlc3VsdHM9IkZhbHNlIiAvPg0KICAgICAgICA8UXVlcnlTdHJpbmdQYXJhbWV0ZXIgTmFtZT0icmVxdWVzdFVybCIgVmFsdWU9Imh0dHAlM0ElMkYlMkZsb2NhbGhvc3QlM0E0NjIzJTJGQXBpTGlzdCUyRk9hdXRoQXV0aG9yaXplIiBSZWNvcmRlZFZhbHVlPSJodHRwJTNBJTJGJTJGbG9jYWxob3N0JTNBNDYyMyUyRkFwaUxpc3QlMkZPYXV0aEF1dGhvcml6ZSIgQ29ycmVsYXRpb25CaW5kaW5nPSIiIFVybEVuY29kZT0iRmFsc2UiIFVzZVRvR3JvdXBSZXN1bHRzPSJGYWxzZSIgLz4NCiAgICAgICAgPFF1ZXJ5U3RyaW5nUGFyYW1ldGVyIE5hbWU9ImJyb3dzZXJOYW1lIiBWYWx1ZT0iSW50ZXJuZXQrRXhwbG9yZXIiIFJlY29yZGVkVmFsdWU9IkludGVybmV0K0V4cGxvcmVyIiBDb3JyZWxhdGlvbkJpbmRpbmc9IiIgVXJsRW5jb2RlPSJGYWxzZSIgVXNlVG9Hcm91cFJlc3VsdHM9IkZhbHNlIiAvPg0KICAgICAgICA8UXVlcnlTdHJpbmdQYXJhbWV0ZXIgTmFtZT0idGlkIiBWYWx1ZT0iMCIgUmVjb3JkZWRWYWx1ZT0iMCIgQ29ycmVsYXRpb25CaW5kaW5nPSIiIFVybEVuY29kZT0iRmFsc2UiIFVzZVRvR3JvdXBSZXN1bHRzPSJGYWxzZSIgLz4NCiAgICAgICAgPFF1ZXJ5U3RyaW5nUGFyYW1ldGVyIE5hbWU9Il8iIFZhbHVlPSIxMzk3NjMwOTU3NTA1IiBSZWNvcmRlZFZhbHVlPSIxMzk3NjMwOTU3NTA1IiBDb3JyZWxhdGlvbkJpbmRpbmc9IiIgVXJsRW5jb2RlPSJGYWxzZSIgVXNlVG9Hcm91cFJlc3VsdHM9IkZhbHNlIiAvPg0KICAgICAgPC9RdWVyeVN0cmluZ1BhcmFtZXRlcnM+DQogICAgICA8Rm9ybVBvc3RIdHRwQm9keSAvPg0KICAgIDwvUmVxdWVzdD4NCiAgICA8UmVxdWVzdCBNZXRob2Q9IkdFVCIgR3VpZD0iZjRiOTMwN2EtODE4Ny00OWM3LWIzMWEtMTFhZjNhYmI3MDQwIiBWZXJzaW9uPSIxLjEiIFVybD0iaHR0cDovL2xvY2FsaG9zdDo0NjIzL19fYnJvd3NlckxpbmsvcmVxdWVzdERhdGEvNDNkOWY5ZGQ3MTEwNGYxMWJiMDZkNmE5NTMyMGNmMTQiIFRoaW5rVGltZT0iMCIgVGltZW91dD0iMzAwIiBQYXJzZURlcGVuZGVudFJlcXVlc3RzPSJUcnVlIiBGb2xsb3dSZWRpcmVjdHM9IlRydWUiIFJlY29yZFJlc3VsdD0iVHJ1ZSIgQ2FjaGU9IkZhbHNlIiBSZXNwb25zZVRpbWVHb2FsPSIwIiBFbmNvZGluZz0idXRmLTgiIEV4cGVjdGVkSHR0cFN0YXR1c0NvZGU9IjAiIEV4cGVjdGVkUmVzcG9uc2VVcmw9IiIgUmVwb3J0aW5nTmFtZT0iIiBJZ25vcmVIdHRwU3RhdHVzQ29kZT0iRmFsc2UiPg0KICAgICAgPEhlYWRlcnM+DQogICAgICAgIDxIZWFkZXIgTmFtZT0iQWNjZXB0IiBWYWx1ZT0iYXBwbGljYXRpb24vanNvbiwgdGV4dC9qYXZhc2NyaXB0LCAqLyo7IHE9MC4wMSIgLz4NCiAgICAgICAgPEhlYWRlciBOYW1lPSJYLVJlcXVlc3RlZC1XaXRoIiBWYWx1ZT0iWE1MSHR0cFJlcXVlc3QiIC8+DQogICAgICAgIDxIZWFkZXIgTmFtZT0iUmVmZXJlciIgVmFsdWU9Imh0dHA6Ly9sb2NhbGhvc3Q6NDYyMy9BcGlMaXN0L09hdXRoQXV0aG9yaXplIiAvPg0KICAgICAgPC9IZWFkZXJzPg0KICAgIDwvUmVxdWVzdD4NCiAgICA8UmVxdWVzdCBNZXRob2Q9IlBPU1QiIEd1aWQ9IjE2MzkxNzFlLWY4NDgtNGI2Mi1iZTE0LTkyNTJjZmU3ZTkzNyIgVmVyc2lvbj0iMS4xIiBVcmw9Imh0dHA6Ly9sb2NhbGhvc3Q6MTc1NDkvYTQ2ODAwMDgzZTI5NDM5YTg1ZDIxNmRiYzkyMDNiOTQvYXJ0ZXJ5U2lnbmFsUi9wb2xsIiBUaGlua1RpbWU9IjAiIFRpbWVvdXQ9IjMwMCIgUGFyc2VEZXBlbmRlbnRSZXF1ZXN0cz0iVHJ1ZSIgRm9sbG93UmVkaXJlY3RzPSJUcnVlIiBSZWNvcmRSZXN1bHQ9IlRydWUiIENhY2hlPSJGYWxzZSIgUmVzcG9uc2VUaW1lR29hbD0iMCIgRW5jb2Rpbmc9InV0Zi04IiBFeHBlY3RlZEh0dHBTdGF0dXNDb2RlPSIwIiBFeHBlY3RlZFJlc3BvbnNlVXJsPSIiIFJlcG9ydGluZ05hbWU9IiIgSWdub3JlSHR0cFN0YXR1c0NvZGU9IkZhbHNlIj4NCiAgICAgIDxIZWFkZXJzPg0KICAgICAgICA8SGVhZGVyIE5hbWU9IkNvbnRlbnQtVHlwZSIgVmFsdWU9ImFwcGxpY2F0aW9uL3gtd3d3LWZvcm0tdXJsZW5jb2RlZDsgY2hhcnNldD1VVEYtOCIgLz4NCiAgICAgICAgPEhlYWRlciBOYW1lPSJBY2NlcHQiIFZhbHVlPSJ0ZXh0L3BsYWluLCAqLyo7IHE9MC4wMSIgLz4NCiAgICAgICAgPEhlYWRlciBOYW1lPSJSZWZlcmVyIiBWYWx1ZT0iaHR0cDovL2xvY2FsaG9zdDo0NjIzL0FwaUxpc3QvT2F1dGhBdXRob3JpemUiIC8+DQogICAgICA8L0hlYWRlcnM+DQogICAgICA8UXVlcnlTdHJpbmdQYXJhbWV0ZXJzPg0KICAgICAgICA8UXVlcnlTdHJpbmdQYXJhbWV0ZXIgTmFtZT0idHJhbnNwb3J0IiBWYWx1ZT0ibG9uZ1BvbGxpbmciIFJlY29yZGVkVmFsdWU9ImxvbmdQb2xsaW5nIiBDb3JyZWxhdGlvbkJpbmRpbmc9IiIgVXJsRW5jb2RlPSJGYWxzZSIgVXNlVG9Hcm91cFJlc3VsdHM9IkZhbHNlIiAvPg0KICAgICAgICA8UXVlcnlTdHJpbmdQYXJhbWV0ZXIgTmFtZT0iY29ubmVjdGlvblRva2VuIiBWYWx1ZT0iQVFBQUFOQ01uZDhCRmRFUmpIb0F3RSUyRkNsJTJCc0JBQUFBejhzRTFQVm9hVW10bDdkVEZ1WVg3QUFBQUFBQ0FBQUFBQUFRWmdBQUFBRUFBQ0FBQUFCOWdEaVJDVCUyRiUyRm0xcDNCUEN4T0hIMTZrUGIzMXg4UUdFbVlqaUdyY0ElMkJZQUFBQUFBT2dBQUFBQUlBQUNBQUFBRGJVWGczTHhqMzBDTWhMVmdiVk9aelBCZDlpTEEyemRoSWh4RUNZQmhNNERBQUFBQzZyZkNNSUdPSFhsbEtQWWZ2OU1RU2xpM2xQWlN2a3lWRENZd2hHUWdEY2ZkazkxZURzam4xUGg1SHl5MGRmT3BBQUFBQTlUeGxaZTBSc2NDek9oMlcwMzQ4cllwVldFOHpRQUxQRG9pSVFsTDV6USUyRmE5bk4zck1VVWN5RG5qYktGQW9KNzNpM1l6ODU4d0R1dm5iUXlPNnk5TGclM0QlM0QiIFJlY29yZGVkVmFsdWU9IkFRQUFBTkNNbmQ4QkZkRVJqSG9Bd0UlMkZDbCUyQnNCQUFBQXo4c0UxUFZvYVVtdGw3ZFRGdVlYN0FBQUFBQUNBQUFBQUFBUVpnQUFBQUVBQUNBQUFBQjlnRGlSQ1QlMkYlMkZtMXAzQlBDeE9ISDE2a1BiMzF4OFFHRW1ZamlHcmNBJTJCWUFBQUFBQU9nQUFBQUFJQUFDQUFBQURiVVhnM0x4ajMwQ01oTFZnYlZPWnpQQmQ5aUxBMnpkaEloeEVDWUJoTTREQUFBQUM2cmZDTUlHT0hYbGxLUFlmdjlNUVNsaTNsUFpTdmt5VkRDWXdoR1FnRGNmZGs5MWVEc2puMVBoNUh5eTBkZk9wQUFBQUE5VHhsWmUwUnNjQ3pPaDJXMDM0OHJZcFZXRTh6UUFMUERvaUlRbEw1elElMkZhOW5OM3JNVVVjeURuamJLRkFvSjczaTNZejg1OHdEdXZuYlF5TzZ5OUxnJTNEJTNEIiBDb3JyZWxhdGlvbkJpbmRpbmc9IiIgVXJsRW5jb2RlPSJGYWxzZSIgVXNlVG9Hcm91cFJlc3VsdHM9IkZhbHNlIiAvPg0KICAgICAgICA8UXVlcnlTdHJpbmdQYXJhbWV0ZXIgTmFtZT0ibWVzc2FnZUlkIiBWYWx1ZT0iZC1BRkJCRkIxRS1CJTJDMCU3Q00lMkMzJTdDTiUyQzAiIFJlY29yZGVkVmFsdWU9ImQtQUZCQkZCMUUtQiUyQzAlN0NNJTJDMyU3Q04lMkMwIiBDb3JyZWxhdGlvbkJpbmRpbmc9IiIgVXJsRW5jb2RlPSJGYWxzZSIgVXNlVG9Hcm91cFJlc3VsdHM9IkZhbHNlIiAvPg0KICAgICAgICA8UXVlcnlTdHJpbmdQYXJhbWV0ZXIgTmFtZT0icmVxdWVzdFVybCIgVmFsdWU9Imh0dHAlM0ElMkYlMkZsb2NhbGhvc3QlM0E0NjIzJTJGQXBpTGlzdCUyRk9hdXRoQXV0aG9yaXplIiBSZWNvcmRlZFZhbHVlPSJodHRwJTNBJTJGJTJGbG9jYWxob3N0JTNBNDYyMyUyRkFwaUxpc3QlMkZPYXV0aEF1dGhvcml6ZSIgQ29ycmVsYXRpb25CaW5kaW5nPSIiIFVybEVuY29kZT0iRmFsc2UiIFVzZVRvR3JvdXBSZXN1bHRzPSJGYWxzZSIgLz4NCiAgICAgICAgPFF1ZXJ5U3RyaW5nUGFyYW1ldGVyIE5hbWU9ImJyb3dzZXJOYW1lIiBWYWx1ZT0iSW50ZXJuZXQrRXhwbG9yZXIiIFJlY29yZGVkVmFsdWU9IkludGVybmV0K0V4cGxvcmVyIiBDb3JyZWxhdGlvbkJpbmRpbmc9IiIgVXJsRW5jb2RlPSJGYWxzZSIgVXNlVG9Hcm91cFJlc3VsdHM9IkZhbHNlIiAvPg0KICAgICAgICA8UXVlcnlTdHJpbmdQYXJhbWV0ZXIgTmFtZT0idGlkIiBWYWx1ZT0iMyIgUmVjb3JkZWRWYWx1ZT0iMyIgQ29ycmVsYXRpb25CaW5kaW5nPSIiIFVybEVuY29kZT0iRmFsc2UiIFVzZVRvR3JvdXBSZXN1bHRzPSJGYWxzZSIgLz4NCiAgICAgICAgPFF1ZXJ5U3RyaW5nUGFyYW1ldGVyIE5hbWU9Il8iIFZhbHVlPSIxMzk3NjMwOTU3NjAzIiBSZWNvcmRlZFZhbHVlPSIxMzk3NjMwOTU3NjAzIiBDb3JyZWxhdGlvbkJpbmRpbmc9IiIgVXJsRW5jb2RlPSJGYWxzZSIgVXNlVG9Hcm91cFJlc3VsdHM9IkZhbHNlIiAvPg0KICAgICAgPC9RdWVyeVN0cmluZ1BhcmFtZXRlcnM+DQogICAgICA8Rm9ybVBvc3RIdHRwQm9keSAvPg0KICAgIDwvUmVxdWVzdD4NCiAgICA8UmVxdWVzdCBNZXRob2Q9IlBPU1QiIEd1aWQ9IjRjNjQwNTdhLTUxNzAtNDgyMy05MGNiLTkzZmYzYzAzN2YzNCIgVmVyc2lvbj0iMS4xIiBVcmw9Imh0dHA6Ly9sb2NhbGhvc3Q6MTc1NDkvYTQ2ODAwMDgzZTI5NDM5YTg1ZDIxNmRiYzkyMDNiOTQvYXJ0ZXJ5U2lnbmFsUi9zZW5kIiBUaGlua1RpbWU9IjIiIFRpbWVvdXQ9IjMwMCIgUGFyc2VEZXBlbmRlbnRSZXF1ZXN0cz0iVHJ1ZSIgRm9sbG93UmVkaXJlY3RzPSJUcnVlIiBSZWNvcmRSZXN1bHQ9IlRydWUiIENhY2hlPSJGYWxzZSIgUmVzcG9uc2VUaW1lR29hbD0iMCIgRW5jb2Rpbmc9InV0Zi04IiBFeHBlY3RlZEh0dHBTdGF0dXNDb2RlPSIwIiBFeHBlY3RlZFJlc3BvbnNlVXJsPSIiIFJlcG9ydGluZ05hbWU9IiIgSWdub3JlSHR0cFN0YXR1c0NvZGU9IkZhbHNlIj4NCiAgICAgIDxIZWFkZXJzPg0KICAgICAgICA8SGVhZGVyIE5hbWU9IkFjY2VwdCIgVmFsdWU9InRleHQvcGxhaW4sICovKjsgcT0wLjAxIiAvPg0KICAgICAgICA8SGVhZGVyIE5hbWU9IlJlZmVyZXIiIFZhbHVlPSJodHRwOi8vbG9jYWxob3N0OjQ2MjMvQXBpTGlzdC9PYXV0aEF1dGhvcml6ZSIgLz4NCiAgICAgIDwvSGVhZGVycz4NCiAgICAgIDxRdWVyeVN0cmluZ1BhcmFtZXRlcnM+DQogICAgICAgIDxRdWVyeVN0cmluZ1BhcmFtZXRlciBOYW1lPSJ0cmFuc3BvcnQiIFZhbHVlPSJsb25nUG9sbGluZyIgUmVjb3JkZWRWYWx1ZT0ibG9uZ1BvbGxpbmciIENvcnJlbGF0aW9uQmluZGluZz0iIiBVcmxFbmNvZGU9IkZhbHNlIiBVc2VUb0dyb3VwUmVzdWx0cz0iRmFsc2UiIC8+DQogICAgICAgIDxRdWVyeVN0cmluZ1BhcmFtZXRlciBOYW1lPSJjb25uZWN0aW9uVG9rZW4iIFZhbHVlPSJBUUFBQU5DTW5kOEJGZEVSakhvQXdFJTJGQ2wlMkJzQkFBQUF6OHNFMVBWb2FVbXRsN2RURnVZWDdBQUFBQUFDQUFBQUFBQVFaZ0FBQUFFQUFDQUFBQUI5Z0RpUkNUJTJGJTJGbTFwM0JQQ3hPSEgxNmtQYjMxeDhRR0VtWWppR3JjQSUyQllBQUFBQUFPZ0FBQUFBSUFBQ0FBQUFEYlVYZzNMeGozMENNaExWZ2JWT1p6UEJkOWlMQTJ6ZGhJaHhFQ1lCaE00REFBQUFDNnJmQ01JR09IWGxsS1BZZnY5TVFTbGkzbFBaU3ZreVZEQ1l3aEdRZ0RjZmRrOTFlRHNqbjFQaDVIeXkwZGZPcEFBQUFBOVR4bFplMFJzY0N6T2gyVzAzNDhyWXBWV0U4elFBTFBEb2lJUWxMNXpRJTJGYTluTjNyTVVVY3lEbmpiS0ZBb0o3M2kzWXo4NTh3RHV2bmJReU82eTlMZyUzRCUzRCIgUmVjb3JkZWRWYWx1ZT0iQVFBQUFOQ01uZDhCRmRFUmpIb0F3RSUyRkNsJTJCc0JBQUFBejhzRTFQVm9hVW10bDdkVEZ1WVg3QUFBQUFBQ0FBQUFBQUFRWmdBQUFBRUFBQ0FBQUFCOWdEaVJDVCUyRiUyRm0xcDNCUEN4T0hIMTZrUGIzMXg4UUdFbVlqaUdyY0ElMkJZQUFBQUFBT2dBQUFBQUlBQUNBQUFBRGJVWGczTHhqMzBDTWhMVmdiVk9aelBCZDlpTEEyemRoSWh4RUNZQmhNNERBQUFBQzZyZkNNSUdPSFhsbEtQWWZ2OU1RU2xpM2xQWlN2a3lWRENZd2hHUWdEY2ZkazkxZURzam4xUGg1SHl5MGRmT3BBQUFBQTlUeGxaZTBSc2NDek9oMlcwMzQ4cllwVldFOHpRQUxQRG9pSVFsTDV6USUyRmE5bk4zck1VVWN5RG5qYktGQW9KNzNpM1l6ODU4d0R1dm5iUXlPNnk5TGclM0QlM0QiIENvcnJlbGF0aW9uQmluZGluZz0iIiBVcmxFbmNvZGU9IkZhbHNlIiBVc2VUb0dyb3VwUmVzdWx0cz0iRmFsc2UiIC8+DQogICAgICAgIDxRdWVyeVN0cmluZ1BhcmFtZXRlciBOYW1lPSJyZXF1ZXN0VXJsIiBWYWx1ZT0iaHR0cCUzQSUyRiUyRmxvY2FsaG9zdCUzQTQ2MjMlMkZBcGlMaXN0JTJGT2F1dGhBdXRob3JpemUiIFJlY29yZGVkVmFsdWU9Imh0dHAlM0ElMkYlMkZsb2NhbGhvc3QlM0E0NjIzJTJGQXBpTGlzdCUyRk9hdXRoQXV0aG9yaXplIiBDb3JyZWxhdGlvbkJpbmRpbmc9IiIgVXJsRW5jb2RlPSJGYWxzZSIgVXNlVG9Hcm91cFJlc3VsdHM9IkZhbHNlIiAvPg0KICAgICAgICA8UXVlcnlTdHJpbmdQYXJhbWV0ZXIgTmFtZT0iYnJvd3Nlck5hbWUiIFZhbHVlPSJJbnRlcm5ldCtFeHBsb3JlciIgUmVjb3JkZWRWYWx1ZT0iSW50ZXJuZXQrRXhwbG9yZXIiIENvcnJlbGF0aW9uQmluZGluZz0iIiBVcmxFbmNvZGU9IkZhbHNlIiBVc2VUb0dyb3VwUmVzdWx0cz0iRmFsc2UiIC8+DQogICAgICA8L1F1ZXJ5U3RyaW5nUGFyYW1ldGVycz4NCiAgICAgIDxGb3JtUG9zdEh0dHBCb2R5Pg0KICAgICAgICA8Rm9ybVBvc3RQYXJhbWV0ZXIgTmFtZT0iZGF0YSIgVmFsdWU9InsmcXVvdDtuYW1lJnF1b3Q7OiZxdW90O21pY3Jvc29mdC52aXN1YWxzdHVkaW8ud2ViLmJyb3dzZXJsaW5rLmh0bWxtYXBwaW5nZXh0ZW5zaW9uZmFjdG9yeS5yZXNvbHZlU291cmNlRmlsZVBhdGhzJnF1b3Q7LCZxdW90O2FyZ3MmcXVvdDs6W1smcXVvdDt+L1ZpZXdzL0FwaUxpc3QvT2F1dGhBdXRob3JpemUuY3NodG1sJnF1b3Q7XV0sJnF1b3Q7Y2FsbGJhY2tJZCZxdW90OzozfSIgUmVjb3JkZWRWYWx1ZT0ieyZxdW90O25hbWUmcXVvdDs6JnF1b3Q7bWljcm9zb2Z0LnZpc3VhbHN0dWRpby53ZWIuYnJvd3NlcmxpbmsuaHRtbG1hcHBpbmdleHRlbnNpb25mYWN0b3J5LnJlc29sdmVTb3VyY2VGaWxlUGF0aHMmcXVvdDssJnF1b3Q7YXJncyZxdW90OzpbWyZxdW90O34vVmlld3MvQXBpTGlzdC9PYXV0aEF1dGhvcml6ZS5jc2h0bWwmcXVvdDtdXSwmcXVvdDtjYWxsYmFja0lkJnF1b3Q7OjN9IiBDb3JyZWxhdGlvbkJpbmRpbmc9IiIgVXJsRW5jb2RlPSJUcnVlIiAvPg0KICAgICAgPC9Gb3JtUG9zdEh0dHBCb2R5Pg0KICAgIDwvUmVxdWVzdD4NCiAgICA8UmVxdWVzdCBNZXRob2Q9IkdFVCIgR3VpZD0iYjdhMjkwZjQtODM2Zi00ZWZmLWFiOWItNmFkOTJmYThlNWI0IiBWZXJzaW9uPSIxLjEiIFVybD0iaHR0cDovL2xvY2FsaG9zdDo0NjIzL0FwaUxpc3QiIFRoaW5rVGltZT0iMCIgVGltZW91dD0iMzAwIiBQYXJzZURlcGVuZGVudFJlcXVlc3RzPSJUcnVlIiBGb2xsb3dSZWRpcmVjdHM9IlRydWUiIFJlY29yZFJlc3VsdD0iVHJ1ZSIgQ2FjaGU9IkZhbHNlIiBSZXNwb25zZVRpbWVHb2FsPSIwIiBFbmNvZGluZz0idXRmLTgiIEV4cGVjdGVkSHR0cFN0YXR1c0NvZGU9IjAiIEV4cGVjdGVkUmVzcG9uc2VVcmw9IiIgUmVwb3J0aW5nTmFtZT0iIiBJZ25vcmVIdHRwU3RhdHVzQ29kZT0iRmFsc2UiPg0KICAgICAgPEhlYWRlcnM+DQogICAgICAgIDxIZWFkZXIgTmFtZT0iUmVmZXJlciIgVmFsdWU9Imh0dHA6Ly9sb2NhbGhvc3Q6NDYyMy9BcGlMaXN0L09hdXRoQXV0aG9yaXplIiAvPg0KICAgICAgPC9IZWFkZXJzPg0KICAgIDwvUmVxdWVzdD4NCiAgICA8UmVxdWVzdCBNZXRob2Q9IlBPU1QiIEd1aWQ9Ijc4MmQ4MzA1LTI3NTYtNGJhZi1hZmZhLTMyMmM0MzZmYjRjOCIgVmVyc2lvbj0iMS4xIiBVcmw9Imh0dHA6Ly9sb2NhbGhvc3Q6MTc1NDkvYTQ2ODAwMDgzZTI5NDM5YTg1ZDIxNmRiYzkyMDNiOTQvYXJ0ZXJ5U2lnbmFsUi9hYm9ydCIgVGhpbmtUaW1lPSIwIiBUaW1lb3V0PSIzMDAiIFBhcnNlRGVwZW5kZW50UmVxdWVzdHM9IlRydWUiIEZvbGxvd1JlZGlyZWN0cz0iVHJ1ZSIgUmVjb3JkUmVzdWx0PSJUcnVlIiBDYWNoZT0iRmFsc2UiIFJlc3BvbnNlVGltZUdvYWw9IjAiIEVuY29kaW5nPSJ1dGYtOCIgRXhwZWN0ZWRIdHRwU3RhdHVzQ29kZT0iMCIgRXhwZWN0ZWRSZXNwb25zZVVybD0iIiBSZXBvcnRpbmdOYW1lPSIiIElnbm9yZUh0dHBTdGF0dXNDb2RlPSJGYWxzZSI+DQogICAgICA8SGVhZGVycz4NCiAgICAgICAgPEhlYWRlciBOYW1lPSJBY2NlcHQiIFZhbHVlPSJ0ZXh0L3BsYWluLCAqLyo7IHE9MC4wMSIgLz4NCiAgICAgICAgPEhlYWRlciBOYW1lPSJSZWZlcmVyIiBWYWx1ZT0iaHR0cDovL2xvY2FsaG9zdDo0NjIzL0FwaUxpc3QvT2F1dGhBdXRob3JpemUiIC8+DQogICAgICA8L0hlYWRlcnM+DQogICAgICA8UXVlcnlTdHJpbmdQYXJhbWV0ZXJzPg0KICAgICAgICA8UXVlcnlTdHJpbmdQYXJhbWV0ZXIgTmFtZT0idHJhbnNwb3J0IiBWYWx1ZT0ibG9uZ1BvbGxpbmciIFJlY29yZGVkVmFsdWU9ImxvbmdQb2xsaW5nIiBDb3JyZWxhdGlvbkJpbmRpbmc9IiIgVXJsRW5jb2RlPSJGYWxzZSIgVXNlVG9Hcm91cFJlc3VsdHM9IkZhbHNlIiAvPg0KICAgICAgICA8UXVlcnlTdHJpbmdQYXJhbWV0ZXIgTmFtZT0iY29ubmVjdGlvblRva2VuIiBWYWx1ZT0iQVFBQUFOQ01uZDhCRmRFUmpIb0F3RSUyRkNsJTJCc0JBQUFBejhzRTFQVm9hVW10bDdkVEZ1WVg3QUFBQUFBQ0FBQUFBQUFRWmdBQUFBRUFBQ0FBQUFCOWdEaVJDVCUyRiUyRm0xcDNCUEN4T0hIMTZrUGIzMXg4UUdFbVlqaUdyY0ElMkJZQUFBQUFBT2dBQUFBQUlBQUNBQUFBRGJVWGczTHhqMzBDTWhMVmdiVk9aelBCZDlpTEEyemRoSWh4RUNZQmhNNERBQUFBQzZyZkNNSUdPSFhsbEtQWWZ2OU1RU2xpM2xQWlN2a3lWRENZd2hHUWdEY2ZkazkxZURzam4xUGg1SHl5MGRmT3BBQUFBQTlUeGxaZTBSc2NDek9oMlcwMzQ4cllwVldFOHpRQUxQRG9pSVFsTDV6USUyRmE5bk4zck1VVWN5RG5qYktGQW9KNzNpM1l6ODU4d0R1dm5iUXlPNnk5TGclM0QlM0QiIFJlY29yZGVkVmFsdWU9IkFRQUFBTkNNbmQ4QkZkRVJqSG9Bd0UlMkZDbCUyQnNCQUFBQXo4c0UxUFZvYVVtdGw3ZFRGdVlYN0FBQUFBQUNBQUFBQUFBUVpnQUFBQUVBQUNBQUFBQjlnRGlSQ1QlMkYlMkZtMXAzQlBDeE9ISDE2a1BiMzF4OFFHRW1ZamlHcmNBJTJCWUFBQUFBQU9nQUFBQUFJQUFDQUFBQURiVVhnM0x4ajMwQ01oTFZnYlZPWnpQQmQ5aUxBMnpkaEloeEVDWUJoTTREQUFBQUM2cmZDTUlHT0hYbGxLUFlmdjlNUVNsaTNsUFpTdmt5VkRDWXdoR1FnRGNmZGs5MWVEc2puMVBoNUh5eTBkZk9wQUFBQUE5VHhsWmUwUnNjQ3pPaDJXMDM0OHJZcFZXRTh6UUFMUERvaUlRbEw1elElMkZhOW5OM3JNVVVjeURuamJLRkFvSjczaTNZejg1OHdEdXZuYlF5TzZ5OUxnJTNEJTNEIiBDb3JyZWxhdGlvbkJpbmRpbmc9IiIgVXJsRW5jb2RlPSJGYWxzZSIgVXNlVG9Hcm91cFJlc3VsdHM9IkZhbHNlIiAvPg0KICAgICAgICA8UXVlcnlTdHJpbmdQYXJhbWV0ZXIgTmFtZT0icmVxdWVzdFVybCIgVmFsdWU9Imh0dHAlM0ElMkYlMkZsb2NhbGhvc3QlM0E0NjIzJTJGQXBpTGlzdCUyRk9hdXRoQXV0aG9yaXplIiBSZWNvcmRlZFZhbHVlPSJodHRwJTNBJTJGJTJGbG9jYWxob3N0JTNBNDYyMyUyRkFwaUxpc3QlMkZPYXV0aEF1dGhvcml6ZSIgQ29ycmVsYXRpb25CaW5kaW5nPSIiIFVybEVuY29kZT0iRmFsc2UiIFVzZVRvR3JvdXBSZXN1bHRzPSJGYWxzZSIgLz4NCiAgICAgICAgPFF1ZXJ5U3RyaW5nUGFyYW1ldGVyIE5hbWU9ImJyb3dzZXJOYW1lIiBWYWx1ZT0iSW50ZXJuZXQrRXhwbG9yZXIiIFJlY29yZGVkVmFsdWU9IkludGVybmV0K0V4cGxvcmVyIiBDb3JyZWxhdGlvbkJpbmRpbmc9IiIgVXJsRW5jb2RlPSJGYWxzZSIgVXNlVG9Hcm91cFJlc3VsdHM9IkZhbHNlIiAvPg0KICAgICAgPC9RdWVyeVN0cmluZ1BhcmFtZXRlcnM+DQogICAgICA8Rm9ybVBvc3RIdHRwQm9keSAvPg0KICAgIDwvUmVxdWVzdD4NCiAgICA8UmVxdWVzdCBNZXRob2Q9IlBPU1QiIEd1aWQ9ImQ3ZWM2ZTgxLTY1M2MtNDIzMS05ZDgwLTUwZWI3M2U5ODc4MCIgVmVyc2lvbj0iMS4xIiBVcmw9Imh0dHA6Ly9sb2NhbGhvc3Q6MTc1NDkvYTQ2ODAwMDgzZTI5NDM5YTg1ZDIxNmRiYzkyMDNiOTQvYXJ0ZXJ5U2lnbmFsUi9uZWdvdGlhdGUiIFRoaW5rVGltZT0iMCIgVGltZW91dD0iMzAwIiBQYXJzZURlcGVuZGVudFJlcXVlc3RzPSJUcnVlIiBGb2xsb3dSZWRpcmVjdHM9IlRydWUiIFJlY29yZFJlc3VsdD0iVHJ1ZSIgQ2FjaGU9IkZhbHNlIiBSZXNwb25zZVRpbWVHb2FsPSIwIiBFbmNvZGluZz0idXRmLTgiIEV4cGVjdGVkSHR0cFN0YXR1c0NvZGU9IjAiIEV4cGVjdGVkUmVzcG9uc2VVcmw9IiIgUmVwb3J0aW5nTmFtZT0iIiBJZ25vcmVIdHRwU3RhdHVzQ29kZT0iRmFsc2UiPg0KICAgICAgPEhlYWRlcnM+DQogICAgICAgIDxIZWFkZXIgTmFtZT0iQ29udGVudC1UeXBlIiBWYWx1ZT0iYXBwbGljYXRpb24veC13d3ctZm9ybS11cmxlbmNvZGVkOyBjaGFyc2V0PVVURi04IiAvPg0KICAgICAgICA8SGVhZGVyIE5hbWU9IkFjY2VwdCIgVmFsdWU9InRleHQvcGxhaW4sICovKjsgcT0wLjAxIiAvPg0KICAgICAgICA8SGVhZGVyIE5hbWU9IlJlZmVyZXIiIFZhbHVlPSJodHRwOi8vbG9jYWxob3N0OjQ2MjMvQXBpTGlzdCIgLz4NCiAgICAgIDwvSGVhZGVycz4NCiAgICAgIDxRdWVyeVN0cmluZ1BhcmFtZXRlcnM+DQogICAgICAgIDxRdWVyeVN0cmluZ1BhcmFtZXRlciBOYW1lPSJyZXF1ZXN0VXJsIiBWYWx1ZT0iaHR0cCUzQSUyRiUyRmxvY2FsaG9zdCUzQTQ2MjMlMkZBcGlMaXN0IiBSZWNvcmRlZFZhbHVlPSJodHRwJTNBJTJGJTJGbG9jYWxob3N0JTNBNDYyMyUyRkFwaUxpc3QiIENvcnJlbGF0aW9uQmluZGluZz0iIiBVcmxFbmNvZGU9IkZhbHNlIiBVc2VUb0dyb3VwUmVzdWx0cz0iRmFsc2UiIC8+DQogICAgICAgIDxRdWVyeVN0cmluZ1BhcmFtZXRlciBOYW1lPSJicm93c2VyTmFtZSIgVmFsdWU9IkludGVybmV0K0V4cGxvcmVyIiBSZWNvcmRlZFZhbHVlPSJJbnRlcm5ldCtFeHBsb3JlciIgQ29ycmVsYXRpb25CaW5kaW5nPSIiIFVybEVuY29kZT0iRmFsc2UiIFVzZVRvR3JvdXBSZXN1bHRzPSJGYWxzZSIgLz4NCiAgICAgICAgPFF1ZXJ5U3RyaW5nUGFyYW1ldGVyIE5hbWU9ImNsaWVudFByb3RvY29sIiBWYWx1ZT0iMS4zIiBSZWNvcmRlZFZhbHVlPSIxLjMiIENvcnJlbGF0aW9uQmluZGluZz0iIiBVcmxFbmNvZGU9IkZhbHNlIiBVc2VUb0dyb3VwUmVzdWx0cz0iRmFsc2UiIC8+DQogICAgICAgIDxRdWVyeVN0cmluZ1BhcmFtZXRlciBOYW1lPSJfIiBWYWx1ZT0iMTM5NzYzMDk2MDUxMSIgUmVjb3JkZWRWYWx1ZT0iMTM5NzYzMDk2MDUxMSIgQ29ycmVsYXRpb25CaW5kaW5nPSIiIFVybEVuY29kZT0iRmFsc2UiIFVzZVRvR3JvdXBSZXN1bHRzPSJGYWxzZSIgLz4NCiAgICAgIDwvUXVlcnlTdHJpbmdQYXJhbWV0ZXJzPg0KICAgICAgPEZvcm1Qb3N0SHR0cEJvZHkgLz4NCiAgICA8L1JlcXVlc3Q+DQogICAgPFJlcXVlc3QgTWV0aG9kPSJQT1NUIiBHdWlkPSIxZTE2ZTI4OS1hNzcxLTRkNDAtOTM1ZS0yZmQ1NDk5NmJkNGQiIFZlcnNpb249IjEuMSIgVXJsPSJodHRwOi8vbG9jYWxob3N0OjE3NTQ5L2E0NjgwMDA4M2UyOTQzOWE4NWQyMTZkYmM5MjAzYjk0L2FydGVyeVNpZ25hbFIvY29ubmVjdCIgVGhpbmtUaW1lPSIwIiBUaW1lb3V0PSIzMDAiIFBhcnNlRGVwZW5kZW50UmVxdWVzdHM9IlRydWUiIEZvbGxvd1JlZGlyZWN0cz0iVHJ1ZSIgUmVjb3JkUmVzdWx0PSJUcnVlIiBDYWNoZT0iRmFsc2UiIFJlc3BvbnNlVGltZUdvYWw9IjAiIEVuY29kaW5nPSJ1dGYtOCIgRXhwZWN0ZWRIdHRwU3RhdHVzQ29kZT0iMCIgRXhwZWN0ZWRSZXNwb25zZVVybD0iIiBSZXBvcnRpbmdOYW1lPSIiIElnbm9yZUh0dHBTdGF0dXNDb2RlPSJGYWxzZSI+DQogICAgICA8SGVhZGVycz4NCiAgICAgICAgPEhlYWRlciBOYW1lPSJDb250ZW50LVR5cGUiIFZhbHVlPSJhcHBsaWNhdGlvbi94LXd3dy1mb3JtLXVybGVuY29kZWQ7IGNoYXJzZXQ9VVRGLTgiIC8+DQogICAgICAgIDxIZWFkZXIgTmFtZT0iQWNjZXB0IiBWYWx1ZT0idGV4dC9wbGFpbiwgKi8qOyBxPTAuMDEiIC8+DQogICAgICAgIDxIZWFkZXIgTmFtZT0iUmVmZXJlciIgVmFsdWU9Imh0dHA6Ly9sb2NhbGhvc3Q6NDYyMy9BcGlMaXN0IiAvPg0KICAgICAgPC9IZWFkZXJzPg0KICAgICAgPFF1ZXJ5U3RyaW5nUGFyYW1ldGVycz4NCiAgICAgICAgPFF1ZXJ5U3RyaW5nUGFyYW1ldGVyIE5hbWU9InRyYW5zcG9ydCIgVmFsdWU9ImxvbmdQb2xsaW5nIiBSZWNvcmRlZFZhbHVlPSJsb25nUG9sbGluZyIgQ29ycmVsYXRpb25CaW5kaW5nPSIiIFVybEVuY29kZT0iRmFsc2UiIFVzZVRvR3JvdXBSZXN1bHRzPSJGYWxzZSIgLz4NCiAgICAgICAgPFF1ZXJ5U3RyaW5nUGFyYW1ldGVyIE5hbWU9ImNvbm5lY3Rpb25Ub2tlbiIgVmFsdWU9IkFRQUFBTkNNbmQ4QkZkRVJqSG9Bd0UlMkZDbCUyQnNCQUFBQXo4c0UxUFZvYVVtdGw3ZFRGdVlYN0FBQUFBQUNBQUFBQUFBUVpnQUFBQUVBQUNBQUFBQiUyRmN4THpxTXdOVWg1VmpPJTJCUmFKMVpYSFNrZWl6OW52emU0WmJNeGo2cU9RQUFBQUFPZ0FBQUFBSUFBQ0FBQUFCaklFMnNud1N4TXpWMVdGZ0pFbFhaUEd6ODNBd2V3NUZxVEZKWVRxWVZzREFBQUFDZHBRUmoxdlolMkY0MFA2c2hhSktxR2NYYVpKZDUlMkJkUDJxUEpQbEdVTCUyRnl2MnRjYkNLJTJCNkYzRElGeVB1R1olMkJySVJBQUFBQXBJdHA5THpNTSUyQkJUY3JoajRLOFFTUXFOZ0QlMkY4VUNqaTlKbVZTZ0h0VEVpY0ZGbzN6cmpibzBablJ5biUyQjhQQzdzVSUyRmZNaWRkSDRtdTVYS3hnZDhhWkElM0QlM0QiIFJlY29yZGVkVmFsdWU9IkFRQUFBTkNNbmQ4QkZkRVJqSG9Bd0UlMkZDbCUyQnNCQUFBQXo4c0UxUFZvYVVtdGw3ZFRGdVlYN0FBQUFBQUNBQUFBQUFBUVpnQUFBQUVBQUNBQUFBQiUyRmN4THpxTXdOVWg1VmpPJTJCUmFKMVpYSFNrZWl6OW52emU0WmJNeGo2cU9RQUFBQUFPZ0FBQUFBSUFBQ0FBQUFCaklFMnNud1N4TXpWMVdGZ0pFbFhaUEd6ODNBd2V3NUZxVEZKWVRxWVZzREFBQUFDZHBRUmoxdlolMkY0MFA2c2hhSktxR2NYYVpKZDUlMkJkUDJxUEpQbEdVTCUyRnl2MnRjYkNLJTJCNkYzRElGeVB1R1olMkJySVJBQUFBQXBJdHA5THpNTSUyQkJUY3JoajRLOFFTUXFOZ0QlMkY4VUNqaTlKbVZTZ0h0VEVpY0ZGbzN6cmpibzBablJ5biUyQjhQQzdzVSUyRmZNaWRkSDRtdTVYS3hnZDhhWkElM0QlM0QiIENvcnJlbGF0aW9uQmluZGluZz0iIiBVcmxFbmNvZGU9IkZhbHNlIiBVc2VUb0dyb3VwUmVzdWx0cz0iRmFsc2UiIC8+DQogICAgICAgIDxRdWVyeVN0cmluZ1BhcmFtZXRlciBOYW1lPSJyZXF1ZXN0VXJsIiBWYWx1ZT0iaHR0cCUzQSUyRiUyRmxvY2FsaG9zdCUzQTQ2MjMlMkZBcGlMaXN0IiBSZWNvcmRlZFZhbHVlPSJodHRwJTNBJTJGJTJGbG9jYWxob3N0JTNBNDYyMyUyRkFwaUxpc3QiIENvcnJlbGF0aW9uQmluZGluZz0iIiBVcmxFbmNvZGU9IkZhbHNlIiBVc2VUb0dyb3VwUmVzdWx0cz0iRmFsc2UiIC8+DQogICAgICAgIDxRdWVyeVN0cmluZ1BhcmFtZXRlciBOYW1lPSJicm93c2VyTmFtZSIgVmFsdWU9IkludGVybmV0K0V4cGxvcmVyIiBSZWNvcmRlZFZhbHVlPSJJbnRlcm5ldCtFeHBsb3JlciIgQ29ycmVsYXRpb25CaW5kaW5nPSIiIFVybEVuY29kZT0iRmFsc2UiIFVzZVRvR3JvdXBSZXN1bHRzPSJGYWxzZSIgLz4NCiAgICAgICAgPFF1ZXJ5U3RyaW5nUGFyYW1ldGVyIE5hbWU9InRpZCIgVmFsdWU9IjEiIFJlY29yZGVkVmFsdWU9IjEiIENvcnJlbGF0aW9uQmluZGluZz0iIiBVcmxFbmNvZGU9IkZhbHNlIiBVc2VUb0dyb3VwUmVzdWx0cz0iRmFsc2UiIC8+DQogICAgICAgIDxRdWVyeVN0cmluZ1BhcmFtZXRlciBOYW1lPSJfIiBWYWx1ZT0iMTM5NzYzMDk2MDk3NCIgUmVjb3JkZWRWYWx1ZT0iMTM5NzYzMDk2MDk3NCIgQ29ycmVsYXRpb25CaW5kaW5nPSIiIFVybEVuY29kZT0iRmFsc2UiIFVzZVRvR3JvdXBSZXN1bHRzPSJGYWxzZSIgLz4NCiAgICAgIDwvUXVlcnlTdHJpbmdQYXJhbWV0ZXJzPg0KICAgICAgPEZvcm1Qb3N0SHR0cEJvZHkgLz4NCiAgICA8L1JlcXVlc3Q+DQogICAgPFJlcXVlc3QgTWV0aG9kPSJQT1NUIiBHdWlkPSIyODA2YjQyNC04NjViLTQwNGEtYTM2My00NjVjZjViZWNjNTgiIFZlcnNpb249IjEuMSIgVXJsPSJodHRwOi8vbG9jYWxob3N0OjE3NTQ5L2E0NjgwMDA4M2UyOTQzOWE4NWQyMTZkYmM5MjAzYjk0L2FydGVyeVNpZ25hbFIvc2VuZCIgVGhpbmtUaW1lPSIwIiBUaW1lb3V0PSIzMDAiIFBhcnNlRGVwZW5kZW50UmVxdWVzdHM9IlRydWUiIEZvbGxvd1JlZGlyZWN0cz0iVHJ1ZSIgUmVjb3JkUmVzdWx0PSJUcnVlIiBDYWNoZT0iRmFsc2UiIFJlc3BvbnNlVGltZUdvYWw9IjAiIEVuY29kaW5nPSJ1dGYtOCIgRXhwZWN0ZWRIdHRwU3RhdHVzQ29kZT0iMCIgRXhwZWN0ZWRSZXNwb25zZVVybD0iIiBSZXBvcnRpbmdOYW1lPSIiIElnbm9yZUh0dHBTdGF0dXNDb2RlPSJGYWxzZSI+DQogICAgICA8SGVhZGVycz4NCiAgICAgICAgPEhlYWRlciBOYW1lPSJBY2NlcHQiIFZhbHVlPSJ0ZXh0L3BsYWluLCAqLyo7IHE9MC4wMSIgLz4NCiAgICAgICAgPEhlYWRlciBOYW1lPSJSZWZlcmVyIiBWYWx1ZT0iaHR0cDovL2xvY2FsaG9zdDo0NjIzL0FwaUxpc3QiIC8+DQogICAgICA8L0hlYWRlcnM+DQogICAgICA8UXVlcnlTdHJpbmdQYXJhbWV0ZXJzPg0KICAgICAgICA8UXVlcnlTdHJpbmdQYXJhbWV0ZXIgTmFtZT0idHJhbnNwb3J0IiBWYWx1ZT0ibG9uZ1BvbGxpbmciIFJlY29yZGVkVmFsdWU9ImxvbmdQb2xsaW5nIiBDb3JyZWxhdGlvbkJpbmRpbmc9IiIgVXJsRW5jb2RlPSJGYWxzZSIgVXNlVG9Hcm91cFJlc3VsdHM9IkZhbHNlIiAvPg0KICAgICAgICA8UXVlcnlTdHJpbmdQYXJhbWV0ZXIgTmFtZT0iY29ubmVjdGlvblRva2VuIiBWYWx1ZT0iQVFBQUFOQ01uZDhCRmRFUmpIb0F3RSUyRkNsJTJCc0JBQUFBejhzRTFQVm9hVW10bDdkVEZ1WVg3QUFBQUFBQ0FBQUFBQUFRWmdBQUFBRUFBQ0FBQUFCJTJGY3hMenFNd05VaDVWak8lMkJSYUoxWlhIU2tlaXo5bnZ6ZTRaYk14ajZxT1FBQUFBQU9nQUFBQUFJQUFDQUFBQUJqSUUyc253U3hNelYxV0ZnSkVsWFpQR3o4M0F3ZXc1RnFURkpZVHFZVnNEQUFBQUNkcFFSajF2WiUyRjQwUDZzaGFKS3FHY1hhWkpkNSUyQmRQMnFQSlBsR1VMJTJGeXYydGNiQ0slMkI2RjNESUZ5UHVHWiUyQnJJUkFBQUFBcEl0cDlMek1NJTJCQlRjcmhqNEs4UVNRcU5nRCUyRjhVQ2ppOUptVlNnSHRURWljRkZvM3pyamJvMFpuUnluJTJCOFBDN3NVJTJGZk1pZGRING11NVhLeGdkOGFaQSUzRCUzRCIgUmVjb3JkZWRWYWx1ZT0iQVFBQUFOQ01uZDhCRmRFUmpIb0F3RSUyRkNsJTJCc0JBQUFBejhzRTFQVm9hVW10bDdkVEZ1WVg3QUFBQUFBQ0FBQUFBQUFRWmdBQUFBRUFBQ0FBQUFCJTJGY3hMenFNd05VaDVWak8lMkJSYUoxWlhIU2tlaXo5bnZ6ZTRaYk14ajZxT1FBQUFBQU9nQUFBQUFJQUFDQUFBQUJqSUUyc253U3hNelYxV0ZnSkVsWFpQR3o4M0F3ZXc1RnFURkpZVHFZVnNEQUFBQUNkcFFSajF2WiUyRjQwUDZzaGFKS3FHY1hhWkpkNSUyQmRQMnFQSlBsR1VMJTJGeXYydGNiQ0slMkI2RjNESUZ5UHVHWiUyQnJJUkFBQUFBcEl0cDlMek1NJTJCQlRjcmhqNEs4UVNRcU5nRCUyRjhVQ2ppOUptVlNnSHRURWljRkZvM3pyamJvMFpuUnluJTJCOFBDN3NVJTJGZk1pZGRING11NVhLeGdkOGFaQSUzRCUzRCIgQ29ycmVsYXRpb25CaW5kaW5nPSIiIFVybEVuY29kZT0iRmFsc2UiIFVzZVRvR3JvdXBSZXN1bHRzPSJGYWxzZSIgLz4NCiAgICAgICAgPFF1ZXJ5U3RyaW5nUGFyYW1ldGVyIE5hbWU9InJlcXVlc3RVcmwiIFZhbHVlPSJodHRwJTNBJTJGJTJGbG9jYWxob3N0JTNBNDYyMyUyRkFwaUxpc3QiIFJlY29yZGVkVmFsdWU9Imh0dHAlM0ElMkYlMkZsb2NhbGhvc3QlM0E0NjIzJTJGQXBpTGlzdCIgQ29ycmVsYXRpb25CaW5kaW5nPSIiIFVybEVuY29kZT0iRmFsc2UiIFVzZVRvR3JvdXBSZXN1bHRzPSJGYWxzZSIgLz4NCiAgICAgICAgPFF1ZXJ5U3RyaW5nUGFyYW1ldGVyIE5hbWU9ImJyb3dzZXJOYW1lIiBWYWx1ZT0iSW50ZXJuZXQrRXhwbG9yZXIiIFJlY29yZGVkVmFsdWU9IkludGVybmV0K0V4cGxvcmVyIiBDb3JyZWxhdGlvbkJpbmRpbmc9IiIgVXJsRW5jb2RlPSJGYWxzZSIgVXNlVG9Hcm91cFJlc3VsdHM9IkZhbHNlIiAvPg0KICAgICAgPC9RdWVyeVN0cmluZ1BhcmFtZXRlcnM+DQogICAgICA8Rm9ybVBvc3RIdHRwQm9keT4NCiAgICAgICAgPEZvcm1Qb3N0UGFyYW1ldGVyIE5hbWU9ImRhdGEiIFZhbHVlPSJ7JnF1b3Q7bmFtZSZxdW90OzomcXVvdDtNaWNyb3NvZnQuVmlzdWFsU3R1ZGlvLldlYi5Ccm93c2VyTGluay5Db3JlRXh0ZW5zaW9uRmFjdG9yeS5jb25uZWN0ZWQmcXVvdDssJnF1b3Q7Y2FsbGJhY2tJZCZxdW90OzoxfSIgUmVjb3JkZWRWYWx1ZT0ieyZxdW90O25hbWUmcXVvdDs6JnF1b3Q7TWljcm9zb2Z0LlZpc3VhbFN0dWRpby5XZWIuQnJvd3NlckxpbmsuQ29yZUV4dGVuc2lvbkZhY3RvcnkuY29ubmVjdGVkJnF1b3Q7LCZxdW90O2NhbGxiYWNrSWQmcXVvdDs6MX0iIENvcnJlbGF0aW9uQmluZGluZz0iIiBVcmxFbmNvZGU9IlRydWUiIC8+DQogICAgICA8L0Zvcm1Qb3N0SHR0cEJvZHk+DQogICAgPC9SZXF1ZXN0Pg0KICAgIDxSZXF1ZXN0IE1ldGhvZD0iUE9TVCIgR3VpZD0iMTA5YTBhNjgtNTNmMy00ZTcwLThiZjItZjUxMzI3NzJmZTkxIiBWZXJzaW9uPSIxLjEiIFVybD0iaHR0cDovL2xvY2FsaG9zdDoxNzU0OS9hNDY4MDAwODNlMjk0MzlhODVkMjE2ZGJjOTIwM2I5NC9hcnRlcnlTaWduYWxSL3BvbGwiIFRoaW5rVGltZT0iMCIgVGltZW91dD0iMzAwIiBQYXJzZURlcGVuZGVudFJlcXVlc3RzPSJUcnVlIiBGb2xsb3dSZWRpcmVjdHM9IlRydWUiIFJlY29yZFJlc3VsdD0iVHJ1ZSIgQ2FjaGU9IkZhbHNlIiBSZXNwb25zZVRpbWVHb2FsPSIwIiBFbmNvZGluZz0idXRmLTgiIEV4cGVjdGVkSHR0cFN0YXR1c0NvZGU9IjAiIEV4cGVjdGVkUmVzcG9uc2VVcmw9IiIgUmVwb3J0aW5nTmFtZT0iIiBJZ25vcmVIdHRwU3RhdHVzQ29kZT0iRmFsc2UiPg0KICAgICAgPEhlYWRlcnM+DQogICAgICAgIDxIZWFkZXIgTmFtZT0iQ29udGVudC1UeXBlIiBWYWx1ZT0iYXBwbGljYXRpb24veC13d3ctZm9ybS11cmxlbmNvZGVkOyBjaGFyc2V0PVVURi04IiAvPg0KICAgICAgICA8SGVhZGVyIE5hbWU9IkFjY2VwdCIgVmFsdWU9InRleHQvcGxhaW4sICovKjsgcT0wLjAxIiAvPg0KICAgICAgICA8SGVhZGVyIE5hbWU9IlJlZmVyZXIiIFZhbHVlPSJodHRwOi8vbG9jYWxob3N0OjQ2MjMvQXBpTGlzdCIgLz4NCiAgICAgIDwvSGVhZGVycz4NCiAgICAgIDxRdWVyeVN0cmluZ1BhcmFtZXRlcnM+DQogICAgICAgIDxRdWVyeVN0cmluZ1BhcmFtZXRlciBOYW1lPSJ0cmFuc3BvcnQiIFZhbHVlPSJsb25nUG9sbGluZyIgUmVjb3JkZWRWYWx1ZT0ibG9uZ1BvbGxpbmciIENvcnJlbGF0aW9uQmluZGluZz0iIiBVcmxFbmNvZGU9IkZhbHNlIiBVc2VUb0dyb3VwUmVzdWx0cz0iRmFsc2UiIC8+DQogICAgICAgIDxRdWVyeVN0cmluZ1BhcmFtZXRlciBOYW1lPSJjb25uZWN0aW9uVG9rZW4iIFZhbHVlPSJBUUFBQU5DTW5kOEJGZEVSakhvQXdFJTJGQ2wlMkJzQkFBQUF6OHNFMVBWb2FVbXRsN2RURnVZWDdBQUFBQUFDQUFBQUFBQVFaZ0FBQUFFQUFDQUFBQUIlMkZjeEx6cU13TlVoNVZqTyUyQlJhSjFaWEhTa2VpejludnplNFpiTXhqNnFPUUFBQUFBT2dBQUFBQUlBQUNBQUFBQmpJRTJzbndTeE16VjFXRmdKRWxYWlBHejgzQXdldzVGcVRGSllUcVlWc0RBQUFBQ2RwUVJqMXZaJTJGNDBQNnNoYUpLcUdjWGFaSmQ1JTJCZFAycVBKUGxHVUwlMkZ5djJ0Y2JDSyUyQjZGM0RJRnlQdUdaJTJCcklSQUFBQUFwSXRwOUx6TU0lMkJCVGNyaGo0SzhRU1FxTmdEJTJGOFVDamk5Sm1WU2dIdFRFaWNGRm8zenJqYm8wWm5SeW4lMkI4UEM3c1UlMkZmTWlkZEg0bXU1WEt4Z2Q4YVpBJTNEJTNEIiBSZWNvcmRlZFZhbHVlPSJBUUFBQU5DTW5kOEJGZEVSakhvQXdFJTJGQ2wlMkJzQkFBQUF6OHNFMVBWb2FVbXRsN2RURnVZWDdBQUFBQUFDQUFBQUFBQVFaZ0FBQUFFQUFDQUFBQUIlMkZjeEx6cU13TlVoNVZqTyUyQlJhSjFaWEhTa2VpejludnplNFpiTXhqNnFPUUFBQUFBT2dBQUFBQUlBQUNBQUFBQmpJRTJzbndTeE16VjFXRmdKRWxYWlBHejgzQXdldzVGcVRGSllUcVlWc0RBQUFBQ2RwUVJqMXZaJTJGNDBQNnNoYUpLcUdjWGFaSmQ1JTJCZFAycVBKUGxHVUwlMkZ5djJ0Y2JDSyUyQjZGM0RJRnlQdUdaJTJCcklSQUFBQUFwSXRwOUx6TU0lMkJCVGNyaGo0SzhRU1FxTmdEJTJGOFVDamk5Sm1WU2dIdFRFaWNGRm8zenJqYm8wWm5SeW4lMkI4UEM3c1UlMkZmTWlkZEg0bXU1WEt4Z2Q4YVpBJTNEJTNEIiBDb3JyZWxhdGlvbkJpbmRpbmc9IiIgVXJsRW5jb2RlPSJGYWxzZSIgVXNlVG9Hcm91cFJlc3VsdHM9IkZhbHNlIiAvPg0KICAgICAgICA8UXVlcnlTdHJpbmdQYXJhbWV0ZXIgTmFtZT0ibWVzc2FnZUlkIiBWYWx1ZT0iZC1BRkJCRkIxRS1CJTJDMCU3Q08lMkMxJTdDUCUyQzAiIFJlY29yZGVkVmFsdWU9ImQtQUZCQkZCMUUtQiUyQzAlN0NPJTJDMSU3Q1AlMkMwIiBDb3JyZWxhdGlvbkJpbmRpbmc9IiIgVXJsRW5jb2RlPSJGYWxzZSIgVXNlVG9Hcm91cFJlc3VsdHM9IkZhbHNlIiAvPg0KICAgICAgICA8UXVlcnlTdHJpbmdQYXJhbWV0ZXIgTmFtZT0icmVxdWVzdFVybCIgVmFsdWU9Imh0dHAlM0ElMkYlMkZsb2NhbGhvc3QlM0E0NjIzJTJGQXBpTGlzdCIgUmVjb3JkZWRWYWx1ZT0iaHR0cCUzQSUyRiUyRmxvY2FsaG9zdCUzQTQ2MjMlMkZBcGlMaXN0IiBDb3JyZWxhdGlvbkJpbmRpbmc9IiIgVXJsRW5jb2RlPSJGYWxzZSIgVXNlVG9Hcm91cFJlc3VsdHM9IkZhbHNlIiAvPg0KICAgICAgICA8UXVlcnlTdHJpbmdQYXJhbWV0ZXIgTmFtZT0iYnJvd3Nlck5hbWUiIFZhbHVlPSJJbnRlcm5ldCtFeHBsb3JlciIgUmVjb3JkZWRWYWx1ZT0iSW50ZXJuZXQrRXhwbG9yZXIiIENvcnJlbGF0aW9uQmluZGluZz0iIiBVcmxFbmNvZGU9IkZhbHNlIiBVc2VUb0dyb3VwUmVzdWx0cz0iRmFsc2UiIC8+DQogICAgICAgIDxRdWVyeVN0cmluZ1BhcmFtZXRlciBOYW1lPSJ0aWQiIFZhbHVlPSIwIiBSZWNvcmRlZFZhbHVlPSIwIiBDb3JyZWxhdGlvbkJpbmRpbmc9IiIgVXJsRW5jb2RlPSJGYWxzZSIgVXNlVG9Hcm91cFJlc3VsdHM9IkZhbHNlIiAvPg0KICAgICAgICA8UXVlcnlTdHJpbmdQYXJhbWV0ZXIgTmFtZT0iXyIgVmFsdWU9IjEzOTc2MzA5NjA5OTAiIFJlY29yZGVkVmFsdWU9IjEzOTc2MzA5NjA5OTAiIENvcnJlbGF0aW9uQmluZGluZz0iIiBVcmxFbmNvZGU9IkZhbHNlIiBVc2VUb0dyb3VwUmVzdWx0cz0iRmFsc2UiIC8+DQogICAgICA8L1F1ZXJ5U3RyaW5nUGFyYW1ldGVycz4NCiAgICAgIDxGb3JtUG9zdEh0dHBCb2R5IC8+DQogICAgPC9SZXF1ZXN0Pg0KICAgIDxSZXF1ZXN0IE1ldGhvZD0iUE9TVCIgR3VpZD0iZTczNmJjMTAtYjU0Yy00MThmLThlMWQtZDIyYWYyZGZjOTU2IiBWZXJzaW9uPSIxLjEiIFVybD0iaHR0cDovL2xvY2FsaG9zdDoxNzU0OS9hNDY4MDAwODNlMjk0MzlhODVkMjE2ZGJjOTIwM2I5NC9hcnRlcnlTaWduYWxSL3NlbmQiIFRoaW5rVGltZT0iMCIgVGltZW91dD0iMzAwIiBQYXJzZURlcGVuZGVudFJlcXVlc3RzPSJUcnVlIiBGb2xsb3dSZWRpcmVjdHM9IlRydWUiIFJlY29yZFJlc3VsdD0iVHJ1ZSIgQ2FjaGU9IkZhbHNlIiBSZXNwb25zZVRpbWVHb2FsPSIwIiBFbmNvZGluZz0idXRmLTgiIEV4cGVjdGVkSHR0cFN0YXR1c0NvZGU9IjAiIEV4cGVjdGVkUmVzcG9uc2VVcmw9IiIgUmVwb3J0aW5nTmFtZT0iIiBJZ25vcmVIdHRwU3RhdHVzQ29kZT0iRmFsc2UiPg0KICAgICAgPEhlYWRlcnM+DQogICAgICAgIDxIZWFkZXIgTmFtZT0iQWNjZXB0IiBWYWx1ZT0idGV4dC9wbGFpbiwgKi8qOyBxPTAuMDEiIC8+DQogICAgICAgIDxIZWFkZXIgTmFtZT0iUmVmZXJlciIgVmFsdWU9Imh0dHA6Ly9sb2NhbGhvc3Q6NDYyMy9BcGlMaXN0IiAvPg0KICAgICAgPC9IZWFkZXJzPg0KICAgICAgPFF1ZXJ5U3RyaW5nUGFyYW1ldGVycz4NCiAgICAgICAgPFF1ZXJ5U3RyaW5nUGFyYW1ldGVyIE5hbWU9InRyYW5zcG9ydCIgVmFsdWU9ImxvbmdQb2xsaW5nIiBSZWNvcmRlZFZhbHVlPSJsb25nUG9sbGluZyIgQ29ycmVsYXRpb25CaW5kaW5nPSIiIFVybEVuY29kZT0iRmFsc2UiIFVzZVRvR3JvdXBSZXN1bHRzPSJGYWxzZSIgLz4NCiAgICAgICAgPFF1ZXJ5U3RyaW5nUGFyYW1ldGVyIE5hbWU9ImNvbm5lY3Rpb25Ub2tlbiIgVmFsdWU9IkFRQUFBTkNNbmQ4QkZkRVJqSG9Bd0UlMkZDbCUyQnNCQUFBQXo4c0UxUFZvYVVtdGw3ZFRGdVlYN0FBQUFBQUNBQUFBQUFBUVpnQUFBQUVBQUNBQUFBQiUyRmN4THpxTXdOVWg1VmpPJTJCUmFKMVpYSFNrZWl6OW52emU0WmJNeGo2cU9RQUFBQUFPZ0FBQUFBSUFBQ0FBQUFCaklFMnNud1N4TXpWMVdGZ0pFbFhaUEd6ODNBd2V3NUZxVEZKWVRxWVZzREFBQUFDZHBRUmoxdlolMkY0MFA2c2hhSktxR2NYYVpKZDUlMkJkUDJxUEpQbEdVTCUyRnl2MnRjYkNLJTJCNkYzRElGeVB1R1olMkJySVJBQUFBQXBJdHA5THpNTSUyQkJUY3JoajRLOFFTUXFOZ0QlMkY4VUNqaTlKbVZTZ0h0VEVpY0ZGbzN6cmpibzBablJ5biUyQjhQQzdzVSUyRmZNaWRkSDRtdTVYS3hnZDhhWkElM0QlM0QiIFJlY29yZGVkVmFsdWU9IkFRQUFBTkNNbmQ4QkZkRVJqSG9Bd0UlMkZDbCUyQnNCQUFBQXo4c0UxUFZvYVVtdGw3ZFRGdVlYN0FBQUFBQUNBQUFBQUFBUVpnQUFBQUVBQUNBQUFBQiUyRmN4THpxTXdOVWg1VmpPJTJCUmFKMVpYSFNrZWl6OW52emU0WmJNeGo2cU9RQUFBQUFPZ0FBQUFBSUFBQ0FBQUFCaklFMnNud1N4TXpWMVdGZ0pFbFhaUEd6ODNBd2V3NUZxVEZKWVRxWVZzREFBQUFDZHBRUmoxdlolMkY0MFA2c2hhSktxR2NYYVpKZDUlMkJkUDJxUEpQbEdVTCUyRnl2MnRjYkNLJTJCNkYzRElGeVB1R1olMkJySVJBQUFBQXBJdHA5THpNTSUyQkJUY3JoajRLOFFTUXFOZ0QlMkY4VUNqaTlKbVZTZ0h0VEVpY0ZGbzN6cmpibzBablJ5biUyQjhQQzdzVSUyRmZNaWRkSDRtdTVYS3hnZDhhWkElM0QlM0QiIENvcnJlbGF0aW9uQmluZGluZz0iIiBVcmxFbmNvZGU9IkZhbHNlIiBVc2VUb0dyb3VwUmVzdWx0cz0iRmFsc2UiIC8+DQogICAgICAgIDxRdWVyeVN0cmluZ1BhcmFtZXRlciBOYW1lPSJyZXF1ZXN0VXJsIiBWYWx1ZT0iaHR0cCUzQSUyRiUyRmxvY2FsaG9zdCUzQTQ2MjMlMkZBcGlMaXN0IiBSZWNvcmRlZFZhbHVlPSJodHRwJTNBJTJGJTJGbG9jYWxob3N0JTNBNDYyMyUyRkFwaUxpc3QiIENvcnJlbGF0aW9uQmluZGluZz0iIiBVcmxFbmNvZGU9IkZhbHNlIiBVc2VUb0dyb3VwUmVzdWx0cz0iRmFsc2UiIC8+DQogICAgICAgIDxRdWVyeVN0cmluZ1BhcmFtZXRlciBOYW1lPSJicm93c2VyTmFtZSIgVmFsdWU9IkludGVybmV0K0V4cGxvcmVyIiBSZWNvcmRlZFZhbHVlPSJJbnRlcm5ldCtFeHBsb3JlciIgQ29ycmVsYXRpb25CaW5kaW5nPSIiIFVybEVuY29kZT0iRmFsc2UiIFVzZVRvR3JvdXBSZXN1bHRzPSJGYWxzZSIgLz4NCiAgICAgIDwvUXVlcnlTdHJpbmdQYXJhbWV0ZXJzPg0KICAgICAgPEZvcm1Qb3N0SHR0cEJvZHk+DQogICAgICAgIDxGb3JtUG9zdFBhcmFtZXRlciBOYW1lPSJkYXRhIiBWYWx1ZT0ieyZxdW90O25hbWUmcXVvdDs6JnF1b3Q7bWljcm9zb2Z0LnZpc3VhbHN0dWRpby53ZWIuYnJvd3NlcmxpbmsuaHRtbG1hcHBpbmdleHRlbnNpb25mYWN0b3J5LnJlc29sdmVVcmwmcXVvdDssJnF1b3Q7YXJncyZxdW90OzpbJnF1b3Q7fi9fX2Jyb3dzZXJMaW5rL3JlcXVlc3REYXRhLzUyZGVjMmYwOWVlYjQ4NzQ4OTY3NDI5ZWY4YWJjZTQ5JnF1b3Q7XSwmcXVvdDtjYWxsYmFja0lkJnF1b3Q7OjJ9IiBSZWNvcmRlZFZhbHVlPSJ7JnF1b3Q7bmFtZSZxdW90OzomcXVvdDttaWNyb3NvZnQudmlzdWFsc3R1ZGlvLndlYi5icm93c2VybGluay5odG1sbWFwcGluZ2V4dGVuc2lvbmZhY3RvcnkucmVzb2x2ZVVybCZxdW90OywmcXVvdDthcmdzJnF1b3Q7OlsmcXVvdDt+L19fYnJvd3NlckxpbmsvcmVxdWVzdERhdGEvNTJkZWMyZjA5ZWViNDg3NDg5Njc0MjllZjhhYmNlNDkmcXVvdDtdLCZxdW90O2NhbGxiYWNrSWQmcXVvdDs6Mn0iIENvcnJlbGF0aW9uQmluZGluZz0iIiBVcmxFbmNvZGU9IlRydWUiIC8+DQogICAgICA8L0Zvcm1Qb3N0SHR0cEJvZHk+DQogICAgPC9SZXF1ZXN0Pg0KICAgIDxSZXF1ZXN0IE1ldGhvZD0iUE9TVCIgR3VpZD0iNDg4ZTM1NjQtODU2Ny00OGRiLWI2MWQtYzQyMjhkNzliOTE0IiBWZXJzaW9uPSIxLjEiIFVybD0iaHR0cDovL2xvY2FsaG9zdDoxNzU0OS9hNDY4MDAwODNlMjk0MzlhODVkMjE2ZGJjOTIwM2I5NC9hcnRlcnlTaWduYWxSL3BvbGwiIFRoaW5rVGltZT0iMCIgVGltZW91dD0iMzAwIiBQYXJzZURlcGVuZGVudFJlcXVlc3RzPSJUcnVlIiBGb2xsb3dSZWRpcmVjdHM9IlRydWUiIFJlY29yZFJlc3VsdD0iVHJ1ZSIgQ2FjaGU9IkZhbHNlIiBSZXNwb25zZVRpbWVHb2FsPSIwIiBFbmNvZGluZz0idXRmLTgiIEV4cGVjdGVkSHR0cFN0YXR1c0NvZGU9IjAiIEV4cGVjdGVkUmVzcG9uc2VVcmw9IiIgUmVwb3J0aW5nTmFtZT0iIiBJZ25vcmVIdHRwU3RhdHVzQ29kZT0iRmFsc2UiPg0KICAgICAgPEhlYWRlcnM+DQogICAgICAgIDxIZWFkZXIgTmFtZT0iQ29udGVudC1UeXBlIiBWYWx1ZT0iYXBwbGljYXRpb24veC13d3ctZm9ybS11cmxlbmNvZGVkOyBjaGFyc2V0PVVURi04IiAvPg0KICAgICAgICA8SGVhZGVyIE5hbWU9IkFjY2VwdCIgVmFsdWU9InRleHQvcGxhaW4sICovKjsgcT0wLjAxIiAvPg0KICAgICAgICA8SGVhZGVyIE5hbWU9IlJlZmVyZXIiIFZhbHVlPSJodHRwOi8vbG9jYWxob3N0OjQ2MjMvQXBpTGlzdCIgLz4NCiAgICAgIDwvSGVhZGVycz4NCiAgICAgIDxRdWVyeVN0cmluZ1BhcmFtZXRlcnM+DQogICAgICAgIDxRdWVyeVN0cmluZ1BhcmFtZXRlciBOYW1lPSJ0cmFuc3BvcnQiIFZhbHVlPSJsb25nUG9sbGluZyIgUmVjb3JkZWRWYWx1ZT0ibG9uZ1BvbGxpbmciIENvcnJlbGF0aW9uQmluZGluZz0iIiBVcmxFbmNvZGU9IkZhbHNlIiBVc2VUb0dyb3VwUmVzdWx0cz0iRmFsc2UiIC8+DQogICAgICAgIDxRdWVyeVN0cmluZ1BhcmFtZXRlciBOYW1lPSJjb25uZWN0aW9uVG9rZW4iIFZhbHVlPSJBUUFBQU5DTW5kOEJGZEVSakhvQXdFJTJGQ2wlMkJzQkFBQUF6OHNFMVBWb2FVbXRsN2RURnVZWDdBQUFBQUFDQUFBQUFBQVFaZ0FBQUFFQUFDQUFBQUIlMkZjeEx6cU13TlVoNVZqTyUyQlJhSjFaWEhTa2VpejludnplNFpiTXhqNnFPUUFBQUFBT2dBQUFBQUlBQUNBQUFBQmpJRTJzbndTeE16VjFXRmdKRWxYWlBHejgzQXdldzVGcVRGSllUcVlWc0RBQUFBQ2RwUVJqMXZaJTJGNDBQNnNoYUpLcUdjWGFaSmQ1JTJCZFAycVBKUGxHVUwlMkZ5djJ0Y2JDSyUyQjZGM0RJRnlQdUdaJTJCcklSQUFBQUFwSXRwOUx6TU0lMkJCVGNyaGo0SzhRU1FxTmdEJTJGOFVDamk5Sm1WU2dIdFRFaWNGRm8zenJqYm8wWm5SeW4lMkI4UEM3c1UlMkZmTWlkZEg0bXU1WEt4Z2Q4YVpBJTNEJTNEIiBSZWNvcmRlZFZhbHVlPSJBUUFBQU5DTW5kOEJGZEVSakhvQXdFJTJGQ2wlMkJzQkFBQUF6OHNFMVBWb2FVbXRsN2RURnVZWDdBQUFBQUFDQUFBQUFBQVFaZ0FBQUFFQUFDQUFBQUIlMkZjeEx6cU13TlVoNVZqTyUyQlJhSjFaWEhTa2VpejludnplNFpiTXhqNnFPUUFBQUFBT2dBQUFBQUlBQUNBQUFBQmpJRTJzbndTeE16VjFXRmdKRWxYWlBHejgzQXdldzVGcVRGSllUcVlWc0RBQUFBQ2RwUVJqMXZaJTJGNDBQNnNoYUpLcUdjWGFaSmQ1JTJCZFAycVBKUGxHVUwlMkZ5djJ0Y2JDSyUyQjZGM0RJRnlQdUdaJTJCcklSQUFBQUFwSXRwOUx6TU0lMkJCVGNyaGo0SzhRU1FxTmdEJTJGOFVDamk5Sm1WU2dIdFRFaWNGRm8zenJqYm8wWm5SeW4lMkI4UEM3c1UlMkZmTWlkZEg0bXU1WEt4Z2Q4YVpBJTNEJTNEIiBDb3JyZWxhdGlvbkJpbmRpbmc9IiIgVXJsRW5jb2RlPSJGYWxzZSIgVXNlVG9Hcm91cFJlc3VsdHM9IkZhbHNlIiAvPg0KICAgICAgICA8UXVlcnlTdHJpbmdQYXJhbWV0ZXIgTmFtZT0ibWVzc2FnZUlkIiBWYWx1ZT0iZC1BRkJCRkIxRS1CJTJDMCU3Q08lMkMyJTdDUCUyQzAiIFJlY29yZGVkVmFsdWU9ImQtQUZCQkZCMUUtQiUyQzAlN0NPJTJDMiU3Q1AlMkMwIiBDb3JyZWxhdGlvbkJpbmRpbmc9IiIgVXJsRW5jb2RlPSJGYWxzZSIgVXNlVG9Hcm91cFJlc3VsdHM9IkZhbHNlIiAvPg0KICAgICAgICA8UXVlcnlTdHJpbmdQYXJhbWV0ZXIgTmFtZT0icmVxdWVzdFVybCIgVmFsdWU9Imh0dHAlM0ElMkYlMkZsb2NhbGhvc3QlM0E0NjIzJTJGQXBpTGlzdCIgUmVjb3JkZWRWYWx1ZT0iaHR0cCUzQSUyRiUyRmxvY2FsaG9zdCUzQTQ2MjMlMkZBcGlMaXN0IiBDb3JyZWxhdGlvbkJpbmRpbmc9IiIgVXJsRW5jb2RlPSJGYWxzZSIgVXNlVG9Hcm91cFJlc3VsdHM9IkZhbHNlIiAvPg0KICAgICAgICA8UXVlcnlTdHJpbmdQYXJhbWV0ZXIgTmFtZT0iYnJvd3Nlck5hbWUiIFZhbHVlPSJJbnRlcm5ldCtFeHBsb3JlciIgUmVjb3JkZWRWYWx1ZT0iSW50ZXJuZXQrRXhwbG9yZXIiIENvcnJlbGF0aW9uQmluZGluZz0iIiBVcmxFbmNvZGU9IkZhbHNlIiBVc2VUb0dyb3VwUmVzdWx0cz0iRmFsc2UiIC8+DQogICAgICAgIDxRdWVyeVN0cmluZ1BhcmFtZXRlciBOYW1lPSJ0aWQiIFZhbHVlPSI0IiBSZWNvcmRlZFZhbHVlPSI0IiBDb3JyZWxhdGlvbkJpbmRpbmc9IiIgVXJsRW5jb2RlPSJGYWxzZSIgVXNlVG9Hcm91cFJlc3VsdHM9IkZhbHNlIiAvPg0KICAgICAgICA8UXVlcnlTdHJpbmdQYXJhbWV0ZXIgTmFtZT0iXyIgVmFsdWU9IjEzOTc2MzA5NjEwOTIiIFJlY29yZGVkVmFsdWU9IjEzOTc2MzA5NjEwOTIiIENvcnJlbGF0aW9uQmluZGluZz0iIiBVcmxFbmNvZGU9IkZhbHNlIiBVc2VUb0dyb3VwUmVzdWx0cz0iRmFsc2UiIC8+DQogICAgICA8L1F1ZXJ5U3RyaW5nUGFyYW1ldGVycz4NCiAgICAgIDxGb3JtUG9zdEh0dHBCb2R5IC8+DQogICAgPC9SZXF1ZXN0Pg0KICAgIDxSZXF1ZXN0IE1ldGhvZD0iR0VUIiBHdWlkPSIyMTMyOWE2OC05YzZlLTRmNjYtYTVjYy00MDBjOGVjOTQ3NDYiIFZlcnNpb249IjEuMSIgVXJsPSJodHRwOi8vbG9jYWxob3N0OjQ2MjMvX19icm93c2VyTGluay9yZXF1ZXN0RGF0YS81MmRlYzJmMDllZWI0ODc0ODk2NzQyOWVmOGFiY2U0OSIgVGhpbmtUaW1lPSIwIiBUaW1lb3V0PSIzMDAiIFBhcnNlRGVwZW5kZW50UmVxdWVzdHM9IlRydWUiIEZvbGxvd1JlZGlyZWN0cz0iVHJ1ZSIgUmVjb3JkUmVzdWx0PSJUcnVlIiBDYWNoZT0iRmFsc2UiIFJlc3BvbnNlVGltZUdvYWw9IjAiIEVuY29kaW5nPSJ1dGYtOCIgRXhwZWN0ZWRIdHRwU3RhdHVzQ29kZT0iMCIgRXhwZWN0ZWRSZXNwb25zZVVybD0iIiBSZXBvcnRpbmdOYW1lPSIiIElnbm9yZUh0dHBTdGF0dXNDb2RlPSJGYWxzZSI+DQogICAgICA8SGVhZGVycz4NCiAgICAgICAgPEhlYWRlciBOYW1lPSJBY2NlcHQiIFZhbHVlPSJhcHBsaWNhdGlvbi9qc29uLCB0ZXh0L2phdmFzY3JpcHQsICovKjsgcT0wLjAxIiAvPg0KICAgICAgICA8SGVhZGVyIE5hbWU9IlgtUmVxdWVzdGVkLVdpdGgiIFZhbHVlPSJYTUxIdHRwUmVxdWVzdCIgLz4NCiAgICAgICAgPEhlYWRlciBOYW1lPSJSZWZlcmVyIiBWYWx1ZT0iaHR0cDovL2xvY2FsaG9zdDo0NjIzL0FwaUxpc3QiIC8+DQogICAgICA8L0hlYWRlcnM+DQogICAgPC9SZXF1ZXN0Pg0KICAgIDxSZXF1ZXN0IE1ldGhvZD0iUE9TVCIgR3VpZD0iYjg2MTJiOTgtMDAxNC00OWY4LWJlMTQtZjdlNzI0YTczOTczIiBWZXJzaW9uPSIxLjEiIFVybD0iaHR0cDovL2xvY2FsaG9zdDoxNzU0OS9hNDY4MDAwODNlMjk0MzlhODVkMjE2ZGJjOTIwM2I5NC9hcnRlcnlTaWduYWxSL3BvbGwiIFRoaW5rVGltZT0iMCIgVGltZW91dD0iMzAwIiBQYXJzZURlcGVuZGVudFJlcXVlc3RzPSJUcnVlIiBGb2xsb3dSZWRpcmVjdHM9IlRydWUiIFJlY29yZFJlc3VsdD0iVHJ1ZSIgQ2FjaGU9IkZhbHNlIiBSZXNwb25zZVRpbWVHb2FsPSIwIiBFbmNvZGluZz0idXRmLTgiIEV4cGVjdGVkSHR0cFN0YXR1c0NvZGU9IjAiIEV4cGVjdGVkUmVzcG9uc2VVcmw9IiIgUmVwb3J0aW5nTmFtZT0iIiBJZ25vcmVIdHRwU3RhdHVzQ29kZT0iRmFsc2UiPg0KICAgICAgPEhlYWRlcnM+DQogICAgICAgIDxIZWFkZXIgTmFtZT0iQ29udGVudC1UeXBlIiBWYWx1ZT0iYXBwbGljYXRpb24veC13d3ctZm9ybS11cmxlbmNvZGVkOyBjaGFyc2V0PVVURi04IiAvPg0KICAgICAgICA8SGVhZGVyIE5hbWU9IkFjY2VwdCIgVmFsdWU9InRleHQvcGxhaW4sICovKjsgcT0wLjAxIiAvPg0KICAgICAgICA8SGVhZGVyIE5hbWU9IlJlZmVyZXIiIFZhbHVlPSJodHRwOi8vbG9jYWxob3N0OjQ2MjMvQXBpTGlzdCIgLz4NCiAgICAgIDwvSGVhZGVycz4NCiAgICAgIDxRdWVyeVN0cmluZ1BhcmFtZXRlcnM+DQogICAgICAgIDxRdWVyeVN0cmluZ1BhcmFtZXRlciBOYW1lPSJ0cmFuc3BvcnQiIFZhbHVlPSJsb25nUG9sbGluZyIgUmVjb3JkZWRWYWx1ZT0ibG9uZ1BvbGxpbmciIENvcnJlbGF0aW9uQmluZGluZz0iIiBVcmxFbmNvZGU9IkZhbHNlIiBVc2VUb0dyb3VwUmVzdWx0cz0iRmFsc2UiIC8+DQogICAgICAgIDxRdWVyeVN0cmluZ1BhcmFtZXRlciBOYW1lPSJjb25uZWN0aW9uVG9rZW4iIFZhbHVlPSJBUUFBQU5DTW5kOEJGZEVSakhvQXdFJTJGQ2wlMkJzQkFBQUF6OHNFMVBWb2FVbXRsN2RURnVZWDdBQUFBQUFDQUFBQUFBQVFaZ0FBQUFFQUFDQUFBQUIlMkZjeEx6cU13TlVoNVZqTyUyQlJhSjFaWEhTa2VpejludnplNFpiTXhqNnFPUUFBQUFBT2dBQUFBQUlBQUNBQUFBQmpJRTJzbndTeE16VjFXRmdKRWxYWlBHejgzQXdldzVGcVRGSllUcVlWc0RBQUFBQ2RwUVJqMXZaJTJGNDBQNnNoYUpLcUdjWGFaSmQ1JTJCZFAycVBKUGxHVUwlMkZ5djJ0Y2JDSyUyQjZGM0RJRnlQdUdaJTJCcklSQUFBQUFwSXRwOUx6TU0lMkJCVGNyaGo0SzhRU1FxTmdEJTJGOFVDamk5Sm1WU2dIdFRFaWNGRm8zenJqYm8wWm5SeW4lMkI4UEM3c1UlMkZmTWlkZEg0bXU1WEt4Z2Q4YVpBJTNEJTNEIiBSZWNvcmRlZFZhbHVlPSJBUUFBQU5DTW5kOEJGZEVSakhvQXdFJTJGQ2wlMkJzQkFBQUF6OHNFMVBWb2FVbXRsN2RURnVZWDdBQUFBQUFDQUFBQUFBQVFaZ0FBQUFFQUFDQUFBQUIlMkZjeEx6cU13TlVoNVZqTyUyQlJhSjFaWEhTa2VpejludnplNFpiTXhqNnFPUUFBQUFBT2dBQUFBQUlBQUNBQUFBQmpJRTJzbndTeE16VjFXRmdKRWxYWlBHejgzQXdldzVGcVRGSllUcVlWc0RBQUFBQ2RwUVJqMXZaJTJGNDBQNnNoYUpLcUdjWGFaSmQ1JTJCZFAycVBKUGxHVUwlMkZ5djJ0Y2JDSyUyQjZGM0RJRnlQdUdaJTJCcklSQUFBQUFwSXRwOUx6TU0lMkJCVGNyaGo0SzhRU1FxTmdEJTJGOFVDamk5Sm1WU2dIdFRFaWNGRm8zenJqYm8wWm5SeW4lMkI4UEM3c1UlMkZmTWlkZEg0bXU1WEt4Z2Q4YVpBJTNEJTNEIiBDb3JyZWxhdGlvbkJpbmRpbmc9IiIgVXJsRW5jb2RlPSJGYWxzZSIgVXNlVG9Hcm91cFJlc3VsdHM9IkZhbHNlIiAvPg0KICAgICAgICA8UXVlcnlTdHJpbmdQYXJhbWV0ZXIgTmFtZT0ibWVzc2FnZUlkIiBWYWx1ZT0iZC1BRkJCRkIxRS1CJTJDMCU3Q08lMkMzJTdDUCUyQzAiIFJlY29yZGVkVmFsdWU9ImQtQUZCQkZCMUUtQiUyQzAlN0NPJTJDMyU3Q1AlMkMwIiBDb3JyZWxhdGlvbkJpbmRpbmc9IiIgVXJsRW5jb2RlPSJGYWxzZSIgVXNlVG9Hcm91cFJlc3VsdHM9IkZhbHNlIiAvPg0KICAgICAgICA8UXVlcnlTdHJpbmdQYXJhbWV0ZXIgTmFtZT0icmVxdWVzdFVybCIgVmFsdWU9Imh0dHAlM0ElMkYlMkZsb2NhbGhvc3QlM0E0NjIzJTJGQXBpTGlzdCIgUmVjb3JkZWRWYWx1ZT0iaHR0cCUzQSUyRiUyRmxvY2FsaG9zdCUzQTQ2MjMlMkZBcGlMaXN0IiBDb3JyZWxhdGlvbkJpbmRpbmc9IiIgVXJsRW5jb2RlPSJGYWxzZSIgVXNlVG9Hcm91cFJlc3VsdHM9IkZhbHNlIiAvPg0KICAgICAgICA8UXVlcnlTdHJpbmdQYXJhbWV0ZXIgTmFtZT0iYnJvd3Nlck5hbWUiIFZhbHVlPSJJbnRlcm5ldCtFeHBsb3JlciIgUmVjb3JkZWRWYWx1ZT0iSW50ZXJuZXQrRXhwbG9yZXIiIENvcnJlbGF0aW9uQmluZGluZz0iIiBVcmxFbmNvZGU9IkZhbHNlIiBVc2VUb0dyb3VwUmVzdWx0cz0iRmFsc2UiIC8+DQogICAgICAgIDxRdWVyeVN0cmluZ1BhcmFtZXRlciBOYW1lPSJ0aWQiIFZhbHVlPSIyIiBSZWNvcmRlZFZhbHVlPSIyIiBDb3JyZWxhdGlvbkJpbmRpbmc9IiIgVXJsRW5jb2RlPSJGYWxzZSIgVXNlVG9Hcm91cFJlc3VsdHM9IkZhbHNlIiAvPg0KICAgICAgICA8UXVlcnlTdHJpbmdQYXJhbWV0ZXIgTmFtZT0iXyIgVmFsdWU9IjEzOTc2MzA5NjEyODMiIFJlY29yZGVkVmFsdWU9IjEzOTc2MzA5NjEyODMiIENvcnJlbGF0aW9uQmluZGluZz0iIiBVcmxFbmNvZGU9IkZhbHNlIiBVc2VUb0dyb3VwUmVzdWx0cz0iRmFsc2UiIC8+DQogICAgICA8L1F1ZXJ5U3RyaW5nUGFyYW1ldGVycz4NCiAgICAgIDxGb3JtUG9zdEh0dHBCb2R5IC8+DQogICAgPC9SZXF1ZXN0Pg0KICAgIDxSZXF1ZXN0IE1ldGhvZD0iUE9TVCIgR3VpZD0iMmU1MGNmM2YtM2NjMy00Mjg2LWFkOWUtNmZlYTk4OTg0Y2Y5IiBWZXJzaW9uPSIxLjEiIFVybD0iaHR0cDovL2xvY2FsaG9zdDoxNzU0OS9hNDY4MDAwODNlMjk0MzlhODVkMjE2ZGJjOTIwM2I5NC9hcnRlcnlTaWduYWxSL3NlbmQiIFRoaW5rVGltZT0iMSIgVGltZW91dD0iMzAwIiBQYXJzZURlcGVuZGVudFJlcXVlc3RzPSJUcnVlIiBGb2xsb3dSZWRpcmVjdHM9IlRydWUiIFJlY29yZFJlc3VsdD0iVHJ1ZSIgQ2FjaGU9IkZhbHNlIiBSZXNwb25zZVRpbWVHb2FsPSIwIiBFbmNvZGluZz0idXRmLTgiIEV4cGVjdGVkSHR0cFN0YXR1c0NvZGU9IjAiIEV4cGVjdGVkUmVzcG9uc2VVcmw9IiIgUmVwb3J0aW5nTmFtZT0iIiBJZ25vcmVIdHRwU3RhdHVzQ29kZT0iRmFsc2UiPg0KICAgICAgPEhlYWRlcnM+DQogICAgICAgIDxIZWFkZXIgTmFtZT0iQWNjZXB0IiBWYWx1ZT0idGV4dC9wbGFpbiwgKi8qOyBxPTAuMDEiIC8+DQogICAgICAgIDxIZWFkZXIgTmFtZT0iUmVmZXJlciIgVmFsdWU9Imh0dHA6Ly9sb2NhbGhvc3Q6NDYyMy9BcGlMaXN0IiAvPg0KICAgICAgPC9IZWFkZXJzPg0KICAgICAgPFF1ZXJ5U3RyaW5nUGFyYW1ldGVycz4NCiAgICAgICAgPFF1ZXJ5U3RyaW5nUGFyYW1ldGVyIE5hbWU9InRyYW5zcG9ydCIgVmFsdWU9ImxvbmdQb2xsaW5nIiBSZWNvcmRlZFZhbHVlPSJsb25nUG9sbGluZyIgQ29ycmVsYXRpb25CaW5kaW5nPSIiIFVybEVuY29kZT0iRmFsc2UiIFVzZVRvR3JvdXBSZXN1bHRzPSJGYWxzZSIgLz4NCiAgICAgICAgPFF1ZXJ5U3RyaW5nUGFyYW1ldGVyIE5hbWU9ImNvbm5lY3Rpb25Ub2tlbiIgVmFsdWU9IkFRQUFBTkNNbmQ4QkZkRVJqSG9Bd0UlMkZDbCUyQnNCQUFBQXo4c0UxUFZvYVVtdGw3ZFRGdVlYN0FBQUFBQUNBQUFBQUFBUVpnQUFBQUVBQUNBQUFBQiUyRmN4THpxTXdOVWg1VmpPJTJCUmFKMVpYSFNrZWl6OW52emU0WmJNeGo2cU9RQUFBQUFPZ0FBQUFBSUFBQ0FBQUFCaklFMnNud1N4TXpWMVdGZ0pFbFhaUEd6ODNBd2V3NUZxVEZKWVRxWVZzREFBQUFDZHBRUmoxdlolMkY0MFA2c2hhSktxR2NYYVpKZDUlMkJkUDJxUEpQbEdVTCUyRnl2MnRjYkNLJTJCNkYzRElGeVB1R1olMkJySVJBQUFBQXBJdHA5THpNTSUyQkJUY3JoajRLOFFTUXFOZ0QlMkY4VUNqaTlKbVZTZ0h0VEVpY0ZGbzN6cmpibzBablJ5biUyQjhQQzdzVSUyRmZNaWRkSDRtdTVYS3hnZDhhWkElM0QlM0QiIFJlY29yZGVkVmFsdWU9IkFRQUFBTkNNbmQ4QkZkRVJqSG9Bd0UlMkZDbCUyQnNCQUFBQXo4c0UxUFZvYVVtdGw3ZFRGdVlYN0FBQUFBQUNBQUFBQUFBUVpnQUFBQUVBQUNBQUFBQiUyRmN4THpxTXdOVWg1VmpPJTJCUmFKMVpYSFNrZWl6OW52emU0WmJNeGo2cU9RQUFBQUFPZ0FBQUFBSUFBQ0FBQUFCaklFMnNud1N4TXpWMVdGZ0pFbFhaUEd6ODNBd2V3NUZxVEZKWVRxWVZzREFBQUFDZHBRUmoxdlolMkY0MFA2c2hhSktxR2NYYVpKZDUlMkJkUDJxUEpQbEdVTCUyRnl2MnRjYkNLJTJCNkYzRElGeVB1R1olMkJySVJBQUFBQXBJdHA5THpNTSUyQkJUY3JoajRLOFFTUXFOZ0QlMkY4VUNqaTlKbVZTZ0h0VEVpY0ZGbzN6cmpibzBablJ5biUyQjhQQzdzVSUyRmZNaWRkSDRtdTVYS3hnZDhhWkElM0QlM0QiIENvcnJlbGF0aW9uQmluZGluZz0iIiBVcmxFbmNvZGU9IkZhbHNlIiBVc2VUb0dyb3VwUmVzdWx0cz0iRmFsc2UiIC8+DQogICAgICAgIDxRdWVyeVN0cmluZ1BhcmFtZXRlciBOYW1lPSJyZXF1ZXN0VXJsIiBWYWx1ZT0iaHR0cCUzQSUyRiUyRmxvY2FsaG9zdCUzQTQ2MjMlMkZBcGlMaXN0IiBSZWNvcmRlZFZhbHVlPSJodHRwJTNBJTJGJTJGbG9jYWxob3N0JTNBNDYyMyUyRkFwaUxpc3QiIENvcnJlbGF0aW9uQmluZGluZz0iIiBVcmxFbmNvZGU9IkZhbHNlIiBVc2VUb0dyb3VwUmVzdWx0cz0iRmFsc2UiIC8+DQogICAgICAgIDxRdWVyeVN0cmluZ1BhcmFtZXRlciBOYW1lPSJicm93c2VyTmFtZSIgVmFsdWU9IkludGVybmV0K0V4cGxvcmVyIiBSZWNvcmRlZFZhbHVlPSJJbnRlcm5ldCtFeHBsb3JlciIgQ29ycmVsYXRpb25CaW5kaW5nPSIiIFVybEVuY29kZT0iRmFsc2UiIFVzZVRvR3JvdXBSZXN1bHRzPSJGYWxzZSIgLz4NCiAgICAgIDwvUXVlcnlTdHJpbmdQYXJhbWV0ZXJzPg0KICAgICAgPEZvcm1Qb3N0SHR0cEJvZHk+DQogICAgICAgIDxGb3JtUG9zdFBhcmFtZXRlciBOYW1lPSJkYXRhIiBWYWx1ZT0ieyZxdW90O25hbWUmcXVvdDs6JnF1b3Q7bWljcm9zb2Z0LnZpc3VhbHN0dWRpby53ZWIuYnJvd3NlcmxpbmsuaHRtbG1hcHBpbmdleHRlbnNpb25mYWN0b3J5LnJlc29sdmVTb3VyY2VGaWxlUGF0aHMmcXVvdDssJnF1b3Q7YXJncyZxdW90OzpbWyZxdW90O34vVmlld3MvQXBpTGlzdC9JbmRleC5jc2h0bWwmcXVvdDtdXSwmcXVvdDtjYWxsYmFja0lkJnF1b3Q7OjN9IiBSZWNvcmRlZFZhbHVlPSJ7JnF1b3Q7bmFtZSZxdW90OzomcXVvdDttaWNyb3NvZnQudmlzdWFsc3R1ZGlvLndlYi5icm93c2VybGluay5odG1sbWFwcGluZ2V4dGVuc2lvbmZhY3RvcnkucmVzb2x2ZVNvdXJjZUZpbGVQYXRocyZxdW90OywmcXVvdDthcmdzJnF1b3Q7OltbJnF1b3Q7fi9WaWV3cy9BcGlMaXN0L0luZGV4LmNzaHRtbCZxdW90O11dLCZxdW90O2NhbGxiYWNrSWQmcXVvdDs6M30iIENvcnJlbGF0aW9uQmluZGluZz0iIiBVcmxFbmNvZGU9IlRydWUiIC8+DQogICAgICA8L0Zvcm1Qb3N0SHR0cEJvZHk+DQogICAgPC9SZXF1ZXN0Pg0KICAgIDxSZXF1ZXN0IE1ldGhvZD0iR0VUIiBHdWlkPSJhNjhmM2IyNS1iYjNhLTRmODEtYjM1Mi1mMTllNGU5MTA1YzEiIFZlcnNpb249IjEuMSIgVXJsPSJodHRwOi8vbG9jYWxob3N0OjQ2MjMvQXBpTGlzdC9PYXV0aFRva2VuIiBUaGlua1RpbWU9IjAiIFRpbWVvdXQ9IjMwMCIgUGFyc2VEZXBlbmRlbnRSZXF1ZXN0cz0iVHJ1ZSIgRm9sbG93UmVkaXJlY3RzPSJUcnVlIiBSZWNvcmRSZXN1bHQ9IlRydWUiIENhY2hlPSJGYWxzZSIgUmVzcG9uc2VUaW1lR29hbD0iMCIgRW5jb2Rpbmc9InV0Zi04IiBFeHBlY3RlZEh0dHBTdGF0dXNDb2RlPSIwIiBFeHBlY3RlZFJlc3BvbnNlVXJsPSIiIFJlcG9ydGluZ05hbWU9IiIgSWdub3JlSHR0cFN0YXR1c0NvZGU9IkZhbHNlIj4NCiAgICAgIDxIZWFkZXJzPg0KICAgICAgICA8SGVhZGVyIE5hbWU9IlJlZmVyZXIiIFZhbHVlPSJodHRwOi8vbG9jYWxob3N0OjQ2MjMvQXBpTGlzdCIgLz4NCiAgICAgIDwvSGVhZGVycz4NCiAgICA8L1JlcXVlc3Q+DQogICAgPFJlcXVlc3QgTWV0aG9kPSJQT1NUIiBHdWlkPSIwYTM0YjY3Mi0zNDZhLTQ2OGYtYmMyMS0wNmIwMDE1ZGQxYTQiIFZlcnNpb249IjEuMSIgVXJsPSJodHRwOi8vbG9jYWxob3N0OjE3NTQ5L2E0NjgwMDA4M2UyOTQzOWE4NWQyMTZkYmM5MjAzYjk0L2FydGVyeVNpZ25hbFIvYWJvcnQiIFRoaW5rVGltZT0iMCIgVGltZW91dD0iMzAwIiBQYXJzZURlcGVuZGVudFJlcXVlc3RzPSJUcnVlIiBGb2xsb3dSZWRpcmVjdHM9IlRydWUiIFJlY29yZFJlc3VsdD0iVHJ1ZSIgQ2FjaGU9IkZhbHNlIiBSZXNwb25zZVRpbWVHb2FsPSIwIiBFbmNvZGluZz0idXRmLTgiIEV4cGVjdGVkSHR0cFN0YXR1c0NvZGU9IjAiIEV4cGVjdGVkUmVzcG9uc2VVcmw9IiIgUmVwb3J0aW5nTmFtZT0iIiBJZ25vcmVIdHRwU3RhdHVzQ29kZT0iRmFsc2UiPg0KICAgICAgPEhlYWRlcnM+DQogICAgICAgIDxIZWFkZXIgTmFtZT0iQWNjZXB0IiBWYWx1ZT0idGV4dC9wbGFpbiwgKi8qOyBxPTAuMDEiIC8+DQogICAgICAgIDxIZWFkZXIgTmFtZT0iUmVmZXJlciIgVmFsdWU9Imh0dHA6Ly9sb2NhbGhvc3Q6NDYyMy9BcGlMaXN0IiAvPg0KICAgICAgPC9IZWFkZXJzPg0KICAgICAgPFF1ZXJ5U3RyaW5nUGFyYW1ldGVycz4NCiAgICAgICAgPFF1ZXJ5U3RyaW5nUGFyYW1ldGVyIE5hbWU9InRyYW5zcG9ydCIgVmFsdWU9ImxvbmdQb2xsaW5nIiBSZWNvcmRlZFZhbHVlPSJsb25nUG9sbGluZyIgQ29ycmVsYXRpb25CaW5kaW5nPSIiIFVybEVuY29kZT0iRmFsc2UiIFVzZVRvR3JvdXBSZXN1bHRzPSJGYWxzZSIgLz4NCiAgICAgICAgPFF1ZXJ5U3RyaW5nUGFyYW1ldGVyIE5hbWU9ImNvbm5lY3Rpb25Ub2tlbiIgVmFsdWU9IkFRQUFBTkNNbmQ4QkZkRVJqSG9Bd0UlMkZDbCUyQnNCQUFBQXo4c0UxUFZvYVVtdGw3ZFRGdVlYN0FBQUFBQUNBQUFBQUFBUVpnQUFBQUVBQUNBQUFBQiUyRmN4THpxTXdOVWg1VmpPJTJCUmFKMVpYSFNrZWl6OW52emU0WmJNeGo2cU9RQUFBQUFPZ0FBQUFBSUFBQ0FBQUFCaklFMnNud1N4TXpWMVdGZ0pFbFhaUEd6ODNBd2V3NUZxVEZKWVRxWVZzREFBQUFDZHBRUmoxdlolMkY0MFA2c2hhSktxR2NYYVpKZDUlMkJkUDJxUEpQbEdVTCUyRnl2MnRjYkNLJTJCNkYzRElGeVB1R1olMkJySVJBQUFBQXBJdHA5THpNTSUyQkJUY3JoajRLOFFTUXFOZ0QlMkY4VUNqaTlKbVZTZ0h0VEVpY0ZGbzN6cmpibzBablJ5biUyQjhQQzdzVSUyRmZNaWRkSDRtdTVYS3hnZDhhWkElM0QlM0QiIFJlY29yZGVkVmFsdWU9IkFRQUFBTkNNbmQ4QkZkRVJqSG9Bd0UlMkZDbCUyQnNCQUFBQXo4c0UxUFZvYVVtdGw3ZFRGdVlYN0FBQUFBQUNBQUFBQUFBUVpnQUFBQUVBQUNBQUFBQiUyRmN4THpxTXdOVWg1VmpPJTJCUmFKMVpYSFNrZWl6OW52emU0WmJNeGo2cU9RQUFBQUFPZ0FBQUFBSUFBQ0FBQUFCaklFMnNud1N4TXpWMVdGZ0pFbFhaUEd6ODNBd2V3NUZxVEZKWVRxWVZzREFBQUFDZHBRUmoxdlolMkY0MFA2c2hhSktxR2NYYVpKZDUlMkJkUDJxUEpQbEdVTCUyRnl2MnRjYkNLJTJCNkYzRElGeVB1R1olMkJySVJBQUFBQXBJdHA5THpNTSUyQkJUY3JoajRLOFFTUXFOZ0QlMkY4VUNqaTlKbVZTZ0h0VEVpY0ZGbzN6cmpibzBablJ5biUyQjhQQzdzVSUyRmZNaWRkSDRtdTVYS3hnZDhhWkElM0QlM0QiIENvcnJlbGF0aW9uQmluZGluZz0iIiBVcmxFbmNvZGU9IkZhbHNlIiBVc2VUb0dyb3VwUmVzdWx0cz0iRmFsc2UiIC8+DQogICAgICAgIDxRdWVyeVN0cmluZ1BhcmFtZXRlciBOYW1lPSJyZXF1ZXN0VXJsIiBWYWx1ZT0iaHR0cCUzQSUyRiUyRmxvY2FsaG9zdCUzQTQ2MjMlMkZBcGlMaXN0IiBSZWNvcmRlZFZhbHVlPSJodHRwJTNBJTJGJTJGbG9jYWxob3N0JTNBNDYyMyUyRkFwaUxpc3QiIENvcnJlbGF0aW9uQmluZGluZz0iIiBVcmxFbmNvZGU9IkZhbHNlIiBVc2VUb0dyb3VwUmVzdWx0cz0iRmFsc2UiIC8+DQogICAgICAgIDxRdWVyeVN0cmluZ1BhcmFtZXRlciBOYW1lPSJicm93c2VyTmFtZSIgVmFsdWU9IkludGVybmV0K0V4cGxvcmVyIiBSZWNvcmRlZFZhbHVlPSJJbnRlcm5ldCtFeHBsb3JlciIgQ29ycmVsYXRpb25CaW5kaW5nPSIiIFVybEVuY29kZT0iRmFsc2UiIFVzZVRvR3JvdXBSZXN1bHRzPSJGYWxzZSIgLz4NCiAgICAgIDwvUXVlcnlTdHJpbmdQYXJhbWV0ZXJzPg0KICAgICAgPEZvcm1Qb3N0SHR0cEJvZHkgLz4NCiAgICA8L1JlcXVlc3Q+DQogICAgPFJlcXVlc3QgTWV0aG9kPSJQT1NUIiBHdWlkPSJhMTg5NDU4Zi1mNGM1LTQ5NTEtYTk2Yi00NjljMDRiNDM5YmYiIFZlcnNpb249IjEuMSIgVXJsPSJodHRwOi8vbG9jYWxob3N0OjE3NTQ5L2E0NjgwMDA4M2UyOTQzOWE4NWQyMTZkYmM5MjAzYjk0L2FydGVyeVNpZ25hbFIvbmVnb3RpYXRlIiBUaGlua1RpbWU9IjAiIFRpbWVvdXQ9IjMwMCIgUGFyc2VEZXBlbmRlbnRSZXF1ZXN0cz0iVHJ1ZSIgRm9sbG93UmVkaXJlY3RzPSJUcnVlIiBSZWNvcmRSZXN1bHQ9IlRydWUiIENhY2hlPSJGYWxzZSIgUmVzcG9uc2VUaW1lR29hbD0iMCIgRW5jb2Rpbmc9InV0Zi04IiBFeHBlY3RlZEh0dHBTdGF0dXNDb2RlPSIwIiBFeHBlY3RlZFJlc3BvbnNlVXJsPSIiIFJlcG9ydGluZ05hbWU9IiIgSWdub3JlSHR0cFN0YXR1c0NvZGU9IkZhbHNlIj4NCiAgICAgIDxIZWFkZXJzPg0KICAgICAgICA8SGVhZGVyIE5hbWU9IkNvbnRlbnQtVHlwZSIgVmFsdWU9ImFwcGxpY2F0aW9uL3gtd3d3LWZvcm0tdXJsZW5jb2RlZDsgY2hhcnNldD1VVEYtOCIgLz4NCiAgICAgICAgPEhlYWRlciBOYW1lPSJBY2NlcHQiIFZhbHVlPSJ0ZXh0L3BsYWluLCAqLyo7IHE9MC4wMSIgLz4NCiAgICAgICAgPEhlYWRlciBOYW1lPSJSZWZlcmVyIiBWYWx1ZT0iaHR0cDovL2xvY2FsaG9zdDo0NjIzL0FwaUxpc3QvT2F1dGhUb2tlbiIgLz4NCiAgICAgIDwvSGVhZGVycz4NCiAgICAgIDxRdWVyeVN0cmluZ1BhcmFtZXRlcnM+DQogICAgICAgIDxRdWVyeVN0cmluZ1BhcmFtZXRlciBOYW1lPSJyZXF1ZXN0VXJsIiBWYWx1ZT0iaHR0cCUzQSUyRiUyRmxvY2FsaG9zdCUzQTQ2MjMlMkZBcGlMaXN0JTJGT2F1dGhUb2tlbiIgUmVjb3JkZWRWYWx1ZT0iaHR0cCUzQSUyRiUyRmxvY2FsaG9zdCUzQTQ2MjMlMkZBcGlMaXN0JTJGT2F1dGhUb2tlbiIgQ29ycmVsYXRpb25CaW5kaW5nPSIiIFVybEVuY29kZT0iRmFsc2UiIFVzZVRvR3JvdXBSZXN1bHRzPSJGYWxzZSIgLz4NCiAgICAgICAgPFF1ZXJ5U3RyaW5nUGFyYW1ldGVyIE5hbWU9ImJyb3dzZXJOYW1lIiBWYWx1ZT0iSW50ZXJuZXQrRXhwbG9yZXIiIFJlY29yZGVkVmFsdWU9IkludGVybmV0K0V4cGxvcmVyIiBDb3JyZWxhdGlvbkJpbmRpbmc9IiIgVXJsRW5jb2RlPSJGYWxzZSIgVXNlVG9Hcm91cFJlc3VsdHM9IkZhbHNlIiAvPg0KICAgICAgICA8UXVlcnlTdHJpbmdQYXJhbWV0ZXIgTmFtZT0iY2xpZW50UHJvdG9jb2wiIFZhbHVlPSIxLjMiIFJlY29yZGVkVmFsdWU9IjEuMyIgQ29ycmVsYXRpb25CaW5kaW5nPSIiIFVybEVuY29kZT0iRmFsc2UiIFVzZVRvR3JvdXBSZXN1bHRzPSJGYWxzZSIgLz4NCiAgICAgICAgPFF1ZXJ5U3RyaW5nUGFyYW1ldGVyIE5hbWU9Il8iIFZhbHVlPSIxMzk3NjMwOTYyNDMwIiBSZWNvcmRlZFZhbHVlPSIxMzk3NjMwOTYyNDMwIiBDb3JyZWxhdGlvbkJpbmRpbmc9IiIgVXJsRW5jb2RlPSJGYWxzZSIgVXNlVG9Hcm91cFJlc3VsdHM9IkZhbHNlIiAvPg0KICAgICAgPC9RdWVyeVN0cmluZ1BhcmFtZXRlcnM+DQogICAgICA8Rm9ybVBvc3RIdHRwQm9keSAvPg0KICAgIDwvUmVxdWVzdD4NCiAgICA8UmVxdWVzdCBNZXRob2Q9IlBPU1QiIEd1aWQ9IjBlNjEyMDQ2LWRmMTgtNDE4Ni04ODAzLTRiY2RhNTkyNDY5NiIgVmVyc2lvbj0iMS4xIiBVcmw9Imh0dHA6Ly9sb2NhbGhvc3Q6MTc1NDkvYTQ2ODAwMDgzZTI5NDM5YTg1ZDIxNmRiYzkyMDNiOTQvYXJ0ZXJ5U2lnbmFsUi9jb25uZWN0IiBUaGlua1RpbWU9IjAiIFRpbWVvdXQ9IjMwMCIgUGFyc2VEZXBlbmRlbnRSZXF1ZXN0cz0iVHJ1ZSIgRm9sbG93UmVkaXJlY3RzPSJUcnVlIiBSZWNvcmRSZXN1bHQ9IlRydWUiIENhY2hlPSJGYWxzZSIgUmVzcG9uc2VUaW1lR29hbD0iMCIgRW5jb2Rpbmc9InV0Zi04IiBFeHBlY3RlZEh0dHBTdGF0dXNDb2RlPSIwIiBFeHBlY3RlZFJlc3BvbnNlVXJsPSIiIFJlcG9ydGluZ05hbWU9IiIgSWdub3JlSHR0cFN0YXR1c0NvZGU9IkZhbHNlIj4NCiAgICAgIDxIZWFkZXJzPg0KICAgICAgICA8SGVhZGVyIE5hbWU9IkNvbnRlbnQtVHlwZSIgVmFsdWU9ImFwcGxpY2F0aW9uL3gtd3d3LWZvcm0tdXJsZW5jb2RlZDsgY2hhcnNldD1VVEYtOCIgLz4NCiAgICAgICAgPEhlYWRlciBOYW1lPSJBY2NlcHQiIFZhbHVlPSJ0ZXh0L3BsYWluLCAqLyo7IHE9MC4wMSIgLz4NCiAgICAgICAgPEhlYWRlciBOYW1lPSJSZWZlcmVyIiBWYWx1ZT0iaHR0cDovL2xvY2FsaG9zdDo0NjIzL0FwaUxpc3QvT2F1dGhUb2tlbiIgLz4NCiAgICAgIDwvSGVhZGVycz4NCiAgICAgIDxRdWVyeVN0cmluZ1BhcmFtZXRlcnM+DQogICAgICAgIDxRdWVyeVN0cmluZ1BhcmFtZXRlciBOYW1lPSJ0cmFuc3BvcnQiIFZhbHVlPSJsb25nUG9sbGluZyIgUmVjb3JkZWRWYWx1ZT0ibG9uZ1BvbGxpbmciIENvcnJlbGF0aW9uQmluZGluZz0iIiBVcmxFbmNvZGU9IkZhbHNlIiBVc2VUb0dyb3VwUmVzdWx0cz0iRmFsc2UiIC8+DQogICAgICAgIDxRdWVyeVN0cmluZ1BhcmFtZXRlciBOYW1lPSJjb25uZWN0aW9uVG9rZW4iIFZhbHVlPSJBUUFBQU5DTW5kOEJGZEVSakhvQXdFJTJGQ2wlMkJzQkFBQUF6OHNFMVBWb2FVbXRsN2RURnVZWDdBQUFBQUFDQUFBQUFBQVFaZ0FBQUFFQUFDQUFBQUJBQnpTb0QyeUhWTldoTUtXMkFjMEREcEZXQnVHdVhIanhKY1B1TVlIcHFnQUFBQUFPZ0FBQUFBSUFBQ0FBQUFDZmxHRkRQb1dJcmhEcVhMcFdsMktxSTFqZ0d5ZVRLejJPejlYcUJWQ0hpVEFBQUFDOVJOcWthb1hNbWNjbDZzRzk2blZ0SEdHR3dhZHVQZnJnYmlZWHpZVjFuMCUyRjZNejlJWnJsMDNsVCUyRlV3MTJCbjlBQUFBQUs1amlUdzZITXRSQ3BTZEwwMUZIdkE5cWJiMzB4M01oZjZoR2JOTnZ5NVZ3S0NkYjQ3ZzV4JTJCc051QWthZmRvWk1xVEpYRVQ4YzAlMkJEeFglMkZ0RTJFWEF3JTNEJTNEIiBSZWNvcmRlZFZhbHVlPSJBUUFBQU5DTW5kOEJGZEVSakhvQXdFJTJGQ2wlMkJzQkFBQUF6OHNFMVBWb2FVbXRsN2RURnVZWDdBQUFBQUFDQUFBQUFBQVFaZ0FBQUFFQUFDQUFBQUJBQnpTb0QyeUhWTldoTUtXMkFjMEREcEZXQnVHdVhIanhKY1B1TVlIcHFnQUFBQUFPZ0FBQUFBSUFBQ0FBQUFDZmxHRkRQb1dJcmhEcVhMcFdsMktxSTFqZ0d5ZVRLejJPejlYcUJWQ0hpVEFBQUFDOVJOcWthb1hNbWNjbDZzRzk2blZ0SEdHR3dhZHVQZnJnYmlZWHpZVjFuMCUyRjZNejlJWnJsMDNsVCUyRlV3MTJCbjlBQUFBQUs1amlUdzZITXRSQ3BTZEwwMUZIdkE5cWJiMzB4M01oZjZoR2JOTnZ5NVZ3S0NkYjQ3ZzV4JTJCc051QWthZmRvWk1xVEpYRVQ4YzAlMkJEeFglMkZ0RTJFWEF3JTNEJTNEIiBDb3JyZWxhdGlvbkJpbmRpbmc9IiIgVXJsRW5jb2RlPSJGYWxzZSIgVXNlVG9Hcm91cFJlc3VsdHM9IkZhbHNlIiAvPg0KICAgICAgICA8UXVlcnlTdHJpbmdQYXJhbWV0ZXIgTmFtZT0icmVxdWVzdFVybCIgVmFsdWU9Imh0dHAlM0ElMkYlMkZsb2NhbGhvc3QlM0E0NjIzJTJGQXBpTGlzdCUyRk9hdXRoVG9rZW4iIFJlY29yZGVkVmFsdWU9Imh0dHAlM0ElMkYlMkZsb2NhbGhvc3QlM0E0NjIzJTJGQXBpTGlzdCUyRk9hdXRoVG9rZW4iIENvcnJlbGF0aW9uQmluZGluZz0iIiBVcmxFbmNvZGU9IkZhbHNlIiBVc2VUb0dyb3VwUmVzdWx0cz0iRmFsc2UiIC8+DQogICAgICAgIDxRdWVyeVN0cmluZ1BhcmFtZXRlciBOYW1lPSJicm93c2VyTmFtZSIgVmFsdWU9IkludGVybmV0K0V4cGxvcmVyIiBSZWNvcmRlZFZhbHVlPSJJbnRlcm5ldCtFeHBsb3JlciIgQ29ycmVsYXRpb25CaW5kaW5nPSIiIFVybEVuY29kZT0iRmFsc2UiIFVzZVRvR3JvdXBSZXN1bHRzPSJGYWxzZSIgLz4NCiAgICAgICAgPFF1ZXJ5U3RyaW5nUGFyYW1ldGVyIE5hbWU9InRpZCIgVmFsdWU9IjciIFJlY29yZGVkVmFsdWU9IjciIENvcnJlbGF0aW9uQmluZGluZz0iIiBVcmxFbmNvZGU9IkZhbHNlIiBVc2VUb0dyb3VwUmVzdWx0cz0iRmFsc2UiIC8+DQogICAgICAgIDxRdWVyeVN0cmluZ1BhcmFtZXRlciBOYW1lPSJfIiBWYWx1ZT0iMTM5NzYzMDk2MjkyMyIgUmVjb3JkZWRWYWx1ZT0iMTM5NzYzMDk2MjkyMyIgQ29ycmVsYXRpb25CaW5kaW5nPSIiIFVybEVuY29kZT0iRmFsc2UiIFVzZVRvR3JvdXBSZXN1bHRzPSJGYWxzZSIgLz4NCiAgICAgIDwvUXVlcnlTdHJpbmdQYXJhbWV0ZXJzPg0KICAgICAgPEZvcm1Qb3N0SHR0cEJvZHkgLz4NCiAgICA8L1JlcXVlc3Q+DQogICAgPFJlcXVlc3QgTWV0aG9kPSJQT1NUIiBHdWlkPSJlZmQ5MTAzZC0wODRkLTRhZmUtYWNlYy00NDI5NDc1OWU5ZTMiIFZlcnNpb249IjEuMSIgVXJsPSJodHRwOi8vbG9jYWxob3N0OjE3NTQ5L2E0NjgwMDA4M2UyOTQzOWE4NWQyMTZkYmM5MjAzYjk0L2FydGVyeVNpZ25hbFIvc2VuZCIgVGhpbmtUaW1lPSIwIiBUaW1lb3V0PSIzMDAiIFBhcnNlRGVwZW5kZW50UmVxdWVzdHM9IlRydWUiIEZvbGxvd1JlZGlyZWN0cz0iVHJ1ZSIgUmVjb3JkUmVzdWx0PSJUcnVlIiBDYWNoZT0iRmFsc2UiIFJlc3BvbnNlVGltZUdvYWw9IjAiIEVuY29kaW5nPSJ1dGYtOCIgRXhwZWN0ZWRIdHRwU3RhdHVzQ29kZT0iMCIgRXhwZWN0ZWRSZXNwb25zZVVybD0iIiBSZXBvcnRpbmdOYW1lPSIiIElnbm9yZUh0dHBTdGF0dXNDb2RlPSJGYWxzZSI+DQogICAgICA8SGVhZGVycz4NCiAgICAgICAgPEhlYWRlciBOYW1lPSJBY2NlcHQiIFZhbHVlPSJ0ZXh0L3BsYWluLCAqLyo7IHE9MC4wMSIgLz4NCiAgICAgICAgPEhlYWRlciBOYW1lPSJSZWZlcmVyIiBWYWx1ZT0iaHR0cDovL2xvY2FsaG9zdDo0NjIzL0FwaUxpc3QvT2F1dGhUb2tlbiIgLz4NCiAgICAgIDwvSGVhZGVycz4NCiAgICAgIDxRdWVyeVN0cmluZ1BhcmFtZXRlcnM+DQogICAgICAgIDxRdWVyeVN0cmluZ1BhcmFtZXRlciBOYW1lPSJ0cmFuc3BvcnQiIFZhbHVlPSJsb25nUG9sbGluZyIgUmVjb3JkZWRWYWx1ZT0ibG9uZ1BvbGxpbmciIENvcnJlbGF0aW9uQmluZGluZz0iIiBVcmxFbmNvZGU9IkZhbHNlIiBVc2VUb0dyb3VwUmVzdWx0cz0iRmFsc2UiIC8+DQogICAgICAgIDxRdWVyeVN0cmluZ1BhcmFtZXRlciBOYW1lPSJjb25uZWN0aW9uVG9rZW4iIFZhbHVlPSJBUUFBQU5DTW5kOEJGZEVSakhvQXdFJTJGQ2wlMkJzQkFBQUF6OHNFMVBWb2FVbXRsN2RURnVZWDdBQUFBQUFDQUFBQUFBQVFaZ0FBQUFFQUFDQUFBQUJBQnpTb0QyeUhWTldoTUtXMkFjMEREcEZXQnVHdVhIanhKY1B1TVlIcHFnQUFBQUFPZ0FBQUFBSUFBQ0FBQUFDZmxHRkRQb1dJcmhEcVhMcFdsMktxSTFqZ0d5ZVRLejJPejlYcUJWQ0hpVEFBQUFDOVJOcWthb1hNbWNjbDZzRzk2blZ0SEdHR3dhZHVQZnJnYmlZWHpZVjFuMCUyRjZNejlJWnJsMDNsVCUyRlV3MTJCbjlBQUFBQUs1amlUdzZITXRSQ3BTZEwwMUZIdkE5cWJiMzB4M01oZjZoR2JOTnZ5NVZ3S0NkYjQ3ZzV4JTJCc051QWthZmRvWk1xVEpYRVQ4YzAlMkJEeFglMkZ0RTJFWEF3JTNEJTNEIiBSZWNvcmRlZFZhbHVlPSJBUUFBQU5DTW5kOEJGZEVSakhvQXdFJTJGQ2wlMkJzQkFBQUF6OHNFMVBWb2FVbXRsN2RURnVZWDdBQUFBQUFDQUFBQUFBQVFaZ0FBQUFFQUFDQUFBQUJBQnpTb0QyeUhWTldoTUtXMkFjMEREcEZXQnVHdVhIanhKY1B1TVlIcHFnQUFBQUFPZ0FBQUFBSUFBQ0FBQUFDZmxHRkRQb1dJcmhEcVhMcFdsMktxSTFqZ0d5ZVRLejJPejlYcUJWQ0hpVEFBQUFDOVJOcWthb1hNbWNjbDZzRzk2blZ0SEdHR3dhZHVQZnJnYmlZWHpZVjFuMCUyRjZNejlJWnJsMDNsVCUyRlV3MTJCbjlBQUFBQUs1amlUdzZITXRSQ3BTZEwwMUZIdkE5cWJiMzB4M01oZjZoR2JOTnZ5NVZ3S0NkYjQ3ZzV4JTJCc051QWthZmRvWk1xVEpYRVQ4YzAlMkJEeFglMkZ0RTJFWEF3JTNEJTNEIiBDb3JyZWxhdGlvbkJpbmRpbmc9IiIgVXJsRW5jb2RlPSJGYWxzZSIgVXNlVG9Hcm91cFJlc3VsdHM9IkZhbHNlIiAvPg0KICAgICAgICA8UXVlcnlTdHJpbmdQYXJhbWV0ZXIgTmFtZT0icmVxdWVzdFVybCIgVmFsdWU9Imh0dHAlM0ElMkYlMkZsb2NhbGhvc3QlM0E0NjIzJTJGQXBpTGlzdCUyRk9hdXRoVG9rZW4iIFJlY29yZGVkVmFsdWU9Imh0dHAlM0ElMkYlMkZsb2NhbGhvc3QlM0E0NjIzJTJGQXBpTGlzdCUyRk9hdXRoVG9rZW4iIENvcnJlbGF0aW9uQmluZGluZz0iIiBVcmxFbmNvZGU9IkZhbHNlIiBVc2VUb0dyb3VwUmVzdWx0cz0iRmFsc2UiIC8+DQogICAgICAgIDxRdWVyeVN0cmluZ1BhcmFtZXRlciBOYW1lPSJicm93c2VyTmFtZSIgVmFsdWU9IkludGVybmV0K0V4cGxvcmVyIiBSZWNvcmRlZFZhbHVlPSJJbnRlcm5ldCtFeHBsb3JlciIgQ29ycmVsYXRpb25CaW5kaW5nPSIiIFVybEVuY29kZT0iRmFsc2UiIFVzZVRvR3JvdXBSZXN1bHRzPSJGYWxzZSIgLz4NCiAgICAgIDwvUXVlcnlTdHJpbmdQYXJhbWV0ZXJzPg0KICAgICAgPEZvcm1Qb3N0SHR0cEJvZHk+DQogICAgICAgIDxGb3JtUG9zdFBhcmFtZXRlciBOYW1lPSJkYXRhIiBWYWx1ZT0ieyZxdW90O25hbWUmcXVvdDs6JnF1b3Q7TWljcm9zb2Z0LlZpc3VhbFN0dWRpby5XZWIuQnJvd3NlckxpbmsuQ29yZUV4dGVuc2lvbkZhY3RvcnkuY29ubmVjdGVkJnF1b3Q7LCZxdW90O2NhbGxiYWNrSWQmcXVvdDs6MX0iIFJlY29yZGVkVmFsdWU9InsmcXVvdDtuYW1lJnF1b3Q7OiZxdW90O01pY3Jvc29mdC5WaXN1YWxTdHVkaW8uV2ViLkJyb3dzZXJMaW5rLkNvcmVFeHRlbnNpb25GYWN0b3J5LmNvbm5lY3RlZCZxdW90OywmcXVvdDtjYWxsYmFja0lkJnF1b3Q7OjF9IiBDb3JyZWxhdGlvbkJpbmRpbmc9IiIgVXJsRW5jb2RlPSJUcnVlIiAvPg0KICAgICAgPC9Gb3JtUG9zdEh0dHBCb2R5Pg0KICAgIDwvUmVxdWVzdD4NCiAgICA8UmVxdWVzdCBNZXRob2Q9IlBPU1QiIEd1aWQ9ImQ0MWUxYTk4LWRkYTktNGMwMC05ODgzLTFjMWViMmNlYTc1NSIgVmVyc2lvbj0iMS4xIiBVcmw9Imh0dHA6Ly9sb2NhbGhvc3Q6MTc1NDkvYTQ2ODAwMDgzZTI5NDM5YTg1ZDIxNmRiYzkyMDNiOTQvYXJ0ZXJ5U2lnbmFsUi9wb2xsIiBUaGlua1RpbWU9IjAiIFRpbWVvdXQ9IjMwMCIgUGFyc2VEZXBlbmRlbnRSZXF1ZXN0cz0iVHJ1ZSIgRm9sbG93UmVkaXJlY3RzPSJUcnVlIiBSZWNvcmRSZXN1bHQ9IlRydWUiIENhY2hlPSJGYWxzZSIgUmVzcG9uc2VUaW1lR29hbD0iMCIgRW5jb2Rpbmc9InV0Zi04IiBFeHBlY3RlZEh0dHBTdGF0dXNDb2RlPSIwIiBFeHBlY3RlZFJlc3BvbnNlVXJsPSIiIFJlcG9ydGluZ05hbWU9IiIgSWdub3JlSHR0cFN0YXR1c0NvZGU9IkZhbHNlIj4NCiAgICAgIDxIZWFkZXJzPg0KICAgICAgICA8SGVhZGVyIE5hbWU9IkNvbnRlbnQtVHlwZSIgVmFsdWU9ImFwcGxpY2F0aW9uL3gtd3d3LWZvcm0tdXJsZW5jb2RlZDsgY2hhcnNldD1VVEYtOCIgLz4NCiAgICAgICAgPEhlYWRlciBOYW1lPSJBY2NlcHQiIFZhbHVlPSJ0ZXh0L3BsYWluLCAqLyo7IHE9MC4wMSIgLz4NCiAgICAgICAgPEhlYWRlciBOYW1lPSJSZWZlcmVyIiBWYWx1ZT0iaHR0cDovL2xvY2FsaG9zdDo0NjIzL0FwaUxpc3QvT2F1dGhUb2tlbiIgLz4NCiAgICAgIDwvSGVhZGVycz4NCiAgICAgIDxRdWVyeVN0cmluZ1BhcmFtZXRlcnM+DQogICAgICAgIDxRdWVyeVN0cmluZ1BhcmFtZXRlciBOYW1lPSJ0cmFuc3BvcnQiIFZhbHVlPSJsb25nUG9sbGluZyIgUmVjb3JkZWRWYWx1ZT0ibG9uZ1BvbGxpbmciIENvcnJlbGF0aW9uQmluZGluZz0iIiBVcmxFbmNvZGU9IkZhbHNlIiBVc2VUb0dyb3VwUmVzdWx0cz0iRmFsc2UiIC8+DQogICAgICAgIDxRdWVyeVN0cmluZ1BhcmFtZXRlciBOYW1lPSJjb25uZWN0aW9uVG9rZW4iIFZhbHVlPSJBUUFBQU5DTW5kOEJGZEVSakhvQXdFJTJGQ2wlMkJzQkFBQUF6OHNFMVBWb2FVbXRsN2RURnVZWDdBQUFBQUFDQUFBQUFBQVFaZ0FBQUFFQUFDQUFBQUJBQnpTb0QyeUhWTldoTUtXMkFjMEREcEZXQnVHdVhIanhKY1B1TVlIcHFnQUFBQUFPZ0FBQUFBSUFBQ0FBQUFDZmxHRkRQb1dJcmhEcVhMcFdsMktxSTFqZ0d5ZVRLejJPejlYcUJWQ0hpVEFBQUFDOVJOcWthb1hNbWNjbDZzRzk2blZ0SEdHR3dhZHVQZnJnYmlZWHpZVjFuMCUyRjZNejlJWnJsMDNsVCUyRlV3MTJCbjlBQUFBQUs1amlUdzZITXRSQ3BTZEwwMUZIdkE5cWJiMzB4M01oZjZoR2JOTnZ5NVZ3S0NkYjQ3ZzV4JTJCc051QWthZmRvWk1xVEpYRVQ4YzAlMkJEeFglMkZ0RTJFWEF3JTNEJTNEIiBSZWNvcmRlZFZhbHVlPSJBUUFBQU5DTW5kOEJGZEVSakhvQXdFJTJGQ2wlMkJzQkFBQUF6OHNFMVBWb2FVbXRsN2RURnVZWDdBQUFBQUFDQUFBQUFBQVFaZ0FBQUFFQUFDQUFBQUJBQnpTb0QyeUhWTldoTUtXMkFjMEREcEZXQnVHdVhIanhKY1B1TVlIcHFnQUFBQUFPZ0FBQUFBSUFBQ0FBQUFDZmxHRkRQb1dJcmhEcVhMcFdsMktxSTFqZ0d5ZVRLejJPejlYcUJWQ0hpVEFBQUFDOVJOcWthb1hNbWNjbDZzRzk2blZ0SEdHR3dhZHVQZnJnYmlZWHpZVjFuMCUyRjZNejlJWnJsMDNsVCUyRlV3MTJCbjlBQUFBQUs1amlUdzZITXRSQ3BTZEwwMUZIdkE5cWJiMzB4M01oZjZoR2JOTnZ5NVZ3S0NkYjQ3ZzV4JTJCc051QWthZmRvWk1xVEpYRVQ4YzAlMkJEeFglMkZ0RTJFWEF3JTNEJTNEIiBDb3JyZWxhdGlvbkJpbmRpbmc9IiIgVXJsRW5jb2RlPSJGYWxzZSIgVXNlVG9Hcm91cFJlc3VsdHM9IkZhbHNlIiAvPg0KICAgICAgICA8UXVlcnlTdHJpbmdQYXJhbWV0ZXIgTmFtZT0ibWVzc2FnZUlkIiBWYWx1ZT0iZC1BRkJCRkIxRS1CJTJDMCU3Q1ElMkMxJTdDUiUyQzAiIFJlY29yZGVkVmFsdWU9ImQtQUZCQkZCMUUtQiUyQzAlN0NRJTJDMSU3Q1IlMkMwIiBDb3JyZWxhdGlvbkJpbmRpbmc9IiIgVXJsRW5jb2RlPSJGYWxzZSIgVXNlVG9Hcm91cFJlc3VsdHM9IkZhbHNlIiAvPg0KICAgICAgICA8UXVlcnlTdHJpbmdQYXJhbWV0ZXIgTmFtZT0icmVxdWVzdFVybCIgVmFsdWU9Imh0dHAlM0ElMkYlMkZsb2NhbGhvc3QlM0E0NjIzJTJGQXBpTGlzdCUyRk9hdXRoVG9rZW4iIFJlY29yZGVkVmFsdWU9Imh0dHAlM0ElMkYlMkZsb2NhbGhvc3QlM0E0NjIzJTJGQXBpTGlzdCUyRk9hdXRoVG9rZW4iIENvcnJlbGF0aW9uQmluZGluZz0iIiBVcmxFbmNvZGU9IkZhbHNlIiBVc2VUb0dyb3VwUmVzdWx0cz0iRmFsc2UiIC8+DQogICAgICAgIDxRdWVyeVN0cmluZ1BhcmFtZXRlciBOYW1lPSJicm93c2VyTmFtZSIgVmFsdWU9IkludGVybmV0K0V4cGxvcmVyIiBSZWNvcmRlZFZhbHVlPSJJbnRlcm5ldCtFeHBsb3JlciIgQ29ycmVsYXRpb25CaW5kaW5nPSIiIFVybEVuY29kZT0iRmFsc2UiIFVzZVRvR3JvdXBSZXN1bHRzPSJGYWxzZSIgLz4NCiAgICAgICAgPFF1ZXJ5U3RyaW5nUGFyYW1ldGVyIE5hbWU9InRpZCIgVmFsdWU9IjkiIFJlY29yZGVkVmFsdWU9IjkiIENvcnJlbGF0aW9uQmluZGluZz0iIiBVcmxFbmNvZGU9IkZhbHNlIiBVc2VUb0dyb3VwUmVzdWx0cz0iRmFsc2UiIC8+DQogICAgICAgIDxRdWVyeVN0cmluZ1BhcmFtZXRlciBOYW1lPSJfIiBWYWx1ZT0iMTM5NzYzMDk2Mjk3MyIgUmVjb3JkZWRWYWx1ZT0iMTM5NzYzMDk2Mjk3MyIgQ29ycmVsYXRpb25CaW5kaW5nPSIiIFVybEVuY29kZT0iRmFsc2UiIFVzZVRvR3JvdXBSZXN1bHRzPSJGYWxzZSIgLz4NCiAgICAgIDwvUXVlcnlTdHJpbmdQYXJhbWV0ZXJzPg0KICAgICAgPEZvcm1Qb3N0SHR0cEJvZHkgLz4NCiAgICA8L1JlcXVlc3Q+DQogICAgPFJlcXVlc3QgTWV0aG9kPSJQT1NUIiBHdWlkPSIyOWZlYzg1Ny03ZWZiLTQ4NjgtYWUwNS1kMWRlMjdmZTY0MTgiIFZlcnNpb249IjEuMSIgVXJsPSJodHRwOi8vbG9jYWxob3N0OjE3NTQ5L2E0NjgwMDA4M2UyOTQzOWE4NWQyMTZkYmM5MjAzYjk0L2FydGVyeVNpZ25hbFIvc2VuZCIgVGhpbmtUaW1lPSIwIiBUaW1lb3V0PSIzMDAiIFBhcnNlRGVwZW5kZW50UmVxdWVzdHM9IlRydWUiIEZvbGxvd1JlZGlyZWN0cz0iVHJ1ZSIgUmVjb3JkUmVzdWx0PSJUcnVlIiBDYWNoZT0iRmFsc2UiIFJlc3BvbnNlVGltZUdvYWw9IjAiIEVuY29kaW5nPSJ1dGYtOCIgRXhwZWN0ZWRIdHRwU3RhdHVzQ29kZT0iMCIgRXhwZWN0ZWRSZXNwb25zZVVybD0iIiBSZXBvcnRpbmdOYW1lPSIiIElnbm9yZUh0dHBTdGF0dXNDb2RlPSJGYWxzZSI+DQogICAgICA8SGVhZGVycz4NCiAgICAgICAgPEhlYWRlciBOYW1lPSJBY2NlcHQiIFZhbHVlPSJ0ZXh0L3BsYWluLCAqLyo7IHE9MC4wMSIgLz4NCiAgICAgICAgPEhlYWRlciBOYW1lPSJSZWZlcmVyIiBWYWx1ZT0iaHR0cDovL2xvY2FsaG9zdDo0NjIzL0FwaUxpc3QvT2F1dGhUb2tlbiIgLz4NCiAgICAgIDwvSGVhZGVycz4NCiAgICAgIDxRdWVyeVN0cmluZ1BhcmFtZXRlcnM+DQogICAgICAgIDxRdWVyeVN0cmluZ1BhcmFtZXRlciBOYW1lPSJ0cmFuc3BvcnQiIFZhbHVlPSJsb25nUG9sbGluZyIgUmVjb3JkZWRWYWx1ZT0ibG9uZ1BvbGxpbmciIENvcnJlbGF0aW9uQmluZGluZz0iIiBVcmxFbmNvZGU9IkZhbHNlIiBVc2VUb0dyb3VwUmVzdWx0cz0iRmFsc2UiIC8+DQogICAgICAgIDxRdWVyeVN0cmluZ1BhcmFtZXRlciBOYW1lPSJjb25uZWN0aW9uVG9rZW4iIFZhbHVlPSJBUUFBQU5DTW5kOEJGZEVSakhvQXdFJTJGQ2wlMkJzQkFBQUF6OHNFMVBWb2FVbXRsN2RURnVZWDdBQUFBQUFDQUFBQUFBQVFaZ0FBQUFFQUFDQUFBQUJBQnpTb0QyeUhWTldoTUtXMkFjMEREcEZXQnVHdVhIanhKY1B1TVlIcHFnQUFBQUFPZ0FBQUFBSUFBQ0FBQUFDZmxHRkRQb1dJcmhEcVhMcFdsMktxSTFqZ0d5ZVRLejJPejlYcUJWQ0hpVEFBQUFDOVJOcWthb1hNbWNjbDZzRzk2blZ0SEdHR3dhZHVQZnJnYmlZWHpZVjFuMCUyRjZNejlJWnJsMDNsVCUyRlV3MTJCbjlBQUFBQUs1amlUdzZITXRSQ3BTZEwwMUZIdkE5cWJiMzB4M01oZjZoR2JOTnZ5NVZ3S0NkYjQ3ZzV4JTJCc051QWthZmRvWk1xVEpYRVQ4YzAlMkJEeFglMkZ0RTJFWEF3JTNEJTNEIiBSZWNvcmRlZFZhbHVlPSJBUUFBQU5DTW5kOEJGZEVSakhvQXdFJTJGQ2wlMkJzQkFBQUF6OHNFMVBWb2FVbXRsN2RURnVZWDdBQUFBQUFDQUFBQUFBQVFaZ0FBQUFFQUFDQUFBQUJBQnpTb0QyeUhWTldoTUtXMkFjMEREcEZXQnVHdVhIanhKY1B1TVlIcHFnQUFBQUFPZ0FBQUFBSUFBQ0FBQUFDZmxHRkRQb1dJcmhEcVhMcFdsMktxSTFqZ0d5ZVRLejJPejlYcUJWQ0hpVEFBQUFDOVJOcWthb1hNbWNjbDZzRzk2blZ0SEdHR3dhZHVQZnJnYmlZWHpZVjFuMCUyRjZNejlJWnJsMDNsVCUyRlV3MTJCbjlBQUFBQUs1amlUdzZITXRSQ3BTZEwwMUZIdkE5cWJiMzB4M01oZjZoR2JOTnZ5NVZ3S0NkYjQ3ZzV4JTJCc051QWthZmRvWk1xVEpYRVQ4YzAlMkJEeFglMkZ0RTJFWEF3JTNEJTNEIiBDb3JyZWxhdGlvbkJpbmRpbmc9IiIgVXJsRW5jb2RlPSJGYWxzZSIgVXNlVG9Hcm91cFJlc3VsdHM9IkZhbHNlIiAvPg0KICAgICAgICA8UXVlcnlTdHJpbmdQYXJhbWV0ZXIgTmFtZT0icmVxdWVzdFVybCIgVmFsdWU9Imh0dHAlM0ElMkYlMkZsb2NhbGhvc3QlM0E0NjIzJTJGQXBpTGlzdCUyRk9hdXRoVG9rZW4iIFJlY29yZGVkVmFsdWU9Imh0dHAlM0ElMkYlMkZsb2NhbGhvc3QlM0E0NjIzJTJGQXBpTGlzdCUyRk9hdXRoVG9rZW4iIENvcnJlbGF0aW9uQmluZGluZz0iIiBVcmxFbmNvZGU9IkZhbHNlIiBVc2VUb0dyb3VwUmVzdWx0cz0iRmFsc2UiIC8+DQogICAgICAgIDxRdWVyeVN0cmluZ1BhcmFtZXRlciBOYW1lPSJicm93c2VyTmFtZSIgVmFsdWU9IkludGVybmV0K0V4cGxvcmVyIiBSZWNvcmRlZFZhbHVlPSJJbnRlcm5ldCtFeHBsb3JlciIgQ29ycmVsYXRpb25CaW5kaW5nPSIiIFVybEVuY29kZT0iRmFsc2UiIFVzZVRvR3JvdXBSZXN1bHRzPSJGYWxzZSIgLz4NCiAgICAgIDwvUXVlcnlTdHJpbmdQYXJhbWV0ZXJzPg0KICAgICAgPEZvcm1Qb3N0SHR0cEJvZHk+DQogICAgICAgIDxGb3JtUG9zdFBhcmFtZXRlciBOYW1lPSJkYXRhIiBWYWx1ZT0ieyZxdW90O25hbWUmcXVvdDs6JnF1b3Q7bWljcm9zb2Z0LnZpc3VhbHN0dWRpby53ZWIuYnJvd3NlcmxpbmsuaHRtbG1hcHBpbmdleHRlbnNpb25mYWN0b3J5LnJlc29sdmVVcmwmcXVvdDssJnF1b3Q7YXJncyZxdW90OzpbJnF1b3Q7fi9fX2Jyb3dzZXJMaW5rL3JlcXVlc3REYXRhL2U4ZWZkZGY0NWI2NjQ5M2Y5M2JkNGU5YTcxNjgzNmYwJnF1b3Q7XSwmcXVvdDtjYWxsYmFja0lkJnF1b3Q7OjJ9IiBSZWNvcmRlZFZhbHVlPSJ7JnF1b3Q7bmFtZSZxdW90OzomcXVvdDttaWNyb3NvZnQudmlzdWFsc3R1ZGlvLndlYi5icm93c2VybGluay5odG1sbWFwcGluZ2V4dGVuc2lvbmZhY3RvcnkucmVzb2x2ZVVybCZxdW90OywmcXVvdDthcmdzJnF1b3Q7OlsmcXVvdDt+L19fYnJvd3NlckxpbmsvcmVxdWVzdERhdGEvZThlZmRkZjQ1YjY2NDkzZjkzYmQ0ZTlhNzE2ODM2ZjAmcXVvdDtdLCZxdW90O2NhbGxiYWNrSWQmcXVvdDs6Mn0iIENvcnJlbGF0aW9uQmluZGluZz0iIiBVcmxFbmNvZGU9IlRydWUiIC8+DQogICAgICA8L0Zvcm1Qb3N0SHR0cEJvZHk+DQogICAgPC9SZXF1ZXN0Pg0KICAgIDxSZXF1ZXN0IE1ldGhvZD0iUE9TVCIgR3VpZD0iYWFkNzk2NmQtYTk2Ni00M2QzLTkyZTgtOWYzODlkNzY0ODExIiBWZXJzaW9uPSIxLjEiIFVybD0iaHR0cDovL2xvY2FsaG9zdDoxNzU0OS9hNDY4MDAwODNlMjk0MzlhODVkMjE2ZGJjOTIwM2I5NC9hcnRlcnlTaWduYWxSL3BvbGwiIFRoaW5rVGltZT0iMCIgVGltZW91dD0iMzAwIiBQYXJzZURlcGVuZGVudFJlcXVlc3RzPSJUcnVlIiBGb2xsb3dSZWRpcmVjdHM9IlRydWUiIFJlY29yZFJlc3VsdD0iVHJ1ZSIgQ2FjaGU9IkZhbHNlIiBSZXNwb25zZVRpbWVHb2FsPSIwIiBFbmNvZGluZz0idXRmLTgiIEV4cGVjdGVkSHR0cFN0YXR1c0NvZGU9IjAiIEV4cGVjdGVkUmVzcG9uc2VVcmw9IiIgUmVwb3J0aW5nTmFtZT0iIiBJZ25vcmVIdHRwU3RhdHVzQ29kZT0iRmFsc2UiPg0KICAgICAgPEhlYWRlcnM+DQogICAgICAgIDxIZWFkZXIgTmFtZT0iQ29udGVudC1UeXBlIiBWYWx1ZT0iYXBwbGljYXRpb24veC13d3ctZm9ybS11cmxlbmNvZGVkOyBjaGFyc2V0PVVURi04IiAvPg0KICAgICAgICA8SGVhZGVyIE5hbWU9IkFjY2VwdCIgVmFsdWU9InRleHQvcGxhaW4sICovKjsgcT0wLjAxIiAvPg0KICAgICAgICA8SGVhZGVyIE5hbWU9IlJlZmVyZXIiIFZhbHVlPSJodHRwOi8vbG9jYWxob3N0OjQ2MjMvQXBpTGlzdC9PYXV0aFRva2VuIiAvPg0KICAgICAgPC9IZWFkZXJzPg0KICAgICAgPFF1ZXJ5U3RyaW5nUGFyYW1ldGVycz4NCiAgICAgICAgPFF1ZXJ5U3RyaW5nUGFyYW1ldGVyIE5hbWU9InRyYW5zcG9ydCIgVmFsdWU9ImxvbmdQb2xsaW5nIiBSZWNvcmRlZFZhbHVlPSJsb25nUG9sbGluZyIgQ29ycmVsYXRpb25CaW5kaW5nPSIiIFVybEVuY29kZT0iRmFsc2UiIFVzZVRvR3JvdXBSZXN1bHRzPSJGYWxzZSIgLz4NCiAgICAgICAgPFF1ZXJ5U3RyaW5nUGFyYW1ldGVyIE5hbWU9ImNvbm5lY3Rpb25Ub2tlbiIgVmFsdWU9IkFRQUFBTkNNbmQ4QkZkRVJqSG9Bd0UlMkZDbCUyQnNCQUFBQXo4c0UxUFZvYVVtdGw3ZFRGdVlYN0FBQUFBQUNBQUFBQUFBUVpnQUFBQUVBQUNBQUFBQkFCelNvRDJ5SFZOV2hNS1cyQWMwRERwRldCdUd1WEhqeEpjUHVNWUhwcWdBQUFBQU9nQUFBQUFJQUFDQUFBQUNmbEdGRFBvV0lyaERxWExwV2wyS3FJMWpnR3llVEt6Mk96OVhxQlZDSGlUQUFBQUM5Uk5xa2FvWE1tY2NsNnNHOTZuVnRIR0dHd2FkdVBmcmdiaVlYellWMW4wJTJGNk16OUlacmwwM2xUJTJGVXcxMkJuOUFBQUFBSzVqaVR3NkhNdFJDcFNkTDAxRkh2QTlxYmIzMHgzTWhmNmhHYk5Odnk1VndLQ2RiNDdnNXglMkJzTnVBa2FmZG9aTXFUSlhFVDhjMCUyQkR4WCUyRnRFMkVYQXclM0QlM0QiIFJlY29yZGVkVmFsdWU9IkFRQUFBTkNNbmQ4QkZkRVJqSG9Bd0UlMkZDbCUyQnNCQUFBQXo4c0UxUFZvYVVtdGw3ZFRGdVlYN0FBQUFBQUNBQUFBQUFBUVpnQUFBQUVBQUNBQUFBQkFCelNvRDJ5SFZOV2hNS1cyQWMwRERwRldCdUd1WEhqeEpjUHVNWUhwcWdBQUFBQU9nQUFBQUFJQUFDQUFBQUNmbEdGRFBvV0lyaERxWExwV2wyS3FJMWpnR3llVEt6Mk96OVhxQlZDSGlUQUFBQUM5Uk5xa2FvWE1tY2NsNnNHOTZuVnRIR0dHd2FkdVBmcmdiaVlYellWMW4wJTJGNk16OUlacmwwM2xUJTJGVXcxMkJuOUFBQUFBSzVqaVR3NkhNdFJDcFNkTDAxRkh2QTlxYmIzMHgzTWhmNmhHYk5Odnk1VndLQ2RiNDdnNXglMkJzTnVBa2FmZG9aTXFUSlhFVDhjMCUyQkR4WCUyRnRFMkVYQXclM0QlM0QiIENvcnJlbGF0aW9uQmluZGluZz0iIiBVcmxFbmNvZGU9IkZhbHNlIiBVc2VUb0dyb3VwUmVzdWx0cz0iRmFsc2UiIC8+DQogICAgICAgIDxRdWVyeVN0cmluZ1BhcmFtZXRlciBOYW1lPSJtZXNzYWdlSWQiIFZhbHVlPSJkLUFGQkJGQjFFLUIlMkMwJTdDUSUyQzIlN0NSJTJDMCIgUmVjb3JkZWRWYWx1ZT0iZC1BRkJCRkIxRS1CJTJDMCU3Q1ElMkMyJTdDUiUyQzAiIENvcnJlbGF0aW9uQmluZGluZz0iIiBVcmxFbmNvZGU9IkZhbHNlIiBVc2VUb0dyb3VwUmVzdWx0cz0iRmFsc2UiIC8+DQogICAgICAgIDxRdWVyeVN0cmluZ1BhcmFtZXRlciBOYW1lPSJyZXF1ZXN0VXJsIiBWYWx1ZT0iaHR0cCUzQSUyRiUyRmxvY2FsaG9zdCUzQTQ2MjMlMkZBcGlMaXN0JTJGT2F1dGhUb2tlbiIgUmVjb3JkZWRWYWx1ZT0iaHR0cCUzQSUyRiUyRmxvY2FsaG9zdCUzQTQ2MjMlMkZBcGlMaXN0JTJGT2F1dGhUb2tlbiIgQ29ycmVsYXRpb25CaW5kaW5nPSIiIFVybEVuY29kZT0iRmFsc2UiIFVzZVRvR3JvdXBSZXN1bHRzPSJGYWxzZSIgLz4NCiAgICAgICAgPFF1ZXJ5U3RyaW5nUGFyYW1ldGVyIE5hbWU9ImJyb3dzZXJOYW1lIiBWYWx1ZT0iSW50ZXJuZXQrRXhwbG9yZXIiIFJlY29yZGVkVmFsdWU9IkludGVybmV0K0V4cGxvcmVyIiBDb3JyZWxhdGlvbkJpbmRpbmc9IiIgVXJsRW5jb2RlPSJGYWxzZSIgVXNlVG9Hcm91cFJlc3VsdHM9IkZhbHNlIiAvPg0KICAgICAgICA8UXVlcnlTdHJpbmdQYXJhbWV0ZXIgTmFtZT0idGlkIiBWYWx1ZT0iNyIgUmVjb3JkZWRWYWx1ZT0iNyIgQ29ycmVsYXRpb25CaW5kaW5nPSIiIFVybEVuY29kZT0iRmFsc2UiIFVzZVRvR3JvdXBSZXN1bHRzPSJGYWxzZSIgLz4NCiAgICAgICAgPFF1ZXJ5U3RyaW5nUGFyYW1ldGVyIE5hbWU9Il8iIFZhbHVlPSIxMzk3NjMwOTYzMTgyIiBSZWNvcmRlZFZhbHVlPSIxMzk3NjMwOTYzMTgyIiBDb3JyZWxhdGlvbkJpbmRpbmc9IiIgVXJsRW5jb2RlPSJGYWxzZSIgVXNlVG9Hcm91cFJlc3VsdHM9IkZhbHNlIiAvPg0KICAgICAgPC9RdWVyeVN0cmluZ1BhcmFtZXRlcnM+DQogICAgICA8Rm9ybVBvc3RIdHRwQm9keSAvPg0KICAgIDwvUmVxdWVzdD4NCiAgICA8UmVxdWVzdCBNZXRob2Q9IkdFVCIgR3VpZD0iOGI5NjIyNTItMGJiYi00ODQ0LTk0NmQtNTViY2NiMmJkYjI2IiBWZXJzaW9uPSIxLjEiIFVybD0iaHR0cDovL2xvY2FsaG9zdDo0NjIzL19fYnJvd3NlckxpbmsvcmVxdWVzdERhdGEvZThlZmRkZjQ1YjY2NDkzZjkzYmQ0ZTlhNzE2ODM2ZjAiIFRoaW5rVGltZT0iMCIgVGltZW91dD0iMzAwIiBQYXJzZURlcGVuZGVudFJlcXVlc3RzPSJUcnVlIiBGb2xsb3dSZWRpcmVjdHM9IlRydWUiIFJlY29yZFJlc3VsdD0iVHJ1ZSIgQ2FjaGU9IkZhbHNlIiBSZXNwb25zZVRpbWVHb2FsPSIwIiBFbmNvZGluZz0idXRmLTgiIEV4cGVjdGVkSHR0cFN0YXR1c0NvZGU9IjAiIEV4cGVjdGVkUmVzcG9uc2VVcmw9IiIgUmVwb3J0aW5nTmFtZT0iIiBJZ25vcmVIdHRwU3RhdHVzQ29kZT0iRmFsc2UiPg0KICAgICAgPEhlYWRlcnM+DQogICAgICAgIDxIZWFkZXIgTmFtZT0iQWNjZXB0IiBWYWx1ZT0iYXBwbGljYXRpb24vanNvbiwgdGV4dC9qYXZhc2NyaXB0LCAqLyo7IHE9MC4wMSIgLz4NCiAgICAgICAgPEhlYWRlciBOYW1lPSJYLVJlcXVlc3RlZC1XaXRoIiBWYWx1ZT0iWE1MSHR0cFJlcXVlc3QiIC8+DQogICAgICAgIDxIZWFkZXIgTmFtZT0iUmVmZXJlciIgVmFsdWU9Imh0dHA6Ly9sb2NhbGhvc3Q6NDYyMy9BcGlMaXN0L09hdXRoVG9rZW4iIC8+DQogICAgICA8L0hlYWRlcnM+DQogICAgPC9SZXF1ZXN0Pg0KICAgIDxSZXF1ZXN0IE1ldGhvZD0iUE9TVCIgR3VpZD0iMzg4NWJlM2MtZmUxNy00NjU1LWI0ZWEtNGQ0ZTEzYTZkMDIzIiBWZXJzaW9uPSIxLjEiIFVybD0iaHR0cDovL2xvY2FsaG9zdDoxNzU0OS9hNDY4MDAwODNlMjk0MzlhODVkMjE2ZGJjOTIwM2I5NC9hcnRlcnlTaWduYWxSL3BvbGwiIFRoaW5rVGltZT0iMCIgVGltZW91dD0iMzAwIiBQYXJzZURlcGVuZGVudFJlcXVlc3RzPSJUcnVlIiBGb2xsb3dSZWRpcmVjdHM9IlRydWUiIFJlY29yZFJlc3VsdD0iVHJ1ZSIgQ2FjaGU9IkZhbHNlIiBSZXNwb25zZVRpbWVHb2FsPSIwIiBFbmNvZGluZz0idXRmLTgiIEV4cGVjdGVkSHR0cFN0YXR1c0NvZGU9IjAiIEV4cGVjdGVkUmVzcG9uc2VVcmw9IiIgUmVwb3J0aW5nTmFtZT0iIiBJZ25vcmVIdHRwU3RhdHVzQ29kZT0iRmFsc2UiPg0KICAgICAgPEhlYWRlcnM+DQogICAgICAgIDxIZWFkZXIgTmFtZT0iQ29udGVudC1UeXBlIiBWYWx1ZT0iYXBwbGljYXRpb24veC13d3ctZm9ybS11cmxlbmNvZGVkOyBjaGFyc2V0PVVURi04IiAvPg0KICAgICAgICA8SGVhZGVyIE5hbWU9IkFjY2VwdCIgVmFsdWU9InRleHQvcGxhaW4sICovKjsgcT0wLjAxIiAvPg0KICAgICAgICA8SGVhZGVyIE5hbWU9IlJlZmVyZXIiIFZhbHVlPSJodHRwOi8vbG9jYWxob3N0OjQ2MjMvQXBpTGlzdC9PYXV0aFRva2VuIiAvPg0KICAgICAgPC9IZWFkZXJzPg0KICAgICAgPFF1ZXJ5U3RyaW5nUGFyYW1ldGVycz4NCiAgICAgICAgPFF1ZXJ5U3RyaW5nUGFyYW1ldGVyIE5hbWU9InRyYW5zcG9ydCIgVmFsdWU9ImxvbmdQb2xsaW5nIiBSZWNvcmRlZFZhbHVlPSJsb25nUG9sbGluZyIgQ29ycmVsYXRpb25CaW5kaW5nPSIiIFVybEVuY29kZT0iRmFsc2UiIFVzZVRvR3JvdXBSZXN1bHRzPSJGYWxzZSIgLz4NCiAgICAgICAgPFF1ZXJ5U3RyaW5nUGFyYW1ldGVyIE5hbWU9ImNvbm5lY3Rpb25Ub2tlbiIgVmFsdWU9IkFRQUFBTkNNbmQ4QkZkRVJqSG9Bd0UlMkZDbCUyQnNCQUFBQXo4c0UxUFZvYVVtdGw3ZFRGdVlYN0FBQUFBQUNBQUFBQUFBUVpnQUFBQUVBQUNBQUFBQkFCelNvRDJ5SFZOV2hNS1cyQWMwRERwRldCdUd1WEhqeEpjUHVNWUhwcWdBQUFBQU9nQUFBQUFJQUFDQUFBQUNmbEdGRFBvV0lyaERxWExwV2wyS3FJMWpnR3llVEt6Mk96OVhxQlZDSGlUQUFBQUM5Uk5xa2FvWE1tY2NsNnNHOTZuVnRIR0dHd2FkdVBmcmdiaVlYellWMW4wJTJGNk16OUlacmwwM2xUJTJGVXcxMkJuOUFBQUFBSzVqaVR3NkhNdFJDcFNkTDAxRkh2QTlxYmIzMHgzTWhmNmhHYk5Odnk1VndLQ2RiNDdnNXglMkJzTnVBa2FmZG9aTXFUSlhFVDhjMCUyQkR4WCUyRnRFMkVYQXclM0QlM0QiIFJlY29yZGVkVmFsdWU9IkFRQUFBTkNNbmQ4QkZkRVJqSG9Bd0UlMkZDbCUyQnNCQUFBQXo4c0UxUFZvYVVtdGw3ZFRGdVlYN0FBQUFBQUNBQUFBQUFBUVpnQUFBQUVBQUNBQUFBQkFCelNvRDJ5SFZOV2hNS1cyQWMwRERwRldCdUd1WEhqeEpjUHVNWUhwcWdBQUFBQU9nQUFBQUFJQUFDQUFBQUNmbEdGRFBvV0lyaERxWExwV2wyS3FJMWpnR3llVEt6Mk96OVhxQlZDSGlUQUFBQUM5Uk5xa2FvWE1tY2NsNnNHOTZuVnRIR0dHd2FkdVBmcmdiaVlYellWMW4wJTJGNk16OUlacmwwM2xUJTJGVXcxMkJuOUFBQUFBSzVqaVR3NkhNdFJDcFNkTDAxRkh2QTlxYmIzMHgzTWhmNmhHYk5Odnk1VndLQ2RiNDdnNXglMkJzTnVBa2FmZG9aTXFUSlhFVDhjMCUyQkR4WCUyRnRFMkVYQXclM0QlM0QiIENvcnJlbGF0aW9uQmluZGluZz0iIiBVcmxFbmNvZGU9IkZhbHNlIiBVc2VUb0dyb3VwUmVzdWx0cz0iRmFsc2UiIC8+DQogICAgICAgIDxRdWVyeVN0cmluZ1BhcmFtZXRlciBOYW1lPSJtZXNzYWdlSWQiIFZhbHVlPSJkLUFGQkJGQjFFLUIlMkMwJTdDUSUyQzMlN0NSJTJDMCIgUmVjb3JkZWRWYWx1ZT0iZC1BRkJCRkIxRS1CJTJDMCU3Q1ElMkMzJTdDUiUyQzAiIENvcnJlbGF0aW9uQmluZGluZz0iIiBVcmxFbmNvZGU9IkZhbHNlIiBVc2VUb0dyb3VwUmVzdWx0cz0iRmFsc2UiIC8+DQogICAgICAgIDxRdWVyeVN0cmluZ1BhcmFtZXRlciBOYW1lPSJyZXF1ZXN0VXJsIiBWYWx1ZT0iaHR0cCUzQSUyRiUyRmxvY2FsaG9zdCUzQTQ2MjMlMkZBcGlMaXN0JTJGT2F1dGhUb2tlbiIgUmVjb3JkZWRWYWx1ZT0iaHR0cCUzQSUyRiUyRmxvY2FsaG9zdCUzQTQ2MjMlMkZBcGlMaXN0JTJGT2F1dGhUb2tlbiIgQ29ycmVsYXRpb25CaW5kaW5nPSIiIFVybEVuY29kZT0iRmFsc2UiIFVzZVRvR3JvdXBSZXN1bHRzPSJGYWxzZSIgLz4NCiAgICAgICAgPFF1ZXJ5U3RyaW5nUGFyYW1ldGVyIE5hbWU9ImJyb3dzZXJOYW1lIiBWYWx1ZT0iSW50ZXJuZXQrRXhwbG9yZXIiIFJlY29yZGVkVmFsdWU9IkludGVybmV0K0V4cGxvcmVyIiBDb3JyZWxhdGlvbkJpbmRpbmc9IiIgVXJsRW5jb2RlPSJGYWxzZSIgVXNlVG9Hcm91cFJlc3VsdHM9IkZhbHNlIiAvPg0KICAgICAgICA8UXVlcnlTdHJpbmdQYXJhbWV0ZXIgTmFtZT0idGlkIiBWYWx1ZT0iMSIgUmVjb3JkZWRWYWx1ZT0iMSIgQ29ycmVsYXRpb25CaW5kaW5nPSIiIFVybEVuY29kZT0iRmFsc2UiIFVzZVRvR3JvdXBSZXN1bHRzPSJGYWxzZSIgLz4NCiAgICAgICAgPFF1ZXJ5U3RyaW5nUGFyYW1ldGVyIE5hbWU9Il8iIFZhbHVlPSIxMzk3NjMwOTYzMzE1IiBSZWNvcmRlZFZhbHVlPSIxMzk3NjMwOTYzMzE1IiBDb3JyZWxhdGlvbkJpbmRpbmc9IiIgVXJsRW5jb2RlPSJGYWxzZSIgVXNlVG9Hcm91cFJlc3VsdHM9IkZhbHNlIiAvPg0KICAgICAgPC9RdWVyeVN0cmluZ1BhcmFtZXRlcnM+DQogICAgICA8Rm9ybVBvc3RIdHRwQm9keSAvPg0KICAgIDwvUmVxdWVzdD4NCiAgICA8UmVxdWVzdCBNZXRob2Q9IlBPU1QiIEd1aWQ9IjdhZmExNTYzLTAzOGQtNGY3YS1hZGM0LWVkMGE5NThhYWI4OCIgVmVyc2lvbj0iMS4xIiBVcmw9Imh0dHA6Ly9sb2NhbGhvc3Q6MTc1NDkvYTQ2ODAwMDgzZTI5NDM5YTg1ZDIxNmRiYzkyMDNiOTQvYXJ0ZXJ5U2lnbmFsUi9zZW5kIiBUaGlua1RpbWU9IjEiIFRpbWVvdXQ9IjMwMCIgUGFyc2VEZXBlbmRlbnRSZXF1ZXN0cz0iVHJ1ZSIgRm9sbG93UmVkaXJlY3RzPSJUcnVlIiBSZWNvcmRSZXN1bHQ9IlRydWUiIENhY2hlPSJGYWxzZSIgUmVzcG9uc2VUaW1lR29hbD0iMCIgRW5jb2Rpbmc9InV0Zi04IiBFeHBlY3RlZEh0dHBTdGF0dXNDb2RlPSIwIiBFeHBlY3RlZFJlc3BvbnNlVXJsPSIiIFJlcG9ydGluZ05hbWU9IiIgSWdub3JlSHR0cFN0YXR1c0NvZGU9IkZhbHNlIj4NCiAgICAgIDxIZWFkZXJzPg0KICAgICAgICA8SGVhZGVyIE5hbWU9IkFjY2VwdCIgVmFsdWU9InRleHQvcGxhaW4sICovKjsgcT0wLjAxIiAvPg0KICAgICAgICA8SGVhZGVyIE5hbWU9IlJlZmVyZXIiIFZhbHVlPSJodHRwOi8vbG9jYWxob3N0OjQ2MjMvQXBpTGlzdC9PYXV0aFRva2VuIiAvPg0KICAgICAgPC9IZWFkZXJzPg0KICAgICAgPFF1ZXJ5U3RyaW5nUGFyYW1ldGVycz4NCiAgICAgICAgPFF1ZXJ5U3RyaW5nUGFyYW1ldGVyIE5hbWU9InRyYW5zcG9ydCIgVmFsdWU9ImxvbmdQb2xsaW5nIiBSZWNvcmRlZFZhbHVlPSJsb25nUG9sbGluZyIgQ29ycmVsYXRpb25CaW5kaW5nPSIiIFVybEVuY29kZT0iRmFsc2UiIFVzZVRvR3JvdXBSZXN1bHRzPSJGYWxzZSIgLz4NCiAgICAgICAgPFF1ZXJ5U3RyaW5nUGFyYW1ldGVyIE5hbWU9ImNvbm5lY3Rpb25Ub2tlbiIgVmFsdWU9IkFRQUFBTkNNbmQ4QkZkRVJqSG9Bd0UlMkZDbCUyQnNCQUFBQXo4c0UxUFZvYVVtdGw3ZFRGdVlYN0FBQUFBQUNBQUFBQUFBUVpnQUFBQUVBQUNBQUFBQkFCelNvRDJ5SFZOV2hNS1cyQWMwRERwRldCdUd1WEhqeEpjUHVNWUhwcWdBQUFBQU9nQUFBQUFJQUFDQUFBQUNmbEdGRFBvV0lyaERxWExwV2wyS3FJMWpnR3llVEt6Mk96OVhxQlZDSGlUQUFBQUM5Uk5xa2FvWE1tY2NsNnNHOTZuVnRIR0dHd2FkdVBmcmdiaVlYellWMW4wJTJGNk16OUlacmwwM2xUJTJGVXcxMkJuOUFBQUFBSzVqaVR3NkhNdFJDcFNkTDAxRkh2QTlxYmIzMHgzTWhmNmhHYk5Odnk1VndLQ2RiNDdnNXglMkJzTnVBa2FmZG9aTXFUSlhFVDhjMCUyQkR4WCUyRnRFMkVYQXclM0QlM0QiIFJlY29yZGVkVmFsdWU9IkFRQUFBTkNNbmQ4QkZkRVJqSG9Bd0UlMkZDbCUyQnNCQUFBQXo4c0UxUFZvYVVtdGw3ZFRGdVlYN0FBQUFBQUNBQUFBQUFBUVpnQUFBQUVBQUNBQUFBQkFCelNvRDJ5SFZOV2hNS1cyQWMwRERwRldCdUd1WEhqeEpjUHVNWUhwcWdBQUFBQU9nQUFBQUFJQUFDQUFBQUNmbEdGRFBvV0lyaERxWExwV2wyS3FJMWpnR3llVEt6Mk96OVhxQlZDSGlUQUFBQUM5Uk5xa2FvWE1tY2NsNnNHOTZuVnRIR0dHd2FkdVBmcmdiaVlYellWMW4wJTJGNk16OUlacmwwM2xUJTJGVXcxMkJuOUFBQUFBSzVqaVR3NkhNdFJDcFNkTDAxRkh2QTlxYmIzMHgzTWhmNmhHYk5Odnk1VndLQ2RiNDdnNXglMkJzTnVBa2FmZG9aTXFUSlhFVDhjMCUyQkR4WCUyRnRFMkVYQXclM0QlM0QiIENvcnJlbGF0aW9uQmluZGluZz0iIiBVcmxFbmNvZGU9IkZhbHNlIiBVc2VUb0dyb3VwUmVzdWx0cz0iRmFsc2UiIC8+DQogICAgICAgIDxRdWVyeVN0cmluZ1BhcmFtZXRlciBOYW1lPSJyZXF1ZXN0VXJsIiBWYWx1ZT0iaHR0cCUzQSUyRiUyRmxvY2FsaG9zdCUzQTQ2MjMlMkZBcGlMaXN0JTJGT2F1dGhUb2tlbiIgUmVjb3JkZWRWYWx1ZT0iaHR0cCUzQSUyRiUyRmxvY2FsaG9zdCUzQTQ2MjMlMkZBcGlMaXN0JTJGT2F1dGhUb2tlbiIgQ29ycmVsYXRpb25CaW5kaW5nPSIiIFVybEVuY29kZT0iRmFsc2UiIFVzZVRvR3JvdXBSZXN1bHRzPSJGYWxzZSIgLz4NCiAgICAgICAgPFF1ZXJ5U3RyaW5nUGFyYW1ldGVyIE5hbWU9ImJyb3dzZXJOYW1lIiBWYWx1ZT0iSW50ZXJuZXQrRXhwbG9yZXIiIFJlY29yZGVkVmFsdWU9IkludGVybmV0K0V4cGxvcmVyIiBDb3JyZWxhdGlvbkJpbmRpbmc9IiIgVXJsRW5jb2RlPSJGYWxzZSIgVXNlVG9Hcm91cFJlc3VsdHM9IkZhbHNlIiAvPg0KICAgICAgPC9RdWVyeVN0cmluZ1BhcmFtZXRlcnM+DQogICAgICA8Rm9ybVBvc3RIdHRwQm9keT4NCiAgICAgICAgPEZvcm1Qb3N0UGFyYW1ldGVyIE5hbWU9ImRhdGEiIFZhbHVlPSJ7JnF1b3Q7bmFtZSZxdW90OzomcXVvdDttaWNyb3NvZnQudmlzdWFsc3R1ZGlvLndlYi5icm93c2VybGluay5odG1sbWFwcGluZ2V4dGVuc2lvbmZhY3RvcnkucmVzb2x2ZVNvdXJjZUZpbGVQYXRocyZxdW90OywmcXVvdDthcmdzJnF1b3Q7OltbJnF1b3Q7fi9WaWV3cy9BcGlMaXN0L09hdXRoVG9rZW4uY3NodG1sJnF1b3Q7XV0sJnF1b3Q7Y2FsbGJhY2tJZCZxdW90OzozfSIgUmVjb3JkZWRWYWx1ZT0ieyZxdW90O25hbWUmcXVvdDs6JnF1b3Q7bWljcm9zb2Z0LnZpc3VhbHN0dWRpby53ZWIuYnJvd3NlcmxpbmsuaHRtbG1hcHBpbmdleHRlbnNpb25mYWN0b3J5LnJlc29sdmVTb3VyY2VGaWxlUGF0aHMmcXVvdDssJnF1b3Q7YXJncyZxdW90OzpbWyZxdW90O34vVmlld3MvQXBpTGlzdC9PYXV0aFRva2VuLmNzaHRtbCZxdW90O11dLCZxdW90O2NhbGxiYWNrSWQmcXVvdDs6M30iIENvcnJlbGF0aW9uQmluZGluZz0iIiBVcmxFbmNvZGU9IlRydWUiIC8+DQogICAgICA8L0Zvcm1Qb3N0SHR0cEJvZHk+DQogICAgPC9SZXF1ZXN0Pg0KICAgIDxSZXF1ZXN0IE1ldGhvZD0iR0VUIiBHdWlkPSI1MzU0ZGU4YS1kZDc1LTQxZTAtYjE5NS00OTIxNmQ2YTEwMTMiIFZlcnNpb249IjEuMSIgVXJsPSJodHRwOi8vbG9jYWxob3N0OjQ2MjMvQXBpTGlzdCIgVGhpbmtUaW1lPSIwIiBUaW1lb3V0PSIzMDAiIFBhcnNlRGVwZW5kZW50UmVxdWVzdHM9IlRydWUiIEZvbGxvd1JlZGlyZWN0cz0iVHJ1ZSIgUmVjb3JkUmVzdWx0PSJUcnVlIiBDYWNoZT0iRmFsc2UiIFJlc3BvbnNlVGltZUdvYWw9IjAiIEVuY29kaW5nPSJ1dGYtOCIgRXhwZWN0ZWRIdHRwU3RhdHVzQ29kZT0iMCIgRXhwZWN0ZWRSZXNwb25zZVVybD0iIiBSZXBvcnRpbmdOYW1lPSIiIElnbm9yZUh0dHBTdGF0dXNDb2RlPSJGYWxzZSI+DQogICAgICA8SGVhZGVycz4NCiAgICAgICAgPEhlYWRlciBOYW1lPSJSZWZlcmVyIiBWYWx1ZT0iaHR0cDovL2xvY2FsaG9zdDo0NjIzL0FwaUxpc3QvT2F1dGhUb2tlbiIgLz4NCiAgICAgIDwvSGVhZGVycz4NCiAgICA8L1JlcXVlc3Q+DQogICAgPFJlcXVlc3QgTWV0aG9kPSJQT1NUIiBHdWlkPSI2OWZiNDFmMC05YzYyLTRhZGQtOTJjZS00ZWMyNDEzM2NiMGUiIFZlcnNpb249IjEuMSIgVXJsPSJodHRwOi8vbG9jYWxob3N0OjE3NTQ5L2E0NjgwMDA4M2UyOTQzOWE4NWQyMTZkYmM5MjAzYjk0L2FydGVyeVNpZ25hbFIvYWJvcnQiIFRoaW5rVGltZT0iMCIgVGltZW91dD0iMzAwIiBQYXJzZURlcGVuZGVudFJlcXVlc3RzPSJUcnVlIiBGb2xsb3dSZWRpcmVjdHM9IlRydWUiIFJlY29yZFJlc3VsdD0iVHJ1ZSIgQ2FjaGU9IkZhbHNlIiBSZXNwb25zZVRpbWVHb2FsPSIwIiBFbmNvZGluZz0idXRmLTgiIEV4cGVjdGVkSHR0cFN0YXR1c0NvZGU9IjAiIEV4cGVjdGVkUmVzcG9uc2VVcmw9IiIgUmVwb3J0aW5nTmFtZT0iIiBJZ25vcmVIdHRwU3RhdHVzQ29kZT0iRmFsc2UiPg0KICAgICAgPEhlYWRlcnM+DQogICAgICAgIDxIZWFkZXIgTmFtZT0iQWNjZXB0IiBWYWx1ZT0idGV4dC9wbGFpbiwgKi8qOyBxPTAuMDEiIC8+DQogICAgICAgIDxIZWFkZXIgTmFtZT0iUmVmZXJlciIgVmFsdWU9Imh0dHA6Ly9sb2NhbGhvc3Q6NDYyMy9BcGlMaXN0L09hdXRoVG9rZW4iIC8+DQogICAgICA8L0hlYWRlcnM+DQogICAgICA8UXVlcnlTdHJpbmdQYXJhbWV0ZXJzPg0KICAgICAgICA8UXVlcnlTdHJpbmdQYXJhbWV0ZXIgTmFtZT0idHJhbnNwb3J0IiBWYWx1ZT0ibG9uZ1BvbGxpbmciIFJlY29yZGVkVmFsdWU9ImxvbmdQb2xsaW5nIiBDb3JyZWxhdGlvbkJpbmRpbmc9IiIgVXJsRW5jb2RlPSJGYWxzZSIgVXNlVG9Hcm91cFJlc3VsdHM9IkZhbHNlIiAvPg0KICAgICAgICA8UXVlcnlTdHJpbmdQYXJhbWV0ZXIgTmFtZT0iY29ubmVjdGlvblRva2VuIiBWYWx1ZT0iQVFBQUFOQ01uZDhCRmRFUmpIb0F3RSUyRkNsJTJCc0JBQUFBejhzRTFQVm9hVW10bDdkVEZ1WVg3QUFBQUFBQ0FBQUFBQUFRWmdBQUFBRUFBQ0FBQUFCQUJ6U29EMnlIVk5XaE1LVzJBYzBERHBGV0J1R3VYSGp4SmNQdU1ZSHBxZ0FBQUFBT2dBQUFBQUlBQUNBQUFBQ2ZsR0ZEUG9XSXJoRHFYTHBXbDJLcUkxamdHeWVUS3oyT3o5WHFCVkNIaVRBQUFBQzlSTnFrYW9YTW1jY2w2c0c5Nm5WdEhHR0d3YWR1UGZyZ2JpWVh6WVYxbjAlMkY2TXo5SVpybDAzbFQlMkZVdzEyQm45QUFBQUFLNWppVHc2SE10UkNwU2RMMDFGSHZBOXFiYjMweDNNaGY2aEdiTk52eTVWd0tDZGI0N2c1eCUyQnNOdUFrYWZkb1pNcVRKWEVUOGMwJTJCRHhYJTJGdEUyRVhBdyUzRCUzRCIgUmVjb3JkZWRWYWx1ZT0iQVFBQUFOQ01uZDhCRmRFUmpIb0F3RSUyRkNsJTJCc0JBQUFBejhzRTFQVm9hVW10bDdkVEZ1WVg3QUFBQUFBQ0FBQUFBQUFRWmdBQUFBRUFBQ0FBQUFCQUJ6U29EMnlIVk5XaE1LVzJBYzBERHBGV0J1R3VYSGp4SmNQdU1ZSHBxZ0FBQUFBT2dBQUFBQUlBQUNBQUFBQ2ZsR0ZEUG9XSXJoRHFYTHBXbDJLcUkxamdHeWVUS3oyT3o5WHFCVkNIaVRBQUFBQzlSTnFrYW9YTW1jY2w2c0c5Nm5WdEhHR0d3YWR1UGZyZ2JpWVh6WVYxbjAlMkY2TXo5SVpybDAzbFQlMkZVdzEyQm45QUFBQUFLNWppVHc2SE10UkNwU2RMMDFGSHZBOXFiYjMweDNNaGY2aEdiTk52eTVWd0tDZGI0N2c1eCUyQnNOdUFrYWZkb1pNcVRKWEVUOGMwJTJCRHhYJTJGdEUyRVhBdyUzRCUzRCIgQ29ycmVsYXRpb25CaW5kaW5nPSIiIFVybEVuY29kZT0iRmFsc2UiIFVzZVRvR3JvdXBSZXN1bHRzPSJGYWxzZSIgLz4NCiAgICAgICAgPFF1ZXJ5U3RyaW5nUGFyYW1ldGVyIE5hbWU9InJlcXVlc3RVcmwiIFZhbHVlPSJodHRwJTNBJTJGJTJGbG9jYWxob3N0JTNBNDYyMyUyRkFwaUxpc3QlMkZPYXV0aFRva2VuIiBSZWNvcmRlZFZhbHVlPSJodHRwJTNBJTJGJTJGbG9jYWxob3N0JTNBNDYyMyUyRkFwaUxpc3QlMkZPYXV0aFRva2VuIiBDb3JyZWxhdGlvbkJpbmRpbmc9IiIgVXJsRW5jb2RlPSJGYWxzZSIgVXNlVG9Hcm91cFJlc3VsdHM9IkZhbHNlIiAvPg0KICAgICAgICA8UXVlcnlTdHJpbmdQYXJhbWV0ZXIgTmFtZT0iYnJvd3Nlck5hbWUiIFZhbHVlPSJJbnRlcm5ldCtFeHBsb3JlciIgUmVjb3JkZWRWYWx1ZT0iSW50ZXJuZXQrRXhwbG9yZXIiIENvcnJlbGF0aW9uQmluZGluZz0iIiBVcmxFbmNvZGU9IkZhbHNlIiBVc2VUb0dyb3VwUmVzdWx0cz0iRmFsc2UiIC8+DQogICAgICA8L1F1ZXJ5U3RyaW5nUGFyYW1ldGVycz4NCiAgICAgIDxGb3JtUG9zdEh0dHBCb2R5IC8+DQogICAgPC9SZXF1ZXN0Pg0KICAgIDxSZXF1ZXN0IE1ldGhvZD0iUE9TVCIgR3VpZD0iMDk4YzA2ZjQtMGVmMS00MjA5LWFmZDgtZWU3ZWVmMzk1ZjJhIiBWZXJzaW9uPSIxLjEiIFVybD0iaHR0cDovL2xvY2FsaG9zdDoxNzU0OS9hNDY4MDAwODNlMjk0MzlhODVkMjE2ZGJjOTIwM2I5NC9hcnRlcnlTaWduYWxSL25lZ290aWF0ZSIgVGhpbmtUaW1lPSIwIiBUaW1lb3V0PSIzMDAiIFBhcnNlRGVwZW5kZW50UmVxdWVzdHM9IlRydWUiIEZvbGxvd1JlZGlyZWN0cz0iVHJ1ZSIgUmVjb3JkUmVzdWx0PSJUcnVlIiBDYWNoZT0iRmFsc2UiIFJlc3BvbnNlVGltZUdvYWw9IjAiIEVuY29kaW5nPSJ1dGYtOCIgRXhwZWN0ZWRIdHRwU3RhdHVzQ29kZT0iMCIgRXhwZWN0ZWRSZXNwb25zZVVybD0iIiBSZXBvcnRpbmdOYW1lPSIiIElnbm9yZUh0dHBTdGF0dXNDb2RlPSJGYWxzZSI+DQogICAgICA8SGVhZGVycz4NCiAgICAgICAgPEhlYWRlciBOYW1lPSJDb250ZW50LVR5cGUiIFZhbHVlPSJhcHBsaWNhdGlvbi94LXd3dy1mb3JtLXVybGVuY29kZWQ7IGNoYXJzZXQ9VVRGLTgiIC8+DQogICAgICAgIDxIZWFkZXIgTmFtZT0iQWNjZXB0IiBWYWx1ZT0idGV4dC9wbGFpbiwgKi8qOyBxPTAuMDEiIC8+DQogICAgICAgIDxIZWFkZXIgTmFtZT0iUmVmZXJlciIgVmFsdWU9Imh0dHA6Ly9sb2NhbGhvc3Q6NDYyMy9BcGlMaXN0IiAvPg0KICAgICAgPC9IZWFkZXJzPg0KICAgICAgPFF1ZXJ5U3RyaW5nUGFyYW1ldGVycz4NCiAgICAgICAgPFF1ZXJ5U3RyaW5nUGFyYW1ldGVyIE5hbWU9InJlcXVlc3RVcmwiIFZhbHVlPSJodHRwJTNBJTJGJTJGbG9jYWxob3N0JTNBNDYyMyUyRkFwaUxpc3QiIFJlY29yZGVkVmFsdWU9Imh0dHAlM0ElMkYlMkZsb2NhbGhvc3QlM0E0NjIzJTJGQXBpTGlzdCIgQ29ycmVsYXRpb25CaW5kaW5nPSIiIFVybEVuY29kZT0iRmFsc2UiIFVzZVRvR3JvdXBSZXN1bHRzPSJGYWxzZSIgLz4NCiAgICAgICAgPFF1ZXJ5U3RyaW5nUGFyYW1ldGVyIE5hbWU9ImJyb3dzZXJOYW1lIiBWYWx1ZT0iSW50ZXJuZXQrRXhwbG9yZXIiIFJlY29yZGVkVmFsdWU9IkludGVybmV0K0V4cGxvcmVyIiBDb3JyZWxhdGlvbkJpbmRpbmc9IiIgVXJsRW5jb2RlPSJGYWxzZSIgVXNlVG9Hcm91cFJlc3VsdHM9IkZhbHNlIiAvPg0KICAgICAgICA8UXVlcnlTdHJpbmdQYXJhbWV0ZXIgTmFtZT0iY2xpZW50UHJvdG9jb2wiIFZhbHVlPSIxLjMiIFJlY29yZGVkVmFsdWU9IjEuMyIgQ29ycmVsYXRpb25CaW5kaW5nPSIiIFVybEVuY29kZT0iRmFsc2UiIFVzZVRvR3JvdXBSZXN1bHRzPSJGYWxzZSIgLz4NCiAgICAgICAgPFF1ZXJ5U3RyaW5nUGFyYW1ldGVyIE5hbWU9Il8iIFZhbHVlPSIxMzk3NjMwOTY0Njk5IiBSZWNvcmRlZFZhbHVlPSIxMzk3NjMwOTY0Njk5IiBDb3JyZWxhdGlvbkJpbmRpbmc9IiIgVXJsRW5jb2RlPSJGYWxzZSIgVXNlVG9Hcm91cFJlc3VsdHM9IkZhbHNlIiAvPg0KICAgICAgPC9RdWVyeVN0cmluZ1BhcmFtZXRlcnM+DQogICAgICA8Rm9ybVBvc3RIdHRwQm9keSAvPg0KICAgIDwvUmVxdWVzdD4NCiAgICA8UmVxdWVzdCBNZXRob2Q9IlBPU1QiIEd1aWQ9IjJkYzA2NmM4LThhZTktNGYxMC05YzEyLTU1NDFmOWJlODc0ZCIgVmVyc2lvbj0iMS4xIiBVcmw9Imh0dHA6Ly9sb2NhbGhvc3Q6MTc1NDkvYTQ2ODAwMDgzZTI5NDM5YTg1ZDIxNmRiYzkyMDNiOTQvYXJ0ZXJ5U2lnbmFsUi9jb25uZWN0IiBUaGlua1RpbWU9IjAiIFRpbWVvdXQ9IjMwMCIgUGFyc2VEZXBlbmRlbnRSZXF1ZXN0cz0iVHJ1ZSIgRm9sbG93UmVkaXJlY3RzPSJUcnVlIiBSZWNvcmRSZXN1bHQ9IlRydWUiIENhY2hlPSJGYWxzZSIgUmVzcG9uc2VUaW1lR29hbD0iMCIgRW5jb2Rpbmc9InV0Zi04IiBFeHBlY3RlZEh0dHBTdGF0dXNDb2RlPSIwIiBFeHBlY3RlZFJlc3BvbnNlVXJsPSIiIFJlcG9ydGluZ05hbWU9IiIgSWdub3JlSHR0cFN0YXR1c0NvZGU9IkZhbHNlIj4NCiAgICAgIDxIZWFkZXJzPg0KICAgICAgICA8SGVhZGVyIE5hbWU9IkNvbnRlbnQtVHlwZSIgVmFsdWU9ImFwcGxpY2F0aW9uL3gtd3d3LWZvcm0tdXJsZW5jb2RlZDsgY2hhcnNldD1VVEYtOCIgLz4NCiAgICAgICAgPEhlYWRlciBOYW1lPSJBY2NlcHQiIFZhbHVlPSJ0ZXh0L3BsYWluLCAqLyo7IHE9MC4wMSIgLz4NCiAgICAgICAgPEhlYWRlciBOYW1lPSJSZWZlcmVyIiBWYWx1ZT0iaHR0cDovL2xvY2FsaG9zdDo0NjIzL0FwaUxpc3QiIC8+DQogICAgICA8L0hlYWRlcnM+DQogICAgICA8UXVlcnlTdHJpbmdQYXJhbWV0ZXJzPg0KICAgICAgICA8UXVlcnlTdHJpbmdQYXJhbWV0ZXIgTmFtZT0idHJhbnNwb3J0IiBWYWx1ZT0ibG9uZ1BvbGxpbmciIFJlY29yZGVkVmFsdWU9ImxvbmdQb2xsaW5nIiBDb3JyZWxhdGlvbkJpbmRpbmc9IiIgVXJsRW5jb2RlPSJGYWxzZSIgVXNlVG9Hcm91cFJlc3VsdHM9IkZhbHNlIiAvPg0KICAgICAgICA8UXVlcnlTdHJpbmdQYXJhbWV0ZXIgTmFtZT0iY29ubmVjdGlvblRva2VuIiBWYWx1ZT0iQVFBQUFOQ01uZDhCRmRFUmpIb0F3RSUyRkNsJTJCc0JBQUFBejhzRTFQVm9hVW10bDdkVEZ1WVg3QUFBQUFBQ0FBQUFBQUFRWmdBQUFBRUFBQ0FBQUFESEVmSnhzTndTMTZzemdtcG9WUSUyRmFweEd6WTVUeVFYNWd2TUlub2ZGQkpRQUFBQUFPZ0FBQUFBSUFBQ0FBQUFDN1VMTnhvdUQzVHh1S2R5ak05cjlPOHNyV1l6VnNiaHh3Z3dMRmU5NlpkREFBQUFDY0VFMCUyRjZubm9uc2FSUmlPdnc0b0dveWhJQmpTR2Z1SXVJVzgwQUVXWkxremRRQmxQN0NCTUNQeVRHJTJGN1ZKcGhBQUFBQWFPWGg2anhqciUyQlB4VHl0QVM0dHYxc2MzakJFbEZZTGxTRUh3TU5hY0tXUUJ2MUxxbktNa0VNS1VKbDFrclpHd1A5RkI0NlFsR3FuazRpcURQaEprSWclM0QlM0QiIFJlY29yZGVkVmFsdWU9IkFRQUFBTkNNbmQ4QkZkRVJqSG9Bd0UlMkZDbCUyQnNCQUFBQXo4c0UxUFZvYVVtdGw3ZFRGdVlYN0FBQUFBQUNBQUFBQUFBUVpnQUFBQUVBQUNBQUFBREhFZkp4c053UzE2c3pnbXBvVlElMkZhcHhHelk1VHlRWDVndk1Jbm9mRkJKUUFBQUFBT2dBQUFBQUlBQUNBQUFBQzdVTE54b3VEM1R4dUtkeWpNOXI5TzhzcldZelZzYmh4d2d3TEZlOTZaZERBQUFBQ2NFRTAlMkY2bm5vbnNhUlJpT3Z3NG9Hb3loSUJqU0dmdUl1SVc4MEFFV1pMa3pkUUJsUDdDQk1DUHlURyUyRjdWSnBoQUFBQUFhT1hoNmp4anIlMkJQeFR5dEFTNHR2MXNjM2pCRWxGWUxsU0VId01OYWNLV1FCdjFMcW5LTWtFTUtVSmwxa3JaR3dQOUZCNDZRbEdxbms0aXFEUGhKa0lnJTNEJTNEIiBDb3JyZWxhdGlvbkJpbmRpbmc9IiIgVXJsRW5jb2RlPSJGYWxzZSIgVXNlVG9Hcm91cFJlc3VsdHM9IkZhbHNlIiAvPg0KICAgICAgICA8UXVlcnlTdHJpbmdQYXJhbWV0ZXIgTmFtZT0icmVxdWVzdFVybCIgVmFsdWU9Imh0dHAlM0ElMkYlMkZsb2NhbGhvc3QlM0E0NjIzJTJGQXBpTGlzdCIgUmVjb3JkZWRWYWx1ZT0iaHR0cCUzQSUyRiUyRmxvY2FsaG9zdCUzQTQ2MjMlMkZBcGlMaXN0IiBDb3JyZWxhdGlvbkJpbmRpbmc9IiIgVXJsRW5jb2RlPSJGYWxzZSIgVXNlVG9Hcm91cFJlc3VsdHM9IkZhbHNlIiAvPg0KICAgICAgICA8UXVlcnlTdHJpbmdQYXJhbWV0ZXIgTmFtZT0iYnJvd3Nlck5hbWUiIFZhbHVlPSJJbnRlcm5ldCtFeHBsb3JlciIgUmVjb3JkZWRWYWx1ZT0iSW50ZXJuZXQrRXhwbG9yZXIiIENvcnJlbGF0aW9uQmluZGluZz0iIiBVcmxFbmNvZGU9IkZhbHNlIiBVc2VUb0dyb3VwUmVzdWx0cz0iRmFsc2UiIC8+DQogICAgICAgIDxRdWVyeVN0cmluZ1BhcmFtZXRlciBOYW1lPSJ0aWQiIFZhbHVlPSIxIiBSZWNvcmRlZFZhbHVlPSIxIiBDb3JyZWxhdGlvbkJpbmRpbmc9IiIgVXJsRW5jb2RlPSJGYWxzZSIgVXNlVG9Hcm91cFJlc3VsdHM9IkZhbHNlIiAvPg0KICAgICAgICA8UXVlcnlTdHJpbmdQYXJhbWV0ZXIgTmFtZT0iXyIgVmFsdWU9IjEzOTc2MzA5NjUyMDgiIFJlY29yZGVkVmFsdWU9IjEzOTc2MzA5NjUyMDgiIENvcnJlbGF0aW9uQmluZGluZz0iIiBVcmxFbmNvZGU9IkZhbHNlIiBVc2VUb0dyb3VwUmVzdWx0cz0iRmFsc2UiIC8+DQogICAgICA8L1F1ZXJ5U3RyaW5nUGFyYW1ldGVycz4NCiAgICAgIDxGb3JtUG9zdEh0dHBCb2R5IC8+DQogICAgPC9SZXF1ZXN0Pg0KICAgIDxSZXF1ZXN0IE1ldGhvZD0iUE9TVCIgR3VpZD0iNmM5NzU3ZTgtOTM5Yy00NDQ0LTk2Y2QtZTIzNmFlYzliNzg3IiBWZXJzaW9uPSIxLjEiIFVybD0iaHR0cDovL2xvY2FsaG9zdDoxNzU0OS9hNDY4MDAwODNlMjk0MzlhODVkMjE2ZGJjOTIwM2I5NC9hcnRlcnlTaWduYWxSL3NlbmQiIFRoaW5rVGltZT0iMCIgVGltZW91dD0iMzAwIiBQYXJzZURlcGVuZGVudFJlcXVlc3RzPSJUcnVlIiBGb2xsb3dSZWRpcmVjdHM9IlRydWUiIFJlY29yZFJlc3VsdD0iVHJ1ZSIgQ2FjaGU9IkZhbHNlIiBSZXNwb25zZVRpbWVHb2FsPSIwIiBFbmNvZGluZz0idXRmLTgiIEV4cGVjdGVkSHR0cFN0YXR1c0NvZGU9IjAiIEV4cGVjdGVkUmVzcG9uc2VVcmw9IiIgUmVwb3J0aW5nTmFtZT0iIiBJZ25vcmVIdHRwU3RhdHVzQ29kZT0iRmFsc2UiPg0KICAgICAgPEhlYWRlcnM+DQogICAgICAgIDxIZWFkZXIgTmFtZT0iQWNjZXB0IiBWYWx1ZT0idGV4dC9wbGFpbiwgKi8qOyBxPTAuMDEiIC8+DQogICAgICAgIDxIZWFkZXIgTmFtZT0iUmVmZXJlciIgVmFsdWU9Imh0dHA6Ly9sb2NhbGhvc3Q6NDYyMy9BcGlMaXN0IiAvPg0KICAgICAgPC9IZWFkZXJzPg0KICAgICAgPFF1ZXJ5U3RyaW5nUGFyYW1ldGVycz4NCiAgICAgICAgPFF1ZXJ5U3RyaW5nUGFyYW1ldGVyIE5hbWU9InRyYW5zcG9ydCIgVmFsdWU9ImxvbmdQb2xsaW5nIiBSZWNvcmRlZFZhbHVlPSJsb25nUG9sbGluZyIgQ29ycmVsYXRpb25CaW5kaW5nPSIiIFVybEVuY29kZT0iRmFsc2UiIFVzZVRvR3JvdXBSZXN1bHRzPSJGYWxzZSIgLz4NCiAgICAgICAgPFF1ZXJ5U3RyaW5nUGFyYW1ldGVyIE5hbWU9ImNvbm5lY3Rpb25Ub2tlbiIgVmFsdWU9IkFRQUFBTkNNbmQ4QkZkRVJqSG9Bd0UlMkZDbCUyQnNCQUFBQXo4c0UxUFZvYVVtdGw3ZFRGdVlYN0FBQUFBQUNBQUFBQUFBUVpnQUFBQUVBQUNBQUFBREhFZkp4c053UzE2c3pnbXBvVlElMkZhcHhHelk1VHlRWDVndk1Jbm9mRkJKUUFBQUFBT2dBQUFBQUlBQUNBQUFBQzdVTE54b3VEM1R4dUtkeWpNOXI5TzhzcldZelZzYmh4d2d3TEZlOTZaZERBQUFBQ2NFRTAlMkY2bm5vbnNhUlJpT3Z3NG9Hb3loSUJqU0dmdUl1SVc4MEFFV1pMa3pkUUJsUDdDQk1DUHlURyUyRjdWSnBoQUFBQUFhT1hoNmp4anIlMkJQeFR5dEFTNHR2MXNjM2pCRWxGWUxsU0VId01OYWNLV1FCdjFMcW5LTWtFTUtVSmwxa3JaR3dQOUZCNDZRbEdxbms0aXFEUGhKa0lnJTNEJTNEIiBSZWNvcmRlZFZhbHVlPSJBUUFBQU5DTW5kOEJGZEVSakhvQXdFJTJGQ2wlMkJzQkFBQUF6OHNFMVBWb2FVbXRsN2RURnVZWDdBQUFBQUFDQUFBQUFBQVFaZ0FBQUFFQUFDQUFBQURIRWZKeHNOd1MxNnN6Z21wb1ZRJTJGYXB4R3pZNVR5UVg1Z3ZNSW5vZkZCSlFBQUFBQU9nQUFBQUFJQUFDQUFBQUM3VUxOeG91RDNUeHVLZHlqTTlyOU84c3JXWXpWc2JoeHdnd0xGZTk2WmREQUFBQUNjRUUwJTJGNm5ub25zYVJSaU92dzRvR295aElCalNHZnVJdUlXODBBRVdaTGt6ZFFCbFA3Q0JNQ1B5VEclMkY3VkpwaEFBQUFBYU9YaDZqeGpyJTJCUHhUeXRBUzR0djFzYzNqQkVsRllMbFNFSHdNTmFjS1dRQnYxTHFuS01rRU1LVUpsMWtyWkd3UDlGQjQ2UWxHcW5rNGlxRFBoSmtJZyUzRCUzRCIgQ29ycmVsYXRpb25CaW5kaW5nPSIiIFVybEVuY29kZT0iRmFsc2UiIFVzZVRvR3JvdXBSZXN1bHRzPSJGYWxzZSIgLz4NCiAgICAgICAgPFF1ZXJ5U3RyaW5nUGFyYW1ldGVyIE5hbWU9InJlcXVlc3RVcmwiIFZhbHVlPSJodHRwJTNBJTJGJTJGbG9jYWxob3N0JTNBNDYyMyUyRkFwaUxpc3QiIFJlY29yZGVkVmFsdWU9Imh0dHAlM0ElMkYlMkZsb2NhbGhvc3QlM0E0NjIzJTJGQXBpTGlzdCIgQ29ycmVsYXRpb25CaW5kaW5nPSIiIFVybEVuY29kZT0iRmFsc2UiIFVzZVRvR3JvdXBSZXN1bHRzPSJGYWxzZSIgLz4NCiAgICAgICAgPFF1ZXJ5U3RyaW5nUGFyYW1ldGVyIE5hbWU9ImJyb3dzZXJOYW1lIiBWYWx1ZT0iSW50ZXJuZXQrRXhwbG9yZXIiIFJlY29yZGVkVmFsdWU9IkludGVybmV0K0V4cGxvcmVyIiBDb3JyZWxhdGlvbkJpbmRpbmc9IiIgVXJsRW5jb2RlPSJGYWxzZSIgVXNlVG9Hcm91cFJlc3VsdHM9IkZhbHNlIiAvPg0KICAgICAgPC9RdWVyeVN0cmluZ1BhcmFtZXRlcnM+DQogICAgICA8Rm9ybVBvc3RIdHRwQm9keT4NCiAgICAgICAgPEZvcm1Qb3N0UGFyYW1ldGVyIE5hbWU9ImRhdGEiIFZhbHVlPSJ7JnF1b3Q7bmFtZSZxdW90OzomcXVvdDtNaWNyb3NvZnQuVmlzdWFsU3R1ZGlvLldlYi5Ccm93c2VyTGluay5Db3JlRXh0ZW5zaW9uRmFjdG9yeS5jb25uZWN0ZWQmcXVvdDssJnF1b3Q7Y2FsbGJhY2tJZCZxdW90OzoxfSIgUmVjb3JkZWRWYWx1ZT0ieyZxdW90O25hbWUmcXVvdDs6JnF1b3Q7TWljcm9zb2Z0LlZpc3VhbFN0dWRpby5XZWIuQnJvd3NlckxpbmsuQ29yZUV4dGVuc2lvbkZhY3RvcnkuY29ubmVjdGVkJnF1b3Q7LCZxdW90O2NhbGxiYWNrSWQmcXVvdDs6MX0iIENvcnJlbGF0aW9uQmluZGluZz0iIiBVcmxFbmNvZGU9IlRydWUiIC8+DQogICAgICA8L0Zvcm1Qb3N0SHR0cEJvZHk+DQogICAgPC9SZXF1ZXN0Pg0KICAgIDxSZXF1ZXN0IE1ldGhvZD0iUE9TVCIgR3VpZD0iNDAwMjk2N2UtNGU1YS00NWQxLTk3NTUtMWZlNmFiZGU2MWNkIiBWZXJzaW9uPSIxLjEiIFVybD0iaHR0cDovL2xvY2FsaG9zdDoxNzU0OS9hNDY4MDAwODNlMjk0MzlhODVkMjE2ZGJjOTIwM2I5NC9hcnRlcnlTaWduYWxSL3BvbGwiIFRoaW5rVGltZT0iMCIgVGltZW91dD0iMzAwIiBQYXJzZURlcGVuZGVudFJlcXVlc3RzPSJUcnVlIiBGb2xsb3dSZWRpcmVjdHM9IlRydWUiIFJlY29yZFJlc3VsdD0iVHJ1ZSIgQ2FjaGU9IkZhbHNlIiBSZXNwb25zZVRpbWVHb2FsPSIwIiBFbmNvZGluZz0idXRmLTgiIEV4cGVjdGVkSHR0cFN0YXR1c0NvZGU9IjAiIEV4cGVjdGVkUmVzcG9uc2VVcmw9IiIgUmVwb3J0aW5nTmFtZT0iIiBJZ25vcmVIdHRwU3RhdHVzQ29kZT0iRmFsc2UiPg0KICAgICAgPEhlYWRlcnM+DQogICAgICAgIDxIZWFkZXIgTmFtZT0iQ29udGVudC1UeXBlIiBWYWx1ZT0iYXBwbGljYXRpb24veC13d3ctZm9ybS11cmxlbmNvZGVkOyBjaGFyc2V0PVVURi04IiAvPg0KICAgICAgICA8SGVhZGVyIE5hbWU9IkFjY2VwdCIgVmFsdWU9InRleHQvcGxhaW4sICovKjsgcT0wLjAxIiAvPg0KICAgICAgICA8SGVhZGVyIE5hbWU9IlJlZmVyZXIiIFZhbHVlPSJodHRwOi8vbG9jYWxob3N0OjQ2MjMvQXBpTGlzdCIgLz4NCiAgICAgIDwvSGVhZGVycz4NCiAgICAgIDxRdWVyeVN0cmluZ1BhcmFtZXRlcnM+DQogICAgICAgIDxRdWVyeVN0cmluZ1BhcmFtZXRlciBOYW1lPSJ0cmFuc3BvcnQiIFZhbHVlPSJsb25nUG9sbGluZyIgUmVjb3JkZWRWYWx1ZT0ibG9uZ1BvbGxpbmciIENvcnJlbGF0aW9uQmluZGluZz0iIiBVcmxFbmNvZGU9IkZhbHNlIiBVc2VUb0dyb3VwUmVzdWx0cz0iRmFsc2UiIC8+DQogICAgICAgIDxRdWVyeVN0cmluZ1BhcmFtZXRlciBOYW1lPSJjb25uZWN0aW9uVG9rZW4iIFZhbHVlPSJBUUFBQU5DTW5kOEJGZEVSakhvQXdFJTJGQ2wlMkJzQkFBQUF6OHNFMVBWb2FVbXRsN2RURnVZWDdBQUFBQUFDQUFBQUFBQVFaZ0FBQUFFQUFDQUFBQURIRWZKeHNOd1MxNnN6Z21wb1ZRJTJGYXB4R3pZNVR5UVg1Z3ZNSW5vZkZCSlFBQUFBQU9nQUFBQUFJQUFDQUFBQUM3VUxOeG91RDNUeHVLZHlqTTlyOU84c3JXWXpWc2JoeHdnd0xGZTk2WmREQUFBQUNjRUUwJTJGNm5ub25zYVJSaU92dzRvR295aElCalNHZnVJdUlXODBBRVdaTGt6ZFFCbFA3Q0JNQ1B5VEclMkY3VkpwaEFBQUFBYU9YaDZqeGpyJTJCUHhUeXRBUzR0djFzYzNqQkVsRllMbFNFSHdNTmFjS1dRQnYxTHFuS01rRU1LVUpsMWtyWkd3UDlGQjQ2UWxHcW5rNGlxRFBoSmtJZyUzRCUzRCIgUmVjb3JkZWRWYWx1ZT0iQVFBQUFOQ01uZDhCRmRFUmpIb0F3RSUyRkNsJTJCc0JBQUFBejhzRTFQVm9hVW10bDdkVEZ1WVg3QUFBQUFBQ0FBQUFBQUFRWmdBQUFBRUFBQ0FBQUFESEVmSnhzTndTMTZzemdtcG9WUSUyRmFweEd6WTVUeVFYNWd2TUlub2ZGQkpRQUFBQUFPZ0FBQUFBSUFBQ0FBQUFDN1VMTnhvdUQzVHh1S2R5ak05cjlPOHNyV1l6VnNiaHh3Z3dMRmU5NlpkREFBQUFDY0VFMCUyRjZubm9uc2FSUmlPdnc0b0dveWhJQmpTR2Z1SXVJVzgwQUVXWkxremRRQmxQN0NCTUNQeVRHJTJGN1ZKcGhBQUFBQWFPWGg2anhqciUyQlB4VHl0QVM0dHYxc2MzakJFbEZZTGxTRUh3TU5hY0tXUUJ2MUxxbktNa0VNS1VKbDFrclpHd1A5RkI0NlFsR3FuazRpcURQaEprSWclM0QlM0QiIENvcnJlbGF0aW9uQmluZGluZz0iIiBVcmxFbmNvZGU9IkZhbHNlIiBVc2VUb0dyb3VwUmVzdWx0cz0iRmFsc2UiIC8+DQogICAgICAgIDxRdWVyeVN0cmluZ1BhcmFtZXRlciBOYW1lPSJtZXNzYWdlSWQiIFZhbHVlPSJkLUFGQkJGQjFFLUIlMkMwJTdDUyUyQzElN0NUJTJDMCIgUmVjb3JkZWRWYWx1ZT0iZC1BRkJCRkIxRS1CJTJDMCU3Q1MlMkMxJTdDVCUyQzAiIENvcnJlbGF0aW9uQmluZGluZz0iIiBVcmxFbmNvZGU9IkZhbHNlIiBVc2VUb0dyb3VwUmVzdWx0cz0iRmFsc2UiIC8+DQogICAgICAgIDxRdWVyeVN0cmluZ1BhcmFtZXRlciBOYW1lPSJyZXF1ZXN0VXJsIiBWYWx1ZT0iaHR0cCUzQSUyRiUyRmxvY2FsaG9zdCUzQTQ2MjMlMkZBcGlMaXN0IiBSZWNvcmRlZFZhbHVlPSJodHRwJTNBJTJGJTJGbG9jYWxob3N0JTNBNDYyMyUyRkFwaUxpc3QiIENvcnJlbGF0aW9uQmluZGluZz0iIiBVcmxFbmNvZGU9IkZhbHNlIiBVc2VUb0dyb3VwUmVzdWx0cz0iRmFsc2UiIC8+DQogICAgICAgIDxRdWVyeVN0cmluZ1BhcmFtZXRlciBOYW1lPSJicm93c2VyTmFtZSIgVmFsdWU9IkludGVybmV0K0V4cGxvcmVyIiBSZWNvcmRlZFZhbHVlPSJJbnRlcm5ldCtFeHBsb3JlciIgQ29ycmVsYXRpb25CaW5kaW5nPSIiIFVybEVuY29kZT0iRmFsc2UiIFVzZVRvR3JvdXBSZXN1bHRzPSJGYWxzZSIgLz4NCiAgICAgICAgPFF1ZXJ5U3RyaW5nUGFyYW1ldGVyIE5hbWU9InRpZCIgVmFsdWU9IjUiIFJlY29yZGVkVmFsdWU9IjUiIENvcnJlbGF0aW9uQmluZGluZz0iIiBVcmxFbmNvZGU9IkZhbHNlIiBVc2VUb0dyb3VwUmVzdWx0cz0iRmFsc2UiIC8+DQogICAgICAgIDxRdWVyeVN0cmluZ1BhcmFtZXRlciBOYW1lPSJfIiBWYWx1ZT0iMTM5NzYzMDk2NTIyMSIgUmVjb3JkZWRWYWx1ZT0iMTM5NzYzMDk2NTIyMSIgQ29ycmVsYXRpb25CaW5kaW5nPSIiIFVybEVuY29kZT0iRmFsc2UiIFVzZVRvR3JvdXBSZXN1bHRzPSJGYWxzZSIgLz4NCiAgICAgIDwvUXVlcnlTdHJpbmdQYXJhbWV0ZXJzPg0KICAgICAgPEZvcm1Qb3N0SHR0cEJvZHkgLz4NCiAgICA8L1JlcXVlc3Q+DQogICAgPFJlcXVlc3QgTWV0aG9kPSJQT1NUIiBHdWlkPSI4MjM3M2QzNi1hZTAwLTQzZGQtYjExOS05YzVkNTRkOTQxMDUiIFZlcnNpb249IjEuMSIgVXJsPSJodHRwOi8vbG9jYWxob3N0OjE3NTQ5L2E0NjgwMDA4M2UyOTQzOWE4NWQyMTZkYmM5MjAzYjk0L2FydGVyeVNpZ25hbFIvc2VuZCIgVGhpbmtUaW1lPSIwIiBUaW1lb3V0PSIzMDAiIFBhcnNlRGVwZW5kZW50UmVxdWVzdHM9IlRydWUiIEZvbGxvd1JlZGlyZWN0cz0iVHJ1ZSIgUmVjb3JkUmVzdWx0PSJUcnVlIiBDYWNoZT0iRmFsc2UiIFJlc3BvbnNlVGltZUdvYWw9IjAiIEVuY29kaW5nPSJ1dGYtOCIgRXhwZWN0ZWRIdHRwU3RhdHVzQ29kZT0iMCIgRXhwZWN0ZWRSZXNwb25zZVVybD0iIiBSZXBvcnRpbmdOYW1lPSIiIElnbm9yZUh0dHBTdGF0dXNDb2RlPSJGYWxzZSI+DQogICAgICA8SGVhZGVycz4NCiAgICAgICAgPEhlYWRlciBOYW1lPSJBY2NlcHQiIFZhbHVlPSJ0ZXh0L3BsYWluLCAqLyo7IHE9MC4wMSIgLz4NCiAgICAgICAgPEhlYWRlciBOYW1lPSJSZWZlcmVyIiBWYWx1ZT0iaHR0cDovL2xvY2FsaG9zdDo0NjIzL0FwaUxpc3QiIC8+DQogICAgICA8L0hlYWRlcnM+DQogICAgICA8UXVlcnlTdHJpbmdQYXJhbWV0ZXJzPg0KICAgICAgICA8UXVlcnlTdHJpbmdQYXJhbWV0ZXIgTmFtZT0idHJhbnNwb3J0IiBWYWx1ZT0ibG9uZ1BvbGxpbmciIFJlY29yZGVkVmFsdWU9ImxvbmdQb2xsaW5nIiBDb3JyZWxhdGlvbkJpbmRpbmc9IiIgVXJsRW5jb2RlPSJGYWxzZSIgVXNlVG9Hcm91cFJlc3VsdHM9IkZhbHNlIiAvPg0KICAgICAgICA8UXVlcnlTdHJpbmdQYXJhbWV0ZXIgTmFtZT0iY29ubmVjdGlvblRva2VuIiBWYWx1ZT0iQVFBQUFOQ01uZDhCRmRFUmpIb0F3RSUyRkNsJTJCc0JBQUFBejhzRTFQVm9hVW10bDdkVEZ1WVg3QUFBQUFBQ0FBQUFBQUFRWmdBQUFBRUFBQ0FBQUFESEVmSnhzTndTMTZzemdtcG9WUSUyRmFweEd6WTVUeVFYNWd2TUlub2ZGQkpRQUFBQUFPZ0FBQUFBSUFBQ0FBQUFDN1VMTnhvdUQzVHh1S2R5ak05cjlPOHNyV1l6VnNiaHh3Z3dMRmU5NlpkREFBQUFDY0VFMCUyRjZubm9uc2FSUmlPdnc0b0dveWhJQmpTR2Z1SXVJVzgwQUVXWkxremRRQmxQN0NCTUNQeVRHJTJGN1ZKcGhBQUFBQWFPWGg2anhqciUyQlB4VHl0QVM0dHYxc2MzakJFbEZZTGxTRUh3TU5hY0tXUUJ2MUxxbktNa0VNS1VKbDFrclpHd1A5RkI0NlFsR3FuazRpcURQaEprSWclM0QlM0QiIFJlY29yZGVkVmFsdWU9IkFRQUFBTkNNbmQ4QkZkRVJqSG9Bd0UlMkZDbCUyQnNCQUFBQXo4c0UxUFZvYVVtdGw3ZFRGdVlYN0FBQUFBQUNBQUFBQUFBUVpnQUFBQUVBQUNBQUFBREhFZkp4c053UzE2c3pnbXBvVlElMkZhcHhHelk1VHlRWDVndk1Jbm9mRkJKUUFBQUFBT2dBQUFBQUlBQUNBQUFBQzdVTE54b3VEM1R4dUtkeWpNOXI5TzhzcldZelZzYmh4d2d3TEZlOTZaZERBQUFBQ2NFRTAlMkY2bm5vbnNhUlJpT3Z3NG9Hb3loSUJqU0dmdUl1SVc4MEFFV1pMa3pkUUJsUDdDQk1DUHlURyUyRjdWSnBoQUFBQUFhT1hoNmp4anIlMkJQeFR5dEFTNHR2MXNjM2pCRWxGWUxsU0VId01OYWNLV1FCdjFMcW5LTWtFTUtVSmwxa3JaR3dQOUZCNDZRbEdxbms0aXFEUGhKa0lnJTNEJTNEIiBDb3JyZWxhdGlvbkJpbmRpbmc9IiIgVXJsRW5jb2RlPSJGYWxzZSIgVXNlVG9Hcm91cFJlc3VsdHM9IkZhbHNlIiAvPg0KICAgICAgICA8UXVlcnlTdHJpbmdQYXJhbWV0ZXIgTmFtZT0icmVxdWVzdFVybCIgVmFsdWU9Imh0dHAlM0ElMkYlMkZsb2NhbGhvc3QlM0E0NjIzJTJGQXBpTGlzdCIgUmVjb3JkZWRWYWx1ZT0iaHR0cCUzQSUyRiUyRmxvY2FsaG9zdCUzQTQ2MjMlMkZBcGlMaXN0IiBDb3JyZWxhdGlvbkJpbmRpbmc9IiIgVXJsRW5jb2RlPSJGYWxzZSIgVXNlVG9Hcm91cFJlc3VsdHM9IkZhbHNlIiAvPg0KICAgICAgICA8UXVlcnlTdHJpbmdQYXJhbWV0ZXIgTmFtZT0iYnJvd3Nlck5hbWUiIFZhbHVlPSJJbnRlcm5ldCtFeHBsb3JlciIgUmVjb3JkZWRWYWx1ZT0iSW50ZXJuZXQrRXhwbG9yZXIiIENvcnJlbGF0aW9uQmluZGluZz0iIiBVcmxFbmNvZGU9IkZhbHNlIiBVc2VUb0dyb3VwUmVzdWx0cz0iRmFsc2UiIC8+DQogICAgICA8L1F1ZXJ5U3RyaW5nUGFyYW1ldGVycz4NCiAgICAgIDxGb3JtUG9zdEh0dHBCb2R5Pg0KICAgICAgICA8Rm9ybVBvc3RQYXJhbWV0ZXIgTmFtZT0iZGF0YSIgVmFsdWU9InsmcXVvdDtuYW1lJnF1b3Q7OiZxdW90O21pY3Jvc29mdC52aXN1YWxzdHVkaW8ud2ViLmJyb3dzZXJsaW5rLmh0bWxtYXBwaW5nZXh0ZW5zaW9uZmFjdG9yeS5yZXNvbHZlVXJsJnF1b3Q7LCZxdW90O2FyZ3MmcXVvdDs6WyZxdW90O34vX19icm93c2VyTGluay9yZXF1ZXN0RGF0YS82NTZhMTBlNWNlMzI0OTE2YmYwZGQ5Y2JlMmMwMmRiYiZxdW90O10sJnF1b3Q7Y2FsbGJhY2tJZCZxdW90OzoyfSIgUmVjb3JkZWRWYWx1ZT0ieyZxdW90O25hbWUmcXVvdDs6JnF1b3Q7bWljcm9zb2Z0LnZpc3VhbHN0dWRpby53ZWIuYnJvd3NlcmxpbmsuaHRtbG1hcHBpbmdleHRlbnNpb25mYWN0b3J5LnJlc29sdmVVcmwmcXVvdDssJnF1b3Q7YXJncyZxdW90OzpbJnF1b3Q7fi9fX2Jyb3dzZXJMaW5rL3JlcXVlc3REYXRhLzY1NmExMGU1Y2UzMjQ5MTZiZjBkZDljYmUyYzAyZGJiJnF1b3Q7XSwmcXVvdDtjYWxsYmFja0lkJnF1b3Q7OjJ9IiBDb3JyZWxhdGlvbkJpbmRpbmc9IiIgVXJsRW5jb2RlPSJUcnVlIiAvPg0KICAgICAgPC9Gb3JtUG9zdEh0dHBCb2R5Pg0KICAgIDwvUmVxdWVzdD4NCiAgICA8UmVxdWVzdCBNZXRob2Q9IlBPU1QiIEd1aWQ9IjdjMGEwMjAwLTRmZmMtNGYzMS1hNWQzLWJmOGE2NjU0YjhhOSIgVmVyc2lvbj0iMS4xIiBVcmw9Imh0dHA6Ly9sb2NhbGhvc3Q6MTc1NDkvYTQ2ODAwMDgzZTI5NDM5YTg1ZDIxNmRiYzkyMDNiOTQvYXJ0ZXJ5U2lnbmFsUi9wb2xsIiBUaGlua1RpbWU9IjAiIFRpbWVvdXQ9IjMwMCIgUGFyc2VEZXBlbmRlbnRSZXF1ZXN0cz0iVHJ1ZSIgRm9sbG93UmVkaXJlY3RzPSJUcnVlIiBSZWNvcmRSZXN1bHQ9IlRydWUiIENhY2hlPSJGYWxzZSIgUmVzcG9uc2VUaW1lR29hbD0iMCIgRW5jb2Rpbmc9InV0Zi04IiBFeHBlY3RlZEh0dHBTdGF0dXNDb2RlPSIwIiBFeHBlY3RlZFJlc3BvbnNlVXJsPSIiIFJlcG9ydGluZ05hbWU9IiIgSWdub3JlSHR0cFN0YXR1c0NvZGU9IkZhbHNlIj4NCiAgICAgIDxIZWFkZXJzPg0KICAgICAgICA8SGVhZGVyIE5hbWU9IkNvbnRlbnQtVHlwZSIgVmFsdWU9ImFwcGxpY2F0aW9uL3gtd3d3LWZvcm0tdXJsZW5jb2RlZDsgY2hhcnNldD1VVEYtOCIgLz4NCiAgICAgICAgPEhlYWRlciBOYW1lPSJBY2NlcHQiIFZhbHVlPSJ0ZXh0L3BsYWluLCAqLyo7IHE9MC4wMSIgLz4NCiAgICAgICAgPEhlYWRlciBOYW1lPSJSZWZlcmVyIiBWYWx1ZT0iaHR0cDovL2xvY2FsaG9zdDo0NjIzL0FwaUxpc3QiIC8+DQogICAgICA8L0hlYWRlcnM+DQogICAgICA8UXVlcnlTdHJpbmdQYXJhbWV0ZXJzPg0KICAgICAgICA8UXVlcnlTdHJpbmdQYXJhbWV0ZXIgTmFtZT0idHJhbnNwb3J0IiBWYWx1ZT0ibG9uZ1BvbGxpbmciIFJlY29yZGVkVmFsdWU9ImxvbmdQb2xsaW5nIiBDb3JyZWxhdGlvbkJpbmRpbmc9IiIgVXJsRW5jb2RlPSJGYWxzZSIgVXNlVG9Hcm91cFJlc3VsdHM9IkZhbHNlIiAvPg0KICAgICAgICA8UXVlcnlTdHJpbmdQYXJhbWV0ZXIgTmFtZT0iY29ubmVjdGlvblRva2VuIiBWYWx1ZT0iQVFBQUFOQ01uZDhCRmRFUmpIb0F3RSUyRkNsJTJCc0JBQUFBejhzRTFQVm9hVW10bDdkVEZ1WVg3QUFBQUFBQ0FBQUFBQUFRWmdBQUFBRUFBQ0FBQUFESEVmSnhzTndTMTZzemdtcG9WUSUyRmFweEd6WTVUeVFYNWd2TUlub2ZGQkpRQUFBQUFPZ0FBQUFBSUFBQ0FBQUFDN1VMTnhvdUQzVHh1S2R5ak05cjlPOHNyV1l6VnNiaHh3Z3dMRmU5NlpkREFBQUFDY0VFMCUyRjZubm9uc2FSUmlPdnc0b0dveWhJQmpTR2Z1SXVJVzgwQUVXWkxremRRQmxQN0NCTUNQeVRHJTJGN1ZKcGhBQUFBQWFPWGg2anhqciUyQlB4VHl0QVM0dHYxc2MzakJFbEZZTGxTRUh3TU5hY0tXUUJ2MUxxbktNa0VNS1VKbDFrclpHd1A5RkI0NlFsR3FuazRpcURQaEprSWclM0QlM0QiIFJlY29yZGVkVmFsdWU9IkFRQUFBTkNNbmQ4QkZkRVJqSG9Bd0UlMkZDbCUyQnNCQUFBQXo4c0UxUFZvYVVtdGw3ZFRGdVlYN0FBQUFBQUNBQUFBQUFBUVpnQUFBQUVBQUNBQUFBREhFZkp4c053UzE2c3pnbXBvVlElMkZhcHhHelk1VHlRWDVndk1Jbm9mRkJKUUFBQUFBT2dBQUFBQUlBQUNBQUFBQzdVTE54b3VEM1R4dUtkeWpNOXI5TzhzcldZelZzYmh4d2d3TEZlOTZaZERBQUFBQ2NFRTAlMkY2bm5vbnNhUlJpT3Z3NG9Hb3loSUJqU0dmdUl1SVc4MEFFV1pMa3pkUUJsUDdDQk1DUHlURyUyRjdWSnBoQUFBQUFhT1hoNmp4anIlMkJQeFR5dEFTNHR2MXNjM2pCRWxGWUxsU0VId01OYWNLV1FCdjFMcW5LTWtFTUtVSmwxa3JaR3dQOUZCNDZRbEdxbms0aXFEUGhKa0lnJTNEJTNEIiBDb3JyZWxhdGlvbkJpbmRpbmc9IiIgVXJsRW5jb2RlPSJGYWxzZSIgVXNlVG9Hcm91cFJlc3VsdHM9IkZhbHNlIiAvPg0KICAgICAgICA8UXVlcnlTdHJpbmdQYXJhbWV0ZXIgTmFtZT0ibWVzc2FnZUlkIiBWYWx1ZT0iZC1BRkJCRkIxRS1CJTJDMCU3Q1MlMkMyJTdDVCUyQzAiIFJlY29yZGVkVmFsdWU9ImQtQUZCQkZCMUUtQiUyQzAlN0NTJTJDMiU3Q1QlMkMwIiBDb3JyZWxhdGlvbkJpbmRpbmc9IiIgVXJsRW5jb2RlPSJGYWxzZSIgVXNlVG9Hcm91cFJlc3VsdHM9IkZhbHNlIiAvPg0KICAgICAgICA8UXVlcnlTdHJpbmdQYXJhbWV0ZXIgTmFtZT0icmVxdWVzdFVybCIgVmFsdWU9Imh0dHAlM0ElMkYlMkZsb2NhbGhvc3QlM0E0NjIzJTJGQXBpTGlzdCIgUmVjb3JkZWRWYWx1ZT0iaHR0cCUzQSUyRiUyRmxvY2FsaG9zdCUzQTQ2MjMlMkZBcGlMaXN0IiBDb3JyZWxhdGlvbkJpbmRpbmc9IiIgVXJsRW5jb2RlPSJGYWxzZSIgVXNlVG9Hcm91cFJlc3VsdHM9IkZhbHNlIiAvPg0KICAgICAgICA8UXVlcnlTdHJpbmdQYXJhbWV0ZXIgTmFtZT0iYnJvd3Nlck5hbWUiIFZhbHVlPSJJbnRlcm5ldCtFeHBsb3JlciIgUmVjb3JkZWRWYWx1ZT0iSW50ZXJuZXQrRXhwbG9yZXIiIENvcnJlbGF0aW9uQmluZGluZz0iIiBVcmxFbmNvZGU9IkZhbHNlIiBVc2VUb0dyb3VwUmVzdWx0cz0iRmFsc2UiIC8+DQogICAgICAgIDxRdWVyeVN0cmluZ1BhcmFtZXRlciBOYW1lPSJ0aWQiIFZhbHVlPSI2IiBSZWNvcmRlZFZhbHVlPSI2IiBDb3JyZWxhdGlvbkJpbmRpbmc9IiIgVXJsRW5jb2RlPSJGYWxzZSIgVXNlVG9Hcm91cFJlc3VsdHM9IkZhbHNlIiAvPg0KICAgICAgICA8UXVlcnlTdHJpbmdQYXJhbWV0ZXIgTmFtZT0iXyIgVmFsdWU9IjEzOTc2MzA5NjU0NDQiIFJlY29yZGVkVmFsdWU9IjEzOTc2MzA5NjU0NDQiIENvcnJlbGF0aW9uQmluZGluZz0iIiBVcmxFbmNvZGU9IkZhbHNlIiBVc2VUb0dyb3VwUmVzdWx0cz0iRmFsc2UiIC8+DQogICAgICA8L1F1ZXJ5U3RyaW5nUGFyYW1ldGVycz4NCiAgICAgIDxGb3JtUG9zdEh0dHBCb2R5IC8+DQogICAgPC9SZXF1ZXN0Pg0KICAgIDxSZXF1ZXN0IE1ldGhvZD0iR0VUIiBHdWlkPSI3YjBkYzE3Ni1lZjkwLTQ1ZjYtYmEzNC1mZTBlOTBiZDdlOTEiIFZlcnNpb249IjEuMSIgVXJsPSJodHRwOi8vbG9jYWxob3N0OjQ2MjMvX19icm93c2VyTGluay9yZXF1ZXN0RGF0YS82NTZhMTBlNWNlMzI0OTE2YmYwZGQ5Y2JlMmMwMmRiYiIgVGhpbmtUaW1lPSIwIiBUaW1lb3V0PSIzMDAiIFBhcnNlRGVwZW5kZW50UmVxdWVzdHM9IlRydWUiIEZvbGxvd1JlZGlyZWN0cz0iVHJ1ZSIgUmVjb3JkUmVzdWx0PSJUcnVlIiBDYWNoZT0iRmFsc2UiIFJlc3BvbnNlVGltZUdvYWw9IjAiIEVuY29kaW5nPSJ1dGYtOCIgRXhwZWN0ZWRIdHRwU3RhdHVzQ29kZT0iMCIgRXhwZWN0ZWRSZXNwb25zZVVybD0iIiBSZXBvcnRpbmdOYW1lPSIiIElnbm9yZUh0dHBTdGF0dXNDb2RlPSJGYWxzZSI+DQogICAgICA8SGVhZGVycz4NCiAgICAgICAgPEhlYWRlciBOYW1lPSJBY2NlcHQiIFZhbHVlPSJhcHBsaWNhdGlvbi9qc29uLCB0ZXh0L2phdmFzY3JpcHQsICovKjsgcT0wLjAxIiAvPg0KICAgICAgICA8SGVhZGVyIE5hbWU9IlgtUmVxdWVzdGVkLVdpdGgiIFZhbHVlPSJYTUxIdHRwUmVxdWVzdCIgLz4NCiAgICAgICAgPEhlYWRlciBOYW1lPSJSZWZlcmVyIiBWYWx1ZT0iaHR0cDovL2xvY2FsaG9zdDo0NjIzL0FwaUxpc3QiIC8+DQogICAgICA8L0hlYWRlcnM+DQogICAgPC9SZXF1ZXN0Pg0KICAgIDxSZXF1ZXN0IE1ldGhvZD0iUE9TVCIgR3VpZD0iM2JmYmQ3MzUtYTRlZi00NjhmLWE1ZTgtNmE2NzFhYmNhNDkzIiBWZXJzaW9uPSIxLjEiIFVybD0iaHR0cDovL2xvY2FsaG9zdDoxNzU0OS9hNDY4MDAwODNlMjk0MzlhODVkMjE2ZGJjOTIwM2I5NC9hcnRlcnlTaWduYWxSL3BvbGwiIFRoaW5rVGltZT0iMCIgVGltZW91dD0iMzAwIiBQYXJzZURlcGVuZGVudFJlcXVlc3RzPSJUcnVlIiBGb2xsb3dSZWRpcmVjdHM9IlRydWUiIFJlY29yZFJlc3VsdD0iVHJ1ZSIgQ2FjaGU9IkZhbHNlIiBSZXNwb25zZVRpbWVHb2FsPSIwIiBFbmNvZGluZz0idXRmLTgiIEV4cGVjdGVkSHR0cFN0YXR1c0NvZGU9IjAiIEV4cGVjdGVkUmVzcG9uc2VVcmw9IiIgUmVwb3J0aW5nTmFtZT0iIiBJZ25vcmVIdHRwU3RhdHVzQ29kZT0iRmFsc2UiPg0KICAgICAgPEhlYWRlcnM+DQogICAgICAgIDxIZWFkZXIgTmFtZT0iQ29udGVudC1UeXBlIiBWYWx1ZT0iYXBwbGljYXRpb24veC13d3ctZm9ybS11cmxlbmNvZGVkOyBjaGFyc2V0PVVURi04IiAvPg0KICAgICAgICA8SGVhZGVyIE5hbWU9IkFjY2VwdCIgVmFsdWU9InRleHQvcGxhaW4sICovKjsgcT0wLjAxIiAvPg0KICAgICAgICA8SGVhZGVyIE5hbWU9IlJlZmVyZXIiIFZhbHVlPSJodHRwOi8vbG9jYWxob3N0OjQ2MjMvQXBpTGlzdCIgLz4NCiAgICAgIDwvSGVhZGVycz4NCiAgICAgIDxRdWVyeVN0cmluZ1BhcmFtZXRlcnM+DQogICAgICAgIDxRdWVyeVN0cmluZ1BhcmFtZXRlciBOYW1lPSJ0cmFuc3BvcnQiIFZhbHVlPSJsb25nUG9sbGluZyIgUmVjb3JkZWRWYWx1ZT0ibG9uZ1BvbGxpbmciIENvcnJlbGF0aW9uQmluZGluZz0iIiBVcmxFbmNvZGU9IkZhbHNlIiBVc2VUb0dyb3VwUmVzdWx0cz0iRmFsc2UiIC8+DQogICAgICAgIDxRdWVyeVN0cmluZ1BhcmFtZXRlciBOYW1lPSJjb25uZWN0aW9uVG9rZW4iIFZhbHVlPSJBUUFBQU5DTW5kOEJGZEVSakhvQXdFJTJGQ2wlMkJzQkFBQUF6OHNFMVBWb2FVbXRsN2RURnVZWDdBQUFBQUFDQUFBQUFBQVFaZ0FBQUFFQUFDQUFBQURIRWZKeHNOd1MxNnN6Z21wb1ZRJTJGYXB4R3pZNVR5UVg1Z3ZNSW5vZkZCSlFBQUFBQU9nQUFBQUFJQUFDQUFBQUM3VUxOeG91RDNUeHVLZHlqTTlyOU84c3JXWXpWc2JoeHdnd0xGZTk2WmREQUFBQUNjRUUwJTJGNm5ub25zYVJSaU92dzRvR295aElCalNHZnVJdUlXODBBRVdaTGt6ZFFCbFA3Q0JNQ1B5VEclMkY3VkpwaEFBQUFBYU9YaDZqeGpyJTJCUHhUeXRBUzR0djFzYzNqQkVsRllMbFNFSHdNTmFjS1dRQnYxTHFuS01rRU1LVUpsMWtyWkd3UDlGQjQ2UWxHcW5rNGlxRFBoSmtJZyUzRCUzRCIgUmVjb3JkZWRWYWx1ZT0iQVFBQUFOQ01uZDhCRmRFUmpIb0F3RSUyRkNsJTJCc0JBQUFBejhzRTFQVm9hVW10bDdkVEZ1WVg3QUFBQUFBQ0FBQUFBQUFRWmdBQUFBRUFBQ0FBQUFESEVmSnhzTndTMTZzemdtcG9WUSUyRmFweEd6WTVUeVFYNWd2TUlub2ZGQkpRQUFBQUFPZ0FBQUFBSUFBQ0FBQUFDN1VMTnhvdUQzVHh1S2R5ak05cjlPOHNyV1l6VnNiaHh3Z3dMRmU5NlpkREFBQUFDY0VFMCUyRjZubm9uc2FSUmlPdnc0b0dveWhJQmpTR2Z1SXVJVzgwQUVXWkxremRRQmxQN0NCTUNQeVRHJTJGN1ZKcGhBQUFBQWFPWGg2anhqciUyQlB4VHl0QVM0dHYxc2MzakJFbEZZTGxTRUh3TU5hY0tXUUJ2MUxxbktNa0VNS1VKbDFrclpHd1A5RkI0NlFsR3FuazRpcURQaEprSWclM0QlM0QiIENvcnJlbGF0aW9uQmluZGluZz0iIiBVcmxFbmNvZGU9IkZhbHNlIiBVc2VUb0dyb3VwUmVzdWx0cz0iRmFsc2UiIC8+DQogICAgICAgIDxRdWVyeVN0cmluZ1BhcmFtZXRlciBOYW1lPSJtZXNzYWdlSWQiIFZhbHVlPSJkLUFGQkJGQjFFLUIlMkMwJTdDUyUyQzMlN0NUJTJDMCIgUmVjb3JkZWRWYWx1ZT0iZC1BRkJCRkIxRS1CJTJDMCU3Q1MlMkMzJTdDVCUyQzAiIENvcnJlbGF0aW9uQmluZGluZz0iIiBVcmxFbmNvZGU9IkZhbHNlIiBVc2VUb0dyb3VwUmVzdWx0cz0iRmFsc2UiIC8+DQogICAgICAgIDxRdWVyeVN0cmluZ1BhcmFtZXRlciBOYW1lPSJyZXF1ZXN0VXJsIiBWYWx1ZT0iaHR0cCUzQSUyRiUyRmxvY2FsaG9zdCUzQTQ2MjMlMkZBcGlMaXN0IiBSZWNvcmRlZFZhbHVlPSJodHRwJTNBJTJGJTJGbG9jYWxob3N0JTNBNDYyMyUyRkFwaUxpc3QiIENvcnJlbGF0aW9uQmluZGluZz0iIiBVcmxFbmNvZGU9IkZhbHNlIiBVc2VUb0dyb3VwUmVzdWx0cz0iRmFsc2UiIC8+DQogICAgICAgIDxRdWVyeVN0cmluZ1BhcmFtZXRlciBOYW1lPSJicm93c2VyTmFtZSIgVmFsdWU9IkludGVybmV0K0V4cGxvcmVyIiBSZWNvcmRlZFZhbHVlPSJJbnRlcm5ldCtFeHBsb3JlciIgQ29ycmVsYXRpb25CaW5kaW5nPSIiIFVybEVuY29kZT0iRmFsc2UiIFVzZVRvR3JvdXBSZXN1bHRzPSJGYWxzZSIgLz4NCiAgICAgICAgPFF1ZXJ5U3RyaW5nUGFyYW1ldGVyIE5hbWU9InRpZCIgVmFsdWU9IjMiIFJlY29yZGVkVmFsdWU9IjMiIENvcnJlbGF0aW9uQmluZGluZz0iIiBVcmxFbmNvZGU9IkZhbHNlIiBVc2VUb0dyb3VwUmVzdWx0cz0iRmFsc2UiIC8+DQogICAgICAgIDxRdWVyeVN0cmluZ1BhcmFtZXRlciBOYW1lPSJfIiBWYWx1ZT0iMTM5NzYzMDk2NTY0MiIgUmVjb3JkZWRWYWx1ZT0iMTM5NzYzMDk2NTY0MiIgQ29ycmVsYXRpb25CaW5kaW5nPSIiIFVybEVuY29kZT0iRmFsc2UiIFVzZVRvR3JvdXBSZXN1bHRzPSJGYWxzZSIgLz4NCiAgICAgIDwvUXVlcnlTdHJpbmdQYXJhbWV0ZXJzPg0KICAgICAgPEZvcm1Qb3N0SHR0cEJvZHkgLz4NCiAgICA8L1JlcXVlc3Q+DQogICAgPFJlcXVlc3QgTWV0aG9kPSJQT1NUIiBHdWlkPSIyODQ4ODMzYy0xNGQzLTRiMjctYmMyMC1hZGQ0ZDhkYTVkMjYiIFZlcnNpb249IjEuMSIgVXJsPSJodHRwOi8vbG9jYWxob3N0OjE3NTQ5L2E0NjgwMDA4M2UyOTQzOWE4NWQyMTZkYmM5MjAzYjk0L2FydGVyeVNpZ25hbFIvc2VuZCIgVGhpbmtUaW1lPSIwIiBUaW1lb3V0PSIzMDAiIFBhcnNlRGVwZW5kZW50UmVxdWVzdHM9IlRydWUiIEZvbGxvd1JlZGlyZWN0cz0iVHJ1ZSIgUmVjb3JkUmVzdWx0PSJUcnVlIiBDYWNoZT0iRmFsc2UiIFJlc3BvbnNlVGltZUdvYWw9IjAiIEVuY29kaW5nPSJ1dGYtOCIgRXhwZWN0ZWRIdHRwU3RhdHVzQ29kZT0iMCIgRXhwZWN0ZWRSZXNwb25zZVVybD0iIiBSZXBvcnRpbmdOYW1lPSIiIElnbm9yZUh0dHBTdGF0dXNDb2RlPSJGYWxzZSI+DQogICAgICA8SGVhZGVycz4NCiAgICAgICAgPEhlYWRlciBOYW1lPSJBY2NlcHQiIFZhbHVlPSJ0ZXh0L3BsYWluLCAqLyo7IHE9MC4wMSIgLz4NCiAgICAgICAgPEhlYWRlciBOYW1lPSJSZWZlcmVyIiBWYWx1ZT0iaHR0cDovL2xvY2FsaG9zdDo0NjIzL0FwaUxpc3QiIC8+DQogICAgICA8L0hlYWRlcnM+DQogICAgICA8UXVlcnlTdHJpbmdQYXJhbWV0ZXJzPg0KICAgICAgICA8UXVlcnlTdHJpbmdQYXJhbWV0ZXIgTmFtZT0idHJhbnNwb3J0IiBWYWx1ZT0ibG9uZ1BvbGxpbmciIFJlY29yZGVkVmFsdWU9ImxvbmdQb2xsaW5nIiBDb3JyZWxhdGlvbkJpbmRpbmc9IiIgVXJsRW5jb2RlPSJGYWxzZSIgVXNlVG9Hcm91cFJlc3VsdHM9IkZhbHNlIiAvPg0KICAgICAgICA8UXVlcnlTdHJpbmdQYXJhbWV0ZXIgTmFtZT0iY29ubmVjdGlvblRva2VuIiBWYWx1ZT0iQVFBQUFOQ01uZDhCRmRFUmpIb0F3RSUyRkNsJTJCc0JBQUFBejhzRTFQVm9hVW10bDdkVEZ1WVg3QUFBQUFBQ0FBQUFBQUFRWmdBQUFBRUFBQ0FBQUFESEVmSnhzTndTMTZzemdtcG9WUSUyRmFweEd6WTVUeVFYNWd2TUlub2ZGQkpRQUFBQUFPZ0FBQUFBSUFBQ0FBQUFDN1VMTnhvdUQzVHh1S2R5ak05cjlPOHNyV1l6VnNiaHh3Z3dMRmU5NlpkREFBQUFDY0VFMCUyRjZubm9uc2FSUmlPdnc0b0dveWhJQmpTR2Z1SXVJVzgwQUVXWkxremRRQmxQN0NCTUNQeVRHJTJGN1ZKcGhBQUFBQWFPWGg2anhqciUyQlB4VHl0QVM0dHYxc2MzakJFbEZZTGxTRUh3TU5hY0tXUUJ2MUxxbktNa0VNS1VKbDFrclpHd1A5RkI0NlFsR3FuazRpcURQaEprSWclM0QlM0QiIFJlY29yZGVkVmFsdWU9IkFRQUFBTkNNbmQ4QkZkRVJqSG9Bd0UlMkZDbCUyQnNCQUFBQXo4c0UxUFZvYVVtdGw3ZFRGdVlYN0FBQUFBQUNBQUFBQUFBUVpnQUFBQUVBQUNBQUFBREhFZkp4c053UzE2c3pnbXBvVlElMkZhcHhHelk1VHlRWDVndk1Jbm9mRkJKUUFBQUFBT2dBQUFBQUlBQUNBQUFBQzdVTE54b3VEM1R4dUtkeWpNOXI5TzhzcldZelZzYmh4d2d3TEZlOTZaZERBQUFBQ2NFRTAlMkY2bm5vbnNhUlJpT3Z3NG9Hb3loSUJqU0dmdUl1SVc4MEFFV1pMa3pkUUJsUDdDQk1DUHlURyUyRjdWSnBoQUFBQUFhT1hoNmp4anIlMkJQeFR5dEFTNHR2MXNjM2pCRWxGWUxsU0VId01OYWNLV1FCdjFMcW5LTWtFTUtVSmwxa3JaR3dQOUZCNDZRbEdxbms0aXFEUGhKa0lnJTNEJTNEIiBDb3JyZWxhdGlvbkJpbmRpbmc9IiIgVXJsRW5jb2RlPSJGYWxzZSIgVXNlVG9Hcm91cFJlc3VsdHM9IkZhbHNlIiAvPg0KICAgICAgICA8UXVlcnlTdHJpbmdQYXJhbWV0ZXIgTmFtZT0icmVxdWVzdFVybCIgVmFsdWU9Imh0dHAlM0ElMkYlMkZsb2NhbGhvc3QlM0E0NjIzJTJGQXBpTGlzdCIgUmVjb3JkZWRWYWx1ZT0iaHR0cCUzQSUyRiUyRmxvY2FsaG9zdCUzQTQ2MjMlMkZBcGlMaXN0IiBDb3JyZWxhdGlvbkJpbmRpbmc9IiIgVXJsRW5jb2RlPSJGYWxzZSIgVXNlVG9Hcm91cFJlc3VsdHM9IkZhbHNlIiAvPg0KICAgICAgICA8UXVlcnlTdHJpbmdQYXJhbWV0ZXIgTmFtZT0iYnJvd3Nlck5hbWUiIFZhbHVlPSJJbnRlcm5ldCtFeHBsb3JlciIgUmVjb3JkZWRWYWx1ZT0iSW50ZXJuZXQrRXhwbG9yZXIiIENvcnJlbGF0aW9uQmluZGluZz0iIiBVcmxFbmNvZGU9IkZhbHNlIiBVc2VUb0dyb3VwUmVzdWx0cz0iRmFsc2UiIC8+DQogICAgICA8L1F1ZXJ5U3RyaW5nUGFyYW1ldGVycz4NCiAgICAgIDxGb3JtUG9zdEh0dHBCb2R5Pg0KICAgICAgICA8Rm9ybVBvc3RQYXJhbWV0ZXIgTmFtZT0iZGF0YSIgVmFsdWU9InsmcXVvdDtuYW1lJnF1b3Q7OiZxdW90O21pY3Jvc29mdC52aXN1YWxzdHVkaW8ud2ViLmJyb3dzZXJsaW5rLmh0bWxtYXBwaW5nZXh0ZW5zaW9uZmFjdG9yeS5yZXNvbHZlU291cmNlRmlsZVBhdGhzJnF1b3Q7LCZxdW90O2FyZ3MmcXVvdDs6W1smcXVvdDt+L1ZpZXdzL0FwaUxpc3QvSW5kZXguY3NodG1sJnF1b3Q7XV0sJnF1b3Q7Y2FsbGJhY2tJZCZxdW90OzozfSIgUmVjb3JkZWRWYWx1ZT0ieyZxdW90O25hbWUmcXVvdDs6JnF1b3Q7bWljcm9zb2Z0LnZpc3VhbHN0dWRpby53ZWIuYnJvd3NlcmxpbmsuaHRtbG1hcHBpbmdleHRlbnNpb25mYWN0b3J5LnJlc29sdmVTb3VyY2VGaWxlUGF0aHMmcXVvdDssJnF1b3Q7YXJncyZxdW90OzpbWyZxdW90O34vVmlld3MvQXBpTGlzdC9JbmRleC5jc2h0bWwmcXVvdDtdXSwmcXVvdDtjYWxsYmFja0lkJnF1b3Q7OjN9IiBDb3JyZWxhdGlvbkJpbmRpbmc9IiIgVXJsRW5jb2RlPSJUcnVlIiAvPg0KICAgICAgPC9Gb3JtUG9zdEh0dHBCb2R5Pg0KICAgIDwvUmVxdWVzdD4NCiAgICA8UmVxdWVzdCBNZXRob2Q9IkdFVCIgR3VpZD0iMmYxNzIzYzctMmRmMy00MGQ2LThkYWItN2M4NmJiZTZlNGM1IiBWZXJzaW9uPSIxLjEiIFVybD0iaHR0cDovL2xvY2FsaG9zdDo0NjIzL0FwaUxpc3QvVXNlcnNTaG93IiBUaGlua1RpbWU9IjAiIFRpbWVvdXQ9IjMwMCIgUGFyc2VEZXBlbmRlbnRSZXF1ZXN0cz0iVHJ1ZSIgRm9sbG93UmVkaXJlY3RzPSJUcnVlIiBSZWNvcmRSZXN1bHQ9IlRydWUiIENhY2hlPSJGYWxzZSIgUmVzcG9uc2VUaW1lR29hbD0iMCIgRW5jb2Rpbmc9InV0Zi04IiBFeHBlY3RlZEh0dHBTdGF0dXNDb2RlPSIwIiBFeHBlY3RlZFJlc3BvbnNlVXJsPSIiIFJlcG9ydGluZ05hbWU9IiIgSWdub3JlSHR0cFN0YXR1c0NvZGU9IkZhbHNlIj4NCiAgICAgIDxIZWFkZXJzPg0KICAgICAgICA8SGVhZGVyIE5hbWU9IlJlZmVyZXIiIFZhbHVlPSJodHRwOi8vbG9jYWxob3N0OjQ2MjMvQXBpTGlzdCIgLz4NCiAgICAgIDwvSGVhZGVycz4NCiAgICA8L1JlcXVlc3Q+DQogICAgPFJlcXVlc3QgTWV0aG9kPSJQT1NUIiBHdWlkPSIzOTJjYjlhNy05MTdlLTRkY2UtODIxZC1mNDE3MzQ5OTBjNWEiIFZlcnNpb249IjEuMSIgVXJsPSJodHRwOi8vbG9jYWxob3N0OjE3NTQ5L2E0NjgwMDA4M2UyOTQzOWE4NWQyMTZkYmM5MjAzYjk0L2FydGVyeVNpZ25hbFIvYWJvcnQiIFRoaW5rVGltZT0iMCIgVGltZW91dD0iMzAwIiBQYXJzZURlcGVuZGVudFJlcXVlc3RzPSJUcnVlIiBGb2xsb3dSZWRpcmVjdHM9IlRydWUiIFJlY29yZFJlc3VsdD0iVHJ1ZSIgQ2FjaGU9IkZhbHNlIiBSZXNwb25zZVRpbWVHb2FsPSIwIiBFbmNvZGluZz0idXRmLTgiIEV4cGVjdGVkSHR0cFN0YXR1c0NvZGU9IjAiIEV4cGVjdGVkUmVzcG9uc2VVcmw9IiIgUmVwb3J0aW5nTmFtZT0iIiBJZ25vcmVIdHRwU3RhdHVzQ29kZT0iRmFsc2UiPg0KICAgICAgPEhlYWRlcnM+DQogICAgICAgIDxIZWFkZXIgTmFtZT0iQWNjZXB0IiBWYWx1ZT0idGV4dC9wbGFpbiwgKi8qOyBxPTAuMDEiIC8+DQogICAgICAgIDxIZWFkZXIgTmFtZT0iUmVmZXJlciIgVmFsdWU9Imh0dHA6Ly9sb2NhbGhvc3Q6NDYyMy9BcGlMaXN0IiAvPg0KICAgICAgPC9IZWFkZXJzPg0KICAgICAgPFF1ZXJ5U3RyaW5nUGFyYW1ldGVycz4NCiAgICAgICAgPFF1ZXJ5U3RyaW5nUGFyYW1ldGVyIE5hbWU9InRyYW5zcG9ydCIgVmFsdWU9ImxvbmdQb2xsaW5nIiBSZWNvcmRlZFZhbHVlPSJsb25nUG9sbGluZyIgQ29ycmVsYXRpb25CaW5kaW5nPSIiIFVybEVuY29kZT0iRmFsc2UiIFVzZVRvR3JvdXBSZXN1bHRzPSJGYWxzZSIgLz4NCiAgICAgICAgPFF1ZXJ5U3RyaW5nUGFyYW1ldGVyIE5hbWU9ImNvbm5lY3Rpb25Ub2tlbiIgVmFsdWU9IkFRQUFBTkNNbmQ4QkZkRVJqSG9Bd0UlMkZDbCUyQnNCQUFBQXo4c0UxUFZvYVVtdGw3ZFRGdVlYN0FBQUFBQUNBQUFBQUFBUVpnQUFBQUVBQUNBQUFBREhFZkp4c053UzE2c3pnbXBvVlElMkZhcHhHelk1VHlRWDVndk1Jbm9mRkJKUUFBQUFBT2dBQUFBQUlBQUNBQUFBQzdVTE54b3VEM1R4dUtkeWpNOXI5TzhzcldZelZzYmh4d2d3TEZlOTZaZERBQUFBQ2NFRTAlMkY2bm5vbnNhUlJpT3Z3NG9Hb3loSUJqU0dmdUl1SVc4MEFFV1pMa3pkUUJsUDdDQk1DUHlURyUyRjdWSnBoQUFBQUFhT1hoNmp4anIlMkJQeFR5dEFTNHR2MXNjM2pCRWxGWUxsU0VId01OYWNLV1FCdjFMcW5LTWtFTUtVSmwxa3JaR3dQOUZCNDZRbEdxbms0aXFEUGhKa0lnJTNEJTNEIiBSZWNvcmRlZFZhbHVlPSJBUUFBQU5DTW5kOEJGZEVSakhvQXdFJTJGQ2wlMkJzQkFBQUF6OHNFMVBWb2FVbXRsN2RURnVZWDdBQUFBQUFDQUFBQUFBQVFaZ0FBQUFFQUFDQUFBQURIRWZKeHNOd1MxNnN6Z21wb1ZRJTJGYXB4R3pZNVR5UVg1Z3ZNSW5vZkZCSlFBQUFBQU9nQUFBQUFJQUFDQUFBQUM3VUxOeG91RDNUeHVLZHlqTTlyOU84c3JXWXpWc2JoeHdnd0xGZTk2WmREQUFBQUNjRUUwJTJGNm5ub25zYVJSaU92dzRvR295aElCalNHZnVJdUlXODBBRVdaTGt6ZFFCbFA3Q0JNQ1B5VEclMkY3VkpwaEFBQUFBYU9YaDZqeGpyJTJCUHhUeXRBUzR0djFzYzNqQkVsRllMbFNFSHdNTmFjS1dRQnYxTHFuS01rRU1LVUpsMWtyWkd3UDlGQjQ2UWxHcW5rNGlxRFBoSmtJZyUzRCUzRCIgQ29ycmVsYXRpb25CaW5kaW5nPSIiIFVybEVuY29kZT0iRmFsc2UiIFVzZVRvR3JvdXBSZXN1bHRzPSJGYWxzZSIgLz4NCiAgICAgICAgPFF1ZXJ5U3RyaW5nUGFyYW1ldGVyIE5hbWU9InJlcXVlc3RVcmwiIFZhbHVlPSJodHRwJTNBJTJGJTJGbG9jYWxob3N0JTNBNDYyMyUyRkFwaUxpc3QiIFJlY29yZGVkVmFsdWU9Imh0dHAlM0ElMkYlMkZsb2NhbGhvc3QlM0E0NjIzJTJGQXBpTGlzdCIgQ29ycmVsYXRpb25CaW5kaW5nPSIiIFVybEVuY29kZT0iRmFsc2UiIFVzZVRvR3JvdXBSZXN1bHRzPSJGYWxzZSIgLz4NCiAgICAgICAgPFF1ZXJ5U3RyaW5nUGFyYW1ldGVyIE5hbWU9ImJyb3dzZXJOYW1lIiBWYWx1ZT0iSW50ZXJuZXQrRXhwbG9yZXIiIFJlY29yZGVkVmFsdWU9IkludGVybmV0K0V4cGxvcmVyIiBDb3JyZWxhdGlvbkJpbmRpbmc9IiIgVXJsRW5jb2RlPSJGYWxzZSIgVXNlVG9Hcm91cFJlc3VsdHM9IkZhbHNlIiAvPg0KICAgICAgPC9RdWVyeVN0cmluZ1BhcmFtZXRlcnM+DQogICAgICA8Rm9ybVBvc3RIdHRwQm9keSAvPg0KICAgIDwvUmVxdWVzdD4NCiAgICA8UmVxdWVzdCBNZXRob2Q9IlBPU1QiIEd1aWQ9IjY1MWM5MjE3LWYwNjItNGJjZC04NDMxLWU0M2RlZmJlNWFiOSIgVmVyc2lvbj0iMS4xIiBVcmw9Imh0dHA6Ly9sb2NhbGhvc3Q6MTc1NDkvYTQ2ODAwMDgzZTI5NDM5YTg1ZDIxNmRiYzkyMDNiOTQvYXJ0ZXJ5U2lnbmFsUi9uZWdvdGlhdGUiIFRoaW5rVGltZT0iMCIgVGltZW91dD0iMzAwIiBQYXJzZURlcGVuZGVudFJlcXVlc3RzPSJUcnVlIiBGb2xsb3dSZWRpcmVjdHM9IlRydWUiIFJlY29yZFJlc3VsdD0iVHJ1ZSIgQ2FjaGU9IkZhbHNlIiBSZXNwb25zZVRpbWVHb2FsPSIwIiBFbmNvZGluZz0idXRmLTgiIEV4cGVjdGVkSHR0cFN0YXR1c0NvZGU9IjAiIEV4cGVjdGVkUmVzcG9uc2VVcmw9IiIgUmVwb3J0aW5nTmFtZT0iIiBJZ25vcmVIdHRwU3RhdHVzQ29kZT0iRmFsc2UiPg0KICAgICAgPEhlYWRlcnM+DQogICAgICAgIDxIZWFkZXIgTmFtZT0iQ29udGVudC1UeXBlIiBWYWx1ZT0iYXBwbGljYXRpb24veC13d3ctZm9ybS11cmxlbmNvZGVkOyBjaGFyc2V0PVVURi04IiAvPg0KICAgICAgICA8SGVhZGVyIE5hbWU9IkFjY2VwdCIgVmFsdWU9InRleHQvcGxhaW4sICovKjsgcT0wLjAxIiAvPg0KICAgICAgICA8SGVhZGVyIE5hbWU9IlJlZmVyZXIiIFZhbHVlPSJodHRwOi8vbG9jYWxob3N0OjQ2MjMvQXBpTGlzdC9Vc2Vyc1Nob3ciIC8+DQogICAgICA8L0hlYWRlcnM+DQogICAgICA8UXVlcnlTdHJpbmdQYXJhbWV0ZXJzPg0KICAgICAgICA8UXVlcnlTdHJpbmdQYXJhbWV0ZXIgTmFtZT0icmVxdWVzdFVybCIgVmFsdWU9Imh0dHAlM0ElMkYlMkZsb2NhbGhvc3QlM0E0NjIzJTJGQXBpTGlzdCUyRlVzZXJzU2hvdyIgUmVjb3JkZWRWYWx1ZT0iaHR0cCUzQSUyRiUyRmxvY2FsaG9zdCUzQTQ2MjMlMkZBcGlMaXN0JTJGVXNlcnNTaG93IiBDb3JyZWxhdGlvbkJpbmRpbmc9IiIgVXJsRW5jb2RlPSJGYWxzZSIgVXNlVG9Hcm91cFJlc3VsdHM9IkZhbHNlIiAvPg0KICAgICAgICA8UXVlcnlTdHJpbmdQYXJhbWV0ZXIgTmFtZT0iYnJvd3Nlck5hbWUiIFZhbHVlPSJJbnRlcm5ldCtFeHBsb3JlciIgUmVjb3JkZWRWYWx1ZT0iSW50ZXJuZXQrRXhwbG9yZXIiIENvcnJlbGF0aW9uQmluZGluZz0iIiBVcmxFbmNvZGU9IkZhbHNlIiBVc2VUb0dyb3VwUmVzdWx0cz0iRmFsc2UiIC8+DQogICAgICAgIDxRdWVyeVN0cmluZ1BhcmFtZXRlciBOYW1lPSJjbGllbnRQcm90b2NvbCIgVmFsdWU9IjEuMyIgUmVjb3JkZWRWYWx1ZT0iMS4zIiBDb3JyZWxhdGlvbkJpbmRpbmc9IiIgVXJsRW5jb2RlPSJGYWxzZSIgVXNlVG9Hcm91cFJlc3VsdHM9IkZhbHNlIiAvPg0KICAgICAgICA8UXVlcnlTdHJpbmdQYXJhbWV0ZXIgTmFtZT0iXyIgVmFsdWU9IjEzOTc2MzA5NjY1MzAiIFJlY29yZGVkVmFsdWU9IjEzOTc2MzA5NjY1MzAiIENvcnJlbGF0aW9uQmluZGluZz0iIiBVcmxFbmNvZGU9IkZhbHNlIiBVc2VUb0dyb3VwUmVzdWx0cz0iRmFsc2UiIC8+DQogICAgICA8L1F1ZXJ5U3RyaW5nUGFyYW1ldGVycz4NCiAgICAgIDxGb3JtUG9zdEh0dHBCb2R5IC8+DQogICAgPC9SZXF1ZXN0Pg0KICAgIDxSZXF1ZXN0IE1ldGhvZD0iUE9TVCIgR3VpZD0iZmRhMjYyMzctOWVmYi00ZTk4LWEwZjUtODRjMTgxZGZkMjA3IiBWZXJzaW9uPSIxLjEiIFVybD0iaHR0cDovL2xvY2FsaG9zdDoxNzU0OS9hNDY4MDAwODNlMjk0MzlhODVkMjE2ZGJjOTIwM2I5NC9hcnRlcnlTaWduYWxSL2Nvbm5lY3QiIFRoaW5rVGltZT0iMCIgVGltZW91dD0iMzAwIiBQYXJzZURlcGVuZGVudFJlcXVlc3RzPSJUcnVlIiBGb2xsb3dSZWRpcmVjdHM9IlRydWUiIFJlY29yZFJlc3VsdD0iVHJ1ZSIgQ2FjaGU9IkZhbHNlIiBSZXNwb25zZVRpbWVHb2FsPSIwIiBFbmNvZGluZz0idXRmLTgiIEV4cGVjdGVkSHR0cFN0YXR1c0NvZGU9IjAiIEV4cGVjdGVkUmVzcG9uc2VVcmw9IiIgUmVwb3J0aW5nTmFtZT0iIiBJZ25vcmVIdHRwU3RhdHVzQ29kZT0iRmFsc2UiPg0KICAgICAgPEhlYWRlcnM+DQogICAgICAgIDxIZWFkZXIgTmFtZT0iQ29udGVudC1UeXBlIiBWYWx1ZT0iYXBwbGljYXRpb24veC13d3ctZm9ybS11cmxlbmNvZGVkOyBjaGFyc2V0PVVURi04IiAvPg0KICAgICAgICA8SGVhZGVyIE5hbWU9IkFjY2VwdCIgVmFsdWU9InRleHQvcGxhaW4sICovKjsgcT0wLjAxIiAvPg0KICAgICAgICA8SGVhZGVyIE5hbWU9IlJlZmVyZXIiIFZhbHVlPSJodHRwOi8vbG9jYWxob3N0OjQ2MjMvQXBpTGlzdC9Vc2Vyc1Nob3ciIC8+DQogICAgICA8L0hlYWRlcnM+DQogICAgICA8UXVlcnlTdHJpbmdQYXJhbWV0ZXJzPg0KICAgICAgICA8UXVlcnlTdHJpbmdQYXJhbWV0ZXIgTmFtZT0idHJhbnNwb3J0IiBWYWx1ZT0ibG9uZ1BvbGxpbmciIFJlY29yZGVkVmFsdWU9ImxvbmdQb2xsaW5nIiBDb3JyZWxhdGlvbkJpbmRpbmc9IiIgVXJsRW5jb2RlPSJGYWxzZSIgVXNlVG9Hcm91cFJlc3VsdHM9IkZhbHNlIiAvPg0KICAgICAgICA8UXVlcnlTdHJpbmdQYXJhbWV0ZXIgTmFtZT0iY29ubmVjdGlvblRva2VuIiBWYWx1ZT0iQVFBQUFOQ01uZDhCRmRFUmpIb0F3RSUyRkNsJTJCc0JBQUFBejhzRTFQVm9hVW10bDdkVEZ1WVg3QUFBQUFBQ0FBQUFBQUFRWmdBQUFBRUFBQ0FBQUFBUnZDazY3bHdGek9SUGxmdlgxQXJrRGRGd0k3TzBSVWswWk9TbFRMdGw3QUFBQUFBT2dBQUFBQUlBQUNBQUFBQW5PQnhSanJ5JTJGRGhtd051cXRmQkZLS3V6WlJMJTJCVFNld0FnV1IlMkJBcExKNWpBQUFBQndoY3lWaiUyRm5uekJqJTJGMyUyRnM5SDg5V0Z6VHJFQTJmV0xwaFc1VVlxWHI5TFY4aWE1TGJYdG43ajBjTEFYWEZLMHRBQUFBQTB6WUIlMkZKemlteGZZT24lMkYyUG9laFhUbncydHRaa2glMkJyRlNlWCUyRlJEaVJOJTJGSjFjdmxtNG1PbHQ2QUc0am8xTGpCWERqQ1V6YnUzaVhPaHBENWtvbjY4QSUzRCUzRCIgUmVjb3JkZWRWYWx1ZT0iQVFBQUFOQ01uZDhCRmRFUmpIb0F3RSUyRkNsJTJCc0JBQUFBejhzRTFQVm9hVW10bDdkVEZ1WVg3QUFBQUFBQ0FBQUFBQUFRWmdBQUFBRUFBQ0FBQUFBUnZDazY3bHdGek9SUGxmdlgxQXJrRGRGd0k3TzBSVWswWk9TbFRMdGw3QUFBQUFBT2dBQUFBQUlBQUNBQUFBQW5PQnhSanJ5JTJGRGhtd051cXRmQkZLS3V6WlJMJTJCVFNld0FnV1IlMkJBcExKNWpBQUFBQndoY3lWaiUyRm5uekJqJTJGMyUyRnM5SDg5V0Z6VHJFQTJmV0xwaFc1VVlxWHI5TFY4aWE1TGJYdG43ajBjTEFYWEZLMHRBQUFBQTB6WUIlMkZKemlteGZZT24lMkYyUG9laFhUbncydHRaa2glMkJyRlNlWCUyRlJEaVJOJTJGSjFjdmxtNG1PbHQ2QUc0am8xTGpCWERqQ1V6YnUzaVhPaHBENWtvbjY4QSUzRCUzRCIgQ29ycmVsYXRpb25CaW5kaW5nPSIiIFVybEVuY29kZT0iRmFsc2UiIFVzZVRvR3JvdXBSZXN1bHRzPSJGYWxzZSIgLz4NCiAgICAgICAgPFF1ZXJ5U3RyaW5nUGFyYW1ldGVyIE5hbWU9InJlcXVlc3RVcmwiIFZhbHVlPSJodHRwJTNBJTJGJTJGbG9jYWxob3N0JTNBNDYyMyUyRkFwaUxpc3QlMkZVc2Vyc1Nob3ciIFJlY29yZGVkVmFsdWU9Imh0dHAlM0ElMkYlMkZsb2NhbGhvc3QlM0E0NjIzJTJGQXBpTGlzdCUyRlVzZXJzU2hvdyIgQ29ycmVsYXRpb25CaW5kaW5nPSIiIFVybEVuY29kZT0iRmFsc2UiIFVzZVRvR3JvdXBSZXN1bHRzPSJGYWxzZSIgLz4NCiAgICAgICAgPFF1ZXJ5U3RyaW5nUGFyYW1ldGVyIE5hbWU9ImJyb3dzZXJOYW1lIiBWYWx1ZT0iSW50ZXJuZXQrRXhwbG9yZXIiIFJlY29yZGVkVmFsdWU9IkludGVybmV0K0V4cGxvcmVyIiBDb3JyZWxhdGlvbkJpbmRpbmc9IiIgVXJsRW5jb2RlPSJGYWxzZSIgVXNlVG9Hcm91cFJlc3VsdHM9IkZhbHNlIiAvPg0KICAgICAgICA8UXVlcnlTdHJpbmdQYXJhbWV0ZXIgTmFtZT0idGlkIiBWYWx1ZT0iMSIgUmVjb3JkZWRWYWx1ZT0iMSIgQ29ycmVsYXRpb25CaW5kaW5nPSIiIFVybEVuY29kZT0iRmFsc2UiIFVzZVRvR3JvdXBSZXN1bHRzPSJGYWxzZSIgLz4NCiAgICAgICAgPFF1ZXJ5U3RyaW5nUGFyYW1ldGVyIE5hbWU9Il8iIFZhbHVlPSIxMzk3NjMwOTY3MDU3IiBSZWNvcmRlZFZhbHVlPSIxMzk3NjMwOTY3MDU3IiBDb3JyZWxhdGlvbkJpbmRpbmc9IiIgVXJsRW5jb2RlPSJGYWxzZSIgVXNlVG9Hcm91cFJlc3VsdHM9IkZhbHNlIiAvPg0KICAgICAgPC9RdWVyeVN0cmluZ1BhcmFtZXRlcnM+DQogICAgICA8Rm9ybVBvc3RIdHRwQm9keSAvPg0KICAgIDwvUmVxdWVzdD4NCiAgICA8UmVxdWVzdCBNZXRob2Q9IlBPU1QiIEd1aWQ9ImZhYWFlYjk0LWRlMzgtNDYwZi1iOTUyLTlkNzg4ZDc0MTY1OCIgVmVyc2lvbj0iMS4xIiBVcmw9Imh0dHA6Ly9sb2NhbGhvc3Q6MTc1NDkvYTQ2ODAwMDgzZTI5NDM5YTg1ZDIxNmRiYzkyMDNiOTQvYXJ0ZXJ5U2lnbmFsUi9zZW5kIiBUaGlua1RpbWU9IjAiIFRpbWVvdXQ9IjMwMCIgUGFyc2VEZXBlbmRlbnRSZXF1ZXN0cz0iVHJ1ZSIgRm9sbG93UmVkaXJlY3RzPSJUcnVlIiBSZWNvcmRSZXN1bHQ9IlRydWUiIENhY2hlPSJGYWxzZSIgUmVzcG9uc2VUaW1lR29hbD0iMCIgRW5jb2Rpbmc9InV0Zi04IiBFeHBlY3RlZEh0dHBTdGF0dXNDb2RlPSIwIiBFeHBlY3RlZFJlc3BvbnNlVXJsPSIiIFJlcG9ydGluZ05hbWU9IiIgSWdub3JlSHR0cFN0YXR1c0NvZGU9IkZhbHNlIj4NCiAgICAgIDxIZWFkZXJzPg0KICAgICAgICA8SGVhZGVyIE5hbWU9IkFjY2VwdCIgVmFsdWU9InRleHQvcGxhaW4sICovKjsgcT0wLjAxIiAvPg0KICAgICAgICA8SGVhZGVyIE5hbWU9IlJlZmVyZXIiIFZhbHVlPSJodHRwOi8vbG9jYWxob3N0OjQ2MjMvQXBpTGlzdC9Vc2Vyc1Nob3ciIC8+DQogICAgICA8L0hlYWRlcnM+DQogICAgICA8UXVlcnlTdHJpbmdQYXJhbWV0ZXJzPg0KICAgICAgICA8UXVlcnlTdHJpbmdQYXJhbWV0ZXIgTmFtZT0idHJhbnNwb3J0IiBWYWx1ZT0ibG9uZ1BvbGxpbmciIFJlY29yZGVkVmFsdWU9ImxvbmdQb2xsaW5nIiBDb3JyZWxhdGlvbkJpbmRpbmc9IiIgVXJsRW5jb2RlPSJGYWxzZSIgVXNlVG9Hcm91cFJlc3VsdHM9IkZhbHNlIiAvPg0KICAgICAgICA8UXVlcnlTdHJpbmdQYXJhbWV0ZXIgTmFtZT0iY29ubmVjdGlvblRva2VuIiBWYWx1ZT0iQVFBQUFOQ01uZDhCRmRFUmpIb0F3RSUyRkNsJTJCc0JBQUFBejhzRTFQVm9hVW10bDdkVEZ1WVg3QUFBQUFBQ0FBQUFBQUFRWmdBQUFBRUFBQ0FBQUFBUnZDazY3bHdGek9SUGxmdlgxQXJrRGRGd0k3TzBSVWswWk9TbFRMdGw3QUFBQUFBT2dBQUFBQUlBQUNBQUFBQW5PQnhSanJ5JTJGRGhtd051cXRmQkZLS3V6WlJMJTJCVFNld0FnV1IlMkJBcExKNWpBQUFBQndoY3lWaiUyRm5uekJqJTJGMyUyRnM5SDg5V0Z6VHJFQTJmV0xwaFc1VVlxWHI5TFY4aWE1TGJYdG43ajBjTEFYWEZLMHRBQUFBQTB6WUIlMkZKemlteGZZT24lMkYyUG9laFhUbncydHRaa2glMkJyRlNlWCUyRlJEaVJOJTJGSjFjdmxtNG1PbHQ2QUc0am8xTGpCWERqQ1V6YnUzaVhPaHBENWtvbjY4QSUzRCUzRCIgUmVjb3JkZWRWYWx1ZT0iQVFBQUFOQ01uZDhCRmRFUmpIb0F3RSUyRkNsJTJCc0JBQUFBejhzRTFQVm9hVW10bDdkVEZ1WVg3QUFBQUFBQ0FBQUFBQUFRWmdBQUFBRUFBQ0FBQUFBUnZDazY3bHdGek9SUGxmdlgxQXJrRGRGd0k3TzBSVWswWk9TbFRMdGw3QUFBQUFBT2dBQUFBQUlBQUNBQUFBQW5PQnhSanJ5JTJGRGhtd051cXRmQkZLS3V6WlJMJTJCVFNld0FnV1IlMkJBcExKNWpBQUFBQndoY3lWaiUyRm5uekJqJTJGMyUyRnM5SDg5V0Z6VHJFQTJmV0xwaFc1VVlxWHI5TFY4aWE1TGJYdG43ajBjTEFYWEZLMHRBQUFBQTB6WUIlMkZKemlteGZZT24lMkYyUG9laFhUbncydHRaa2glMkJyRlNlWCUyRlJEaVJOJTJGSjFjdmxtNG1PbHQ2QUc0am8xTGpCWERqQ1V6YnUzaVhPaHBENWtvbjY4QSUzRCUzRCIgQ29ycmVsYXRpb25CaW5kaW5nPSIiIFVybEVuY29kZT0iRmFsc2UiIFVzZVRvR3JvdXBSZXN1bHRzPSJGYWxzZSIgLz4NCiAgICAgICAgPFF1ZXJ5U3RyaW5nUGFyYW1ldGVyIE5hbWU9InJlcXVlc3RVcmwiIFZhbHVlPSJodHRwJTNBJTJGJTJGbG9jYWxob3N0JTNBNDYyMyUyRkFwaUxpc3QlMkZVc2Vyc1Nob3ciIFJlY29yZGVkVmFsdWU9Imh0dHAlM0ElMkYlMkZsb2NhbGhvc3QlM0E0NjIzJTJGQXBpTGlzdCUyRlVzZXJzU2hvdyIgQ29ycmVsYXRpb25CaW5kaW5nPSIiIFVybEVuY29kZT0iRmFsc2UiIFVzZVRvR3JvdXBSZXN1bHRzPSJGYWxzZSIgLz4NCiAgICAgICAgPFF1ZXJ5U3RyaW5nUGFyYW1ldGVyIE5hbWU9ImJyb3dzZXJOYW1lIiBWYWx1ZT0iSW50ZXJuZXQrRXhwbG9yZXIiIFJlY29yZGVkVmFsdWU9IkludGVybmV0K0V4cGxvcmVyIiBDb3JyZWxhdGlvbkJpbmRpbmc9IiIgVXJsRW5jb2RlPSJGYWxzZSIgVXNlVG9Hcm91cFJlc3VsdHM9IkZhbHNlIiAvPg0KICAgICAgPC9RdWVyeVN0cmluZ1BhcmFtZXRlcnM+DQogICAgICA8Rm9ybVBvc3RIdHRwQm9keT4NCiAgICAgICAgPEZvcm1Qb3N0UGFyYW1ldGVyIE5hbWU9ImRhdGEiIFZhbHVlPSJ7JnF1b3Q7bmFtZSZxdW90OzomcXVvdDtNaWNyb3NvZnQuVmlzdWFsU3R1ZGlvLldlYi5Ccm93c2VyTGluay5Db3JlRXh0ZW5zaW9uRmFjdG9yeS5jb25uZWN0ZWQmcXVvdDssJnF1b3Q7Y2FsbGJhY2tJZCZxdW90OzoxfSIgUmVjb3JkZWRWYWx1ZT0ieyZxdW90O25hbWUmcXVvdDs6JnF1b3Q7TWljcm9zb2Z0LlZpc3VhbFN0dWRpby5XZWIuQnJvd3NlckxpbmsuQ29yZUV4dGVuc2lvbkZhY3RvcnkuY29ubmVjdGVkJnF1b3Q7LCZxdW90O2NhbGxiYWNrSWQmcXVvdDs6MX0iIENvcnJlbGF0aW9uQmluZGluZz0iIiBVcmxFbmNvZGU9IlRydWUiIC8+DQogICAgICA8L0Zvcm1Qb3N0SHR0cEJvZHk+DQogICAgPC9SZXF1ZXN0Pg0KICAgIDxSZXF1ZXN0IE1ldGhvZD0iUE9TVCIgR3VpZD0iYWQzMTQ2NTEtY2ZlNS00OWNhLTk2MjAtZTU5Mzk3NjczY2ExIiBWZXJzaW9uPSIxLjEiIFVybD0iaHR0cDovL2xvY2FsaG9zdDoxNzU0OS9hNDY4MDAwODNlMjk0MzlhODVkMjE2ZGJjOTIwM2I5NC9hcnRlcnlTaWduYWxSL3BvbGwiIFRoaW5rVGltZT0iMCIgVGltZW91dD0iMzAwIiBQYXJzZURlcGVuZGVudFJlcXVlc3RzPSJUcnVlIiBGb2xsb3dSZWRpcmVjdHM9IlRydWUiIFJlY29yZFJlc3VsdD0iVHJ1ZSIgQ2FjaGU9IkZhbHNlIiBSZXNwb25zZVRpbWVHb2FsPSIwIiBFbmNvZGluZz0idXRmLTgiIEV4cGVjdGVkSHR0cFN0YXR1c0NvZGU9IjAiIEV4cGVjdGVkUmVzcG9uc2VVcmw9IiIgUmVwb3J0aW5nTmFtZT0iIiBJZ25vcmVIdHRwU3RhdHVzQ29kZT0iRmFsc2UiPg0KICAgICAgPEhlYWRlcnM+DQogICAgICAgIDxIZWFkZXIgTmFtZT0iQ29udGVudC1UeXBlIiBWYWx1ZT0iYXBwbGljYXRpb24veC13d3ctZm9ybS11cmxlbmNvZGVkOyBjaGFyc2V0PVVURi04IiAvPg0KICAgICAgICA8SGVhZGVyIE5hbWU9IkFjY2VwdCIgVmFsdWU9InRleHQvcGxhaW4sICovKjsgcT0wLjAxIiAvPg0KICAgICAgICA8SGVhZGVyIE5hbWU9IlJlZmVyZXIiIFZhbHVlPSJodHRwOi8vbG9jYWxob3N0OjQ2MjMvQXBpTGlzdC9Vc2Vyc1Nob3ciIC8+DQogICAgICA8L0hlYWRlcnM+DQogICAgICA8UXVlcnlTdHJpbmdQYXJhbWV0ZXJzPg0KICAgICAgICA8UXVlcnlTdHJpbmdQYXJhbWV0ZXIgTmFtZT0idHJhbnNwb3J0IiBWYWx1ZT0ibG9uZ1BvbGxpbmciIFJlY29yZGVkVmFsdWU9ImxvbmdQb2xsaW5nIiBDb3JyZWxhdGlvbkJpbmRpbmc9IiIgVXJsRW5jb2RlPSJGYWxzZSIgVXNlVG9Hcm91cFJlc3VsdHM9IkZhbHNlIiAvPg0KICAgICAgICA8UXVlcnlTdHJpbmdQYXJhbWV0ZXIgTmFtZT0iY29ubmVjdGlvblRva2VuIiBWYWx1ZT0iQVFBQUFOQ01uZDhCRmRFUmpIb0F3RSUyRkNsJTJCc0JBQUFBejhzRTFQVm9hVW10bDdkVEZ1WVg3QUFBQUFBQ0FBQUFBQUFRWmdBQUFBRUFBQ0FBQUFBUnZDazY3bHdGek9SUGxmdlgxQXJrRGRGd0k3TzBSVWswWk9TbFRMdGw3QUFBQUFBT2dBQUFBQUlBQUNBQUFBQW5PQnhSanJ5JTJGRGhtd051cXRmQkZLS3V6WlJMJTJCVFNld0FnV1IlMkJBcExKNWpBQUFBQndoY3lWaiUyRm5uekJqJTJGMyUyRnM5SDg5V0Z6VHJFQTJmV0xwaFc1VVlxWHI5TFY4aWE1TGJYdG43ajBjTEFYWEZLMHRBQUFBQTB6WUIlMkZKemlteGZZT24lMkYyUG9laFhUbncydHRaa2glMkJyRlNlWCUyRlJEaVJOJTJGSjFjdmxtNG1PbHQ2QUc0am8xTGpCWERqQ1V6YnUzaVhPaHBENWtvbjY4QSUzRCUzRCIgUmVjb3JkZWRWYWx1ZT0iQVFBQUFOQ01uZDhCRmRFUmpIb0F3RSUyRkNsJTJCc0JBQUFBejhzRTFQVm9hVW10bDdkVEZ1WVg3QUFBQUFBQ0FBQUFBQUFRWmdBQUFBRUFBQ0FBQUFBUnZDazY3bHdGek9SUGxmdlgxQXJrRGRGd0k3TzBSVWswWk9TbFRMdGw3QUFBQUFBT2dBQUFBQUlBQUNBQUFBQW5PQnhSanJ5JTJGRGhtd051cXRmQkZLS3V6WlJMJTJCVFNld0FnV1IlMkJBcExKNWpBQUFBQndoY3lWaiUyRm5uekJqJTJGMyUyRnM5SDg5V0Z6VHJFQTJmV0xwaFc1VVlxWHI5TFY4aWE1TGJYdG43ajBjTEFYWEZLMHRBQUFBQTB6WUIlMkZKemlteGZZT24lMkYyUG9laFhUbncydHRaa2glMkJyRlNlWCUyRlJEaVJOJTJGSjFjdmxtNG1PbHQ2QUc0am8xTGpCWERqQ1V6YnUzaVhPaHBENWtvbjY4QSUzRCUzRCIgQ29ycmVsYXRpb25CaW5kaW5nPSIiIFVybEVuY29kZT0iRmFsc2UiIFVzZVRvR3JvdXBSZXN1bHRzPSJGYWxzZSIgLz4NCiAgICAgICAgPFF1ZXJ5U3RyaW5nUGFyYW1ldGVyIE5hbWU9Im1lc3NhZ2VJZCIgVmFsdWU9ImQtQUZCQkZCMUUtQiUyQzAlN0NVJTJDMSU3Q1YlMkMwIiBSZWNvcmRlZFZhbHVlPSJkLUFGQkJGQjFFLUIlMkMwJTdDVSUyQzElN0NWJTJDMCIgQ29ycmVsYXRpb25CaW5kaW5nPSIiIFVybEVuY29kZT0iRmFsc2UiIFVzZVRvR3JvdXBSZXN1bHRzPSJGYWxzZSIgLz4NCiAgICAgICAgPFF1ZXJ5U3RyaW5nUGFyYW1ldGVyIE5hbWU9InJlcXVlc3RVcmwiIFZhbHVlPSJodHRwJTNBJTJGJTJGbG9jYWxob3N0JTNBNDYyMyUyRkFwaUxpc3QlMkZVc2Vyc1Nob3ciIFJlY29yZGVkVmFsdWU9Imh0dHAlM0ElMkYlMkZsb2NhbGhvc3QlM0E0NjIzJTJGQXBpTGlzdCUyRlVzZXJzU2hvdyIgQ29ycmVsYXRpb25CaW5kaW5nPSIiIFVybEVuY29kZT0iRmFsc2UiIFVzZVRvR3JvdXBSZXN1bHRzPSJGYWxzZSIgLz4NCiAgICAgICAgPFF1ZXJ5U3RyaW5nUGFyYW1ldGVyIE5hbWU9ImJyb3dzZXJOYW1lIiBWYWx1ZT0iSW50ZXJuZXQrRXhwbG9yZXIiIFJlY29yZGVkVmFsdWU9IkludGVybmV0K0V4cGxvcmVyIiBDb3JyZWxhdGlvbkJpbmRpbmc9IiIgVXJsRW5jb2RlPSJGYWxzZSIgVXNlVG9Hcm91cFJlc3VsdHM9IkZhbHNlIiAvPg0KICAgICAgICA8UXVlcnlTdHJpbmdQYXJhbWV0ZXIgTmFtZT0idGlkIiBWYWx1ZT0iNCIgUmVjb3JkZWRWYWx1ZT0iNCIgQ29ycmVsYXRpb25CaW5kaW5nPSIiIFVybEVuY29kZT0iRmFsc2UiIFVzZVRvR3JvdXBSZXN1bHRzPSJGYWxzZSIgLz4NCiAgICAgICAgPFF1ZXJ5U3RyaW5nUGFyYW1ldGVyIE5hbWU9Il8iIFZhbHVlPSIxMzk3NjMwOTY3MTMxIiBSZWNvcmRlZFZhbHVlPSIxMzk3NjMwOTY3MTMxIiBDb3JyZWxhdGlvbkJpbmRpbmc9IiIgVXJsRW5jb2RlPSJGYWxzZSIgVXNlVG9Hcm91cFJlc3VsdHM9IkZhbHNlIiAvPg0KICAgICAgPC9RdWVyeVN0cmluZ1BhcmFtZXRlcnM+DQogICAgICA8Rm9ybVBvc3RIdHRwQm9keSAvPg0KICAgIDwvUmVxdWVzdD4NCiAgICA8UmVxdWVzdCBNZXRob2Q9IlBPU1QiIEd1aWQ9ImEzYjcwNGZhLTc1YjEtNGMzMC04NmNkLTE3Zjg2MzlhYjQ4NSIgVmVyc2lvbj0iMS4xIiBVcmw9Imh0dHA6Ly9sb2NhbGhvc3Q6MTc1NDkvYTQ2ODAwMDgzZTI5NDM5YTg1ZDIxNmRiYzkyMDNiOTQvYXJ0ZXJ5U2lnbmFsUi9zZW5kIiBUaGlua1RpbWU9IjAiIFRpbWVvdXQ9IjMwMCIgUGFyc2VEZXBlbmRlbnRSZXF1ZXN0cz0iVHJ1ZSIgRm9sbG93UmVkaXJlY3RzPSJUcnVlIiBSZWNvcmRSZXN1bHQ9IlRydWUiIENhY2hlPSJGYWxzZSIgUmVzcG9uc2VUaW1lR29hbD0iMCIgRW5jb2Rpbmc9InV0Zi04IiBFeHBlY3RlZEh0dHBTdGF0dXNDb2RlPSIwIiBFeHBlY3RlZFJlc3BvbnNlVXJsPSIiIFJlcG9ydGluZ05hbWU9IiIgSWdub3JlSHR0cFN0YXR1c0NvZGU9IkZhbHNlIj4NCiAgICAgIDxIZWFkZXJzPg0KICAgICAgICA8SGVhZGVyIE5hbWU9IkFjY2VwdCIgVmFsdWU9InRleHQvcGxhaW4sICovKjsgcT0wLjAxIiAvPg0KICAgICAgICA8SGVhZGVyIE5hbWU9IlJlZmVyZXIiIFZhbHVlPSJodHRwOi8vbG9jYWxob3N0OjQ2MjMvQXBpTGlzdC9Vc2Vyc1Nob3ciIC8+DQogICAgICA8L0hlYWRlcnM+DQogICAgICA8UXVlcnlTdHJpbmdQYXJhbWV0ZXJzPg0KICAgICAgICA8UXVlcnlTdHJpbmdQYXJhbWV0ZXIgTmFtZT0idHJhbnNwb3J0IiBWYWx1ZT0ibG9uZ1BvbGxpbmciIFJlY29yZGVkVmFsdWU9ImxvbmdQb2xsaW5nIiBDb3JyZWxhdGlvbkJpbmRpbmc9IiIgVXJsRW5jb2RlPSJGYWxzZSIgVXNlVG9Hcm91cFJlc3VsdHM9IkZhbHNlIiAvPg0KICAgICAgICA8UXVlcnlTdHJpbmdQYXJhbWV0ZXIgTmFtZT0iY29ubmVjdGlvblRva2VuIiBWYWx1ZT0iQVFBQUFOQ01uZDhCRmRFUmpIb0F3RSUyRkNsJTJCc0JBQUFBejhzRTFQVm9hVW10bDdkVEZ1WVg3QUFBQUFBQ0FBQUFBQUFRWmdBQUFBRUFBQ0FBQUFBUnZDazY3bHdGek9SUGxmdlgxQXJrRGRGd0k3TzBSVWswWk9TbFRMdGw3QUFBQUFBT2dBQUFBQUlBQUNBQUFBQW5PQnhSanJ5JTJGRGhtd051cXRmQkZLS3V6WlJMJTJCVFNld0FnV1IlMkJBcExKNWpBQUFBQndoY3lWaiUyRm5uekJqJTJGMyUyRnM5SDg5V0Z6VHJFQTJmV0xwaFc1VVlxWHI5TFY4aWE1TGJYdG43ajBjTEFYWEZLMHRBQUFBQTB6WUIlMkZKemlteGZZT24lMkYyUG9laFhUbncydHRaa2glMkJyRlNlWCUyRlJEaVJOJTJGSjFjdmxtNG1PbHQ2QUc0am8xTGpCWERqQ1V6YnUzaVhPaHBENWtvbjY4QSUzRCUzRCIgUmVjb3JkZWRWYWx1ZT0iQVFBQUFOQ01uZDhCRmRFUmpIb0F3RSUyRkNsJTJCc0JBQUFBejhzRTFQVm9hVW10bDdkVEZ1WVg3QUFBQUFBQ0FBQUFBQUFRWmdBQUFBRUFBQ0FBQUFBUnZDazY3bHdGek9SUGxmdlgxQXJrRGRGd0k3TzBSVWswWk9TbFRMdGw3QUFBQUFBT2dBQUFBQUlBQUNBQUFBQW5PQnhSanJ5JTJGRGhtd051cXRmQkZLS3V6WlJMJTJCVFNld0FnV1IlMkJBcExKNWpBQUFBQndoY3lWaiUyRm5uekJqJTJGMyUyRnM5SDg5V0Z6VHJFQTJmV0xwaFc1VVlxWHI5TFY4aWE1TGJYdG43ajBjTEFYWEZLMHRBQUFBQTB6WUIlMkZKemlteGZZT24lMkYyUG9laFhUbncydHRaa2glMkJyRlNlWCUyRlJEaVJOJTJGSjFjdmxtNG1PbHQ2QUc0am8xTGpCWERqQ1V6YnUzaVhPaHBENWtvbjY4QSUzRCUzRCIgQ29ycmVsYXRpb25CaW5kaW5nPSIiIFVybEVuY29kZT0iRmFsc2UiIFVzZVRvR3JvdXBSZXN1bHRzPSJGYWxzZSIgLz4NCiAgICAgICAgPFF1ZXJ5U3RyaW5nUGFyYW1ldGVyIE5hbWU9InJlcXVlc3RVcmwiIFZhbHVlPSJodHRwJTNBJTJGJTJGbG9jYWxob3N0JTNBNDYyMyUyRkFwaUxpc3QlMkZVc2Vyc1Nob3ciIFJlY29yZGVkVmFsdWU9Imh0dHAlM0ElMkYlMkZsb2NhbGhvc3QlM0E0NjIzJTJGQXBpTGlzdCUyRlVzZXJzU2hvdyIgQ29ycmVsYXRpb25CaW5kaW5nPSIiIFVybEVuY29kZT0iRmFsc2UiIFVzZVRvR3JvdXBSZXN1bHRzPSJGYWxzZSIgLz4NCiAgICAgICAgPFF1ZXJ5U3RyaW5nUGFyYW1ldGVyIE5hbWU9ImJyb3dzZXJOYW1lIiBWYWx1ZT0iSW50ZXJuZXQrRXhwbG9yZXIiIFJlY29yZGVkVmFsdWU9IkludGVybmV0K0V4cGxvcmVyIiBDb3JyZWxhdGlvbkJpbmRpbmc9IiIgVXJsRW5jb2RlPSJGYWxzZSIgVXNlVG9Hcm91cFJlc3VsdHM9IkZhbHNlIiAvPg0KICAgICAgPC9RdWVyeVN0cmluZ1BhcmFtZXRlcnM+DQogICAgICA8Rm9ybVBvc3RIdHRwQm9keT4NCiAgICAgICAgPEZvcm1Qb3N0UGFyYW1ldGVyIE5hbWU9ImRhdGEiIFZhbHVlPSJ7JnF1b3Q7bmFtZSZxdW90OzomcXVvdDttaWNyb3NvZnQudmlzdWFsc3R1ZGlvLndlYi5icm93c2VybGluay5odG1sbWFwcGluZ2V4dGVuc2lvbmZhY3RvcnkucmVzb2x2ZVVybCZxdW90OywmcXVvdDthcmdzJnF1b3Q7OlsmcXVvdDt+L19fYnJvd3NlckxpbmsvcmVxdWVzdERhdGEvNjViYjFkMTIyYzMwNGQ2MmE3YzBiZTYzN2QxMzYzOGYmcXVvdDtdLCZxdW90O2NhbGxiYWNrSWQmcXVvdDs6Mn0iIFJlY29yZGVkVmFsdWU9InsmcXVvdDtuYW1lJnF1b3Q7OiZxdW90O21pY3Jvc29mdC52aXN1YWxzdHVkaW8ud2ViLmJyb3dzZXJsaW5rLmh0bWxtYXBwaW5nZXh0ZW5zaW9uZmFjdG9yeS5yZXNvbHZlVXJsJnF1b3Q7LCZxdW90O2FyZ3MmcXVvdDs6WyZxdW90O34vX19icm93c2VyTGluay9yZXF1ZXN0RGF0YS82NWJiMWQxMjJjMzA0ZDYyYTdjMGJlNjM3ZDEzNjM4ZiZxdW90O10sJnF1b3Q7Y2FsbGJhY2tJZCZxdW90OzoyfSIgQ29ycmVsYXRpb25CaW5kaW5nPSIiIFVybEVuY29kZT0iVHJ1ZSIgLz4NCiAgICAgIDwvRm9ybVBvc3RIdHRwQm9keT4NCiAgICA8L1JlcXVlc3Q+DQogICAgPFJlcXVlc3QgTWV0aG9kPSJQT1NUIiBHdWlkPSJkYzEyZDc1My1mYjVmLTQxYTMtODczOS01OTFiYjZkYTFmMDMiIFZlcnNpb249IjEuMSIgVXJsPSJodHRwOi8vbG9jYWxob3N0OjE3NTQ5L2E0NjgwMDA4M2UyOTQzOWE4NWQyMTZkYmM5MjAzYjk0L2FydGVyeVNpZ25hbFIvcG9sbCIgVGhpbmtUaW1lPSIwIiBUaW1lb3V0PSIzMDAiIFBhcnNlRGVwZW5kZW50UmVxdWVzdHM9IlRydWUiIEZvbGxvd1JlZGlyZWN0cz0iVHJ1ZSIgUmVjb3JkUmVzdWx0PSJUcnVlIiBDYWNoZT0iRmFsc2UiIFJlc3BvbnNlVGltZUdvYWw9IjAiIEVuY29kaW5nPSJ1dGYtOCIgRXhwZWN0ZWRIdHRwU3RhdHVzQ29kZT0iMCIgRXhwZWN0ZWRSZXNwb25zZVVybD0iIiBSZXBvcnRpbmdOYW1lPSIiIElnbm9yZUh0dHBTdGF0dXNDb2RlPSJGYWxzZSI+DQogICAgICA8SGVhZGVycz4NCiAgICAgICAgPEhlYWRlciBOYW1lPSJDb250ZW50LVR5cGUiIFZhbHVlPSJhcHBsaWNhdGlvbi94LXd3dy1mb3JtLXVybGVuY29kZWQ7IGNoYXJzZXQ9VVRGLTgiIC8+DQogICAgICAgIDxIZWFkZXIgTmFtZT0iQWNjZXB0IiBWYWx1ZT0idGV4dC9wbGFpbiwgKi8qOyBxPTAuMDEiIC8+DQogICAgICAgIDxIZWFkZXIgTmFtZT0iUmVmZXJlciIgVmFsdWU9Imh0dHA6Ly9sb2NhbGhvc3Q6NDYyMy9BcGlMaXN0L1VzZXJzU2hvdyIgLz4NCiAgICAgIDwvSGVhZGVycz4NCiAgICAgIDxRdWVyeVN0cmluZ1BhcmFtZXRlcnM+DQogICAgICAgIDxRdWVyeVN0cmluZ1BhcmFtZXRlciBOYW1lPSJ0cmFuc3BvcnQiIFZhbHVlPSJsb25nUG9sbGluZyIgUmVjb3JkZWRWYWx1ZT0ibG9uZ1BvbGxpbmciIENvcnJlbGF0aW9uQmluZGluZz0iIiBVcmxFbmNvZGU9IkZhbHNlIiBVc2VUb0dyb3VwUmVzdWx0cz0iRmFsc2UiIC8+DQogICAgICAgIDxRdWVyeVN0cmluZ1BhcmFtZXRlciBOYW1lPSJjb25uZWN0aW9uVG9rZW4iIFZhbHVlPSJBUUFBQU5DTW5kOEJGZEVSakhvQXdFJTJGQ2wlMkJzQkFBQUF6OHNFMVBWb2FVbXRsN2RURnVZWDdBQUFBQUFDQUFBQUFBQVFaZ0FBQUFFQUFDQUFBQUFSdkNrNjdsd0Z6T1JQbGZ2WDFBcmtEZEZ3STdPMFJVazBaT1NsVEx0bDdBQUFBQUFPZ0FBQUFBSUFBQ0FBQUFBbk9CeFJqcnklMkZEaG13TnVxdGZCRktLdXpaUkwlMkJUU2V3QWdXUiUyQkFwTEo1akFBQUFCd2hjeVZqJTJGbm56QmolMkYzJTJGczlIODlXRnpUckVBMmZXTHBoVzVVWXFYcjlMVjhpYTVMYlh0bjdqMGNMQVhYRkswdEFBQUFBMHpZQiUyRkp6aW14ZllPbiUyRjJQb2VoWFRudzJ0dFpraCUyQnJGU2VYJTJGUkRpUk4lMkZKMWN2bG00bU9sdDZBRzRqbzFMakJYRGpDVXpidTNpWE9ocEQ1a29uNjhBJTNEJTNEIiBSZWNvcmRlZFZhbHVlPSJBUUFBQU5DTW5kOEJGZEVSakhvQXdFJTJGQ2wlMkJzQkFBQUF6OHNFMVBWb2FVbXRsN2RURnVZWDdBQUFBQUFDQUFBQUFBQVFaZ0FBQUFFQUFDQUFBQUFSdkNrNjdsd0Z6T1JQbGZ2WDFBcmtEZEZ3STdPMFJVazBaT1NsVEx0bDdBQUFBQUFPZ0FBQUFBSUFBQ0FBQUFBbk9CeFJqcnklMkZEaG13TnVxdGZCRktLdXpaUkwlMkJUU2V3QWdXUiUyQkFwTEo1akFBQUFCd2hjeVZqJTJGbm56QmolMkYzJTJGczlIODlXRnpUckVBMmZXTHBoVzVVWXFYcjlMVjhpYTVMYlh0bjdqMGNMQVhYRkswdEFBQUFBMHpZQiUyRkp6aW14ZllPbiUyRjJQb2VoWFRudzJ0dFpraCUyQnJGU2VYJTJGUkRpUk4lMkZKMWN2bG00bU9sdDZBRzRqbzFMakJYRGpDVXpidTNpWE9ocEQ1a29uNjhBJTNEJTNEIiBDb3JyZWxhdGlvbkJpbmRpbmc9IiIgVXJsRW5jb2RlPSJGYWxzZSIgVXNlVG9Hcm91cFJlc3VsdHM9IkZhbHNlIiAvPg0KICAgICAgICA8UXVlcnlTdHJpbmdQYXJhbWV0ZXIgTmFtZT0ibWVzc2FnZUlkIiBWYWx1ZT0iZC1BRkJCRkIxRS1CJTJDMCU3Q1UlMkMyJTdDViUyQzAiIFJlY29yZGVkVmFsdWU9ImQtQUZCQkZCMUUtQiUyQzAlN0NVJTJDMiU3Q1YlMkMwIiBDb3JyZWxhdGlvbkJpbmRpbmc9IiIgVXJsRW5jb2RlPSJGYWxzZSIgVXNlVG9Hcm91cFJlc3VsdHM9IkZhbHNlIiAvPg0KICAgICAgICA8UXVlcnlTdHJpbmdQYXJhbWV0ZXIgTmFtZT0icmVxdWVzdFVybCIgVmFsdWU9Imh0dHAlM0ElMkYlMkZsb2NhbGhvc3QlM0E0NjIzJTJGQXBpTGlzdCUyRlVzZXJzU2hvdyIgUmVjb3JkZWRWYWx1ZT0iaHR0cCUzQSUyRiUyRmxvY2FsaG9zdCUzQTQ2MjMlMkZBcGlMaXN0JTJGVXNlcnNTaG93IiBDb3JyZWxhdGlvbkJpbmRpbmc9IiIgVXJsRW5jb2RlPSJGYWxzZSIgVXNlVG9Hcm91cFJlc3VsdHM9IkZhbHNlIiAvPg0KICAgICAgICA8UXVlcnlTdHJpbmdQYXJhbWV0ZXIgTmFtZT0iYnJvd3Nlck5hbWUiIFZhbHVlPSJJbnRlcm5ldCtFeHBsb3JlciIgUmVjb3JkZWRWYWx1ZT0iSW50ZXJuZXQrRXhwbG9yZXIiIENvcnJlbGF0aW9uQmluZGluZz0iIiBVcmxFbmNvZGU9IkZhbHNlIiBVc2VUb0dyb3VwUmVzdWx0cz0iRmFsc2UiIC8+DQogICAgICAgIDxRdWVyeVN0cmluZ1BhcmFtZXRlciBOYW1lPSJ0aWQiIFZhbHVlPSIxMCIgUmVjb3JkZWRWYWx1ZT0iMTAiIENvcnJlbGF0aW9uQmluZGluZz0iIiBVcmxFbmNvZGU9IkZhbHNlIiBVc2VUb0dyb3VwUmVzdWx0cz0iRmFsc2UiIC8+DQogICAgICAgIDxRdWVyeVN0cmluZ1BhcmFtZXRlciBOYW1lPSJfIiBWYWx1ZT0iMTM5NzYzMDk2NzM3NCIgUmVjb3JkZWRWYWx1ZT0iMTM5NzYzMDk2NzM3NCIgQ29ycmVsYXRpb25CaW5kaW5nPSIiIFVybEVuY29kZT0iRmFsc2UiIFVzZVRvR3JvdXBSZXN1bHRzPSJGYWxzZSIgLz4NCiAgICAgIDwvUXVlcnlTdHJpbmdQYXJhbWV0ZXJzPg0KICAgICAgPEZvcm1Qb3N0SHR0cEJvZHkgLz4NCiAgICA8L1JlcXVlc3Q+DQogICAgPFJlcXVlc3QgTWV0aG9kPSJHRVQiIEd1aWQ9IjY0N2JjMjk5LWViZTktNDdkMi1hYzRjLTVlYjMwMTg4MjMyMiIgVmVyc2lvbj0iMS4xIiBVcmw9Imh0dHA6Ly9sb2NhbGhvc3Q6NDYyMy9fX2Jyb3dzZXJMaW5rL3JlcXVlc3REYXRhLzY1YmIxZDEyMmMzMDRkNjJhN2MwYmU2MzdkMTM2MzhmIiBUaGlua1RpbWU9IjAiIFRpbWVvdXQ9IjMwMCIgUGFyc2VEZXBlbmRlbnRSZXF1ZXN0cz0iVHJ1ZSIgRm9sbG93UmVkaXJlY3RzPSJUcnVlIiBSZWNvcmRSZXN1bHQ9IlRydWUiIENhY2hlPSJGYWxzZSIgUmVzcG9uc2VUaW1lR29hbD0iMCIgRW5jb2Rpbmc9InV0Zi04IiBFeHBlY3RlZEh0dHBTdGF0dXNDb2RlPSIwIiBFeHBlY3RlZFJlc3BvbnNlVXJsPSIiIFJlcG9ydGluZ05hbWU9IiIgSWdub3JlSHR0cFN0YXR1c0NvZGU9IkZhbHNlIj4NCiAgICAgIDxIZWFkZXJzPg0KICAgICAgICA8SGVhZGVyIE5hbWU9IkFjY2VwdCIgVmFsdWU9ImFwcGxpY2F0aW9uL2pzb24sIHRleHQvamF2YXNjcmlwdCwgKi8qOyBxPTAuMDEiIC8+DQogICAgICAgIDxIZWFkZXIgTmFtZT0iWC1SZXF1ZXN0ZWQtV2l0aCIgVmFsdWU9IlhNTEh0dHBSZXF1ZXN0IiAvPg0KICAgICAgICA8SGVhZGVyIE5hbWU9IlJlZmVyZXIiIFZhbHVlPSJodHRwOi8vbG9jYWxob3N0OjQ2MjMvQXBpTGlzdC9Vc2Vyc1Nob3ciIC8+DQogICAgICA8L0hlYWRlcnM+DQogICAgPC9SZXF1ZXN0Pg0KICAgIDxSZXF1ZXN0IE1ldGhvZD0iUE9TVCIgR3VpZD0iNmEwMTliYTItNjgzMi00NWU5LWIxZDktNTVkOGM1MDJiZGVlIiBWZXJzaW9uPSIxLjEiIFVybD0iaHR0cDovL2xvY2FsaG9zdDoxNzU0OS9hNDY4MDAwODNlMjk0MzlhODVkMjE2ZGJjOTIwM2I5NC9hcnRlcnlTaWduYWxSL3BvbGwiIFRoaW5rVGltZT0iMCIgVGltZW91dD0iMzAwIiBQYXJzZURlcGVuZGVudFJlcXVlc3RzPSJUcnVlIiBGb2xsb3dSZWRpcmVjdHM9IlRydWUiIFJlY29yZFJlc3VsdD0iVHJ1ZSIgQ2FjaGU9IkZhbHNlIiBSZXNwb25zZVRpbWVHb2FsPSIwIiBFbmNvZGluZz0idXRmLTgiIEV4cGVjdGVkSHR0cFN0YXR1c0NvZGU9IjAiIEV4cGVjdGVkUmVzcG9uc2VVcmw9IiIgUmVwb3J0aW5nTmFtZT0iIiBJZ25vcmVIdHRwU3RhdHVzQ29kZT0iRmFsc2UiPg0KICAgICAgPEhlYWRlcnM+DQogICAgICAgIDxIZWFkZXIgTmFtZT0iQ29udGVudC1UeXBlIiBWYWx1ZT0iYXBwbGljYXRpb24veC13d3ctZm9ybS11cmxlbmNvZGVkOyBjaGFyc2V0PVVURi04IiAvPg0KICAgICAgICA8SGVhZGVyIE5hbWU9IkFjY2VwdCIgVmFsdWU9InRleHQvcGxhaW4sICovKjsgcT0wLjAxIiAvPg0KICAgICAgICA8SGVhZGVyIE5hbWU9IlJlZmVyZXIiIFZhbHVlPSJodHRwOi8vbG9jYWxob3N0OjQ2MjMvQXBpTGlzdC9Vc2Vyc1Nob3ciIC8+DQogICAgICA8L0hlYWRlcnM+DQogICAgICA8UXVlcnlTdHJpbmdQYXJhbWV0ZXJzPg0KICAgICAgICA8UXVlcnlTdHJpbmdQYXJhbWV0ZXIgTmFtZT0idHJhbnNwb3J0IiBWYWx1ZT0ibG9uZ1BvbGxpbmciIFJlY29yZGVkVmFsdWU9ImxvbmdQb2xsaW5nIiBDb3JyZWxhdGlvbkJpbmRpbmc9IiIgVXJsRW5jb2RlPSJGYWxzZSIgVXNlVG9Hcm91cFJlc3VsdHM9IkZhbHNlIiAvPg0KICAgICAgICA8UXVlcnlTdHJpbmdQYXJhbWV0ZXIgTmFtZT0iY29ubmVjdGlvblRva2VuIiBWYWx1ZT0iQVFBQUFOQ01uZDhCRmRFUmpIb0F3RSUyRkNsJTJCc0JBQUFBejhzRTFQVm9hVW10bDdkVEZ1WVg3QUFBQUFBQ0FBQUFBQUFRWmdBQUFBRUFBQ0FBQUFBUnZDazY3bHdGek9SUGxmdlgxQXJrRGRGd0k3TzBSVWswWk9TbFRMdGw3QUFBQUFBT2dBQUFBQUlBQUNBQUFBQW5PQnhSanJ5JTJGRGhtd051cXRmQkZLS3V6WlJMJTJCVFNld0FnV1IlMkJBcExKNWpBQUFBQndoY3lWaiUyRm5uekJqJTJGMyUyRnM5SDg5V0Z6VHJFQTJmV0xwaFc1VVlxWHI5TFY4aWE1TGJYdG43ajBjTEFYWEZLMHRBQUFBQTB6WUIlMkZKemlteGZZT24lMkYyUG9laFhUbncydHRaa2glMkJyRlNlWCUyRlJEaVJOJTJGSjFjdmxtNG1PbHQ2QUc0am8xTGpCWERqQ1V6YnUzaVhPaHBENWtvbjY4QSUzRCUzRCIgUmVjb3JkZWRWYWx1ZT0iQVFBQUFOQ01uZDhCRmRFUmpIb0F3RSUyRkNsJTJCc0JBQUFBejhzRTFQVm9hVW10bDdkVEZ1WVg3QUFBQUFBQ0FBQUFBQUFRWmdBQUFBRUFBQ0FBQUFBUnZDazY3bHdGek9SUGxmdlgxQXJrRGRGd0k3TzBSVWswWk9TbFRMdGw3QUFBQUFBT2dBQUFBQUlBQUNBQUFBQW5PQnhSanJ5JTJGRGhtd051cXRmQkZLS3V6WlJMJTJCVFNld0FnV1IlMkJBcExKNWpBQUFBQndoY3lWaiUyRm5uekJqJTJGMyUyRnM5SDg5V0Z6VHJFQTJmV0xwaFc1VVlxWHI5TFY4aWE1TGJYdG43ajBjTEFYWEZLMHRBQUFBQTB6WUIlMkZKemlteGZZT24lMkYyUG9laFhUbncydHRaa2glMkJyRlNlWCUyRlJEaVJOJTJGSjFjdmxtNG1PbHQ2QUc0am8xTGpCWERqQ1V6YnUzaVhPaHBENWtvbjY4QSUzRCUzRCIgQ29ycmVsYXRpb25CaW5kaW5nPSIiIFVybEVuY29kZT0iRmFsc2UiIFVzZVRvR3JvdXBSZXN1bHRzPSJGYWxzZSIgLz4NCiAgICAgICAgPFF1ZXJ5U3RyaW5nUGFyYW1ldGVyIE5hbWU9Im1lc3NhZ2VJZCIgVmFsdWU9ImQtQUZCQkZCMUUtQiUyQzAlN0NVJTJDMyU3Q1YlMkMwIiBSZWNvcmRlZFZhbHVlPSJkLUFGQkJGQjFFLUIlMkMwJTdDVSUyQzMlN0NWJTJDMCIgQ29ycmVsYXRpb25CaW5kaW5nPSIiIFVybEVuY29kZT0iRmFsc2UiIFVzZVRvR3JvdXBSZXN1bHRzPSJGYWxzZSIgLz4NCiAgICAgICAgPFF1ZXJ5U3RyaW5nUGFyYW1ldGVyIE5hbWU9InJlcXVlc3RVcmwiIFZhbHVlPSJodHRwJTNBJTJGJTJGbG9jYWxob3N0JTNBNDYyMyUyRkFwaUxpc3QlMkZVc2Vyc1Nob3ciIFJlY29yZGVkVmFsdWU9Imh0dHAlM0ElMkYlMkZsb2NhbGhvc3QlM0E0NjIzJTJGQXBpTGlzdCUyRlVzZXJzU2hvdyIgQ29ycmVsYXRpb25CaW5kaW5nPSIiIFVybEVuY29kZT0iRmFsc2UiIFVzZVRvR3JvdXBSZXN1bHRzPSJGYWxzZSIgLz4NCiAgICAgICAgPFF1ZXJ5U3RyaW5nUGFyYW1ldGVyIE5hbWU9ImJyb3dzZXJOYW1lIiBWYWx1ZT0iSW50ZXJuZXQrRXhwbG9yZXIiIFJlY29yZGVkVmFsdWU9IkludGVybmV0K0V4cGxvcmVyIiBDb3JyZWxhdGlvbkJpbmRpbmc9IiIgVXJsRW5jb2RlPSJGYWxzZSIgVXNlVG9Hcm91cFJlc3VsdHM9IkZhbHNlIiAvPg0KICAgICAgICA8UXVlcnlTdHJpbmdQYXJhbWV0ZXIgTmFtZT0idGlkIiBWYWx1ZT0iMiIgUmVjb3JkZWRWYWx1ZT0iMiIgQ29ycmVsYXRpb25CaW5kaW5nPSIiIFVybEVuY29kZT0iRmFsc2UiIFVzZVRvR3JvdXBSZXN1bHRzPSJGYWxzZSIgLz4NCiAgICAgICAgPFF1ZXJ5U3RyaW5nUGFyYW1ldGVyIE5hbWU9Il8iIFZhbHVlPSIxMzk3NjMwOTY3NjA2IiBSZWNvcmRlZFZhbHVlPSIxMzk3NjMwOTY3NjA2IiBDb3JyZWxhdGlvbkJpbmRpbmc9IiIgVXJsRW5jb2RlPSJGYWxzZSIgVXNlVG9Hcm91cFJlc3VsdHM9IkZhbHNlIiAvPg0KICAgICAgPC9RdWVyeVN0cmluZ1BhcmFtZXRlcnM+DQogICAgICA8Rm9ybVBvc3RIdHRwQm9keSAvPg0KICAgIDwvUmVxdWVzdD4NCiAgICA8UmVxdWVzdCBNZXRob2Q9IlBPU1QiIEd1aWQ9ImEzMTAxN2MzLWIzZTktNDQyOS1iYTg2LTNjMjE5ZGUwOGZmOSIgVmVyc2lvbj0iMS4xIiBVcmw9Imh0dHA6Ly9sb2NhbGhvc3Q6MTc1NDkvYTQ2ODAwMDgzZTI5NDM5YTg1ZDIxNmRiYzkyMDNiOTQvYXJ0ZXJ5U2lnbmFsUi9zZW5kIiBUaGlua1RpbWU9IjAiIFRpbWVvdXQ9IjMwMCIgUGFyc2VEZXBlbmRlbnRSZXF1ZXN0cz0iVHJ1ZSIgRm9sbG93UmVkaXJlY3RzPSJUcnVlIiBSZWNvcmRSZXN1bHQ9IlRydWUiIENhY2hlPSJGYWxzZSIgUmVzcG9uc2VUaW1lR29hbD0iMCIgRW5jb2Rpbmc9InV0Zi04IiBFeHBlY3RlZEh0dHBTdGF0dXNDb2RlPSIwIiBFeHBlY3RlZFJlc3BvbnNlVXJsPSIiIFJlcG9ydGluZ05hbWU9IiIgSWdub3JlSHR0cFN0YXR1c0NvZGU9IkZhbHNlIj4NCiAgICAgIDxIZWFkZXJzPg0KICAgICAgICA8SGVhZGVyIE5hbWU9IkFjY2VwdCIgVmFsdWU9InRleHQvcGxhaW4sICovKjsgcT0wLjAxIiAvPg0KICAgICAgICA8SGVhZGVyIE5hbWU9IlJlZmVyZXIiIFZhbHVlPSJodHRwOi8vbG9jYWxob3N0OjQ2MjMvQXBpTGlzdC9Vc2Vyc1Nob3ciIC8+DQogICAgICA8L0hlYWRlcnM+DQogICAgICA8UXVlcnlTdHJpbmdQYXJhbWV0ZXJzPg0KICAgICAgICA8UXVlcnlTdHJpbmdQYXJhbWV0ZXIgTmFtZT0idHJhbnNwb3J0IiBWYWx1ZT0ibG9uZ1BvbGxpbmciIFJlY29yZGVkVmFsdWU9ImxvbmdQb2xsaW5nIiBDb3JyZWxhdGlvbkJpbmRpbmc9IiIgVXJsRW5jb2RlPSJGYWxzZSIgVXNlVG9Hcm91cFJlc3VsdHM9IkZhbHNlIiAvPg0KICAgICAgICA8UXVlcnlTdHJpbmdQYXJhbWV0ZXIgTmFtZT0iY29ubmVjdGlvblRva2VuIiBWYWx1ZT0iQVFBQUFOQ01uZDhCRmRFUmpIb0F3RSUyRkNsJTJCc0JBQUFBejhzRTFQVm9hVW10bDdkVEZ1WVg3QUFBQUFBQ0FBQUFBQUFRWmdBQUFBRUFBQ0FBQUFBUnZDazY3bHdGek9SUGxmdlgxQXJrRGRGd0k3TzBSVWswWk9TbFRMdGw3QUFBQUFBT2dBQUFBQUlBQUNBQUFBQW5PQnhSanJ5JTJGRGhtd051cXRmQkZLS3V6WlJMJTJCVFNld0FnV1IlMkJBcExKNWpBQUFBQndoY3lWaiUyRm5uekJqJTJGMyUyRnM5SDg5V0Z6VHJFQTJmV0xwaFc1VVlxWHI5TFY4aWE1TGJYdG43ajBjTEFYWEZLMHRBQUFBQTB6WUIlMkZKemlteGZZT24lMkYyUG9laFhUbncydHRaa2glMkJyRlNlWCUyRlJEaVJOJTJGSjFjdmxtNG1PbHQ2QUc0am8xTGpCWERqQ1V6YnUzaVhPaHBENWtvbjY4QSUzRCUzRCIgUmVjb3JkZWRWYWx1ZT0iQVFBQUFOQ01uZDhCRmRFUmpIb0F3RSUyRkNsJTJCc0JBQUFBejhzRTFQVm9hVW10bDdkVEZ1WVg3QUFBQUFBQ0FBQUFBQUFRWmdBQUFBRUFBQ0FBQUFBUnZDazY3bHdGek9SUGxmdlgxQXJrRGRGd0k3TzBSVWswWk9TbFRMdGw3QUFBQUFBT2dBQUFBQUlBQUNBQUFBQW5PQnhSanJ5JTJGRGhtd051cXRmQkZLS3V6WlJMJTJCVFNld0FnV1IlMkJBcExKNWpBQUFBQndoY3lWaiUyRm5uekJqJTJGMyUyRnM5SDg5V0Z6VHJFQTJmV0xwaFc1VVlxWHI5TFY4aWE1TGJYdG43ajBjTEFYWEZLMHRBQUFBQTB6WUIlMkZKemlteGZZT24lMkYyUG9laFhUbncydHRaa2glMkJyRlNlWCUyRlJEaVJOJTJGSjFjdmxtNG1PbHQ2QUc0am8xTGpCWERqQ1V6YnUzaVhPaHBENWtvbjY4QSUzRCUzRCIgQ29ycmVsYXRpb25CaW5kaW5nPSIiIFVybEVuY29kZT0iRmFsc2UiIFVzZVRvR3JvdXBSZXN1bHRzPSJGYWxzZSIgLz4NCiAgICAgICAgPFF1ZXJ5U3RyaW5nUGFyYW1ldGVyIE5hbWU9InJlcXVlc3RVcmwiIFZhbHVlPSJodHRwJTNBJTJGJTJGbG9jYWxob3N0JTNBNDYyMyUyRkFwaUxpc3QlMkZVc2Vyc1Nob3ciIFJlY29yZGVkVmFsdWU9Imh0dHAlM0ElMkYlMkZsb2NhbGhvc3QlM0E0NjIzJTJGQXBpTGlzdCUyRlVzZXJzU2hvdyIgQ29ycmVsYXRpb25CaW5kaW5nPSIiIFVybEVuY29kZT0iRmFsc2UiIFVzZVRvR3JvdXBSZXN1bHRzPSJGYWxzZSIgLz4NCiAgICAgICAgPFF1ZXJ5U3RyaW5nUGFyYW1ldGVyIE5hbWU9ImJyb3dzZXJOYW1lIiBWYWx1ZT0iSW50ZXJuZXQrRXhwbG9yZXIiIFJlY29yZGVkVmFsdWU9IkludGVybmV0K0V4cGxvcmVyIiBDb3JyZWxhdGlvbkJpbmRpbmc9IiIgVXJsRW5jb2RlPSJGYWxzZSIgVXNlVG9Hcm91cFJlc3VsdHM9IkZhbHNlIiAvPg0KICAgICAgPC9RdWVyeVN0cmluZ1BhcmFtZXRlcnM+DQogICAgICA8Rm9ybVBvc3RIdHRwQm9keT4NCiAgICAgICAgPEZvcm1Qb3N0UGFyYW1ldGVyIE5hbWU9ImRhdGEiIFZhbHVlPSJ7JnF1b3Q7bmFtZSZxdW90OzomcXVvdDttaWNyb3NvZnQudmlzdWFsc3R1ZGlvLndlYi5icm93c2VybGluay5odG1sbWFwcGluZ2V4dGVuc2lvbmZhY3RvcnkucmVzb2x2ZVNvdXJjZUZpbGVQYXRocyZxdW90OywmcXVvdDthcmdzJnF1b3Q7OltbJnF1b3Q7fi9WaWV3cy9BcGlMaXN0L1VzZXJzU2hvdy5jc2h0bWwmcXVvdDtdXSwmcXVvdDtjYWxsYmFja0lkJnF1b3Q7OjN9IiBSZWNvcmRlZFZhbHVlPSJ7JnF1b3Q7bmFtZSZxdW90OzomcXVvdDttaWNyb3NvZnQudmlzdWFsc3R1ZGlvLndlYi5icm93c2VybGluay5odG1sbWFwcGluZ2V4dGVuc2lvbmZhY3RvcnkucmVzb2x2ZVNvdXJjZUZpbGVQYXRocyZxdW90OywmcXVvdDthcmdzJnF1b3Q7OltbJnF1b3Q7fi9WaWV3cy9BcGlMaXN0L1VzZXJzU2hvdy5jc2h0bWwmcXVvdDtdXSwmcXVvdDtjYWxsYmFja0lkJnF1b3Q7OjN9IiBDb3JyZWxhdGlvbkJpbmRpbmc9IiIgVXJsRW5jb2RlPSJUcnVlIiAvPg0KICAgICAgPC9Gb3JtUG9zdEh0dHBCb2R5Pg0KICAgIDwvUmVxdWVzdD4NCiAgICA8UmVxdWVzdCBNZXRob2Q9IkdFVCIgR3VpZD0iOTUwOGYwZTAtNzVlOS00MjFkLTllZDEtODg4OTYwZGZjY2ZlIiBWZXJzaW9uPSIxLjEiIFVybD0iaHR0cDovL2xvY2FsaG9zdDo0NjIzL0FwaUxpc3QiIFRoaW5rVGltZT0iMCIgVGltZW91dD0iMzAwIiBQYXJzZURlcGVuZGVudFJlcXVlc3RzPSJUcnVlIiBGb2xsb3dSZWRpcmVjdHM9IlRydWUiIFJlY29yZFJlc3VsdD0iVHJ1ZSIgQ2FjaGU9IkZhbHNlIiBSZXNwb25zZVRpbWVHb2FsPSIwIiBFbmNvZGluZz0idXRmLTgiIEV4cGVjdGVkSHR0cFN0YXR1c0NvZGU9IjAiIEV4cGVjdGVkUmVzcG9uc2VVcmw9IiIgUmVwb3J0aW5nTmFtZT0iIiBJZ25vcmVIdHRwU3RhdHVzQ29kZT0iRmFsc2UiPg0KICAgICAgPEhlYWRlcnM+DQogICAgICAgIDxIZWFkZXIgTmFtZT0iUmVmZXJlciIgVmFsdWU9Imh0dHA6Ly9sb2NhbGhvc3Q6NDYyMy9BcGlMaXN0L1VzZXJzU2hvdyIgLz4NCiAgICAgIDwvSGVhZGVycz4NCiAgICA8L1JlcXVlc3Q+DQogICAgPFJlcXVlc3QgTWV0aG9kPSJQT1NUIiBHdWlkPSJlZTIzZWRmYy0xMDUyLTQ4MzktYTU0Mi0yMjljZGY5MmZlZmYiIFZlcnNpb249IjEuMSIgVXJsPSJodHRwOi8vbG9jYWxob3N0OjE3NTQ5L2E0NjgwMDA4M2UyOTQzOWE4NWQyMTZkYmM5MjAzYjk0L2FydGVyeVNpZ25hbFIvYWJvcnQiIFRoaW5rVGltZT0iMCIgVGltZW91dD0iMzAwIiBQYXJzZURlcGVuZGVudFJlcXVlc3RzPSJUcnVlIiBGb2xsb3dSZWRpcmVjdHM9IlRydWUiIFJlY29yZFJlc3VsdD0iVHJ1ZSIgQ2FjaGU9IkZhbHNlIiBSZXNwb25zZVRpbWVHb2FsPSIwIiBFbmNvZGluZz0idXRmLTgiIEV4cGVjdGVkSHR0cFN0YXR1c0NvZGU9IjAiIEV4cGVjdGVkUmVzcG9uc2VVcmw9IiIgUmVwb3J0aW5nTmFtZT0iIiBJZ25vcmVIdHRwU3RhdHVzQ29kZT0iRmFsc2UiPg0KICAgICAgPEhlYWRlcnM+DQogICAgICAgIDxIZWFkZXIgTmFtZT0iQWNjZXB0IiBWYWx1ZT0idGV4dC9wbGFpbiwgKi8qOyBxPTAuMDEiIC8+DQogICAgICAgIDxIZWFkZXIgTmFtZT0iUmVmZXJlciIgVmFsdWU9Imh0dHA6Ly9sb2NhbGhvc3Q6NDYyMy9BcGlMaXN0L1VzZXJzU2hvdyIgLz4NCiAgICAgIDwvSGVhZGVycz4NCiAgICAgIDxRdWVyeVN0cmluZ1BhcmFtZXRlcnM+DQogICAgICAgIDxRdWVyeVN0cmluZ1BhcmFtZXRlciBOYW1lPSJ0cmFuc3BvcnQiIFZhbHVlPSJsb25nUG9sbGluZyIgUmVjb3JkZWRWYWx1ZT0ibG9uZ1BvbGxpbmciIENvcnJlbGF0aW9uQmluZGluZz0iIiBVcmxFbmNvZGU9IkZhbHNlIiBVc2VUb0dyb3VwUmVzdWx0cz0iRmFsc2UiIC8+DQogICAgICAgIDxRdWVyeVN0cmluZ1BhcmFtZXRlciBOYW1lPSJjb25uZWN0aW9uVG9rZW4iIFZhbHVlPSJBUUFBQU5DTW5kOEJGZEVSakhvQXdFJTJGQ2wlMkJzQkFBQUF6OHNFMVBWb2FVbXRsN2RURnVZWDdBQUFBQUFDQUFBQUFBQVFaZ0FBQUFFQUFDQUFBQUFSdkNrNjdsd0Z6T1JQbGZ2WDFBcmtEZEZ3STdPMFJVazBaT1NsVEx0bDdBQUFBQUFPZ0FBQUFBSUFBQ0FBQUFBbk9CeFJqcnklMkZEaG13TnVxdGZCRktLdXpaUkwlMkJUU2V3QWdXUiUyQkFwTEo1akFBQUFCd2hjeVZqJTJGbm56QmolMkYzJTJGczlIODlXRnpUckVBMmZXTHBoVzVVWXFYcjlMVjhpYTVMYlh0bjdqMGNMQVhYRkswdEFBQUFBMHpZQiUyRkp6aW14ZllPbiUyRjJQb2VoWFRudzJ0dFpraCUyQnJGU2VYJTJGUkRpUk4lMkZKMWN2bG00bU9sdDZBRzRqbzFMakJYRGpDVXpidTNpWE9ocEQ1a29uNjhBJTNEJTNEIiBSZWNvcmRlZFZhbHVlPSJBUUFBQU5DTW5kOEJGZEVSakhvQXdFJTJGQ2wlMkJzQkFBQUF6OHNFMVBWb2FVbXRsN2RURnVZWDdBQUFBQUFDQUFBQUFBQVFaZ0FBQUFFQUFDQUFBQUFSdkNrNjdsd0Z6T1JQbGZ2WDFBcmtEZEZ3STdPMFJVazBaT1NsVEx0bDdBQUFBQUFPZ0FBQUFBSUFBQ0FBQUFBbk9CeFJqcnklMkZEaG13TnVxdGZCRktLdXpaUkwlMkJUU2V3QWdXUiUyQkFwTEo1akFBQUFCd2hjeVZqJTJGbm56QmolMkYzJTJGczlIODlXRnpUckVBMmZXTHBoVzVVWXFYcjlMVjhpYTVMYlh0bjdqMGNMQVhYRkswdEFBQUFBMHpZQiUyRkp6aW14ZllPbiUyRjJQb2VoWFRudzJ0dFpraCUyQnJGU2VYJTJGUkRpUk4lMkZKMWN2bG00bU9sdDZBRzRqbzFMakJYRGpDVXpidTNpWE9ocEQ1a29uNjhBJTNEJTNEIiBDb3JyZWxhdGlvbkJpbmRpbmc9IiIgVXJsRW5jb2RlPSJGYWxzZSIgVXNlVG9Hcm91cFJlc3VsdHM9IkZhbHNlIiAvPg0KICAgICAgICA8UXVlcnlTdHJpbmdQYXJhbWV0ZXIgTmFtZT0icmVxdWVzdFVybCIgVmFsdWU9Imh0dHAlM0ElMkYlMkZsb2NhbGhvc3QlM0E0NjIzJTJGQXBpTGlzdCUyRlVzZXJzU2hvdyIgUmVjb3JkZWRWYWx1ZT0iaHR0cCUzQSUyRiUyRmxvY2FsaG9zdCUzQTQ2MjMlMkZBcGlMaXN0JTJGVXNlcnNTaG93IiBDb3JyZWxhdGlvbkJpbmRpbmc9IiIgVXJsRW5jb2RlPSJGYWxzZSIgVXNlVG9Hcm91cFJlc3VsdHM9IkZhbHNlIiAvPg0KICAgICAgICA8UXVlcnlTdHJpbmdQYXJhbWV0ZXIgTmFtZT0iYnJvd3Nlck5hbWUiIFZhbHVlPSJJbnRlcm5ldCtFeHBsb3JlciIgUmVjb3JkZWRWYWx1ZT0iSW50ZXJuZXQrRXhwbG9yZXIiIENvcnJlbGF0aW9uQmluZGluZz0iIiBVcmxFbmNvZGU9IkZhbHNlIiBVc2VUb0dyb3VwUmVzdWx0cz0iRmFsc2UiIC8+DQogICAgICA8L1F1ZXJ5U3RyaW5nUGFyYW1ldGVycz4NCiAgICAgIDxGb3JtUG9zdEh0dHBCb2R5IC8+DQogICAgPC9SZXF1ZXN0Pg0KICAgIDxSZXF1ZXN0IE1ldGhvZD0iUE9TVCIgR3VpZD0iNGI1MDhlZmQtNWNjNC00NTU0LWFkYTQtMzg1MjAzM2UwOTllIiBWZXJzaW9uPSIxLjEiIFVybD0iaHR0cDovL2xvY2FsaG9zdDoxNzU0OS9hNDY4MDAwODNlMjk0MzlhODVkMjE2ZGJjOTIwM2I5NC9hcnRlcnlTaWduYWxSL25lZ290aWF0ZSIgVGhpbmtUaW1lPSIwIiBUaW1lb3V0PSIzMDAiIFBhcnNlRGVwZW5kZW50UmVxdWVzdHM9IlRydWUiIEZvbGxvd1JlZGlyZWN0cz0iVHJ1ZSIgUmVjb3JkUmVzdWx0PSJUcnVlIiBDYWNoZT0iRmFsc2UiIFJlc3BvbnNlVGltZUdvYWw9IjAiIEVuY29kaW5nPSJ1dGYtOCIgRXhwZWN0ZWRIdHRwU3RhdHVzQ29kZT0iMCIgRXhwZWN0ZWRSZXNwb25zZVVybD0iIiBSZXBvcnRpbmdOYW1lPSIiIElnbm9yZUh0dHBTdGF0dXNDb2RlPSJGYWxzZSI+DQogICAgICA8SGVhZGVycz4NCiAgICAgICAgPEhlYWRlciBOYW1lPSJDb250ZW50LVR5cGUiIFZhbHVlPSJhcHBsaWNhdGlvbi94LXd3dy1mb3JtLXVybGVuY29kZWQ7IGNoYXJzZXQ9VVRGLTgiIC8+DQogICAgICAgIDxIZWFkZXIgTmFtZT0iQWNjZXB0IiBWYWx1ZT0idGV4dC9wbGFpbiwgKi8qOyBxPTAuMDEiIC8+DQogICAgICAgIDxIZWFkZXIgTmFtZT0iUmVmZXJlciIgVmFsdWU9Imh0dHA6Ly9sb2NhbGhvc3Q6NDYyMy9BcGlMaXN0IiAvPg0KICAgICAgPC9IZWFkZXJzPg0KICAgICAgPFF1ZXJ5U3RyaW5nUGFyYW1ldGVycz4NCiAgICAgICAgPFF1ZXJ5U3RyaW5nUGFyYW1ldGVyIE5hbWU9InJlcXVlc3RVcmwiIFZhbHVlPSJodHRwJTNBJTJGJTJGbG9jYWxob3N0JTNBNDYyMyUyRkFwaUxpc3QiIFJlY29yZGVkVmFsdWU9Imh0dHAlM0ElMkYlMkZsb2NhbGhvc3QlM0E0NjIzJTJGQXBpTGlzdCIgQ29ycmVsYXRpb25CaW5kaW5nPSIiIFVybEVuY29kZT0iRmFsc2UiIFVzZVRvR3JvdXBSZXN1bHRzPSJGYWxzZSIgLz4NCiAgICAgICAgPFF1ZXJ5U3RyaW5nUGFyYW1ldGVyIE5hbWU9ImJyb3dzZXJOYW1lIiBWYWx1ZT0iSW50ZXJuZXQrRXhwbG9yZXIiIFJlY29yZGVkVmFsdWU9IkludGVybmV0K0V4cGxvcmVyIiBDb3JyZWxhdGlvbkJpbmRpbmc9IiIgVXJsRW5jb2RlPSJGYWxzZSIgVXNlVG9Hcm91cFJlc3VsdHM9IkZhbHNlIiAvPg0KICAgICAgICA8UXVlcnlTdHJpbmdQYXJhbWV0ZXIgTmFtZT0iY2xpZW50UHJvdG9jb2wiIFZhbHVlPSIxLjMiIFJlY29yZGVkVmFsdWU9IjEuMyIgQ29ycmVsYXRpb25CaW5kaW5nPSIiIFVybEVuY29kZT0iRmFsc2UiIFVzZVRvR3JvdXBSZXN1bHRzPSJGYWxzZSIgLz4NCiAgICAgICAgPFF1ZXJ5U3RyaW5nUGFyYW1ldGVyIE5hbWU9Il8iIFZhbHVlPSIxMzk3NjMwOTY4NDc2IiBSZWNvcmRlZFZhbHVlPSIxMzk3NjMwOTY4NDc2IiBDb3JyZWxhdGlvbkJpbmRpbmc9IiIgVXJsRW5jb2RlPSJGYWxzZSIgVXNlVG9Hcm91cFJlc3VsdHM9IkZhbHNlIiAvPg0KICAgICAgPC9RdWVyeVN0cmluZ1BhcmFtZXRlcnM+DQogICAgICA8Rm9ybVBvc3RIdHRwQm9keSAvPg0KICAgIDwvUmVxdWVzdD4NCiAgICA8UmVxdWVzdCBNZXRob2Q9IlBPU1QiIEd1aWQ9IjU5YzkwMDIzLTczNmUtNDljYi04ZjllLWEwMTE4NWNmZTBiMSIgVmVyc2lvbj0iMS4xIiBVcmw9Imh0dHA6Ly9sb2NhbGhvc3Q6MTc1NDkvYTQ2ODAwMDgzZTI5NDM5YTg1ZDIxNmRiYzkyMDNiOTQvYXJ0ZXJ5U2lnbmFsUi9jb25uZWN0IiBUaGlua1RpbWU9IjAiIFRpbWVvdXQ9IjMwMCIgUGFyc2VEZXBlbmRlbnRSZXF1ZXN0cz0iVHJ1ZSIgRm9sbG93UmVkaXJlY3RzPSJUcnVlIiBSZWNvcmRSZXN1bHQ9IlRydWUiIENhY2hlPSJGYWxzZSIgUmVzcG9uc2VUaW1lR29hbD0iMCIgRW5jb2Rpbmc9InV0Zi04IiBFeHBlY3RlZEh0dHBTdGF0dXNDb2RlPSIwIiBFeHBlY3RlZFJlc3BvbnNlVXJsPSIiIFJlcG9ydGluZ05hbWU9IiIgSWdub3JlSHR0cFN0YXR1c0NvZGU9IkZhbHNlIj4NCiAgICAgIDxIZWFkZXJzPg0KICAgICAgICA8SGVhZGVyIE5hbWU9IkNvbnRlbnQtVHlwZSIgVmFsdWU9ImFwcGxpY2F0aW9uL3gtd3d3LWZvcm0tdXJsZW5jb2RlZDsgY2hhcnNldD1VVEYtOCIgLz4NCiAgICAgICAgPEhlYWRlciBOYW1lPSJBY2NlcHQiIFZhbHVlPSJ0ZXh0L3BsYWluLCAqLyo7IHE9MC4wMSIgLz4NCiAgICAgICAgPEhlYWRlciBOYW1lPSJSZWZlcmVyIiBWYWx1ZT0iaHR0cDovL2xvY2FsaG9zdDo0NjIzL0FwaUxpc3QiIC8+DQogICAgICA8L0hlYWRlcnM+DQogICAgICA8UXVlcnlTdHJpbmdQYXJhbWV0ZXJzPg0KICAgICAgICA8UXVlcnlTdHJpbmdQYXJhbWV0ZXIgTmFtZT0idHJhbnNwb3J0IiBWYWx1ZT0ibG9uZ1BvbGxpbmciIFJlY29yZGVkVmFsdWU9ImxvbmdQb2xsaW5nIiBDb3JyZWxhdGlvbkJpbmRpbmc9IiIgVXJsRW5jb2RlPSJGYWxzZSIgVXNlVG9Hcm91cFJlc3VsdHM9IkZhbHNlIiAvPg0KICAgICAgICA8UXVlcnlTdHJpbmdQYXJhbWV0ZXIgTmFtZT0iY29ubmVjdGlvblRva2VuIiBWYWx1ZT0iQVFBQUFOQ01uZDhCRmRFUmpIb0F3RSUyRkNsJTJCc0JBQUFBejhzRTFQVm9hVW10bDdkVEZ1WVg3QUFBQUFBQ0FBQUFBQUFRWmdBQUFBRUFBQ0FBQUFDeEVtOW16UkQxWW9LYkNiWG5CVkt6cUppYjlSdnlzMmE3ajVBUzhwMCUyRjhnQUFBQUFPZ0FBQUFBSUFBQ0FBQUFBbW50QXhPaGpWJTJGME1aWHliWmhqeHZtVEpIN0JRZFlhVTA1QW1INlByUjhUQUFBQUQ3R21DbyUyRjd1UkxWeU5PNzJPQkg5OTVZQkFaNDRxNyUyQkRlSUUlMkZDM09nWFBGZ2VudkRQYW5XT0gwbHdtaFBPZXJ4QUFBQUExZTRmbVRYb1dyU3d2NXhrUkJMcVBWY1RoM2E5NzFmRnNCSXlWRVJTZWElMkJ5V0J0dlRHJTJCR2FseWFSN096Um9vMGJCZCUyQlVLZmFPV2FoNEZpRXJaSjlndyUzRCUzRCIgUmVjb3JkZWRWYWx1ZT0iQVFBQUFOQ01uZDhCRmRFUmpIb0F3RSUyRkNsJTJCc0JBQUFBejhzRTFQVm9hVW10bDdkVEZ1WVg3QUFBQUFBQ0FBQUFBQUFRWmdBQUFBRUFBQ0FBQUFDeEVtOW16UkQxWW9LYkNiWG5CVkt6cUppYjlSdnlzMmE3ajVBUzhwMCUyRjhnQUFBQUFPZ0FBQUFBSUFBQ0FBQUFBbW50QXhPaGpWJTJGME1aWHliWmhqeHZtVEpIN0JRZFlhVTA1QW1INlByUjhUQUFBQUQ3R21DbyUyRjd1UkxWeU5PNzJPQkg5OTVZQkFaNDRxNyUyQkRlSUUlMkZDM09nWFBGZ2VudkRQYW5XT0gwbHdtaFBPZXJ4QUFBQUExZTRmbVRYb1dyU3d2NXhrUkJMcVBWY1RoM2E5NzFmRnNCSXlWRVJTZWElMkJ5V0J0dlRHJTJCR2FseWFSN096Um9vMGJCZCUyQlVLZmFPV2FoNEZpRXJaSjlndyUzRCUzRCIgQ29ycmVsYXRpb25CaW5kaW5nPSIiIFVybEVuY29kZT0iRmFsc2UiIFVzZVRvR3JvdXBSZXN1bHRzPSJGYWxzZSIgLz4NCiAgICAgICAgPFF1ZXJ5U3RyaW5nUGFyYW1ldGVyIE5hbWU9InJlcXVlc3RVcmwiIFZhbHVlPSJodHRwJTNBJTJGJTJGbG9jYWxob3N0JTNBNDYyMyUyRkFwaUxpc3QiIFJlY29yZGVkVmFsdWU9Imh0dHAlM0ElMkYlMkZsb2NhbGhvc3QlM0E0NjIzJTJGQXBpTGlzdCIgQ29ycmVsYXRpb25CaW5kaW5nPSIiIFVybEVuY29kZT0iRmFsc2UiIFVzZVRvR3JvdXBSZXN1bHRzPSJGYWxzZSIgLz4NCiAgICAgICAgPFF1ZXJ5U3RyaW5nUGFyYW1ldGVyIE5hbWU9ImJyb3dzZXJOYW1lIiBWYWx1ZT0iSW50ZXJuZXQrRXhwbG9yZXIiIFJlY29yZGVkVmFsdWU9IkludGVybmV0K0V4cGxvcmVyIiBDb3JyZWxhdGlvbkJpbmRpbmc9IiIgVXJsRW5jb2RlPSJGYWxzZSIgVXNlVG9Hcm91cFJlc3VsdHM9IkZhbHNlIiAvPg0KICAgICAgICA8UXVlcnlTdHJpbmdQYXJhbWV0ZXIgTmFtZT0idGlkIiBWYWx1ZT0iMyIgUmVjb3JkZWRWYWx1ZT0iMyIgQ29ycmVsYXRpb25CaW5kaW5nPSIiIFVybEVuY29kZT0iRmFsc2UiIFVzZVRvR3JvdXBSZXN1bHRzPSJGYWxzZSIgLz4NCiAgICAgICAgPFF1ZXJ5U3RyaW5nUGFyYW1ldGVyIE5hbWU9Il8iIFZhbHVlPSIxMzk3NjMwOTY5MDI2IiBSZWNvcmRlZFZhbHVlPSIxMzk3NjMwOTY5MDI2IiBDb3JyZWxhdGlvbkJpbmRpbmc9IiIgVXJsRW5jb2RlPSJGYWxzZSIgVXNlVG9Hcm91cFJlc3VsdHM9IkZhbHNlIiAvPg0KICAgICAgPC9RdWVyeVN0cmluZ1BhcmFtZXRlcnM+DQogICAgICA8Rm9ybVBvc3RIdHRwQm9keSAvPg0KICAgIDwvUmVxdWVzdD4NCiAgICA8UmVxdWVzdCBNZXRob2Q9IlBPU1QiIEd1aWQ9IjRiY2MzOWFhLWQwMDYtNGIyNC05N2MxLTcyYWU4MjVkZWRlOCIgVmVyc2lvbj0iMS4xIiBVcmw9Imh0dHA6Ly9sb2NhbGhvc3Q6MTc1NDkvYTQ2ODAwMDgzZTI5NDM5YTg1ZDIxNmRiYzkyMDNiOTQvYXJ0ZXJ5U2lnbmFsUi9zZW5kIiBUaGlua1RpbWU9IjAiIFRpbWVvdXQ9IjMwMCIgUGFyc2VEZXBlbmRlbnRSZXF1ZXN0cz0iVHJ1ZSIgRm9sbG93UmVkaXJlY3RzPSJUcnVlIiBSZWNvcmRSZXN1bHQ9IlRydWUiIENhY2hlPSJGYWxzZSIgUmVzcG9uc2VUaW1lR29hbD0iMCIgRW5jb2Rpbmc9InV0Zi04IiBFeHBlY3RlZEh0dHBTdGF0dXNDb2RlPSIwIiBFeHBlY3RlZFJlc3BvbnNlVXJsPSIiIFJlcG9ydGluZ05hbWU9IiIgSWdub3JlSHR0cFN0YXR1c0NvZGU9IkZhbHNlIj4NCiAgICAgIDxIZWFkZXJzPg0KICAgICAgICA8SGVhZGVyIE5hbWU9IkFjY2VwdCIgVmFsdWU9InRleHQvcGxhaW4sICovKjsgcT0wLjAxIiAvPg0KICAgICAgICA8SGVhZGVyIE5hbWU9IlJlZmVyZXIiIFZhbHVlPSJodHRwOi8vbG9jYWxob3N0OjQ2MjMvQXBpTGlzdCIgLz4NCiAgICAgIDwvSGVhZGVycz4NCiAgICAgIDxRdWVyeVN0cmluZ1BhcmFtZXRlcnM+DQogICAgICAgIDxRdWVyeVN0cmluZ1BhcmFtZXRlciBOYW1lPSJ0cmFuc3BvcnQiIFZhbHVlPSJsb25nUG9sbGluZyIgUmVjb3JkZWRWYWx1ZT0ibG9uZ1BvbGxpbmciIENvcnJlbGF0aW9uQmluZGluZz0iIiBVcmxFbmNvZGU9IkZhbHNlIiBVc2VUb0dyb3VwUmVzdWx0cz0iRmFsc2UiIC8+DQogICAgICAgIDxRdWVyeVN0cmluZ1BhcmFtZXRlciBOYW1lPSJjb25uZWN0aW9uVG9rZW4iIFZhbHVlPSJBUUFBQU5DTW5kOEJGZEVSakhvQXdFJTJGQ2wlMkJzQkFBQUF6OHNFMVBWb2FVbXRsN2RURnVZWDdBQUFBQUFDQUFBQUFBQVFaZ0FBQUFFQUFDQUFBQUN4RW05bXpSRDFZb0tiQ2JYbkJWS3pxSmliOVJ2eXMyYTdqNUFTOHAwJTJGOGdBQUFBQU9nQUFBQUFJQUFDQUFBQUFtbnRBeE9oalYlMkYwTVpYeWJaaGp4dm1USkg3QlFkWWFVMDVBbUg2UHJSOFRBQUFBRDdHbUNvJTJGN3VSTFZ5Tk83Mk9CSDk5NVlCQVo0NHE3JTJCRGVJRSUyRkMzT2dYUEZnZW52RFBhbldPSDBsd21oUE9lcnhBQUFBQTFlNGZtVFhvV3JTd3Y1eGtSQkxxUFZjVGgzYTk3MWZGc0JJeVZFUlNlYSUyQnlXQnR2VEclMkJHYWx5YVI3T3pSb28wYkJkJTJCVUtmYU9XYWg0RmlFclpKOWd3JTNEJTNEIiBSZWNvcmRlZFZhbHVlPSJBUUFBQU5DTW5kOEJGZEVSakhvQXdFJTJGQ2wlMkJzQkFBQUF6OHNFMVBWb2FVbXRsN2RURnVZWDdBQUFBQUFDQUFBQUFBQVFaZ0FBQUFFQUFDQUFBQUN4RW05bXpSRDFZb0tiQ2JYbkJWS3pxSmliOVJ2eXMyYTdqNUFTOHAwJTJGOGdBQUFBQU9nQUFBQUFJQUFDQUFBQUFtbnRBeE9oalYlMkYwTVpYeWJaaGp4dm1USkg3QlFkWWFVMDVBbUg2UHJSOFRBQUFBRDdHbUNvJTJGN3VSTFZ5Tk83Mk9CSDk5NVlCQVo0NHE3JTJCRGVJRSUyRkMzT2dYUEZnZW52RFBhbldPSDBsd21oUE9lcnhBQUFBQTFlNGZtVFhvV3JTd3Y1eGtSQkxxUFZjVGgzYTk3MWZGc0JJeVZFUlNlYSUyQnlXQnR2VEclMkJHYWx5YVI3T3pSb28wYkJkJTJCVUtmYU9XYWg0RmlFclpKOWd3JTNEJTNEIiBDb3JyZWxhdGlvbkJpbmRpbmc9IiIgVXJsRW5jb2RlPSJGYWxzZSIgVXNlVG9Hcm91cFJlc3VsdHM9IkZhbHNlIiAvPg0KICAgICAgICA8UXVlcnlTdHJpbmdQYXJhbWV0ZXIgTmFtZT0icmVxdWVzdFVybCIgVmFsdWU9Imh0dHAlM0ElMkYlMkZsb2NhbGhvc3QlM0E0NjIzJTJGQXBpTGlzdCIgUmVjb3JkZWRWYWx1ZT0iaHR0cCUzQSUyRiUyRmxvY2FsaG9zdCUzQTQ2MjMlMkZBcGlMaXN0IiBDb3JyZWxhdGlvbkJpbmRpbmc9IiIgVXJsRW5jb2RlPSJGYWxzZSIgVXNlVG9Hcm91cFJlc3VsdHM9IkZhbHNlIiAvPg0KICAgICAgICA8UXVlcnlTdHJpbmdQYXJhbWV0ZXIgTmFtZT0iYnJvd3Nlck5hbWUiIFZhbHVlPSJJbnRlcm5ldCtFeHBsb3JlciIgUmVjb3JkZWRWYWx1ZT0iSW50ZXJuZXQrRXhwbG9yZXIiIENvcnJlbGF0aW9uQmluZGluZz0iIiBVcmxFbmNvZGU9IkZhbHNlIiBVc2VUb0dyb3VwUmVzdWx0cz0iRmFsc2UiIC8+DQogICAgICA8L1F1ZXJ5U3RyaW5nUGFyYW1ldGVycz4NCiAgICAgIDxGb3JtUG9zdEh0dHBCb2R5Pg0KICAgICAgICA8Rm9ybVBvc3RQYXJhbWV0ZXIgTmFtZT0iZGF0YSIgVmFsdWU9InsmcXVvdDtuYW1lJnF1b3Q7OiZxdW90O01pY3Jvc29mdC5WaXN1YWxTdHVkaW8uV2ViLkJyb3dzZXJMaW5rLkNvcmVFeHRlbnNpb25GYWN0b3J5LmNvbm5lY3RlZCZxdW90OywmcXVvdDtjYWxsYmFja0lkJnF1b3Q7OjF9IiBSZWNvcmRlZFZhbHVlPSJ7JnF1b3Q7bmFtZSZxdW90OzomcXVvdDtNaWNyb3NvZnQuVmlzdWFsU3R1ZGlvLldlYi5Ccm93c2VyTGluay5Db3JlRXh0ZW5zaW9uRmFjdG9yeS5jb25uZWN0ZWQmcXVvdDssJnF1b3Q7Y2FsbGJhY2tJZCZxdW90OzoxfSIgQ29ycmVsYXRpb25CaW5kaW5nPSIiIFVybEVuY29kZT0iVHJ1ZSIgLz4NCiAgICAgIDwvRm9ybVBvc3RIdHRwQm9keT4NCiAgICA8L1JlcXVlc3Q+DQogICAgPFJlcXVlc3QgTWV0aG9kPSJQT1NUIiBHdWlkPSI1OTk0MmFmZS1jNmNmLTRiY2MtYTJjNy02NTU4ZTVmYzQ4ODEiIFZlcnNpb249IjEuMSIgVXJsPSJodHRwOi8vbG9jYWxob3N0OjE3NTQ5L2E0NjgwMDA4M2UyOTQzOWE4NWQyMTZkYmM5MjAzYjk0L2FydGVyeVNpZ25hbFIvcG9sbCIgVGhpbmtUaW1lPSIwIiBUaW1lb3V0PSIzMDAiIFBhcnNlRGVwZW5kZW50UmVxdWVzdHM9IlRydWUiIEZvbGxvd1JlZGlyZWN0cz0iVHJ1ZSIgUmVjb3JkUmVzdWx0PSJUcnVlIiBDYWNoZT0iRmFsc2UiIFJlc3BvbnNlVGltZUdvYWw9IjAiIEVuY29kaW5nPSJ1dGYtOCIgRXhwZWN0ZWRIdHRwU3RhdHVzQ29kZT0iMCIgRXhwZWN0ZWRSZXNwb25zZVVybD0iIiBSZXBvcnRpbmdOYW1lPSIiIElnbm9yZUh0dHBTdGF0dXNDb2RlPSJGYWxzZSI+DQogICAgICA8SGVhZGVycz4NCiAgICAgICAgPEhlYWRlciBOYW1lPSJDb250ZW50LVR5cGUiIFZhbHVlPSJhcHBsaWNhdGlvbi94LXd3dy1mb3JtLXVybGVuY29kZWQ7IGNoYXJzZXQ9VVRGLTgiIC8+DQogICAgICAgIDxIZWFkZXIgTmFtZT0iQWNjZXB0IiBWYWx1ZT0idGV4dC9wbGFpbiwgKi8qOyBxPTAuMDEiIC8+DQogICAgICAgIDxIZWFkZXIgTmFtZT0iUmVmZXJlciIgVmFsdWU9Imh0dHA6Ly9sb2NhbGhvc3Q6NDYyMy9BcGlMaXN0IiAvPg0KICAgICAgPC9IZWFkZXJzPg0KICAgICAgPFF1ZXJ5U3RyaW5nUGFyYW1ldGVycz4NCiAgICAgICAgPFF1ZXJ5U3RyaW5nUGFyYW1ldGVyIE5hbWU9InRyYW5zcG9ydCIgVmFsdWU9ImxvbmdQb2xsaW5nIiBSZWNvcmRlZFZhbHVlPSJsb25nUG9sbGluZyIgQ29ycmVsYXRpb25CaW5kaW5nPSIiIFVybEVuY29kZT0iRmFsc2UiIFVzZVRvR3JvdXBSZXN1bHRzPSJGYWxzZSIgLz4NCiAgICAgICAgPFF1ZXJ5U3RyaW5nUGFyYW1ldGVyIE5hbWU9ImNvbm5lY3Rpb25Ub2tlbiIgVmFsdWU9IkFRQUFBTkNNbmQ4QkZkRVJqSG9Bd0UlMkZDbCUyQnNCQUFBQXo4c0UxUFZvYVVtdGw3ZFRGdVlYN0FBQUFBQUNBQUFBQUFBUVpnQUFBQUVBQUNBQUFBQ3hFbTltelJEMVlvS2JDYlhuQlZLenFKaWI5UnZ5czJhN2o1QVM4cDAlMkY4Z0FBQUFBT2dBQUFBQUlBQUNBQUFBQW1udEF4T2hqViUyRjBNWlh5Ylpoanh2bVRKSDdCUWRZYVUwNUFtSDZQclI4VEFBQUFEN0dtQ28lMkY3dVJMVnlOTzcyT0JIOTk1WUJBWjQ0cTclMkJEZUlFJTJGQzNPZ1hQRmdlbnZEUGFuV09IMGx3bWhQT2VyeEFBQUFBMWU0Zm1UWG9XclN3djV4a1JCTHFQVmNUaDNhOTcxZkZzQkl5VkVSU2VhJTJCeVdCdHZURyUyQkdhbHlhUjdPelJvbzBiQmQlMkJVS2ZhT1dhaDRGaUVyWko5Z3clM0QlM0QiIFJlY29yZGVkVmFsdWU9IkFRQUFBTkNNbmQ4QkZkRVJqSG9Bd0UlMkZDbCUyQnNCQUFBQXo4c0UxUFZvYVVtdGw3ZFRGdVlYN0FBQUFBQUNBQUFBQUFBUVpnQUFBQUVBQUNBQUFBQ3hFbTltelJEMVlvS2JDYlhuQlZLenFKaWI5UnZ5czJhN2o1QVM4cDAlMkY4Z0FBQUFBT2dBQUFBQUlBQUNBQUFBQW1udEF4T2hqViUyRjBNWlh5Ylpoanh2bVRKSDdCUWRZYVUwNUFtSDZQclI4VEFBQUFEN0dtQ28lMkY3dVJMVnlOTzcyT0JIOTk1WUJBWjQ0cTclMkJEZUlFJTJGQzNPZ1hQRmdlbnZEUGFuV09IMGx3bWhQT2VyeEFBQUFBMWU0Zm1UWG9XclN3djV4a1JCTHFQVmNUaDNhOTcxZkZzQkl5VkVSU2VhJTJCeVdCdHZURyUyQkdhbHlhUjdPelJvbzBiQmQlMkJVS2ZhT1dhaDRGaUVyWko5Z3clM0QlM0QiIENvcnJlbGF0aW9uQmluZGluZz0iIiBVcmxFbmNvZGU9IkZhbHNlIiBVc2VUb0dyb3VwUmVzdWx0cz0iRmFsc2UiIC8+DQogICAgICAgIDxRdWVyeVN0cmluZ1BhcmFtZXRlciBOYW1lPSJtZXNzYWdlSWQiIFZhbHVlPSJkLUFGQkJGQjFFLUIlMkMwJTdDVyUyQzElN0NYJTJDMCIgUmVjb3JkZWRWYWx1ZT0iZC1BRkJCRkIxRS1CJTJDMCU3Q1clMkMxJTdDWCUyQzAiIENvcnJlbGF0aW9uQmluZGluZz0iIiBVcmxFbmNvZGU9IkZhbHNlIiBVc2VUb0dyb3VwUmVzdWx0cz0iRmFsc2UiIC8+DQogICAgICAgIDxRdWVyeVN0cmluZ1BhcmFtZXRlciBOYW1lPSJyZXF1ZXN0VXJsIiBWYWx1ZT0iaHR0cCUzQSUyRiUyRmxvY2FsaG9zdCUzQTQ2MjMlMkZBcGlMaXN0IiBSZWNvcmRlZFZhbHVlPSJodHRwJTNBJTJGJTJGbG9jYWxob3N0JTNBNDYyMyUyRkFwaUxpc3QiIENvcnJlbGF0aW9uQmluZGluZz0iIiBVcmxFbmNvZGU9IkZhbHNlIiBVc2VUb0dyb3VwUmVzdWx0cz0iRmFsc2UiIC8+DQogICAgICAgIDxRdWVyeVN0cmluZ1BhcmFtZXRlciBOYW1lPSJicm93c2VyTmFtZSIgVmFsdWU9IkludGVybmV0K0V4cGxvcmVyIiBSZWNvcmRlZFZhbHVlPSJJbnRlcm5ldCtFeHBsb3JlciIgQ29ycmVsYXRpb25CaW5kaW5nPSIiIFVybEVuY29kZT0iRmFsc2UiIFVzZVRvR3JvdXBSZXN1bHRzPSJGYWxzZSIgLz4NCiAgICAgICAgPFF1ZXJ5U3RyaW5nUGFyYW1ldGVyIE5hbWU9InRpZCIgVmFsdWU9IjgiIFJlY29yZGVkVmFsdWU9IjgiIENvcnJlbGF0aW9uQmluZGluZz0iIiBVcmxFbmNvZGU9IkZhbHNlIiBVc2VUb0dyb3VwUmVzdWx0cz0iRmFsc2UiIC8+DQogICAgICAgIDxRdWVyeVN0cmluZ1BhcmFtZXRlciBOYW1lPSJfIiBWYWx1ZT0iMTM5NzYzMDk2OTAzOSIgUmVjb3JkZWRWYWx1ZT0iMTM5NzYzMDk2OTAzOSIgQ29ycmVsYXRpb25CaW5kaW5nPSIiIFVybEVuY29kZT0iRmFsc2UiIFVzZVRvR3JvdXBSZXN1bHRzPSJGYWxzZSIgLz4NCiAgICAgIDwvUXVlcnlTdHJpbmdQYXJhbWV0ZXJzPg0KICAgICAgPEZvcm1Qb3N0SHR0cEJvZHkgLz4NCiAgICA8L1JlcXVlc3Q+DQogICAgPFJlcXVlc3QgTWV0aG9kPSJQT1NUIiBHdWlkPSI1YjhlNzVkZC05NTdlLTRkMzQtODkxNy1kMGYzN2UyODhjMTAiIFZlcnNpb249IjEuMSIgVXJsPSJodHRwOi8vbG9jYWxob3N0OjE3NTQ5L2E0NjgwMDA4M2UyOTQzOWE4NWQyMTZkYmM5MjAzYjk0L2FydGVyeVNpZ25hbFIvc2VuZCIgVGhpbmtUaW1lPSIwIiBUaW1lb3V0PSIzMDAiIFBhcnNlRGVwZW5kZW50UmVxdWVzdHM9IlRydWUiIEZvbGxvd1JlZGlyZWN0cz0iVHJ1ZSIgUmVjb3JkUmVzdWx0PSJUcnVlIiBDYWNoZT0iRmFsc2UiIFJlc3BvbnNlVGltZUdvYWw9IjAiIEVuY29kaW5nPSJ1dGYtOCIgRXhwZWN0ZWRIdHRwU3RhdHVzQ29kZT0iMCIgRXhwZWN0ZWRSZXNwb25zZVVybD0iIiBSZXBvcnRpbmdOYW1lPSIiIElnbm9yZUh0dHBTdGF0dXNDb2RlPSJGYWxzZSI+DQogICAgICA8SGVhZGVycz4NCiAgICAgICAgPEhlYWRlciBOYW1lPSJBY2NlcHQiIFZhbHVlPSJ0ZXh0L3BsYWluLCAqLyo7IHE9MC4wMSIgLz4NCiAgICAgICAgPEhlYWRlciBOYW1lPSJSZWZlcmVyIiBWYWx1ZT0iaHR0cDovL2xvY2FsaG9zdDo0NjIzL0FwaUxpc3QiIC8+DQogICAgICA8L0hlYWRlcnM+DQogICAgICA8UXVlcnlTdHJpbmdQYXJhbWV0ZXJzPg0KICAgICAgICA8UXVlcnlTdHJpbmdQYXJhbWV0ZXIgTmFtZT0idHJhbnNwb3J0IiBWYWx1ZT0ibG9uZ1BvbGxpbmciIFJlY29yZGVkVmFsdWU9ImxvbmdQb2xsaW5nIiBDb3JyZWxhdGlvbkJpbmRpbmc9IiIgVXJsRW5jb2RlPSJGYWxzZSIgVXNlVG9Hcm91cFJlc3VsdHM9IkZhbHNlIiAvPg0KICAgICAgICA8UXVlcnlTdHJpbmdQYXJhbWV0ZXIgTmFtZT0iY29ubmVjdGlvblRva2VuIiBWYWx1ZT0iQVFBQUFOQ01uZDhCRmRFUmpIb0F3RSUyRkNsJTJCc0JBQUFBejhzRTFQVm9hVW10bDdkVEZ1WVg3QUFBQUFBQ0FBQUFBQUFRWmdBQUFBRUFBQ0FBQUFDeEVtOW16UkQxWW9LYkNiWG5CVkt6cUppYjlSdnlzMmE3ajVBUzhwMCUyRjhnQUFBQUFPZ0FBQUFBSUFBQ0FBQUFBbW50QXhPaGpWJTJGME1aWHliWmhqeHZtVEpIN0JRZFlhVTA1QW1INlByUjhUQUFBQUQ3R21DbyUyRjd1UkxWeU5PNzJPQkg5OTVZQkFaNDRxNyUyQkRlSUUlMkZDM09nWFBGZ2VudkRQYW5XT0gwbHdtaFBPZXJ4QUFBQUExZTRmbVRYb1dyU3d2NXhrUkJMcVBWY1RoM2E5NzFmRnNCSXlWRVJTZWElMkJ5V0J0dlRHJTJCR2FseWFSN096Um9vMGJCZCUyQlVLZmFPV2FoNEZpRXJaSjlndyUzRCUzRCIgUmVjb3JkZWRWYWx1ZT0iQVFBQUFOQ01uZDhCRmRFUmpIb0F3RSUyRkNsJTJCc0JBQUFBejhzRTFQVm9hVW10bDdkVEZ1WVg3QUFBQUFBQ0FBQUFBQUFRWmdBQUFBRUFBQ0FBQUFDeEVtOW16UkQxWW9LYkNiWG5CVkt6cUppYjlSdnlzMmE3ajVBUzhwMCUyRjhnQUFBQUFPZ0FBQUFBSUFBQ0FBQUFBbW50QXhPaGpWJTJGME1aWHliWmhqeHZtVEpIN0JRZFlhVTA1QW1INlByUjhUQUFBQUQ3R21DbyUyRjd1UkxWeU5PNzJPQkg5OTVZQkFaNDRxNyUyQkRlSUUlMkZDM09nWFBGZ2VudkRQYW5XT0gwbHdtaFBPZXJ4QUFBQUExZTRmbVRYb1dyU3d2NXhrUkJMcVBWY1RoM2E5NzFmRnNCSXlWRVJTZWElMkJ5V0J0dlRHJTJCR2FseWFSN096Um9vMGJCZCUyQlVLZmFPV2FoNEZpRXJaSjlndyUzRCUzRCIgQ29ycmVsYXRpb25CaW5kaW5nPSIiIFVybEVuY29kZT0iRmFsc2UiIFVzZVRvR3JvdXBSZXN1bHRzPSJGYWxzZSIgLz4NCiAgICAgICAgPFF1ZXJ5U3RyaW5nUGFyYW1ldGVyIE5hbWU9InJlcXVlc3RVcmwiIFZhbHVlPSJodHRwJTNBJTJGJTJGbG9jYWxob3N0JTNBNDYyMyUyRkFwaUxpc3QiIFJlY29yZGVkVmFsdWU9Imh0dHAlM0ElMkYlMkZsb2NhbGhvc3QlM0E0NjIzJTJGQXBpTGlzdCIgQ29ycmVsYXRpb25CaW5kaW5nPSIiIFVybEVuY29kZT0iRmFsc2UiIFVzZVRvR3JvdXBSZXN1bHRzPSJGYWxzZSIgLz4NCiAgICAgICAgPFF1ZXJ5U3RyaW5nUGFyYW1ldGVyIE5hbWU9ImJyb3dzZXJOYW1lIiBWYWx1ZT0iSW50ZXJuZXQrRXhwbG9yZXIiIFJlY29yZGVkVmFsdWU9IkludGVybmV0K0V4cGxvcmVyIiBDb3JyZWxhdGlvbkJpbmRpbmc9IiIgVXJsRW5jb2RlPSJGYWxzZSIgVXNlVG9Hcm91cFJlc3VsdHM9IkZhbHNlIiAvPg0KICAgICAgPC9RdWVyeVN0cmluZ1BhcmFtZXRlcnM+DQogICAgICA8Rm9ybVBvc3RIdHRwQm9keT4NCiAgICAgICAgPEZvcm1Qb3N0UGFyYW1ldGVyIE5hbWU9ImRhdGEiIFZhbHVlPSJ7JnF1b3Q7bmFtZSZxdW90OzomcXVvdDttaWNyb3NvZnQudmlzdWFsc3R1ZGlvLndlYi5icm93c2VybGluay5odG1sbWFwcGluZ2V4dGVuc2lvbmZhY3RvcnkucmVzb2x2ZVVybCZxdW90OywmcXVvdDthcmdzJnF1b3Q7OlsmcXVvdDt+L19fYnJvd3NlckxpbmsvcmVxdWVzdERhdGEvYTk4Zjc3MzBjNGNhNDI5OGJmMTE4MzIzOTViZDUzNWUmcXVvdDtdLCZxdW90O2NhbGxiYWNrSWQmcXVvdDs6Mn0iIFJlY29yZGVkVmFsdWU9InsmcXVvdDtuYW1lJnF1b3Q7OiZxdW90O21pY3Jvc29mdC52aXN1YWxzdHVkaW8ud2ViLmJyb3dzZXJsaW5rLmh0bWxtYXBwaW5nZXh0ZW5zaW9uZmFjdG9yeS5yZXNvbHZlVXJsJnF1b3Q7LCZxdW90O2FyZ3MmcXVvdDs6WyZxdW90O34vX19icm93c2VyTGluay9yZXF1ZXN0RGF0YS9hOThmNzczMGM0Y2E0Mjk4YmYxMTgzMjM5NWJkNTM1ZSZxdW90O10sJnF1b3Q7Y2FsbGJhY2tJZCZxdW90OzoyfSIgQ29ycmVsYXRpb25CaW5kaW5nPSIiIFVybEVuY29kZT0iVHJ1ZSIgLz4NCiAgICAgIDwvRm9ybVBvc3RIdHRwQm9keT4NCiAgICA8L1JlcXVlc3Q+DQogICAgPFJlcXVlc3QgTWV0aG9kPSJQT1NUIiBHdWlkPSI4NWRjMzA2Ni1mNmMxLTQwY2MtOWU3MC04YjA0MzNlZDU3ODUiIFZlcnNpb249IjEuMSIgVXJsPSJodHRwOi8vbG9jYWxob3N0OjE3NTQ5L2E0NjgwMDA4M2UyOTQzOWE4NWQyMTZkYmM5MjAzYjk0L2FydGVyeVNpZ25hbFIvcG9sbCIgVGhpbmtUaW1lPSIwIiBUaW1lb3V0PSIzMDAiIFBhcnNlRGVwZW5kZW50UmVxdWVzdHM9IlRydWUiIEZvbGxvd1JlZGlyZWN0cz0iVHJ1ZSIgUmVjb3JkUmVzdWx0PSJUcnVlIiBDYWNoZT0iRmFsc2UiIFJlc3BvbnNlVGltZUdvYWw9IjAiIEVuY29kaW5nPSJ1dGYtOCIgRXhwZWN0ZWRIdHRwU3RhdHVzQ29kZT0iMCIgRXhwZWN0ZWRSZXNwb25zZVVybD0iIiBSZXBvcnRpbmdOYW1lPSIiIElnbm9yZUh0dHBTdGF0dXNDb2RlPSJGYWxzZSI+DQogICAgICA8SGVhZGVycz4NCiAgICAgICAgPEhlYWRlciBOYW1lPSJDb250ZW50LVR5cGUiIFZhbHVlPSJhcHBsaWNhdGlvbi94LXd3dy1mb3JtLXVybGVuY29kZWQ7IGNoYXJzZXQ9VVRGLTgiIC8+DQogICAgICAgIDxIZWFkZXIgTmFtZT0iQWNjZXB0IiBWYWx1ZT0idGV4dC9wbGFpbiwgKi8qOyBxPTAuMDEiIC8+DQogICAgICAgIDxIZWFkZXIgTmFtZT0iUmVmZXJlciIgVmFsdWU9Imh0dHA6Ly9sb2NhbGhvc3Q6NDYyMy9BcGlMaXN0IiAvPg0KICAgICAgPC9IZWFkZXJzPg0KICAgICAgPFF1ZXJ5U3RyaW5nUGFyYW1ldGVycz4NCiAgICAgICAgPFF1ZXJ5U3RyaW5nUGFyYW1ldGVyIE5hbWU9InRyYW5zcG9ydCIgVmFsdWU9ImxvbmdQb2xsaW5nIiBSZWNvcmRlZFZhbHVlPSJsb25nUG9sbGluZyIgQ29ycmVsYXRpb25CaW5kaW5nPSIiIFVybEVuY29kZT0iRmFsc2UiIFVzZVRvR3JvdXBSZXN1bHRzPSJGYWxzZSIgLz4NCiAgICAgICAgPFF1ZXJ5U3RyaW5nUGFyYW1ldGVyIE5hbWU9ImNvbm5lY3Rpb25Ub2tlbiIgVmFsdWU9IkFRQUFBTkNNbmQ4QkZkRVJqSG9Bd0UlMkZDbCUyQnNCQUFBQXo4c0UxUFZvYVVtdGw3ZFRGdVlYN0FBQUFBQUNBQUFBQUFBUVpnQUFBQUVBQUNBQUFBQ3hFbTltelJEMVlvS2JDYlhuQlZLenFKaWI5UnZ5czJhN2o1QVM4cDAlMkY4Z0FBQUFBT2dBQUFBQUlBQUNBQUFBQW1udEF4T2hqViUyRjBNWlh5Ylpoanh2bVRKSDdCUWRZYVUwNUFtSDZQclI4VEFBQUFEN0dtQ28lMkY3dVJMVnlOTzcyT0JIOTk1WUJBWjQ0cTclMkJEZUlFJTJGQzNPZ1hQRmdlbnZEUGFuV09IMGx3bWhQT2VyeEFBQUFBMWU0Zm1UWG9XclN3djV4a1JCTHFQVmNUaDNhOTcxZkZzQkl5VkVSU2VhJTJCeVdCdHZURyUyQkdhbHlhUjdPelJvbzBiQmQlMkJVS2ZhT1dhaDRGaUVyWko5Z3clM0QlM0QiIFJlY29yZGVkVmFsdWU9IkFRQUFBTkNNbmQ4QkZkRVJqSG9Bd0UlMkZDbCUyQnNCQUFBQXo4c0UxUFZvYVVtdGw3ZFRGdVlYN0FBQUFBQUNBQUFBQUFBUVpnQUFBQUVBQUNBQUFBQ3hFbTltelJEMVlvS2JDYlhuQlZLenFKaWI5UnZ5czJhN2o1QVM4cDAlMkY4Z0FBQUFBT2dBQUFBQUlBQUNBQUFBQW1udEF4T2hqViUyRjBNWlh5Ylpoanh2bVRKSDdCUWRZYVUwNUFtSDZQclI4VEFBQUFEN0dtQ28lMkY3dVJMVnlOTzcyT0JIOTk1WUJBWjQ0cTclMkJEZUlFJTJGQzNPZ1hQRmdlbnZEUGFuV09IMGx3bWhQT2VyeEFBQUFBMWU0Zm1UWG9XclN3djV4a1JCTHFQVmNUaDNhOTcxZkZzQkl5VkVSU2VhJTJCeVdCdHZURyUyQkdhbHlhUjdPelJvbzBiQmQlMkJVS2ZhT1dhaDRGaUVyWko5Z3clM0QlM0QiIENvcnJlbGF0aW9uQmluZGluZz0iIiBVcmxFbmNvZGU9IkZhbHNlIiBVc2VUb0dyb3VwUmVzdWx0cz0iRmFsc2UiIC8+DQogICAgICAgIDxRdWVyeVN0cmluZ1BhcmFtZXRlciBOYW1lPSJtZXNzYWdlSWQiIFZhbHVlPSJkLUFGQkJGQjFFLUIlMkMwJTdDVyUyQzIlN0NYJTJDMCIgUmVjb3JkZWRWYWx1ZT0iZC1BRkJCRkIxRS1CJTJDMCU3Q1clMkMyJTdDWCUyQzAiIENvcnJlbGF0aW9uQmluZGluZz0iIiBVcmxFbmNvZGU9IkZhbHNlIiBVc2VUb0dyb3VwUmVzdWx0cz0iRmFsc2UiIC8+DQogICAgICAgIDxRdWVyeVN0cmluZ1BhcmFtZXRlciBOYW1lPSJyZXF1ZXN0VXJsIiBWYWx1ZT0iaHR0cCUzQSUyRiUyRmxvY2FsaG9zdCUzQTQ2MjMlMkZBcGlMaXN0IiBSZWNvcmRlZFZhbHVlPSJodHRwJTNBJTJGJTJGbG9jYWxob3N0JTNBNDYyMyUyRkFwaUxpc3QiIENvcnJlbGF0aW9uQmluZGluZz0iIiBVcmxFbmNvZGU9IkZhbHNlIiBVc2VUb0dyb3VwUmVzdWx0cz0iRmFsc2UiIC8+DQogICAgICAgIDxRdWVyeVN0cmluZ1BhcmFtZXRlciBOYW1lPSJicm93c2VyTmFtZSIgVmFsdWU9IkludGVybmV0K0V4cGxvcmVyIiBSZWNvcmRlZFZhbHVlPSJJbnRlcm5ldCtFeHBsb3JlciIgQ29ycmVsYXRpb25CaW5kaW5nPSIiIFVybEVuY29kZT0iRmFsc2UiIFVzZVRvR3JvdXBSZXN1bHRzPSJGYWxzZSIgLz4NCiAgICAgICAgPFF1ZXJ5U3RyaW5nUGFyYW1ldGVyIE5hbWU9InRpZCIgVmFsdWU9IjUiIFJlY29yZGVkVmFsdWU9IjUiIENvcnJlbGF0aW9uQmluZGluZz0iIiBVcmxFbmNvZGU9IkZhbHNlIiBVc2VUb0dyb3VwUmVzdWx0cz0iRmFsc2UiIC8+DQogICAgICAgIDxRdWVyeVN0cmluZ1BhcmFtZXRlciBOYW1lPSJfIiBWYWx1ZT0iMTM5NzYzMDk2OTI5OSIgUmVjb3JkZWRWYWx1ZT0iMTM5NzYzMDk2OTI5OSIgQ29ycmVsYXRpb25CaW5kaW5nPSIiIFVybEVuY29kZT0iRmFsc2UiIFVzZVRvR3JvdXBSZXN1bHRzPSJGYWxzZSIgLz4NCiAgICAgIDwvUXVlcnlTdHJpbmdQYXJhbWV0ZXJzPg0KICAgICAgPEZvcm1Qb3N0SHR0cEJvZHkgLz4NCiAgICA8L1JlcXVlc3Q+DQogICAgPFJlcXVlc3QgTWV0aG9kPSJHRVQiIEd1aWQ9IjRhYmE3ZWIyLTkwOTYtNDkzYi1iYzI4LTZiOGI2ZjUwYzM3YyIgVmVyc2lvbj0iMS4xIiBVcmw9Imh0dHA6Ly9sb2NhbGhvc3Q6NDYyMy9fX2Jyb3dzZXJMaW5rL3JlcXVlc3REYXRhL2E5OGY3NzMwYzRjYTQyOThiZjExODMyMzk1YmQ1MzVlIiBUaGlua1RpbWU9IjAiIFRpbWVvdXQ9IjMwMCIgUGFyc2VEZXBlbmRlbnRSZXF1ZXN0cz0iVHJ1ZSIgRm9sbG93UmVkaXJlY3RzPSJUcnVlIiBSZWNvcmRSZXN1bHQ9IlRydWUiIENhY2hlPSJGYWxzZSIgUmVzcG9uc2VUaW1lR29hbD0iMCIgRW5jb2Rpbmc9InV0Zi04IiBFeHBlY3RlZEh0dHBTdGF0dXNDb2RlPSIwIiBFeHBlY3RlZFJlc3BvbnNlVXJsPSIiIFJlcG9ydGluZ05hbWU9IiIgSWdub3JlSHR0cFN0YXR1c0NvZGU9IkZhbHNlIj4NCiAgICAgIDxIZWFkZXJzPg0KICAgICAgICA8SGVhZGVyIE5hbWU9IkFjY2VwdCIgVmFsdWU9ImFwcGxpY2F0aW9uL2pzb24sIHRleHQvamF2YXNjcmlwdCwgKi8qOyBxPTAuMDEiIC8+DQogICAgICAgIDxIZWFkZXIgTmFtZT0iWC1SZXF1ZXN0ZWQtV2l0aCIgVmFsdWU9IlhNTEh0dHBSZXF1ZXN0IiAvPg0KICAgICAgICA8SGVhZGVyIE5hbWU9IlJlZmVyZXIiIFZhbHVlPSJodHRwOi8vbG9jYWxob3N0OjQ2MjMvQXBpTGlzdCIgLz4NCiAgICAgIDwvSGVhZGVycz4NCiAgICA8L1JlcXVlc3Q+DQogICAgPFJlcXVlc3QgTWV0aG9kPSJQT1NUIiBHdWlkPSJlMGNiODJhZS03NTRiLTQ2OTAtYjAyMC0wMzZhYjY1YmZiNTUiIFZlcnNpb249IjEuMSIgVXJsPSJodHRwOi8vbG9jYWxob3N0OjE3NTQ5L2E0NjgwMDA4M2UyOTQzOWE4NWQyMTZkYmM5MjAzYjk0L2FydGVyeVNpZ25hbFIvcG9sbCIgVGhpbmtUaW1lPSIwIiBUaW1lb3V0PSIzMDAiIFBhcnNlRGVwZW5kZW50UmVxdWVzdHM9IlRydWUiIEZvbGxvd1JlZGlyZWN0cz0iVHJ1ZSIgUmVjb3JkUmVzdWx0PSJUcnVlIiBDYWNoZT0iRmFsc2UiIFJlc3BvbnNlVGltZUdvYWw9IjAiIEVuY29kaW5nPSJ1dGYtOCIgRXhwZWN0ZWRIdHRwU3RhdHVzQ29kZT0iMCIgRXhwZWN0ZWRSZXNwb25zZVVybD0iIiBSZXBvcnRpbmdOYW1lPSIiIElnbm9yZUh0dHBTdGF0dXNDb2RlPSJGYWxzZSI+DQogICAgICA8SGVhZGVycz4NCiAgICAgICAgPEhlYWRlciBOYW1lPSJDb250ZW50LVR5cGUiIFZhbHVlPSJhcHBsaWNhdGlvbi94LXd3dy1mb3JtLXVybGVuY29kZWQ7IGNoYXJzZXQ9VVRGLTgiIC8+DQogICAgICAgIDxIZWFkZXIgTmFtZT0iQWNjZXB0IiBWYWx1ZT0idGV4dC9wbGFpbiwgKi8qOyBxPTAuMDEiIC8+DQogICAgICAgIDxIZWFkZXIgTmFtZT0iUmVmZXJlciIgVmFsdWU9Imh0dHA6Ly9sb2NhbGhvc3Q6NDYyMy9BcGlMaXN0IiAvPg0KICAgICAgPC9IZWFkZXJzPg0KICAgICAgPFF1ZXJ5U3RyaW5nUGFyYW1ldGVycz4NCiAgICAgICAgPFF1ZXJ5U3RyaW5nUGFyYW1ldGVyIE5hbWU9InRyYW5zcG9ydCIgVmFsdWU9ImxvbmdQb2xsaW5nIiBSZWNvcmRlZFZhbHVlPSJsb25nUG9sbGluZyIgQ29ycmVsYXRpb25CaW5kaW5nPSIiIFVybEVuY29kZT0iRmFsc2UiIFVzZVRvR3JvdXBSZXN1bHRzPSJGYWxzZSIgLz4NCiAgICAgICAgPFF1ZXJ5U3RyaW5nUGFyYW1ldGVyIE5hbWU9ImNvbm5lY3Rpb25Ub2tlbiIgVmFsdWU9IkFRQUFBTkNNbmQ4QkZkRVJqSG9Bd0UlMkZDbCUyQnNCQUFBQXo4c0UxUFZvYVVtdGw3ZFRGdVlYN0FBQUFBQUNBQUFBQUFBUVpnQUFBQUVBQUNBQUFBQ3hFbTltelJEMVlvS2JDYlhuQlZLenFKaWI5UnZ5czJhN2o1QVM4cDAlMkY4Z0FBQUFBT2dBQUFBQUlBQUNBQUFBQW1udEF4T2hqViUyRjBNWlh5Ylpoanh2bVRKSDdCUWRZYVUwNUFtSDZQclI4VEFBQUFEN0dtQ28lMkY3dVJMVnlOTzcyT0JIOTk1WUJBWjQ0cTclMkJEZUlFJTJGQzNPZ1hQRmdlbnZEUGFuV09IMGx3bWhQT2VyeEFBQUFBMWU0Zm1UWG9XclN3djV4a1JCTHFQVmNUaDNhOTcxZkZzQkl5VkVSU2VhJTJCeVdCdHZURyUyQkdhbHlhUjdPelJvbzBiQmQlMkJVS2ZhT1dhaDRGaUVyWko5Z3clM0QlM0QiIFJlY29yZGVkVmFsdWU9IkFRQUFBTkNNbmQ4QkZkRVJqSG9Bd0UlMkZDbCUyQnNCQUFBQXo4c0UxUFZvYVVtdGw3ZFRGdVlYN0FBQUFBQUNBQUFBQUFBUVpnQUFBQUVBQUNBQUFBQ3hFbTltelJEMVlvS2JDYlhuQlZLenFKaWI5UnZ5czJhN2o1QVM4cDAlMkY4Z0FBQUFBT2dBQUFBQUlBQUNBQUFBQW1udEF4T2hqViUyRjBNWlh5Ylpoanh2bVRKSDdCUWRZYVUwNUFtSDZQclI4VEFBQUFEN0dtQ28lMkY3dVJMVnlOTzcyT0JIOTk1WUJBWjQ0cTclMkJEZUlFJTJGQzNPZ1hQRmdlbnZEUGFuV09IMGx3bWhQT2VyeEFBQUFBMWU0Zm1UWG9XclN3djV4a1JCTHFQVmNUaDNhOTcxZkZzQkl5VkVSU2VhJTJCeVdCdHZURyUyQkdhbHlhUjdPelJvbzBiQmQlMkJVS2ZhT1dhaDRGaUVyWko5Z3clM0QlM0QiIENvcnJlbGF0aW9uQmluZGluZz0iIiBVcmxFbmNvZGU9IkZhbHNlIiBVc2VUb0dyb3VwUmVzdWx0cz0iRmFsc2UiIC8+DQogICAgICAgIDxRdWVyeVN0cmluZ1BhcmFtZXRlciBOYW1lPSJtZXNzYWdlSWQiIFZhbHVlPSJkLUFGQkJGQjFFLUIlMkMwJTdDVyUyQzMlN0NYJTJDMCIgUmVjb3JkZWRWYWx1ZT0iZC1BRkJCRkIxRS1CJTJDMCU3Q1clMkMzJTdDWCUyQzAiIENvcnJlbGF0aW9uQmluZGluZz0iIiBVcmxFbmNvZGU9IkZhbHNlIiBVc2VUb0dyb3VwUmVzdWx0cz0iRmFsc2UiIC8+DQogICAgICAgIDxRdWVyeVN0cmluZ1BhcmFtZXRlciBOYW1lPSJyZXF1ZXN0VXJsIiBWYWx1ZT0iaHR0cCUzQSUyRiUyRmxvY2FsaG9zdCUzQTQ2MjMlMkZBcGlMaXN0IiBSZWNvcmRlZFZhbHVlPSJodHRwJTNBJTJGJTJGbG9jYWxob3N0JTNBNDYyMyUyRkFwaUxpc3QiIENvcnJlbGF0aW9uQmluZGluZz0iIiBVcmxFbmNvZGU9IkZhbHNlIiBVc2VUb0dyb3VwUmVzdWx0cz0iRmFsc2UiIC8+DQogICAgICAgIDxRdWVyeVN0cmluZ1BhcmFtZXRlciBOYW1lPSJicm93c2VyTmFtZSIgVmFsdWU9IkludGVybmV0K0V4cGxvcmVyIiBSZWNvcmRlZFZhbHVlPSJJbnRlcm5ldCtFeHBsb3JlciIgQ29ycmVsYXRpb25CaW5kaW5nPSIiIFVybEVuY29kZT0iRmFsc2UiIFVzZVRvR3JvdXBSZXN1bHRzPSJGYWxzZSIgLz4NCiAgICAgICAgPFF1ZXJ5U3RyaW5nUGFyYW1ldGVyIE5hbWU9InRpZCIgVmFsdWU9IjAiIFJlY29yZGVkVmFsdWU9IjAiIENvcnJlbGF0aW9uQmluZGluZz0iIiBVcmxFbmNvZGU9IkZhbHNlIiBVc2VUb0dyb3VwUmVzdWx0cz0iRmFsc2UiIC8+DQogICAgICAgIDxRdWVyeVN0cmluZ1BhcmFtZXRlciBOYW1lPSJfIiBWYWx1ZT0iMTM5NzYzMDk2OTUyOCIgUmVjb3JkZWRWYWx1ZT0iMTM5NzYzMDk2OTUyOCIgQ29ycmVsYXRpb25CaW5kaW5nPSIiIFVybEVuY29kZT0iRmFsc2UiIFVzZVRvR3JvdXBSZXN1bHRzPSJGYWxzZSIgLz4NCiAgICAgIDwvUXVlcnlTdHJpbmdQYXJhbWV0ZXJzPg0KICAgICAgPEZvcm1Qb3N0SHR0cEJvZHkgLz4NCiAgICA8L1JlcXVlc3Q+DQogICAgPFJlcXVlc3QgTWV0aG9kPSJQT1NUIiBHdWlkPSI2NWMxYWNhOC05ZjE5LTRmOWYtODU4Ni02ZDUyYjI5ZDMzNmEiIFZlcnNpb249IjEuMSIgVXJsPSJodHRwOi8vbG9jYWxob3N0OjE3NTQ5L2E0NjgwMDA4M2UyOTQzOWE4NWQyMTZkYmM5MjAzYjk0L2FydGVyeVNpZ25hbFIvc2VuZCIgVGhpbmtUaW1lPSIxIiBUaW1lb3V0PSIzMDAiIFBhcnNlRGVwZW5kZW50UmVxdWVzdHM9IlRydWUiIEZvbGxvd1JlZGlyZWN0cz0iVHJ1ZSIgUmVjb3JkUmVzdWx0PSJUcnVlIiBDYWNoZT0iRmFsc2UiIFJlc3BvbnNlVGltZUdvYWw9IjAiIEVuY29kaW5nPSJ1dGYtOCIgRXhwZWN0ZWRIdHRwU3RhdHVzQ29kZT0iMCIgRXhwZWN0ZWRSZXNwb25zZVVybD0iIiBSZXBvcnRpbmdOYW1lPSIiIElnbm9yZUh0dHBTdGF0dXNDb2RlPSJGYWxzZSI+DQogICAgICA8SGVhZGVycz4NCiAgICAgICAgPEhlYWRlciBOYW1lPSJBY2NlcHQiIFZhbHVlPSJ0ZXh0L3BsYWluLCAqLyo7IHE9MC4wMSIgLz4NCiAgICAgICAgPEhlYWRlciBOYW1lPSJSZWZlcmVyIiBWYWx1ZT0iaHR0cDovL2xvY2FsaG9zdDo0NjIzL0FwaUxpc3QiIC8+DQogICAgICA8L0hlYWRlcnM+DQogICAgICA8UXVlcnlTdHJpbmdQYXJhbWV0ZXJzPg0KICAgICAgICA8UXVlcnlTdHJpbmdQYXJhbWV0ZXIgTmFtZT0idHJhbnNwb3J0IiBWYWx1ZT0ibG9uZ1BvbGxpbmciIFJlY29yZGVkVmFsdWU9ImxvbmdQb2xsaW5nIiBDb3JyZWxhdGlvbkJpbmRpbmc9IiIgVXJsRW5jb2RlPSJGYWxzZSIgVXNlVG9Hcm91cFJlc3VsdHM9IkZhbHNlIiAvPg0KICAgICAgICA8UXVlcnlTdHJpbmdQYXJhbWV0ZXIgTmFtZT0iY29ubmVjdGlvblRva2VuIiBWYWx1ZT0iQVFBQUFOQ01uZDhCRmRFUmpIb0F3RSUyRkNsJTJCc0JBQUFBejhzRTFQVm9hVW10bDdkVEZ1WVg3QUFBQUFBQ0FBQUFBQUFRWmdBQUFBRUFBQ0FBQUFDeEVtOW16UkQxWW9LYkNiWG5CVkt6cUppYjlSdnlzMmE3ajVBUzhwMCUyRjhnQUFBQUFPZ0FBQUFBSUFBQ0FBQUFBbW50QXhPaGpWJTJGME1aWHliWmhqeHZtVEpIN0JRZFlhVTA1QW1INlByUjhUQUFBQUQ3R21DbyUyRjd1UkxWeU5PNzJPQkg5OTVZQkFaNDRxNyUyQkRlSUUlMkZDM09nWFBGZ2VudkRQYW5XT0gwbHdtaFBPZXJ4QUFBQUExZTRmbVRYb1dyU3d2NXhrUkJMcVBWY1RoM2E5NzFmRnNCSXlWRVJTZWElMkJ5V0J0dlRHJTJCR2FseWFSN096Um9vMGJCZCUyQlVLZmFPV2FoNEZpRXJaSjlndyUzRCUzRCIgUmVjb3JkZWRWYWx1ZT0iQVFBQUFOQ01uZDhCRmRFUmpIb0F3RSUyRkNsJTJCc0JBQUFBejhzRTFQVm9hVW10bDdkVEZ1WVg3QUFBQUFBQ0FBQUFBQUFRWmdBQUFBRUFBQ0FBQUFDeEVtOW16UkQxWW9LYkNiWG5CVkt6cUppYjlSdnlzMmE3ajVBUzhwMCUyRjhnQUFBQUFPZ0FBQUFBSUFBQ0FBQUFBbW50QXhPaGpWJTJGME1aWHliWmhqeHZtVEpIN0JRZFlhVTA1QW1INlByUjhUQUFBQUQ3R21DbyUyRjd1UkxWeU5PNzJPQkg5OTVZQkFaNDRxNyUyQkRlSUUlMkZDM09nWFBGZ2VudkRQYW5XT0gwbHdtaFBPZXJ4QUFBQUExZTRmbVRYb1dyU3d2NXhrUkJMcVBWY1RoM2E5NzFmRnNCSXlWRVJTZWElMkJ5V0J0dlRHJTJCR2FseWFSN096Um9vMGJCZCUyQlVLZmFPV2FoNEZpRXJaSjlndyUzRCUzRCIgQ29ycmVsYXRpb25CaW5kaW5nPSIiIFVybEVuY29kZT0iRmFsc2UiIFVzZVRvR3JvdXBSZXN1bHRzPSJGYWxzZSIgLz4NCiAgICAgICAgPFF1ZXJ5U3RyaW5nUGFyYW1ldGVyIE5hbWU9InJlcXVlc3RVcmwiIFZhbHVlPSJodHRwJTNBJTJGJTJGbG9jYWxob3N0JTNBNDYyMyUyRkFwaUxpc3QiIFJlY29yZGVkVmFsdWU9Imh0dHAlM0ElMkYlMkZsb2NhbGhvc3QlM0E0NjIzJTJGQXBpTGlzdCIgQ29ycmVsYXRpb25CaW5kaW5nPSIiIFVybEVuY29kZT0iRmFsc2UiIFVzZVRvR3JvdXBSZXN1bHRzPSJGYWxzZSIgLz4NCiAgICAgICAgPFF1ZXJ5U3RyaW5nUGFyYW1ldGVyIE5hbWU9ImJyb3dzZXJOYW1lIiBWYWx1ZT0iSW50ZXJuZXQrRXhwbG9yZXIiIFJlY29yZGVkVmFsdWU9IkludGVybmV0K0V4cGxvcmVyIiBDb3JyZWxhdGlvbkJpbmRpbmc9IiIgVXJsRW5jb2RlPSJGYWxzZSIgVXNlVG9Hcm91cFJlc3VsdHM9IkZhbHNlIiAvPg0KICAgICAgPC9RdWVyeVN0cmluZ1BhcmFtZXRlcnM+DQogICAgICA8Rm9ybVBvc3RIdHRwQm9keT4NCiAgICAgICAgPEZvcm1Qb3N0UGFyYW1ldGVyIE5hbWU9ImRhdGEiIFZhbHVlPSJ7JnF1b3Q7bmFtZSZxdW90OzomcXVvdDttaWNyb3NvZnQudmlzdWFsc3R1ZGlvLndlYi5icm93c2VybGluay5odG1sbWFwcGluZ2V4dGVuc2lvbmZhY3RvcnkucmVzb2x2ZVNvdXJjZUZpbGVQYXRocyZxdW90OywmcXVvdDthcmdzJnF1b3Q7OltbJnF1b3Q7fi9WaWV3cy9BcGlMaXN0L0luZGV4LmNzaHRtbCZxdW90O11dLCZxdW90O2NhbGxiYWNrSWQmcXVvdDs6M30iIFJlY29yZGVkVmFsdWU9InsmcXVvdDtuYW1lJnF1b3Q7OiZxdW90O21pY3Jvc29mdC52aXN1YWxzdHVkaW8ud2ViLmJyb3dzZXJsaW5rLmh0bWxtYXBwaW5nZXh0ZW5zaW9uZmFjdG9yeS5yZXNvbHZlU291cmNlRmlsZVBhdGhzJnF1b3Q7LCZxdW90O2FyZ3MmcXVvdDs6W1smcXVvdDt+L1ZpZXdzL0FwaUxpc3QvSW5kZXguY3NodG1sJnF1b3Q7XV0sJnF1b3Q7Y2FsbGJhY2tJZCZxdW90OzozfSIgQ29ycmVsYXRpb25CaW5kaW5nPSIiIFVybEVuY29kZT0iVHJ1ZSIgLz4NCiAgICAgIDwvRm9ybVBvc3RIdHRwQm9keT4NCiAgICA8L1JlcXVlc3Q+DQogICAgPFJlcXVlc3QgTWV0aG9kPSJHRVQiIEd1aWQ9IjA5ZDk0MmNkLTg3Y2UtNGJkYy04N2QwLWM0YmU3N2RlYjY0NiIgVmVyc2lvbj0iMS4xIiBVcmw9Imh0dHA6Ly9sb2NhbGhvc3Q6NDYyMy9BcHAiIFRoaW5rVGltZT0iMCIgVGltZW91dD0iMzAwIiBQYXJzZURlcGVuZGVudFJlcXVlc3RzPSJUcnVlIiBGb2xsb3dSZWRpcmVjdHM9IlRydWUiIFJlY29yZFJlc3VsdD0iVHJ1ZSIgQ2FjaGU9IkZhbHNlIiBSZXNwb25zZVRpbWVHb2FsPSIwIiBFbmNvZGluZz0idXRmLTgiIEV4cGVjdGVkSHR0cFN0YXR1c0NvZGU9IjAiIEV4cGVjdGVkUmVzcG9uc2VVcmw9IiIgUmVwb3J0aW5nTmFtZT0iIiBJZ25vcmVIdHRwU3RhdHVzQ29kZT0iRmFsc2UiPg0KICAgICAgPEhlYWRlcnM+DQogICAgICAgIDxIZWFkZXIgTmFtZT0iUmVmZXJlciIgVmFsdWU9Imh0dHA6Ly9sb2NhbGhvc3Q6NDYyMy9BcGlMaXN0IiAvPg0KICAgICAgPC9IZWFkZXJzPg0KICAgIDwvUmVxdWVzdD4NCiAgICA8UmVxdWVzdCBNZXRob2Q9IlBPU1QiIEd1aWQ9ImM4NzE0NWRmLWRiNGUtNDgwZC05ZDM2LTBkZDk0OGQxZjgwOSIgVmVyc2lvbj0iMS4xIiBVcmw9Imh0dHA6Ly9sb2NhbGhvc3Q6MTc1NDkvYTQ2ODAwMDgzZTI5NDM5YTg1ZDIxNmRiYzkyMDNiOTQvYXJ0ZXJ5U2lnbmFsUi9hYm9ydCIgVGhpbmtUaW1lPSIwIiBUaW1lb3V0PSIzMDAiIFBhcnNlRGVwZW5kZW50UmVxdWVzdHM9IlRydWUiIEZvbGxvd1JlZGlyZWN0cz0iVHJ1ZSIgUmVjb3JkUmVzdWx0PSJUcnVlIiBDYWNoZT0iRmFsc2UiIFJlc3BvbnNlVGltZUdvYWw9IjAiIEVuY29kaW5nPSJ1dGYtOCIgRXhwZWN0ZWRIdHRwU3RhdHVzQ29kZT0iMCIgRXhwZWN0ZWRSZXNwb25zZVVybD0iIiBSZXBvcnRpbmdOYW1lPSIiIElnbm9yZUh0dHBTdGF0dXNDb2RlPSJGYWxzZSI+DQogICAgICA8SGVhZGVycz4NCiAgICAgICAgPEhlYWRlciBOYW1lPSJBY2NlcHQiIFZhbHVlPSJ0ZXh0L3BsYWluLCAqLyo7IHE9MC4wMSIgLz4NCiAgICAgICAgPEhlYWRlciBOYW1lPSJSZWZlcmVyIiBWYWx1ZT0iaHR0cDovL2xvY2FsaG9zdDo0NjIzL0FwaUxpc3QiIC8+DQogICAgICA8L0hlYWRlcnM+DQogICAgICA8UXVlcnlTdHJpbmdQYXJhbWV0ZXJzPg0KICAgICAgICA8UXVlcnlTdHJpbmdQYXJhbWV0ZXIgTmFtZT0idHJhbnNwb3J0IiBWYWx1ZT0ibG9uZ1BvbGxpbmciIFJlY29yZGVkVmFsdWU9ImxvbmdQb2xsaW5nIiBDb3JyZWxhdGlvbkJpbmRpbmc9IiIgVXJsRW5jb2RlPSJGYWxzZSIgVXNlVG9Hcm91cFJlc3VsdHM9IkZhbHNlIiAvPg0KICAgICAgICA8UXVlcnlTdHJpbmdQYXJhbWV0ZXIgTmFtZT0iY29ubmVjdGlvblRva2VuIiBWYWx1ZT0iQVFBQUFOQ01uZDhCRmRFUmpIb0F3RSUyRkNsJTJCc0JBQUFBejhzRTFQVm9hVW10bDdkVEZ1WVg3QUFBQUFBQ0FBQUFBQUFRWmdBQUFBRUFBQ0FBQUFDeEVtOW16UkQxWW9LYkNiWG5CVkt6cUppYjlSdnlzMmE3ajVBUzhwMCUyRjhnQUFBQUFPZ0FBQUFBSUFBQ0FBQUFBbW50QXhPaGpWJTJGME1aWHliWmhqeHZtVEpIN0JRZFlhVTA1QW1INlByUjhUQUFBQUQ3R21DbyUyRjd1UkxWeU5PNzJPQkg5OTVZQkFaNDRxNyUyQkRlSUUlMkZDM09nWFBGZ2VudkRQYW5XT0gwbHdtaFBPZXJ4QUFBQUExZTRmbVRYb1dyU3d2NXhrUkJMcVBWY1RoM2E5NzFmRnNCSXlWRVJTZWElMkJ5V0J0dlRHJTJCR2FseWFSN096Um9vMGJCZCUyQlVLZmFPV2FoNEZpRXJaSjlndyUzRCUzRCIgUmVjb3JkZWRWYWx1ZT0iQVFBQUFOQ01uZDhCRmRFUmpIb0F3RSUyRkNsJTJCc0JBQUFBejhzRTFQVm9hVW10bDdkVEZ1WVg3QUFBQUFBQ0FBQUFBQUFRWmdBQUFBRUFBQ0FBQUFDeEVtOW16UkQxWW9LYkNiWG5CVkt6cUppYjlSdnlzMmE3ajVBUzhwMCUyRjhnQUFBQUFPZ0FBQUFBSUFBQ0FBQUFBbW50QXhPaGpWJTJGME1aWHliWmhqeHZtVEpIN0JRZFlhVTA1QW1INlByUjhUQUFBQUQ3R21DbyUyRjd1UkxWeU5PNzJPQkg5OTVZQkFaNDRxNyUyQkRlSUUlMkZDM09nWFBGZ2VudkRQYW5XT0gwbHdtaFBPZXJ4QUFBQUExZTRmbVRYb1dyU3d2NXhrUkJMcVBWY1RoM2E5NzFmRnNCSXlWRVJTZWElMkJ5V0J0dlRHJTJCR2FseWFSN096Um9vMGJCZCUyQlVLZmFPV2FoNEZpRXJaSjlndyUzRCUzRCIgQ29ycmVsYXRpb25CaW5kaW5nPSIiIFVybEVuY29kZT0iRmFsc2UiIFVzZVRvR3JvdXBSZXN1bHRzPSJGYWxzZSIgLz4NCiAgICAgICAgPFF1ZXJ5U3RyaW5nUGFyYW1ldGVyIE5hbWU9InJlcXVlc3RVcmwiIFZhbHVlPSJodHRwJTNBJTJGJTJGbG9jYWxob3N0JTNBNDYyMyUyRkFwaUxpc3QiIFJlY29yZGVkVmFsdWU9Imh0dHAlM0ElMkYlMkZsb2NhbGhvc3QlM0E0NjIzJTJGQXBpTGlzdCIgQ29ycmVsYXRpb25CaW5kaW5nPSIiIFVybEVuY29kZT0iRmFsc2UiIFVzZVRvR3JvdXBSZXN1bHRzPSJGYWxzZSIgLz4NCiAgICAgICAgPFF1ZXJ5U3RyaW5nUGFyYW1ldGVyIE5hbWU9ImJyb3dzZXJOYW1lIiBWYWx1ZT0iSW50ZXJuZXQrRXhwbG9yZXIiIFJlY29yZGVkVmFsdWU9IkludGVybmV0K0V4cGxvcmVyIiBDb3JyZWxhdGlvbkJpbmRpbmc9IiIgVXJsRW5jb2RlPSJGYWxzZSIgVXNlVG9Hcm91cFJlc3VsdHM9IkZhbHNlIiAvPg0KICAgICAgPC9RdWVyeVN0cmluZ1BhcmFtZXRlcnM+DQogICAgICA8Rm9ybVBvc3RIdHRwQm9keSAvPg0KICAgIDwvUmVxdWVzdD4NCiAgICA8UmVxdWVzdCBNZXRob2Q9IlBPU1QiIEd1aWQ9ImE5YTE1MWI2LTljYjUtNDVlMC05NTNiLTQ3OWFiZWQ3NmM0MyIgVmVyc2lvbj0iMS4xIiBVcmw9Imh0dHA6Ly9sb2NhbGhvc3Q6MTc1NDkvYTQ2ODAwMDgzZTI5NDM5YTg1ZDIxNmRiYzkyMDNiOTQvYXJ0ZXJ5U2lnbmFsUi9uZWdvdGlhdGUiIFRoaW5rVGltZT0iMCIgVGltZW91dD0iMzAwIiBQYXJzZURlcGVuZGVudFJlcXVlc3RzPSJUcnVlIiBGb2xsb3dSZWRpcmVjdHM9IlRydWUiIFJlY29yZFJlc3VsdD0iVHJ1ZSIgQ2FjaGU9IkZhbHNlIiBSZXNwb25zZVRpbWVHb2FsPSIwIiBFbmNvZGluZz0idXRmLTgiIEV4cGVjdGVkSHR0cFN0YXR1c0NvZGU9IjAiIEV4cGVjdGVkUmVzcG9uc2VVcmw9IiIgUmVwb3J0aW5nTmFtZT0iIiBJZ25vcmVIdHRwU3RhdHVzQ29kZT0iRmFsc2UiPg0KICAgICAgPEhlYWRlcnM+DQogICAgICAgIDxIZWFkZXIgTmFtZT0iQ29udGVudC1UeXBlIiBWYWx1ZT0iYXBwbGljYXRpb24veC13d3ctZm9ybS11cmxlbmNvZGVkOyBjaGFyc2V0PVVURi04IiAvPg0KICAgICAgICA8SGVhZGVyIE5hbWU9IkFjY2VwdCIgVmFsdWU9InRleHQvcGxhaW4sICovKjsgcT0wLjAxIiAvPg0KICAgICAgICA8SGVhZGVyIE5hbWU9IlJlZmVyZXIiIFZhbHVlPSJodHRwOi8vbG9jYWxob3N0OjQ2MjMvQXBwIiAvPg0KICAgICAgPC9IZWFkZXJzPg0KICAgICAgPFF1ZXJ5U3RyaW5nUGFyYW1ldGVycz4NCiAgICAgICAgPFF1ZXJ5U3RyaW5nUGFyYW1ldGVyIE5hbWU9InJlcXVlc3RVcmwiIFZhbHVlPSJodHRwJTNBJTJGJTJGbG9jYWxob3N0JTNBNDYyMyUyRkFwcCIgUmVjb3JkZWRWYWx1ZT0iaHR0cCUzQSUyRiUyRmxvY2FsaG9zdCUzQTQ2MjMlMkZBcHAiIENvcnJlbGF0aW9uQmluZGluZz0iIiBVcmxFbmNvZGU9IkZhbHNlIiBVc2VUb0dyb3VwUmVzdWx0cz0iRmFsc2UiIC8+DQogICAgICAgIDxRdWVyeVN0cmluZ1BhcmFtZXRlciBOYW1lPSJicm93c2VyTmFtZSIgVmFsdWU9IkludGVybmV0K0V4cGxvcmVyIiBSZWNvcmRlZFZhbHVlPSJJbnRlcm5ldCtFeHBsb3JlciIgQ29ycmVsYXRpb25CaW5kaW5nPSIiIFVybEVuY29kZT0iRmFsc2UiIFVzZVRvR3JvdXBSZXN1bHRzPSJGYWxzZSIgLz4NCiAgICAgICAgPFF1ZXJ5U3RyaW5nUGFyYW1ldGVyIE5hbWU9ImNsaWVudFByb3RvY29sIiBWYWx1ZT0iMS4zIiBSZWNvcmRlZFZhbHVlPSIxLjMiIENvcnJlbGF0aW9uQmluZGluZz0iIiBVcmxFbmNvZGU9IkZhbHNlIiBVc2VUb0dyb3VwUmVzdWx0cz0iRmFsc2UiIC8+DQogICAgICAgIDxRdWVyeVN0cmluZ1BhcmFtZXRlciBOYW1lPSJfIiBWYWx1ZT0iMTM5NzYzMDk3MTM0MiIgUmVjb3JkZWRWYWx1ZT0iMTM5NzYzMDk3MTM0MiIgQ29ycmVsYXRpb25CaW5kaW5nPSIiIFVybEVuY29kZT0iRmFsc2UiIFVzZVRvR3JvdXBSZXN1bHRzPSJGYWxzZSIgLz4NCiAgICAgIDwvUXVlcnlTdHJpbmdQYXJhbWV0ZXJzPg0KICAgICAgPEZvcm1Qb3N0SHR0cEJvZHkgLz4NCiAgICA8L1JlcXVlc3Q+DQogICAgPFJlcXVlc3QgTWV0aG9kPSJQT1NUIiBHdWlkPSI2ZTE1YjQ0NS1kNWE4LTRlOGQtOGUyNy03MjA3YmY4ZjY2MGUiIFZlcnNpb249IjEuMSIgVXJsPSJodHRwOi8vbG9jYWxob3N0OjE3NTQ5L2E0NjgwMDA4M2UyOTQzOWE4NWQyMTZkYmM5MjAzYjk0L2FydGVyeVNpZ25hbFIvY29ubmVjdCIgVGhpbmtUaW1lPSIwIiBUaW1lb3V0PSIzMDAiIFBhcnNlRGVwZW5kZW50UmVxdWVzdHM9IlRydWUiIEZvbGxvd1JlZGlyZWN0cz0iVHJ1ZSIgUmVjb3JkUmVzdWx0PSJUcnVlIiBDYWNoZT0iRmFsc2UiIFJlc3BvbnNlVGltZUdvYWw9IjAiIEVuY29kaW5nPSJ1dGYtOCIgRXhwZWN0ZWRIdHRwU3RhdHVzQ29kZT0iMCIgRXhwZWN0ZWRSZXNwb25zZVVybD0iIiBSZXBvcnRpbmdOYW1lPSIiIElnbm9yZUh0dHBTdGF0dXNDb2RlPSJGYWxzZSI+DQogICAgICA8SGVhZGVycz4NCiAgICAgICAgPEhlYWRlciBOYW1lPSJDb250ZW50LVR5cGUiIFZhbHVlPSJhcHBsaWNhdGlvbi94LXd3dy1mb3JtLXVybGVuY29kZWQ7IGNoYXJzZXQ9VVRGLTgiIC8+DQogICAgICAgIDxIZWFkZXIgTmFtZT0iQWNjZXB0IiBWYWx1ZT0idGV4dC9wbGFpbiwgKi8qOyBxPTAuMDEiIC8+DQogICAgICAgIDxIZWFkZXIgTmFtZT0iUmVmZXJlciIgVmFsdWU9Imh0dHA6Ly9sb2NhbGhvc3Q6NDYyMy9BcHAiIC8+DQogICAgICA8L0hlYWRlcnM+DQogICAgICA8UXVlcnlTdHJpbmdQYXJhbWV0ZXJzPg0KICAgICAgICA8UXVlcnlTdHJpbmdQYXJhbWV0ZXIgTmFtZT0idHJhbnNwb3J0IiBWYWx1ZT0ibG9uZ1BvbGxpbmciIFJlY29yZGVkVmFsdWU9ImxvbmdQb2xsaW5nIiBDb3JyZWxhdGlvbkJpbmRpbmc9IiIgVXJsRW5jb2RlPSJGYWxzZSIgVXNlVG9Hcm91cFJlc3VsdHM9IkZhbHNlIiAvPg0KICAgICAgICA8UXVlcnlTdHJpbmdQYXJhbWV0ZXIgTmFtZT0iY29ubmVjdGlvblRva2VuIiBWYWx1ZT0iQVFBQUFOQ01uZDhCRmRFUmpIb0F3RSUyRkNsJTJCc0JBQUFBejhzRTFQVm9hVW10bDdkVEZ1WVg3QUFBQUFBQ0FBQUFBQUFRWmdBQUFBRUFBQ0FBQUFDbW1jeDE2SXZvQiUyQllwRWE3M211WTBQRlRmRXlyaFdFOWh2b0c4R3NWTHhnQUFBQUFPZ0FBQUFBSUFBQ0FBQUFDOCUyRnNrJTJGaXdkZ1NMZXZRWFRRdTZybDNZWlhZODJHYjUxVER3eXJ3cTJxVkRBQUFBRHJMSndvM2p3aVdBUGJYYlYwUDdvYTlyRHZHV0ZlcHE1Q1hwcmRwa2pUJTJGNVF1ekdOWHByanlPM3dSekg0NmdXOUFBQUFBc2U0SmJRWTlzTWJQWEtzak5ZVnZ2SExwZ2Jqc0ZNaUJFJTJGanFEM2VuYXhxdFFPc25kWGljNTFhYk55M2lLQ0VRR2hUZzJ5aHBtTnRtM1U3bng2WDhIZyUzRCUzRCIgUmVjb3JkZWRWYWx1ZT0iQVFBQUFOQ01uZDhCRmRFUmpIb0F3RSUyRkNsJTJCc0JBQUFBejhzRTFQVm9hVW10bDdkVEZ1WVg3QUFBQUFBQ0FBQUFBQUFRWmdBQUFBRUFBQ0FBQUFDbW1jeDE2SXZvQiUyQllwRWE3M211WTBQRlRmRXlyaFdFOWh2b0c4R3NWTHhnQUFBQUFPZ0FBQUFBSUFBQ0FBQUFDOCUyRnNrJTJGaXdkZ1NMZXZRWFRRdTZybDNZWlhZODJHYjUxVER3eXJ3cTJxVkRBQUFBRHJMSndvM2p3aVdBUGJYYlYwUDdvYTlyRHZHV0ZlcHE1Q1hwcmRwa2pUJTJGNVF1ekdOWHByanlPM3dSekg0NmdXOUFBQUFBc2U0SmJRWTlzTWJQWEtzak5ZVnZ2SExwZ2Jqc0ZNaUJFJTJGanFEM2VuYXhxdFFPc25kWGljNTFhYk55M2lLQ0VRR2hUZzJ5aHBtTnRtM1U3bng2WDhIZyUzRCUzRCIgQ29ycmVsYXRpb25CaW5kaW5nPSIiIFVybEVuY29kZT0iRmFsc2UiIFVzZVRvR3JvdXBSZXN1bHRzPSJGYWxzZSIgLz4NCiAgICAgICAgPFF1ZXJ5U3RyaW5nUGFyYW1ldGVyIE5hbWU9InJlcXVlc3RVcmwiIFZhbHVlPSJodHRwJTNBJTJGJTJGbG9jYWxob3N0JTNBNDYyMyUyRkFwcCIgUmVjb3JkZWRWYWx1ZT0iaHR0cCUzQSUyRiUyRmxvY2FsaG9zdCUzQTQ2MjMlMkZBcHAiIENvcnJlbGF0aW9uQmluZGluZz0iIiBVcmxFbmNvZGU9IkZhbHNlIiBVc2VUb0dyb3VwUmVzdWx0cz0iRmFsc2UiIC8+DQogICAgICAgIDxRdWVyeVN0cmluZ1BhcmFtZXRlciBOYW1lPSJicm93c2VyTmFtZSIgVmFsdWU9IkludGVybmV0K0V4cGxvcmVyIiBSZWNvcmRlZFZhbHVlPSJJbnRlcm5ldCtFeHBsb3JlciIgQ29ycmVsYXRpb25CaW5kaW5nPSIiIFVybEVuY29kZT0iRmFsc2UiIFVzZVRvR3JvdXBSZXN1bHRzPSJGYWxzZSIgLz4NCiAgICAgICAgPFF1ZXJ5U3RyaW5nUGFyYW1ldGVyIE5hbWU9InRpZCIgVmFsdWU9IjYiIFJlY29yZGVkVmFsdWU9IjYiIENvcnJlbGF0aW9uQmluZGluZz0iIiBVcmxFbmNvZGU9IkZhbHNlIiBVc2VUb0dyb3VwUmVzdWx0cz0iRmFsc2UiIC8+DQogICAgICAgIDxRdWVyeVN0cmluZ1BhcmFtZXRlciBOYW1lPSJfIiBWYWx1ZT0iMTM5NzYzMDk3MTkzNiIgUmVjb3JkZWRWYWx1ZT0iMTM5NzYzMDk3MTkzNiIgQ29ycmVsYXRpb25CaW5kaW5nPSIiIFVybEVuY29kZT0iRmFsc2UiIFVzZVRvR3JvdXBSZXN1bHRzPSJGYWxzZSIgLz4NCiAgICAgIDwvUXVlcnlTdHJpbmdQYXJhbWV0ZXJzPg0KICAgICAgPEZvcm1Qb3N0SHR0cEJvZHkgLz4NCiAgICA8L1JlcXVlc3Q+DQogICAgPFJlcXVlc3QgTWV0aG9kPSJQT1NUIiBHdWlkPSI5NGRiYzQ1NC00YWZlLTQ3ZTYtODYwNy05ZDI5MDQ0NDM4NTMiIFZlcnNpb249IjEuMSIgVXJsPSJodHRwOi8vbG9jYWxob3N0OjE3NTQ5L2E0NjgwMDA4M2UyOTQzOWE4NWQyMTZkYmM5MjAzYjk0L2FydGVyeVNpZ25hbFIvc2VuZCIgVGhpbmtUaW1lPSIwIiBUaW1lb3V0PSIzMDAiIFBhcnNlRGVwZW5kZW50UmVxdWVzdHM9IlRydWUiIEZvbGxvd1JlZGlyZWN0cz0iVHJ1ZSIgUmVjb3JkUmVzdWx0PSJUcnVlIiBDYWNoZT0iRmFsc2UiIFJlc3BvbnNlVGltZUdvYWw9IjAiIEVuY29kaW5nPSJ1dGYtOCIgRXhwZWN0ZWRIdHRwU3RhdHVzQ29kZT0iMCIgRXhwZWN0ZWRSZXNwb25zZVVybD0iIiBSZXBvcnRpbmdOYW1lPSIiIElnbm9yZUh0dHBTdGF0dXNDb2RlPSJGYWxzZSI+DQogICAgICA8SGVhZGVycz4NCiAgICAgICAgPEhlYWRlciBOYW1lPSJBY2NlcHQiIFZhbHVlPSJ0ZXh0L3BsYWluLCAqLyo7IHE9MC4wMSIgLz4NCiAgICAgICAgPEhlYWRlciBOYW1lPSJSZWZlcmVyIiBWYWx1ZT0iaHR0cDovL2xvY2FsaG9zdDo0NjIzL0FwcCIgLz4NCiAgICAgIDwvSGVhZGVycz4NCiAgICAgIDxRdWVyeVN0cmluZ1BhcmFtZXRlcnM+DQogICAgICAgIDxRdWVyeVN0cmluZ1BhcmFtZXRlciBOYW1lPSJ0cmFuc3BvcnQiIFZhbHVlPSJsb25nUG9sbGluZyIgUmVjb3JkZWRWYWx1ZT0ibG9uZ1BvbGxpbmciIENvcnJlbGF0aW9uQmluZGluZz0iIiBVcmxFbmNvZGU9IkZhbHNlIiBVc2VUb0dyb3VwUmVzdWx0cz0iRmFsc2UiIC8+DQogICAgICAgIDxRdWVyeVN0cmluZ1BhcmFtZXRlciBOYW1lPSJjb25uZWN0aW9uVG9rZW4iIFZhbHVlPSJBUUFBQU5DTW5kOEJGZEVSakhvQXdFJTJGQ2wlMkJzQkFBQUF6OHNFMVBWb2FVbXRsN2RURnVZWDdBQUFBQUFDQUFBQUFBQVFaZ0FBQUFFQUFDQUFBQUNtbWN4MTZJdm9CJTJCWXBFYTczbXVZMFBGVGZFeXJoV0U5aHZvRzhHc1ZMeGdBQUFBQU9nQUFBQUFJQUFDQUFBQUM4JTJGc2slMkZpd2RnU0xldlFYVFF1NnJsM1laWFk4MkdiNTFURHd5cndxMnFWREFBQUFEckxKd28zandpV0FQYlhiVjBQN29hOXJEdkdXRmVwcTVDWHByZHBralQlMkY1UXV6R05YcHJqeU8zd1J6SDQ2Z1c5QUFBQUFzZTRKYlFZOXNNYlBYS3NqTllWdnZITHBnYmpzRk1pQkUlMkZqcUQzZW5heHF0UU9zbmRYaWM1MWFiTnkzaUtDRVFHaFRnMnlocG1OdG0zVTdueDZYOEhnJTNEJTNEIiBSZWNvcmRlZFZhbHVlPSJBUUFBQU5DTW5kOEJGZEVSakhvQXdFJTJGQ2wlMkJzQkFBQUF6OHNFMVBWb2FVbXRsN2RURnVZWDdBQUFBQUFDQUFBQUFBQVFaZ0FBQUFFQUFDQUFBQUNtbWN4MTZJdm9CJTJCWXBFYTczbXVZMFBGVGZFeXJoV0U5aHZvRzhHc1ZMeGdBQUFBQU9nQUFBQUFJQUFDQUFBQUM4JTJGc2slMkZpd2RnU0xldlFYVFF1NnJsM1laWFk4MkdiNTFURHd5cndxMnFWREFBQUFEckxKd28zandpV0FQYlhiVjBQN29hOXJEdkdXRmVwcTVDWHByZHBralQlMkY1UXV6R05YcHJqeU8zd1J6SDQ2Z1c5QUFBQUFzZTRKYlFZOXNNYlBYS3NqTllWdnZITHBnYmpzRk1pQkUlMkZqcUQzZW5heHF0UU9zbmRYaWM1MWFiTnkzaUtDRVFHaFRnMnlocG1OdG0zVTdueDZYOEhnJTNEJTNEIiBDb3JyZWxhdGlvbkJpbmRpbmc9IiIgVXJsRW5jb2RlPSJGYWxzZSIgVXNlVG9Hcm91cFJlc3VsdHM9IkZhbHNlIiAvPg0KICAgICAgICA8UXVlcnlTdHJpbmdQYXJhbWV0ZXIgTmFtZT0icmVxdWVzdFVybCIgVmFsdWU9Imh0dHAlM0ElMkYlMkZsb2NhbGhvc3QlM0E0NjIzJTJGQXBwIiBSZWNvcmRlZFZhbHVlPSJodHRwJTNBJTJGJTJGbG9jYWxob3N0JTNBNDYyMyUyRkFwcCIgQ29ycmVsYXRpb25CaW5kaW5nPSIiIFVybEVuY29kZT0iRmFsc2UiIFVzZVRvR3JvdXBSZXN1bHRzPSJGYWxzZSIgLz4NCiAgICAgICAgPFF1ZXJ5U3RyaW5nUGFyYW1ldGVyIE5hbWU9ImJyb3dzZXJOYW1lIiBWYWx1ZT0iSW50ZXJuZXQrRXhwbG9yZXIiIFJlY29yZGVkVmFsdWU9IkludGVybmV0K0V4cGxvcmVyIiBDb3JyZWxhdGlvbkJpbmRpbmc9IiIgVXJsRW5jb2RlPSJGYWxzZSIgVXNlVG9Hcm91cFJlc3VsdHM9IkZhbHNlIiAvPg0KICAgICAgPC9RdWVyeVN0cmluZ1BhcmFtZXRlcnM+DQogICAgICA8Rm9ybVBvc3RIdHRwQm9keT4NCiAgICAgICAgPEZvcm1Qb3N0UGFyYW1ldGVyIE5hbWU9ImRhdGEiIFZhbHVlPSJ7JnF1b3Q7bmFtZSZxdW90OzomcXVvdDtNaWNyb3NvZnQuVmlzdWFsU3R1ZGlvLldlYi5Ccm93c2VyTGluay5Db3JlRXh0ZW5zaW9uRmFjdG9yeS5jb25uZWN0ZWQmcXVvdDssJnF1b3Q7Y2FsbGJhY2tJZCZxdW90OzoxfSIgUmVjb3JkZWRWYWx1ZT0ieyZxdW90O25hbWUmcXVvdDs6JnF1b3Q7TWljcm9zb2Z0LlZpc3VhbFN0dWRpby5XZWIuQnJvd3NlckxpbmsuQ29yZUV4dGVuc2lvbkZhY3RvcnkuY29ubmVjdGVkJnF1b3Q7LCZxdW90O2NhbGxiYWNrSWQmcXVvdDs6MX0iIENvcnJlbGF0aW9uQmluZGluZz0iIiBVcmxFbmNvZGU9IlRydWUiIC8+DQogICAgICA8L0Zvcm1Qb3N0SHR0cEJvZHk+DQogICAgPC9SZXF1ZXN0Pg0KICAgIDxSZXF1ZXN0IE1ldGhvZD0iUE9TVCIgR3VpZD0iZjhlNDYwYTgtZDkzMi00NWMzLWFhODAtMGQ4OTYzNTlhNGFjIiBWZXJzaW9uPSIxLjEiIFVybD0iaHR0cDovL2xvY2FsaG9zdDoxNzU0OS9hNDY4MDAwODNlMjk0MzlhODVkMjE2ZGJjOTIwM2I5NC9hcnRlcnlTaWduYWxSL3BvbGwiIFRoaW5rVGltZT0iMCIgVGltZW91dD0iMzAwIiBQYXJzZURlcGVuZGVudFJlcXVlc3RzPSJUcnVlIiBGb2xsb3dSZWRpcmVjdHM9IlRydWUiIFJlY29yZFJlc3VsdD0iVHJ1ZSIgQ2FjaGU9IkZhbHNlIiBSZXNwb25zZVRpbWVHb2FsPSIwIiBFbmNvZGluZz0idXRmLTgiIEV4cGVjdGVkSHR0cFN0YXR1c0NvZGU9IjAiIEV4cGVjdGVkUmVzcG9uc2VVcmw9IiIgUmVwb3J0aW5nTmFtZT0iIiBJZ25vcmVIdHRwU3RhdHVzQ29kZT0iRmFsc2UiPg0KICAgICAgPEhlYWRlcnM+DQogICAgICAgIDxIZWFkZXIgTmFtZT0iQ29udGVudC1UeXBlIiBWYWx1ZT0iYXBwbGljYXRpb24veC13d3ctZm9ybS11cmxlbmNvZGVkOyBjaGFyc2V0PVVURi04IiAvPg0KICAgICAgICA8SGVhZGVyIE5hbWU9IkFjY2VwdCIgVmFsdWU9InRleHQvcGxhaW4sICovKjsgcT0wLjAxIiAvPg0KICAgICAgICA8SGVhZGVyIE5hbWU9IlJlZmVyZXIiIFZhbHVlPSJodHRwOi8vbG9jYWxob3N0OjQ2MjMvQXBwIiAvPg0KICAgICAgPC9IZWFkZXJzPg0KICAgICAgPFF1ZXJ5U3RyaW5nUGFyYW1ldGVycz4NCiAgICAgICAgPFF1ZXJ5U3RyaW5nUGFyYW1ldGVyIE5hbWU9InRyYW5zcG9ydCIgVmFsdWU9ImxvbmdQb2xsaW5nIiBSZWNvcmRlZFZhbHVlPSJsb25nUG9sbGluZyIgQ29ycmVsYXRpb25CaW5kaW5nPSIiIFVybEVuY29kZT0iRmFsc2UiIFVzZVRvR3JvdXBSZXN1bHRzPSJGYWxzZSIgLz4NCiAgICAgICAgPFF1ZXJ5U3RyaW5nUGFyYW1ldGVyIE5hbWU9ImNvbm5lY3Rpb25Ub2tlbiIgVmFsdWU9IkFRQUFBTkNNbmQ4QkZkRVJqSG9Bd0UlMkZDbCUyQnNCQUFBQXo4c0UxUFZvYVVtdGw3ZFRGdVlYN0FBQUFBQUNBQUFBQUFBUVpnQUFBQUVBQUNBQUFBQ21tY3gxNkl2b0IlMkJZcEVhNzNtdVkwUEZUZkV5cmhXRTlodm9HOEdzVkx4Z0FBQUFBT2dBQUFBQUlBQUNBQUFBQzglMkZzayUyRml3ZGdTTGV2UVhUUXU2cmwzWVpYWTgyR2I1MVREd3lyd3EycVZEQUFBQURyTEp3bzNqd2lXQVBiWGJWMFA3b2E5ckR2R1dGZXBxNUNYcHJkcGtqVCUyRjVRdXpHTlhwcmp5TzN3UnpINDZnVzlBQUFBQXNlNEpiUVk5c01iUFhLc2pOWVZ2dkhMcGdianNGTWlCRSUyRmpxRDNlbmF4cXRRT3NuZFhpYzUxYWJOeTNpS0NFUUdoVGcyeWhwbU50bTNVN254Nlg4SGclM0QlM0QiIFJlY29yZGVkVmFsdWU9IkFRQUFBTkNNbmQ4QkZkRVJqSG9Bd0UlMkZDbCUyQnNCQUFBQXo4c0UxUFZvYVVtdGw3ZFRGdVlYN0FBQUFBQUNBQUFBQUFBUVpnQUFBQUVBQUNBQUFBQ21tY3gxNkl2b0IlMkJZcEVhNzNtdVkwUEZUZkV5cmhXRTlodm9HOEdzVkx4Z0FBQUFBT2dBQUFBQUlBQUNBQUFBQzglMkZzayUyRml3ZGdTTGV2UVhUUXU2cmwzWVpYWTgyR2I1MVREd3lyd3EycVZEQUFBQURyTEp3bzNqd2lXQVBiWGJWMFA3b2E5ckR2R1dGZXBxNUNYcHJkcGtqVCUyRjVRdXpHTlhwcmp5TzN3UnpINDZnVzlBQUFBQXNlNEpiUVk5c01iUFhLc2pOWVZ2dkhMcGdianNGTWlCRSUyRmpxRDNlbmF4cXRRT3NuZFhpYzUxYWJOeTNpS0NFUUdoVGcyeWhwbU50bTNVN254Nlg4SGclM0QlM0QiIENvcnJlbGF0aW9uQmluZGluZz0iIiBVcmxFbmNvZGU9IkZhbHNlIiBVc2VUb0dyb3VwUmVzdWx0cz0iRmFsc2UiIC8+DQogICAgICAgIDxRdWVyeVN0cmluZ1BhcmFtZXRlciBOYW1lPSJtZXNzYWdlSWQiIFZhbHVlPSJkLUFGQkJGQjFFLUIlMkMwJTdDWSUyQzElN0NaJTJDMCIgUmVjb3JkZWRWYWx1ZT0iZC1BRkJCRkIxRS1CJTJDMCU3Q1klMkMxJTdDWiUyQzAiIENvcnJlbGF0aW9uQmluZGluZz0iIiBVcmxFbmNvZGU9IkZhbHNlIiBVc2VUb0dyb3VwUmVzdWx0cz0iRmFsc2UiIC8+DQogICAgICAgIDxRdWVyeVN0cmluZ1BhcmFtZXRlciBOYW1lPSJyZXF1ZXN0VXJsIiBWYWx1ZT0iaHR0cCUzQSUyRiUyRmxvY2FsaG9zdCUzQTQ2MjMlMkZBcHAiIFJlY29yZGVkVmFsdWU9Imh0dHAlM0ElMkYlMkZsb2NhbGhvc3QlM0E0NjIzJTJGQXBwIiBDb3JyZWxhdGlvbkJpbmRpbmc9IiIgVXJsRW5jb2RlPSJGYWxzZSIgVXNlVG9Hcm91cFJlc3VsdHM9IkZhbHNlIiAvPg0KICAgICAgICA8UXVlcnlTdHJpbmdQYXJhbWV0ZXIgTmFtZT0iYnJvd3Nlck5hbWUiIFZhbHVlPSJJbnRlcm5ldCtFeHBsb3JlciIgUmVjb3JkZWRWYWx1ZT0iSW50ZXJuZXQrRXhwbG9yZXIiIENvcnJlbGF0aW9uQmluZGluZz0iIiBVcmxFbmNvZGU9IkZhbHNlIiBVc2VUb0dyb3VwUmVzdWx0cz0iRmFsc2UiIC8+DQogICAgICAgIDxRdWVyeVN0cmluZ1BhcmFtZXRlciBOYW1lPSJ0aWQiIFZhbHVlPSIxIiBSZWNvcmRlZFZhbHVlPSIxIiBDb3JyZWxhdGlvbkJpbmRpbmc9IiIgVXJsRW5jb2RlPSJGYWxzZSIgVXNlVG9Hcm91cFJlc3VsdHM9IkZhbHNlIiAvPg0KICAgICAgICA8UXVlcnlTdHJpbmdQYXJhbWV0ZXIgTmFtZT0iXyIgVmFsdWU9IjEzOTc2MzA5NzE5NDkiIFJlY29yZGVkVmFsdWU9IjEzOTc2MzA5NzE5NDkiIENvcnJlbGF0aW9uQmluZGluZz0iIiBVcmxFbmNvZGU9IkZhbHNlIiBVc2VUb0dyb3VwUmVzdWx0cz0iRmFsc2UiIC8+DQogICAgICA8L1F1ZXJ5U3RyaW5nUGFyYW1ldGVycz4NCiAgICAgIDxGb3JtUG9zdEh0dHBCb2R5IC8+DQogICAgPC9SZXF1ZXN0Pg0KICAgIDxSZXF1ZXN0IE1ldGhvZD0iUE9TVCIgR3VpZD0iOWFlNGM1ZWUtMjM5Yy00NjdmLTlmODUtOWJhZmU5OTJlODE5IiBWZXJzaW9uPSIxLjEiIFVybD0iaHR0cDovL2xvY2FsaG9zdDoxNzU0OS9hNDY4MDAwODNlMjk0MzlhODVkMjE2ZGJjOTIwM2I5NC9hcnRlcnlTaWduYWxSL3NlbmQiIFRoaW5rVGltZT0iMCIgVGltZW91dD0iMzAwIiBQYXJzZURlcGVuZGVudFJlcXVlc3RzPSJUcnVlIiBGb2xsb3dSZWRpcmVjdHM9IlRydWUiIFJlY29yZFJlc3VsdD0iVHJ1ZSIgQ2FjaGU9IkZhbHNlIiBSZXNwb25zZVRpbWVHb2FsPSIwIiBFbmNvZGluZz0idXRmLTgiIEV4cGVjdGVkSHR0cFN0YXR1c0NvZGU9IjAiIEV4cGVjdGVkUmVzcG9uc2VVcmw9IiIgUmVwb3J0aW5nTmFtZT0iIiBJZ25vcmVIdHRwU3RhdHVzQ29kZT0iRmFsc2UiPg0KICAgICAgPEhlYWRlcnM+DQogICAgICAgIDxIZWFkZXIgTmFtZT0iQWNjZXB0IiBWYWx1ZT0idGV4dC9wbGFpbiwgKi8qOyBxPTAuMDEiIC8+DQogICAgICAgIDxIZWFkZXIgTmFtZT0iUmVmZXJlciIgVmFsdWU9Imh0dHA6Ly9sb2NhbGhvc3Q6NDYyMy9BcHAiIC8+DQogICAgICA8L0hlYWRlcnM+DQogICAgICA8UXVlcnlTdHJpbmdQYXJhbWV0ZXJzPg0KICAgICAgICA8UXVlcnlTdHJpbmdQYXJhbWV0ZXIgTmFtZT0idHJhbnNwb3J0IiBWYWx1ZT0ibG9uZ1BvbGxpbmciIFJlY29yZGVkVmFsdWU9ImxvbmdQb2xsaW5nIiBDb3JyZWxhdGlvbkJpbmRpbmc9IiIgVXJsRW5jb2RlPSJGYWxzZSIgVXNlVG9Hcm91cFJlc3VsdHM9IkZhbHNlIiAvPg0KICAgICAgICA8UXVlcnlTdHJpbmdQYXJhbWV0ZXIgTmFtZT0iY29ubmVjdGlvblRva2VuIiBWYWx1ZT0iQVFBQUFOQ01uZDhCRmRFUmpIb0F3RSUyRkNsJTJCc0JBQUFBejhzRTFQVm9hVW10bDdkVEZ1WVg3QUFBQUFBQ0FBQUFBQUFRWmdBQUFBRUFBQ0FBQUFDbW1jeDE2SXZvQiUyQllwRWE3M211WTBQRlRmRXlyaFdFOWh2b0c4R3NWTHhnQUFBQUFPZ0FBQUFBSUFBQ0FBQUFDOCUyRnNrJTJGaXdkZ1NMZXZRWFRRdTZybDNZWlhZODJHYjUxVER3eXJ3cTJxVkRBQUFBRHJMSndvM2p3aVdBUGJYYlYwUDdvYTlyRHZHV0ZlcHE1Q1hwcmRwa2pUJTJGNVF1ekdOWHByanlPM3dSekg0NmdXOUFBQUFBc2U0SmJRWTlzTWJQWEtzak5ZVnZ2SExwZ2Jqc0ZNaUJFJTJGanFEM2VuYXhxdFFPc25kWGljNTFhYk55M2lLQ0VRR2hUZzJ5aHBtTnRtM1U3bng2WDhIZyUzRCUzRCIgUmVjb3JkZWRWYWx1ZT0iQVFBQUFOQ01uZDhCRmRFUmpIb0F3RSUyRkNsJTJCc0JBQUFBejhzRTFQVm9hVW10bDdkVEZ1WVg3QUFBQUFBQ0FBQUFBQUFRWmdBQUFBRUFBQ0FBQUFDbW1jeDE2SXZvQiUyQllwRWE3M211WTBQRlRmRXlyaFdFOWh2b0c4R3NWTHhnQUFBQUFPZ0FBQUFBSUFBQ0FBQUFDOCUyRnNrJTJGaXdkZ1NMZXZRWFRRdTZybDNZWlhZODJHYjUxVER3eXJ3cTJxVkRBQUFBRHJMSndvM2p3aVdBUGJYYlYwUDdvYTlyRHZHV0ZlcHE1Q1hwcmRwa2pUJTJGNVF1ekdOWHByanlPM3dSekg0NmdXOUFBQUFBc2U0SmJRWTlzTWJQWEtzak5ZVnZ2SExwZ2Jqc0ZNaUJFJTJGanFEM2VuYXhxdFFPc25kWGljNTFhYk55M2lLQ0VRR2hUZzJ5aHBtTnRtM1U3bng2WDhIZyUzRCUzRCIgQ29ycmVsYXRpb25CaW5kaW5nPSIiIFVybEVuY29kZT0iRmFsc2UiIFVzZVRvR3JvdXBSZXN1bHRzPSJGYWxzZSIgLz4NCiAgICAgICAgPFF1ZXJ5U3RyaW5nUGFyYW1ldGVyIE5hbWU9InJlcXVlc3RVcmwiIFZhbHVlPSJodHRwJTNBJTJGJTJGbG9jYWxob3N0JTNBNDYyMyUyRkFwcCIgUmVjb3JkZWRWYWx1ZT0iaHR0cCUzQSUyRiUyRmxvY2FsaG9zdCUzQTQ2MjMlMkZBcHAiIENvcnJlbGF0aW9uQmluZGluZz0iIiBVcmxFbmNvZGU9IkZhbHNlIiBVc2VUb0dyb3VwUmVzdWx0cz0iRmFsc2UiIC8+DQogICAgICAgIDxRdWVyeVN0cmluZ1BhcmFtZXRlciBOYW1lPSJicm93c2VyTmFtZSIgVmFsdWU9IkludGVybmV0K0V4cGxvcmVyIiBSZWNvcmRlZFZhbHVlPSJJbnRlcm5ldCtFeHBsb3JlciIgQ29ycmVsYXRpb25CaW5kaW5nPSIiIFVybEVuY29kZT0iRmFsc2UiIFVzZVRvR3JvdXBSZXN1bHRzPSJGYWxzZSIgLz4NCiAgICAgIDwvUXVlcnlTdHJpbmdQYXJhbWV0ZXJzPg0KICAgICAgPEZvcm1Qb3N0SHR0cEJvZHk+DQogICAgICAgIDxGb3JtUG9zdFBhcmFtZXRlciBOYW1lPSJkYXRhIiBWYWx1ZT0ieyZxdW90O25hbWUmcXVvdDs6JnF1b3Q7bWljcm9zb2Z0LnZpc3VhbHN0dWRpby53ZWIuYnJvd3NlcmxpbmsuaHRtbG1hcHBpbmdleHRlbnNpb25mYWN0b3J5LnJlc29sdmVVcmwmcXVvdDssJnF1b3Q7YXJncyZxdW90OzpbJnF1b3Q7fi9fX2Jyb3dzZXJMaW5rL3JlcXVlc3REYXRhLzYyNzEwYzNmYTNjZTQzMDliMzcyNzE3NjA0NzBjZTFmJnF1b3Q7XSwmcXVvdDtjYWxsYmFja0lkJnF1b3Q7OjJ9IiBSZWNvcmRlZFZhbHVlPSJ7JnF1b3Q7bmFtZSZxdW90OzomcXVvdDttaWNyb3NvZnQudmlzdWFsc3R1ZGlvLndlYi5icm93c2VybGluay5odG1sbWFwcGluZ2V4dGVuc2lvbmZhY3RvcnkucmVzb2x2ZVVybCZxdW90OywmcXVvdDthcmdzJnF1b3Q7OlsmcXVvdDt+L19fYnJvd3NlckxpbmsvcmVxdWVzdERhdGEvNjI3MTBjM2ZhM2NlNDMwOWIzNzI3MTc2MDQ3MGNlMWYmcXVvdDtdLCZxdW90O2NhbGxiYWNrSWQmcXVvdDs6Mn0iIENvcnJlbGF0aW9uQmluZGluZz0iIiBVcmxFbmNvZGU9IlRydWUiIC8+DQogICAgICA8L0Zvcm1Qb3N0SHR0cEJvZHk+DQogICAgPC9SZXF1ZXN0Pg0KICAgIDxSZXF1ZXN0IE1ldGhvZD0iUE9TVCIgR3VpZD0iMGE4NWZjOTgtMTc4Yi00MjcyLTljZWMtMzAyYWFlNDQ5OGVjIiBWZXJzaW9uPSIxLjEiIFVybD0iaHR0cDovL2xvY2FsaG9zdDoxNzU0OS9hNDY4MDAwODNlMjk0MzlhODVkMjE2ZGJjOTIwM2I5NC9hcnRlcnlTaWduYWxSL3BvbGwiIFRoaW5rVGltZT0iMCIgVGltZW91dD0iMzAwIiBQYXJzZURlcGVuZGVudFJlcXVlc3RzPSJUcnVlIiBGb2xsb3dSZWRpcmVjdHM9IlRydWUiIFJlY29yZFJlc3VsdD0iVHJ1ZSIgQ2FjaGU9IkZhbHNlIiBSZXNwb25zZVRpbWVHb2FsPSIwIiBFbmNvZGluZz0idXRmLTgiIEV4cGVjdGVkSHR0cFN0YXR1c0NvZGU9IjAiIEV4cGVjdGVkUmVzcG9uc2VVcmw9IiIgUmVwb3J0aW5nTmFtZT0iIiBJZ25vcmVIdHRwU3RhdHVzQ29kZT0iRmFsc2UiPg0KICAgICAgPEhlYWRlcnM+DQogICAgICAgIDxIZWFkZXIgTmFtZT0iQ29udGVudC1UeXBlIiBWYWx1ZT0iYXBwbGljYXRpb24veC13d3ctZm9ybS11cmxlbmNvZGVkOyBjaGFyc2V0PVVURi04IiAvPg0KICAgICAgICA8SGVhZGVyIE5hbWU9IkFjY2VwdCIgVmFsdWU9InRleHQvcGxhaW4sICovKjsgcT0wLjAxIiAvPg0KICAgICAgICA8SGVhZGVyIE5hbWU9IlJlZmVyZXIiIFZhbHVlPSJodHRwOi8vbG9jYWxob3N0OjQ2MjMvQXBwIiAvPg0KICAgICAgPC9IZWFkZXJzPg0KICAgICAgPFF1ZXJ5U3RyaW5nUGFyYW1ldGVycz4NCiAgICAgICAgPFF1ZXJ5U3RyaW5nUGFyYW1ldGVyIE5hbWU9InRyYW5zcG9ydCIgVmFsdWU9ImxvbmdQb2xsaW5nIiBSZWNvcmRlZFZhbHVlPSJsb25nUG9sbGluZyIgQ29ycmVsYXRpb25CaW5kaW5nPSIiIFVybEVuY29kZT0iRmFsc2UiIFVzZVRvR3JvdXBSZXN1bHRzPSJGYWxzZSIgLz4NCiAgICAgICAgPFF1ZXJ5U3RyaW5nUGFyYW1ldGVyIE5hbWU9ImNvbm5lY3Rpb25Ub2tlbiIgVmFsdWU9IkFRQUFBTkNNbmQ4QkZkRVJqSG9Bd0UlMkZDbCUyQnNCQUFBQXo4c0UxUFZvYVVtdGw3ZFRGdVlYN0FBQUFBQUNBQUFBQUFBUVpnQUFBQUVBQUNBQUFBQ21tY3gxNkl2b0IlMkJZcEVhNzNtdVkwUEZUZkV5cmhXRTlodm9HOEdzVkx4Z0FBQUFBT2dBQUFBQUlBQUNBQUFBQzglMkZzayUyRml3ZGdTTGV2UVhUUXU2cmwzWVpYWTgyR2I1MVREd3lyd3EycVZEQUFBQURyTEp3bzNqd2lXQVBiWGJWMFA3b2E5ckR2R1dGZXBxNUNYcHJkcGtqVCUyRjVRdXpHTlhwcmp5TzN3UnpINDZnVzlBQUFBQXNlNEpiUVk5c01iUFhLc2pOWVZ2dkhMcGdianNGTWlCRSUyRmpxRDNlbmF4cXRRT3NuZFhpYzUxYWJOeTNpS0NFUUdoVGcyeWhwbU50bTNVN254Nlg4SGclM0QlM0QiIFJlY29yZGVkVmFsdWU9IkFRQUFBTkNNbmQ4QkZkRVJqSG9Bd0UlMkZDbCUyQnNCQUFBQXo4c0UxUFZvYVVtdGw3ZFRGdVlYN0FBQUFBQUNBQUFBQUFBUVpnQUFBQUVBQUNBQUFBQ21tY3gxNkl2b0IlMkJZcEVhNzNtdVkwUEZUZkV5cmhXRTlodm9HOEdzVkx4Z0FBQUFBT2dBQUFBQUlBQUNBQUFBQzglMkZzayUyRml3ZGdTTGV2UVhUUXU2cmwzWVpYWTgyR2I1MVREd3lyd3EycVZEQUFBQURyTEp3bzNqd2lXQVBiWGJWMFA3b2E5ckR2R1dGZXBxNUNYcHJkcGtqVCUyRjVRdXpHTlhwcmp5TzN3UnpINDZnVzlBQUFBQXNlNEpiUVk5c01iUFhLc2pOWVZ2dkhMcGdianNGTWlCRSUyRmpxRDNlbmF4cXRRT3NuZFhpYzUxYWJOeTNpS0NFUUdoVGcyeWhwbU50bTNVN254Nlg4SGclM0QlM0QiIENvcnJlbGF0aW9uQmluZGluZz0iIiBVcmxFbmNvZGU9IkZhbHNlIiBVc2VUb0dyb3VwUmVzdWx0cz0iRmFsc2UiIC8+DQogICAgICAgIDxRdWVyeVN0cmluZ1BhcmFtZXRlciBOYW1lPSJtZXNzYWdlSWQiIFZhbHVlPSJkLUFGQkJGQjFFLUIlMkMwJTdDWSUyQzIlN0NaJTJDMCIgUmVjb3JkZWRWYWx1ZT0iZC1BRkJCRkIxRS1CJTJDMCU3Q1klMkMyJTdDWiUyQzAiIENvcnJlbGF0aW9uQmluZGluZz0iIiBVcmxFbmNvZGU9IkZhbHNlIiBVc2VUb0dyb3VwUmVzdWx0cz0iRmFsc2UiIC8+DQogICAgICAgIDxRdWVyeVN0cmluZ1BhcmFtZXRlciBOYW1lPSJyZXF1ZXN0VXJsIiBWYWx1ZT0iaHR0cCUzQSUyRiUyRmxvY2FsaG9zdCUzQTQ2MjMlMkZBcHAiIFJlY29yZGVkVmFsdWU9Imh0dHAlM0ElMkYlMkZsb2NhbGhvc3QlM0E0NjIzJTJGQXBwIiBDb3JyZWxhdGlvbkJpbmRpbmc9IiIgVXJsRW5jb2RlPSJGYWxzZSIgVXNlVG9Hcm91cFJlc3VsdHM9IkZhbHNlIiAvPg0KICAgICAgICA8UXVlcnlTdHJpbmdQYXJhbWV0ZXIgTmFtZT0iYnJvd3Nlck5hbWUiIFZhbHVlPSJJbnRlcm5ldCtFeHBsb3JlciIgUmVjb3JkZWRWYWx1ZT0iSW50ZXJuZXQrRXhwbG9yZXIiIENvcnJlbGF0aW9uQmluZGluZz0iIiBVcmxFbmNvZGU9IkZhbHNlIiBVc2VUb0dyb3VwUmVzdWx0cz0iRmFsc2UiIC8+DQogICAgICAgIDxRdWVyeVN0cmluZ1BhcmFtZXRlciBOYW1lPSJ0aWQiIFZhbHVlPSI1IiBSZWNvcmRlZFZhbHVlPSI1IiBDb3JyZWxhdGlvbkJpbmRpbmc9IiIgVXJsRW5jb2RlPSJGYWxzZSIgVXNlVG9Hcm91cFJlc3VsdHM9IkZhbHNlIiAvPg0KICAgICAgICA8UXVlcnlTdHJpbmdQYXJhbWV0ZXIgTmFtZT0iXyIgVmFsdWU9IjEzOTc2MzA5NzIyODYiIFJlY29yZGVkVmFsdWU9IjEzOTc2MzA5NzIyODYiIENvcnJlbGF0aW9uQmluZGluZz0iIiBVcmxFbmNvZGU9IkZhbHNlIiBVc2VUb0dyb3VwUmVzdWx0cz0iRmFsc2UiIC8+DQogICAgICA8L1F1ZXJ5U3RyaW5nUGFyYW1ldGVycz4NCiAgICAgIDxGb3JtUG9zdEh0dHBCb2R5IC8+DQogICAgPC9SZXF1ZXN0Pg0KICAgIDxSZXF1ZXN0IE1ldGhvZD0iR0VUIiBHdWlkPSI1Zjk5NmIzOC01NjQ3LTRhZDItOGJjNS0yNjI2OWQ2NDQzOGQiIFZlcnNpb249IjEuMSIgVXJsPSJodHRwOi8vbG9jYWxob3N0OjQ2MjMvX19icm93c2VyTGluay9yZXF1ZXN0RGF0YS82MjcxMGMzZmEzY2U0MzA5YjM3MjcxNzYwNDcwY2UxZiIgVGhpbmtUaW1lPSIwIiBUaW1lb3V0PSIzMDAiIFBhcnNlRGVwZW5kZW50UmVxdWVzdHM9IlRydWUiIEZvbGxvd1JlZGlyZWN0cz0iVHJ1ZSIgUmVjb3JkUmVzdWx0PSJUcnVlIiBDYWNoZT0iRmFsc2UiIFJlc3BvbnNlVGltZUdvYWw9IjAiIEVuY29kaW5nPSJ1dGYtOCIgRXhwZWN0ZWRIdHRwU3RhdHVzQ29kZT0iMCIgRXhwZWN0ZWRSZXNwb25zZVVybD0iIiBSZXBvcnRpbmdOYW1lPSIiIElnbm9yZUh0dHBTdGF0dXNDb2RlPSJGYWxzZSI+DQogICAgICA8SGVhZGVycz4NCiAgICAgICAgPEhlYWRlciBOYW1lPSJBY2NlcHQiIFZhbHVlPSJhcHBsaWNhdGlvbi9qc29uLCB0ZXh0L2phdmFzY3JpcHQsICovKjsgcT0wLjAxIiAvPg0KICAgICAgICA8SGVhZGVyIE5hbWU9IlgtUmVxdWVzdGVkLVdpdGgiIFZhbHVlPSJYTUxIdHRwUmVxdWVzdCIgLz4NCiAgICAgICAgPEhlYWRlciBOYW1lPSJSZWZlcmVyIiBWYWx1ZT0iaHR0cDovL2xvY2FsaG9zdDo0NjIzL0FwcCIgLz4NCiAgICAgIDwvSGVhZGVycz4NCiAgICA8L1JlcXVlc3Q+DQogICAgPFJlcXVlc3QgTWV0aG9kPSJQT1NUIiBHdWlkPSI3YzMyNWUzOS0xMmE4LTRkZWItODA4Ni03ZWM0ZTFjZmFhYzUiIFZlcnNpb249IjEuMSIgVXJsPSJodHRwOi8vbG9jYWxob3N0OjE3NTQ5L2E0NjgwMDA4M2UyOTQzOWE4NWQyMTZkYmM5MjAzYjk0L2FydGVyeVNpZ25hbFIvcG9sbCIgVGhpbmtUaW1lPSIwIiBUaW1lb3V0PSIzMDAiIFBhcnNlRGVwZW5kZW50UmVxdWVzdHM9IlRydWUiIEZvbGxvd1JlZGlyZWN0cz0iVHJ1ZSIgUmVjb3JkUmVzdWx0PSJUcnVlIiBDYWNoZT0iRmFsc2UiIFJlc3BvbnNlVGltZUdvYWw9IjAiIEVuY29kaW5nPSJ1dGYtOCIgRXhwZWN0ZWRIdHRwU3RhdHVzQ29kZT0iMCIgRXhwZWN0ZWRSZXNwb25zZVVybD0iIiBSZXBvcnRpbmdOYW1lPSIiIElnbm9yZUh0dHBTdGF0dXNDb2RlPSJGYWxzZSI+DQogICAgICA8SGVhZGVycz4NCiAgICAgICAgPEhlYWRlciBOYW1lPSJDb250ZW50LVR5cGUiIFZhbHVlPSJhcHBsaWNhdGlvbi94LXd3dy1mb3JtLXVybGVuY29kZWQ7IGNoYXJzZXQ9VVRGLTgiIC8+DQogICAgICAgIDxIZWFkZXIgTmFtZT0iQWNjZXB0IiBWYWx1ZT0idGV4dC9wbGFpbiwgKi8qOyBxPTAuMDEiIC8+DQogICAgICAgIDxIZWFkZXIgTmFtZT0iUmVmZXJlciIgVmFsdWU9Imh0dHA6Ly9sb2NhbGhvc3Q6NDYyMy9BcHAiIC8+DQogICAgICA8L0hlYWRlcnM+DQogICAgICA8UXVlcnlTdHJpbmdQYXJhbWV0ZXJzPg0KICAgICAgICA8UXVlcnlTdHJpbmdQYXJhbWV0ZXIgTmFtZT0idHJhbnNwb3J0IiBWYWx1ZT0ibG9uZ1BvbGxpbmciIFJlY29yZGVkVmFsdWU9ImxvbmdQb2xsaW5nIiBDb3JyZWxhdGlvbkJpbmRpbmc9IiIgVXJsRW5jb2RlPSJGYWxzZSIgVXNlVG9Hcm91cFJlc3VsdHM9IkZhbHNlIiAvPg0KICAgICAgICA8UXVlcnlTdHJpbmdQYXJhbWV0ZXIgTmFtZT0iY29ubmVjdGlvblRva2VuIiBWYWx1ZT0iQVFBQUFOQ01uZDhCRmRFUmpIb0F3RSUyRkNsJTJCc0JBQUFBejhzRTFQVm9hVW10bDdkVEZ1WVg3QUFBQUFBQ0FBQUFBQUFRWmdBQUFBRUFBQ0FBQUFDbW1jeDE2SXZvQiUyQllwRWE3M211WTBQRlRmRXlyaFdFOWh2b0c4R3NWTHhnQUFBQUFPZ0FBQUFBSUFBQ0FBQUFDOCUyRnNrJTJGaXdkZ1NMZXZRWFRRdTZybDNZWlhZODJHYjUxVER3eXJ3cTJxVkRBQUFBRHJMSndvM2p3aVdBUGJYYlYwUDdvYTlyRHZHV0ZlcHE1Q1hwcmRwa2pUJTJGNVF1ekdOWHByanlPM3dSekg0NmdXOUFBQUFBc2U0SmJRWTlzTWJQWEtzak5ZVnZ2SExwZ2Jqc0ZNaUJFJTJGanFEM2VuYXhxdFFPc25kWGljNTFhYk55M2lLQ0VRR2hUZzJ5aHBtTnRtM1U3bng2WDhIZyUzRCUzRCIgUmVjb3JkZWRWYWx1ZT0iQVFBQUFOQ01uZDhCRmRFUmpIb0F3RSUyRkNsJTJCc0JBQUFBejhzRTFQVm9hVW10bDdkVEZ1WVg3QUFBQUFBQ0FBQUFBQUFRWmdBQUFBRUFBQ0FBQUFDbW1jeDE2SXZvQiUyQllwRWE3M211WTBQRlRmRXlyaFdFOWh2b0c4R3NWTHhnQUFBQUFPZ0FBQUFBSUFBQ0FBQUFDOCUyRnNrJTJGaXdkZ1NMZXZRWFRRdTZybDNZWlhZODJHYjUxVER3eXJ3cTJxVkRBQUFBRHJMSndvM2p3aVdBUGJYYlYwUDdvYTlyRHZHV0ZlcHE1Q1hwcmRwa2pUJTJGNVF1ekdOWHByanlPM3dSekg0NmdXOUFBQUFBc2U0SmJRWTlzTWJQWEtzak5ZVnZ2SExwZ2Jqc0ZNaUJFJTJGanFEM2VuYXhxdFFPc25kWGljNTFhYk55M2lLQ0VRR2hUZzJ5aHBtTnRtM1U3bng2WDhIZyUzRCUzRCIgQ29ycmVsYXRpb25CaW5kaW5nPSIiIFVybEVuY29kZT0iRmFsc2UiIFVzZVRvR3JvdXBSZXN1bHRzPSJGYWxzZSIgLz4NCiAgICAgICAgPFF1ZXJ5U3RyaW5nUGFyYW1ldGVyIE5hbWU9Im1lc3NhZ2VJZCIgVmFsdWU9ImQtQUZCQkZCMUUtQiUyQzAlN0NZJTJDMyU3Q1olMkMwIiBSZWNvcmRlZFZhbHVlPSJkLUFGQkJGQjFFLUIlMkMwJTdDWSUyQzMlN0NaJTJDMCIgQ29ycmVsYXRpb25CaW5kaW5nPSIiIFVybEVuY29kZT0iRmFsc2UiIFVzZVRvR3JvdXBSZXN1bHRzPSJGYWxzZSIgLz4NCiAgICAgICAgPFF1ZXJ5U3RyaW5nUGFyYW1ldGVyIE5hbWU9InJlcXVlc3RVcmwiIFZhbHVlPSJodHRwJTNBJTJGJTJGbG9jYWxob3N0JTNBNDYyMyUyRkFwcCIgUmVjb3JkZWRWYWx1ZT0iaHR0cCUzQSUyRiUyRmxvY2FsaG9zdCUzQTQ2MjMlMkZBcHAiIENvcnJlbGF0aW9uQmluZGluZz0iIiBVcmxFbmNvZGU9IkZhbHNlIiBVc2VUb0dyb3VwUmVzdWx0cz0iRmFsc2UiIC8+DQogICAgICAgIDxRdWVyeVN0cmluZ1BhcmFtZXRlciBOYW1lPSJicm93c2VyTmFtZSIgVmFsdWU9IkludGVybmV0K0V4cGxvcmVyIiBSZWNvcmRlZFZhbHVlPSJJbnRlcm5ldCtFeHBsb3JlciIgQ29ycmVsYXRpb25CaW5kaW5nPSIiIFVybEVuY29kZT0iRmFsc2UiIFVzZVRvR3JvdXBSZXN1bHRzPSJGYWxzZSIgLz4NCiAgICAgICAgPFF1ZXJ5U3RyaW5nUGFyYW1ldGVyIE5hbWU9InRpZCIgVmFsdWU9IjQiIFJlY29yZGVkVmFsdWU9IjQiIENvcnJlbGF0aW9uQmluZGluZz0iIiBVcmxFbmNvZGU9IkZhbHNlIiBVc2VUb0dyb3VwUmVzdWx0cz0iRmFsc2UiIC8+DQogICAgICAgIDxRdWVyeVN0cmluZ1BhcmFtZXRlciBOYW1lPSJfIiBWYWx1ZT0iMTM5NzYzMDk3MjQ0MCIgUmVjb3JkZWRWYWx1ZT0iMTM5NzYzMDk3MjQ0MCIgQ29ycmVsYXRpb25CaW5kaW5nPSIiIFVybEVuY29kZT0iRmFsc2UiIFVzZVRvR3JvdXBSZXN1bHRzPSJGYWxzZSIgLz4NCiAgICAgIDwvUXVlcnlTdHJpbmdQYXJhbWV0ZXJzPg0KICAgICAgPEZvcm1Qb3N0SHR0cEJvZHkgLz4NCiAgICA8L1JlcXVlc3Q+DQogICAgPFJlcXVlc3QgTWV0aG9kPSJQT1NUIiBHdWlkPSI0MWNiNTViNi05ZDkzLTRhZjYtYTBiYi1jNWY0ZmY1MWYyMDUiIFZlcnNpb249IjEuMSIgVXJsPSJodHRwOi8vbG9jYWxob3N0OjE3NTQ5L2E0NjgwMDA4M2UyOTQzOWE4NWQyMTZkYmM5MjAzYjk0L2FydGVyeVNpZ25hbFIvc2VuZCIgVGhpbmtUaW1lPSIxIiBUaW1lb3V0PSIzMDAiIFBhcnNlRGVwZW5kZW50UmVxdWVzdHM9IlRydWUiIEZvbGxvd1JlZGlyZWN0cz0iVHJ1ZSIgUmVjb3JkUmVzdWx0PSJUcnVlIiBDYWNoZT0iRmFsc2UiIFJlc3BvbnNlVGltZUdvYWw9IjAiIEVuY29kaW5nPSJ1dGYtOCIgRXhwZWN0ZWRIdHRwU3RhdHVzQ29kZT0iMCIgRXhwZWN0ZWRSZXNwb25zZVVybD0iIiBSZXBvcnRpbmdOYW1lPSIiIElnbm9yZUh0dHBTdGF0dXNDb2RlPSJGYWxzZSI+DQogICAgICA8SGVhZGVycz4NCiAgICAgICAgPEhlYWRlciBOYW1lPSJBY2NlcHQiIFZhbHVlPSJ0ZXh0L3BsYWluLCAqLyo7IHE9MC4wMSIgLz4NCiAgICAgICAgPEhlYWRlciBOYW1lPSJSZWZlcmVyIiBWYWx1ZT0iaHR0cDovL2xvY2FsaG9zdDo0NjIzL0FwcCIgLz4NCiAgICAgIDwvSGVhZGVycz4NCiAgICAgIDxRdWVyeVN0cmluZ1BhcmFtZXRlcnM+DQogICAgICAgIDxRdWVyeVN0cmluZ1BhcmFtZXRlciBOYW1lPSJ0cmFuc3BvcnQiIFZhbHVlPSJsb25nUG9sbGluZyIgUmVjb3JkZWRWYWx1ZT0ibG9uZ1BvbGxpbmciIENvcnJlbGF0aW9uQmluZGluZz0iIiBVcmxFbmNvZGU9IkZhbHNlIiBVc2VUb0dyb3VwUmVzdWx0cz0iRmFsc2UiIC8+DQogICAgICAgIDxRdWVyeVN0cmluZ1BhcmFtZXRlciBOYW1lPSJjb25uZWN0aW9uVG9rZW4iIFZhbHVlPSJBUUFBQU5DTW5kOEJGZEVSakhvQXdFJTJGQ2wlMkJzQkFBQUF6OHNFMVBWb2FVbXRsN2RURnVZWDdBQUFBQUFDQUFBQUFBQVFaZ0FBQUFFQUFDQUFBQUNtbWN4MTZJdm9CJTJCWXBFYTczbXVZMFBGVGZFeXJoV0U5aHZvRzhHc1ZMeGdBQUFBQU9nQUFBQUFJQUFDQUFBQUM4JTJGc2slMkZpd2RnU0xldlFYVFF1NnJsM1laWFk4MkdiNTFURHd5cndxMnFWREFBQUFEckxKd28zandpV0FQYlhiVjBQN29hOXJEdkdXRmVwcTVDWHByZHBralQlMkY1UXV6R05YcHJqeU8zd1J6SDQ2Z1c5QUFBQUFzZTRKYlFZOXNNYlBYS3NqTllWdnZITHBnYmpzRk1pQkUlMkZqcUQzZW5heHF0UU9zbmRYaWM1MWFiTnkzaUtDRVFHaFRnMnlocG1OdG0zVTdueDZYOEhnJTNEJTNEIiBSZWNvcmRlZFZhbHVlPSJBUUFBQU5DTW5kOEJGZEVSakhvQXdFJTJGQ2wlMkJzQkFBQUF6OHNFMVBWb2FVbXRsN2RURnVZWDdBQUFBQUFDQUFBQUFBQVFaZ0FBQUFFQUFDQUFBQUNtbWN4MTZJdm9CJTJCWXBFYTczbXVZMFBGVGZFeXJoV0U5aHZvRzhHc1ZMeGdBQUFBQU9nQUFBQUFJQUFDQUFBQUM4JTJGc2slMkZpd2RnU0xldlFYVFF1NnJsM1laWFk4MkdiNTFURHd5cndxMnFWREFBQUFEckxKd28zandpV0FQYlhiVjBQN29hOXJEdkdXRmVwcTVDWHByZHBralQlMkY1UXV6R05YcHJqeU8zd1J6SDQ2Z1c5QUFBQUFzZTRKYlFZOXNNYlBYS3NqTllWdnZITHBnYmpzRk1pQkUlMkZqcUQzZW5heHF0UU9zbmRYaWM1MWFiTnkzaUtDRVFHaFRnMnlocG1OdG0zVTdueDZYOEhnJTNEJTNEIiBDb3JyZWxhdGlvbkJpbmRpbmc9IiIgVXJsRW5jb2RlPSJGYWxzZSIgVXNlVG9Hcm91cFJlc3VsdHM9IkZhbHNlIiAvPg0KICAgICAgICA8UXVlcnlTdHJpbmdQYXJhbWV0ZXIgTmFtZT0icmVxdWVzdFVybCIgVmFsdWU9Imh0dHAlM0ElMkYlMkZsb2NhbGhvc3QlM0E0NjIzJTJGQXBwIiBSZWNvcmRlZFZhbHVlPSJodHRwJTNBJTJGJTJGbG9jYWxob3N0JTNBNDYyMyUyRkFwcCIgQ29ycmVsYXRpb25CaW5kaW5nPSIiIFVybEVuY29kZT0iRmFsc2UiIFVzZVRvR3JvdXBSZXN1bHRzPSJGYWxzZSIgLz4NCiAgICAgICAgPFF1ZXJ5U3RyaW5nUGFyYW1ldGVyIE5hbWU9ImJyb3dzZXJOYW1lIiBWYWx1ZT0iSW50ZXJuZXQrRXhwbG9yZXIiIFJlY29yZGVkVmFsdWU9IkludGVybmV0K0V4cGxvcmVyIiBDb3JyZWxhdGlvbkJpbmRpbmc9IiIgVXJsRW5jb2RlPSJGYWxzZSIgVXNlVG9Hcm91cFJlc3VsdHM9IkZhbHNlIiAvPg0KICAgICAgPC9RdWVyeVN0cmluZ1BhcmFtZXRlcnM+DQogICAgICA8Rm9ybVBvc3RIdHRwQm9keT4NCiAgICAgICAgPEZvcm1Qb3N0UGFyYW1ldGVyIE5hbWU9ImRhdGEiIFZhbHVlPSJ7JnF1b3Q7bmFtZSZxdW90OzomcXVvdDttaWNyb3NvZnQudmlzdWFsc3R1ZGlvLndlYi5icm93c2VybGluay5odG1sbWFwcGluZ2V4dGVuc2lvbmZhY3RvcnkucmVzb2x2ZVNvdXJjZUZpbGVQYXRocyZxdW90OywmcXVvdDthcmdzJnF1b3Q7OltbJnF1b3Q7fi9WaWV3cy9BcHAvSW5kZXguY3NodG1sJnF1b3Q7XV0sJnF1b3Q7Y2FsbGJhY2tJZCZxdW90OzozfSIgUmVjb3JkZWRWYWx1ZT0ieyZxdW90O25hbWUmcXVvdDs6JnF1b3Q7bWljcm9zb2Z0LnZpc3VhbHN0dWRpby53ZWIuYnJvd3NlcmxpbmsuaHRtbG1hcHBpbmdleHRlbnNpb25mYWN0b3J5LnJlc29sdmVTb3VyY2VGaWxlUGF0aHMmcXVvdDssJnF1b3Q7YXJncyZxdW90OzpbWyZxdW90O34vVmlld3MvQXBwL0luZGV4LmNzaHRtbCZxdW90O11dLCZxdW90O2NhbGxiYWNrSWQmcXVvdDs6M30iIENvcnJlbGF0aW9uQmluZGluZz0iIiBVcmxFbmNvZGU9IlRydWUiIC8+DQogICAgICA8L0Zvcm1Qb3N0SHR0cEJvZHk+DQogICAgPC9SZXF1ZXN0Pg0KICAgIDxSZXF1ZXN0IE1ldGhvZD0iR0VUIiBHdWlkPSIzZmI2MTQ1Yi01NWJhLTQ1ZTktYjdiNi02YzI3MDliMzdlYTgiIFZlcnNpb249IjEuMSIgVXJsPSJodHRwOi8vbG9jYWxob3N0OjQ2MjMvQXBwL0NyZWF0ZSIgVGhpbmtUaW1lPSIwIiBUaW1lb3V0PSIzMDAiIFBhcnNlRGVwZW5kZW50UmVxdWVzdHM9IlRydWUiIEZvbGxvd1JlZGlyZWN0cz0iVHJ1ZSIgUmVjb3JkUmVzdWx0PSJUcnVlIiBDYWNoZT0iRmFsc2UiIFJlc3BvbnNlVGltZUdvYWw9IjAiIEVuY29kaW5nPSJ1dGYtOCIgRXhwZWN0ZWRIdHRwU3RhdHVzQ29kZT0iMCIgRXhwZWN0ZWRSZXNwb25zZVVybD0iIiBSZXBvcnRpbmdOYW1lPSIiIElnbm9yZUh0dHBTdGF0dXNDb2RlPSJGYWxzZSI+DQogICAgICA8SGVhZGVycz4NCiAgICAgICAgPEhlYWRlciBOYW1lPSJSZWZlcmVyIiBWYWx1ZT0iaHR0cDovL2xvY2FsaG9zdDo0NjIzL0FwcCIgLz4NCiAgICAgIDwvSGVhZGVycz4NCiAgICA8L1JlcXVlc3Q+DQogICAgPFJlcXVlc3QgTWV0aG9kPSJQT1NUIiBHdWlkPSI3MTZhYmI3Yi1hNzA0LTQ5NzMtYjQzOS05Y2YzMmVmMDY3YmEiIFZlcnNpb249IjEuMSIgVXJsPSJodHRwOi8vbG9jYWxob3N0OjE3NTQ5L2E0NjgwMDA4M2UyOTQzOWE4NWQyMTZkYmM5MjAzYjk0L2FydGVyeVNpZ25hbFIvYWJvcnQiIFRoaW5rVGltZT0iMCIgVGltZW91dD0iMzAwIiBQYXJzZURlcGVuZGVudFJlcXVlc3RzPSJUcnVlIiBGb2xsb3dSZWRpcmVjdHM9IlRydWUiIFJlY29yZFJlc3VsdD0iVHJ1ZSIgQ2FjaGU9IkZhbHNlIiBSZXNwb25zZVRpbWVHb2FsPSIwIiBFbmNvZGluZz0idXRmLTgiIEV4cGVjdGVkSHR0cFN0YXR1c0NvZGU9IjAiIEV4cGVjdGVkUmVzcG9uc2VVcmw9IiIgUmVwb3J0aW5nTmFtZT0iIiBJZ25vcmVIdHRwU3RhdHVzQ29kZT0iRmFsc2UiPg0KICAgICAgPEhlYWRlcnM+DQogICAgICAgIDxIZWFkZXIgTmFtZT0iQWNjZXB0IiBWYWx1ZT0idGV4dC9wbGFpbiwgKi8qOyBxPTAuMDEiIC8+DQogICAgICAgIDxIZWFkZXIgTmFtZT0iUmVmZXJlciIgVmFsdWU9Imh0dHA6Ly9sb2NhbGhvc3Q6NDYyMy9BcHAiIC8+DQogICAgICA8L0hlYWRlcnM+DQogICAgICA8UXVlcnlTdHJpbmdQYXJhbWV0ZXJzPg0KICAgICAgICA8UXVlcnlTdHJpbmdQYXJhbWV0ZXIgTmFtZT0idHJhbnNwb3J0IiBWYWx1ZT0ibG9uZ1BvbGxpbmciIFJlY29yZGVkVmFsdWU9ImxvbmdQb2xsaW5nIiBDb3JyZWxhdGlvbkJpbmRpbmc9IiIgVXJsRW5jb2RlPSJGYWxzZSIgVXNlVG9Hcm91cFJlc3VsdHM9IkZhbHNlIiAvPg0KICAgICAgICA8UXVlcnlTdHJpbmdQYXJhbWV0ZXIgTmFtZT0iY29ubmVjdGlvblRva2VuIiBWYWx1ZT0iQVFBQUFOQ01uZDhCRmRFUmpIb0F3RSUyRkNsJTJCc0JBQUFBejhzRTFQVm9hVW10bDdkVEZ1WVg3QUFBQUFBQ0FBQUFBQUFRWmdBQUFBRUFBQ0FBQUFDbW1jeDE2SXZvQiUyQllwRWE3M211WTBQRlRmRXlyaFdFOWh2b0c4R3NWTHhnQUFBQUFPZ0FBQUFBSUFBQ0FBQUFDOCUyRnNrJTJGaXdkZ1NMZXZRWFRRdTZybDNZWlhZODJHYjUxVER3eXJ3cTJxVkRBQUFBRHJMSndvM2p3aVdBUGJYYlYwUDdvYTlyRHZHV0ZlcHE1Q1hwcmRwa2pUJTJGNVF1ekdOWHByanlPM3dSekg0NmdXOUFBQUFBc2U0SmJRWTlzTWJQWEtzak5ZVnZ2SExwZ2Jqc0ZNaUJFJTJGanFEM2VuYXhxdFFPc25kWGljNTFhYk55M2lLQ0VRR2hUZzJ5aHBtTnRtM1U3bng2WDhIZyUzRCUzRCIgUmVjb3JkZWRWYWx1ZT0iQVFBQUFOQ01uZDhCRmRFUmpIb0F3RSUyRkNsJTJCc0JBQUFBejhzRTFQVm9hVW10bDdkVEZ1WVg3QUFBQUFBQ0FBQUFBQUFRWmdBQUFBRUFBQ0FBQUFDbW1jeDE2SXZvQiUyQllwRWE3M211WTBQRlRmRXlyaFdFOWh2b0c4R3NWTHhnQUFBQUFPZ0FBQUFBSUFBQ0FBQUFDOCUyRnNrJTJGaXdkZ1NMZXZRWFRRdTZybDNZWlhZODJHYjUxVER3eXJ3cTJxVkRBQUFBRHJMSndvM2p3aVdBUGJYYlYwUDdvYTlyRHZHV0ZlcHE1Q1hwcmRwa2pUJTJGNVF1ekdOWHByanlPM3dSekg0NmdXOUFBQUFBc2U0SmJRWTlzTWJQWEtzak5ZVnZ2SExwZ2Jqc0ZNaUJFJTJGanFEM2VuYXhxdFFPc25kWGljNTFhYk55M2lLQ0VRR2hUZzJ5aHBtTnRtM1U3bng2WDhIZyUzRCUzRCIgQ29ycmVsYXRpb25CaW5kaW5nPSIiIFVybEVuY29kZT0iRmFsc2UiIFVzZVRvR3JvdXBSZXN1bHRzPSJGYWxzZSIgLz4NCiAgICAgICAgPFF1ZXJ5U3RyaW5nUGFyYW1ldGVyIE5hbWU9InJlcXVlc3RVcmwiIFZhbHVlPSJodHRwJTNBJTJGJTJGbG9jYWxob3N0JTNBNDYyMyUyRkFwcCIgUmVjb3JkZWRWYWx1ZT0iaHR0cCUzQSUyRiUyRmxvY2FsaG9zdCUzQTQ2MjMlMkZBcHAiIENvcnJlbGF0aW9uQmluZGluZz0iIiBVcmxFbmNvZGU9IkZhbHNlIiBVc2VUb0dyb3VwUmVzdWx0cz0iRmFsc2UiIC8+DQogICAgICAgIDxRdWVyeVN0cmluZ1BhcmFtZXRlciBOYW1lPSJicm93c2VyTmFtZSIgVmFsdWU9IkludGVybmV0K0V4cGxvcmVyIiBSZWNvcmRlZFZhbHVlPSJJbnRlcm5ldCtFeHBsb3JlciIgQ29ycmVsYXRpb25CaW5kaW5nPSIiIFVybEVuY29kZT0iRmFsc2UiIFVzZVRvR3JvdXBSZXN1bHRzPSJGYWxzZSIgLz4NCiAgICAgIDwvUXVlcnlTdHJpbmdQYXJhbWV0ZXJzPg0KICAgICAgPEZvcm1Qb3N0SHR0cEJvZHkgLz4NCiAgICA8L1JlcXVlc3Q+DQogICAgPFJlcXVlc3QgTWV0aG9kPSJQT1NUIiBHdWlkPSI3NmYxMzI4OS1kODNlLTQ3YTItYjAxZC1iZjI2NmUyYTg3NzQiIFZlcnNpb249IjEuMSIgVXJsPSJodHRwOi8vbG9jYWxob3N0OjE3NTQ5L2E0NjgwMDA4M2UyOTQzOWE4NWQyMTZkYmM5MjAzYjk0L2FydGVyeVNpZ25hbFIvbmVnb3RpYXRlIiBUaGlua1RpbWU9IjAiIFRpbWVvdXQ9IjMwMCIgUGFyc2VEZXBlbmRlbnRSZXF1ZXN0cz0iVHJ1ZSIgRm9sbG93UmVkaXJlY3RzPSJUcnVlIiBSZWNvcmRSZXN1bHQ9IlRydWUiIENhY2hlPSJGYWxzZSIgUmVzcG9uc2VUaW1lR29hbD0iMCIgRW5jb2Rpbmc9InV0Zi04IiBFeHBlY3RlZEh0dHBTdGF0dXNDb2RlPSIwIiBFeHBlY3RlZFJlc3BvbnNlVXJsPSIiIFJlcG9ydGluZ05hbWU9IiIgSWdub3JlSHR0cFN0YXR1c0NvZGU9IkZhbHNlIj4NCiAgICAgIDxIZWFkZXJzPg0KICAgICAgICA8SGVhZGVyIE5hbWU9IkNvbnRlbnQtVHlwZSIgVmFsdWU9ImFwcGxpY2F0aW9uL3gtd3d3LWZvcm0tdXJsZW5jb2RlZDsgY2hhcnNldD1VVEYtOCIgLz4NCiAgICAgICAgPEhlYWRlciBOYW1lPSJBY2NlcHQiIFZhbHVlPSJ0ZXh0L3BsYWluLCAqLyo7IHE9MC4wMSIgLz4NCiAgICAgICAgPEhlYWRlciBOYW1lPSJSZWZlcmVyIiBWYWx1ZT0iaHR0cDovL2xvY2FsaG9zdDo0NjIzL0FwcC9DcmVhdGUiIC8+DQogICAgICA8L0hlYWRlcnM+DQogICAgICA8UXVlcnlTdHJpbmdQYXJhbWV0ZXJzPg0KICAgICAgICA8UXVlcnlTdHJpbmdQYXJhbWV0ZXIgTmFtZT0icmVxdWVzdFVybCIgVmFsdWU9Imh0dHAlM0ElMkYlMkZsb2NhbGhvc3QlM0E0NjIzJTJGQXBwJTJGQ3JlYXRlIiBSZWNvcmRlZFZhbHVlPSJodHRwJTNBJTJGJTJGbG9jYWxob3N0JTNBNDYyMyUyRkFwcCUyRkNyZWF0ZSIgQ29ycmVsYXRpb25CaW5kaW5nPSIiIFVybEVuY29kZT0iRmFsc2UiIFVzZVRvR3JvdXBSZXN1bHRzPSJGYWxzZSIgLz4NCiAgICAgICAgPFF1ZXJ5U3RyaW5nUGFyYW1ldGVyIE5hbWU9ImJyb3dzZXJOYW1lIiBWYWx1ZT0iSW50ZXJuZXQrRXhwbG9yZXIiIFJlY29yZGVkVmFsdWU9IkludGVybmV0K0V4cGxvcmVyIiBDb3JyZWxhdGlvbkJpbmRpbmc9IiIgVXJsRW5jb2RlPSJGYWxzZSIgVXNlVG9Hcm91cFJlc3VsdHM9IkZhbHNlIiAvPg0KICAgICAgICA8UXVlcnlTdHJpbmdQYXJhbWV0ZXIgTmFtZT0iY2xpZW50UHJvdG9jb2wiIFZhbHVlPSIxLjMiIFJlY29yZGVkVmFsdWU9IjEuMyIgQ29ycmVsYXRpb25CaW5kaW5nPSIiIFVybEVuY29kZT0iRmFsc2UiIFVzZVRvR3JvdXBSZXN1bHRzPSJGYWxzZSIgLz4NCiAgICAgICAgPFF1ZXJ5U3RyaW5nUGFyYW1ldGVyIE5hbWU9Il8iIFZhbHVlPSIxMzk3NjMwOTczOTczIiBSZWNvcmRlZFZhbHVlPSIxMzk3NjMwOTczOTczIiBDb3JyZWxhdGlvbkJpbmRpbmc9IiIgVXJsRW5jb2RlPSJGYWxzZSIgVXNlVG9Hcm91cFJlc3VsdHM9IkZhbHNlIiAvPg0KICAgICAgPC9RdWVyeVN0cmluZ1BhcmFtZXRlcnM+DQogICAgICA8Rm9ybVBvc3RIdHRwQm9keSAvPg0KICAgIDwvUmVxdWVzdD4NCiAgICA8UmVxdWVzdCBNZXRob2Q9IlBPU1QiIEd1aWQ9ImFkNTUyYTM3LTkxZmEtNDhkYS1iZDMzLWEyMTk4NGQ2OTE5OCIgVmVyc2lvbj0iMS4xIiBVcmw9Imh0dHA6Ly9sb2NhbGhvc3Q6MTc1NDkvYTQ2ODAwMDgzZTI5NDM5YTg1ZDIxNmRiYzkyMDNiOTQvYXJ0ZXJ5U2lnbmFsUi9jb25uZWN0IiBUaGlua1RpbWU9IjAiIFRpbWVvdXQ9IjMwMCIgUGFyc2VEZXBlbmRlbnRSZXF1ZXN0cz0iVHJ1ZSIgRm9sbG93UmVkaXJlY3RzPSJUcnVlIiBSZWNvcmRSZXN1bHQ9IlRydWUiIENhY2hlPSJGYWxzZSIgUmVzcG9uc2VUaW1lR29hbD0iMCIgRW5jb2Rpbmc9InV0Zi04IiBFeHBlY3RlZEh0dHBTdGF0dXNDb2RlPSIwIiBFeHBlY3RlZFJlc3BvbnNlVXJsPSIiIFJlcG9ydGluZ05hbWU9IiIgSWdub3JlSHR0cFN0YXR1c0NvZGU9IkZhbHNlIj4NCiAgICAgIDxIZWFkZXJzPg0KICAgICAgICA8SGVhZGVyIE5hbWU9IkNvbnRlbnQtVHlwZSIgVmFsdWU9ImFwcGxpY2F0aW9uL3gtd3d3LWZvcm0tdXJsZW5jb2RlZDsgY2hhcnNldD1VVEYtOCIgLz4NCiAgICAgICAgPEhlYWRlciBOYW1lPSJBY2NlcHQiIFZhbHVlPSJ0ZXh0L3BsYWluLCAqLyo7IHE9MC4wMSIgLz4NCiAgICAgICAgPEhlYWRlciBOYW1lPSJSZWZlcmVyIiBWYWx1ZT0iaHR0cDovL2xvY2FsaG9zdDo0NjIzL0FwcC9DcmVhdGUiIC8+DQogICAgICA8L0hlYWRlcnM+DQogICAgICA8UXVlcnlTdHJpbmdQYXJhbWV0ZXJzPg0KICAgICAgICA8UXVlcnlTdHJpbmdQYXJhbWV0ZXIgTmFtZT0idHJhbnNwb3J0IiBWYWx1ZT0ibG9uZ1BvbGxpbmciIFJlY29yZGVkVmFsdWU9ImxvbmdQb2xsaW5nIiBDb3JyZWxhdGlvbkJpbmRpbmc9IiIgVXJsRW5jb2RlPSJGYWxzZSIgVXNlVG9Hcm91cFJlc3VsdHM9IkZhbHNlIiAvPg0KICAgICAgICA8UXVlcnlTdHJpbmdQYXJhbWV0ZXIgTmFtZT0iY29ubmVjdGlvblRva2VuIiBWYWx1ZT0iQVFBQUFOQ01uZDhCRmRFUmpIb0F3RSUyRkNsJTJCc0JBQUFBejhzRTFQVm9hVW10bDdkVEZ1WVg3QUFBQUFBQ0FBQUFBQUFRWmdBQUFBRUFBQ0FBQUFBZVgxJTJGQVpPRkhCakhmVWJUYUYxbW9zd2JHTFFqN21pcnJmR01nZWduTFBBQUFBQUFPZ0FBQUFBSUFBQ0FBQUFBRmdIZEdTNm9rZjZjSjYzNEd0Nzd1MkZoM2hHeSUyRnRsZjhqbzlTR1dET2NEQUFBQURtTmx0OHF1WnpMYzdxR3M2TjdOMnNnclRvT0VMaGVkbGJiUiUyQmZIeWVKV0NKVHVjVnhrcEF3MUxsV09EdDl4UUpBQUFBQXB6VHZpb1VubFV0UXVWNEpvOVBNR053WFhlMWw1QWlSQlAydWpmY2VmR3JTWkJxUDlKSGY4MjZzS25HR3JDSWNJRkxGZDBqRVVuYWRjYzMxdzY1UEh3JTNEJTNEIiBSZWNvcmRlZFZhbHVlPSJBUUFBQU5DTW5kOEJGZEVSakhvQXdFJTJGQ2wlMkJzQkFBQUF6OHNFMVBWb2FVbXRsN2RURnVZWDdBQUFBQUFDQUFBQUFBQVFaZ0FBQUFFQUFDQUFBQUFlWDElMkZBWk9GSEJqSGZVYlRhRjFtb3N3YkdMUWo3bWlycmZHTWdlZ25MUEFBQUFBQU9nQUFBQUFJQUFDQUFBQUFGZ0hkR1M2b2tmNmNKNjM0R3Q3N3UyRmgzaEd5JTJGdGxmOGpvOVNHV0RPY0RBQUFBRG1ObHQ4cXVaekxjN3FHczZON04yc2dyVG9PRUxoZWRsYmJSJTJCZkh5ZUpXQ0pUdWNWeGtwQXcxTGxXT0R0OXhRSkFBQUFBcHpUdmlvVW5sVXRRdVY0Sm85UE1HTndYWGUxbDVBaVJCUDJ1amZjZWZHclNaQnFQOUpIZjgyNnNLbkdHckNJY0lGTEZkMGpFVW5hZGNjMzF3NjVQSHclM0QlM0QiIENvcnJlbGF0aW9uQmluZGluZz0iIiBVcmxFbmNvZGU9IkZhbHNlIiBVc2VUb0dyb3VwUmVzdWx0cz0iRmFsc2UiIC8+DQogICAgICAgIDxRdWVyeVN0cmluZ1BhcmFtZXRlciBOYW1lPSJyZXF1ZXN0VXJsIiBWYWx1ZT0iaHR0cCUzQSUyRiUyRmxvY2FsaG9zdCUzQTQ2MjMlMkZBcHAlMkZDcmVhdGUiIFJlY29yZGVkVmFsdWU9Imh0dHAlM0ElMkYlMkZsb2NhbGhvc3QlM0E0NjIzJTJGQXBwJTJGQ3JlYXRlIiBDb3JyZWxhdGlvbkJpbmRpbmc9IiIgVXJsRW5jb2RlPSJGYWxzZSIgVXNlVG9Hcm91cFJlc3VsdHM9IkZhbHNlIiAvPg0KICAgICAgICA8UXVlcnlTdHJpbmdQYXJhbWV0ZXIgTmFtZT0iYnJvd3Nlck5hbWUiIFZhbHVlPSJJbnRlcm5ldCtFeHBsb3JlciIgUmVjb3JkZWRWYWx1ZT0iSW50ZXJuZXQrRXhwbG9yZXIiIENvcnJlbGF0aW9uQmluZGluZz0iIiBVcmxFbmNvZGU9IkZhbHNlIiBVc2VUb0dyb3VwUmVzdWx0cz0iRmFsc2UiIC8+DQogICAgICAgIDxRdWVyeVN0cmluZ1BhcmFtZXRlciBOYW1lPSJ0aWQiIFZhbHVlPSI2IiBSZWNvcmRlZFZhbHVlPSI2IiBDb3JyZWxhdGlvbkJpbmRpbmc9IiIgVXJsRW5jb2RlPSJGYWxzZSIgVXNlVG9Hcm91cFJlc3VsdHM9IkZhbHNlIiAvPg0KICAgICAgICA8UXVlcnlTdHJpbmdQYXJhbWV0ZXIgTmFtZT0iXyIgVmFsdWU9IjEzOTc2MzA5NzQ1OTIiIFJlY29yZGVkVmFsdWU9IjEzOTc2MzA5NzQ1OTIiIENvcnJlbGF0aW9uQmluZGluZz0iIiBVcmxFbmNvZGU9IkZhbHNlIiBVc2VUb0dyb3VwUmVzdWx0cz0iRmFsc2UiIC8+DQogICAgICA8L1F1ZXJ5U3RyaW5nUGFyYW1ldGVycz4NCiAgICAgIDxGb3JtUG9zdEh0dHBCb2R5IC8+DQogICAgPC9SZXF1ZXN0Pg0KICAgIDxSZXF1ZXN0IE1ldGhvZD0iUE9TVCIgR3VpZD0iMTc3YzE4YmItYzVmZC00NjY0LTlkYTEtMTY4ODBjNzY5YTY2IiBWZXJzaW9uPSIxLjEiIFVybD0iaHR0cDovL2xvY2FsaG9zdDoxNzU0OS9hNDY4MDAwODNlMjk0MzlhODVkMjE2ZGJjOTIwM2I5NC9hcnRlcnlTaWduYWxSL3NlbmQiIFRoaW5rVGltZT0iMCIgVGltZW91dD0iMzAwIiBQYXJzZURlcGVuZGVudFJlcXVlc3RzPSJUcnVlIiBGb2xsb3dSZWRpcmVjdHM9IlRydWUiIFJlY29yZFJlc3VsdD0iVHJ1ZSIgQ2FjaGU9IkZhbHNlIiBSZXNwb25zZVRpbWVHb2FsPSIwIiBFbmNvZGluZz0idXRmLTgiIEV4cGVjdGVkSHR0cFN0YXR1c0NvZGU9IjAiIEV4cGVjdGVkUmVzcG9uc2VVcmw9IiIgUmVwb3J0aW5nTmFtZT0iIiBJZ25vcmVIdHRwU3RhdHVzQ29kZT0iRmFsc2UiPg0KICAgICAgPEhlYWRlcnM+DQogICAgICAgIDxIZWFkZXIgTmFtZT0iQWNjZXB0IiBWYWx1ZT0idGV4dC9wbGFpbiwgKi8qOyBxPTAuMDEiIC8+DQogICAgICAgIDxIZWFkZXIgTmFtZT0iUmVmZXJlciIgVmFsdWU9Imh0dHA6Ly9sb2NhbGhvc3Q6NDYyMy9BcHAvQ3JlYXRlIiAvPg0KICAgICAgPC9IZWFkZXJzPg0KICAgICAgPFF1ZXJ5U3RyaW5nUGFyYW1ldGVycz4NCiAgICAgICAgPFF1ZXJ5U3RyaW5nUGFyYW1ldGVyIE5hbWU9InRyYW5zcG9ydCIgVmFsdWU9ImxvbmdQb2xsaW5nIiBSZWNvcmRlZFZhbHVlPSJsb25nUG9sbGluZyIgQ29ycmVsYXRpb25CaW5kaW5nPSIiIFVybEVuY29kZT0iRmFsc2UiIFVzZVRvR3JvdXBSZXN1bHRzPSJGYWxzZSIgLz4NCiAgICAgICAgPFF1ZXJ5U3RyaW5nUGFyYW1ldGVyIE5hbWU9ImNvbm5lY3Rpb25Ub2tlbiIgVmFsdWU9IkFRQUFBTkNNbmQ4QkZkRVJqSG9Bd0UlMkZDbCUyQnNCQUFBQXo4c0UxUFZvYVVtdGw3ZFRGdVlYN0FBQUFBQUNBQUFBQUFBUVpnQUFBQUVBQUNBQUFBQWVYMSUyRkFaT0ZIQmpIZlViVGFGMW1vc3diR0xRajdtaXJyZkdNZ2VnbkxQQUFBQUFBT2dBQUFBQUlBQUNBQUFBQUZnSGRHUzZva2Y2Y0o2MzRHdDc3dTJGaDNoR3klMkZ0bGY4am85U0dXRE9jREFBQUFEbU5sdDhxdVp6TGM3cUdzNk43TjJzZ3JUb09FTGhlZGxiYlIlMkJmSHllSldDSlR1Y1Z4a3BBdzFMbFdPRHQ5eFFKQUFBQUFwelR2aW9VbmxVdFF1VjRKbzlQTUdOd1hYZTFsNUFpUkJQMnVqZmNlZkdyU1pCcVA5SkhmODI2c0tuR0dyQ0ljSUZMRmQwakVVbmFkY2MzMXc2NVBIdyUzRCUzRCIgUmVjb3JkZWRWYWx1ZT0iQVFBQUFOQ01uZDhCRmRFUmpIb0F3RSUyRkNsJTJCc0JBQUFBejhzRTFQVm9hVW10bDdkVEZ1WVg3QUFBQUFBQ0FBQUFBQUFRWmdBQUFBRUFBQ0FBQUFBZVgxJTJGQVpPRkhCakhmVWJUYUYxbW9zd2JHTFFqN21pcnJmR01nZWduTFBBQUFBQUFPZ0FBQUFBSUFBQ0FBQUFBRmdIZEdTNm9rZjZjSjYzNEd0Nzd1MkZoM2hHeSUyRnRsZjhqbzlTR1dET2NEQUFBQURtTmx0OHF1WnpMYzdxR3M2TjdOMnNnclRvT0VMaGVkbGJiUiUyQmZIeWVKV0NKVHVjVnhrcEF3MUxsV09EdDl4UUpBQUFBQXB6VHZpb1VubFV0UXVWNEpvOVBNR053WFhlMWw1QWlSQlAydWpmY2VmR3JTWkJxUDlKSGY4MjZzS25HR3JDSWNJRkxGZDBqRVVuYWRjYzMxdzY1UEh3JTNEJTNEIiBDb3JyZWxhdGlvbkJpbmRpbmc9IiIgVXJsRW5jb2RlPSJGYWxzZSIgVXNlVG9Hcm91cFJlc3VsdHM9IkZhbHNlIiAvPg0KICAgICAgICA8UXVlcnlTdHJpbmdQYXJhbWV0ZXIgTmFtZT0icmVxdWVzdFVybCIgVmFsdWU9Imh0dHAlM0ElMkYlMkZsb2NhbGhvc3QlM0E0NjIzJTJGQXBwJTJGQ3JlYXRlIiBSZWNvcmRlZFZhbHVlPSJodHRwJTNBJTJGJTJGbG9jYWxob3N0JTNBNDYyMyUyRkFwcCUyRkNyZWF0ZSIgQ29ycmVsYXRpb25CaW5kaW5nPSIiIFVybEVuY29kZT0iRmFsc2UiIFVzZVRvR3JvdXBSZXN1bHRzPSJGYWxzZSIgLz4NCiAgICAgICAgPFF1ZXJ5U3RyaW5nUGFyYW1ldGVyIE5hbWU9ImJyb3dzZXJOYW1lIiBWYWx1ZT0iSW50ZXJuZXQrRXhwbG9yZXIiIFJlY29yZGVkVmFsdWU9IkludGVybmV0K0V4cGxvcmVyIiBDb3JyZWxhdGlvbkJpbmRpbmc9IiIgVXJsRW5jb2RlPSJGYWxzZSIgVXNlVG9Hcm91cFJlc3VsdHM9IkZhbHNlIiAvPg0KICAgICAgPC9RdWVyeVN0cmluZ1BhcmFtZXRlcnM+DQogICAgICA8Rm9ybVBvc3RIdHRwQm9keT4NCiAgICAgICAgPEZvcm1Qb3N0UGFyYW1ldGVyIE5hbWU9ImRhdGEiIFZhbHVlPSJ7JnF1b3Q7bmFtZSZxdW90OzomcXVvdDtNaWNyb3NvZnQuVmlzdWFsU3R1ZGlvLldlYi5Ccm93c2VyTGluay5Db3JlRXh0ZW5zaW9uRmFjdG9yeS5jb25uZWN0ZWQmcXVvdDssJnF1b3Q7Y2FsbGJhY2tJZCZxdW90OzoxfSIgUmVjb3JkZWRWYWx1ZT0ieyZxdW90O25hbWUmcXVvdDs6JnF1b3Q7TWljcm9zb2Z0LlZpc3VhbFN0dWRpby5XZWIuQnJvd3NlckxpbmsuQ29yZUV4dGVuc2lvbkZhY3RvcnkuY29ubmVjdGVkJnF1b3Q7LCZxdW90O2NhbGxiYWNrSWQmcXVvdDs6MX0iIENvcnJlbGF0aW9uQmluZGluZz0iIiBVcmxFbmNvZGU9IlRydWUiIC8+DQogICAgICA8L0Zvcm1Qb3N0SHR0cEJvZHk+DQogICAgPC9SZXF1ZXN0Pg0KICAgIDxSZXF1ZXN0IE1ldGhvZD0iUE9TVCIgR3VpZD0iNjk5MTA5NTUtOTcxYi00N2UzLTk4Y2YtZjYzNzE5NmZiODJhIiBWZXJzaW9uPSIxLjEiIFVybD0iaHR0cDovL2xvY2FsaG9zdDoxNzU0OS9hNDY4MDAwODNlMjk0MzlhODVkMjE2ZGJjOTIwM2I5NC9hcnRlcnlTaWduYWxSL3BvbGwiIFRoaW5rVGltZT0iMCIgVGltZW91dD0iMzAwIiBQYXJzZURlcGVuZGVudFJlcXVlc3RzPSJUcnVlIiBGb2xsb3dSZWRpcmVjdHM9IlRydWUiIFJlY29yZFJlc3VsdD0iVHJ1ZSIgQ2FjaGU9IkZhbHNlIiBSZXNwb25zZVRpbWVHb2FsPSIwIiBFbmNvZGluZz0idXRmLTgiIEV4cGVjdGVkSHR0cFN0YXR1c0NvZGU9IjAiIEV4cGVjdGVkUmVzcG9uc2VVcmw9IiIgUmVwb3J0aW5nTmFtZT0iIiBJZ25vcmVIdHRwU3RhdHVzQ29kZT0iRmFsc2UiPg0KICAgICAgPEhlYWRlcnM+DQogICAgICAgIDxIZWFkZXIgTmFtZT0iQ29udGVudC1UeXBlIiBWYWx1ZT0iYXBwbGljYXRpb24veC13d3ctZm9ybS11cmxlbmNvZGVkOyBjaGFyc2V0PVVURi04IiAvPg0KICAgICAgICA8SGVhZGVyIE5hbWU9IkFjY2VwdCIgVmFsdWU9InRleHQvcGxhaW4sICovKjsgcT0wLjAxIiAvPg0KICAgICAgICA8SGVhZGVyIE5hbWU9IlJlZmVyZXIiIFZhbHVlPSJodHRwOi8vbG9jYWxob3N0OjQ2MjMvQXBwL0NyZWF0ZSIgLz4NCiAgICAgIDwvSGVhZGVycz4NCiAgICAgIDxRdWVyeVN0cmluZ1BhcmFtZXRlcnM+DQogICAgICAgIDxRdWVyeVN0cmluZ1BhcmFtZXRlciBOYW1lPSJ0cmFuc3BvcnQiIFZhbHVlPSJsb25nUG9sbGluZyIgUmVjb3JkZWRWYWx1ZT0ibG9uZ1BvbGxpbmciIENvcnJlbGF0aW9uQmluZGluZz0iIiBVcmxFbmNvZGU9IkZhbHNlIiBVc2VUb0dyb3VwUmVzdWx0cz0iRmFsc2UiIC8+DQogICAgICAgIDxRdWVyeVN0cmluZ1BhcmFtZXRlciBOYW1lPSJjb25uZWN0aW9uVG9rZW4iIFZhbHVlPSJBUUFBQU5DTW5kOEJGZEVSakhvQXdFJTJGQ2wlMkJzQkFBQUF6OHNFMVBWb2FVbXRsN2RURnVZWDdBQUFBQUFDQUFBQUFBQVFaZ0FBQUFFQUFDQUFBQUFlWDElMkZBWk9GSEJqSGZVYlRhRjFtb3N3YkdMUWo3bWlycmZHTWdlZ25MUEFBQUFBQU9nQUFBQUFJQUFDQUFBQUFGZ0hkR1M2b2tmNmNKNjM0R3Q3N3UyRmgzaEd5JTJGdGxmOGpvOVNHV0RPY0RBQUFBRG1ObHQ4cXVaekxjN3FHczZON04yc2dyVG9PRUxoZWRsYmJSJTJCZkh5ZUpXQ0pUdWNWeGtwQXcxTGxXT0R0OXhRSkFBQUFBcHpUdmlvVW5sVXRRdVY0Sm85UE1HTndYWGUxbDVBaVJCUDJ1amZjZWZHclNaQnFQOUpIZjgyNnNLbkdHckNJY0lGTEZkMGpFVW5hZGNjMzF3NjVQSHclM0QlM0QiIFJlY29yZGVkVmFsdWU9IkFRQUFBTkNNbmQ4QkZkRVJqSG9Bd0UlMkZDbCUyQnNCQUFBQXo4c0UxUFZvYVVtdGw3ZFRGdVlYN0FBQUFBQUNBQUFBQUFBUVpnQUFBQUVBQUNBQUFBQWVYMSUyRkFaT0ZIQmpIZlViVGFGMW1vc3diR0xRajdtaXJyZkdNZ2VnbkxQQUFBQUFBT2dBQUFBQUlBQUNBQUFBQUZnSGRHUzZva2Y2Y0o2MzRHdDc3dTJGaDNoR3klMkZ0bGY4am85U0dXRE9jREFBQUFEbU5sdDhxdVp6TGM3cUdzNk43TjJzZ3JUb09FTGhlZGxiYlIlMkJmSHllSldDSlR1Y1Z4a3BBdzFMbFdPRHQ5eFFKQUFBQUFwelR2aW9VbmxVdFF1VjRKbzlQTUdOd1hYZTFsNUFpUkJQMnVqZmNlZkdyU1pCcVA5SkhmODI2c0tuR0dyQ0ljSUZMRmQwakVVbmFkY2MzMXc2NVBIdyUzRCUzRCIgQ29ycmVsYXRpb25CaW5kaW5nPSIiIFVybEVuY29kZT0iRmFsc2UiIFVzZVRvR3JvdXBSZXN1bHRzPSJGYWxzZSIgLz4NCiAgICAgICAgPFF1ZXJ5U3RyaW5nUGFyYW1ldGVyIE5hbWU9Im1lc3NhZ2VJZCIgVmFsdWU9ImQtQUZCQkZCMUUtQiUyQzAlN0NhJTJDMSU3Q2IlMkMwIiBSZWNvcmRlZFZhbHVlPSJkLUFGQkJGQjFFLUIlMkMwJTdDYSUyQzElN0NiJTJDMCIgQ29ycmVsYXRpb25CaW5kaW5nPSIiIFVybEVuY29kZT0iRmFsc2UiIFVzZVRvR3JvdXBSZXN1bHRzPSJGYWxzZSIgLz4NCiAgICAgICAgPFF1ZXJ5U3RyaW5nUGFyYW1ldGVyIE5hbWU9InJlcXVlc3RVcmwiIFZhbHVlPSJodHRwJTNBJTJGJTJGbG9jYWxob3N0JTNBNDYyMyUyRkFwcCUyRkNyZWF0ZSIgUmVjb3JkZWRWYWx1ZT0iaHR0cCUzQSUyRiUyRmxvY2FsaG9zdCUzQTQ2MjMlMkZBcHAlMkZDcmVhdGUiIENvcnJlbGF0aW9uQmluZGluZz0iIiBVcmxFbmNvZGU9IkZhbHNlIiBVc2VUb0dyb3VwUmVzdWx0cz0iRmFsc2UiIC8+DQogICAgICAgIDxRdWVyeVN0cmluZ1BhcmFtZXRlciBOYW1lPSJicm93c2VyTmFtZSIgVmFsdWU9IkludGVybmV0K0V4cGxvcmVyIiBSZWNvcmRlZFZhbHVlPSJJbnRlcm5ldCtFeHBsb3JlciIgQ29ycmVsYXRpb25CaW5kaW5nPSIiIFVybEVuY29kZT0iRmFsc2UiIFVzZVRvR3JvdXBSZXN1bHRzPSJGYWxzZSIgLz4NCiAgICAgICAgPFF1ZXJ5U3RyaW5nUGFyYW1ldGVyIE5hbWU9InRpZCIgVmFsdWU9IjciIFJlY29yZGVkVmFsdWU9IjciIENvcnJlbGF0aW9uQmluZGluZz0iIiBVcmxFbmNvZGU9IkZhbHNlIiBVc2VUb0dyb3VwUmVzdWx0cz0iRmFsc2UiIC8+DQogICAgICAgIDxRdWVyeVN0cmluZ1BhcmFtZXRlciBOYW1lPSJfIiBWYWx1ZT0iMTM5NzYzMDk3NDYwNyIgUmVjb3JkZWRWYWx1ZT0iMTM5NzYzMDk3NDYwNyIgQ29ycmVsYXRpb25CaW5kaW5nPSIiIFVybEVuY29kZT0iRmFsc2UiIFVzZVRvR3JvdXBSZXN1bHRzPSJGYWxzZSIgLz4NCiAgICAgIDwvUXVlcnlTdHJpbmdQYXJhbWV0ZXJzPg0KICAgICAgPEZvcm1Qb3N0SHR0cEJvZHkgLz4NCiAgICA8L1JlcXVlc3Q+DQogICAgPFJlcXVlc3QgTWV0aG9kPSJQT1NUIiBHdWlkPSIzOGU3NzcwYS1hZmU1LTQxMzUtYTE5Ni04NGYxOTQwMDI2MmYiIFZlcnNpb249IjEuMSIgVXJsPSJodHRwOi8vbG9jYWxob3N0OjE3NTQ5L2E0NjgwMDA4M2UyOTQzOWE4NWQyMTZkYmM5MjAzYjk0L2FydGVyeVNpZ25hbFIvc2VuZCIgVGhpbmtUaW1lPSIwIiBUaW1lb3V0PSIzMDAiIFBhcnNlRGVwZW5kZW50UmVxdWVzdHM9IlRydWUiIEZvbGxvd1JlZGlyZWN0cz0iVHJ1ZSIgUmVjb3JkUmVzdWx0PSJUcnVlIiBDYWNoZT0iRmFsc2UiIFJlc3BvbnNlVGltZUdvYWw9IjAiIEVuY29kaW5nPSJ1dGYtOCIgRXhwZWN0ZWRIdHRwU3RhdHVzQ29kZT0iMCIgRXhwZWN0ZWRSZXNwb25zZVVybD0iIiBSZXBvcnRpbmdOYW1lPSIiIElnbm9yZUh0dHBTdGF0dXNDb2RlPSJGYWxzZSI+DQogICAgICA8SGVhZGVycz4NCiAgICAgICAgPEhlYWRlciBOYW1lPSJBY2NlcHQiIFZhbHVlPSJ0ZXh0L3BsYWluLCAqLyo7IHE9MC4wMSIgLz4NCiAgICAgICAgPEhlYWRlciBOYW1lPSJSZWZlcmVyIiBWYWx1ZT0iaHR0cDovL2xvY2FsaG9zdDo0NjIzL0FwcC9DcmVhdGUiIC8+DQogICAgICA8L0hlYWRlcnM+DQogICAgICA8UXVlcnlTdHJpbmdQYXJhbWV0ZXJzPg0KICAgICAgICA8UXVlcnlTdHJpbmdQYXJhbWV0ZXIgTmFtZT0idHJhbnNwb3J0IiBWYWx1ZT0ibG9uZ1BvbGxpbmciIFJlY29yZGVkVmFsdWU9ImxvbmdQb2xsaW5nIiBDb3JyZWxhdGlvbkJpbmRpbmc9IiIgVXJsRW5jb2RlPSJGYWxzZSIgVXNlVG9Hcm91cFJlc3VsdHM9IkZhbHNlIiAvPg0KICAgICAgICA8UXVlcnlTdHJpbmdQYXJhbWV0ZXIgTmFtZT0iY29ubmVjdGlvblRva2VuIiBWYWx1ZT0iQVFBQUFOQ01uZDhCRmRFUmpIb0F3RSUyRkNsJTJCc0JBQUFBejhzRTFQVm9hVW10bDdkVEZ1WVg3QUFBQUFBQ0FBQUFBQUFRWmdBQUFBRUFBQ0FBQUFBZVgxJTJGQVpPRkhCakhmVWJUYUYxbW9zd2JHTFFqN21pcnJmR01nZWduTFBBQUFBQUFPZ0FBQUFBSUFBQ0FBQUFBRmdIZEdTNm9rZjZjSjYzNEd0Nzd1MkZoM2hHeSUyRnRsZjhqbzlTR1dET2NEQUFBQURtTmx0OHF1WnpMYzdxR3M2TjdOMnNnclRvT0VMaGVkbGJiUiUyQmZIeWVKV0NKVHVjVnhrcEF3MUxsV09EdDl4UUpBQUFBQXB6VHZpb1VubFV0UXVWNEpvOVBNR053WFhlMWw1QWlSQlAydWpmY2VmR3JTWkJxUDlKSGY4MjZzS25HR3JDSWNJRkxGZDBqRVVuYWRjYzMxdzY1UEh3JTNEJTNEIiBSZWNvcmRlZFZhbHVlPSJBUUFBQU5DTW5kOEJGZEVSakhvQXdFJTJGQ2wlMkJzQkFBQUF6OHNFMVBWb2FVbXRsN2RURnVZWDdBQUFBQUFDQUFBQUFBQVFaZ0FBQUFFQUFDQUFBQUFlWDElMkZBWk9GSEJqSGZVYlRhRjFtb3N3YkdMUWo3bWlycmZHTWdlZ25MUEFBQUFBQU9nQUFBQUFJQUFDQUFBQUFGZ0hkR1M2b2tmNmNKNjM0R3Q3N3UyRmgzaEd5JTJGdGxmOGpvOVNHV0RPY0RBQUFBRG1ObHQ4cXVaekxjN3FHczZON04yc2dyVG9PRUxoZWRsYmJSJTJCZkh5ZUpXQ0pUdWNWeGtwQXcxTGxXT0R0OXhRSkFBQUFBcHpUdmlvVW5sVXRRdVY0Sm85UE1HTndYWGUxbDVBaVJCUDJ1amZjZWZHclNaQnFQOUpIZjgyNnNLbkdHckNJY0lGTEZkMGpFVW5hZGNjMzF3NjVQSHclM0QlM0QiIENvcnJlbGF0aW9uQmluZGluZz0iIiBVcmxFbmNvZGU9IkZhbHNlIiBVc2VUb0dyb3VwUmVzdWx0cz0iRmFsc2UiIC8+DQogICAgICAgIDxRdWVyeVN0cmluZ1BhcmFtZXRlciBOYW1lPSJyZXF1ZXN0VXJsIiBWYWx1ZT0iaHR0cCUzQSUyRiUyRmxvY2FsaG9zdCUzQTQ2MjMlMkZBcHAlMkZDcmVhdGUiIFJlY29yZGVkVmFsdWU9Imh0dHAlM0ElMkYlMkZsb2NhbGhvc3QlM0E0NjIzJTJGQXBwJTJGQ3JlYXRlIiBDb3JyZWxhdGlvbkJpbmRpbmc9IiIgVXJsRW5jb2RlPSJGYWxzZSIgVXNlVG9Hcm91cFJlc3VsdHM9IkZhbHNlIiAvPg0KICAgICAgICA8UXVlcnlTdHJpbmdQYXJhbWV0ZXIgTmFtZT0iYnJvd3Nlck5hbWUiIFZhbHVlPSJJbnRlcm5ldCtFeHBsb3JlciIgUmVjb3JkZWRWYWx1ZT0iSW50ZXJuZXQrRXhwbG9yZXIiIENvcnJlbGF0aW9uQmluZGluZz0iIiBVcmxFbmNvZGU9IkZhbHNlIiBVc2VUb0dyb3VwUmVzdWx0cz0iRmFsc2UiIC8+DQogICAgICA8L1F1ZXJ5U3RyaW5nUGFyYW1ldGVycz4NCiAgICAgIDxGb3JtUG9zdEh0dHBCb2R5Pg0KICAgICAgICA8Rm9ybVBvc3RQYXJhbWV0ZXIgTmFtZT0iZGF0YSIgVmFsdWU9InsmcXVvdDtuYW1lJnF1b3Q7OiZxdW90O21pY3Jvc29mdC52aXN1YWxzdHVkaW8ud2ViLmJyb3dzZXJsaW5rLmh0bWxtYXBwaW5nZXh0ZW5zaW9uZmFjdG9yeS5yZXNvbHZlVXJsJnF1b3Q7LCZxdW90O2FyZ3MmcXVvdDs6WyZxdW90O34vX19icm93c2VyTGluay9yZXF1ZXN0RGF0YS9jYjFlNTQwYjRlYTg0MzUyOGM2Yjc4YWQ4MjNjMzE3NyZxdW90O10sJnF1b3Q7Y2FsbGJhY2tJZCZxdW90OzoyfSIgUmVjb3JkZWRWYWx1ZT0ieyZxdW90O25hbWUmcXVvdDs6JnF1b3Q7bWljcm9zb2Z0LnZpc3VhbHN0dWRpby53ZWIuYnJvd3NlcmxpbmsuaHRtbG1hcHBpbmdleHRlbnNpb25mYWN0b3J5LnJlc29sdmVVcmwmcXVvdDssJnF1b3Q7YXJncyZxdW90OzpbJnF1b3Q7fi9fX2Jyb3dzZXJMaW5rL3JlcXVlc3REYXRhL2NiMWU1NDBiNGVhODQzNTI4YzZiNzhhZDgyM2MzMTc3JnF1b3Q7XSwmcXVvdDtjYWxsYmFja0lkJnF1b3Q7OjJ9IiBDb3JyZWxhdGlvbkJpbmRpbmc9IiIgVXJsRW5jb2RlPSJUcnVlIiAvPg0KICAgICAgPC9Gb3JtUG9zdEh0dHBCb2R5Pg0KICAgIDwvUmVxdWVzdD4NCiAgICA8UmVxdWVzdCBNZXRob2Q9IlBPU1QiIEd1aWQ9IjdlMWM4ZWM3LWVhM2MtNGY1MS1iYmYxLTg0YzhiZjdkY2JiNCIgVmVyc2lvbj0iMS4xIiBVcmw9Imh0dHA6Ly9sb2NhbGhvc3Q6MTc1NDkvYTQ2ODAwMDgzZTI5NDM5YTg1ZDIxNmRiYzkyMDNiOTQvYXJ0ZXJ5U2lnbmFsUi9wb2xsIiBUaGlua1RpbWU9IjAiIFRpbWVvdXQ9IjMwMCIgUGFyc2VEZXBlbmRlbnRSZXF1ZXN0cz0iVHJ1ZSIgRm9sbG93UmVkaXJlY3RzPSJUcnVlIiBSZWNvcmRSZXN1bHQ9IlRydWUiIENhY2hlPSJGYWxzZSIgUmVzcG9uc2VUaW1lR29hbD0iMCIgRW5jb2Rpbmc9InV0Zi04IiBFeHBlY3RlZEh0dHBTdGF0dXNDb2RlPSIwIiBFeHBlY3RlZFJlc3BvbnNlVXJsPSIiIFJlcG9ydGluZ05hbWU9IiIgSWdub3JlSHR0cFN0YXR1c0NvZGU9IkZhbHNlIj4NCiAgICAgIDxIZWFkZXJzPg0KICAgICAgICA8SGVhZGVyIE5hbWU9IkNvbnRlbnQtVHlwZSIgVmFsdWU9ImFwcGxpY2F0aW9uL3gtd3d3LWZvcm0tdXJsZW5jb2RlZDsgY2hhcnNldD1VVEYtOCIgLz4NCiAgICAgICAgPEhlYWRlciBOYW1lPSJBY2NlcHQiIFZhbHVlPSJ0ZXh0L3BsYWluLCAqLyo7IHE9MC4wMSIgLz4NCiAgICAgICAgPEhlYWRlciBOYW1lPSJSZWZlcmVyIiBWYWx1ZT0iaHR0cDovL2xvY2FsaG9zdDo0NjIzL0FwcC9DcmVhdGUiIC8+DQogICAgICA8L0hlYWRlcnM+DQogICAgICA8UXVlcnlTdHJpbmdQYXJhbWV0ZXJzPg0KICAgICAgICA8UXVlcnlTdHJpbmdQYXJhbWV0ZXIgTmFtZT0idHJhbnNwb3J0IiBWYWx1ZT0ibG9uZ1BvbGxpbmciIFJlY29yZGVkVmFsdWU9ImxvbmdQb2xsaW5nIiBDb3JyZWxhdGlvbkJpbmRpbmc9IiIgVXJsRW5jb2RlPSJGYWxzZSIgVXNlVG9Hcm91cFJlc3VsdHM9IkZhbHNlIiAvPg0KICAgICAgICA8UXVlcnlTdHJpbmdQYXJhbWV0ZXIgTmFtZT0iY29ubmVjdGlvblRva2VuIiBWYWx1ZT0iQVFBQUFOQ01uZDhCRmRFUmpIb0F3RSUyRkNsJTJCc0JBQUFBejhzRTFQVm9hVW10bDdkVEZ1WVg3QUFBQUFBQ0FBQUFBQUFRWmdBQUFBRUFBQ0FBQUFBZVgxJTJGQVpPRkhCakhmVWJUYUYxbW9zd2JHTFFqN21pcnJmR01nZWduTFBBQUFBQUFPZ0FBQUFBSUFBQ0FBQUFBRmdIZEdTNm9rZjZjSjYzNEd0Nzd1MkZoM2hHeSUyRnRsZjhqbzlTR1dET2NEQUFBQURtTmx0OHF1WnpMYzdxR3M2TjdOMnNnclRvT0VMaGVkbGJiUiUyQmZIeWVKV0NKVHVjVnhrcEF3MUxsV09EdDl4UUpBQUFBQXB6VHZpb1VubFV0UXVWNEpvOVBNR053WFhlMWw1QWlSQlAydWpmY2VmR3JTWkJxUDlKSGY4MjZzS25HR3JDSWNJRkxGZDBqRVVuYWRjYzMxdzY1UEh3JTNEJTNEIiBSZWNvcmRlZFZhbHVlPSJBUUFBQU5DTW5kOEJGZEVSakhvQXdFJTJGQ2wlMkJzQkFBQUF6OHNFMVBWb2FVbXRsN2RURnVZWDdBQUFBQUFDQUFBQUFBQVFaZ0FBQUFFQUFDQUFBQUFlWDElMkZBWk9GSEJqSGZVYlRhRjFtb3N3YkdMUWo3bWlycmZHTWdlZ25MUEFBQUFBQU9nQUFBQUFJQUFDQUFBQUFGZ0hkR1M2b2tmNmNKNjM0R3Q3N3UyRmgzaEd5JTJGdGxmOGpvOVNHV0RPY0RBQUFBRG1ObHQ4cXVaekxjN3FHczZON04yc2dyVG9PRUxoZWRsYmJSJTJCZkh5ZUpXQ0pUdWNWeGtwQXcxTGxXT0R0OXhRSkFBQUFBcHpUdmlvVW5sVXRRdVY0Sm85UE1HTndYWGUxbDVBaVJCUDJ1amZjZWZHclNaQnFQOUpIZjgyNnNLbkdHckNJY0lGTEZkMGpFVW5hZGNjMzF3NjVQSHclM0QlM0QiIENvcnJlbGF0aW9uQmluZGluZz0iIiBVcmxFbmNvZGU9IkZhbHNlIiBVc2VUb0dyb3VwUmVzdWx0cz0iRmFsc2UiIC8+DQogICAgICAgIDxRdWVyeVN0cmluZ1BhcmFtZXRlciBOYW1lPSJtZXNzYWdlSWQiIFZhbHVlPSJkLUFGQkJGQjFFLUIlMkMwJTdDYSUyQzIlN0NiJTJDMCIgUmVjb3JkZWRWYWx1ZT0iZC1BRkJCRkIxRS1CJTJDMCU3Q2ElMkMyJTdDYiUyQzAiIENvcnJlbGF0aW9uQmluZGluZz0iIiBVcmxFbmNvZGU9IkZhbHNlIiBVc2VUb0dyb3VwUmVzdWx0cz0iRmFsc2UiIC8+DQogICAgICAgIDxRdWVyeVN0cmluZ1BhcmFtZXRlciBOYW1lPSJyZXF1ZXN0VXJsIiBWYWx1ZT0iaHR0cCUzQSUyRiUyRmxvY2FsaG9zdCUzQTQ2MjMlMkZBcHAlMkZDcmVhdGUiIFJlY29yZGVkVmFsdWU9Imh0dHAlM0ElMkYlMkZsb2NhbGhvc3QlM0E0NjIzJTJGQXBwJTJGQ3JlYXRlIiBDb3JyZWxhdGlvbkJpbmRpbmc9IiIgVXJsRW5jb2RlPSJGYWxzZSIgVXNlVG9Hcm91cFJlc3VsdHM9IkZhbHNlIiAvPg0KICAgICAgICA8UXVlcnlTdHJpbmdQYXJhbWV0ZXIgTmFtZT0iYnJvd3Nlck5hbWUiIFZhbHVlPSJJbnRlcm5ldCtFeHBsb3JlciIgUmVjb3JkZWRWYWx1ZT0iSW50ZXJuZXQrRXhwbG9yZXIiIENvcnJlbGF0aW9uQmluZGluZz0iIiBVcmxFbmNvZGU9IkZhbHNlIiBVc2VUb0dyb3VwUmVzdWx0cz0iRmFsc2UiIC8+DQogICAgICAgIDxRdWVyeVN0cmluZ1BhcmFtZXRlciBOYW1lPSJ0aWQiIFZhbHVlPSI5IiBSZWNvcmRlZFZhbHVlPSI5IiBDb3JyZWxhdGlvbkJpbmRpbmc9IiIgVXJsRW5jb2RlPSJGYWxzZSIgVXNlVG9Hcm91cFJlc3VsdHM9IkZhbHNlIiAvPg0KICAgICAgICA8UXVlcnlTdHJpbmdQYXJhbWV0ZXIgTmFtZT0iXyIgVmFsdWU9IjEzOTc2MzA5NzQ2ODAiIFJlY29yZGVkVmFsdWU9IjEzOTc2MzA5NzQ2ODAiIENvcnJlbGF0aW9uQmluZGluZz0iIiBVcmxFbmNvZGU9IkZhbHNlIiBVc2VUb0dyb3VwUmVzdWx0cz0iRmFsc2UiIC8+DQogICAgICA8L1F1ZXJ5U3RyaW5nUGFyYW1ldGVycz4NCiAgICAgIDxGb3JtUG9zdEh0dHBCb2R5IC8+DQogICAgPC9SZXF1ZXN0Pg0KICAgIDxSZXF1ZXN0IE1ldGhvZD0iR0VUIiBHdWlkPSI0YjhhOTFmNS1mODVjLTQ4MTgtOTJjZS03ZGMwY2NmZTcwMmQiIFZlcnNpb249IjEuMSIgVXJsPSJodHRwOi8vbG9jYWxob3N0OjQ2MjMvX19icm93c2VyTGluay9yZXF1ZXN0RGF0YS9jYjFlNTQwYjRlYTg0MzUyOGM2Yjc4YWQ4MjNjMzE3NyIgVGhpbmtUaW1lPSIwIiBUaW1lb3V0PSIzMDAiIFBhcnNlRGVwZW5kZW50UmVxdWVzdHM9IlRydWUiIEZvbGxvd1JlZGlyZWN0cz0iVHJ1ZSIgUmVjb3JkUmVzdWx0PSJUcnVlIiBDYWNoZT0iRmFsc2UiIFJlc3BvbnNlVGltZUdvYWw9IjAiIEVuY29kaW5nPSJ1dGYtOCIgRXhwZWN0ZWRIdHRwU3RhdHVzQ29kZT0iMCIgRXhwZWN0ZWRSZXNwb25zZVVybD0iIiBSZXBvcnRpbmdOYW1lPSIiIElnbm9yZUh0dHBTdGF0dXNDb2RlPSJGYWxzZSI+DQogICAgICA8SGVhZGVycz4NCiAgICAgICAgPEhlYWRlciBOYW1lPSJBY2NlcHQiIFZhbHVlPSJhcHBsaWNhdGlvbi9qc29uLCB0ZXh0L2phdmFzY3JpcHQsICovKjsgcT0wLjAxIiAvPg0KICAgICAgICA8SGVhZGVyIE5hbWU9IlgtUmVxdWVzdGVkLVdpdGgiIFZhbHVlPSJYTUxIdHRwUmVxdWVzdCIgLz4NCiAgICAgICAgPEhlYWRlciBOYW1lPSJSZWZlcmVyIiBWYWx1ZT0iaHR0cDovL2xvY2FsaG9zdDo0NjIzL0FwcC9DcmVhdGUiIC8+DQogICAgICA8L0hlYWRlcnM+DQogICAgPC9SZXF1ZXN0Pg0KICAgIDxSZXF1ZXN0IE1ldGhvZD0iUE9TVCIgR3VpZD0iYjViMjdhZjItYzg3Yy00MmQ0LThmOWUtMmU1MDM1MTM3NDVmIiBWZXJzaW9uPSIxLjEiIFVybD0iaHR0cDovL2xvY2FsaG9zdDoxNzU0OS9hNDY4MDAwODNlMjk0MzlhODVkMjE2ZGJjOTIwM2I5NC9hcnRlcnlTaWduYWxSL3BvbGwiIFRoaW5rVGltZT0iMCIgVGltZW91dD0iMzAwIiBQYXJzZURlcGVuZGVudFJlcXVlc3RzPSJUcnVlIiBGb2xsb3dSZWRpcmVjdHM9IlRydWUiIFJlY29yZFJlc3VsdD0iVHJ1ZSIgQ2FjaGU9IkZhbHNlIiBSZXNwb25zZVRpbWVHb2FsPSIwIiBFbmNvZGluZz0idXRmLTgiIEV4cGVjdGVkSHR0cFN0YXR1c0NvZGU9IjAiIEV4cGVjdGVkUmVzcG9uc2VVcmw9IiIgUmVwb3J0aW5nTmFtZT0iIiBJZ25vcmVIdHRwU3RhdHVzQ29kZT0iRmFsc2UiPg0KICAgICAgPEhlYWRlcnM+DQogICAgICAgIDxIZWFkZXIgTmFtZT0iQ29udGVudC1UeXBlIiBWYWx1ZT0iYXBwbGljYXRpb24veC13d3ctZm9ybS11cmxlbmNvZGVkOyBjaGFyc2V0PVVURi04IiAvPg0KICAgICAgICA8SGVhZGVyIE5hbWU9IkFjY2VwdCIgVmFsdWU9InRleHQvcGxhaW4sICovKjsgcT0wLjAxIiAvPg0KICAgICAgICA8SGVhZGVyIE5hbWU9IlJlZmVyZXIiIFZhbHVlPSJodHRwOi8vbG9jYWxob3N0OjQ2MjMvQXBwL0NyZWF0ZSIgLz4NCiAgICAgIDwvSGVhZGVycz4NCiAgICAgIDxRdWVyeVN0cmluZ1BhcmFtZXRlcnM+DQogICAgICAgIDxRdWVyeVN0cmluZ1BhcmFtZXRlciBOYW1lPSJ0cmFuc3BvcnQiIFZhbHVlPSJsb25nUG9sbGluZyIgUmVjb3JkZWRWYWx1ZT0ibG9uZ1BvbGxpbmciIENvcnJlbGF0aW9uQmluZGluZz0iIiBVcmxFbmNvZGU9IkZhbHNlIiBVc2VUb0dyb3VwUmVzdWx0cz0iRmFsc2UiIC8+DQogICAgICAgIDxRdWVyeVN0cmluZ1BhcmFtZXRlciBOYW1lPSJjb25uZWN0aW9uVG9rZW4iIFZhbHVlPSJBUUFBQU5DTW5kOEJGZEVSakhvQXdFJTJGQ2wlMkJzQkFBQUF6OHNFMVBWb2FVbXRsN2RURnVZWDdBQUFBQUFDQUFBQUFBQVFaZ0FBQUFFQUFDQUFBQUFlWDElMkZBWk9GSEJqSGZVYlRhRjFtb3N3YkdMUWo3bWlycmZHTWdlZ25MUEFBQUFBQU9nQUFBQUFJQUFDQUFBQUFGZ0hkR1M2b2tmNmNKNjM0R3Q3N3UyRmgzaEd5JTJGdGxmOGpvOVNHV0RPY0RBQUFBRG1ObHQ4cXVaekxjN3FHczZON04yc2dyVG9PRUxoZWRsYmJSJTJCZkh5ZUpXQ0pUdWNWeGtwQXcxTGxXT0R0OXhRSkFBQUFBcHpUdmlvVW5sVXRRdVY0Sm85UE1HTndYWGUxbDVBaVJCUDJ1amZjZWZHclNaQnFQOUpIZjgyNnNLbkdHckNJY0lGTEZkMGpFVW5hZGNjMzF3NjVQSHclM0QlM0QiIFJlY29yZGVkVmFsdWU9IkFRQUFBTkNNbmQ4QkZkRVJqSG9Bd0UlMkZDbCUyQnNCQUFBQXo4c0UxUFZvYVVtdGw3ZFRGdVlYN0FBQUFBQUNBQUFBQUFBUVpnQUFBQUVBQUNBQUFBQWVYMSUyRkFaT0ZIQmpIZlViVGFGMW1vc3diR0xRajdtaXJyZkdNZ2VnbkxQQUFBQUFBT2dBQUFBQUlBQUNBQUFBQUZnSGRHUzZva2Y2Y0o2MzRHdDc3dTJGaDNoR3klMkZ0bGY4am85U0dXRE9jREFBQUFEbU5sdDhxdVp6TGM3cUdzNk43TjJzZ3JUb09FTGhlZGxiYlIlMkJmSHllSldDSlR1Y1Z4a3BBdzFMbFdPRHQ5eFFKQUFBQUFwelR2aW9VbmxVdFF1VjRKbzlQTUdOd1hYZTFsNUFpUkJQMnVqZmNlZkdyU1pCcVA5SkhmODI2c0tuR0dyQ0ljSUZMRmQwakVVbmFkY2MzMXc2NVBIdyUzRCUzRCIgQ29ycmVsYXRpb25CaW5kaW5nPSIiIFVybEVuY29kZT0iRmFsc2UiIFVzZVRvR3JvdXBSZXN1bHRzPSJGYWxzZSIgLz4NCiAgICAgICAgPFF1ZXJ5U3RyaW5nUGFyYW1ldGVyIE5hbWU9Im1lc3NhZ2VJZCIgVmFsdWU9ImQtQUZCQkZCMUUtQiUyQzAlN0NhJTJDMyU3Q2IlMkMwIiBSZWNvcmRlZFZhbHVlPSJkLUFGQkJGQjFFLUIlMkMwJTdDYSUyQzMlN0NiJTJDMCIgQ29ycmVsYXRpb25CaW5kaW5nPSIiIFVybEVuY29kZT0iRmFsc2UiIFVzZVRvR3JvdXBSZXN1bHRzPSJGYWxzZSIgLz4NCiAgICAgICAgPFF1ZXJ5U3RyaW5nUGFyYW1ldGVyIE5hbWU9InJlcXVlc3RVcmwiIFZhbHVlPSJodHRwJTNBJTJGJTJGbG9jYWxob3N0JTNBNDYyMyUyRkFwcCUyRkNyZWF0ZSIgUmVjb3JkZWRWYWx1ZT0iaHR0cCUzQSUyRiUyRmxvY2FsaG9zdCUzQTQ2MjMlMkZBcHAlMkZDcmVhdGUiIENvcnJlbGF0aW9uQmluZGluZz0iIiBVcmxFbmNvZGU9IkZhbHNlIiBVc2VUb0dyb3VwUmVzdWx0cz0iRmFsc2UiIC8+DQogICAgICAgIDxRdWVyeVN0cmluZ1BhcmFtZXRlciBOYW1lPSJicm93c2VyTmFtZSIgVmFsdWU9IkludGVybmV0K0V4cGxvcmVyIiBSZWNvcmRlZFZhbHVlPSJJbnRlcm5ldCtFeHBsb3JlciIgQ29ycmVsYXRpb25CaW5kaW5nPSIiIFVybEVuY29kZT0iRmFsc2UiIFVzZVRvR3JvdXBSZXN1bHRzPSJGYWxzZSIgLz4NCiAgICAgICAgPFF1ZXJ5U3RyaW5nUGFyYW1ldGVyIE5hbWU9InRpZCIgVmFsdWU9IjgiIFJlY29yZGVkVmFsdWU9IjgiIENvcnJlbGF0aW9uQmluZGluZz0iIiBVcmxFbmNvZGU9IkZhbHNlIiBVc2VUb0dyb3VwUmVzdWx0cz0iRmFsc2UiIC8+DQogICAgICAgIDxRdWVyeVN0cmluZ1BhcmFtZXRlciBOYW1lPSJfIiBWYWx1ZT0iMTM5NzYzMDk3NDY5OSIgUmVjb3JkZWRWYWx1ZT0iMTM5NzYzMDk3NDY5OSIgQ29ycmVsYXRpb25CaW5kaW5nPSIiIFVybEVuY29kZT0iRmFsc2UiIFVzZVRvR3JvdXBSZXN1bHRzPSJGYWxzZSIgLz4NCiAgICAgIDwvUXVlcnlTdHJpbmdQYXJhbWV0ZXJzPg0KICAgICAgPEZvcm1Qb3N0SHR0cEJvZHkgLz4NCiAgICA8L1JlcXVlc3Q+DQogICAgPFJlcXVlc3QgTWV0aG9kPSJQT1NUIiBHdWlkPSJkODU0Y2QzYi04MTM0LTQ2MGEtYWUyMC0wYmEzYjE5ZmMzYmUiIFZlcnNpb249IjEuMSIgVXJsPSJodHRwOi8vbG9jYWxob3N0OjE3NTQ5L2E0NjgwMDA4M2UyOTQzOWE4NWQyMTZkYmM5MjAzYjk0L2FydGVyeVNpZ25hbFIvc2VuZCIgVGhpbmtUaW1lPSIwIiBUaW1lb3V0PSIzMDAiIFBhcnNlRGVwZW5kZW50UmVxdWVzdHM9IlRydWUiIEZvbGxvd1JlZGlyZWN0cz0iVHJ1ZSIgUmVjb3JkUmVzdWx0PSJUcnVlIiBDYWNoZT0iRmFsc2UiIFJlc3BvbnNlVGltZUdvYWw9IjAiIEVuY29kaW5nPSJ1dGYtOCIgRXhwZWN0ZWRIdHRwU3RhdHVzQ29kZT0iMCIgRXhwZWN0ZWRSZXNwb25zZVVybD0iIiBSZXBvcnRpbmdOYW1lPSIiIElnbm9yZUh0dHBTdGF0dXNDb2RlPSJGYWxzZSI+DQogICAgICA8SGVhZGVycz4NCiAgICAgICAgPEhlYWRlciBOYW1lPSJBY2NlcHQiIFZhbHVlPSJ0ZXh0L3BsYWluLCAqLyo7IHE9MC4wMSIgLz4NCiAgICAgICAgPEhlYWRlciBOYW1lPSJSZWZlcmVyIiBWYWx1ZT0iaHR0cDovL2xvY2FsaG9zdDo0NjIzL0FwcC9DcmVhdGUiIC8+DQogICAgICA8L0hlYWRlcnM+DQogICAgICA8UXVlcnlTdHJpbmdQYXJhbWV0ZXJzPg0KICAgICAgICA8UXVlcnlTdHJpbmdQYXJhbWV0ZXIgTmFtZT0idHJhbnNwb3J0IiBWYWx1ZT0ibG9uZ1BvbGxpbmciIFJlY29yZGVkVmFsdWU9ImxvbmdQb2xsaW5nIiBDb3JyZWxhdGlvbkJpbmRpbmc9IiIgVXJsRW5jb2RlPSJGYWxzZSIgVXNlVG9Hcm91cFJlc3VsdHM9IkZhbHNlIiAvPg0KICAgICAgICA8UXVlcnlTdHJpbmdQYXJhbWV0ZXIgTmFtZT0iY29ubmVjdGlvblRva2VuIiBWYWx1ZT0iQVFBQUFOQ01uZDhCRmRFUmpIb0F3RSUyRkNsJTJCc0JBQUFBejhzRTFQVm9hVW10bDdkVEZ1WVg3QUFBQUFBQ0FBQUFBQUFRWmdBQUFBRUFBQ0FBQUFBZVgxJTJGQVpPRkhCakhmVWJUYUYxbW9zd2JHTFFqN21pcnJmR01nZWduTFBBQUFBQUFPZ0FBQUFBSUFBQ0FBQUFBRmdIZEdTNm9rZjZjSjYzNEd0Nzd1MkZoM2hHeSUyRnRsZjhqbzlTR1dET2NEQUFBQURtTmx0OHF1WnpMYzdxR3M2TjdOMnNnclRvT0VMaGVkbGJiUiUyQmZIeWVKV0NKVHVjVnhrcEF3MUxsV09EdDl4UUpBQUFBQXB6VHZpb1VubFV0UXVWNEpvOVBNR053WFhlMWw1QWlSQlAydWpmY2VmR3JTWkJxUDlKSGY4MjZzS25HR3JDSWNJRkxGZDBqRVVuYWRjYzMxdzY1UEh3JTNEJTNEIiBSZWNvcmRlZFZhbHVlPSJBUUFBQU5DTW5kOEJGZEVSakhvQXdFJTJGQ2wlMkJzQkFBQUF6OHNFMVBWb2FVbXRsN2RURnVZWDdBQUFBQUFDQUFBQUFBQVFaZ0FBQUFFQUFDQUFBQUFlWDElMkZBWk9GSEJqSGZVYlRhRjFtb3N3YkdMUWo3bWlycmZHTWdlZ25MUEFBQUFBQU9nQUFBQUFJQUFDQUFBQUFGZ0hkR1M2b2tmNmNKNjM0R3Q3N3UyRmgzaEd5JTJGdGxmOGpvOVNHV0RPY0RBQUFBRG1ObHQ4cXVaekxjN3FHczZON04yc2dyVG9PRUxoZWRsYmJSJTJCZkh5ZUpXQ0pUdWNWeGtwQXcxTGxXT0R0OXhRSkFBQUFBcHpUdmlvVW5sVXRRdVY0Sm85UE1HTndYWGUxbDVBaVJCUDJ1amZjZWZHclNaQnFQOUpIZjgyNnNLbkdHckNJY0lGTEZkMGpFVW5hZGNjMzF3NjVQSHclM0QlM0QiIENvcnJlbGF0aW9uQmluZGluZz0iIiBVcmxFbmNvZGU9IkZhbHNlIiBVc2VUb0dyb3VwUmVzdWx0cz0iRmFsc2UiIC8+DQogICAgICAgIDxRdWVyeVN0cmluZ1BhcmFtZXRlciBOYW1lPSJyZXF1ZXN0VXJsIiBWYWx1ZT0iaHR0cCUzQSUyRiUyRmxvY2FsaG9zdCUzQTQ2MjMlMkZBcHAlMkZDcmVhdGUiIFJlY29yZGVkVmFsdWU9Imh0dHAlM0ElMkYlMkZsb2NhbGhvc3QlM0E0NjIzJTJGQXBwJTJGQ3JlYXRlIiBDb3JyZWxhdGlvbkJpbmRpbmc9IiIgVXJsRW5jb2RlPSJGYWxzZSIgVXNlVG9Hcm91cFJlc3VsdHM9IkZhbHNlIiAvPg0KICAgICAgICA8UXVlcnlTdHJpbmdQYXJhbWV0ZXIgTmFtZT0iYnJvd3Nlck5hbWUiIFZhbHVlPSJJbnRlcm5ldCtFeHBsb3JlciIgUmVjb3JkZWRWYWx1ZT0iSW50ZXJuZXQrRXhwbG9yZXIiIENvcnJlbGF0aW9uQmluZGluZz0iIiBVcmxFbmNvZGU9IkZhbHNlIiBVc2VUb0dyb3VwUmVzdWx0cz0iRmFsc2UiIC8+DQogICAgICA8L1F1ZXJ5U3RyaW5nUGFyYW1ldGVycz4NCiAgICAgIDxGb3JtUG9zdEh0dHBCb2R5Pg0KICAgICAgICA8Rm9ybVBvc3RQYXJhbWV0ZXIgTmFtZT0iZGF0YSIgVmFsdWU9InsmcXVvdDtuYW1lJnF1b3Q7OiZxdW90O21pY3Jvc29mdC52aXN1YWxzdHVkaW8ud2ViLmJyb3dzZXJsaW5rLmh0bWxtYXBwaW5nZXh0ZW5zaW9uZmFjdG9yeS5yZXNvbHZlU291cmNlRmlsZVBhdGhzJnF1b3Q7LCZxdW90O2FyZ3MmcXVvdDs6W1smcXVvdDt+L1ZpZXdzL0FwcC9DcmVhdGUuY3NodG1sJnF1b3Q7XV0sJnF1b3Q7Y2FsbGJhY2tJZCZxdW90OzozfSIgUmVjb3JkZWRWYWx1ZT0ieyZxdW90O25hbWUmcXVvdDs6JnF1b3Q7bWljcm9zb2Z0LnZpc3VhbHN0dWRpby53ZWIuYnJvd3NlcmxpbmsuaHRtbG1hcHBpbmdleHRlbnNpb25mYWN0b3J5LnJlc29sdmVTb3VyY2VGaWxlUGF0aHMmcXVvdDssJnF1b3Q7YXJncyZxdW90OzpbWyZxdW90O34vVmlld3MvQXBwL0NyZWF0ZS5jc2h0bWwmcXVvdDtdXSwmcXVvdDtjYWxsYmFja0lkJnF1b3Q7OjN9IiBDb3JyZWxhdGlvbkJpbmRpbmc9IiIgVXJsRW5jb2RlPSJUcnVlIiAvPg0KICAgICAgPC9Gb3JtUG9zdEh0dHBCb2R5Pg0KICAgIDwvUmVxdWVzdD4NCiAgICA8UmVxdWVzdCBNZXRob2Q9IlBPU1QiIEd1aWQ9IjU0YTgxMGU5LTlmZTItNDQ4NC1hODRmLTIxNzJkYmM0ZGZlYiIgVmVyc2lvbj0iMS4xIiBVcmw9Imh0dHA6Ly9sb2NhbGhvc3Q6MTc1NDkvYTQ2ODAwMDgzZTI5NDM5YTg1ZDIxNmRiYzkyMDNiOTQvYXJ0ZXJ5U2lnbmFsUi9wb2xsIiBUaGlua1RpbWU9IjAiIFRpbWVvdXQ9IjMwMCIgUGFyc2VEZXBlbmRlbnRSZXF1ZXN0cz0iVHJ1ZSIgRm9sbG93UmVkaXJlY3RzPSJUcnVlIiBSZWNvcmRSZXN1bHQ9IlRydWUiIENhY2hlPSJGYWxzZSIgUmVzcG9uc2VUaW1lR29hbD0iMCIgRW5jb2Rpbmc9InV0Zi04IiBFeHBlY3RlZEh0dHBTdGF0dXNDb2RlPSIwIiBFeHBlY3RlZFJlc3BvbnNlVXJsPSIiIFJlcG9ydGluZ05hbWU9IiIgSWdub3JlSHR0cFN0YXR1c0NvZGU9IkZhbHNlIj4NCiAgICAgIDxIZWFkZXJzPg0KICAgICAgICA8SGVhZGVyIE5hbWU9IkNvbnRlbnQtVHlwZSIgVmFsdWU9ImFwcGxpY2F0aW9uL3gtd3d3LWZvcm0tdXJsZW5jb2RlZDsgY2hhcnNldD1VVEYtOCIgLz4NCiAgICAgICAgPEhlYWRlciBOYW1lPSJBY2NlcHQiIFZhbHVlPSJ0ZXh0L3BsYWluLCAqLyo7IHE9MC4wMSIgLz4NCiAgICAgICAgPEhlYWRlciBOYW1lPSJSZWZlcmVyIiBWYWx1ZT0iaHR0cDovL2xvY2FsaG9zdDo0NjIzL0FwcC9DcmVhdGUiIC8+DQogICAgICA8L0hlYWRlcnM+DQogICAgICA8UXVlcnlTdHJpbmdQYXJhbWV0ZXJzPg0KICAgICAgICA8UXVlcnlTdHJpbmdQYXJhbWV0ZXIgTmFtZT0idHJhbnNwb3J0IiBWYWx1ZT0ibG9uZ1BvbGxpbmciIFJlY29yZGVkVmFsdWU9ImxvbmdQb2xsaW5nIiBDb3JyZWxhdGlvbkJpbmRpbmc9IiIgVXJsRW5jb2RlPSJGYWxzZSIgVXNlVG9Hcm91cFJlc3VsdHM9IkZhbHNlIiAvPg0KICAgICAgICA8UXVlcnlTdHJpbmdQYXJhbWV0ZXIgTmFtZT0iY29ubmVjdGlvblRva2VuIiBWYWx1ZT0iQVFBQUFOQ01uZDhCRmRFUmpIb0F3RSUyRkNsJTJCc0JBQUFBejhzRTFQVm9hVW10bDdkVEZ1WVg3QUFBQUFBQ0FBQUFBQUFRWmdBQUFBRUFBQ0FBQUFBZVgxJTJGQVpPRkhCakhmVWJUYUYxbW9zd2JHTFFqN21pcnJmR01nZWduTFBBQUFBQUFPZ0FBQUFBSUFBQ0FBQUFBRmdIZEdTNm9rZjZjSjYzNEd0Nzd1MkZoM2hHeSUyRnRsZjhqbzlTR1dET2NEQUFBQURtTmx0OHF1WnpMYzdxR3M2TjdOMnNnclRvT0VMaGVkbGJiUiUyQmZIeWVKV0NKVHVjVnhrcEF3MUxsV09EdDl4UUpBQUFBQXB6VHZpb1VubFV0UXVWNEpvOVBNR053WFhlMWw1QWlSQlAydWpmY2VmR3JTWkJxUDlKSGY4MjZzS25HR3JDSWNJRkxGZDBqRVVuYWRjYzMxdzY1UEh3JTNEJTNEIiBSZWNvcmRlZFZhbHVlPSJBUUFBQU5DTW5kOEJGZEVSakhvQXdFJTJGQ2wlMkJzQkFBQUF6OHNFMVBWb2FVbXRsN2RURnVZWDdBQUFBQUFDQUFBQUFBQVFaZ0FBQUFFQUFDQUFBQUFlWDElMkZBWk9GSEJqSGZVYlRhRjFtb3N3YkdMUWo3bWlycmZHTWdlZ25MUEFBQUFBQU9nQUFBQUFJQUFDQUFBQUFGZ0hkR1M2b2tmNmNKNjM0R3Q3N3UyRmgzaEd5JTJGdGxmOGpvOVNHV0RPY0RBQUFBRG1ObHQ4cXVaekxjN3FHczZON04yc2dyVG9PRUxoZWRsYmJSJTJCZkh5ZUpXQ0pUdWNWeGtwQXcxTGxXT0R0OXhRSkFBQUFBcHpUdmlvVW5sVXRRdVY0Sm85UE1HTndYWGUxbDVBaVJCUDJ1amZjZWZHclNaQnFQOUpIZjgyNnNLbkdHckNJY0lGTEZkMGpFVW5hZGNjMzF3NjVQSHclM0QlM0QiIENvcnJlbGF0aW9uQmluZGluZz0iIiBVcmxFbmNvZGU9IkZhbHNlIiBVc2VUb0dyb3VwUmVzdWx0cz0iRmFsc2UiIC8+DQogICAgICAgIDxRdWVyeVN0cmluZ1BhcmFtZXRlciBOYW1lPSJtZXNzYWdlSWQiIFZhbHVlPSJkLUFGQkJGQjFFLUIlMkMwJTdDYSUyQzQlN0NiJTJDMCIgUmVjb3JkZWRWYWx1ZT0iZC1BRkJCRkIxRS1CJTJDMCU3Q2ElMkM0JTdDYiUyQzAiIENvcnJlbGF0aW9uQmluZGluZz0iIiBVcmxFbmNvZGU9IkZhbHNlIiBVc2VUb0dyb3VwUmVzdWx0cz0iRmFsc2UiIC8+DQogICAgICAgIDxRdWVyeVN0cmluZ1BhcmFtZXRlciBOYW1lPSJyZXF1ZXN0VXJsIiBWYWx1ZT0iaHR0cCUzQSUyRiUyRmxvY2FsaG9zdCUzQTQ2MjMlMkZBcHAlMkZDcmVhdGUiIFJlY29yZGVkVmFsdWU9Imh0dHAlM0ElMkYlMkZsb2NhbGhvc3QlM0E0NjIzJTJGQXBwJTJGQ3JlYXRlIiBDb3JyZWxhdGlvbkJpbmRpbmc9IiIgVXJsRW5jb2RlPSJGYWxzZSIgVXNlVG9Hcm91cFJlc3VsdHM9IkZhbHNlIiAvPg0KICAgICAgICA8UXVlcnlTdHJpbmdQYXJhbWV0ZXIgTmFtZT0iYnJvd3Nlck5hbWUiIFZhbHVlPSJJbnRlcm5ldCtFeHBsb3JlciIgUmVjb3JkZWRWYWx1ZT0iSW50ZXJuZXQrRXhwbG9yZXIiIENvcnJlbGF0aW9uQmluZGluZz0iIiBVcmxFbmNvZGU9IkZhbHNlIiBVc2VUb0dyb3VwUmVzdWx0cz0iRmFsc2UiIC8+DQogICAgICAgIDxRdWVyeVN0cmluZ1BhcmFtZXRlciBOYW1lPSJ0aWQiIFZhbHVlPSI1IiBSZWNvcmRlZFZhbHVlPSI1IiBDb3JyZWxhdGlvbkJpbmRpbmc9IiIgVXJsRW5jb2RlPSJGYWxzZSIgVXNlVG9Hcm91cFJlc3VsdHM9IkZhbHNlIiAvPg0KICAgICAgICA8UXVlcnlTdHJpbmdQYXJhbWV0ZXIgTmFtZT0iXyIgVmFsdWU9IjEzOTc2MzA5NzQ4MDAiIFJlY29yZGVkVmFsdWU9IjEzOTc2MzA5NzQ4MDAiIENvcnJlbGF0aW9uQmluZGluZz0iIiBVcmxFbmNvZGU9IkZhbHNlIiBVc2VUb0dyb3VwUmVzdWx0cz0iRmFsc2UiIC8+DQogICAgICA8L1F1ZXJ5U3RyaW5nUGFyYW1ldGVycz4NCiAgICAgIDxGb3JtUG9zdEh0dHBCb2R5IC8+DQogICAgPC9SZXF1ZXN0Pg0KICAgIDxSZXF1ZXN0IE1ldGhvZD0iUE9TVCIgR3VpZD0iM2E1ZWExOTMtNmY1MC00YjQyLWI2YzMtNDI4ODc2ODFkOWRlIiBWZXJzaW9uPSIxLjEiIFVybD0iaHR0cDovL2xvY2FsaG9zdDo0NjIzL0FwcC9DcmVhdGUiIFRoaW5rVGltZT0iMCIgVGltZW91dD0iMzAwIiBQYXJzZURlcGVuZGVudFJlcXVlc3RzPSJUcnVlIiBGb2xsb3dSZWRpcmVjdHM9IlRydWUiIFJlY29yZFJlc3VsdD0iVHJ1ZSIgQ2FjaGU9IkZhbHNlIiBSZXNwb25zZVRpbWVHb2FsPSIwIiBFbmNvZGluZz0idXRmLTgiIEV4cGVjdGVkSHR0cFN0YXR1c0NvZGU9IjAiIEV4cGVjdGVkUmVzcG9uc2VVcmw9IiIgUmVwb3J0aW5nTmFtZT0iIiBJZ25vcmVIdHRwU3RhdHVzQ29kZT0iRmFsc2UiPg0KICAgICAgPERlcGVuZGVudFJlcXVlc3RzPg0KICAgICAgICA8UmVxdWVzdCBNZXRob2Q9IlBPU1QiIEd1aWQ9ImMxY2M2YWUxLWNkM2EtNDI5OC1iMTgwLWYyMTM1ZWUxYzk1NSIgVmVyc2lvbj0iMS4xIiBVcmw9Imh0dHA6Ly9sb2NhbGhvc3Q6MTc1NDkvYTQ2ODAwMDgzZTI5NDM5YTg1ZDIxNmRiYzkyMDNiOTQvYXJ0ZXJ5U2lnbmFsUi9hYm9ydCIgVGhpbmtUaW1lPSIwIiBUaW1lb3V0PSIzMDAiIFBhcnNlRGVwZW5kZW50UmVxdWVzdHM9IlRydWUiIEZvbGxvd1JlZGlyZWN0cz0iVHJ1ZSIgUmVjb3JkUmVzdWx0PSJUcnVlIiBDYWNoZT0iRmFsc2UiIFJlc3BvbnNlVGltZUdvYWw9IjAiIEVuY29kaW5nPSJ1dGYtOCIgRXhwZWN0ZWRIdHRwU3RhdHVzQ29kZT0iMCIgRXhwZWN0ZWRSZXNwb25zZVVybD0iIiBSZXBvcnRpbmdOYW1lPSIiIElnbm9yZUh0dHBTdGF0dXNDb2RlPSJGYWxzZSI+DQogICAgICAgICAgPEhlYWRlcnM+DQogICAgICAgICAgICA8SGVhZGVyIE5hbWU9IkFjY2VwdCIgVmFsdWU9InRleHQvcGxhaW4sICovKjsgcT0wLjAxIiAvPg0KICAgICAgICAgICAgPEhlYWRlciBOYW1lPSJSZWZlcmVyIiBWYWx1ZT0iaHR0cDovL2xvY2FsaG9zdDo0NjIzL0FwcC9DcmVhdGUiIC8+DQogICAgICAgICAgPC9IZWFkZXJzPg0KICAgICAgICAgIDxRdWVyeVN0cmluZ1BhcmFtZXRlcnM+DQogICAgICAgICAgICA8UXVlcnlTdHJpbmdQYXJhbWV0ZXIgTmFtZT0idHJhbnNwb3J0IiBWYWx1ZT0ibG9uZ1BvbGxpbmciIFJlY29yZGVkVmFsdWU9ImxvbmdQb2xsaW5nIiBDb3JyZWxhdGlvbkJpbmRpbmc9IiIgVXJsRW5jb2RlPSJGYWxzZSIgVXNlVG9Hcm91cFJlc3VsdHM9IkZhbHNlIiAvPg0KICAgICAgICAgICAgPFF1ZXJ5U3RyaW5nUGFyYW1ldGVyIE5hbWU9ImNvbm5lY3Rpb25Ub2tlbiIgVmFsdWU9IkFRQUFBTkNNbmQ4QkZkRVJqSG9Bd0UlMkZDbCUyQnNCQUFBQXo4c0UxUFZvYVVtdGw3ZFRGdVlYN0FBQUFBQUNBQUFBQUFBUVpnQUFBQUVBQUNBQUFBQWVYMSUyRkFaT0ZIQmpIZlViVGFGMW1vc3diR0xRajdtaXJyZkdNZ2VnbkxQQUFBQUFBT2dBQUFBQUlBQUNBQUFBQUZnSGRHUzZva2Y2Y0o2MzRHdDc3dTJGaDNoR3klMkZ0bGY4am85U0dXRE9jREFBQUFEbU5sdDhxdVp6TGM3cUdzNk43TjJzZ3JUb09FTGhlZGxiYlIlMkJmSHllSldDSlR1Y1Z4a3BBdzFMbFdPRHQ5eFFKQUFBQUFwelR2aW9VbmxVdFF1VjRKbzlQTUdOd1hYZTFsNUFpUkJQMnVqZmNlZkdyU1pCcVA5SkhmODI2c0tuR0dyQ0ljSUZMRmQwakVVbmFkY2MzMXc2NVBIdyUzRCUzRCIgUmVjb3JkZWRWYWx1ZT0iQVFBQUFOQ01uZDhCRmRFUmpIb0F3RSUyRkNsJTJCc0JBQUFBejhzRTFQVm9hVW10bDdkVEZ1WVg3QUFBQUFBQ0FBQUFBQUFRWmdBQUFBRUFBQ0FBQUFBZVgxJTJGQVpPRkhCakhmVWJUYUYxbW9zd2JHTFFqN21pcnJmR01nZWduTFBBQUFBQUFPZ0FBQUFBSUFBQ0FBQUFBRmdIZEdTNm9rZjZjSjYzNEd0Nzd1MkZoM2hHeSUyRnRsZjhqbzlTR1dET2NEQUFBQURtTmx0OHF1WnpMYzdxR3M2TjdOMnNnclRvT0VMaGVkbGJiUiUyQmZIeWVKV0NKVHVjVnhrcEF3MUxsV09EdDl4UUpBQUFBQXB6VHZpb1VubFV0UXVWNEpvOVBNR053WFhlMWw1QWlSQlAydWpmY2VmR3JTWkJxUDlKSGY4MjZzS25HR3JDSWNJRkxGZDBqRVVuYWRjYzMxdzY1UEh3JTNEJTNEIiBDb3JyZWxhdGlvbkJpbmRpbmc9IiIgVXJsRW5jb2RlPSJGYWxzZSIgVXNlVG9Hcm91cFJlc3VsdHM9IkZhbHNlIiAvPg0KICAgICAgICAgICAgPFF1ZXJ5U3RyaW5nUGFyYW1ldGVyIE5hbWU9InJlcXVlc3RVcmwiIFZhbHVlPSJodHRwJTNBJTJGJTJGbG9jYWxob3N0JTNBNDYyMyUyRkFwcCUyRkNyZWF0ZSIgUmVjb3JkZWRWYWx1ZT0iaHR0cCUzQSUyRiUyRmxvY2FsaG9zdCUzQTQ2MjMlMkZBcHAlMkZDcmVhdGUiIENvcnJlbGF0aW9uQmluZGluZz0iIiBVcmxFbmNvZGU9IkZhbHNlIiBVc2VUb0dyb3VwUmVzdWx0cz0iRmFsc2UiIC8+DQogICAgICAgICAgICA8UXVlcnlTdHJpbmdQYXJhbWV0ZXIgTmFtZT0iYnJvd3Nlck5hbWUiIFZhbHVlPSJJbnRlcm5ldCtFeHBsb3JlciIgUmVjb3JkZWRWYWx1ZT0iSW50ZXJuZXQrRXhwbG9yZXIiIENvcnJlbGF0aW9uQmluZGluZz0iIiBVcmxFbmNvZGU9IkZhbHNlIiBVc2VUb0dyb3VwUmVzdWx0cz0iRmFsc2UiIC8+DQogICAgICAgICAgPC9RdWVyeVN0cmluZ1BhcmFtZXRlcnM+DQogICAgICAgICAgPEZvcm1Qb3N0SHR0cEJvZHkgLz4NCiAgICAgICAgPC9SZXF1ZXN0Pg0KICAgICAgPC9EZXBlbmRlbnRSZXF1ZXN0cz4NCiAgICAgIDxIZWFkZXJzPg0KICAgICAgICA8SGVhZGVyIE5hbWU9IlJlZmVyZXIiIFZhbHVlPSJodHRwOi8vbG9jYWxob3N0OjQ2MjMvQXBwL0NyZWF0ZSIgLz4NCiAgICAgIDwvSGVhZGVycz4NCiAgICAgIDxDb3JyZWxhdGlvbkV4dHJhY3Rpb25SdWxlcz4NCiAgICAgICAgPEV4dHJhY3Rpb25SdWxlIENsYXNzbmFtZT0iTWljcm9zb2Z0LlZpc3VhbFN0dWRpby5UZXN0VG9vbHMuV2ViVGVzdGluZy5SdWxlcy5FeHRyYWN0Rm9ybUZpZWxkLCBNaWNyb3NvZnQuVmlzdWFsU3R1ZGlvLlF1YWxpdHlUb29scy5XZWJUZXN0RnJhbWV3b3JrLCBWZXJzaW9uPTEwLjAuMC4wLCBDdWx0dXJlPW5ldXRyYWwsIFB1YmxpY0tleVRva2VuPWIwM2Y1ZjdmMTFkNTBhM2EiIFZhcmlhYmxlTmFtZT0iRm9ybVBvc3RQYXJhbTUuUmVkaXJlY3RVcmkiIERpc3BsYXlOYW1lPSIiIERlc2NyaXB0aW9uPSIiPg0KICAgICAgICAgIDxSdWxlUGFyYW1ldGVycz4NCiAgICAgICAgICAgIDxSdWxlUGFyYW1ldGVyIE5hbWU9Ik5hbWUiIFZhbHVlPSJSZWRpcmVjdFVyaSIgLz4NCiAgICAgICAgICAgIDxSdWxlUGFyYW1ldGVyIE5hbWU9Ikh0bWxEZWNvZGUiIFZhbHVlPSJUcnVlIiAvPg0KICAgICAgICAgICAgPFJ1bGVQYXJhbWV0ZXIgTmFtZT0iUmVxdWlyZWQiIFZhbHVlPSJGYWxzZSIgLz4NCiAgICAgICAgICAgIDxSdWxlUGFyYW1ldGVyIE5hbWU9IkluZGV4IiBWYWx1ZT0iMCIgLz4NCiAgICAgICAgICA8L1J1bGVQYXJhbWV0ZXJzPg0KICAgICAgICA8L0V4dHJhY3Rpb25SdWxlPg0KICAgICAgICA8RXh0cmFjdGlvblJ1bGUgQ2xhc3NuYW1lPSJNaWNyb3NvZnQuVmlzdWFsU3R1ZGlvLlRlc3RUb29scy5XZWJUZXN0aW5nLlJ1bGVzLkV4dHJhY3RUZXh0LCBNaWNyb3NvZnQuVmlzdWFsU3R1ZGlvLlF1YWxpdHlUb29scy5XZWJUZXN0RnJhbWV3b3JrLCBWZXJzaW9uPTEwLjAuMC4wLCBDdWx0dXJlPW5ldXRyYWwsIFB1YmxpY0tleVRva2VuPWIwM2Y1ZjdmMTFkNTBhM2EiIFZhcmlhYmxlTmFtZT0iRm9ybVBvc3RQYXJhbTYuRGVzY3JpcHRpb24iIERpc3BsYXlOYW1lPSIiIERlc2NyaXB0aW9uPSIiPg0KICAgICAgICAgIDxSdWxlUGFyYW1ldGVycz4NCiAgICAgICAgICAgIDxSdWxlUGFyYW1ldGVyIE5hbWU9IlN0YXJ0c1dpdGgiIFZhbHVlPSJsdWU9JnF1b3Q7IiAvPg0KICAgICAgICAgICAgPFJ1bGVQYXJhbWV0ZXIgTmFtZT0iRW5kc1dpdGgiIFZhbHVlPSImcXVvdDsgLyZndDsmbHQ7IiAvPg0KICAgICAgICAgICAgPFJ1bGVQYXJhbWV0ZXIgTmFtZT0iSW5kZXgiIFZhbHVlPSIxIiAvPg0KICAgICAgICAgICAgPFJ1bGVQYXJhbWV0ZXIgTmFtZT0iSWdub3JlQ2FzZSIgVmFsdWU9IkZhbHNlIiAvPg0KICAgICAgICAgICAgPFJ1bGVQYXJhbWV0ZXIgTmFtZT0iVXNlUmVndWxhckV4cHJlc3Npb24iIFZhbHVlPSJGYWxzZSIgLz4NCiAgICAgICAgICAgIDxSdWxlUGFyYW1ldGVyIE5hbWU9Ikh0bWxEZWNvZGUiIFZhbHVlPSJUcnVlIiAvPg0KICAgICAgICAgICAgPFJ1bGVQYXJhbWV0ZXIgTmFtZT0iUmVxdWlyZWQiIFZhbHVlPSJGYWxzZSIgLz4NCiAgICAgICAgICA8L1J1bGVQYXJhbWV0ZXJzPg0KICAgICAgICA8L0V4dHJhY3Rpb25SdWxlPg0KICAgICAgPC9Db3JyZWxhdGlvbkV4dHJhY3Rpb25SdWxlcz4NCiAgICAgIDxGb3JtUG9zdEh0dHBCb2R5Pg0KICAgICAgICA8Rm9ybVBvc3RQYXJhbWV0ZXIgTmFtZT0iTmFtZSIgVmFsdWU9IlRlc3QzIiBSZWNvcmRlZFZhbHVlPSJUZXN0MyIgQ29ycmVsYXRpb25CaW5kaW5nPSIiIFVybEVuY29kZT0iVHJ1ZSIgLz4NCiAgICAgICAgPEZvcm1Qb3N0UGFyYW1ldGVyIE5hbWU9IkRlc2NyaXB0aW9uIiBWYWx1ZT0idHR0IiBSZWNvcmRlZFZhbHVlPSJ0dHQiIENvcnJlbGF0aW9uQmluZGluZz0iIiBVcmxFbmNvZGU9IlRydWUiIC8+DQogICAgICAgIDxGb3JtUG9zdFBhcmFtZXRlciBOYW1lPSJSZWRpcmVjdFVyaSIgVmFsdWU9InR0dCIgUmVjb3JkZWRWYWx1ZT0idHR0IiBDb3JyZWxhdGlvbkJpbmRpbmc9IiIgVXJsRW5jb2RlPSJUcnVlIiAvPg0KICAgICAgPC9Gb3JtUG9zdEh0dHBCb2R5Pg0KICAgIDwvUmVxdWVzdD4NCiAgICA8UmVxdWVzdCBNZXRob2Q9IlBPU1QiIEd1aWQ9ImFiN2U5MmU3LWFjZTgtNDAxNC04ZjU2LTNkZWFhZTljMDFiMCIgVmVyc2lvbj0iMS4xIiBVcmw9Imh0dHA6Ly9sb2NhbGhvc3Q6MTc1NDkvYTQ2ODAwMDgzZTI5NDM5YTg1ZDIxNmRiYzkyMDNiOTQvYXJ0ZXJ5U2lnbmFsUi9uZWdvdGlhdGUiIFRoaW5rVGltZT0iMCIgVGltZW91dD0iMzAwIiBQYXJzZURlcGVuZGVudFJlcXVlc3RzPSJUcnVlIiBGb2xsb3dSZWRpcmVjdHM9IlRydWUiIFJlY29yZFJlc3VsdD0iVHJ1ZSIgQ2FjaGU9IkZhbHNlIiBSZXNwb25zZVRpbWVHb2FsPSIwIiBFbmNvZGluZz0idXRmLTgiIEV4cGVjdGVkSHR0cFN0YXR1c0NvZGU9IjAiIEV4cGVjdGVkUmVzcG9uc2VVcmw9IiIgUmVwb3J0aW5nTmFtZT0iIiBJZ25vcmVIdHRwU3RhdHVzQ29kZT0iRmFsc2UiPg0KICAgICAgPEhlYWRlcnM+DQogICAgICAgIDxIZWFkZXIgTmFtZT0iQ29udGVudC1UeXBlIiBWYWx1ZT0iYXBwbGljYXRpb24veC13d3ctZm9ybS11cmxlbmNvZGVkOyBjaGFyc2V0PVVURi04IiAvPg0KICAgICAgICA8SGVhZGVyIE5hbWU9IkFjY2VwdCIgVmFsdWU9InRleHQvcGxhaW4sICovKjsgcT0wLjAxIiAvPg0KICAgICAgICA8SGVhZGVyIE5hbWU9IlJlZmVyZXIiIFZhbHVlPSJodHRwOi8vbG9jYWxob3N0OjQ2MjMvQXBwL0NyZWF0ZSIgLz4NCiAgICAgIDwvSGVhZGVycz4NCiAgICAgIDxRdWVyeVN0cmluZ1BhcmFtZXRlcnM+DQogICAgICAgIDxRdWVyeVN0cmluZ1BhcmFtZXRlciBOYW1lPSJyZXF1ZXN0VXJsIiBWYWx1ZT0iaHR0cCUzQSUyRiUyRmxvY2FsaG9zdCUzQTQ2MjMlMkZBcHAlMkZDcmVhdGUiIFJlY29yZGVkVmFsdWU9Imh0dHAlM0ElMkYlMkZsb2NhbGhvc3QlM0E0NjIzJTJGQXBwJTJGQ3JlYXRlIiBDb3JyZWxhdGlvbkJpbmRpbmc9IiIgVXJsRW5jb2RlPSJGYWxzZSIgVXNlVG9Hcm91cFJlc3VsdHM9IkZhbHNlIiAvPg0KICAgICAgICA8UXVlcnlTdHJpbmdQYXJhbWV0ZXIgTmFtZT0iYnJvd3Nlck5hbWUiIFZhbHVlPSJJbnRlcm5ldCtFeHBsb3JlciIgUmVjb3JkZWRWYWx1ZT0iSW50ZXJuZXQrRXhwbG9yZXIiIENvcnJlbGF0aW9uQmluZGluZz0iIiBVcmxFbmNvZGU9IkZhbHNlIiBVc2VUb0dyb3VwUmVzdWx0cz0iRmFsc2UiIC8+DQogICAgICAgIDxRdWVyeVN0cmluZ1BhcmFtZXRlciBOYW1lPSJjbGllbnRQcm90b2NvbCIgVmFsdWU9IjEuMyIgUmVjb3JkZWRWYWx1ZT0iMS4zIiBDb3JyZWxhdGlvbkJpbmRpbmc9IiIgVXJsRW5jb2RlPSJGYWxzZSIgVXNlVG9Hcm91cFJlc3VsdHM9IkZhbHNlIiAvPg0KICAgICAgICA8UXVlcnlTdHJpbmdQYXJhbWV0ZXIgTmFtZT0iXyIgVmFsdWU9IjEzOTc2MzA5ODQ0NjgiIFJlY29yZGVkVmFsdWU9IjEzOTc2MzA5ODQ0NjgiIENvcnJlbGF0aW9uQmluZGluZz0iIiBVcmxFbmNvZGU9IkZhbHNlIiBVc2VUb0dyb3VwUmVzdWx0cz0iRmFsc2UiIC8+DQogICAgICA8L1F1ZXJ5U3RyaW5nUGFyYW1ldGVycz4NCiAgICAgIDxGb3JtUG9zdEh0dHBCb2R5IC8+DQogICAgPC9SZXF1ZXN0Pg0KICAgIDxSZXF1ZXN0IE1ldGhvZD0iUE9TVCIgR3VpZD0iMTI3MWMzZmEtZTVlYS00NzgzLTk3ZTYtM2YyNDUzYWYwZWE5IiBWZXJzaW9uPSIxLjEiIFVybD0iaHR0cDovL2xvY2FsaG9zdDoxNzU0OS9hNDY4MDAwODNlMjk0MzlhODVkMjE2ZGJjOTIwM2I5NC9hcnRlcnlTaWduYWxSL2Nvbm5lY3QiIFRoaW5rVGltZT0iMCIgVGltZW91dD0iMzAwIiBQYXJzZURlcGVuZGVudFJlcXVlc3RzPSJUcnVlIiBGb2xsb3dSZWRpcmVjdHM9IlRydWUiIFJlY29yZFJlc3VsdD0iVHJ1ZSIgQ2FjaGU9IkZhbHNlIiBSZXNwb25zZVRpbWVHb2FsPSIwIiBFbmNvZGluZz0idXRmLTgiIEV4cGVjdGVkSHR0cFN0YXR1c0NvZGU9IjAiIEV4cGVjdGVkUmVzcG9uc2VVcmw9IiIgUmVwb3J0aW5nTmFtZT0iIiBJZ25vcmVIdHRwU3RhdHVzQ29kZT0iRmFsc2UiPg0KICAgICAgPEhlYWRlcnM+DQogICAgICAgIDxIZWFkZXIgTmFtZT0iQ29udGVudC1UeXBlIiBWYWx1ZT0iYXBwbGljYXRpb24veC13d3ctZm9ybS11cmxlbmNvZGVkOyBjaGFyc2V0PVVURi04IiAvPg0KICAgICAgICA8SGVhZGVyIE5hbWU9IkFjY2VwdCIgVmFsdWU9InRleHQvcGxhaW4sICovKjsgcT0wLjAxIiAvPg0KICAgICAgICA8SGVhZGVyIE5hbWU9IlJlZmVyZXIiIFZhbHVlPSJodHRwOi8vbG9jYWxob3N0OjQ2MjMvQXBwL0NyZWF0ZSIgLz4NCiAgICAgIDwvSGVhZGVycz4NCiAgICAgIDxRdWVyeVN0cmluZ1BhcmFtZXRlcnM+DQogICAgICAgIDxRdWVyeVN0cmluZ1BhcmFtZXRlciBOYW1lPSJ0cmFuc3BvcnQiIFZhbHVlPSJsb25nUG9sbGluZyIgUmVjb3JkZWRWYWx1ZT0ibG9uZ1BvbGxpbmciIENvcnJlbGF0aW9uQmluZGluZz0iIiBVcmxFbmNvZGU9IkZhbHNlIiBVc2VUb0dyb3VwUmVzdWx0cz0iRmFsc2UiIC8+DQogICAgICAgIDxRdWVyeVN0cmluZ1BhcmFtZXRlciBOYW1lPSJjb25uZWN0aW9uVG9rZW4iIFZhbHVlPSJBUUFBQU5DTW5kOEJGZEVSakhvQXdFJTJGQ2wlMkJzQkFBQUF6OHNFMVBWb2FVbXRsN2RURnVZWDdBQUFBQUFDQUFBQUFBQVFaZ0FBQUFFQUFDQUFBQUF1dWdFVjhUaWRBRnFTQjE5bEt4blZHUE5oUEhIQXoxVTc3MlFGSzB5SmdRQUFBQUFPZ0FBQUFBSUFBQ0FBQUFBeFlkOFpLTVhURUQ4VG1MSkJKbGZwM3FyYkd4MnNRUlNFQVRLNnRJOWdtakFBQUFBU0tPJTJCOHRXUTJTemY2Z2dOWXV0eUt1NjglMkJWTW1BSyUyQkhDU3VTV3I4SVNaJTJGTlolMkIlMkZHNTFhbEF5RVlZVFhHTmkwTkFBQUFBY2JRYSUyRmtxS2E3Wmc4bk5ObFNkM3oyTlBxcjJ5ZWZPSTg0d3kwaG9oaUFmbURlQUFDeUdsZXVGSVQwdWFxalI4UnBzejJHbVlqUmZZRXNHRDZHeERIdyUzRCUzRCIgUmVjb3JkZWRWYWx1ZT0iQVFBQUFOQ01uZDhCRmRFUmpIb0F3RSUyRkNsJTJCc0JBQUFBejhzRTFQVm9hVW10bDdkVEZ1WVg3QUFBQUFBQ0FBQUFBQUFRWmdBQUFBRUFBQ0FBQUFBdXVnRVY4VGlkQUZxU0IxOWxLeG5WR1BOaFBISEF6MVU3NzJRRksweUpnUUFBQUFBT2dBQUFBQUlBQUNBQUFBQXhZZDhaS01YVEVEOFRtTEpCSmxmcDNxcmJHeDJzUVJTRUFUSzZ0STlnbWpBQUFBQVNLTyUyQjh0V1EyU3pmNmdnTll1dHlLdTY4JTJCVk1tQUslMkJIQ1N1U1dyOElTWiUyRk5aJTJCJTJGRzUxYWxBeUVZWVRYR05pME5BQUFBQWNiUWElMkZrcUthN1pnOG5OTmxTZDN6Mk5QcXIyeWVmT0k4NHd5MGhvaGlBZm1EZUFBQ3lHbGV1RklUMHVhcWpSOFJwc3oyR21ZalJmWUVzR0Q2R3hESHclM0QlM0QiIENvcnJlbGF0aW9uQmluZGluZz0iIiBVcmxFbmNvZGU9IkZhbHNlIiBVc2VUb0dyb3VwUmVzdWx0cz0iRmFsc2UiIC8+DQogICAgICAgIDxRdWVyeVN0cmluZ1BhcmFtZXRlciBOYW1lPSJyZXF1ZXN0VXJsIiBWYWx1ZT0iaHR0cCUzQSUyRiUyRmxvY2FsaG9zdCUzQTQ2MjMlMkZBcHAlMkZDcmVhdGUiIFJlY29yZGVkVmFsdWU9Imh0dHAlM0ElMkYlMkZsb2NhbGhvc3QlM0E0NjIzJTJGQXBwJTJGQ3JlYXRlIiBDb3JyZWxhdGlvbkJpbmRpbmc9IiIgVXJsRW5jb2RlPSJGYWxzZSIgVXNlVG9Hcm91cFJlc3VsdHM9IkZhbHNlIiAvPg0KICAgICAgICA8UXVlcnlTdHJpbmdQYXJhbWV0ZXIgTmFtZT0iYnJvd3Nlck5hbWUiIFZhbHVlPSJJbnRlcm5ldCtFeHBsb3JlciIgUmVjb3JkZWRWYWx1ZT0iSW50ZXJuZXQrRXhwbG9yZXIiIENvcnJlbGF0aW9uQmluZGluZz0iIiBVcmxFbmNvZGU9IkZhbHNlIiBVc2VUb0dyb3VwUmVzdWx0cz0iRmFsc2UiIC8+DQogICAgICAgIDxRdWVyeVN0cmluZ1BhcmFtZXRlciBOYW1lPSJ0aWQiIFZhbHVlPSI0IiBSZWNvcmRlZFZhbHVlPSI0IiBDb3JyZWxhdGlvbkJpbmRpbmc9IiIgVXJsRW5jb2RlPSJGYWxzZSIgVXNlVG9Hcm91cFJlc3VsdHM9IkZhbHNlIiAvPg0KICAgICAgICA8UXVlcnlTdHJpbmdQYXJhbWV0ZXIgTmFtZT0iXyIgVmFsdWU9IjEzOTc2MzA5ODUxMDgiIFJlY29yZGVkVmFsdWU9IjEzOTc2MzA5ODUxMDgiIENvcnJlbGF0aW9uQmluZGluZz0iIiBVcmxFbmNvZGU9IkZhbHNlIiBVc2VUb0dyb3VwUmVzdWx0cz0iRmFsc2UiIC8+DQogICAgICA8L1F1ZXJ5U3RyaW5nUGFyYW1ldGVycz4NCiAgICAgIDxGb3JtUG9zdEh0dHBCb2R5IC8+DQogICAgPC9SZXF1ZXN0Pg0KICAgIDxSZXF1ZXN0IE1ldGhvZD0iUE9TVCIgR3VpZD0iZmZjY2Y4YjEtZGJhNC00NDUxLWFiMmEtYzExYmNkYzM5Y2E2IiBWZXJzaW9uPSIxLjEiIFVybD0iaHR0cDovL2xvY2FsaG9zdDoxNzU0OS9hNDY4MDAwODNlMjk0MzlhODVkMjE2ZGJjOTIwM2I5NC9hcnRlcnlTaWduYWxSL3NlbmQiIFRoaW5rVGltZT0iMCIgVGltZW91dD0iMzAwIiBQYXJzZURlcGVuZGVudFJlcXVlc3RzPSJUcnVlIiBGb2xsb3dSZWRpcmVjdHM9IlRydWUiIFJlY29yZFJlc3VsdD0iVHJ1ZSIgQ2FjaGU9IkZhbHNlIiBSZXNwb25zZVRpbWVHb2FsPSIwIiBFbmNvZGluZz0idXRmLTgiIEV4cGVjdGVkSHR0cFN0YXR1c0NvZGU9IjAiIEV4cGVjdGVkUmVzcG9uc2VVcmw9IiIgUmVwb3J0aW5nTmFtZT0iIiBJZ25vcmVIdHRwU3RhdHVzQ29kZT0iRmFsc2UiPg0KICAgICAgPEhlYWRlcnM+DQogICAgICAgIDxIZWFkZXIgTmFtZT0iQWNjZXB0IiBWYWx1ZT0idGV4dC9wbGFpbiwgKi8qOyBxPTAuMDEiIC8+DQogICAgICAgIDxIZWFkZXIgTmFtZT0iUmVmZXJlciIgVmFsdWU9Imh0dHA6Ly9sb2NhbGhvc3Q6NDYyMy9BcHAvQ3JlYXRlIiAvPg0KICAgICAgPC9IZWFkZXJzPg0KICAgICAgPFF1ZXJ5U3RyaW5nUGFyYW1ldGVycz4NCiAgICAgICAgPFF1ZXJ5U3RyaW5nUGFyYW1ldGVyIE5hbWU9InRyYW5zcG9ydCIgVmFsdWU9ImxvbmdQb2xsaW5nIiBSZWNvcmRlZFZhbHVlPSJsb25nUG9sbGluZyIgQ29ycmVsYXRpb25CaW5kaW5nPSIiIFVybEVuY29kZT0iRmFsc2UiIFVzZVRvR3JvdXBSZXN1bHRzPSJGYWxzZSIgLz4NCiAgICAgICAgPFF1ZXJ5U3RyaW5nUGFyYW1ldGVyIE5hbWU9ImNvbm5lY3Rpb25Ub2tlbiIgVmFsdWU9IkFRQUFBTkNNbmQ4QkZkRVJqSG9Bd0UlMkZDbCUyQnNCQUFBQXo4c0UxUFZvYVVtdGw3ZFRGdVlYN0FBQUFBQUNBQUFBQUFBUVpnQUFBQUVBQUNBQUFBQXV1Z0VWOFRpZEFGcVNCMTlsS3huVkdQTmhQSEhBejFVNzcyUUZLMHlKZ1FBQUFBQU9nQUFBQUFJQUFDQUFBQUF4WWQ4WktNWFRFRDhUbUxKQkpsZnAzcXJiR3gyc1FSU0VBVEs2dEk5Z21qQUFBQUFTS08lMkI4dFdRMlN6ZjZnZ05ZdXR5S3U2OCUyQlZNbUFLJTJCSENTdVNXcjhJU1olMkZOWiUyQiUyRkc1MWFsQXlFWVlUWEdOaTBOQUFBQUFjYlFhJTJGa3FLYTdaZzhuTk5sU2QzejJOUHFyMnllZk9JODR3eTBob2hpQWZtRGVBQUN5R2xldUZJVDB1YXFqUjhScHN6MkdtWWpSZllFc0dENkd4REh3JTNEJTNEIiBSZWNvcmRlZFZhbHVlPSJBUUFBQU5DTW5kOEJGZEVSakhvQXdFJTJGQ2wlMkJzQkFBQUF6OHNFMVBWb2FVbXRsN2RURnVZWDdBQUFBQUFDQUFBQUFBQVFaZ0FBQUFFQUFDQUFBQUF1dWdFVjhUaWRBRnFTQjE5bEt4blZHUE5oUEhIQXoxVTc3MlFGSzB5SmdRQUFBQUFPZ0FBQUFBSUFBQ0FBQUFBeFlkOFpLTVhURUQ4VG1MSkJKbGZwM3FyYkd4MnNRUlNFQVRLNnRJOWdtakFBQUFBU0tPJTJCOHRXUTJTemY2Z2dOWXV0eUt1NjglMkJWTW1BSyUyQkhDU3VTV3I4SVNaJTJGTlolMkIlMkZHNTFhbEF5RVlZVFhHTmkwTkFBQUFBY2JRYSUyRmtxS2E3Wmc4bk5ObFNkM3oyTlBxcjJ5ZWZPSTg0d3kwaG9oaUFmbURlQUFDeUdsZXVGSVQwdWFxalI4UnBzejJHbVlqUmZZRXNHRDZHeERIdyUzRCUzRCIgQ29ycmVsYXRpb25CaW5kaW5nPSIiIFVybEVuY29kZT0iRmFsc2UiIFVzZVRvR3JvdXBSZXN1bHRzPSJGYWxzZSIgLz4NCiAgICAgICAgPFF1ZXJ5U3RyaW5nUGFyYW1ldGVyIE5hbWU9InJlcXVlc3RVcmwiIFZhbHVlPSJodHRwJTNBJTJGJTJGbG9jYWxob3N0JTNBNDYyMyUyRkFwcCUyRkNyZWF0ZSIgUmVjb3JkZWRWYWx1ZT0iaHR0cCUzQSUyRiUyRmxvY2FsaG9zdCUzQTQ2MjMlMkZBcHAlMkZDcmVhdGUiIENvcnJlbGF0aW9uQmluZGluZz0iIiBVcmxFbmNvZGU9IkZhbHNlIiBVc2VUb0dyb3VwUmVzdWx0cz0iRmFsc2UiIC8+DQogICAgICAgIDxRdWVyeVN0cmluZ1BhcmFtZXRlciBOYW1lPSJicm93c2VyTmFtZSIgVmFsdWU9IkludGVybmV0K0V4cGxvcmVyIiBSZWNvcmRlZFZhbHVlPSJJbnRlcm5ldCtFeHBsb3JlciIgQ29ycmVsYXRpb25CaW5kaW5nPSIiIFVybEVuY29kZT0iRmFsc2UiIFVzZVRvR3JvdXBSZXN1bHRzPSJGYWxzZSIgLz4NCiAgICAgIDwvUXVlcnlTdHJpbmdQYXJhbWV0ZXJzPg0KICAgICAgPEZvcm1Qb3N0SHR0cEJvZHk+DQogICAgICAgIDxGb3JtUG9zdFBhcmFtZXRlciBOYW1lPSJkYXRhIiBWYWx1ZT0ieyZxdW90O25hbWUmcXVvdDs6JnF1b3Q7TWljcm9zb2Z0LlZpc3VhbFN0dWRpby5XZWIuQnJvd3NlckxpbmsuQ29yZUV4dGVuc2lvbkZhY3RvcnkuY29ubmVjdGVkJnF1b3Q7LCZxdW90O2NhbGxiYWNrSWQmcXVvdDs6MX0iIFJlY29yZGVkVmFsdWU9InsmcXVvdDtuYW1lJnF1b3Q7OiZxdW90O01pY3Jvc29mdC5WaXN1YWxTdHVkaW8uV2ViLkJyb3dzZXJMaW5rLkNvcmVFeHRlbnNpb25GYWN0b3J5LmNvbm5lY3RlZCZxdW90OywmcXVvdDtjYWxsYmFja0lkJnF1b3Q7OjF9IiBDb3JyZWxhdGlvbkJpbmRpbmc9IiIgVXJsRW5jb2RlPSJUcnVlIiAvPg0KICAgICAgPC9Gb3JtUG9zdEh0dHBCb2R5Pg0KICAgIDwvUmVxdWVzdD4NCiAgICA8UmVxdWVzdCBNZXRob2Q9IlBPU1QiIEd1aWQ9IjdmMzdiZTQ1LTE0MmItNDE1OS05MjI0LTBkMmNmNjY5ZDI2MyIgVmVyc2lvbj0iMS4xIiBVcmw9Imh0dHA6Ly9sb2NhbGhvc3Q6MTc1NDkvYTQ2ODAwMDgzZTI5NDM5YTg1ZDIxNmRiYzkyMDNiOTQvYXJ0ZXJ5U2lnbmFsUi9wb2xsIiBUaGlua1RpbWU9IjAiIFRpbWVvdXQ9IjMwMCIgUGFyc2VEZXBlbmRlbnRSZXF1ZXN0cz0iVHJ1ZSIgRm9sbG93UmVkaXJlY3RzPSJUcnVlIiBSZWNvcmRSZXN1bHQ9IlRydWUiIENhY2hlPSJGYWxzZSIgUmVzcG9uc2VUaW1lR29hbD0iMCIgRW5jb2Rpbmc9InV0Zi04IiBFeHBlY3RlZEh0dHBTdGF0dXNDb2RlPSIwIiBFeHBlY3RlZFJlc3BvbnNlVXJsPSIiIFJlcG9ydGluZ05hbWU9IiIgSWdub3JlSHR0cFN0YXR1c0NvZGU9IkZhbHNlIj4NCiAgICAgIDxIZWFkZXJzPg0KICAgICAgICA8SGVhZGVyIE5hbWU9IkNvbnRlbnQtVHlwZSIgVmFsdWU9ImFwcGxpY2F0aW9uL3gtd3d3LWZvcm0tdXJsZW5jb2RlZDsgY2hhcnNldD1VVEYtOCIgLz4NCiAgICAgICAgPEhlYWRlciBOYW1lPSJBY2NlcHQiIFZhbHVlPSJ0ZXh0L3BsYWluLCAqLyo7IHE9MC4wMSIgLz4NCiAgICAgICAgPEhlYWRlciBOYW1lPSJSZWZlcmVyIiBWYWx1ZT0iaHR0cDovL2xvY2FsaG9zdDo0NjIzL0FwcC9DcmVhdGUiIC8+DQogICAgICA8L0hlYWRlcnM+DQogICAgICA8UXVlcnlTdHJpbmdQYXJhbWV0ZXJzPg0KICAgICAgICA8UXVlcnlTdHJpbmdQYXJhbWV0ZXIgTmFtZT0idHJhbnNwb3J0IiBWYWx1ZT0ibG9uZ1BvbGxpbmciIFJlY29yZGVkVmFsdWU9ImxvbmdQb2xsaW5nIiBDb3JyZWxhdGlvbkJpbmRpbmc9IiIgVXJsRW5jb2RlPSJGYWxzZSIgVXNlVG9Hcm91cFJlc3VsdHM9IkZhbHNlIiAvPg0KICAgICAgICA8UXVlcnlTdHJpbmdQYXJhbWV0ZXIgTmFtZT0iY29ubmVjdGlvblRva2VuIiBWYWx1ZT0iQVFBQUFOQ01uZDhCRmRFUmpIb0F3RSUyRkNsJTJCc0JBQUFBejhzRTFQVm9hVW10bDdkVEZ1WVg3QUFBQUFBQ0FBQUFBQUFRWmdBQUFBRUFBQ0FBQUFBdXVnRVY4VGlkQUZxU0IxOWxLeG5WR1BOaFBISEF6MVU3NzJRRksweUpnUUFBQUFBT2dBQUFBQUlBQUNBQUFBQXhZZDhaS01YVEVEOFRtTEpCSmxmcDNxcmJHeDJzUVJTRUFUSzZ0STlnbWpBQUFBQVNLTyUyQjh0V1EyU3pmNmdnTll1dHlLdTY4JTJCVk1tQUslMkJIQ1N1U1dyOElTWiUyRk5aJTJCJTJGRzUxYWxBeUVZWVRYR05pME5BQUFBQWNiUWElMkZrcUthN1pnOG5OTmxTZDN6Mk5QcXIyeWVmT0k4NHd5MGhvaGlBZm1EZUFBQ3lHbGV1RklUMHVhcWpSOFJwc3oyR21ZalJmWUVzR0Q2R3hESHclM0QlM0QiIFJlY29yZGVkVmFsdWU9IkFRQUFBTkNNbmQ4QkZkRVJqSG9Bd0UlMkZDbCUyQnNCQUFBQXo4c0UxUFZvYVVtdGw3ZFRGdVlYN0FBQUFBQUNBQUFBQUFBUVpnQUFBQUVBQUNBQUFBQXV1Z0VWOFRpZEFGcVNCMTlsS3huVkdQTmhQSEhBejFVNzcyUUZLMHlKZ1FBQUFBQU9nQUFBQUFJQUFDQUFBQUF4WWQ4WktNWFRFRDhUbUxKQkpsZnAzcXJiR3gyc1FSU0VBVEs2dEk5Z21qQUFBQUFTS08lMkI4dFdRMlN6ZjZnZ05ZdXR5S3U2OCUyQlZNbUFLJTJCSENTdVNXcjhJU1olMkZOWiUyQiUyRkc1MWFsQXlFWVlUWEdOaTBOQUFBQUFjYlFhJTJGa3FLYTdaZzhuTk5sU2QzejJOUHFyMnllZk9JODR3eTBob2hpQWZtRGVBQUN5R2xldUZJVDB1YXFqUjhScHN6MkdtWWpSZllFc0dENkd4REh3JTNEJTNEIiBDb3JyZWxhdGlvbkJpbmRpbmc9IiIgVXJsRW5jb2RlPSJGYWxzZSIgVXNlVG9Hcm91cFJlc3VsdHM9IkZhbHNlIiAvPg0KICAgICAgICA8UXVlcnlTdHJpbmdQYXJhbWV0ZXIgTmFtZT0ibWVzc2FnZUlkIiBWYWx1ZT0iZC1BRkJCRkIxRS1CJTJDMCU3Q2MlMkMxJTdDZCUyQzAiIFJlY29yZGVkVmFsdWU9ImQtQUZCQkZCMUUtQiUyQzAlN0NjJTJDMSU3Q2QlMkMwIiBDb3JyZWxhdGlvbkJpbmRpbmc9IiIgVXJsRW5jb2RlPSJGYWxzZSIgVXNlVG9Hcm91cFJlc3VsdHM9IkZhbHNlIiAvPg0KICAgICAgICA8UXVlcnlTdHJpbmdQYXJhbWV0ZXIgTmFtZT0icmVxdWVzdFVybCIgVmFsdWU9Imh0dHAlM0ElMkYlMkZsb2NhbGhvc3QlM0E0NjIzJTJGQXBwJTJGQ3JlYXRlIiBSZWNvcmRlZFZhbHVlPSJodHRwJTNBJTJGJTJGbG9jYWxob3N0JTNBNDYyMyUyRkFwcCUyRkNyZWF0ZSIgQ29ycmVsYXRpb25CaW5kaW5nPSIiIFVybEVuY29kZT0iRmFsc2UiIFVzZVRvR3JvdXBSZXN1bHRzPSJGYWxzZSIgLz4NCiAgICAgICAgPFF1ZXJ5U3RyaW5nUGFyYW1ldGVyIE5hbWU9ImJyb3dzZXJOYW1lIiBWYWx1ZT0iSW50ZXJuZXQrRXhwbG9yZXIiIFJlY29yZGVkVmFsdWU9IkludGVybmV0K0V4cGxvcmVyIiBDb3JyZWxhdGlvbkJpbmRpbmc9IiIgVXJsRW5jb2RlPSJGYWxzZSIgVXNlVG9Hcm91cFJlc3VsdHM9IkZhbHNlIiAvPg0KICAgICAgICA8UXVlcnlTdHJpbmdQYXJhbWV0ZXIgTmFtZT0idGlkIiBWYWx1ZT0iMSIgUmVjb3JkZWRWYWx1ZT0iMSIgQ29ycmVsYXRpb25CaW5kaW5nPSIiIFVybEVuY29kZT0iRmFsc2UiIFVzZVRvR3JvdXBSZXN1bHRzPSJGYWxzZSIgLz4NCiAgICAgICAgPFF1ZXJ5U3RyaW5nUGFyYW1ldGVyIE5hbWU9Il8iIFZhbHVlPSIxMzk3NjMwOTg1MTkyIiBSZWNvcmRlZFZhbHVlPSIxMzk3NjMwOTg1MTkyIiBDb3JyZWxhdGlvbkJpbmRpbmc9IiIgVXJsRW5jb2RlPSJGYWxzZSIgVXNlVG9Hcm91cFJlc3VsdHM9IkZhbHNlIiAvPg0KICAgICAgPC9RdWVyeVN0cmluZ1BhcmFtZXRlcnM+DQogICAgICA8Rm9ybVBvc3RIdHRwQm9keSAvPg0KICAgIDwvUmVxdWVzdD4NCiAgICA8UmVxdWVzdCBNZXRob2Q9IlBPU1QiIEd1aWQ9IjExNDViYWM4LTRmY2UtNDM4Ny05YzM0LWVmYTlkM2EzMjcxOCIgVmVyc2lvbj0iMS4xIiBVcmw9Imh0dHA6Ly9sb2NhbGhvc3Q6MTc1NDkvYTQ2ODAwMDgzZTI5NDM5YTg1ZDIxNmRiYzkyMDNiOTQvYXJ0ZXJ5U2lnbmFsUi9zZW5kIiBUaGlua1RpbWU9IjAiIFRpbWVvdXQ9IjMwMCIgUGFyc2VEZXBlbmRlbnRSZXF1ZXN0cz0iVHJ1ZSIgRm9sbG93UmVkaXJlY3RzPSJUcnVlIiBSZWNvcmRSZXN1bHQ9IlRydWUiIENhY2hlPSJGYWxzZSIgUmVzcG9uc2VUaW1lR29hbD0iMCIgRW5jb2Rpbmc9InV0Zi04IiBFeHBlY3RlZEh0dHBTdGF0dXNDb2RlPSIwIiBFeHBlY3RlZFJlc3BvbnNlVXJsPSIiIFJlcG9ydGluZ05hbWU9IiIgSWdub3JlSHR0cFN0YXR1c0NvZGU9IkZhbHNlIj4NCiAgICAgIDxIZWFkZXJzPg0KICAgICAgICA8SGVhZGVyIE5hbWU9IkFjY2VwdCIgVmFsdWU9InRleHQvcGxhaW4sICovKjsgcT0wLjAxIiAvPg0KICAgICAgICA8SGVhZGVyIE5hbWU9IlJlZmVyZXIiIFZhbHVlPSJodHRwOi8vbG9jYWxob3N0OjQ2MjMvQXBwL0NyZWF0ZSIgLz4NCiAgICAgIDwvSGVhZGVycz4NCiAgICAgIDxRdWVyeVN0cmluZ1BhcmFtZXRlcnM+DQogICAgICAgIDxRdWVyeVN0cmluZ1BhcmFtZXRlciBOYW1lPSJ0cmFuc3BvcnQiIFZhbHVlPSJsb25nUG9sbGluZyIgUmVjb3JkZWRWYWx1ZT0ibG9uZ1BvbGxpbmciIENvcnJlbGF0aW9uQmluZGluZz0iIiBVcmxFbmNvZGU9IkZhbHNlIiBVc2VUb0dyb3VwUmVzdWx0cz0iRmFsc2UiIC8+DQogICAgICAgIDxRdWVyeVN0cmluZ1BhcmFtZXRlciBOYW1lPSJjb25uZWN0aW9uVG9rZW4iIFZhbHVlPSJBUUFBQU5DTW5kOEJGZEVSakhvQXdFJTJGQ2wlMkJzQkFBQUF6OHNFMVBWb2FVbXRsN2RURnVZWDdBQUFBQUFDQUFBQUFBQVFaZ0FBQUFFQUFDQUFBQUF1dWdFVjhUaWRBRnFTQjE5bEt4blZHUE5oUEhIQXoxVTc3MlFGSzB5SmdRQUFBQUFPZ0FBQUFBSUFBQ0FBQUFBeFlkOFpLTVhURUQ4VG1MSkJKbGZwM3FyYkd4MnNRUlNFQVRLNnRJOWdtakFBQUFBU0tPJTJCOHRXUTJTemY2Z2dOWXV0eUt1NjglMkJWTW1BSyUyQkhDU3VTV3I4SVNaJTJGTlolMkIlMkZHNTFhbEF5RVlZVFhHTmkwTkFBQUFBY2JRYSUyRmtxS2E3Wmc4bk5ObFNkM3oyTlBxcjJ5ZWZPSTg0d3kwaG9oaUFmbURlQUFDeUdsZXVGSVQwdWFxalI4UnBzejJHbVlqUmZZRXNHRDZHeERIdyUzRCUzRCIgUmVjb3JkZWRWYWx1ZT0iQVFBQUFOQ01uZDhCRmRFUmpIb0F3RSUyRkNsJTJCc0JBQUFBejhzRTFQVm9hVW10bDdkVEZ1WVg3QUFBQUFBQ0FBQUFBQUFRWmdBQUFBRUFBQ0FBQUFBdXVnRVY4VGlkQUZxU0IxOWxLeG5WR1BOaFBISEF6MVU3NzJRRksweUpnUUFBQUFBT2dBQUFBQUlBQUNBQUFBQXhZZDhaS01YVEVEOFRtTEpCSmxmcDNxcmJHeDJzUVJTRUFUSzZ0STlnbWpBQUFBQVNLTyUyQjh0V1EyU3pmNmdnTll1dHlLdTY4JTJCVk1tQUslMkJIQ1N1U1dyOElTWiUyRk5aJTJCJTJGRzUxYWxBeUVZWVRYR05pME5BQUFBQWNiUWElMkZrcUthN1pnOG5OTmxTZDN6Mk5QcXIyeWVmT0k4NHd5MGhvaGlBZm1EZUFBQ3lHbGV1RklUMHVhcWpSOFJwc3oyR21ZalJmWUVzR0Q2R3hESHclM0QlM0QiIENvcnJlbGF0aW9uQmluZGluZz0iIiBVcmxFbmNvZGU9IkZhbHNlIiBVc2VUb0dyb3VwUmVzdWx0cz0iRmFsc2UiIC8+DQogICAgICAgIDxRdWVyeVN0cmluZ1BhcmFtZXRlciBOYW1lPSJyZXF1ZXN0VXJsIiBWYWx1ZT0iaHR0cCUzQSUyRiUyRmxvY2FsaG9zdCUzQTQ2MjMlMkZBcHAlMkZDcmVhdGUiIFJlY29yZGVkVmFsdWU9Imh0dHAlM0ElMkYlMkZsb2NhbGhvc3QlM0E0NjIzJTJGQXBwJTJGQ3JlYXRlIiBDb3JyZWxhdGlvbkJpbmRpbmc9IiIgVXJsRW5jb2RlPSJGYWxzZSIgVXNlVG9Hcm91cFJlc3VsdHM9IkZhbHNlIiAvPg0KICAgICAgICA8UXVlcnlTdHJpbmdQYXJhbWV0ZXIgTmFtZT0iYnJvd3Nlck5hbWUiIFZhbHVlPSJJbnRlcm5ldCtFeHBsb3JlciIgUmVjb3JkZWRWYWx1ZT0iSW50ZXJuZXQrRXhwbG9yZXIiIENvcnJlbGF0aW9uQmluZGluZz0iIiBVcmxFbmNvZGU9IkZhbHNlIiBVc2VUb0dyb3VwUmVzdWx0cz0iRmFsc2UiIC8+DQogICAgICA8L1F1ZXJ5U3RyaW5nUGFyYW1ldGVycz4NCiAgICAgIDxGb3JtUG9zdEh0dHBCb2R5Pg0KICAgICAgICA8Rm9ybVBvc3RQYXJhbWV0ZXIgTmFtZT0iZGF0YSIgVmFsdWU9InsmcXVvdDtuYW1lJnF1b3Q7OiZxdW90O21pY3Jvc29mdC52aXN1YWxzdHVkaW8ud2ViLmJyb3dzZXJsaW5rLmh0bWxtYXBwaW5nZXh0ZW5zaW9uZmFjdG9yeS5yZXNvbHZlVXJsJnF1b3Q7LCZxdW90O2FyZ3MmcXVvdDs6WyZxdW90O34vX19icm93c2VyTGluay9yZXF1ZXN0RGF0YS9lZTg1ZTVjNDA2YWM0N2M4YjFlNzQ2NDk4ZDJiNGViMSZxdW90O10sJnF1b3Q7Y2FsbGJhY2tJZCZxdW90OzoyfSIgUmVjb3JkZWRWYWx1ZT0ieyZxdW90O25hbWUmcXVvdDs6JnF1b3Q7bWljcm9zb2Z0LnZpc3VhbHN0dWRpby53ZWIuYnJvd3NlcmxpbmsuaHRtbG1hcHBpbmdleHRlbnNpb25mYWN0b3J5LnJlc29sdmVVcmwmcXVvdDssJnF1b3Q7YXJncyZxdW90OzpbJnF1b3Q7fi9fX2Jyb3dzZXJMaW5rL3JlcXVlc3REYXRhL2VlODVlNWM0MDZhYzQ3YzhiMWU3NDY0OThkMmI0ZWIxJnF1b3Q7XSwmcXVvdDtjYWxsYmFja0lkJnF1b3Q7OjJ9IiBDb3JyZWxhdGlvbkJpbmRpbmc9IiIgVXJsRW5jb2RlPSJUcnVlIiAvPg0KICAgICAgPC9Gb3JtUG9zdEh0dHBCb2R5Pg0KICAgIDwvUmVxdWVzdD4NCiAgICA8UmVxdWVzdCBNZXRob2Q9IlBPU1QiIEd1aWQ9IjE0MDJjZjE0LWM4OTEtNDgwMC1iODhhLWQ2NTQxYzlkZDNjOCIgVmVyc2lvbj0iMS4xIiBVcmw9Imh0dHA6Ly9sb2NhbGhvc3Q6MTc1NDkvYTQ2ODAwMDgzZTI5NDM5YTg1ZDIxNmRiYzkyMDNiOTQvYXJ0ZXJ5U2lnbmFsUi9wb2xsIiBUaGlua1RpbWU9IjAiIFRpbWVvdXQ9IjMwMCIgUGFyc2VEZXBlbmRlbnRSZXF1ZXN0cz0iVHJ1ZSIgRm9sbG93UmVkaXJlY3RzPSJUcnVlIiBSZWNvcmRSZXN1bHQ9IlRydWUiIENhY2hlPSJGYWxzZSIgUmVzcG9uc2VUaW1lR29hbD0iMCIgRW5jb2Rpbmc9InV0Zi04IiBFeHBlY3RlZEh0dHBTdGF0dXNDb2RlPSIwIiBFeHBlY3RlZFJlc3BvbnNlVXJsPSIiIFJlcG9ydGluZ05hbWU9IiIgSWdub3JlSHR0cFN0YXR1c0NvZGU9IkZhbHNlIj4NCiAgICAgIDxIZWFkZXJzPg0KICAgICAgICA8SGVhZGVyIE5hbWU9IkNvbnRlbnQtVHlwZSIgVmFsdWU9ImFwcGxpY2F0aW9uL3gtd3d3LWZvcm0tdXJsZW5jb2RlZDsgY2hhcnNldD1VVEYtOCIgLz4NCiAgICAgICAgPEhlYWRlciBOYW1lPSJBY2NlcHQiIFZhbHVlPSJ0ZXh0L3BsYWluLCAqLyo7IHE9MC4wMSIgLz4NCiAgICAgICAgPEhlYWRlciBOYW1lPSJSZWZlcmVyIiBWYWx1ZT0iaHR0cDovL2xvY2FsaG9zdDo0NjIzL0FwcC9DcmVhdGUiIC8+DQogICAgICA8L0hlYWRlcnM+DQogICAgICA8UXVlcnlTdHJpbmdQYXJhbWV0ZXJzPg0KICAgICAgICA8UXVlcnlTdHJpbmdQYXJhbWV0ZXIgTmFtZT0idHJhbnNwb3J0IiBWYWx1ZT0ibG9uZ1BvbGxpbmciIFJlY29yZGVkVmFsdWU9ImxvbmdQb2xsaW5nIiBDb3JyZWxhdGlvbkJpbmRpbmc9IiIgVXJsRW5jb2RlPSJGYWxzZSIgVXNlVG9Hcm91cFJlc3VsdHM9IkZhbHNlIiAvPg0KICAgICAgICA8UXVlcnlTdHJpbmdQYXJhbWV0ZXIgTmFtZT0iY29ubmVjdGlvblRva2VuIiBWYWx1ZT0iQVFBQUFOQ01uZDhCRmRFUmpIb0F3RSUyRkNsJTJCc0JBQUFBejhzRTFQVm9hVW10bDdkVEZ1WVg3QUFBQUFBQ0FBQUFBQUFRWmdBQUFBRUFBQ0FBQUFBdXVnRVY4VGlkQUZxU0IxOWxLeG5WR1BOaFBISEF6MVU3NzJRRksweUpnUUFBQUFBT2dBQUFBQUlBQUNBQUFBQXhZZDhaS01YVEVEOFRtTEpCSmxmcDNxcmJHeDJzUVJTRUFUSzZ0STlnbWpBQUFBQVNLTyUyQjh0V1EyU3pmNmdnTll1dHlLdTY4JTJCVk1tQUslMkJIQ1N1U1dyOElTWiUyRk5aJTJCJTJGRzUxYWxBeUVZWVRYR05pME5BQUFBQWNiUWElMkZrcUthN1pnOG5OTmxTZDN6Mk5QcXIyeWVmT0k4NHd5MGhvaGlBZm1EZUFBQ3lHbGV1RklUMHVhcWpSOFJwc3oyR21ZalJmWUVzR0Q2R3hESHclM0QlM0QiIFJlY29yZGVkVmFsdWU9IkFRQUFBTkNNbmQ4QkZkRVJqSG9Bd0UlMkZDbCUyQnNCQUFBQXo4c0UxUFZvYVVtdGw3ZFRGdVlYN0FBQUFBQUNBQUFBQUFBUVpnQUFBQUVBQUNBQUFBQXV1Z0VWOFRpZEFGcVNCMTlsS3huVkdQTmhQSEhBejFVNzcyUUZLMHlKZ1FBQUFBQU9nQUFBQUFJQUFDQUFBQUF4WWQ4WktNWFRFRDhUbUxKQkpsZnAzcXJiR3gyc1FSU0VBVEs2dEk5Z21qQUFBQUFTS08lMkI4dFdRMlN6ZjZnZ05ZdXR5S3U2OCUyQlZNbUFLJTJCSENTdVNXcjhJU1olMkZOWiUyQiUyRkc1MWFsQXlFWVlUWEdOaTBOQUFBQUFjYlFhJTJGa3FLYTdaZzhuTk5sU2QzejJOUHFyMnllZk9JODR3eTBob2hpQWZtRGVBQUN5R2xldUZJVDB1YXFqUjhScHN6MkdtWWpSZllFc0dENkd4REh3JTNEJTNEIiBDb3JyZWxhdGlvbkJpbmRpbmc9IiIgVXJsRW5jb2RlPSJGYWxzZSIgVXNlVG9Hcm91cFJlc3VsdHM9IkZhbHNlIiAvPg0KICAgICAgICA8UXVlcnlTdHJpbmdQYXJhbWV0ZXIgTmFtZT0ibWVzc2FnZUlkIiBWYWx1ZT0iZC1BRkJCRkIxRS1CJTJDMCU3Q2MlMkMyJTdDZCUyQzAiIFJlY29yZGVkVmFsdWU9ImQtQUZCQkZCMUUtQiUyQzAlN0NjJTJDMiU3Q2QlMkMwIiBDb3JyZWxhdGlvbkJpbmRpbmc9IiIgVXJsRW5jb2RlPSJGYWxzZSIgVXNlVG9Hcm91cFJlc3VsdHM9IkZhbHNlIiAvPg0KICAgICAgICA8UXVlcnlTdHJpbmdQYXJhbWV0ZXIgTmFtZT0icmVxdWVzdFVybCIgVmFsdWU9Imh0dHAlM0ElMkYlMkZsb2NhbGhvc3QlM0E0NjIzJTJGQXBwJTJGQ3JlYXRlIiBSZWNvcmRlZFZhbHVlPSJodHRwJTNBJTJGJTJGbG9jYWxob3N0JTNBNDYyMyUyRkFwcCUyRkNyZWF0ZSIgQ29ycmVsYXRpb25CaW5kaW5nPSIiIFVybEVuY29kZT0iRmFsc2UiIFVzZVRvR3JvdXBSZXN1bHRzPSJGYWxzZSIgLz4NCiAgICAgICAgPFF1ZXJ5U3RyaW5nUGFyYW1ldGVyIE5hbWU9ImJyb3dzZXJOYW1lIiBWYWx1ZT0iSW50ZXJuZXQrRXhwbG9yZXIiIFJlY29yZGVkVmFsdWU9IkludGVybmV0K0V4cGxvcmVyIiBDb3JyZWxhdGlvbkJpbmRpbmc9IiIgVXJsRW5jb2RlPSJGYWxzZSIgVXNlVG9Hcm91cFJlc3VsdHM9IkZhbHNlIiAvPg0KICAgICAgICA8UXVlcnlTdHJpbmdQYXJhbWV0ZXIgTmFtZT0idGlkIiBWYWx1ZT0iMTAiIFJlY29yZGVkVmFsdWU9IjEwIiBDb3JyZWxhdGlvbkJpbmRpbmc9IiIgVXJsRW5jb2RlPSJGYWxzZSIgVXNlVG9Hcm91cFJlc3VsdHM9IkZhbHNlIiAvPg0KICAgICAgICA8UXVlcnlTdHJpbmdQYXJhbWV0ZXIgTmFtZT0iXyIgVmFsdWU9IjEzOTc2MzA5ODUyNjUiIFJlY29yZGVkVmFsdWU9IjEzOTc2MzA5ODUyNjUiIENvcnJlbGF0aW9uQmluZGluZz0iIiBVcmxFbmNvZGU9IkZhbHNlIiBVc2VUb0dyb3VwUmVzdWx0cz0iRmFsc2UiIC8+DQogICAgICA8L1F1ZXJ5U3RyaW5nUGFyYW1ldGVycz4NCiAgICAgIDxGb3JtUG9zdEh0dHBCb2R5IC8+DQogICAgPC9SZXF1ZXN0Pg0KICAgIDxSZXF1ZXN0IE1ldGhvZD0iR0VUIiBHdWlkPSIzY2Q3MWJmYS1jNDdkLTRhMmYtYjc5Ny1iOGM2N2U4M2ZiY2IiIFZlcnNpb249IjEuMSIgVXJsPSJodHRwOi8vbG9jYWxob3N0OjQ2MjMvX19icm93c2VyTGluay9yZXF1ZXN0RGF0YS9lZTg1ZTVjNDA2YWM0N2M4YjFlNzQ2NDk4ZDJiNGViMSIgVGhpbmtUaW1lPSIwIiBUaW1lb3V0PSIzMDAiIFBhcnNlRGVwZW5kZW50UmVxdWVzdHM9IlRydWUiIEZvbGxvd1JlZGlyZWN0cz0iVHJ1ZSIgUmVjb3JkUmVzdWx0PSJUcnVlIiBDYWNoZT0iRmFsc2UiIFJlc3BvbnNlVGltZUdvYWw9IjAiIEVuY29kaW5nPSJ1dGYtOCIgRXhwZWN0ZWRIdHRwU3RhdHVzQ29kZT0iMCIgRXhwZWN0ZWRSZXNwb25zZVVybD0iIiBSZXBvcnRpbmdOYW1lPSIiIElnbm9yZUh0dHBTdGF0dXNDb2RlPSJGYWxzZSI+DQogICAgICA8SGVhZGVycz4NCiAgICAgICAgPEhlYWRlciBOYW1lPSJBY2NlcHQiIFZhbHVlPSJhcHBsaWNhdGlvbi9qc29uLCB0ZXh0L2phdmFzY3JpcHQsICovKjsgcT0wLjAxIiAvPg0KICAgICAgICA8SGVhZGVyIE5hbWU9IlgtUmVxdWVzdGVkLVdpdGgiIFZhbHVlPSJYTUxIdHRwUmVxdWVzdCIgLz4NCiAgICAgICAgPEhlYWRlciBOYW1lPSJSZWZlcmVyIiBWYWx1ZT0iaHR0cDovL2xvY2FsaG9zdDo0NjIzL0FwcC9DcmVhdGUiIC8+DQogICAgICA8L0hlYWRlcnM+DQogICAgPC9SZXF1ZXN0Pg0KICAgIDxSZXF1ZXN0IE1ldGhvZD0iUE9TVCIgR3VpZD0iYTQ5ZTdhNTMtZDkxMS00YWRiLTgzYTYtYTVhZDhkOTBkY2YwIiBWZXJzaW9uPSIxLjEiIFVybD0iaHR0cDovL2xvY2FsaG9zdDoxNzU0OS9hNDY4MDAwODNlMjk0MzlhODVkMjE2ZGJjOTIwM2I5NC9hcnRlcnlTaWduYWxSL3BvbGwiIFRoaW5rVGltZT0iMCIgVGltZW91dD0iMzAwIiBQYXJzZURlcGVuZGVudFJlcXVlc3RzPSJUcnVlIiBGb2xsb3dSZWRpcmVjdHM9IlRydWUiIFJlY29yZFJlc3VsdD0iVHJ1ZSIgQ2FjaGU9IkZhbHNlIiBSZXNwb25zZVRpbWVHb2FsPSIwIiBFbmNvZGluZz0idXRmLTgiIEV4cGVjdGVkSHR0cFN0YXR1c0NvZGU9IjAiIEV4cGVjdGVkUmVzcG9uc2VVcmw9IiIgUmVwb3J0aW5nTmFtZT0iIiBJZ25vcmVIdHRwU3RhdHVzQ29kZT0iRmFsc2UiPg0KICAgICAgPEhlYWRlcnM+DQogICAgICAgIDxIZWFkZXIgTmFtZT0iQ29udGVudC1UeXBlIiBWYWx1ZT0iYXBwbGljYXRpb24veC13d3ctZm9ybS11cmxlbmNvZGVkOyBjaGFyc2V0PVVURi04IiAvPg0KICAgICAgICA8SGVhZGVyIE5hbWU9IkFjY2VwdCIgVmFsdWU9InRleHQvcGxhaW4sICovKjsgcT0wLjAxIiAvPg0KICAgICAgICA8SGVhZGVyIE5hbWU9IlJlZmVyZXIiIFZhbHVlPSJodHRwOi8vbG9jYWxob3N0OjQ2MjMvQXBwL0NyZWF0ZSIgLz4NCiAgICAgIDwvSGVhZGVycz4NCiAgICAgIDxRdWVyeVN0cmluZ1BhcmFtZXRlcnM+DQogICAgICAgIDxRdWVyeVN0cmluZ1BhcmFtZXRlciBOYW1lPSJ0cmFuc3BvcnQiIFZhbHVlPSJsb25nUG9sbGluZyIgUmVjb3JkZWRWYWx1ZT0ibG9uZ1BvbGxpbmciIENvcnJlbGF0aW9uQmluZGluZz0iIiBVcmxFbmNvZGU9IkZhbHNlIiBVc2VUb0dyb3VwUmVzdWx0cz0iRmFsc2UiIC8+DQogICAgICAgIDxRdWVyeVN0cmluZ1BhcmFtZXRlciBOYW1lPSJjb25uZWN0aW9uVG9rZW4iIFZhbHVlPSJBUUFBQU5DTW5kOEJGZEVSakhvQXdFJTJGQ2wlMkJzQkFBQUF6OHNFMVBWb2FVbXRsN2RURnVZWDdBQUFBQUFDQUFBQUFBQVFaZ0FBQUFFQUFDQUFBQUF1dWdFVjhUaWRBRnFTQjE5bEt4blZHUE5oUEhIQXoxVTc3MlFGSzB5SmdRQUFBQUFPZ0FBQUFBSUFBQ0FBQUFBeFlkOFpLTVhURUQ4VG1MSkJKbGZwM3FyYkd4MnNRUlNFQVRLNnRJOWdtakFBQUFBU0tPJTJCOHRXUTJTemY2Z2dOWXV0eUt1NjglMkJWTW1BSyUyQkhDU3VTV3I4SVNaJTJGTlolMkIlMkZHNTFhbEF5RVlZVFhHTmkwTkFBQUFBY2JRYSUyRmtxS2E3Wmc4bk5ObFNkM3oyTlBxcjJ5ZWZPSTg0d3kwaG9oaUFmbURlQUFDeUdsZXVGSVQwdWFxalI4UnBzejJHbVlqUmZZRXNHRDZHeERIdyUzRCUzRCIgUmVjb3JkZWRWYWx1ZT0iQVFBQUFOQ01uZDhCRmRFUmpIb0F3RSUyRkNsJTJCc0JBQUFBejhzRTFQVm9hVW10bDdkVEZ1WVg3QUFBQUFBQ0FBQUFBQUFRWmdBQUFBRUFBQ0FBQUFBdXVnRVY4VGlkQUZxU0IxOWxLeG5WR1BOaFBISEF6MVU3NzJRRksweUpnUUFBQUFBT2dBQUFBQUlBQUNBQUFBQXhZZDhaS01YVEVEOFRtTEpCSmxmcDNxcmJHeDJzUVJTRUFUSzZ0STlnbWpBQUFBQVNLTyUyQjh0V1EyU3pmNmdnTll1dHlLdTY4JTJCVk1tQUslMkJIQ1N1U1dyOElTWiUyRk5aJTJCJTJGRzUxYWxBeUVZWVRYR05pME5BQUFBQWNiUWElMkZrcUthN1pnOG5OTmxTZDN6Mk5QcXIyeWVmT0k4NHd5MGhvaGlBZm1EZUFBQ3lHbGV1RklUMHVhcWpSOFJwc3oyR21ZalJmWUVzR0Q2R3hESHclM0QlM0QiIENvcnJlbGF0aW9uQmluZGluZz0iIiBVcmxFbmNvZGU9IkZhbHNlIiBVc2VUb0dyb3VwUmVzdWx0cz0iRmFsc2UiIC8+DQogICAgICAgIDxRdWVyeVN0cmluZ1BhcmFtZXRlciBOYW1lPSJtZXNzYWdlSWQiIFZhbHVlPSJkLUFGQkJGQjFFLUIlMkMwJTdDYyUyQzMlN0NkJTJDMCIgUmVjb3JkZWRWYWx1ZT0iZC1BRkJCRkIxRS1CJTJDMCU3Q2MlMkMzJTdDZCUyQzAiIENvcnJlbGF0aW9uQmluZGluZz0iIiBVcmxFbmNvZGU9IkZhbHNlIiBVc2VUb0dyb3VwUmVzdWx0cz0iRmFsc2UiIC8+DQogICAgICAgIDxRdWVyeVN0cmluZ1BhcmFtZXRlciBOYW1lPSJyZXF1ZXN0VXJsIiBWYWx1ZT0iaHR0cCUzQSUyRiUyRmxvY2FsaG9zdCUzQTQ2MjMlMkZBcHAlMkZDcmVhdGUiIFJlY29yZGVkVmFsdWU9Imh0dHAlM0ElMkYlMkZsb2NhbGhvc3QlM0E0NjIzJTJGQXBwJTJGQ3JlYXRlIiBDb3JyZWxhdGlvbkJpbmRpbmc9IiIgVXJsRW5jb2RlPSJGYWxzZSIgVXNlVG9Hcm91cFJlc3VsdHM9IkZhbHNlIiAvPg0KICAgICAgICA8UXVlcnlTdHJpbmdQYXJhbWV0ZXIgTmFtZT0iYnJvd3Nlck5hbWUiIFZhbHVlPSJJbnRlcm5ldCtFeHBsb3JlciIgUmVjb3JkZWRWYWx1ZT0iSW50ZXJuZXQrRXhwbG9yZXIiIENvcnJlbGF0aW9uQmluZGluZz0iIiBVcmxFbmNvZGU9IkZhbHNlIiBVc2VUb0dyb3VwUmVzdWx0cz0iRmFsc2UiIC8+DQogICAgICAgIDxRdWVyeVN0cmluZ1BhcmFtZXRlciBOYW1lPSJ0aWQiIFZhbHVlPSI5IiBSZWNvcmRlZFZhbHVlPSI5IiBDb3JyZWxhdGlvbkJpbmRpbmc9IiIgVXJsRW5jb2RlPSJGYWxzZSIgVXNlVG9Hcm91cFJlc3VsdHM9IkZhbHNlIiAvPg0KICAgICAgICA8UXVlcnlTdHJpbmdQYXJhbWV0ZXIgTmFtZT0iXyIgVmFsdWU9IjEzOTc2MzA5ODU2MzciIFJlY29yZGVkVmFsdWU9IjEzOTc2MzA5ODU2MzciIENvcnJlbGF0aW9uQmluZGluZz0iIiBVcmxFbmNvZGU9IkZhbHNlIiBVc2VUb0dyb3VwUmVzdWx0cz0iRmFsc2UiIC8+DQogICAgICA8L1F1ZXJ5U3RyaW5nUGFyYW1ldGVycz4NCiAgICAgIDxGb3JtUG9zdEh0dHBCb2R5IC8+DQogICAgPC9SZXF1ZXN0Pg0KICAgIDxSZXF1ZXN0IE1ldGhvZD0iUE9TVCIgR3VpZD0iODRiOWQ4NmYtNTQ1Yi00MjJmLTgxYTktZGYyMDA3NWRjNjVjIiBWZXJzaW9uPSIxLjEiIFVybD0iaHR0cDovL2xvY2FsaG9zdDoxNzU0OS9hNDY4MDAwODNlMjk0MzlhODVkMjE2ZGJjOTIwM2I5NC9hcnRlcnlTaWduYWxSL3NlbmQiIFRoaW5rVGltZT0iMCIgVGltZW91dD0iMzAwIiBQYXJzZURlcGVuZGVudFJlcXVlc3RzPSJUcnVlIiBGb2xsb3dSZWRpcmVjdHM9IlRydWUiIFJlY29yZFJlc3VsdD0iVHJ1ZSIgQ2FjaGU9IkZhbHNlIiBSZXNwb25zZVRpbWVHb2FsPSIwIiBFbmNvZGluZz0idXRmLTgiIEV4cGVjdGVkSHR0cFN0YXR1c0NvZGU9IjAiIEV4cGVjdGVkUmVzcG9uc2VVcmw9IiIgUmVwb3J0aW5nTmFtZT0iIiBJZ25vcmVIdHRwU3RhdHVzQ29kZT0iRmFsc2UiPg0KICAgICAgPEhlYWRlcnM+DQogICAgICAgIDxIZWFkZXIgTmFtZT0iQWNjZXB0IiBWYWx1ZT0idGV4dC9wbGFpbiwgKi8qOyBxPTAuMDEiIC8+DQogICAgICAgIDxIZWFkZXIgTmFtZT0iUmVmZXJlciIgVmFsdWU9Imh0dHA6Ly9sb2NhbGhvc3Q6NDYyMy9BcHAvQ3JlYXRlIiAvPg0KICAgICAgPC9IZWFkZXJzPg0KICAgICAgPFF1ZXJ5U3RyaW5nUGFyYW1ldGVycz4NCiAgICAgICAgPFF1ZXJ5U3RyaW5nUGFyYW1ldGVyIE5hbWU9InRyYW5zcG9ydCIgVmFsdWU9ImxvbmdQb2xsaW5nIiBSZWNvcmRlZFZhbHVlPSJsb25nUG9sbGluZyIgQ29ycmVsYXRpb25CaW5kaW5nPSIiIFVybEVuY29kZT0iRmFsc2UiIFVzZVRvR3JvdXBSZXN1bHRzPSJGYWxzZSIgLz4NCiAgICAgICAgPFF1ZXJ5U3RyaW5nUGFyYW1ldGVyIE5hbWU9ImNvbm5lY3Rpb25Ub2tlbiIgVmFsdWU9IkFRQUFBTkNNbmQ4QkZkRVJqSG9Bd0UlMkZDbCUyQnNCQUFBQXo4c0UxUFZvYVVtdGw3ZFRGdVlYN0FBQUFBQUNBQUFBQUFBUVpnQUFBQUVBQUNBQUFBQXV1Z0VWOFRpZEFGcVNCMTlsS3huVkdQTmhQSEhBejFVNzcyUUZLMHlKZ1FBQUFBQU9nQUFBQUFJQUFDQUFBQUF4WWQ4WktNWFRFRDhUbUxKQkpsZnAzcXJiR3gyc1FSU0VBVEs2dEk5Z21qQUFBQUFTS08lMkI4dFdRMlN6ZjZnZ05ZdXR5S3U2OCUyQlZNbUFLJTJCSENTdVNXcjhJU1olMkZOWiUyQiUyRkc1MWFsQXlFWVlUWEdOaTBOQUFBQUFjYlFhJTJGa3FLYTdaZzhuTk5sU2QzejJOUHFyMnllZk9JODR3eTBob2hpQWZtRGVBQUN5R2xldUZJVDB1YXFqUjhScHN6MkdtWWpSZllFc0dENkd4REh3JTNEJTNEIiBSZWNvcmRlZFZhbHVlPSJBUUFBQU5DTW5kOEJGZEVSakhvQXdFJTJGQ2wlMkJzQkFBQUF6OHNFMVBWb2FVbXRsN2RURnVZWDdBQUFBQUFDQUFBQUFBQVFaZ0FBQUFFQUFDQUFBQUF1dWdFVjhUaWRBRnFTQjE5bEt4blZHUE5oUEhIQXoxVTc3MlFGSzB5SmdRQUFBQUFPZ0FBQUFBSUFBQ0FBQUFBeFlkOFpLTVhURUQ4VG1MSkJKbGZwM3FyYkd4MnNRUlNFQVRLNnRJOWdtakFBQUFBU0tPJTJCOHRXUTJTemY2Z2dOWXV0eUt1NjglMkJWTW1BSyUyQkhDU3VTV3I4SVNaJTJGTlolMkIlMkZHNTFhbEF5RVlZVFhHTmkwTkFBQUFBY2JRYSUyRmtxS2E3Wmc4bk5ObFNkM3oyTlBxcjJ5ZWZPSTg0d3kwaG9oaUFmbURlQUFDeUdsZXVGSVQwdWFxalI4UnBzejJHbVlqUmZZRXNHRDZHeERIdyUzRCUzRCIgQ29ycmVsYXRpb25CaW5kaW5nPSIiIFVybEVuY29kZT0iRmFsc2UiIFVzZVRvR3JvdXBSZXN1bHRzPSJGYWxzZSIgLz4NCiAgICAgICAgPFF1ZXJ5U3RyaW5nUGFyYW1ldGVyIE5hbWU9InJlcXVlc3RVcmwiIFZhbHVlPSJodHRwJTNBJTJGJTJGbG9jYWxob3N0JTNBNDYyMyUyRkFwcCUyRkNyZWF0ZSIgUmVjb3JkZWRWYWx1ZT0iaHR0cCUzQSUyRiUyRmxvY2FsaG9zdCUzQTQ2MjMlMkZBcHAlMkZDcmVhdGUiIENvcnJlbGF0aW9uQmluZGluZz0iIiBVcmxFbmNvZGU9IkZhbHNlIiBVc2VUb0dyb3VwUmVzdWx0cz0iRmFsc2UiIC8+DQogICAgICAgIDxRdWVyeVN0cmluZ1BhcmFtZXRlciBOYW1lPSJicm93c2VyTmFtZSIgVmFsdWU9IkludGVybmV0K0V4cGxvcmVyIiBSZWNvcmRlZFZhbHVlPSJJbnRlcm5ldCtFeHBsb3JlciIgQ29ycmVsYXRpb25CaW5kaW5nPSIiIFVybEVuY29kZT0iRmFsc2UiIFVzZVRvR3JvdXBSZXN1bHRzPSJGYWxzZSIgLz4NCiAgICAgIDwvUXVlcnlTdHJpbmdQYXJhbWV0ZXJzPg0KICAgICAgPEZvcm1Qb3N0SHR0cEJvZHk+DQogICAgICAgIDxGb3JtUG9zdFBhcmFtZXRlciBOYW1lPSJkYXRhIiBWYWx1ZT0ieyZxdW90O25hbWUmcXVvdDs6JnF1b3Q7bWljcm9zb2Z0LnZpc3VhbHN0dWRpby53ZWIuYnJvd3NlcmxpbmsuaHRtbG1hcHBpbmdleHRlbnNpb25mYWN0b3J5LnJlc29sdmVTb3VyY2VGaWxlUGF0aHMmcXVvdDssJnF1b3Q7YXJncyZxdW90OzpbWyZxdW90O34vVmlld3MvQXBwL0NyZWF0ZS5jc2h0bWwmcXVvdDtdXSwmcXVvdDtjYWxsYmFja0lkJnF1b3Q7OjN9IiBSZWNvcmRlZFZhbHVlPSJ7JnF1b3Q7bmFtZSZxdW90OzomcXVvdDttaWNyb3NvZnQudmlzdWFsc3R1ZGlvLndlYi5icm93c2VybGluay5odG1sbWFwcGluZ2V4dGVuc2lvbmZhY3RvcnkucmVzb2x2ZVNvdXJjZUZpbGVQYXRocyZxdW90OywmcXVvdDthcmdzJnF1b3Q7OltbJnF1b3Q7fi9WaWV3cy9BcHAvQ3JlYXRlLmNzaHRtbCZxdW90O11dLCZxdW90O2NhbGxiYWNrSWQmcXVvdDs6M30iIENvcnJlbGF0aW9uQmluZGluZz0iIiBVcmxFbmNvZGU9IlRydWUiIC8+DQogICAgICA8L0Zvcm1Qb3N0SHR0cEJvZHk+DQogICAgPC9SZXF1ZXN0Pg0KICAgIDxSZXF1ZXN0IE1ldGhvZD0iUE9TVCIgR3VpZD0iZWQyMTk5ODEtMjJhOS00YWU0LTkxNjAtNmJjYmU0ZGExOTY2IiBWZXJzaW9uPSIxLjEiIFVybD0iaHR0cDovL2xvY2FsaG9zdDoxNzU0OS9hNDY4MDAwODNlMjk0MzlhODVkMjE2ZGJjOTIwM2I5NC9hcnRlcnlTaWduYWxSL3BvbGwiIFRoaW5rVGltZT0iMiIgVGltZW91dD0iMzAwIiBQYXJzZURlcGVuZGVudFJlcXVlc3RzPSJUcnVlIiBGb2xsb3dSZWRpcmVjdHM9IlRydWUiIFJlY29yZFJlc3VsdD0iVHJ1ZSIgQ2FjaGU9IkZhbHNlIiBSZXNwb25zZVRpbWVHb2FsPSIwIiBFbmNvZGluZz0idXRmLTgiIEV4cGVjdGVkSHR0cFN0YXR1c0NvZGU9IjAiIEV4cGVjdGVkUmVzcG9uc2VVcmw9IiIgUmVwb3J0aW5nTmFtZT0iIiBJZ25vcmVIdHRwU3RhdHVzQ29kZT0iRmFsc2UiPg0KICAgICAgPEhlYWRlcnM+DQogICAgICAgIDxIZWFkZXIgTmFtZT0iQ29udGVudC1UeXBlIiBWYWx1ZT0iYXBwbGljYXRpb24veC13d3ctZm9ybS11cmxlbmNvZGVkOyBjaGFyc2V0PVVURi04IiAvPg0KICAgICAgICA8SGVhZGVyIE5hbWU9IkFjY2VwdCIgVmFsdWU9InRleHQvcGxhaW4sICovKjsgcT0wLjAxIiAvPg0KICAgICAgICA8SGVhZGVyIE5hbWU9IlJlZmVyZXIiIFZhbHVlPSJodHRwOi8vbG9jYWxob3N0OjQ2MjMvQXBwL0NyZWF0ZSIgLz4NCiAgICAgIDwvSGVhZGVycz4NCiAgICAgIDxRdWVyeVN0cmluZ1BhcmFtZXRlcnM+DQogICAgICAgIDxRdWVyeVN0cmluZ1BhcmFtZXRlciBOYW1lPSJ0cmFuc3BvcnQiIFZhbHVlPSJsb25nUG9sbGluZyIgUmVjb3JkZWRWYWx1ZT0ibG9uZ1BvbGxpbmciIENvcnJlbGF0aW9uQmluZGluZz0iIiBVcmxFbmNvZGU9IkZhbHNlIiBVc2VUb0dyb3VwUmVzdWx0cz0iRmFsc2UiIC8+DQogICAgICAgIDxRdWVyeVN0cmluZ1BhcmFtZXRlciBOYW1lPSJjb25uZWN0aW9uVG9rZW4iIFZhbHVlPSJBUUFBQU5DTW5kOEJGZEVSakhvQXdFJTJGQ2wlMkJzQkFBQUF6OHNFMVBWb2FVbXRsN2RURnVZWDdBQUFBQUFDQUFBQUFBQVFaZ0FBQUFFQUFDQUFBQUF1dWdFVjhUaWRBRnFTQjE5bEt4blZHUE5oUEhIQXoxVTc3MlFGSzB5SmdRQUFBQUFPZ0FBQUFBSUFBQ0FBQUFBeFlkOFpLTVhURUQ4VG1MSkJKbGZwM3FyYkd4MnNRUlNFQVRLNnRJOWdtakFBQUFBU0tPJTJCOHRXUTJTemY2Z2dOWXV0eUt1NjglMkJWTW1BSyUyQkhDU3VTV3I4SVNaJTJGTlolMkIlMkZHNTFhbEF5RVlZVFhHTmkwTkFBQUFBY2JRYSUyRmtxS2E3Wmc4bk5ObFNkM3oyTlBxcjJ5ZWZPSTg0d3kwaG9oaUFmbURlQUFDeUdsZXVGSVQwdWFxalI4UnBzejJHbVlqUmZZRXNHRDZHeERIdyUzRCUzRCIgUmVjb3JkZWRWYWx1ZT0iQVFBQUFOQ01uZDhCRmRFUmpIb0F3RSUyRkNsJTJCc0JBQUFBejhzRTFQVm9hVW10bDdkVEZ1WVg3QUFBQUFBQ0FBQUFBQUFRWmdBQUFBRUFBQ0FBQUFBdXVnRVY4VGlkQUZxU0IxOWxLeG5WR1BOaFBISEF6MVU3NzJRRksweUpnUUFBQUFBT2dBQUFBQUlBQUNBQUFBQXhZZDhaS01YVEVEOFRtTEpCSmxmcDNxcmJHeDJzUVJTRUFUSzZ0STlnbWpBQUFBQVNLTyUyQjh0V1EyU3pmNmdnTll1dHlLdTY4JTJCVk1tQUslMkJIQ1N1U1dyOElTWiUyRk5aJTJCJTJGRzUxYWxBeUVZWVRYR05pME5BQUFBQWNiUWElMkZrcUthN1pnOG5OTmxTZDN6Mk5QcXIyeWVmT0k4NHd5MGhvaGlBZm1EZUFBQ3lHbGV1RklUMHVhcWpSOFJwc3oyR21ZalJmWUVzR0Q2R3hESHclM0QlM0QiIENvcnJlbGF0aW9uQmluZGluZz0iIiBVcmxFbmNvZGU9IkZhbHNlIiBVc2VUb0dyb3VwUmVzdWx0cz0iRmFsc2UiIC8+DQogICAgICAgIDxRdWVyeVN0cmluZ1BhcmFtZXRlciBOYW1lPSJtZXNzYWdlSWQiIFZhbHVlPSJkLUFGQkJGQjFFLUIlMkMwJTdDYyUyQzQlN0NkJTJDMCIgUmVjb3JkZWRWYWx1ZT0iZC1BRkJCRkIxRS1CJTJDMCU3Q2MlMkM0JTdDZCUyQzAiIENvcnJlbGF0aW9uQmluZGluZz0iIiBVcmxFbmNvZGU9IkZhbHNlIiBVc2VUb0dyb3VwUmVzdWx0cz0iRmFsc2UiIC8+DQogICAgICAgIDxRdWVyeVN0cmluZ1BhcmFtZXRlciBOYW1lPSJyZXF1ZXN0VXJsIiBWYWx1ZT0iaHR0cCUzQSUyRiUyRmxvY2FsaG9zdCUzQTQ2MjMlMkZBcHAlMkZDcmVhdGUiIFJlY29yZGVkVmFsdWU9Imh0dHAlM0ElMkYlMkZsb2NhbGhvc3QlM0E0NjIzJTJGQXBwJTJGQ3JlYXRlIiBDb3JyZWxhdGlvbkJpbmRpbmc9IiIgVXJsRW5jb2RlPSJGYWxzZSIgVXNlVG9Hcm91cFJlc3VsdHM9IkZhbHNlIiAvPg0KICAgICAgICA8UXVlcnlTdHJpbmdQYXJhbWV0ZXIgTmFtZT0iYnJvd3Nlck5hbWUiIFZhbHVlPSJJbnRlcm5ldCtFeHBsb3JlciIgUmVjb3JkZWRWYWx1ZT0iSW50ZXJuZXQrRXhwbG9yZXIiIENvcnJlbGF0aW9uQmluZGluZz0iIiBVcmxFbmNvZGU9IkZhbHNlIiBVc2VUb0dyb3VwUmVzdWx0cz0iRmFsc2UiIC8+DQogICAgICAgIDxRdWVyeVN0cmluZ1BhcmFtZXRlciBOYW1lPSJ0aWQiIFZhbHVlPSI0IiBSZWNvcmRlZFZhbHVlPSI0IiBDb3JyZWxhdGlvbkJpbmRpbmc9IiIgVXJsRW5jb2RlPSJGYWxzZSIgVXNlVG9Hcm91cFJlc3VsdHM9IkZhbHNlIiAvPg0KICAgICAgICA8UXVlcnlTdHJpbmdQYXJhbWV0ZXIgTmFtZT0iXyIgVmFsdWU9IjEzOTc2MzA5ODYxOTMiIFJlY29yZGVkVmFsdWU9IjEzOTc2MzA5ODYxOTMiIENvcnJlbGF0aW9uQmluZGluZz0iIiBVcmxFbmNvZGU9IkZhbHNlIiBVc2VUb0dyb3VwUmVzdWx0cz0iRmFsc2UiIC8+DQogICAgICA8L1F1ZXJ5U3RyaW5nUGFyYW1ldGVycz4NCiAgICAgIDxGb3JtUG9zdEh0dHBCb2R5IC8+DQogICAgPC9SZXF1ZXN0Pg0KICAgIDxSZXF1ZXN0IE1ldGhvZD0iR0VUIiBHdWlkPSI3ZGVjYTdhYS1iYTFhLTQwYmItYmUzOC0zMjUxZTQ0MDFiNGEiIFZlcnNpb249IjEuMSIgVXJsPSJodHRwOi8vbG9jYWxob3N0OjQ2MjMvQXBwIiBUaGlua1RpbWU9IjAiIFRpbWVvdXQ9IjMwMCIgUGFyc2VEZXBlbmRlbnRSZXF1ZXN0cz0iVHJ1ZSIgRm9sbG93UmVkaXJlY3RzPSJUcnVlIiBSZWNvcmRSZXN1bHQ9IlRydWUiIENhY2hlPSJGYWxzZSIgUmVzcG9uc2VUaW1lR29hbD0iMCIgRW5jb2Rpbmc9InV0Zi04IiBFeHBlY3RlZEh0dHBTdGF0dXNDb2RlPSIwIiBFeHBlY3RlZFJlc3BvbnNlVXJsPSIiIFJlcG9ydGluZ05hbWU9IiIgSWdub3JlSHR0cFN0YXR1c0NvZGU9IkZhbHNlIj4NCiAgICAgIDxIZWFkZXJzPg0KICAgICAgICA8SGVhZGVyIE5hbWU9IlJlZmVyZXIiIFZhbHVlPSJodHRwOi8vbG9jYWxob3N0OjQ2MjMvQXBwL0NyZWF0ZSIgLz4NCiAgICAgIDwvSGVhZGVycz4NCiAgICA8L1JlcXVlc3Q+DQogICAgPFJlcXVlc3QgTWV0aG9kPSJQT1NUIiBHdWlkPSIwNWI0NTFlNC0zYWU1LTRmM2MtOTg1Ny0wZTI3ZWU0NmY2NzMiIFZlcnNpb249IjEuMSIgVXJsPSJodHRwOi8vbG9jYWxob3N0OjE3NTQ5L2E0NjgwMDA4M2UyOTQzOWE4NWQyMTZkYmM5MjAzYjk0L2FydGVyeVNpZ25hbFIvYWJvcnQiIFRoaW5rVGltZT0iMCIgVGltZW91dD0iMzAwIiBQYXJzZURlcGVuZGVudFJlcXVlc3RzPSJUcnVlIiBGb2xsb3dSZWRpcmVjdHM9IlRydWUiIFJlY29yZFJlc3VsdD0iVHJ1ZSIgQ2FjaGU9IkZhbHNlIiBSZXNwb25zZVRpbWVHb2FsPSIwIiBFbmNvZGluZz0idXRmLTgiIEV4cGVjdGVkSHR0cFN0YXR1c0NvZGU9IjAiIEV4cGVjdGVkUmVzcG9uc2VVcmw9IiIgUmVwb3J0aW5nTmFtZT0iIiBJZ25vcmVIdHRwU3RhdHVzQ29kZT0iRmFsc2UiPg0KICAgICAgPEhlYWRlcnM+DQogICAgICAgIDxIZWFkZXIgTmFtZT0iQWNjZXB0IiBWYWx1ZT0idGV4dC9wbGFpbiwgKi8qOyBxPTAuMDEiIC8+DQogICAgICAgIDxIZWFkZXIgTmFtZT0iUmVmZXJlciIgVmFsdWU9Imh0dHA6Ly9sb2NhbGhvc3Q6NDYyMy9BcHAvQ3JlYXRlIiAvPg0KICAgICAgPC9IZWFkZXJzPg0KICAgICAgPFF1ZXJ5U3RyaW5nUGFyYW1ldGVycz4NCiAgICAgICAgPFF1ZXJ5U3RyaW5nUGFyYW1ldGVyIE5hbWU9InRyYW5zcG9ydCIgVmFsdWU9ImxvbmdQb2xsaW5nIiBSZWNvcmRlZFZhbHVlPSJsb25nUG9sbGluZyIgQ29ycmVsYXRpb25CaW5kaW5nPSIiIFVybEVuY29kZT0iRmFsc2UiIFVzZVRvR3JvdXBSZXN1bHRzPSJGYWxzZSIgLz4NCiAgICAgICAgPFF1ZXJ5U3RyaW5nUGFyYW1ldGVyIE5hbWU9ImNvbm5lY3Rpb25Ub2tlbiIgVmFsdWU9IkFRQUFBTkNNbmQ4QkZkRVJqSG9Bd0UlMkZDbCUyQnNCQUFBQXo4c0UxUFZvYVVtdGw3ZFRGdVlYN0FBQUFBQUNBQUFBQUFBUVpnQUFBQUVBQUNBQUFBQXV1Z0VWOFRpZEFGcVNCMTlsS3huVkdQTmhQSEhBejFVNzcyUUZLMHlKZ1FBQUFBQU9nQUFBQUFJQUFDQUFBQUF4WWQ4WktNWFRFRDhUbUxKQkpsZnAzcXJiR3gyc1FSU0VBVEs2dEk5Z21qQUFBQUFTS08lMkI4dFdRMlN6ZjZnZ05ZdXR5S3U2OCUyQlZNbUFLJTJCSENTdVNXcjhJU1olMkZOWiUyQiUyRkc1MWFsQXlFWVlUWEdOaTBOQUFBQUFjYlFhJTJGa3FLYTdaZzhuTk5sU2QzejJOUHFyMnllZk9JODR3eTBob2hpQWZtRGVBQUN5R2xldUZJVDB1YXFqUjhScHN6MkdtWWpSZllFc0dENkd4REh3JTNEJTNEIiBSZWNvcmRlZFZhbHVlPSJBUUFBQU5DTW5kOEJGZEVSakhvQXdFJTJGQ2wlMkJzQkFBQUF6OHNFMVBWb2FVbXRsN2RURnVZWDdBQUFBQUFDQUFBQUFBQVFaZ0FBQUFFQUFDQUFBQUF1dWdFVjhUaWRBRnFTQjE5bEt4blZHUE5oUEhIQXoxVTc3MlFGSzB5SmdRQUFBQUFPZ0FBQUFBSUFBQ0FBQUFBeFlkOFpLTVhURUQ4VG1MSkJKbGZwM3FyYkd4MnNRUlNFQVRLNnRJOWdtakFBQUFBU0tPJTJCOHRXUTJTemY2Z2dOWXV0eUt1NjglMkJWTW1BSyUyQkhDU3VTV3I4SVNaJTJGTlolMkIlMkZHNTFhbEF5RVlZVFhHTmkwTkFBQUFBY2JRYSUyRmtxS2E3Wmc4bk5ObFNkM3oyTlBxcjJ5ZWZPSTg0d3kwaG9oaUFmbURlQUFDeUdsZXVGSVQwdWFxalI4UnBzejJHbVlqUmZZRXNHRDZHeERIdyUzRCUzRCIgQ29ycmVsYXRpb25CaW5kaW5nPSIiIFVybEVuY29kZT0iRmFsc2UiIFVzZVRvR3JvdXBSZXN1bHRzPSJGYWxzZSIgLz4NCiAgICAgICAgPFF1ZXJ5U3RyaW5nUGFyYW1ldGVyIE5hbWU9InJlcXVlc3RVcmwiIFZhbHVlPSJodHRwJTNBJTJGJTJGbG9jYWxob3N0JTNBNDYyMyUyRkFwcCUyRkNyZWF0ZSIgUmVjb3JkZWRWYWx1ZT0iaHR0cCUzQSUyRiUyRmxvY2FsaG9zdCUzQTQ2MjMlMkZBcHAlMkZDcmVhdGUiIENvcnJlbGF0aW9uQmluZGluZz0iIiBVcmxFbmNvZGU9IkZhbHNlIiBVc2VUb0dyb3VwUmVzdWx0cz0iRmFsc2UiIC8+DQogICAgICAgIDxRdWVyeVN0cmluZ1BhcmFtZXRlciBOYW1lPSJicm93c2VyTmFtZSIgVmFsdWU9IkludGVybmV0K0V4cGxvcmVyIiBSZWNvcmRlZFZhbHVlPSJJbnRlcm5ldCtFeHBsb3JlciIgQ29ycmVsYXRpb25CaW5kaW5nPSIiIFVybEVuY29kZT0iRmFsc2UiIFVzZVRvR3JvdXBSZXN1bHRzPSJGYWxzZSIgLz4NCiAgICAgIDwvUXVlcnlTdHJpbmdQYXJhbWV0ZXJzPg0KICAgICAgPEZvcm1Qb3N0SHR0cEJvZHkgLz4NCiAgICA8L1JlcXVlc3Q+DQogICAgPFJlcXVlc3QgTWV0aG9kPSJQT1NUIiBHdWlkPSJmZjg3NmE1NS00Y2E5LTRmMzUtODZlNC05YjUwMzU4Yjk2OTQiIFZlcnNpb249IjEuMSIgVXJsPSJodHRwOi8vbG9jYWxob3N0OjE3NTQ5L2E0NjgwMDA4M2UyOTQzOWE4NWQyMTZkYmM5MjAzYjk0L2FydGVyeVNpZ25hbFIvbmVnb3RpYXRlIiBUaGlua1RpbWU9IjAiIFRpbWVvdXQ9IjMwMCIgUGFyc2VEZXBlbmRlbnRSZXF1ZXN0cz0iVHJ1ZSIgRm9sbG93UmVkaXJlY3RzPSJUcnVlIiBSZWNvcmRSZXN1bHQ9IlRydWUiIENhY2hlPSJGYWxzZSIgUmVzcG9uc2VUaW1lR29hbD0iMCIgRW5jb2Rpbmc9InV0Zi04IiBFeHBlY3RlZEh0dHBTdGF0dXNDb2RlPSIwIiBFeHBlY3RlZFJlc3BvbnNlVXJsPSIiIFJlcG9ydGluZ05hbWU9IiIgSWdub3JlSHR0cFN0YXR1c0NvZGU9IkZhbHNlIj4NCiAgICAgIDxIZWFkZXJzPg0KICAgICAgICA8SGVhZGVyIE5hbWU9IkNvbnRlbnQtVHlwZSIgVmFsdWU9ImFwcGxpY2F0aW9uL3gtd3d3LWZvcm0tdXJsZW5jb2RlZDsgY2hhcnNldD1VVEYtOCIgLz4NCiAgICAgICAgPEhlYWRlciBOYW1lPSJBY2NlcHQiIFZhbHVlPSJ0ZXh0L3BsYWluLCAqLyo7IHE9MC4wMSIgLz4NCiAgICAgICAgPEhlYWRlciBOYW1lPSJSZWZlcmVyIiBWYWx1ZT0iaHR0cDovL2xvY2FsaG9zdDo0NjIzL0FwcCIgLz4NCiAgICAgIDwvSGVhZGVycz4NCiAgICAgIDxRdWVyeVN0cmluZ1BhcmFtZXRlcnM+DQogICAgICAgIDxRdWVyeVN0cmluZ1BhcmFtZXRlciBOYW1lPSJyZXF1ZXN0VXJsIiBWYWx1ZT0iaHR0cCUzQSUyRiUyRmxvY2FsaG9zdCUzQTQ2MjMlMkZBcHAiIFJlY29yZGVkVmFsdWU9Imh0dHAlM0ElMkYlMkZsb2NhbGhvc3QlM0E0NjIzJTJGQXBwIiBDb3JyZWxhdGlvbkJpbmRpbmc9IiIgVXJsRW5jb2RlPSJGYWxzZSIgVXNlVG9Hcm91cFJlc3VsdHM9IkZhbHNlIiAvPg0KICAgICAgICA8UXVlcnlTdHJpbmdQYXJhbWV0ZXIgTmFtZT0iYnJvd3Nlck5hbWUiIFZhbHVlPSJJbnRlcm5ldCtFeHBsb3JlciIgUmVjb3JkZWRWYWx1ZT0iSW50ZXJuZXQrRXhwbG9yZXIiIENvcnJlbGF0aW9uQmluZGluZz0iIiBVcmxFbmNvZGU9IkZhbHNlIiBVc2VUb0dyb3VwUmVzdWx0cz0iRmFsc2UiIC8+DQogICAgICAgIDxRdWVyeVN0cmluZ1BhcmFtZXRlciBOYW1lPSJjbGllbnRQcm90b2NvbCIgVmFsdWU9IjEuMyIgUmVjb3JkZWRWYWx1ZT0iMS4zIiBDb3JyZWxhdGlvbkJpbmRpbmc9IiIgVXJsRW5jb2RlPSJGYWxzZSIgVXNlVG9Hcm91cFJlc3VsdHM9IkZhbHNlIiAvPg0KICAgICAgICA8UXVlcnlTdHJpbmdQYXJhbWV0ZXIgTmFtZT0iXyIgVmFsdWU9IjEzOTc2MzA5OTQ5MzEiIFJlY29yZGVkVmFsdWU9IjEzOTc2MzA5OTQ5MzEiIENvcnJlbGF0aW9uQmluZGluZz0iIiBVcmxFbmNvZGU9IkZhbHNlIiBVc2VUb0dyb3VwUmVzdWx0cz0iRmFsc2UiIC8+DQogICAgICA8L1F1ZXJ5U3RyaW5nUGFyYW1ldGVycz4NCiAgICAgIDxGb3JtUG9zdEh0dHBCb2R5IC8+DQogICAgPC9SZXF1ZXN0Pg0KICAgIDxSZXF1ZXN0IE1ldGhvZD0iUE9TVCIgR3VpZD0iMDhkNjA0MWEtNDI0My00ZWFiLWE3ZWItODg5ZTgwYzEyOTdjIiBWZXJzaW9uPSIxLjEiIFVybD0iaHR0cDovL2xvY2FsaG9zdDoxNzU0OS9hNDY4MDAwODNlMjk0MzlhODVkMjE2ZGJjOTIwM2I5NC9hcnRlcnlTaWduYWxSL2Nvbm5lY3QiIFRoaW5rVGltZT0iMCIgVGltZW91dD0iMzAwIiBQYXJzZURlcGVuZGVudFJlcXVlc3RzPSJUcnVlIiBGb2xsb3dSZWRpcmVjdHM9IlRydWUiIFJlY29yZFJlc3VsdD0iVHJ1ZSIgQ2FjaGU9IkZhbHNlIiBSZXNwb25zZVRpbWVHb2FsPSIwIiBFbmNvZGluZz0idXRmLTgiIEV4cGVjdGVkSHR0cFN0YXR1c0NvZGU9IjAiIEV4cGVjdGVkUmVzcG9uc2VVcmw9IiIgUmVwb3J0aW5nTmFtZT0iIiBJZ25vcmVIdHRwU3RhdHVzQ29kZT0iRmFsc2UiPg0KICAgICAgPEhlYWRlcnM+DQogICAgICAgIDxIZWFkZXIgTmFtZT0iQ29udGVudC1UeXBlIiBWYWx1ZT0iYXBwbGljYXRpb24veC13d3ctZm9ybS11cmxlbmNvZGVkOyBjaGFyc2V0PVVURi04IiAvPg0KICAgICAgICA8SGVhZGVyIE5hbWU9IkFjY2VwdCIgVmFsdWU9InRleHQvcGxhaW4sICovKjsgcT0wLjAxIiAvPg0KICAgICAgICA8SGVhZGVyIE5hbWU9IlJlZmVyZXIiIFZhbHVlPSJodHRwOi8vbG9jYWxob3N0OjQ2MjMvQXBwIiAvPg0KICAgICAgPC9IZWFkZXJzPg0KICAgICAgPFF1ZXJ5U3RyaW5nUGFyYW1ldGVycz4NCiAgICAgICAgPFF1ZXJ5U3RyaW5nUGFyYW1ldGVyIE5hbWU9InRyYW5zcG9ydCIgVmFsdWU9ImxvbmdQb2xsaW5nIiBSZWNvcmRlZFZhbHVlPSJsb25nUG9sbGluZyIgQ29ycmVsYXRpb25CaW5kaW5nPSIiIFVybEVuY29kZT0iRmFsc2UiIFVzZVRvR3JvdXBSZXN1bHRzPSJGYWxzZSIgLz4NCiAgICAgICAgPFF1ZXJ5U3RyaW5nUGFyYW1ldGVyIE5hbWU9ImNvbm5lY3Rpb25Ub2tlbiIgVmFsdWU9IkFRQUFBTkNNbmQ4QkZkRVJqSG9Bd0UlMkZDbCUyQnNCQUFBQXo4c0UxUFZvYVVtdGw3ZFRGdVlYN0FBQUFBQUNBQUFBQUFBUVpnQUFBQUVBQUNBQUFBQlh0JTJGcyUyQk5mcTRzUlJxbFdVNXhja2ZRTnlCWW8lMkY3MVhmaFJWS2Q5SXhFdWdBQUFBQU9nQUFBQUFJQUFDQUFBQUJKR0xPTm80cFZLemJCQm5VUDRvdkdEODglMkJYWjFodTJNcFBWJTJGcG5zc1ZLREFBQUFDTUxRY0dsN251cVlHYiUyRlN3MldDYjhrdlVWS1ZNeTFHNHd1bE42d0MlMkJmZHVhS1F2bFZGUU9oUGhsVTlVSCUyQnF0SkFBQUFBZURDN3d1RG5NMnZNcmtNeDRaaWY2bXhtJTJCODVQJTJCZ2plRUROVXZ5ejgwUDM3VzUya1c5M3BzNWF1JTJGc0FBRXN4bnNJNk9OSmNXRk1KNk9KdXNFQnFHTVElM0QlM0QiIFJlY29yZGVkVmFsdWU9IkFRQUFBTkNNbmQ4QkZkRVJqSG9Bd0UlMkZDbCUyQnNCQUFBQXo4c0UxUFZvYVVtdGw3ZFRGdVlYN0FBQUFBQUNBQUFBQUFBUVpnQUFBQUVBQUNBQUFBQlh0JTJGcyUyQk5mcTRzUlJxbFdVNXhja2ZRTnlCWW8lMkY3MVhmaFJWS2Q5SXhFdWdBQUFBQU9nQUFBQUFJQUFDQUFBQUJKR0xPTm80cFZLemJCQm5VUDRvdkdEODglMkJYWjFodTJNcFBWJTJGcG5zc1ZLREFBQUFDTUxRY0dsN251cVlHYiUyRlN3MldDYjhrdlVWS1ZNeTFHNHd1bE42d0MlMkJmZHVhS1F2bFZGUU9oUGhsVTlVSCUyQnF0SkFBQUFBZURDN3d1RG5NMnZNcmtNeDRaaWY2bXhtJTJCODVQJTJCZ2plRUROVXZ5ejgwUDM3VzUya1c5M3BzNWF1JTJGc0FBRXN4bnNJNk9OSmNXRk1KNk9KdXNFQnFHTVElM0QlM0QiIENvcnJlbGF0aW9uQmluZGluZz0iIiBVcmxFbmNvZGU9IkZhbHNlIiBVc2VUb0dyb3VwUmVzdWx0cz0iRmFsc2UiIC8+DQogICAgICAgIDxRdWVyeVN0cmluZ1BhcmFtZXRlciBOYW1lPSJyZXF1ZXN0VXJsIiBWYWx1ZT0iaHR0cCUzQSUyRiUyRmxvY2FsaG9zdCUzQTQ2MjMlMkZBcHAiIFJlY29yZGVkVmFsdWU9Imh0dHAlM0ElMkYlMkZsb2NhbGhvc3QlM0E0NjIzJTJGQXBwIiBDb3JyZWxhdGlvbkJpbmRpbmc9IiIgVXJsRW5jb2RlPSJGYWxzZSIgVXNlVG9Hcm91cFJlc3VsdHM9IkZhbHNlIiAvPg0KICAgICAgICA8UXVlcnlTdHJpbmdQYXJhbWV0ZXIgTmFtZT0iYnJvd3Nlck5hbWUiIFZhbHVlPSJJbnRlcm5ldCtFeHBsb3JlciIgUmVjb3JkZWRWYWx1ZT0iSW50ZXJuZXQrRXhwbG9yZXIiIENvcnJlbGF0aW9uQmluZGluZz0iIiBVcmxFbmNvZGU9IkZhbHNlIiBVc2VUb0dyb3VwUmVzdWx0cz0iRmFsc2UiIC8+DQogICAgICAgIDxRdWVyeVN0cmluZ1BhcmFtZXRlciBOYW1lPSJ0aWQiIFZhbHVlPSI4IiBSZWNvcmRlZFZhbHVlPSI4IiBDb3JyZWxhdGlvbkJpbmRpbmc9IiIgVXJsRW5jb2RlPSJGYWxzZSIgVXNlVG9Hcm91cFJlc3VsdHM9IkZhbHNlIiAvPg0KICAgICAgICA8UXVlcnlTdHJpbmdQYXJhbWV0ZXIgTmFtZT0iXyIgVmFsdWU9IjEzOTc2MzA5OTU1NzUiIFJlY29yZGVkVmFsdWU9IjEzOTc2MzA5OTU1NzUiIENvcnJlbGF0aW9uQmluZGluZz0iIiBVcmxFbmNvZGU9IkZhbHNlIiBVc2VUb0dyb3VwUmVzdWx0cz0iRmFsc2UiIC8+DQogICAgICA8L1F1ZXJ5U3RyaW5nUGFyYW1ldGVycz4NCiAgICAgIDxGb3JtUG9zdEh0dHBCb2R5IC8+DQogICAgPC9SZXF1ZXN0Pg0KICAgIDxSZXF1ZXN0IE1ldGhvZD0iUE9TVCIgR3VpZD0iOTNlMWU0ZmEtOWVmOC00MGZkLWExNjgtMGVmOThiNzI1MjdlIiBWZXJzaW9uPSIxLjEiIFVybD0iaHR0cDovL2xvY2FsaG9zdDoxNzU0OS9hNDY4MDAwODNlMjk0MzlhODVkMjE2ZGJjOTIwM2I5NC9hcnRlcnlTaWduYWxSL3NlbmQiIFRoaW5rVGltZT0iMCIgVGltZW91dD0iMzAwIiBQYXJzZURlcGVuZGVudFJlcXVlc3RzPSJUcnVlIiBGb2xsb3dSZWRpcmVjdHM9IlRydWUiIFJlY29yZFJlc3VsdD0iVHJ1ZSIgQ2FjaGU9IkZhbHNlIiBSZXNwb25zZVRpbWVHb2FsPSIwIiBFbmNvZGluZz0idXRmLTgiIEV4cGVjdGVkSHR0cFN0YXR1c0NvZGU9IjAiIEV4cGVjdGVkUmVzcG9uc2VVcmw9IiIgUmVwb3J0aW5nTmFtZT0iIiBJZ25vcmVIdHRwU3RhdHVzQ29kZT0iRmFsc2UiPg0KICAgICAgPEhlYWRlcnM+DQogICAgICAgIDxIZWFkZXIgTmFtZT0iQWNjZXB0IiBWYWx1ZT0idGV4dC9wbGFpbiwgKi8qOyBxPTAuMDEiIC8+DQogICAgICAgIDxIZWFkZXIgTmFtZT0iUmVmZXJlciIgVmFsdWU9Imh0dHA6Ly9sb2NhbGhvc3Q6NDYyMy9BcHAiIC8+DQogICAgICA8L0hlYWRlcnM+DQogICAgICA8UXVlcnlTdHJpbmdQYXJhbWV0ZXJzPg0KICAgICAgICA8UXVlcnlTdHJpbmdQYXJhbWV0ZXIgTmFtZT0idHJhbnNwb3J0IiBWYWx1ZT0ibG9uZ1BvbGxpbmciIFJlY29yZGVkVmFsdWU9ImxvbmdQb2xsaW5nIiBDb3JyZWxhdGlvbkJpbmRpbmc9IiIgVXJsRW5jb2RlPSJGYWxzZSIgVXNlVG9Hcm91cFJlc3VsdHM9IkZhbHNlIiAvPg0KICAgICAgICA8UXVlcnlTdHJpbmdQYXJhbWV0ZXIgTmFtZT0iY29ubmVjdGlvblRva2VuIiBWYWx1ZT0iQVFBQUFOQ01uZDhCRmRFUmpIb0F3RSUyRkNsJTJCc0JBQUFBejhzRTFQVm9hVW10bDdkVEZ1WVg3QUFBQUFBQ0FBQUFBQUFRWmdBQUFBRUFBQ0FBQUFCWHQlMkZzJTJCTmZxNHNSUnFsV1U1eGNrZlFOeUJZbyUyRjcxWGZoUlZLZDlJeEV1Z0FBQUFBT2dBQUFBQUlBQUNBQUFBQkpHTE9ObzRwVkt6YkJCblVQNG92R0Q4OCUyQlhaMWh1Mk1wUFYlMkZwbnNzVktEQUFBQUNNTFFjR2w3bnVxWUdiJTJGU3cyV0NiOGt2VVZLVk15MUc0d3VsTjZ3QyUyQmZkdWFLUXZsVkZRT2hQaGxVOVVIJTJCcXRKQUFBQUFlREM3d3VEbk0ydk1ya014NFppZjZteG0lMkI4NVAlMkJnamVFRE5Vdnl6ODBQMzdXNTJrVzkzcHM1YXUlMkZzQUFFc3huc0k2T05KY1dGTUo2T0p1c0VCcUdNUSUzRCUzRCIgUmVjb3JkZWRWYWx1ZT0iQVFBQUFOQ01uZDhCRmRFUmpIb0F3RSUyRkNsJTJCc0JBQUFBejhzRTFQVm9hVW10bDdkVEZ1WVg3QUFBQUFBQ0FBQUFBQUFRWmdBQUFBRUFBQ0FBQUFCWHQlMkZzJTJCTmZxNHNSUnFsV1U1eGNrZlFOeUJZbyUyRjcxWGZoUlZLZDlJeEV1Z0FBQUFBT2dBQUFBQUlBQUNBQUFBQkpHTE9ObzRwVkt6YkJCblVQNG92R0Q4OCUyQlhaMWh1Mk1wUFYlMkZwbnNzVktEQUFBQUNNTFFjR2w3bnVxWUdiJTJGU3cyV0NiOGt2VVZLVk15MUc0d3VsTjZ3QyUyQmZkdWFLUXZsVkZRT2hQaGxVOVVIJTJCcXRKQUFBQUFlREM3d3VEbk0ydk1ya014NFppZjZteG0lMkI4NVAlMkJnamVFRE5Vdnl6ODBQMzdXNTJrVzkzcHM1YXUlMkZzQUFFc3huc0k2T05KY1dGTUo2T0p1c0VCcUdNUSUzRCUzRCIgQ29ycmVsYXRpb25CaW5kaW5nPSIiIFVybEVuY29kZT0iRmFsc2UiIFVzZVRvR3JvdXBSZXN1bHRzPSJGYWxzZSIgLz4NCiAgICAgICAgPFF1ZXJ5U3RyaW5nUGFyYW1ldGVyIE5hbWU9InJlcXVlc3RVcmwiIFZhbHVlPSJodHRwJTNBJTJGJTJGbG9jYWxob3N0JTNBNDYyMyUyRkFwcCIgUmVjb3JkZWRWYWx1ZT0iaHR0cCUzQSUyRiUyRmxvY2FsaG9zdCUzQTQ2MjMlMkZBcHAiIENvcnJlbGF0aW9uQmluZGluZz0iIiBVcmxFbmNvZGU9IkZhbHNlIiBVc2VUb0dyb3VwUmVzdWx0cz0iRmFsc2UiIC8+DQogICAgICAgIDxRdWVyeVN0cmluZ1BhcmFtZXRlciBOYW1lPSJicm93c2VyTmFtZSIgVmFsdWU9IkludGVybmV0K0V4cGxvcmVyIiBSZWNvcmRlZFZhbHVlPSJJbnRlcm5ldCtFeHBsb3JlciIgQ29ycmVsYXRpb25CaW5kaW5nPSIiIFVybEVuY29kZT0iRmFsc2UiIFVzZVRvR3JvdXBSZXN1bHRzPSJGYWxzZSIgLz4NCiAgICAgIDwvUXVlcnlTdHJpbmdQYXJhbWV0ZXJzPg0KICAgICAgPEZvcm1Qb3N0SHR0cEJvZHk+DQogICAgICAgIDxGb3JtUG9zdFBhcmFtZXRlciBOYW1lPSJkYXRhIiBWYWx1ZT0ieyZxdW90O25hbWUmcXVvdDs6JnF1b3Q7TWljcm9zb2Z0LlZpc3VhbFN0dWRpby5XZWIuQnJvd3NlckxpbmsuQ29yZUV4dGVuc2lvbkZhY3RvcnkuY29ubmVjdGVkJnF1b3Q7LCZxdW90O2NhbGxiYWNrSWQmcXVvdDs6MX0iIFJlY29yZGVkVmFsdWU9InsmcXVvdDtuYW1lJnF1b3Q7OiZxdW90O01pY3Jvc29mdC5WaXN1YWxTdHVkaW8uV2ViLkJyb3dzZXJMaW5rLkNvcmVFeHRlbnNpb25GYWN0b3J5LmNvbm5lY3RlZCZxdW90OywmcXVvdDtjYWxsYmFja0lkJnF1b3Q7OjF9IiBDb3JyZWxhdGlvbkJpbmRpbmc9IiIgVXJsRW5jb2RlPSJUcnVlIiAvPg0KICAgICAgPC9Gb3JtUG9zdEh0dHBCb2R5Pg0KICAgIDwvUmVxdWVzdD4NCiAgICA8UmVxdWVzdCBNZXRob2Q9IlBPU1QiIEd1aWQ9IjE1ZDRkMTU3LTY0ZGItNDIxNy04ZWY5LTlmOWNhY2QyNzZlMCIgVmVyc2lvbj0iMS4xIiBVcmw9Imh0dHA6Ly9sb2NhbGhvc3Q6MTc1NDkvYTQ2ODAwMDgzZTI5NDM5YTg1ZDIxNmRiYzkyMDNiOTQvYXJ0ZXJ5U2lnbmFsUi9wb2xsIiBUaGlua1RpbWU9IjAiIFRpbWVvdXQ9IjMwMCIgUGFyc2VEZXBlbmRlbnRSZXF1ZXN0cz0iVHJ1ZSIgRm9sbG93UmVkaXJlY3RzPSJUcnVlIiBSZWNvcmRSZXN1bHQ9IlRydWUiIENhY2hlPSJGYWxzZSIgUmVzcG9uc2VUaW1lR29hbD0iMCIgRW5jb2Rpbmc9InV0Zi04IiBFeHBlY3RlZEh0dHBTdGF0dXNDb2RlPSIwIiBFeHBlY3RlZFJlc3BvbnNlVXJsPSIiIFJlcG9ydGluZ05hbWU9IiIgSWdub3JlSHR0cFN0YXR1c0NvZGU9IkZhbHNlIj4NCiAgICAgIDxIZWFkZXJzPg0KICAgICAgICA8SGVhZGVyIE5hbWU9IkNvbnRlbnQtVHlwZSIgVmFsdWU9ImFwcGxpY2F0aW9uL3gtd3d3LWZvcm0tdXJsZW5jb2RlZDsgY2hhcnNldD1VVEYtOCIgLz4NCiAgICAgICAgPEhlYWRlciBOYW1lPSJBY2NlcHQiIFZhbHVlPSJ0ZXh0L3BsYWluLCAqLyo7IHE9MC4wMSIgLz4NCiAgICAgICAgPEhlYWRlciBOYW1lPSJSZWZlcmVyIiBWYWx1ZT0iaHR0cDovL2xvY2FsaG9zdDo0NjIzL0FwcCIgLz4NCiAgICAgIDwvSGVhZGVycz4NCiAgICAgIDxRdWVyeVN0cmluZ1BhcmFtZXRlcnM+DQogICAgICAgIDxRdWVyeVN0cmluZ1BhcmFtZXRlciBOYW1lPSJ0cmFuc3BvcnQiIFZhbHVlPSJsb25nUG9sbGluZyIgUmVjb3JkZWRWYWx1ZT0ibG9uZ1BvbGxpbmciIENvcnJlbGF0aW9uQmluZGluZz0iIiBVcmxFbmNvZGU9IkZhbHNlIiBVc2VUb0dyb3VwUmVzdWx0cz0iRmFsc2UiIC8+DQogICAgICAgIDxRdWVyeVN0cmluZ1BhcmFtZXRlciBOYW1lPSJjb25uZWN0aW9uVG9rZW4iIFZhbHVlPSJBUUFBQU5DTW5kOEJGZEVSakhvQXdFJTJGQ2wlMkJzQkFBQUF6OHNFMVBWb2FVbXRsN2RURnVZWDdBQUFBQUFDQUFBQUFBQVFaZ0FBQUFFQUFDQUFBQUJYdCUyRnMlMkJOZnE0c1JScWxXVTV4Y2tmUU55QllvJTJGNzFYZmhSVktkOUl4RXVnQUFBQUFPZ0FBQUFBSUFBQ0FBQUFCSkdMT05vNHBWS3piQkJuVVA0b3ZHRDg4JTJCWFoxaHUyTXBQViUyRnBuc3NWS0RBQUFBQ01MUWNHbDdudXFZR2IlMkZTdzJXQ2I4a3ZVVktWTXkxRzR3dWxONndDJTJCZmR1YUtRdmxWRlFPaFBobFU5VUglMkJxdEpBQUFBQWVEQzd3dURuTTJ2TXJrTXg0WmlmNm14bSUyQjg1UCUyQmdqZUVETlV2eXo4MFAzN1c1MmtXOTNwczVhdSUyRnNBQUVzeG5zSTZPTkpjV0ZNSjZPSnVzRUJxR01RJTNEJTNEIiBSZWNvcmRlZFZhbHVlPSJBUUFBQU5DTW5kOEJGZEVSakhvQXdFJTJGQ2wlMkJzQkFBQUF6OHNFMVBWb2FVbXRsN2RURnVZWDdBQUFBQUFDQUFBQUFBQVFaZ0FBQUFFQUFDQUFBQUJYdCUyRnMlMkJOZnE0c1JScWxXVTV4Y2tmUU55QllvJTJGNzFYZmhSVktkOUl4RXVnQUFBQUFPZ0FBQUFBSUFBQ0FBQUFCSkdMT05vNHBWS3piQkJuVVA0b3ZHRDg4JTJCWFoxaHUyTXBQViUyRnBuc3NWS0RBQUFBQ01MUWNHbDdudXFZR2IlMkZTdzJXQ2I4a3ZVVktWTXkxRzR3dWxONndDJTJCZmR1YUtRdmxWRlFPaFBobFU5VUglMkJxdEpBQUFBQWVEQzd3dURuTTJ2TXJrTXg0WmlmNm14bSUyQjg1UCUyQmdqZUVETlV2eXo4MFAzN1c1MmtXOTNwczVhdSUyRnNBQUVzeG5zSTZPTkpjV0ZNSjZPSnVzRUJxR01RJTNEJTNEIiBDb3JyZWxhdGlvbkJpbmRpbmc9IiIgVXJsRW5jb2RlPSJGYWxzZSIgVXNlVG9Hcm91cFJlc3VsdHM9IkZhbHNlIiAvPg0KICAgICAgICA8UXVlcnlTdHJpbmdQYXJhbWV0ZXIgTmFtZT0ibWVzc2FnZUlkIiBWYWx1ZT0iZC1BRkJCRkIxRS1CJTJDMCU3Q2UlMkMxJTdDZiUyQzAiIFJlY29yZGVkVmFsdWU9ImQtQUZCQkZCMUUtQiUyQzAlN0NlJTJDMSU3Q2YlMkMwIiBDb3JyZWxhdGlvbkJpbmRpbmc9IiIgVXJsRW5jb2RlPSJGYWxzZSIgVXNlVG9Hcm91cFJlc3VsdHM9IkZhbHNlIiAvPg0KICAgICAgICA8UXVlcnlTdHJpbmdQYXJhbWV0ZXIgTmFtZT0icmVxdWVzdFVybCIgVmFsdWU9Imh0dHAlM0ElMkYlMkZsb2NhbGhvc3QlM0E0NjIzJTJGQXBwIiBSZWNvcmRlZFZhbHVlPSJodHRwJTNBJTJGJTJGbG9jYWxob3N0JTNBNDYyMyUyRkFwcCIgQ29ycmVsYXRpb25CaW5kaW5nPSIiIFVybEVuY29kZT0iRmFsc2UiIFVzZVRvR3JvdXBSZXN1bHRzPSJGYWxzZSIgLz4NCiAgICAgICAgPFF1ZXJ5U3RyaW5nUGFyYW1ldGVyIE5hbWU9ImJyb3dzZXJOYW1lIiBWYWx1ZT0iSW50ZXJuZXQrRXhwbG9yZXIiIFJlY29yZGVkVmFsdWU9IkludGVybmV0K0V4cGxvcmVyIiBDb3JyZWxhdGlvbkJpbmRpbmc9IiIgVXJsRW5jb2RlPSJGYWxzZSIgVXNlVG9Hcm91cFJlc3VsdHM9IkZhbHNlIiAvPg0KICAgICAgICA8UXVlcnlTdHJpbmdQYXJhbWV0ZXIgTmFtZT0idGlkIiBWYWx1ZT0iMCIgUmVjb3JkZWRWYWx1ZT0iMCIgQ29ycmVsYXRpb25CaW5kaW5nPSIiIFVybEVuY29kZT0iRmFsc2UiIFVzZVRvR3JvdXBSZXN1bHRzPSJGYWxzZSIgLz4NCiAgICAgICAgPFF1ZXJ5U3RyaW5nUGFyYW1ldGVyIE5hbWU9Il8iIFZhbHVlPSIxMzk3NjMwOTk1NTk1IiBSZWNvcmRlZFZhbHVlPSIxMzk3NjMwOTk1NTk1IiBDb3JyZWxhdGlvbkJpbmRpbmc9IiIgVXJsRW5jb2RlPSJGYWxzZSIgVXNlVG9Hcm91cFJlc3VsdHM9IkZhbHNlIiAvPg0KICAgICAgPC9RdWVyeVN0cmluZ1BhcmFtZXRlcnM+DQogICAgICA8Rm9ybVBvc3RIdHRwQm9keSAvPg0KICAgIDwvUmVxdWVzdD4NCiAgICA8UmVxdWVzdCBNZXRob2Q9IlBPU1QiIEd1aWQ9IjRiNTRkNjVjLTZhYzQtNGNmMi1hYTUxLWRlY2U1NGYzZjVjMiIgVmVyc2lvbj0iMS4xIiBVcmw9Imh0dHA6Ly9sb2NhbGhvc3Q6MTc1NDkvYTQ2ODAwMDgzZTI5NDM5YTg1ZDIxNmRiYzkyMDNiOTQvYXJ0ZXJ5U2lnbmFsUi9zZW5kIiBUaGlua1RpbWU9IjAiIFRpbWVvdXQ9IjMwMCIgUGFyc2VEZXBlbmRlbnRSZXF1ZXN0cz0iVHJ1ZSIgRm9sbG93UmVkaXJlY3RzPSJUcnVlIiBSZWNvcmRSZXN1bHQ9IlRydWUiIENhY2hlPSJGYWxzZSIgUmVzcG9uc2VUaW1lR29hbD0iMCIgRW5jb2Rpbmc9InV0Zi04IiBFeHBlY3RlZEh0dHBTdGF0dXNDb2RlPSIwIiBFeHBlY3RlZFJlc3BvbnNlVXJsPSIiIFJlcG9ydGluZ05hbWU9IiIgSWdub3JlSHR0cFN0YXR1c0NvZGU9IkZhbHNlIj4NCiAgICAgIDxIZWFkZXJzPg0KICAgICAgICA8SGVhZGVyIE5hbWU9IkFjY2VwdCIgVmFsdWU9InRleHQvcGxhaW4sICovKjsgcT0wLjAxIiAvPg0KICAgICAgICA8SGVhZGVyIE5hbWU9IlJlZmVyZXIiIFZhbHVlPSJodHRwOi8vbG9jYWxob3N0OjQ2MjMvQXBwIiAvPg0KICAgICAgPC9IZWFkZXJzPg0KICAgICAgPFF1ZXJ5U3RyaW5nUGFyYW1ldGVycz4NCiAgICAgICAgPFF1ZXJ5U3RyaW5nUGFyYW1ldGVyIE5hbWU9InRyYW5zcG9ydCIgVmFsdWU9ImxvbmdQb2xsaW5nIiBSZWNvcmRlZFZhbHVlPSJsb25nUG9sbGluZyIgQ29ycmVsYXRpb25CaW5kaW5nPSIiIFVybEVuY29kZT0iRmFsc2UiIFVzZVRvR3JvdXBSZXN1bHRzPSJGYWxzZSIgLz4NCiAgICAgICAgPFF1ZXJ5U3RyaW5nUGFyYW1ldGVyIE5hbWU9ImNvbm5lY3Rpb25Ub2tlbiIgVmFsdWU9IkFRQUFBTkNNbmQ4QkZkRVJqSG9Bd0UlMkZDbCUyQnNCQUFBQXo4c0UxUFZvYVVtdGw3ZFRGdVlYN0FBQUFBQUNBQUFBQUFBUVpnQUFBQUVBQUNBQUFBQlh0JTJGcyUyQk5mcTRzUlJxbFdVNXhja2ZRTnlCWW8lMkY3MVhmaFJWS2Q5SXhFdWdBQUFBQU9nQUFBQUFJQUFDQUFBQUJKR0xPTm80cFZLemJCQm5VUDRvdkdEODglMkJYWjFodTJNcFBWJTJGcG5zc1ZLREFBQUFDTUxRY0dsN251cVlHYiUyRlN3MldDYjhrdlVWS1ZNeTFHNHd1bE42d0MlMkJmZHVhS1F2bFZGUU9oUGhsVTlVSCUyQnF0SkFBQUFBZURDN3d1RG5NMnZNcmtNeDRaaWY2bXhtJTJCODVQJTJCZ2plRUROVXZ5ejgwUDM3VzUya1c5M3BzNWF1JTJGc0FBRXN4bnNJNk9OSmNXRk1KNk9KdXNFQnFHTVElM0QlM0QiIFJlY29yZGVkVmFsdWU9IkFRQUFBTkNNbmQ4QkZkRVJqSG9Bd0UlMkZDbCUyQnNCQUFBQXo4c0UxUFZvYVVtdGw3ZFRGdVlYN0FBQUFBQUNBQUFBQUFBUVpnQUFBQUVBQUNBQUFBQlh0JTJGcyUyQk5mcTRzUlJxbFdVNXhja2ZRTnlCWW8lMkY3MVhmaFJWS2Q5SXhFdWdBQUFBQU9nQUFBQUFJQUFDQUFBQUJKR0xPTm80cFZLemJCQm5VUDRvdkdEODglMkJYWjFodTJNcFBWJTJGcG5zc1ZLREFBQUFDTUxRY0dsN251cVlHYiUyRlN3MldDYjhrdlVWS1ZNeTFHNHd1bE42d0MlMkJmZHVhS1F2bFZGUU9oUGhsVTlVSCUyQnF0SkFBQUFBZURDN3d1RG5NMnZNcmtNeDRaaWY2bXhtJTJCODVQJTJCZ2plRUROVXZ5ejgwUDM3VzUya1c5M3BzNWF1JTJGc0FBRXN4bnNJNk9OSmNXRk1KNk9KdXNFQnFHTVElM0QlM0QiIENvcnJlbGF0aW9uQmluZGluZz0iIiBVcmxFbmNvZGU9IkZhbHNlIiBVc2VUb0dyb3VwUmVzdWx0cz0iRmFsc2UiIC8+DQogICAgICAgIDxRdWVyeVN0cmluZ1BhcmFtZXRlciBOYW1lPSJyZXF1ZXN0VXJsIiBWYWx1ZT0iaHR0cCUzQSUyRiUyRmxvY2FsaG9zdCUzQTQ2MjMlMkZBcHAiIFJlY29yZGVkVmFsdWU9Imh0dHAlM0ElMkYlMkZsb2NhbGhvc3QlM0E0NjIzJTJGQXBwIiBDb3JyZWxhdGlvbkJpbmRpbmc9IiIgVXJsRW5jb2RlPSJGYWxzZSIgVXNlVG9Hcm91cFJlc3VsdHM9IkZhbHNlIiAvPg0KICAgICAgICA8UXVlcnlTdHJpbmdQYXJhbWV0ZXIgTmFtZT0iYnJvd3Nlck5hbWUiIFZhbHVlPSJJbnRlcm5ldCtFeHBsb3JlciIgUmVjb3JkZWRWYWx1ZT0iSW50ZXJuZXQrRXhwbG9yZXIiIENvcnJlbGF0aW9uQmluZGluZz0iIiBVcmxFbmNvZGU9IkZhbHNlIiBVc2VUb0dyb3VwUmVzdWx0cz0iRmFsc2UiIC8+DQogICAgICA8L1F1ZXJ5U3RyaW5nUGFyYW1ldGVycz4NCiAgICAgIDxGb3JtUG9zdEh0dHBCb2R5Pg0KICAgICAgICA8Rm9ybVBvc3RQYXJhbWV0ZXIgTmFtZT0iZGF0YSIgVmFsdWU9InsmcXVvdDtuYW1lJnF1b3Q7OiZxdW90O21pY3Jvc29mdC52aXN1YWxzdHVkaW8ud2ViLmJyb3dzZXJsaW5rLmh0bWxtYXBwaW5nZXh0ZW5zaW9uZmFjdG9yeS5yZXNvbHZlVXJsJnF1b3Q7LCZxdW90O2FyZ3MmcXVvdDs6WyZxdW90O34vX19icm93c2VyTGluay9yZXF1ZXN0RGF0YS85M2E4YzdjNTJhODE0MjBlOTc3MTUzZWIyNWFkODc4MCZxdW90O10sJnF1b3Q7Y2FsbGJhY2tJZCZxdW90OzoyfSIgUmVjb3JkZWRWYWx1ZT0ieyZxdW90O25hbWUmcXVvdDs6JnF1b3Q7bWljcm9zb2Z0LnZpc3VhbHN0dWRpby53ZWIuYnJvd3NlcmxpbmsuaHRtbG1hcHBpbmdleHRlbnNpb25mYWN0b3J5LnJlc29sdmVVcmwmcXVvdDssJnF1b3Q7YXJncyZxdW90OzpbJnF1b3Q7fi9fX2Jyb3dzZXJMaW5rL3JlcXVlc3REYXRhLzkzYThjN2M1MmE4MTQyMGU5NzcxNTNlYjI1YWQ4NzgwJnF1b3Q7XSwmcXVvdDtjYWxsYmFja0lkJnF1b3Q7OjJ9IiBDb3JyZWxhdGlvbkJpbmRpbmc9IiIgVXJsRW5jb2RlPSJUcnVlIiAvPg0KICAgICAgPC9Gb3JtUG9zdEh0dHBCb2R5Pg0KICAgIDwvUmVxdWVzdD4NCiAgICA8UmVxdWVzdCBNZXRob2Q9IlBPU1QiIEd1aWQ9IjcxNTQ5NTg0LTY5OTctNGUwMS1hYjMxLWEzMWZiYmUyYzUyMSIgVmVyc2lvbj0iMS4xIiBVcmw9Imh0dHA6Ly9sb2NhbGhvc3Q6MTc1NDkvYTQ2ODAwMDgzZTI5NDM5YTg1ZDIxNmRiYzkyMDNiOTQvYXJ0ZXJ5U2lnbmFsUi9wb2xsIiBUaGlua1RpbWU9IjAiIFRpbWVvdXQ9IjMwMCIgUGFyc2VEZXBlbmRlbnRSZXF1ZXN0cz0iVHJ1ZSIgRm9sbG93UmVkaXJlY3RzPSJUcnVlIiBSZWNvcmRSZXN1bHQ9IlRydWUiIENhY2hlPSJGYWxzZSIgUmVzcG9uc2VUaW1lR29hbD0iMCIgRW5jb2Rpbmc9InV0Zi04IiBFeHBlY3RlZEh0dHBTdGF0dXNDb2RlPSIwIiBFeHBlY3RlZFJlc3BvbnNlVXJsPSIiIFJlcG9ydGluZ05hbWU9IiIgSWdub3JlSHR0cFN0YXR1c0NvZGU9IkZhbHNlIj4NCiAgICAgIDxIZWFkZXJzPg0KICAgICAgICA8SGVhZGVyIE5hbWU9IkNvbnRlbnQtVHlwZSIgVmFsdWU9ImFwcGxpY2F0aW9uL3gtd3d3LWZvcm0tdXJsZW5jb2RlZDsgY2hhcnNldD1VVEYtOCIgLz4NCiAgICAgICAgPEhlYWRlciBOYW1lPSJBY2NlcHQiIFZhbHVlPSJ0ZXh0L3BsYWluLCAqLyo7IHE9MC4wMSIgLz4NCiAgICAgICAgPEhlYWRlciBOYW1lPSJSZWZlcmVyIiBWYWx1ZT0iaHR0cDovL2xvY2FsaG9zdDo0NjIzL0FwcCIgLz4NCiAgICAgIDwvSGVhZGVycz4NCiAgICAgIDxRdWVyeVN0cmluZ1BhcmFtZXRlcnM+DQogICAgICAgIDxRdWVyeVN0cmluZ1BhcmFtZXRlciBOYW1lPSJ0cmFuc3BvcnQiIFZhbHVlPSJsb25nUG9sbGluZyIgUmVjb3JkZWRWYWx1ZT0ibG9uZ1BvbGxpbmciIENvcnJlbGF0aW9uQmluZGluZz0iIiBVcmxFbmNvZGU9IkZhbHNlIiBVc2VUb0dyb3VwUmVzdWx0cz0iRmFsc2UiIC8+DQogICAgICAgIDxRdWVyeVN0cmluZ1BhcmFtZXRlciBOYW1lPSJjb25uZWN0aW9uVG9rZW4iIFZhbHVlPSJBUUFBQU5DTW5kOEJGZEVSakhvQXdFJTJGQ2wlMkJzQkFBQUF6OHNFMVBWb2FVbXRsN2RURnVZWDdBQUFBQUFDQUFBQUFBQVFaZ0FBQUFFQUFDQUFBQUJYdCUyRnMlMkJOZnE0c1JScWxXVTV4Y2tmUU55QllvJTJGNzFYZmhSVktkOUl4RXVnQUFBQUFPZ0FBQUFBSUFBQ0FBQUFCSkdMT05vNHBWS3piQkJuVVA0b3ZHRDg4JTJCWFoxaHUyTXBQViUyRnBuc3NWS0RBQUFBQ01MUWNHbDdudXFZR2IlMkZTdzJXQ2I4a3ZVVktWTXkxRzR3dWxONndDJTJCZmR1YUtRdmxWRlFPaFBobFU5VUglMkJxdEpBQUFBQWVEQzd3dURuTTJ2TXJrTXg0WmlmNm14bSUyQjg1UCUyQmdqZUVETlV2eXo4MFAzN1c1MmtXOTNwczVhdSUyRnNBQUVzeG5zSTZPTkpjV0ZNSjZPSnVzRUJxR01RJTNEJTNEIiBSZWNvcmRlZFZhbHVlPSJBUUFBQU5DTW5kOEJGZEVSakhvQXdFJTJGQ2wlMkJzQkFBQUF6OHNFMVBWb2FVbXRsN2RURnVZWDdBQUFBQUFDQUFBQUFBQVFaZ0FBQUFFQUFDQUFBQUJYdCUyRnMlMkJOZnE0c1JScWxXVTV4Y2tmUU55QllvJTJGNzFYZmhSVktkOUl4RXVnQUFBQUFPZ0FBQUFBSUFBQ0FBQUFCSkdMT05vNHBWS3piQkJuVVA0b3ZHRDg4JTJCWFoxaHUyTXBQViUyRnBuc3NWS0RBQUFBQ01MUWNHbDdudXFZR2IlMkZTdzJXQ2I4a3ZVVktWTXkxRzR3dWxONndDJTJCZmR1YUtRdmxWRlFPaFBobFU5VUglMkJxdEpBQUFBQWVEQzd3dURuTTJ2TXJrTXg0WmlmNm14bSUyQjg1UCUyQmdqZUVETlV2eXo4MFAzN1c1MmtXOTNwczVhdSUyRnNBQUVzeG5zSTZPTkpjV0ZNSjZPSnVzRUJxR01RJTNEJTNEIiBDb3JyZWxhdGlvbkJpbmRpbmc9IiIgVXJsRW5jb2RlPSJGYWxzZSIgVXNlVG9Hcm91cFJlc3VsdHM9IkZhbHNlIiAvPg0KICAgICAgICA8UXVlcnlTdHJpbmdQYXJhbWV0ZXIgTmFtZT0ibWVzc2FnZUlkIiBWYWx1ZT0iZC1BRkJCRkIxRS1CJTJDMCU3Q2UlMkMyJTdDZiUyQzAiIFJlY29yZGVkVmFsdWU9ImQtQUZCQkZCMUUtQiUyQzAlN0NlJTJDMiU3Q2YlMkMwIiBDb3JyZWxhdGlvbkJpbmRpbmc9IiIgVXJsRW5jb2RlPSJGYWxzZSIgVXNlVG9Hcm91cFJlc3VsdHM9IkZhbHNlIiAvPg0KICAgICAgICA8UXVlcnlTdHJpbmdQYXJhbWV0ZXIgTmFtZT0icmVxdWVzdFVybCIgVmFsdWU9Imh0dHAlM0ElMkYlMkZsb2NhbGhvc3QlM0E0NjIzJTJGQXBwIiBSZWNvcmRlZFZhbHVlPSJodHRwJTNBJTJGJTJGbG9jYWxob3N0JTNBNDYyMyUyRkFwcCIgQ29ycmVsYXRpb25CaW5kaW5nPSIiIFVybEVuY29kZT0iRmFsc2UiIFVzZVRvR3JvdXBSZXN1bHRzPSJGYWxzZSIgLz4NCiAgICAgICAgPFF1ZXJ5U3RyaW5nUGFyYW1ldGVyIE5hbWU9ImJyb3dzZXJOYW1lIiBWYWx1ZT0iSW50ZXJuZXQrRXhwbG9yZXIiIFJlY29yZGVkVmFsdWU9IkludGVybmV0K0V4cGxvcmVyIiBDb3JyZWxhdGlvbkJpbmRpbmc9IiIgVXJsRW5jb2RlPSJGYWxzZSIgVXNlVG9Hcm91cFJlc3VsdHM9IkZhbHNlIiAvPg0KICAgICAgICA8UXVlcnlTdHJpbmdQYXJhbWV0ZXIgTmFtZT0idGlkIiBWYWx1ZT0iNyIgUmVjb3JkZWRWYWx1ZT0iNyIgQ29ycmVsYXRpb25CaW5kaW5nPSIiIFVybEVuY29kZT0iRmFsc2UiIFVzZVRvR3JvdXBSZXN1bHRzPSJGYWxzZSIgLz4NCiAgICAgICAgPFF1ZXJ5U3RyaW5nUGFyYW1ldGVyIE5hbWU9Il8iIFZhbHVlPSIxMzk3NjMwOTk1NjcwIiBSZWNvcmRlZFZhbHVlPSIxMzk3NjMwOTk1NjcwIiBDb3JyZWxhdGlvbkJpbmRpbmc9IiIgVXJsRW5jb2RlPSJGYWxzZSIgVXNlVG9Hcm91cFJlc3VsdHM9IkZhbHNlIiAvPg0KICAgICAgPC9RdWVyeVN0cmluZ1BhcmFtZXRlcnM+DQogICAgICA8Rm9ybVBvc3RIdHRwQm9keSAvPg0KICAgIDwvUmVxdWVzdD4NCiAgICA8UmVxdWVzdCBNZXRob2Q9IkdFVCIgR3VpZD0iN2IyNjYxMjktOWExZi00MjIyLWExMDYtMTE3ZTJlMjE2ZmViIiBWZXJzaW9uPSIxLjEiIFVybD0iaHR0cDovL2xvY2FsaG9zdDo0NjIzL19fYnJvd3NlckxpbmsvcmVxdWVzdERhdGEvOTNhOGM3YzUyYTgxNDIwZTk3NzE1M2ViMjVhZDg3ODAiIFRoaW5rVGltZT0iMCIgVGltZW91dD0iMzAwIiBQYXJzZURlcGVuZGVudFJlcXVlc3RzPSJUcnVlIiBGb2xsb3dSZWRpcmVjdHM9IlRydWUiIFJlY29yZFJlc3VsdD0iVHJ1ZSIgQ2FjaGU9IkZhbHNlIiBSZXNwb25zZVRpbWVHb2FsPSIwIiBFbmNvZGluZz0idXRmLTgiIEV4cGVjdGVkSHR0cFN0YXR1c0NvZGU9IjAiIEV4cGVjdGVkUmVzcG9uc2VVcmw9IiIgUmVwb3J0aW5nTmFtZT0iIiBJZ25vcmVIdHRwU3RhdHVzQ29kZT0iRmFsc2UiPg0KICAgICAgPEhlYWRlcnM+DQogICAgICAgIDxIZWFkZXIgTmFtZT0iQWNjZXB0IiBWYWx1ZT0iYXBwbGljYXRpb24vanNvbiwgdGV4dC9qYXZhc2NyaXB0LCAqLyo7IHE9MC4wMSIgLz4NCiAgICAgICAgPEhlYWRlciBOYW1lPSJYLVJlcXVlc3RlZC1XaXRoIiBWYWx1ZT0iWE1MSHR0cFJlcXVlc3QiIC8+DQogICAgICAgIDxIZWFkZXIgTmFtZT0iUmVmZXJlciIgVmFsdWU9Imh0dHA6Ly9sb2NhbGhvc3Q6NDYyMy9BcHAiIC8+DQogICAgICA8L0hlYWRlcnM+DQogICAgPC9SZXF1ZXN0Pg0KICAgIDxSZXF1ZXN0IE1ldGhvZD0iUE9TVCIgR3VpZD0iMjdhZDJlODgtM2FjMS00YzZjLWExMzYtMzIyYTY0MjQzZWU0IiBWZXJzaW9uPSIxLjEiIFVybD0iaHR0cDovL2xvY2FsaG9zdDoxNzU0OS9hNDY4MDAwODNlMjk0MzlhODVkMjE2ZGJjOTIwM2I5NC9hcnRlcnlTaWduYWxSL3BvbGwiIFRoaW5rVGltZT0iMCIgVGltZW91dD0iMzAwIiBQYXJzZURlcGVuZGVudFJlcXVlc3RzPSJUcnVlIiBGb2xsb3dSZWRpcmVjdHM9IlRydWUiIFJlY29yZFJlc3VsdD0iVHJ1ZSIgQ2FjaGU9IkZhbHNlIiBSZXNwb25zZVRpbWVHb2FsPSIwIiBFbmNvZGluZz0idXRmLTgiIEV4cGVjdGVkSHR0cFN0YXR1c0NvZGU9IjAiIEV4cGVjdGVkUmVzcG9uc2VVcmw9IiIgUmVwb3J0aW5nTmFtZT0iIiBJZ25vcmVIdHRwU3RhdHVzQ29kZT0iRmFsc2UiPg0KICAgICAgPEhlYWRlcnM+DQogICAgICAgIDxIZWFkZXIgTmFtZT0iQ29udGVudC1UeXBlIiBWYWx1ZT0iYXBwbGljYXRpb24veC13d3ctZm9ybS11cmxlbmNvZGVkOyBjaGFyc2V0PVVURi04IiAvPg0KICAgICAgICA8SGVhZGVyIE5hbWU9IkFjY2VwdCIgVmFsdWU9InRleHQvcGxhaW4sICovKjsgcT0wLjAxIiAvPg0KICAgICAgICA8SGVhZGVyIE5hbWU9IlJlZmVyZXIiIFZhbHVlPSJodHRwOi8vbG9jYWxob3N0OjQ2MjMvQXBwIiAvPg0KICAgICAgPC9IZWFkZXJzPg0KICAgICAgPFF1ZXJ5U3RyaW5nUGFyYW1ldGVycz4NCiAgICAgICAgPFF1ZXJ5U3RyaW5nUGFyYW1ldGVyIE5hbWU9InRyYW5zcG9ydCIgVmFsdWU9ImxvbmdQb2xsaW5nIiBSZWNvcmRlZFZhbHVlPSJsb25nUG9sbGluZyIgQ29ycmVsYXRpb25CaW5kaW5nPSIiIFVybEVuY29kZT0iRmFsc2UiIFVzZVRvR3JvdXBSZXN1bHRzPSJGYWxzZSIgLz4NCiAgICAgICAgPFF1ZXJ5U3RyaW5nUGFyYW1ldGVyIE5hbWU9ImNvbm5lY3Rpb25Ub2tlbiIgVmFsdWU9IkFRQUFBTkNNbmQ4QkZkRVJqSG9Bd0UlMkZDbCUyQnNCQUFBQXo4c0UxUFZvYVVtdGw3ZFRGdVlYN0FBQUFBQUNBQUFBQUFBUVpnQUFBQUVBQUNBQUFBQlh0JTJGcyUyQk5mcTRzUlJxbFdVNXhja2ZRTnlCWW8lMkY3MVhmaFJWS2Q5SXhFdWdBQUFBQU9nQUFBQUFJQUFDQUFBQUJKR0xPTm80cFZLemJCQm5VUDRvdkdEODglMkJYWjFodTJNcFBWJTJGcG5zc1ZLREFBQUFDTUxRY0dsN251cVlHYiUyRlN3MldDYjhrdlVWS1ZNeTFHNHd1bE42d0MlMkJmZHVhS1F2bFZGUU9oUGhsVTlVSCUyQnF0SkFBQUFBZURDN3d1RG5NMnZNcmtNeDRaaWY2bXhtJTJCODVQJTJCZ2plRUROVXZ5ejgwUDM3VzUya1c5M3BzNWF1JTJGc0FBRXN4bnNJNk9OSmNXRk1KNk9KdXNFQnFHTVElM0QlM0QiIFJlY29yZGVkVmFsdWU9IkFRQUFBTkNNbmQ4QkZkRVJqSG9Bd0UlMkZDbCUyQnNCQUFBQXo4c0UxUFZvYVVtdGw3ZFRGdVlYN0FBQUFBQUNBQUFBQUFBUVpnQUFBQUVBQUNBQUFBQlh0JTJGcyUyQk5mcTRzUlJxbFdVNXhja2ZRTnlCWW8lMkY3MVhmaFJWS2Q5SXhFdWdBQUFBQU9nQUFBQUFJQUFDQUFBQUJKR0xPTm80cFZLemJCQm5VUDRvdkdEODglMkJYWjFodTJNcFBWJTJGcG5zc1ZLREFBQUFDTUxRY0dsN251cVlHYiUyRlN3MldDYjhrdlVWS1ZNeTFHNHd1bE42d0MlMkJmZHVhS1F2bFZGUU9oUGhsVTlVSCUyQnF0SkFBQUFBZURDN3d1RG5NMnZNcmtNeDRaaWY2bXhtJTJCODVQJTJCZ2plRUROVXZ5ejgwUDM3VzUya1c5M3BzNWF1JTJGc0FBRXN4bnNJNk9OSmNXRk1KNk9KdXNFQnFHTVElM0QlM0QiIENvcnJlbGF0aW9uQmluZGluZz0iIiBVcmxFbmNvZGU9IkZhbHNlIiBVc2VUb0dyb3VwUmVzdWx0cz0iRmFsc2UiIC8+DQogICAgICAgIDxRdWVyeVN0cmluZ1BhcmFtZXRlciBOYW1lPSJtZXNzYWdlSWQiIFZhbHVlPSJkLUFGQkJGQjFFLUIlMkMwJTdDZSUyQzMlN0NmJTJDMCIgUmVjb3JkZWRWYWx1ZT0iZC1BRkJCRkIxRS1CJTJDMCU3Q2UlMkMzJTdDZiUyQzAiIENvcnJlbGF0aW9uQmluZGluZz0iIiBVcmxFbmNvZGU9IkZhbHNlIiBVc2VUb0dyb3VwUmVzdWx0cz0iRmFsc2UiIC8+DQogICAgICAgIDxRdWVyeVN0cmluZ1BhcmFtZXRlciBOYW1lPSJyZXF1ZXN0VXJsIiBWYWx1ZT0iaHR0cCUzQSUyRiUyRmxvY2FsaG9zdCUzQTQ2MjMlMkZBcHAiIFJlY29yZGVkVmFsdWU9Imh0dHAlM0ElMkYlMkZsb2NhbGhvc3QlM0E0NjIzJTJGQXBwIiBDb3JyZWxhdGlvbkJpbmRpbmc9IiIgVXJsRW5jb2RlPSJGYWxzZSIgVXNlVG9Hcm91cFJlc3VsdHM9IkZhbHNlIiAvPg0KICAgICAgICA8UXVlcnlTdHJpbmdQYXJhbWV0ZXIgTmFtZT0iYnJvd3Nlck5hbWUiIFZhbHVlPSJJbnRlcm5ldCtFeHBsb3JlciIgUmVjb3JkZWRWYWx1ZT0iSW50ZXJuZXQrRXhwbG9yZXIiIENvcnJlbGF0aW9uQmluZGluZz0iIiBVcmxFbmNvZGU9IkZhbHNlIiBVc2VUb0dyb3VwUmVzdWx0cz0iRmFsc2UiIC8+DQogICAgICAgIDxRdWVyeVN0cmluZ1BhcmFtZXRlciBOYW1lPSJ0aWQiIFZhbHVlPSI1IiBSZWNvcmRlZFZhbHVlPSI1IiBDb3JyZWxhdGlvbkJpbmRpbmc9IiIgVXJsRW5jb2RlPSJGYWxzZSIgVXNlVG9Hcm91cFJlc3VsdHM9IkZhbHNlIiAvPg0KICAgICAgICA8UXVlcnlTdHJpbmdQYXJhbWV0ZXIgTmFtZT0iXyIgVmFsdWU9IjEzOTc2MzA5OTYyNjMiIFJlY29yZGVkVmFsdWU9IjEzOTc2MzA5OTYyNjMiIENvcnJlbGF0aW9uQmluZGluZz0iIiBVcmxFbmNvZGU9IkZhbHNlIiBVc2VUb0dyb3VwUmVzdWx0cz0iRmFsc2UiIC8+DQogICAgICA8L1F1ZXJ5U3RyaW5nUGFyYW1ldGVycz4NCiAgICAgIDxGb3JtUG9zdEh0dHBCb2R5IC8+DQogICAgPC9SZXF1ZXN0Pg0KICAgIDxSZXF1ZXN0IE1ldGhvZD0iUE9TVCIgR3VpZD0iMjE4MjRmNWUtNWY5Ny00YzQ5LThjZWUtOTNjMDQ2YzBjNDM4IiBWZXJzaW9uPSIxLjEiIFVybD0iaHR0cDovL2xvY2FsaG9zdDoxNzU0OS9hNDY4MDAwODNlMjk0MzlhODVkMjE2ZGJjOTIwM2I5NC9hcnRlcnlTaWduYWxSL3NlbmQiIFRoaW5rVGltZT0iMiIgVGltZW91dD0iMzAwIiBQYXJzZURlcGVuZGVudFJlcXVlc3RzPSJUcnVlIiBGb2xsb3dSZWRpcmVjdHM9IlRydWUiIFJlY29yZFJlc3VsdD0iVHJ1ZSIgQ2FjaGU9IkZhbHNlIiBSZXNwb25zZVRpbWVHb2FsPSIwIiBFbmNvZGluZz0idXRmLTgiIEV4cGVjdGVkSHR0cFN0YXR1c0NvZGU9IjAiIEV4cGVjdGVkUmVzcG9uc2VVcmw9IiIgUmVwb3J0aW5nTmFtZT0iIiBJZ25vcmVIdHRwU3RhdHVzQ29kZT0iRmFsc2UiPg0KICAgICAgPEhlYWRlcnM+DQogICAgICAgIDxIZWFkZXIgTmFtZT0iQWNjZXB0IiBWYWx1ZT0idGV4dC9wbGFpbiwgKi8qOyBxPTAuMDEiIC8+DQogICAgICAgIDxIZWFkZXIgTmFtZT0iUmVmZXJlciIgVmFsdWU9Imh0dHA6Ly9sb2NhbGhvc3Q6NDYyMy9BcHAiIC8+DQogICAgICA8L0hlYWRlcnM+DQogICAgICA8UXVlcnlTdHJpbmdQYXJhbWV0ZXJzPg0KICAgICAgICA8UXVlcnlTdHJpbmdQYXJhbWV0ZXIgTmFtZT0idHJhbnNwb3J0IiBWYWx1ZT0ibG9uZ1BvbGxpbmciIFJlY29yZGVkVmFsdWU9ImxvbmdQb2xsaW5nIiBDb3JyZWxhdGlvbkJpbmRpbmc9IiIgVXJsRW5jb2RlPSJGYWxzZSIgVXNlVG9Hcm91cFJlc3VsdHM9IkZhbHNlIiAvPg0KICAgICAgICA8UXVlcnlTdHJpbmdQYXJhbWV0ZXIgTmFtZT0iY29ubmVjdGlvblRva2VuIiBWYWx1ZT0iQVFBQUFOQ01uZDhCRmRFUmpIb0F3RSUyRkNsJTJCc0JBQUFBejhzRTFQVm9hVW10bDdkVEZ1WVg3QUFBQUFBQ0FBQUFBQUFRWmdBQUFBRUFBQ0FBQUFCWHQlMkZzJTJCTmZxNHNSUnFsV1U1eGNrZlFOeUJZbyUyRjcxWGZoUlZLZDlJeEV1Z0FBQUFBT2dBQUFBQUlBQUNBQUFBQkpHTE9ObzRwVkt6YkJCblVQNG92R0Q4OCUyQlhaMWh1Mk1wUFYlMkZwbnNzVktEQUFBQUNNTFFjR2w3bnVxWUdiJTJGU3cyV0NiOGt2VVZLVk15MUc0d3VsTjZ3QyUyQmZkdWFLUXZsVkZRT2hQaGxVOVVIJTJCcXRKQUFBQUFlREM3d3VEbk0ydk1ya014NFppZjZteG0lMkI4NVAlMkJnamVFRE5Vdnl6ODBQMzdXNTJrVzkzcHM1YXUlMkZzQUFFc3huc0k2T05KY1dGTUo2T0p1c0VCcUdNUSUzRCUzRCIgUmVjb3JkZWRWYWx1ZT0iQVFBQUFOQ01uZDhCRmRFUmpIb0F3RSUyRkNsJTJCc0JBQUFBejhzRTFQVm9hVW10bDdkVEZ1WVg3QUFBQUFBQ0FBQUFBQUFRWmdBQUFBRUFBQ0FBQUFCWHQlMkZzJTJCTmZxNHNSUnFsV1U1eGNrZlFOeUJZbyUyRjcxWGZoUlZLZDlJeEV1Z0FBQUFBT2dBQUFBQUlBQUNBQUFBQkpHTE9ObzRwVkt6YkJCblVQNG92R0Q4OCUyQlhaMWh1Mk1wUFYlMkZwbnNzVktEQUFBQUNNTFFjR2w3bnVxWUdiJTJGU3cyV0NiOGt2VVZLVk15MUc0d3VsTjZ3QyUyQmZkdWFLUXZsVkZRT2hQaGxVOVVIJTJCcXRKQUFBQUFlREM3d3VEbk0ydk1ya014NFppZjZteG0lMkI4NVAlMkJnamVFRE5Vdnl6ODBQMzdXNTJrVzkzcHM1YXUlMkZzQUFFc3huc0k2T05KY1dGTUo2T0p1c0VCcUdNUSUzRCUzRCIgQ29ycmVsYXRpb25CaW5kaW5nPSIiIFVybEVuY29kZT0iRmFsc2UiIFVzZVRvR3JvdXBSZXN1bHRzPSJGYWxzZSIgLz4NCiAgICAgICAgPFF1ZXJ5U3RyaW5nUGFyYW1ldGVyIE5hbWU9InJlcXVlc3RVcmwiIFZhbHVlPSJodHRwJTNBJTJGJTJGbG9jYWxob3N0JTNBNDYyMyUyRkFwcCIgUmVjb3JkZWRWYWx1ZT0iaHR0cCUzQSUyRiUyRmxvY2FsaG9zdCUzQTQ2MjMlMkZBcHAiIENvcnJlbGF0aW9uQmluZGluZz0iIiBVcmxFbmNvZGU9IkZhbHNlIiBVc2VUb0dyb3VwUmVzdWx0cz0iRmFsc2UiIC8+DQogICAgICAgIDxRdWVyeVN0cmluZ1BhcmFtZXRlciBOYW1lPSJicm93c2VyTmFtZSIgVmFsdWU9IkludGVybmV0K0V4cGxvcmVyIiBSZWNvcmRlZFZhbHVlPSJJbnRlcm5ldCtFeHBsb3JlciIgQ29ycmVsYXRpb25CaW5kaW5nPSIiIFVybEVuY29kZT0iRmFsc2UiIFVzZVRvR3JvdXBSZXN1bHRzPSJGYWxzZSIgLz4NCiAgICAgIDwvUXVlcnlTdHJpbmdQYXJhbWV0ZXJzPg0KICAgICAgPEZvcm1Qb3N0SHR0cEJvZHk+DQogICAgICAgIDxGb3JtUG9zdFBhcmFtZXRlciBOYW1lPSJkYXRhIiBWYWx1ZT0ieyZxdW90O25hbWUmcXVvdDs6JnF1b3Q7bWljcm9zb2Z0LnZpc3VhbHN0dWRpby53ZWIuYnJvd3NlcmxpbmsuaHRtbG1hcHBpbmdleHRlbnNpb25mYWN0b3J5LnJlc29sdmVTb3VyY2VGaWxlUGF0aHMmcXVvdDssJnF1b3Q7YXJncyZxdW90OzpbWyZxdW90O34vVmlld3MvQXBwL0luZGV4LmNzaHRtbCZxdW90O11dLCZxdW90O2NhbGxiYWNrSWQmcXVvdDs6M30iIFJlY29yZGVkVmFsdWU9InsmcXVvdDtuYW1lJnF1b3Q7OiZxdW90O21pY3Jvc29mdC52aXN1YWxzdHVkaW8ud2ViLmJyb3dzZXJsaW5rLmh0bWxtYXBwaW5nZXh0ZW5zaW9uZmFjdG9yeS5yZXNvbHZlU291cmNlRmlsZVBhdGhzJnF1b3Q7LCZxdW90O2FyZ3MmcXVvdDs6W1smcXVvdDt+L1ZpZXdzL0FwcC9JbmRleC5jc2h0bWwmcXVvdDtdXSwmcXVvdDtjYWxsYmFja0lkJnF1b3Q7OjN9IiBDb3JyZWxhdGlvbkJpbmRpbmc9IiIgVXJsRW5jb2RlPSJUcnVlIiAvPg0KICAgICAgPC9Gb3JtUG9zdEh0dHBCb2R5Pg0KICAgIDwvUmVxdWVzdD4NCiAgICA8UmVxdWVzdCBNZXRob2Q9IkdFVCIgR3VpZD0iOWYyMzk3MmItODI5ZC00ODdlLWIyZDgtNjNlOTQwNDMwZDMwIiBWZXJzaW9uPSIxLjEiIFVybD0iaHR0cDovL2xvY2FsaG9zdDo0NjIzL0FwcC9DcmVhdGUiIFRoaW5rVGltZT0iMCIgVGltZW91dD0iMzAwIiBQYXJzZURlcGVuZGVudFJlcXVlc3RzPSJUcnVlIiBGb2xsb3dSZWRpcmVjdHM9IlRydWUiIFJlY29yZFJlc3VsdD0iVHJ1ZSIgQ2FjaGU9IkZhbHNlIiBSZXNwb25zZVRpbWVHb2FsPSIwIiBFbmNvZGluZz0idXRmLTgiIEV4cGVjdGVkSHR0cFN0YXR1c0NvZGU9IjAiIEV4cGVjdGVkUmVzcG9uc2VVcmw9IiIgUmVwb3J0aW5nTmFtZT0iIiBJZ25vcmVIdHRwU3RhdHVzQ29kZT0iRmFsc2UiPg0KICAgICAgPEhlYWRlcnM+DQogICAgICAgIDxIZWFkZXIgTmFtZT0iUmVmZXJlciIgVmFsdWU9Imh0dHA6Ly9sb2NhbGhvc3Q6NDYyMy9BcHAiIC8+DQogICAgICA8L0hlYWRlcnM+DQogICAgPC9SZXF1ZXN0Pg0KICAgIDxSZXF1ZXN0IE1ldGhvZD0iUE9TVCIgR3VpZD0iN2NlNzRlZWItMWQ4NS00ZTg5LWE0ZTMtYWE1OWU5ZWY2NjQ1IiBWZXJzaW9uPSIxLjEiIFVybD0iaHR0cDovL2xvY2FsaG9zdDoxNzU0OS9hNDY4MDAwODNlMjk0MzlhODVkMjE2ZGJjOTIwM2I5NC9hcnRlcnlTaWduYWxSL2Fib3J0IiBUaGlua1RpbWU9IjAiIFRpbWVvdXQ9IjMwMCIgUGFyc2VEZXBlbmRlbnRSZXF1ZXN0cz0iVHJ1ZSIgRm9sbG93UmVkaXJlY3RzPSJUcnVlIiBSZWNvcmRSZXN1bHQ9IlRydWUiIENhY2hlPSJGYWxzZSIgUmVzcG9uc2VUaW1lR29hbD0iMCIgRW5jb2Rpbmc9InV0Zi04IiBFeHBlY3RlZEh0dHBTdGF0dXNDb2RlPSIwIiBFeHBlY3RlZFJlc3BvbnNlVXJsPSIiIFJlcG9ydGluZ05hbWU9IiIgSWdub3JlSHR0cFN0YXR1c0NvZGU9IkZhbHNlIj4NCiAgICAgIDxIZWFkZXJzPg0KICAgICAgICA8SGVhZGVyIE5hbWU9IkFjY2VwdCIgVmFsdWU9InRleHQvcGxhaW4sICovKjsgcT0wLjAxIiAvPg0KICAgICAgICA8SGVhZGVyIE5hbWU9IlJlZmVyZXIiIFZhbHVlPSJodHRwOi8vbG9jYWxob3N0OjQ2MjMvQXBwIiAvPg0KICAgICAgPC9IZWFkZXJzPg0KICAgICAgPFF1ZXJ5U3RyaW5nUGFyYW1ldGVycz4NCiAgICAgICAgPFF1ZXJ5U3RyaW5nUGFyYW1ldGVyIE5hbWU9InRyYW5zcG9ydCIgVmFsdWU9ImxvbmdQb2xsaW5nIiBSZWNvcmRlZFZhbHVlPSJsb25nUG9sbGluZyIgQ29ycmVsYXRpb25CaW5kaW5nPSIiIFVybEVuY29kZT0iRmFsc2UiIFVzZVRvR3JvdXBSZXN1bHRzPSJGYWxzZSIgLz4NCiAgICAgICAgPFF1ZXJ5U3RyaW5nUGFyYW1ldGVyIE5hbWU9ImNvbm5lY3Rpb25Ub2tlbiIgVmFsdWU9IkFRQUFBTkNNbmQ4QkZkRVJqSG9Bd0UlMkZDbCUyQnNCQUFBQXo4c0UxUFZvYVVtdGw3ZFRGdVlYN0FBQUFBQUNBQUFBQUFBUVpnQUFBQUVBQUNBQUFBQlh0JTJGcyUyQk5mcTRzUlJxbFdVNXhja2ZRTnlCWW8lMkY3MVhmaFJWS2Q5SXhFdWdBQUFBQU9nQUFBQUFJQUFDQUFBQUJKR0xPTm80cFZLemJCQm5VUDRvdkdEODglMkJYWjFodTJNcFBWJTJGcG5zc1ZLREFBQUFDTUxRY0dsN251cVlHYiUyRlN3MldDYjhrdlVWS1ZNeTFHNHd1bE42d0MlMkJmZHVhS1F2bFZGUU9oUGhsVTlVSCUyQnF0SkFBQUFBZURDN3d1RG5NMnZNcmtNeDRaaWY2bXhtJTJCODVQJTJCZ2plRUROVXZ5ejgwUDM3VzUya1c5M3BzNWF1JTJGc0FBRXN4bnNJNk9OSmNXRk1KNk9KdXNFQnFHTVElM0QlM0QiIFJlY29yZGVkVmFsdWU9IkFRQUFBTkNNbmQ4QkZkRVJqSG9Bd0UlMkZDbCUyQnNCQUFBQXo4c0UxUFZvYVVtdGw3ZFRGdVlYN0FBQUFBQUNBQUFBQUFBUVpnQUFBQUVBQUNBQUFBQlh0JTJGcyUyQk5mcTRzUlJxbFdVNXhja2ZRTnlCWW8lMkY3MVhmaFJWS2Q5SXhFdWdBQUFBQU9nQUFBQUFJQUFDQUFBQUJKR0xPTm80cFZLemJCQm5VUDRvdkdEODglMkJYWjFodTJNcFBWJTJGcG5zc1ZLREFBQUFDTUxRY0dsN251cVlHYiUyRlN3MldDYjhrdlVWS1ZNeTFHNHd1bE42d0MlMkJmZHVhS1F2bFZGUU9oUGhsVTlVSCUyQnF0SkFBQUFBZURDN3d1RG5NMnZNcmtNeDRaaWY2bXhtJTJCODVQJTJCZ2plRUROVXZ5ejgwUDM3VzUya1c5M3BzNWF1JTJGc0FBRXN4bnNJNk9OSmNXRk1KNk9KdXNFQnFHTVElM0QlM0QiIENvcnJlbGF0aW9uQmluZGluZz0iIiBVcmxFbmNvZGU9IkZhbHNlIiBVc2VUb0dyb3VwUmVzdWx0cz0iRmFsc2UiIC8+DQogICAgICAgIDxRdWVyeVN0cmluZ1BhcmFtZXRlciBOYW1lPSJyZXF1ZXN0VXJsIiBWYWx1ZT0iaHR0cCUzQSUyRiUyRmxvY2FsaG9zdCUzQTQ2MjMlMkZBcHAiIFJlY29yZGVkVmFsdWU9Imh0dHAlM0ElMkYlMkZsb2NhbGhvc3QlM0E0NjIzJTJGQXBwIiBDb3JyZWxhdGlvbkJpbmRpbmc9IiIgVXJsRW5jb2RlPSJGYWxzZSIgVXNlVG9Hcm91cFJlc3VsdHM9IkZhbHNlIiAvPg0KICAgICAgICA8UXVlcnlTdHJpbmdQYXJhbWV0ZXIgTmFtZT0iYnJvd3Nlck5hbWUiIFZhbHVlPSJJbnRlcm5ldCtFeHBsb3JlciIgUmVjb3JkZWRWYWx1ZT0iSW50ZXJuZXQrRXhwbG9yZXIiIENvcnJlbGF0aW9uQmluZGluZz0iIiBVcmxFbmNvZGU9IkZhbHNlIiBVc2VUb0dyb3VwUmVzdWx0cz0iRmFsc2UiIC8+DQogICAgICA8L1F1ZXJ5U3RyaW5nUGFyYW1ldGVycz4NCiAgICAgIDxGb3JtUG9zdEh0dHBCb2R5IC8+DQogICAgPC9SZXF1ZXN0Pg0KICAgIDxSZXF1ZXN0IE1ldGhvZD0iUE9TVCIgR3VpZD0iNDk2NzUyODEtY2UwMS00NzQ1LWIxODQtOWYyNTYxMGJkMGRjIiBWZXJzaW9uPSIxLjEiIFVybD0iaHR0cDovL2xvY2FsaG9zdDoxNzU0OS9hNDY4MDAwODNlMjk0MzlhODVkMjE2ZGJjOTIwM2I5NC9hcnRlcnlTaWduYWxSL25lZ290aWF0ZSIgVGhpbmtUaW1lPSIwIiBUaW1lb3V0PSIzMDAiIFBhcnNlRGVwZW5kZW50UmVxdWVzdHM9IlRydWUiIEZvbGxvd1JlZGlyZWN0cz0iVHJ1ZSIgUmVjb3JkUmVzdWx0PSJUcnVlIiBDYWNoZT0iRmFsc2UiIFJlc3BvbnNlVGltZUdvYWw9IjAiIEVuY29kaW5nPSJ1dGYtOCIgRXhwZWN0ZWRIdHRwU3RhdHVzQ29kZT0iMCIgRXhwZWN0ZWRSZXNwb25zZVVybD0iIiBSZXBvcnRpbmdOYW1lPSIiIElnbm9yZUh0dHBTdGF0dXNDb2RlPSJGYWxzZSI+DQogICAgICA8SGVhZGVycz4NCiAgICAgICAgPEhlYWRlciBOYW1lPSJDb250ZW50LVR5cGUiIFZhbHVlPSJhcHBsaWNhdGlvbi94LXd3dy1mb3JtLXVybGVuY29kZWQ7IGNoYXJzZXQ9VVRGLTgiIC8+DQogICAgICAgIDxIZWFkZXIgTmFtZT0iQWNjZXB0IiBWYWx1ZT0idGV4dC9wbGFpbiwgKi8qOyBxPTAuMDEiIC8+DQogICAgICAgIDxIZWFkZXIgTmFtZT0iUmVmZXJlciIgVmFsdWU9Imh0dHA6Ly9sb2NhbGhvc3Q6NDYyMy9BcHAvQ3JlYXRlIiAvPg0KICAgICAgPC9IZWFkZXJzPg0KICAgICAgPFF1ZXJ5U3RyaW5nUGFyYW1ldGVycz4NCiAgICAgICAgPFF1ZXJ5U3RyaW5nUGFyYW1ldGVyIE5hbWU9InJlcXVlc3RVcmwiIFZhbHVlPSJodHRwJTNBJTJGJTJGbG9jYWxob3N0JTNBNDYyMyUyRkFwcCUyRkNyZWF0ZSIgUmVjb3JkZWRWYWx1ZT0iaHR0cCUzQSUyRiUyRmxvY2FsaG9zdCUzQTQ2MjMlMkZBcHAlMkZDcmVhdGUiIENvcnJlbGF0aW9uQmluZGluZz0iIiBVcmxFbmNvZGU9IkZhbHNlIiBVc2VUb0dyb3VwUmVzdWx0cz0iRmFsc2UiIC8+DQogICAgICAgIDxRdWVyeVN0cmluZ1BhcmFtZXRlciBOYW1lPSJicm93c2VyTmFtZSIgVmFsdWU9IkludGVybmV0K0V4cGxvcmVyIiBSZWNvcmRlZFZhbHVlPSJJbnRlcm5ldCtFeHBsb3JlciIgQ29ycmVsYXRpb25CaW5kaW5nPSIiIFVybEVuY29kZT0iRmFsc2UiIFVzZVRvR3JvdXBSZXN1bHRzPSJGYWxzZSIgLz4NCiAgICAgICAgPFF1ZXJ5U3RyaW5nUGFyYW1ldGVyIE5hbWU9ImNsaWVudFByb3RvY29sIiBWYWx1ZT0iMS4zIiBSZWNvcmRlZFZhbHVlPSIxLjMiIENvcnJlbGF0aW9uQmluZGluZz0iIiBVcmxFbmNvZGU9IkZhbHNlIiBVc2VUb0dyb3VwUmVzdWx0cz0iRmFsc2UiIC8+DQogICAgICAgIDxRdWVyeVN0cmluZ1BhcmFtZXRlciBOYW1lPSJfIiBWYWx1ZT0iMTM5NzYzMDk5OTAyOCIgUmVjb3JkZWRWYWx1ZT0iMTM5NzYzMDk5OTAyOCIgQ29ycmVsYXRpb25CaW5kaW5nPSIiIFVybEVuY29kZT0iRmFsc2UiIFVzZVRvR3JvdXBSZXN1bHRzPSJGYWxzZSIgLz4NCiAgICAgIDwvUXVlcnlTdHJpbmdQYXJhbWV0ZXJzPg0KICAgICAgPEZvcm1Qb3N0SHR0cEJvZHkgLz4NCiAgICA8L1JlcXVlc3Q+DQogICAgPFJlcXVlc3QgTWV0aG9kPSJQT1NUIiBHdWlkPSIyYmM0N2U0Yi0yNTY2LTRlYTEtYWM1OC00M2M4Y2RjNTRjNzIiIFZlcnNpb249IjEuMSIgVXJsPSJodHRwOi8vbG9jYWxob3N0OjE3NTQ5L2E0NjgwMDA4M2UyOTQzOWE4NWQyMTZkYmM5MjAzYjk0L2FydGVyeVNpZ25hbFIvY29ubmVjdCIgVGhpbmtUaW1lPSIwIiBUaW1lb3V0PSIzMDAiIFBhcnNlRGVwZW5kZW50UmVxdWVzdHM9IlRydWUiIEZvbGxvd1JlZGlyZWN0cz0iVHJ1ZSIgUmVjb3JkUmVzdWx0PSJUcnVlIiBDYWNoZT0iRmFsc2UiIFJlc3BvbnNlVGltZUdvYWw9IjAiIEVuY29kaW5nPSJ1dGYtOCIgRXhwZWN0ZWRIdHRwU3RhdHVzQ29kZT0iMCIgRXhwZWN0ZWRSZXNwb25zZVVybD0iIiBSZXBvcnRpbmdOYW1lPSIiIElnbm9yZUh0dHBTdGF0dXNDb2RlPSJGYWxzZSI+DQogICAgICA8SGVhZGVycz4NCiAgICAgICAgPEhlYWRlciBOYW1lPSJDb250ZW50LVR5cGUiIFZhbHVlPSJhcHBsaWNhdGlvbi94LXd3dy1mb3JtLXVybGVuY29kZWQ7IGNoYXJzZXQ9VVRGLTgiIC8+DQogICAgICAgIDxIZWFkZXIgTmFtZT0iQWNjZXB0IiBWYWx1ZT0idGV4dC9wbGFpbiwgKi8qOyBxPTAuMDEiIC8+DQogICAgICAgIDxIZWFkZXIgTmFtZT0iUmVmZXJlciIgVmFsdWU9Imh0dHA6Ly9sb2NhbGhvc3Q6NDYyMy9BcHAvQ3JlYXRlIiAvPg0KICAgICAgPC9IZWFkZXJzPg0KICAgICAgPFF1ZXJ5U3RyaW5nUGFyYW1ldGVycz4NCiAgICAgICAgPFF1ZXJ5U3RyaW5nUGFyYW1ldGVyIE5hbWU9InRyYW5zcG9ydCIgVmFsdWU9ImxvbmdQb2xsaW5nIiBSZWNvcmRlZFZhbHVlPSJsb25nUG9sbGluZyIgQ29ycmVsYXRpb25CaW5kaW5nPSIiIFVybEVuY29kZT0iRmFsc2UiIFVzZVRvR3JvdXBSZXN1bHRzPSJGYWxzZSIgLz4NCiAgICAgICAgPFF1ZXJ5U3RyaW5nUGFyYW1ldGVyIE5hbWU9ImNvbm5lY3Rpb25Ub2tlbiIgVmFsdWU9IkFRQUFBTkNNbmQ4QkZkRVJqSG9Bd0UlMkZDbCUyQnNCQUFBQXo4c0UxUFZvYVVtdGw3ZFRGdVlYN0FBQUFBQUNBQUFBQUFBUVpnQUFBQUVBQUNBQUFBQ1Zsdlp0eVdpdyUyQmV2dHJvUnhVZ0lSdmZVUGQ2UFN3MmhSU3BkRHIyNEV6UUFBQUFBT2dBQUFBQUlBQUNBQUFBQURwT3ROOVNxJTJCUDF0SHZ3V05GZDlBbUI3UnNPJTJGc2ZSQXNUWVNLS2ZkR3FqQUFBQURoWVp0Q2tsd1RqY1ZQYzVOYTVqOHY1UUpOZWJxYXdpVGUya3lmNDdNM2llUSUyQldUcDI0Vk5lNUloM0Y1VTdydHhBQUFBQVlMdmM2TyUyRngzJTJGTG14MU1idktabmwyUVJUMUVZUVQyT2JDYjRkWEk3dHg3bDhJJTJGNXlXbGtOYWFKRjk2R3ElMkJFZHZNUlFzYmZ2SSUyRndJeCUyRmxHOFhwcEdnJTNEJTNEIiBSZWNvcmRlZFZhbHVlPSJBUUFBQU5DTW5kOEJGZEVSakhvQXdFJTJGQ2wlMkJzQkFBQUF6OHNFMVBWb2FVbXRsN2RURnVZWDdBQUFBQUFDQUFBQUFBQVFaZ0FBQUFFQUFDQUFBQUNWbHZadHlXaXclMkJldnRyb1J4VWdJUnZmVVBkNlBTdzJoUlNwZERyMjRFelFBQUFBQU9nQUFBQUFJQUFDQUFBQUFEcE90TjlTcSUyQlAxdEh2d1dORmQ5QW1CN1JzTyUyRnNmUkFzVFlTS0tmZEdxakFBQUFEaFladENrbHdUamNWUGM1TmE1ajh2NVFKTmVicWF3aVRlMmt5ZjQ3TTNpZVElMkJXVHAyNFZOZTVJaDNGNVU3cnR4QUFBQUFZTHZjNk8lMkZ4MyUyRkxteDFNYnZLWm5sMlFSVDFFWVFUMk9iQ2I0ZFhJN3R4N2w4SSUyRjV5V2xrTmFhSkY5NkdxJTJCRWR2TVJRc2JmdkklMkZ3SXglMkZsRzhYcHBHZyUzRCUzRCIgQ29ycmVsYXRpb25CaW5kaW5nPSIiIFVybEVuY29kZT0iRmFsc2UiIFVzZVRvR3JvdXBSZXN1bHRzPSJGYWxzZSIgLz4NCiAgICAgICAgPFF1ZXJ5U3RyaW5nUGFyYW1ldGVyIE5hbWU9InJlcXVlc3RVcmwiIFZhbHVlPSJodHRwJTNBJTJGJTJGbG9jYWxob3N0JTNBNDYyMyUyRkFwcCUyRkNyZWF0ZSIgUmVjb3JkZWRWYWx1ZT0iaHR0cCUzQSUyRiUyRmxvY2FsaG9zdCUzQTQ2MjMlMkZBcHAlMkZDcmVhdGUiIENvcnJlbGF0aW9uQmluZGluZz0iIiBVcmxFbmNvZGU9IkZhbHNlIiBVc2VUb0dyb3VwUmVzdWx0cz0iRmFsc2UiIC8+DQogICAgICAgIDxRdWVyeVN0cmluZ1BhcmFtZXRlciBOYW1lPSJicm93c2VyTmFtZSIgVmFsdWU9IkludGVybmV0K0V4cGxvcmVyIiBSZWNvcmRlZFZhbHVlPSJJbnRlcm5ldCtFeHBsb3JlciIgQ29ycmVsYXRpb25CaW5kaW5nPSIiIFVybEVuY29kZT0iRmFsc2UiIFVzZVRvR3JvdXBSZXN1bHRzPSJGYWxzZSIgLz4NCiAgICAgICAgPFF1ZXJ5U3RyaW5nUGFyYW1ldGVyIE5hbWU9InRpZCIgVmFsdWU9IjMiIFJlY29yZGVkVmFsdWU9IjMiIENvcnJlbGF0aW9uQmluZGluZz0iIiBVcmxFbmNvZGU9IkZhbHNlIiBVc2VUb0dyb3VwUmVzdWx0cz0iRmFsc2UiIC8+DQogICAgICAgIDxRdWVyeVN0cmluZ1BhcmFtZXRlciBOYW1lPSJfIiBWYWx1ZT0iMTM5NzYzMDk5OTcwMyIgUmVjb3JkZWRWYWx1ZT0iMTM5NzYzMDk5OTcwMyIgQ29ycmVsYXRpb25CaW5kaW5nPSIiIFVybEVuY29kZT0iRmFsc2UiIFVzZVRvR3JvdXBSZXN1bHRzPSJGYWxzZSIgLz4NCiAgICAgIDwvUXVlcnlTdHJpbmdQYXJhbWV0ZXJzPg0KICAgICAgPEZvcm1Qb3N0SHR0cEJvZHkgLz4NCiAgICA8L1JlcXVlc3Q+DQogICAgPFJlcXVlc3QgTWV0aG9kPSJQT1NUIiBHdWlkPSJhMjBkYTFlNS04NTcxLTQxZjYtYTExMi05NjA4MjMxNjhjYzgiIFZlcnNpb249IjEuMSIgVXJsPSJodHRwOi8vbG9jYWxob3N0OjE3NTQ5L2E0NjgwMDA4M2UyOTQzOWE4NWQyMTZkYmM5MjAzYjk0L2FydGVyeVNpZ25hbFIvc2VuZCIgVGhpbmtUaW1lPSIwIiBUaW1lb3V0PSIzMDAiIFBhcnNlRGVwZW5kZW50UmVxdWVzdHM9IlRydWUiIEZvbGxvd1JlZGlyZWN0cz0iVHJ1ZSIgUmVjb3JkUmVzdWx0PSJUcnVlIiBDYWNoZT0iRmFsc2UiIFJlc3BvbnNlVGltZUdvYWw9IjAiIEVuY29kaW5nPSJ1dGYtOCIgRXhwZWN0ZWRIdHRwU3RhdHVzQ29kZT0iMCIgRXhwZWN0ZWRSZXNwb25zZVVybD0iIiBSZXBvcnRpbmdOYW1lPSIiIElnbm9yZUh0dHBTdGF0dXNDb2RlPSJGYWxzZSI+DQogICAgICA8SGVhZGVycz4NCiAgICAgICAgPEhlYWRlciBOYW1lPSJBY2NlcHQiIFZhbHVlPSJ0ZXh0L3BsYWluLCAqLyo7IHE9MC4wMSIgLz4NCiAgICAgICAgPEhlYWRlciBOYW1lPSJSZWZlcmVyIiBWYWx1ZT0iaHR0cDovL2xvY2FsaG9zdDo0NjIzL0FwcC9DcmVhdGUiIC8+DQogICAgICA8L0hlYWRlcnM+DQogICAgICA8UXVlcnlTdHJpbmdQYXJhbWV0ZXJzPg0KICAgICAgICA8UXVlcnlTdHJpbmdQYXJhbWV0ZXIgTmFtZT0idHJhbnNwb3J0IiBWYWx1ZT0ibG9uZ1BvbGxpbmciIFJlY29yZGVkVmFsdWU9ImxvbmdQb2xsaW5nIiBDb3JyZWxhdGlvbkJpbmRpbmc9IiIgVXJsRW5jb2RlPSJGYWxzZSIgVXNlVG9Hcm91cFJlc3VsdHM9IkZhbHNlIiAvPg0KICAgICAgICA8UXVlcnlTdHJpbmdQYXJhbWV0ZXIgTmFtZT0iY29ubmVjdGlvblRva2VuIiBWYWx1ZT0iQVFBQUFOQ01uZDhCRmRFUmpIb0F3RSUyRkNsJTJCc0JBQUFBejhzRTFQVm9hVW10bDdkVEZ1WVg3QUFBQUFBQ0FBQUFBQUFRWmdBQUFBRUFBQ0FBQUFDVmx2WnR5V2l3JTJCZXZ0cm9SeFVnSVJ2ZlVQZDZQU3cyaFJTcGREcjI0RXpRQUFBQUFPZ0FBQUFBSUFBQ0FBQUFBRHBPdE45U3ElMkJQMXRIdndXTkZkOUFtQjdSc08lMkZzZlJBc1RZU0tLZmRHcWpBQUFBRGhZWnRDa2x3VGpjVlBjNU5hNWo4djVRSk5lYnFhd2lUZTJreWY0N00zaWVRJTJCV1RwMjRWTmU1SWgzRjVVN3J0eEFBQUFBWUx2YzZPJTJGeDMlMkZMbXgxTWJ2S1pubDJRUlQxRVlRVDJPYkNiNGRYSTd0eDdsOEklMkY1eVdsa05hYUpGOTZHcSUyQkVkdk1SUXNiZnZJJTJGd0l4JTJGbEc4WHBwR2clM0QlM0QiIFJlY29yZGVkVmFsdWU9IkFRQUFBTkNNbmQ4QkZkRVJqSG9Bd0UlMkZDbCUyQnNCQUFBQXo4c0UxUFZvYVVtdGw3ZFRGdVlYN0FBQUFBQUNBQUFBQUFBUVpnQUFBQUVBQUNBQUFBQ1Zsdlp0eVdpdyUyQmV2dHJvUnhVZ0lSdmZVUGQ2UFN3MmhSU3BkRHIyNEV6UUFBQUFBT2dBQUFBQUlBQUNBQUFBQURwT3ROOVNxJTJCUDF0SHZ3V05GZDlBbUI3UnNPJTJGc2ZSQXNUWVNLS2ZkR3FqQUFBQURoWVp0Q2tsd1RqY1ZQYzVOYTVqOHY1UUpOZWJxYXdpVGUya3lmNDdNM2llUSUyQldUcDI0Vk5lNUloM0Y1VTdydHhBQUFBQVlMdmM2TyUyRngzJTJGTG14MU1idktabmwyUVJUMUVZUVQyT2JDYjRkWEk3dHg3bDhJJTJGNXlXbGtOYWFKRjk2R3ElMkJFZHZNUlFzYmZ2SSUyRndJeCUyRmxHOFhwcEdnJTNEJTNEIiBDb3JyZWxhdGlvbkJpbmRpbmc9IiIgVXJsRW5jb2RlPSJGYWxzZSIgVXNlVG9Hcm91cFJlc3VsdHM9IkZhbHNlIiAvPg0KICAgICAgICA8UXVlcnlTdHJpbmdQYXJhbWV0ZXIgTmFtZT0icmVxdWVzdFVybCIgVmFsdWU9Imh0dHAlM0ElMkYlMkZsb2NhbGhvc3QlM0E0NjIzJTJGQXBwJTJGQ3JlYXRlIiBSZWNvcmRlZFZhbHVlPSJodHRwJTNBJTJGJTJGbG9jYWxob3N0JTNBNDYyMyUyRkFwcCUyRkNyZWF0ZSIgQ29ycmVsYXRpb25CaW5kaW5nPSIiIFVybEVuY29kZT0iRmFsc2UiIFVzZVRvR3JvdXBSZXN1bHRzPSJGYWxzZSIgLz4NCiAgICAgICAgPFF1ZXJ5U3RyaW5nUGFyYW1ldGVyIE5hbWU9ImJyb3dzZXJOYW1lIiBWYWx1ZT0iSW50ZXJuZXQrRXhwbG9yZXIiIFJlY29yZGVkVmFsdWU9IkludGVybmV0K0V4cGxvcmVyIiBDb3JyZWxhdGlvbkJpbmRpbmc9IiIgVXJsRW5jb2RlPSJGYWxzZSIgVXNlVG9Hcm91cFJlc3VsdHM9IkZhbHNlIiAvPg0KICAgICAgPC9RdWVyeVN0cmluZ1BhcmFtZXRlcnM+DQogICAgICA8Rm9ybVBvc3RIdHRwQm9keT4NCiAgICAgICAgPEZvcm1Qb3N0UGFyYW1ldGVyIE5hbWU9ImRhdGEiIFZhbHVlPSJ7JnF1b3Q7bmFtZSZxdW90OzomcXVvdDtNaWNyb3NvZnQuVmlzdWFsU3R1ZGlvLldlYi5Ccm93c2VyTGluay5Db3JlRXh0ZW5zaW9uRmFjdG9yeS5jb25uZWN0ZWQmcXVvdDssJnF1b3Q7Y2FsbGJhY2tJZCZxdW90OzoxfSIgUmVjb3JkZWRWYWx1ZT0ieyZxdW90O25hbWUmcXVvdDs6JnF1b3Q7TWljcm9zb2Z0LlZpc3VhbFN0dWRpby5XZWIuQnJvd3NlckxpbmsuQ29yZUV4dGVuc2lvbkZhY3RvcnkuY29ubmVjdGVkJnF1b3Q7LCZxdW90O2NhbGxiYWNrSWQmcXVvdDs6MX0iIENvcnJlbGF0aW9uQmluZGluZz0iIiBVcmxFbmNvZGU9IlRydWUiIC8+DQogICAgICA8L0Zvcm1Qb3N0SHR0cEJvZHk+DQogICAgPC9SZXF1ZXN0Pg0KICAgIDxSZXF1ZXN0IE1ldGhvZD0iUE9TVCIgR3VpZD0iOGM3MzcwZjUtOTE0Mi00MmMyLTg2NjQtYmI0OGM2MTBlOTI4IiBWZXJzaW9uPSIxLjEiIFVybD0iaHR0cDovL2xvY2FsaG9zdDoxNzU0OS9hNDY4MDAwODNlMjk0MzlhODVkMjE2ZGJjOTIwM2I5NC9hcnRlcnlTaWduYWxSL3BvbGwiIFRoaW5rVGltZT0iMCIgVGltZW91dD0iMzAwIiBQYXJzZURlcGVuZGVudFJlcXVlc3RzPSJUcnVlIiBGb2xsb3dSZWRpcmVjdHM9IlRydWUiIFJlY29yZFJlc3VsdD0iVHJ1ZSIgQ2FjaGU9IkZhbHNlIiBSZXNwb25zZVRpbWVHb2FsPSIwIiBFbmNvZGluZz0idXRmLTgiIEV4cGVjdGVkSHR0cFN0YXR1c0NvZGU9IjAiIEV4cGVjdGVkUmVzcG9uc2VVcmw9IiIgUmVwb3J0aW5nTmFtZT0iIiBJZ25vcmVIdHRwU3RhdHVzQ29kZT0iRmFsc2UiPg0KICAgICAgPEhlYWRlcnM+DQogICAgICAgIDxIZWFkZXIgTmFtZT0iQ29udGVudC1UeXBlIiBWYWx1ZT0iYXBwbGljYXRpb24veC13d3ctZm9ybS11cmxlbmNvZGVkOyBjaGFyc2V0PVVURi04IiAvPg0KICAgICAgICA8SGVhZGVyIE5hbWU9IkFjY2VwdCIgVmFsdWU9InRleHQvcGxhaW4sICovKjsgcT0wLjAxIiAvPg0KICAgICAgICA8SGVhZGVyIE5hbWU9IlJlZmVyZXIiIFZhbHVlPSJodHRwOi8vbG9jYWxob3N0OjQ2MjMvQXBwL0NyZWF0ZSIgLz4NCiAgICAgIDwvSGVhZGVycz4NCiAgICAgIDxRdWVyeVN0cmluZ1BhcmFtZXRlcnM+DQogICAgICAgIDxRdWVyeVN0cmluZ1BhcmFtZXRlciBOYW1lPSJ0cmFuc3BvcnQiIFZhbHVlPSJsb25nUG9sbGluZyIgUmVjb3JkZWRWYWx1ZT0ibG9uZ1BvbGxpbmciIENvcnJlbGF0aW9uQmluZGluZz0iIiBVcmxFbmNvZGU9IkZhbHNlIiBVc2VUb0dyb3VwUmVzdWx0cz0iRmFsc2UiIC8+DQogICAgICAgIDxRdWVyeVN0cmluZ1BhcmFtZXRlciBOYW1lPSJjb25uZWN0aW9uVG9rZW4iIFZhbHVlPSJBUUFBQU5DTW5kOEJGZEVSakhvQXdFJTJGQ2wlMkJzQkFBQUF6OHNFMVBWb2FVbXRsN2RURnVZWDdBQUFBQUFDQUFBQUFBQVFaZ0FBQUFFQUFDQUFBQUNWbHZadHlXaXclMkJldnRyb1J4VWdJUnZmVVBkNlBTdzJoUlNwZERyMjRFelFBQUFBQU9nQUFBQUFJQUFDQUFBQUFEcE90TjlTcSUyQlAxdEh2d1dORmQ5QW1CN1JzTyUyRnNmUkFzVFlTS0tmZEdxakFBQUFEaFladENrbHdUamNWUGM1TmE1ajh2NVFKTmVicWF3aVRlMmt5ZjQ3TTNpZVElMkJXVHAyNFZOZTVJaDNGNVU3cnR4QUFBQUFZTHZjNk8lMkZ4MyUyRkxteDFNYnZLWm5sMlFSVDFFWVFUMk9iQ2I0ZFhJN3R4N2w4SSUyRjV5V2xrTmFhSkY5NkdxJTJCRWR2TVJRc2JmdkklMkZ3SXglMkZsRzhYcHBHZyUzRCUzRCIgUmVjb3JkZWRWYWx1ZT0iQVFBQUFOQ01uZDhCRmRFUmpIb0F3RSUyRkNsJTJCc0JBQUFBejhzRTFQVm9hVW10bDdkVEZ1WVg3QUFBQUFBQ0FBQUFBQUFRWmdBQUFBRUFBQ0FBQUFDVmx2WnR5V2l3JTJCZXZ0cm9SeFVnSVJ2ZlVQZDZQU3cyaFJTcGREcjI0RXpRQUFBQUFPZ0FBQUFBSUFBQ0FBQUFBRHBPdE45U3ElMkJQMXRIdndXTkZkOUFtQjdSc08lMkZzZlJBc1RZU0tLZmRHcWpBQUFBRGhZWnRDa2x3VGpjVlBjNU5hNWo4djVRSk5lYnFhd2lUZTJreWY0N00zaWVRJTJCV1RwMjRWTmU1SWgzRjVVN3J0eEFBQUFBWUx2YzZPJTJGeDMlMkZMbXgxTWJ2S1pubDJRUlQxRVlRVDJPYkNiNGRYSTd0eDdsOEklMkY1eVdsa05hYUpGOTZHcSUyQkVkdk1SUXNiZnZJJTJGd0l4JTJGbEc4WHBwR2clM0QlM0QiIENvcnJlbGF0aW9uQmluZGluZz0iIiBVcmxFbmNvZGU9IkZhbHNlIiBVc2VUb0dyb3VwUmVzdWx0cz0iRmFsc2UiIC8+DQogICAgICAgIDxRdWVyeVN0cmluZ1BhcmFtZXRlciBOYW1lPSJtZXNzYWdlSWQiIFZhbHVlPSJkLUFGQkJGQjFFLUIlMkMwJTdDZyUyQzElN0NoJTJDMCIgUmVjb3JkZWRWYWx1ZT0iZC1BRkJCRkIxRS1CJTJDMCU3Q2clMkMxJTdDaCUyQzAiIENvcnJlbGF0aW9uQmluZGluZz0iIiBVcmxFbmNvZGU9IkZhbHNlIiBVc2VUb0dyb3VwUmVzdWx0cz0iRmFsc2UiIC8+DQogICAgICAgIDxRdWVyeVN0cmluZ1BhcmFtZXRlciBOYW1lPSJyZXF1ZXN0VXJsIiBWYWx1ZT0iaHR0cCUzQSUyRiUyRmxvY2FsaG9zdCUzQTQ2MjMlMkZBcHAlMkZDcmVhdGUiIFJlY29yZGVkVmFsdWU9Imh0dHAlM0ElMkYlMkZsb2NhbGhvc3QlM0E0NjIzJTJGQXBwJTJGQ3JlYXRlIiBDb3JyZWxhdGlvbkJpbmRpbmc9IiIgVXJsRW5jb2RlPSJGYWxzZSIgVXNlVG9Hcm91cFJlc3VsdHM9IkZhbHNlIiAvPg0KICAgICAgICA8UXVlcnlTdHJpbmdQYXJhbWV0ZXIgTmFtZT0iYnJvd3Nlck5hbWUiIFZhbHVlPSJJbnRlcm5ldCtFeHBsb3JlciIgUmVjb3JkZWRWYWx1ZT0iSW50ZXJuZXQrRXhwbG9yZXIiIENvcnJlbGF0aW9uQmluZGluZz0iIiBVcmxFbmNvZGU9IkZhbHNlIiBVc2VUb0dyb3VwUmVzdWx0cz0iRmFsc2UiIC8+DQogICAgICAgIDxRdWVyeVN0cmluZ1BhcmFtZXRlciBOYW1lPSJ0aWQiIFZhbHVlPSIwIiBSZWNvcmRlZFZhbHVlPSIwIiBDb3JyZWxhdGlvbkJpbmRpbmc9IiIgVXJsRW5jb2RlPSJGYWxzZSIgVXNlVG9Hcm91cFJlc3VsdHM9IkZhbHNlIiAvPg0KICAgICAgICA8UXVlcnlTdHJpbmdQYXJhbWV0ZXIgTmFtZT0iXyIgVmFsdWU9IjEzOTc2MzA5OTk3MjIiIFJlY29yZGVkVmFsdWU9IjEzOTc2MzA5OTk3MjIiIENvcnJlbGF0aW9uQmluZGluZz0iIiBVcmxFbmNvZGU9IkZhbHNlIiBVc2VUb0dyb3VwUmVzdWx0cz0iRmFsc2UiIC8+DQogICAgICA8L1F1ZXJ5U3RyaW5nUGFyYW1ldGVycz4NCiAgICAgIDxGb3JtUG9zdEh0dHBCb2R5IC8+DQogICAgPC9SZXF1ZXN0Pg0KICAgIDxSZXF1ZXN0IE1ldGhvZD0iUE9TVCIgR3VpZD0iOWY4MzA3NzItOGY0My00ZWRkLWIyNzktZDQ5ZWIyNGIxZTE1IiBWZXJzaW9uPSIxLjEiIFVybD0iaHR0cDovL2xvY2FsaG9zdDoxNzU0OS9hNDY4MDAwODNlMjk0MzlhODVkMjE2ZGJjOTIwM2I5NC9hcnRlcnlTaWduYWxSL3NlbmQiIFRoaW5rVGltZT0iMCIgVGltZW91dD0iMzAwIiBQYXJzZURlcGVuZGVudFJlcXVlc3RzPSJUcnVlIiBGb2xsb3dSZWRpcmVjdHM9IlRydWUiIFJlY29yZFJlc3VsdD0iVHJ1ZSIgQ2FjaGU9IkZhbHNlIiBSZXNwb25zZVRpbWVHb2FsPSIwIiBFbmNvZGluZz0idXRmLTgiIEV4cGVjdGVkSHR0cFN0YXR1c0NvZGU9IjAiIEV4cGVjdGVkUmVzcG9uc2VVcmw9IiIgUmVwb3J0aW5nTmFtZT0iIiBJZ25vcmVIdHRwU3RhdHVzQ29kZT0iRmFsc2UiPg0KICAgICAgPEhlYWRlcnM+DQogICAgICAgIDxIZWFkZXIgTmFtZT0iQWNjZXB0IiBWYWx1ZT0idGV4dC9wbGFpbiwgKi8qOyBxPTAuMDEiIC8+DQogICAgICAgIDxIZWFkZXIgTmFtZT0iUmVmZXJlciIgVmFsdWU9Imh0dHA6Ly9sb2NhbGhvc3Q6NDYyMy9BcHAvQ3JlYXRlIiAvPg0KICAgICAgPC9IZWFkZXJzPg0KICAgICAgPFF1ZXJ5U3RyaW5nUGFyYW1ldGVycz4NCiAgICAgICAgPFF1ZXJ5U3RyaW5nUGFyYW1ldGVyIE5hbWU9InRyYW5zcG9ydCIgVmFsdWU9ImxvbmdQb2xsaW5nIiBSZWNvcmRlZFZhbHVlPSJsb25nUG9sbGluZyIgQ29ycmVsYXRpb25CaW5kaW5nPSIiIFVybEVuY29kZT0iRmFsc2UiIFVzZVRvR3JvdXBSZXN1bHRzPSJGYWxzZSIgLz4NCiAgICAgICAgPFF1ZXJ5U3RyaW5nUGFyYW1ldGVyIE5hbWU9ImNvbm5lY3Rpb25Ub2tlbiIgVmFsdWU9IkFRQUFBTkNNbmQ4QkZkRVJqSG9Bd0UlMkZDbCUyQnNCQUFBQXo4c0UxUFZvYVVtdGw3ZFRGdVlYN0FBQUFBQUNBQUFBQUFBUVpnQUFBQUVBQUNBQUFBQ1Zsdlp0eVdpdyUyQmV2dHJvUnhVZ0lSdmZVUGQ2UFN3MmhSU3BkRHIyNEV6UUFBQUFBT2dBQUFBQUlBQUNBQUFBQURwT3ROOVNxJTJCUDF0SHZ3V05GZDlBbUI3UnNPJTJGc2ZSQXNUWVNLS2ZkR3FqQUFBQURoWVp0Q2tsd1RqY1ZQYzVOYTVqOHY1UUpOZWJxYXdpVGUya3lmNDdNM2llUSUyQldUcDI0Vk5lNUloM0Y1VTdydHhBQUFBQVlMdmM2TyUyRngzJTJGTG14MU1idktabmwyUVJUMUVZUVQyT2JDYjRkWEk3dHg3bDhJJTJGNXlXbGtOYWFKRjk2R3ElMkJFZHZNUlFzYmZ2SSUyRndJeCUyRmxHOFhwcEdnJTNEJTNEIiBSZWNvcmRlZFZhbHVlPSJBUUFBQU5DTW5kOEJGZEVSakhvQXdFJTJGQ2wlMkJzQkFBQUF6OHNFMVBWb2FVbXRsN2RURnVZWDdBQUFBQUFDQUFBQUFBQVFaZ0FBQUFFQUFDQUFBQUNWbHZadHlXaXclMkJldnRyb1J4VWdJUnZmVVBkNlBTdzJoUlNwZERyMjRFelFBQUFBQU9nQUFBQUFJQUFDQUFBQUFEcE90TjlTcSUyQlAxdEh2d1dORmQ5QW1CN1JzTyUyRnNmUkFzVFlTS0tmZEdxakFBQUFEaFladENrbHdUamNWUGM1TmE1ajh2NVFKTmVicWF3aVRlMmt5ZjQ3TTNpZVElMkJXVHAyNFZOZTVJaDNGNVU3cnR4QUFBQUFZTHZjNk8lMkZ4MyUyRkxteDFNYnZLWm5sMlFSVDFFWVFUMk9iQ2I0ZFhJN3R4N2w4SSUyRjV5V2xrTmFhSkY5NkdxJTJCRWR2TVJRc2JmdkklMkZ3SXglMkZsRzhYcHBHZyUzRCUzRCIgQ29ycmVsYXRpb25CaW5kaW5nPSIiIFVybEVuY29kZT0iRmFsc2UiIFVzZVRvR3JvdXBSZXN1bHRzPSJGYWxzZSIgLz4NCiAgICAgICAgPFF1ZXJ5U3RyaW5nUGFyYW1ldGVyIE5hbWU9InJlcXVlc3RVcmwiIFZhbHVlPSJodHRwJTNBJTJGJTJGbG9jYWxob3N0JTNBNDYyMyUyRkFwcCUyRkNyZWF0ZSIgUmVjb3JkZWRWYWx1ZT0iaHR0cCUzQSUyRiUyRmxvY2FsaG9zdCUzQTQ2MjMlMkZBcHAlMkZDcmVhdGUiIENvcnJlbGF0aW9uQmluZGluZz0iIiBVcmxFbmNvZGU9IkZhbHNlIiBVc2VUb0dyb3VwUmVzdWx0cz0iRmFsc2UiIC8+DQogICAgICAgIDxRdWVyeVN0cmluZ1BhcmFtZXRlciBOYW1lPSJicm93c2VyTmFtZSIgVmFsdWU9IkludGVybmV0K0V4cGxvcmVyIiBSZWNvcmRlZFZhbHVlPSJJbnRlcm5ldCtFeHBsb3JlciIgQ29ycmVsYXRpb25CaW5kaW5nPSIiIFVybEVuY29kZT0iRmFsc2UiIFVzZVRvR3JvdXBSZXN1bHRzPSJGYWxzZSIgLz4NCiAgICAgIDwvUXVlcnlTdHJpbmdQYXJhbWV0ZXJzPg0KICAgICAgPEZvcm1Qb3N0SHR0cEJvZHk+DQogICAgICAgIDxGb3JtUG9zdFBhcmFtZXRlciBOYW1lPSJkYXRhIiBWYWx1ZT0ieyZxdW90O25hbWUmcXVvdDs6JnF1b3Q7bWljcm9zb2Z0LnZpc3VhbHN0dWRpby53ZWIuYnJvd3NlcmxpbmsuaHRtbG1hcHBpbmdleHRlbnNpb25mYWN0b3J5LnJlc29sdmVVcmwmcXVvdDssJnF1b3Q7YXJncyZxdW90OzpbJnF1b3Q7fi9fX2Jyb3dzZXJMaW5rL3JlcXVlc3REYXRhL2QyNmI1NzBjNWIxNzRlOTY5MGMxMmJiODcxMDU4MmRlJnF1b3Q7XSwmcXVvdDtjYWxsYmFja0lkJnF1b3Q7OjJ9IiBSZWNvcmRlZFZhbHVlPSJ7JnF1b3Q7bmFtZSZxdW90OzomcXVvdDttaWNyb3NvZnQudmlzdWFsc3R1ZGlvLndlYi5icm93c2VybGluay5odG1sbWFwcGluZ2V4dGVuc2lvbmZhY3RvcnkucmVzb2x2ZVVybCZxdW90OywmcXVvdDthcmdzJnF1b3Q7OlsmcXVvdDt+L19fYnJvd3NlckxpbmsvcmVxdWVzdERhdGEvZDI2YjU3MGM1YjE3NGU5NjkwYzEyYmI4NzEwNTgyZGUmcXVvdDtdLCZxdW90O2NhbGxiYWNrSWQmcXVvdDs6Mn0iIENvcnJlbGF0aW9uQmluZGluZz0iIiBVcmxFbmNvZGU9IlRydWUiIC8+DQogICAgICA8L0Zvcm1Qb3N0SHR0cEJvZHk+DQogICAgPC9SZXF1ZXN0Pg0KICAgIDxSZXF1ZXN0IE1ldGhvZD0iUE9TVCIgR3VpZD0iZGYyYjc3NGUtNjVhNS00ZWJjLThhNGMtZDU0MGE3Mjg0ZTQyIiBWZXJzaW9uPSIxLjEiIFVybD0iaHR0cDovL2xvY2FsaG9zdDoxNzU0OS9hNDY4MDAwODNlMjk0MzlhODVkMjE2ZGJjOTIwM2I5NC9hcnRlcnlTaWduYWxSL3BvbGwiIFRoaW5rVGltZT0iMCIgVGltZW91dD0iMzAwIiBQYXJzZURlcGVuZGVudFJlcXVlc3RzPSJUcnVlIiBGb2xsb3dSZWRpcmVjdHM9IlRydWUiIFJlY29yZFJlc3VsdD0iVHJ1ZSIgQ2FjaGU9IkZhbHNlIiBSZXNwb25zZVRpbWVHb2FsPSIwIiBFbmNvZGluZz0idXRmLTgiIEV4cGVjdGVkSHR0cFN0YXR1c0NvZGU9IjAiIEV4cGVjdGVkUmVzcG9uc2VVcmw9IiIgUmVwb3J0aW5nTmFtZT0iIiBJZ25vcmVIdHRwU3RhdHVzQ29kZT0iRmFsc2UiPg0KICAgICAgPEhlYWRlcnM+DQogICAgICAgIDxIZWFkZXIgTmFtZT0iQ29udGVudC1UeXBlIiBWYWx1ZT0iYXBwbGljYXRpb24veC13d3ctZm9ybS11cmxlbmNvZGVkOyBjaGFyc2V0PVVURi04IiAvPg0KICAgICAgICA8SGVhZGVyIE5hbWU9IkFjY2VwdCIgVmFsdWU9InRleHQvcGxhaW4sICovKjsgcT0wLjAxIiAvPg0KICAgICAgICA8SGVhZGVyIE5hbWU9IlJlZmVyZXIiIFZhbHVlPSJodHRwOi8vbG9jYWxob3N0OjQ2MjMvQXBwL0NyZWF0ZSIgLz4NCiAgICAgIDwvSGVhZGVycz4NCiAgICAgIDxRdWVyeVN0cmluZ1BhcmFtZXRlcnM+DQogICAgICAgIDxRdWVyeVN0cmluZ1BhcmFtZXRlciBOYW1lPSJ0cmFuc3BvcnQiIFZhbHVlPSJsb25nUG9sbGluZyIgUmVjb3JkZWRWYWx1ZT0ibG9uZ1BvbGxpbmciIENvcnJlbGF0aW9uQmluZGluZz0iIiBVcmxFbmNvZGU9IkZhbHNlIiBVc2VUb0dyb3VwUmVzdWx0cz0iRmFsc2UiIC8+DQogICAgICAgIDxRdWVyeVN0cmluZ1BhcmFtZXRlciBOYW1lPSJjb25uZWN0aW9uVG9rZW4iIFZhbHVlPSJBUUFBQU5DTW5kOEJGZEVSakhvQXdFJTJGQ2wlMkJzQkFBQUF6OHNFMVBWb2FVbXRsN2RURnVZWDdBQUFBQUFDQUFBQUFBQVFaZ0FBQUFFQUFDQUFBQUNWbHZadHlXaXclMkJldnRyb1J4VWdJUnZmVVBkNlBTdzJoUlNwZERyMjRFelFBQUFBQU9nQUFBQUFJQUFDQUFBQUFEcE90TjlTcSUyQlAxdEh2d1dORmQ5QW1CN1JzTyUyRnNmUkFzVFlTS0tmZEdxakFBQUFEaFladENrbHdUamNWUGM1TmE1ajh2NVFKTmVicWF3aVRlMmt5ZjQ3TTNpZVElMkJXVHAyNFZOZTVJaDNGNVU3cnR4QUFBQUFZTHZjNk8lMkZ4MyUyRkxteDFNYnZLWm5sMlFSVDFFWVFUMk9iQ2I0ZFhJN3R4N2w4SSUyRjV5V2xrTmFhSkY5NkdxJTJCRWR2TVJRc2JmdkklMkZ3SXglMkZsRzhYcHBHZyUzRCUzRCIgUmVjb3JkZWRWYWx1ZT0iQVFBQUFOQ01uZDhCRmRFUmpIb0F3RSUyRkNsJTJCc0JBQUFBejhzRTFQVm9hVW10bDdkVEZ1WVg3QUFBQUFBQ0FBQUFBQUFRWmdBQUFBRUFBQ0FBQUFDVmx2WnR5V2l3JTJCZXZ0cm9SeFVnSVJ2ZlVQZDZQU3cyaFJTcGREcjI0RXpRQUFBQUFPZ0FBQUFBSUFBQ0FBQUFBRHBPdE45U3ElMkJQMXRIdndXTkZkOUFtQjdSc08lMkZzZlJBc1RZU0tLZmRHcWpBQUFBRGhZWnRDa2x3VGpjVlBjNU5hNWo4djVRSk5lYnFhd2lUZTJreWY0N00zaWVRJTJCV1RwMjRWTmU1SWgzRjVVN3J0eEFBQUFBWUx2YzZPJTJGeDMlMkZMbXgxTWJ2S1pubDJRUlQxRVlRVDJPYkNiNGRYSTd0eDdsOEklMkY1eVdsa05hYUpGOTZHcSUyQkVkdk1SUXNiZnZJJTJGd0l4JTJGbEc4WHBwR2clM0QlM0QiIENvcnJlbGF0aW9uQmluZGluZz0iIiBVcmxFbmNvZGU9IkZhbHNlIiBVc2VUb0dyb3VwUmVzdWx0cz0iRmFsc2UiIC8+DQogICAgICAgIDxRdWVyeVN0cmluZ1BhcmFtZXRlciBOYW1lPSJtZXNzYWdlSWQiIFZhbHVlPSJkLUFGQkJGQjFFLUIlMkMwJTdDZyUyQzIlN0NoJTJDMCIgUmVjb3JkZWRWYWx1ZT0iZC1BRkJCRkIxRS1CJTJDMCU3Q2clMkMyJTdDaCUyQzAiIENvcnJlbGF0aW9uQmluZGluZz0iIiBVcmxFbmNvZGU9IkZhbHNlIiBVc2VUb0dyb3VwUmVzdWx0cz0iRmFsc2UiIC8+DQogICAgICAgIDxRdWVyeVN0cmluZ1BhcmFtZXRlciBOYW1lPSJyZXF1ZXN0VXJsIiBWYWx1ZT0iaHR0cCUzQSUyRiUyRmxvY2FsaG9zdCUzQTQ2MjMlMkZBcHAlMkZDcmVhdGUiIFJlY29yZGVkVmFsdWU9Imh0dHAlM0ElMkYlMkZsb2NhbGhvc3QlM0E0NjIzJTJGQXBwJTJGQ3JlYXRlIiBDb3JyZWxhdGlvbkJpbmRpbmc9IiIgVXJsRW5jb2RlPSJGYWxzZSIgVXNlVG9Hcm91cFJlc3VsdHM9IkZhbHNlIiAvPg0KICAgICAgICA8UXVlcnlTdHJpbmdQYXJhbWV0ZXIgTmFtZT0iYnJvd3Nlck5hbWUiIFZhbHVlPSJJbnRlcm5ldCtFeHBsb3JlciIgUmVjb3JkZWRWYWx1ZT0iSW50ZXJuZXQrRXhwbG9yZXIiIENvcnJlbGF0aW9uQmluZGluZz0iIiBVcmxFbmNvZGU9IkZhbHNlIiBVc2VUb0dyb3VwUmVzdWx0cz0iRmFsc2UiIC8+DQogICAgICAgIDxRdWVyeVN0cmluZ1BhcmFtZXRlciBOYW1lPSJ0aWQiIFZhbHVlPSIzIiBSZWNvcmRlZFZhbHVlPSIzIiBDb3JyZWxhdGlvbkJpbmRpbmc9IiIgVXJsRW5jb2RlPSJGYWxzZSIgVXNlVG9Hcm91cFJlc3VsdHM9IkZhbHNlIiAvPg0KICAgICAgICA8UXVlcnlTdHJpbmdQYXJhbWV0ZXIgTmFtZT0iXyIgVmFsdWU9IjEzOTc2MzA5OTk4NjgiIFJlY29yZGVkVmFsdWU9IjEzOTc2MzA5OTk4NjgiIENvcnJlbGF0aW9uQmluZGluZz0iIiBVcmxFbmNvZGU9IkZhbHNlIiBVc2VUb0dyb3VwUmVzdWx0cz0iRmFsc2UiIC8+DQogICAgICA8L1F1ZXJ5U3RyaW5nUGFyYW1ldGVycz4NCiAgICAgIDxGb3JtUG9zdEh0dHBCb2R5IC8+DQogICAgPC9SZXF1ZXN0Pg0KICAgIDxSZXF1ZXN0IE1ldGhvZD0iR0VUIiBHdWlkPSI3ODExNTdmNS1mZWI5LTRmMTktODE4Ny1hYjRhMTBjMjNmMGYiIFZlcnNpb249IjEuMSIgVXJsPSJodHRwOi8vbG9jYWxob3N0OjQ2MjMvX19icm93c2VyTGluay9yZXF1ZXN0RGF0YS9kMjZiNTcwYzViMTc0ZTk2OTBjMTJiYjg3MTA1ODJkZSIgVGhpbmtUaW1lPSIwIiBUaW1lb3V0PSIzMDAiIFBhcnNlRGVwZW5kZW50UmVxdWVzdHM9IlRydWUiIEZvbGxvd1JlZGlyZWN0cz0iVHJ1ZSIgUmVjb3JkUmVzdWx0PSJUcnVlIiBDYWNoZT0iRmFsc2UiIFJlc3BvbnNlVGltZUdvYWw9IjAiIEVuY29kaW5nPSJ1dGYtOCIgRXhwZWN0ZWRIdHRwU3RhdHVzQ29kZT0iMCIgRXhwZWN0ZWRSZXNwb25zZVVybD0iIiBSZXBvcnRpbmdOYW1lPSIiIElnbm9yZUh0dHBTdGF0dXNDb2RlPSJGYWxzZSI+DQogICAgICA8SGVhZGVycz4NCiAgICAgICAgPEhlYWRlciBOYW1lPSJBY2NlcHQiIFZhbHVlPSJhcHBsaWNhdGlvbi9qc29uLCB0ZXh0L2phdmFzY3JpcHQsICovKjsgcT0wLjAxIiAvPg0KICAgICAgICA8SGVhZGVyIE5hbWU9IlgtUmVxdWVzdGVkLVdpdGgiIFZhbHVlPSJYTUxIdHRwUmVxdWVzdCIgLz4NCiAgICAgICAgPEhlYWRlciBOYW1lPSJSZWZlcmVyIiBWYWx1ZT0iaHR0cDovL2xvY2FsaG9zdDo0NjIzL0FwcC9DcmVhdGUiIC8+DQogICAgICA8L0hlYWRlcnM+DQogICAgPC9SZXF1ZXN0Pg0KICAgIDxSZXF1ZXN0IE1ldGhvZD0iUE9TVCIgR3VpZD0iZmZkOTBlZWEtYjc5OS00MTUxLTgzOGMtZDY4MmJmYTU2MGNhIiBWZXJzaW9uPSIxLjEiIFVybD0iaHR0cDovL2xvY2FsaG9zdDoxNzU0OS9hNDY4MDAwODNlMjk0MzlhODVkMjE2ZGJjOTIwM2I5NC9hcnRlcnlTaWduYWxSL3BvbGwiIFRoaW5rVGltZT0iMCIgVGltZW91dD0iMzAwIiBQYXJzZURlcGVuZGVudFJlcXVlc3RzPSJUcnVlIiBGb2xsb3dSZWRpcmVjdHM9IlRydWUiIFJlY29yZFJlc3VsdD0iVHJ1ZSIgQ2FjaGU9IkZhbHNlIiBSZXNwb25zZVRpbWVHb2FsPSIwIiBFbmNvZGluZz0idXRmLTgiIEV4cGVjdGVkSHR0cFN0YXR1c0NvZGU9IjAiIEV4cGVjdGVkUmVzcG9uc2VVcmw9IiIgUmVwb3J0aW5nTmFtZT0iIiBJZ25vcmVIdHRwU3RhdHVzQ29kZT0iRmFsc2UiPg0KICAgICAgPEhlYWRlcnM+DQogICAgICAgIDxIZWFkZXIgTmFtZT0iQ29udGVudC1UeXBlIiBWYWx1ZT0iYXBwbGljYXRpb24veC13d3ctZm9ybS11cmxlbmNvZGVkOyBjaGFyc2V0PVVURi04IiAvPg0KICAgICAgICA8SGVhZGVyIE5hbWU9IkFjY2VwdCIgVmFsdWU9InRleHQvcGxhaW4sICovKjsgcT0wLjAxIiAvPg0KICAgICAgICA8SGVhZGVyIE5hbWU9IlJlZmVyZXIiIFZhbHVlPSJodHRwOi8vbG9jYWxob3N0OjQ2MjMvQXBwL0NyZWF0ZSIgLz4NCiAgICAgIDwvSGVhZGVycz4NCiAgICAgIDxRdWVyeVN0cmluZ1BhcmFtZXRlcnM+DQogICAgICAgIDxRdWVyeVN0cmluZ1BhcmFtZXRlciBOYW1lPSJ0cmFuc3BvcnQiIFZhbHVlPSJsb25nUG9sbGluZyIgUmVjb3JkZWRWYWx1ZT0ibG9uZ1BvbGxpbmciIENvcnJlbGF0aW9uQmluZGluZz0iIiBVcmxFbmNvZGU9IkZhbHNlIiBVc2VUb0dyb3VwUmVzdWx0cz0iRmFsc2UiIC8+DQogICAgICAgIDxRdWVyeVN0cmluZ1BhcmFtZXRlciBOYW1lPSJjb25uZWN0aW9uVG9rZW4iIFZhbHVlPSJBUUFBQU5DTW5kOEJGZEVSakhvQXdFJTJGQ2wlMkJzQkFBQUF6OHNFMVBWb2FVbXRsN2RURnVZWDdBQUFBQUFDQUFBQUFBQVFaZ0FBQUFFQUFDQUFBQUNWbHZadHlXaXclMkJldnRyb1J4VWdJUnZmVVBkNlBTdzJoUlNwZERyMjRFelFBQUFBQU9nQUFBQUFJQUFDQUFBQUFEcE90TjlTcSUyQlAxdEh2d1dORmQ5QW1CN1JzTyUyRnNmUkFzVFlTS0tmZEdxakFBQUFEaFladENrbHdUamNWUGM1TmE1ajh2NVFKTmVicWF3aVRlMmt5ZjQ3TTNpZVElMkJXVHAyNFZOZTVJaDNGNVU3cnR4QUFBQUFZTHZjNk8lMkZ4MyUyRkxteDFNYnZLWm5sMlFSVDFFWVFUMk9iQ2I0ZFhJN3R4N2w4SSUyRjV5V2xrTmFhSkY5NkdxJTJCRWR2TVJRc2JmdkklMkZ3SXglMkZsRzhYcHBHZyUzRCUzRCIgUmVjb3JkZWRWYWx1ZT0iQVFBQUFOQ01uZDhCRmRFUmpIb0F3RSUyRkNsJTJCc0JBQUFBejhzRTFQVm9hVW10bDdkVEZ1WVg3QUFBQUFBQ0FBQUFBQUFRWmdBQUFBRUFBQ0FBQUFDVmx2WnR5V2l3JTJCZXZ0cm9SeFVnSVJ2ZlVQZDZQU3cyaFJTcGREcjI0RXpRQUFBQUFPZ0FBQUFBSUFBQ0FBQUFBRHBPdE45U3ElMkJQMXRIdndXTkZkOUFtQjdSc08lMkZzZlJBc1RZU0tLZmRHcWpBQUFBRGhZWnRDa2x3VGpjVlBjNU5hNWo4djVRSk5lYnFhd2lUZTJreWY0N00zaWVRJTJCV1RwMjRWTmU1SWgzRjVVN3J0eEFBQUFBWUx2YzZPJTJGeDMlMkZMbXgxTWJ2S1pubDJRUlQxRVlRVDJPYkNiNGRYSTd0eDdsOEklMkY1eVdsa05hYUpGOTZHcSUyQkVkdk1SUXNiZnZJJTJGd0l4JTJGbEc4WHBwR2clM0QlM0QiIENvcnJlbGF0aW9uQmluZGluZz0iIiBVcmxFbmNvZGU9IkZhbHNlIiBVc2VUb0dyb3VwUmVzdWx0cz0iRmFsc2UiIC8+DQogICAgICAgIDxRdWVyeVN0cmluZ1BhcmFtZXRlciBOYW1lPSJtZXNzYWdlSWQiIFZhbHVlPSJkLUFGQkJGQjFFLUIlMkMwJTdDZyUyQzMlN0NoJTJDMCIgUmVjb3JkZWRWYWx1ZT0iZC1BRkJCRkIxRS1CJTJDMCU3Q2clMkMzJTdDaCUyQzAiIENvcnJlbGF0aW9uQmluZGluZz0iIiBVcmxFbmNvZGU9IkZhbHNlIiBVc2VUb0dyb3VwUmVzdWx0cz0iRmFsc2UiIC8+DQogICAgICAgIDxRdWVyeVN0cmluZ1BhcmFtZXRlciBOYW1lPSJyZXF1ZXN0VXJsIiBWYWx1ZT0iaHR0cCUzQSUyRiUyRmxvY2FsaG9zdCUzQTQ2MjMlMkZBcHAlMkZDcmVhdGUiIFJlY29yZGVkVmFsdWU9Imh0dHAlM0ElMkYlMkZsb2NhbGhvc3QlM0E0NjIzJTJGQXBwJTJGQ3JlYXRlIiBDb3JyZWxhdGlvbkJpbmRpbmc9IiIgVXJsRW5jb2RlPSJGYWxzZSIgVXNlVG9Hcm91cFJlc3VsdHM9IkZhbHNlIiAvPg0KICAgICAgICA8UXVlcnlTdHJpbmdQYXJhbWV0ZXIgTmFtZT0iYnJvd3Nlck5hbWUiIFZhbHVlPSJJbnRlcm5ldCtFeHBsb3JlciIgUmVjb3JkZWRWYWx1ZT0iSW50ZXJuZXQrRXhwbG9yZXIiIENvcnJlbGF0aW9uQmluZGluZz0iIiBVcmxFbmNvZGU9IkZhbHNlIiBVc2VUb0dyb3VwUmVzdWx0cz0iRmFsc2UiIC8+DQogICAgICAgIDxRdWVyeVN0cmluZ1BhcmFtZXRlciBOYW1lPSJ0aWQiIFZhbHVlPSIyIiBSZWNvcmRlZFZhbHVlPSIyIiBDb3JyZWxhdGlvbkJpbmRpbmc9IiIgVXJsRW5jb2RlPSJGYWxzZSIgVXNlVG9Hcm91cFJlc3VsdHM9IkZhbHNlIiAvPg0KICAgICAgICA8UXVlcnlTdHJpbmdQYXJhbWV0ZXIgTmFtZT0iXyIgVmFsdWU9IjEzOTc2MzEwMDAxODAiIFJlY29yZGVkVmFsdWU9IjEzOTc2MzEwMDAxODAiIENvcnJlbGF0aW9uQmluZGluZz0iIiBVcmxFbmNvZGU9IkZhbHNlIiBVc2VUb0dyb3VwUmVzdWx0cz0iRmFsc2UiIC8+DQogICAgICA8L1F1ZXJ5U3RyaW5nUGFyYW1ldGVycz4NCiAgICAgIDxGb3JtUG9zdEh0dHBCb2R5IC8+DQogICAgPC9SZXF1ZXN0Pg0KICAgIDxSZXF1ZXN0IE1ldGhvZD0iUE9TVCIgR3VpZD0iMzEzYzRmZTctYjY2Yi00NzM3LWI0ZWEtZGVhOGMwZDk1ZGZjIiBWZXJzaW9uPSIxLjEiIFVybD0iaHR0cDovL2xvY2FsaG9zdDoxNzU0OS9hNDY4MDAwODNlMjk0MzlhODVkMjE2ZGJjOTIwM2I5NC9hcnRlcnlTaWduYWxSL3NlbmQiIFRoaW5rVGltZT0iMyIgVGltZW91dD0iMzAwIiBQYXJzZURlcGVuZGVudFJlcXVlc3RzPSJUcnVlIiBGb2xsb3dSZWRpcmVjdHM9IlRydWUiIFJlY29yZFJlc3VsdD0iVHJ1ZSIgQ2FjaGU9IkZhbHNlIiBSZXNwb25zZVRpbWVHb2FsPSIwIiBFbmNvZGluZz0idXRmLTgiIEV4cGVjdGVkSHR0cFN0YXR1c0NvZGU9IjAiIEV4cGVjdGVkUmVzcG9uc2VVcmw9IiIgUmVwb3J0aW5nTmFtZT0iIiBJZ25vcmVIdHRwU3RhdHVzQ29kZT0iRmFsc2UiPg0KICAgICAgPEhlYWRlcnM+DQogICAgICAgIDxIZWFkZXIgTmFtZT0iQWNjZXB0IiBWYWx1ZT0idGV4dC9wbGFpbiwgKi8qOyBxPTAuMDEiIC8+DQogICAgICAgIDxIZWFkZXIgTmFtZT0iUmVmZXJlciIgVmFsdWU9Imh0dHA6Ly9sb2NhbGhvc3Q6NDYyMy9BcHAvQ3JlYXRlIiAvPg0KICAgICAgPC9IZWFkZXJzPg0KICAgICAgPFF1ZXJ5U3RyaW5nUGFyYW1ldGVycz4NCiAgICAgICAgPFF1ZXJ5U3RyaW5nUGFyYW1ldGVyIE5hbWU9InRyYW5zcG9ydCIgVmFsdWU9ImxvbmdQb2xsaW5nIiBSZWNvcmRlZFZhbHVlPSJsb25nUG9sbGluZyIgQ29ycmVsYXRpb25CaW5kaW5nPSIiIFVybEVuY29kZT0iRmFsc2UiIFVzZVRvR3JvdXBSZXN1bHRzPSJGYWxzZSIgLz4NCiAgICAgICAgPFF1ZXJ5U3RyaW5nUGFyYW1ldGVyIE5hbWU9ImNvbm5lY3Rpb25Ub2tlbiIgVmFsdWU9IkFRQUFBTkNNbmQ4QkZkRVJqSG9Bd0UlMkZDbCUyQnNCQUFBQXo4c0UxUFZvYVVtdGw3ZFRGdVlYN0FBQUFBQUNBQUFBQUFBUVpnQUFBQUVBQUNBQUFBQ1Zsdlp0eVdpdyUyQmV2dHJvUnhVZ0lSdmZVUGQ2UFN3MmhSU3BkRHIyNEV6UUFBQUFBT2dBQUFBQUlBQUNBQUFBQURwT3ROOVNxJTJCUDF0SHZ3V05GZDlBbUI3UnNPJTJGc2ZSQXNUWVNLS2ZkR3FqQUFBQURoWVp0Q2tsd1RqY1ZQYzVOYTVqOHY1UUpOZWJxYXdpVGUya3lmNDdNM2llUSUyQldUcDI0Vk5lNUloM0Y1VTdydHhBQUFBQVlMdmM2TyUyRngzJTJGTG14MU1idktabmwyUVJUMUVZUVQyT2JDYjRkWEk3dHg3bDhJJTJGNXlXbGtOYWFKRjk2R3ElMkJFZHZNUlFzYmZ2SSUyRndJeCUyRmxHOFhwcEdnJTNEJTNEIiBSZWNvcmRlZFZhbHVlPSJBUUFBQU5DTW5kOEJGZEVSakhvQXdFJTJGQ2wlMkJzQkFBQUF6OHNFMVBWb2FVbXRsN2RURnVZWDdBQUFBQUFDQUFBQUFBQVFaZ0FBQUFFQUFDQUFBQUNWbHZadHlXaXclMkJldnRyb1J4VWdJUnZmVVBkNlBTdzJoUlNwZERyMjRFelFBQUFBQU9nQUFBQUFJQUFDQUFBQUFEcE90TjlTcSUyQlAxdEh2d1dORmQ5QW1CN1JzTyUyRnNmUkFzVFlTS0tmZEdxakFBQUFEaFladENrbHdUamNWUGM1TmE1ajh2NVFKTmVicWF3aVRlMmt5ZjQ3TTNpZVElMkJXVHAyNFZOZTVJaDNGNVU3cnR4QUFBQUFZTHZjNk8lMkZ4MyUyRkxteDFNYnZLWm5sMlFSVDFFWVFUMk9iQ2I0ZFhJN3R4N2w4SSUyRjV5V2xrTmFhSkY5NkdxJTJCRWR2TVJRc2JmdkklMkZ3SXglMkZsRzhYcHBHZyUzRCUzRCIgQ29ycmVsYXRpb25CaW5kaW5nPSIiIFVybEVuY29kZT0iRmFsc2UiIFVzZVRvR3JvdXBSZXN1bHRzPSJGYWxzZSIgLz4NCiAgICAgICAgPFF1ZXJ5U3RyaW5nUGFyYW1ldGVyIE5hbWU9InJlcXVlc3RVcmwiIFZhbHVlPSJodHRwJTNBJTJGJTJGbG9jYWxob3N0JTNBNDYyMyUyRkFwcCUyRkNyZWF0ZSIgUmVjb3JkZWRWYWx1ZT0iaHR0cCUzQSUyRiUyRmxvY2FsaG9zdCUzQTQ2MjMlMkZBcHAlMkZDcmVhdGUiIENvcnJlbGF0aW9uQmluZGluZz0iIiBVcmxFbmNvZGU9IkZhbHNlIiBVc2VUb0dyb3VwUmVzdWx0cz0iRmFsc2UiIC8+DQogICAgICAgIDxRdWVyeVN0cmluZ1BhcmFtZXRlciBOYW1lPSJicm93c2VyTmFtZSIgVmFsdWU9IkludGVybmV0K0V4cGxvcmVyIiBSZWNvcmRlZFZhbHVlPSJJbnRlcm5ldCtFeHBsb3JlciIgQ29ycmVsYXRpb25CaW5kaW5nPSIiIFVybEVuY29kZT0iRmFsc2UiIFVzZVRvR3JvdXBSZXN1bHRzPSJGYWxzZSIgLz4NCiAgICAgIDwvUXVlcnlTdHJpbmdQYXJhbWV0ZXJzPg0KICAgICAgPEZvcm1Qb3N0SHR0cEJvZHk+DQogICAgICAgIDxGb3JtUG9zdFBhcmFtZXRlciBOYW1lPSJkYXRhIiBWYWx1ZT0ieyZxdW90O25hbWUmcXVvdDs6JnF1b3Q7bWljcm9zb2Z0LnZpc3VhbHN0dWRpby53ZWIuYnJvd3NlcmxpbmsuaHRtbG1hcHBpbmdleHRlbnNpb25mYWN0b3J5LnJlc29sdmVTb3VyY2VGaWxlUGF0aHMmcXVvdDssJnF1b3Q7YXJncyZxdW90OzpbWyZxdW90O34vVmlld3MvQXBwL0NyZWF0ZS5jc2h0bWwmcXVvdDtdXSwmcXVvdDtjYWxsYmFja0lkJnF1b3Q7OjN9IiBSZWNvcmRlZFZhbHVlPSJ7JnF1b3Q7bmFtZSZxdW90OzomcXVvdDttaWNyb3NvZnQudmlzdWFsc3R1ZGlvLndlYi5icm93c2VybGluay5odG1sbWFwcGluZ2V4dGVuc2lvbmZhY3RvcnkucmVzb2x2ZVNvdXJjZUZpbGVQYXRocyZxdW90OywmcXVvdDthcmdzJnF1b3Q7OltbJnF1b3Q7fi9WaWV3cy9BcHAvQ3JlYXRlLmNzaHRtbCZxdW90O11dLCZxdW90O2NhbGxiYWNrSWQmcXVvdDs6M30iIENvcnJlbGF0aW9uQmluZGluZz0iIiBVcmxFbmNvZGU9IlRydWUiIC8+DQogICAgICA8L0Zvcm1Qb3N0SHR0cEJvZHk+DQogICAgPC9SZXF1ZXN0Pg0KICAgIDxSZXF1ZXN0IE1ldGhvZD0iUE9TVCIgR3VpZD0iZDExNzA4YmEtNjI2Zi00ZTE2LThhZGEtNGQ1YTVkNmVmMGM4IiBWZXJzaW9uPSIxLjEiIFVybD0iaHR0cDovL2xvY2FsaG9zdDo0NjIzL0FwcC9DcmVhdGUiIFRoaW5rVGltZT0iMCIgVGltZW91dD0iMzAwIiBQYXJzZURlcGVuZGVudFJlcXVlc3RzPSJUcnVlIiBGb2xsb3dSZWRpcmVjdHM9IlRydWUiIFJlY29yZFJlc3VsdD0iVHJ1ZSIgQ2FjaGU9IkZhbHNlIiBSZXNwb25zZVRpbWVHb2FsPSIwIiBFbmNvZGluZz0idXRmLTgiIEV4cGVjdGVkSHR0cFN0YXR1c0NvZGU9IjAiIEV4cGVjdGVkUmVzcG9uc2VVcmw9Imh0dHA6Ly9sb2NhbGhvc3Q6NDYyMy9BcHAvRGV0YWlsLzkiIFJlcG9ydGluZ05hbWU9IiIgSWdub3JlSHR0cFN0YXR1c0NvZGU9IkZhbHNlIj4NCiAgICAgIDxIZWFkZXJzPg0KICAgICAgICA8SGVhZGVyIE5hbWU9IlJlZmVyZXIiIFZhbHVlPSJodHRwOi8vbG9jYWxob3N0OjQ2MjMvQXBwL0NyZWF0ZSIgLz4NCiAgICAgIDwvSGVhZGVycz4NCiAgICAgIDxGb3JtUG9zdEh0dHBCb2R5Pg0KICAgICAgICA8Rm9ybVBvc3RQYXJhbWV0ZXIgTmFtZT0iTmFtZSIgVmFsdWU9IlRUVCIgUmVjb3JkZWRWYWx1ZT0iVFRUIiBDb3JyZWxhdGlvbkJpbmRpbmc9IiIgVXJsRW5jb2RlPSJUcnVlIiAvPg0KICAgICAgICA8Rm9ybVBvc3RQYXJhbWV0ZXIgTmFtZT0iRGVzY3JpcHRpb24iIFZhbHVlPSJ0dHQiIFJlY29yZGVkVmFsdWU9InR0dCIgQ29ycmVsYXRpb25CaW5kaW5nPSJ7e0Zvcm1Qb3N0UGFyYW02LkRlc2NyaXB0aW9ufX0iIFVybEVuY29kZT0iVHJ1ZSIgLz4NCiAgICAgICAgPEZvcm1Qb3N0UGFyYW1ldGVyIE5hbWU9IlJlZGlyZWN0VXJpIiBWYWx1ZT0idHR0IiBSZWNvcmRlZFZhbHVlPSJ0dHQiIENvcnJlbGF0aW9uQmluZGluZz0ie3tGb3JtUG9zdFBhcmFtNS5SZWRpcmVjdFVyaX19IiBVcmxFbmNvZGU9IlRydWUiIC8+DQogICAgICA8L0Zvcm1Qb3N0SHR0cEJvZHk+DQogICAgPC9SZXF1ZXN0Pg0KICAgIDxSZXF1ZXN0IE1ldGhvZD0iUE9TVCIgR3VpZD0iZjYzOGM4ZGYtMmM4MC00YzNkLThkNTItOGM0NGI2MzM3MDQzIiBWZXJzaW9uPSIxLjEiIFVybD0iaHR0cDovL2xvY2FsaG9zdDoxNzU0OS9hNDY4MDAwODNlMjk0MzlhODVkMjE2ZGJjOTIwM2I5NC9hcnRlcnlTaWduYWxSL2Fib3J0IiBUaGlua1RpbWU9IjAiIFRpbWVvdXQ9IjMwMCIgUGFyc2VEZXBlbmRlbnRSZXF1ZXN0cz0iVHJ1ZSIgRm9sbG93UmVkaXJlY3RzPSJUcnVlIiBSZWNvcmRSZXN1bHQ9IlRydWUiIENhY2hlPSJGYWxzZSIgUmVzcG9uc2VUaW1lR29hbD0iMCIgRW5jb2Rpbmc9InV0Zi04IiBFeHBlY3RlZEh0dHBTdGF0dXNDb2RlPSIwIiBFeHBlY3RlZFJlc3BvbnNlVXJsPSIiIFJlcG9ydGluZ05hbWU9IiIgSWdub3JlSHR0cFN0YXR1c0NvZGU9IkZhbHNlIj4NCiAgICAgIDxIZWFkZXJzPg0KICAgICAgICA8SGVhZGVyIE5hbWU9IkFjY2VwdCIgVmFsdWU9InRleHQvcGxhaW4sICovKjsgcT0wLjAxIiAvPg0KICAgICAgICA8SGVhZGVyIE5hbWU9IlJlZmVyZXIiIFZhbHVlPSJodHRwOi8vbG9jYWxob3N0OjQ2MjMvQXBwL0NyZWF0ZSIgLz4NCiAgICAgIDwvSGVhZGVycz4NCiAgICAgIDxRdWVyeVN0cmluZ1BhcmFtZXRlcnM+DQogICAgICAgIDxRdWVyeVN0cmluZ1BhcmFtZXRlciBOYW1lPSJ0cmFuc3BvcnQiIFZhbHVlPSJsb25nUG9sbGluZyIgUmVjb3JkZWRWYWx1ZT0ibG9uZ1BvbGxpbmciIENvcnJlbGF0aW9uQmluZGluZz0iIiBVcmxFbmNvZGU9IkZhbHNlIiBVc2VUb0dyb3VwUmVzdWx0cz0iRmFsc2UiIC8+DQogICAgICAgIDxRdWVyeVN0cmluZ1BhcmFtZXRlciBOYW1lPSJjb25uZWN0aW9uVG9rZW4iIFZhbHVlPSJBUUFBQU5DTW5kOEJGZEVSakhvQXdFJTJGQ2wlMkJzQkFBQUF6OHNFMVBWb2FVbXRsN2RURnVZWDdBQUFBQUFDQUFBQUFBQVFaZ0FBQUFFQUFDQUFBQUNWbHZadHlXaXclMkJldnRyb1J4VWdJUnZmVVBkNlBTdzJoUlNwZERyMjRFelFBQUFBQU9nQUFBQUFJQUFDQUFBQUFEcE90TjlTcSUyQlAxdEh2d1dORmQ5QW1CN1JzTyUyRnNmUkFzVFlTS0tmZEdxakFBQUFEaFladENrbHdUamNWUGM1TmE1ajh2NVFKTmVicWF3aVRlMmt5ZjQ3TTNpZVElMkJXVHAyNFZOZTVJaDNGNVU3cnR4QUFBQUFZTHZjNk8lMkZ4MyUyRkxteDFNYnZLWm5sMlFSVDFFWVFUMk9iQ2I0ZFhJN3R4N2w4SSUyRjV5V2xrTmFhSkY5NkdxJTJCRWR2TVJRc2JmdkklMkZ3SXglMkZsRzhYcHBHZyUzRCUzRCIgUmVjb3JkZWRWYWx1ZT0iQVFBQUFOQ01uZDhCRmRFUmpIb0F3RSUyRkNsJTJCc0JBQUFBejhzRTFQVm9hVW10bDdkVEZ1WVg3QUFBQUFBQ0FBQUFBQUFRWmdBQUFBRUFBQ0FBQUFDVmx2WnR5V2l3JTJCZXZ0cm9SeFVnSVJ2ZlVQZDZQU3cyaFJTcGREcjI0RXpRQUFBQUFPZ0FBQUFBSUFBQ0FBQUFBRHBPdE45U3ElMkJQMXRIdndXTkZkOUFtQjdSc08lMkZzZlJBc1RZU0tLZmRHcWpBQUFBRGhZWnRDa2x3VGpjVlBjNU5hNWo4djVRSk5lYnFhd2lUZTJreWY0N00zaWVRJTJCV1RwMjRWTmU1SWgzRjVVN3J0eEFBQUFBWUx2YzZPJTJGeDMlMkZMbXgxTWJ2S1pubDJRUlQxRVlRVDJPYkNiNGRYSTd0eDdsOEklMkY1eVdsa05hYUpGOTZHcSUyQkVkdk1SUXNiZnZJJTJGd0l4JTJGbEc4WHBwR2clM0QlM0QiIENvcnJlbGF0aW9uQmluZGluZz0iIiBVcmxFbmNvZGU9IkZhbHNlIiBVc2VUb0dyb3VwUmVzdWx0cz0iRmFsc2UiIC8+DQogICAgICAgIDxRdWVyeVN0cmluZ1BhcmFtZXRlciBOYW1lPSJyZXF1ZXN0VXJsIiBWYWx1ZT0iaHR0cCUzQSUyRiUyRmxvY2FsaG9zdCUzQTQ2MjMlMkZBcHAlMkZDcmVhdGUiIFJlY29yZGVkVmFsdWU9Imh0dHAlM0ElMkYlMkZsb2NhbGhvc3QlM0E0NjIzJTJGQXBwJTJGQ3JlYXRlIiBDb3JyZWxhdGlvbkJpbmRpbmc9IiIgVXJsRW5jb2RlPSJGYWxzZSIgVXNlVG9Hcm91cFJlc3VsdHM9IkZhbHNlIiAvPg0KICAgICAgICA8UXVlcnlTdHJpbmdQYXJhbWV0ZXIgTmFtZT0iYnJvd3Nlck5hbWUiIFZhbHVlPSJJbnRlcm5ldCtFeHBsb3JlciIgUmVjb3JkZWRWYWx1ZT0iSW50ZXJuZXQrRXhwbG9yZXIiIENvcnJlbGF0aW9uQmluZGluZz0iIiBVcmxFbmNvZGU9IkZhbHNlIiBVc2VUb0dyb3VwUmVzdWx0cz0iRmFsc2UiIC8+DQogICAgICA8L1F1ZXJ5U3RyaW5nUGFyYW1ldGVycz4NCiAgICAgIDxGb3JtUG9zdEh0dHBCb2R5IC8+DQogICAgPC9SZXF1ZXN0Pg0KICAgIDxSZXF1ZXN0IE1ldGhvZD0iUE9TVCIgR3VpZD0iODY1OWU0NmQtYWFkOS00MjEyLThkZjktNTJmMzA3MmEyNjE5IiBWZXJzaW9uPSIxLjEiIFVybD0iaHR0cDovL2xvY2FsaG9zdDoxNzU0OS9hNDY4MDAwODNlMjk0MzlhODVkMjE2ZGJjOTIwM2I5NC9hcnRlcnlTaWduYWxSL25lZ290aWF0ZSIgVGhpbmtUaW1lPSIwIiBUaW1lb3V0PSIzMDAiIFBhcnNlRGVwZW5kZW50UmVxdWVzdHM9IlRydWUiIEZvbGxvd1JlZGlyZWN0cz0iVHJ1ZSIgUmVjb3JkUmVzdWx0PSJUcnVlIiBDYWNoZT0iRmFsc2UiIFJlc3BvbnNlVGltZUdvYWw9IjAiIEVuY29kaW5nPSJ1dGYtOCIgRXhwZWN0ZWRIdHRwU3RhdHVzQ29kZT0iMCIgRXhwZWN0ZWRSZXNwb25zZVVybD0iIiBSZXBvcnRpbmdOYW1lPSIiIElnbm9yZUh0dHBTdGF0dXNDb2RlPSJGYWxzZSI+DQogICAgICA8SGVhZGVycz4NCiAgICAgICAgPEhlYWRlciBOYW1lPSJDb250ZW50LVR5cGUiIFZhbHVlPSJhcHBsaWNhdGlvbi94LXd3dy1mb3JtLXVybGVuY29kZWQ7IGNoYXJzZXQ9VVRGLTgiIC8+DQogICAgICAgIDxIZWFkZXIgTmFtZT0iQWNjZXB0IiBWYWx1ZT0idGV4dC9wbGFpbiwgKi8qOyBxPTAuMDEiIC8+DQogICAgICAgIDxIZWFkZXIgTmFtZT0iUmVmZXJlciIgVmFsdWU9Imh0dHA6Ly9sb2NhbGhvc3Q6NDYyMy9BcHAvRGV0YWlsLzkiIC8+DQogICAgICA8L0hlYWRlcnM+DQogICAgICA8UXVlcnlTdHJpbmdQYXJhbWV0ZXJzPg0KICAgICAgICA8UXVlcnlTdHJpbmdQYXJhbWV0ZXIgTmFtZT0icmVxdWVzdFVybCIgVmFsdWU9Imh0dHAlM0ElMkYlMkZsb2NhbGhvc3QlM0E0NjIzJTJGQXBwJTJGRGV0YWlsJTJGOSIgUmVjb3JkZWRWYWx1ZT0iaHR0cCUzQSUyRiUyRmxvY2FsaG9zdCUzQTQ2MjMlMkZBcHAlMkZEZXRhaWwlMkY5IiBDb3JyZWxhdGlvbkJpbmRpbmc9IiIgVXJsRW5jb2RlPSJGYWxzZSIgVXNlVG9Hcm91cFJlc3VsdHM9IkZhbHNlIiAvPg0KICAgICAgICA8UXVlcnlTdHJpbmdQYXJhbWV0ZXIgTmFtZT0iYnJvd3Nlck5hbWUiIFZhbHVlPSJJbnRlcm5ldCtFeHBsb3JlciIgUmVjb3JkZWRWYWx1ZT0iSW50ZXJuZXQrRXhwbG9yZXIiIENvcnJlbGF0aW9uQmluZGluZz0iIiBVcmxFbmNvZGU9IkZhbHNlIiBVc2VUb0dyb3VwUmVzdWx0cz0iRmFsc2UiIC8+DQogICAgICAgIDxRdWVyeVN0cmluZ1BhcmFtZXRlciBOYW1lPSJjbGllbnRQcm90b2NvbCIgVmFsdWU9IjEuMyIgUmVjb3JkZWRWYWx1ZT0iMS4zIiBDb3JyZWxhdGlvbkJpbmRpbmc9IiIgVXJsRW5jb2RlPSJGYWxzZSIgVXNlVG9Hcm91cFJlc3VsdHM9IkZhbHNlIiAvPg0KICAgICAgICA8UXVlcnlTdHJpbmdQYXJhbWV0ZXIgTmFtZT0iXyIgVmFsdWU9IjEzOTc2MzEwMDQ0OTkiIFJlY29yZGVkVmFsdWU9IjEzOTc2MzEwMDQ0OTkiIENvcnJlbGF0aW9uQmluZGluZz0iIiBVcmxFbmNvZGU9IkZhbHNlIiBVc2VUb0dyb3VwUmVzdWx0cz0iRmFsc2UiIC8+DQogICAgICA8L1F1ZXJ5U3RyaW5nUGFyYW1ldGVycz4NCiAgICAgIDxGb3JtUG9zdEh0dHBCb2R5IC8+DQogICAgPC9SZXF1ZXN0Pg0KICAgIDxSZXF1ZXN0IE1ldGhvZD0iUE9TVCIgR3VpZD0iNjg3ODU0MGQtMTYxYy00MTJlLWJlMGYtOGM4ZWFjM2QyNDg3IiBWZXJzaW9uPSIxLjEiIFVybD0iaHR0cDovL2xvY2FsaG9zdDoxNzU0OS9hNDY4MDAwODNlMjk0MzlhODVkMjE2ZGJjOTIwM2I5NC9hcnRlcnlTaWduYWxSL2Nvbm5lY3QiIFRoaW5rVGltZT0iMCIgVGltZW91dD0iMzAwIiBQYXJzZURlcGVuZGVudFJlcXVlc3RzPSJUcnVlIiBGb2xsb3dSZWRpcmVjdHM9IlRydWUiIFJlY29yZFJlc3VsdD0iVHJ1ZSIgQ2FjaGU9IkZhbHNlIiBSZXNwb25zZVRpbWVHb2FsPSIwIiBFbmNvZGluZz0idXRmLTgiIEV4cGVjdGVkSHR0cFN0YXR1c0NvZGU9IjAiIEV4cGVjdGVkUmVzcG9uc2VVcmw9IiIgUmVwb3J0aW5nTmFtZT0iIiBJZ25vcmVIdHRwU3RhdHVzQ29kZT0iRmFsc2UiPg0KICAgICAgPEhlYWRlcnM+DQogICAgICAgIDxIZWFkZXIgTmFtZT0iQ29udGVudC1UeXBlIiBWYWx1ZT0iYXBwbGljYXRpb24veC13d3ctZm9ybS11cmxlbmNvZGVkOyBjaGFyc2V0PVVURi04IiAvPg0KICAgICAgICA8SGVhZGVyIE5hbWU9IkFjY2VwdCIgVmFsdWU9InRleHQvcGxhaW4sICovKjsgcT0wLjAxIiAvPg0KICAgICAgICA8SGVhZGVyIE5hbWU9IlJlZmVyZXIiIFZhbHVlPSJodHRwOi8vbG9jYWxob3N0OjQ2MjMvQXBwL0RldGFpbC85IiAvPg0KICAgICAgPC9IZWFkZXJzPg0KICAgICAgPFF1ZXJ5U3RyaW5nUGFyYW1ldGVycz4NCiAgICAgICAgPFF1ZXJ5U3RyaW5nUGFyYW1ldGVyIE5hbWU9InRyYW5zcG9ydCIgVmFsdWU9ImxvbmdQb2xsaW5nIiBSZWNvcmRlZFZhbHVlPSJsb25nUG9sbGluZyIgQ29ycmVsYXRpb25CaW5kaW5nPSIiIFVybEVuY29kZT0iRmFsc2UiIFVzZVRvR3JvdXBSZXN1bHRzPSJGYWxzZSIgLz4NCiAgICAgICAgPFF1ZXJ5U3RyaW5nUGFyYW1ldGVyIE5hbWU9ImNvbm5lY3Rpb25Ub2tlbiIgVmFsdWU9IkFRQUFBTkNNbmQ4QkZkRVJqSG9Bd0UlMkZDbCUyQnNCQUFBQXo4c0UxUFZvYVVtdGw3ZFRGdVlYN0FBQUFBQUNBQUFBQUFBUVpnQUFBQUVBQUNBQUFBQ3F2emd6Mm00b2M0cUhIVVJjdCUyQmkxNFVQQlR0UHV6V2pFSGcwcjNnU1MlMkZ3QUFBQUFPZ0FBQUFBSUFBQ0FBQUFEMDhIJTJCTjYxNSUyQiUyRnQzN005ejdTUHVjTENhck1lbjk5QU92UyUyRkNMMnlZMVpqQUFBQUJmZ0VSM1NqcVEyS3olMkJLekhncDUlMkZtVSUyRnIlMkZ6JTJGMk5kdXBjdDBEM0J4VFViYjQxMm5PSCUyQlNDODJhRFhZQnpGQUxSQUFBQUF0dmxBVkFtUFNvUElzcnYzUUE2RjgyMUJaeEFuN0x4TWxjdUxzSzVPbXRrbDY2ZkFoUVBOViUyRjhOdldlT21rRG44dGtNUFY2Yno0QnJPMmFMOEsweSUyRlElM0QlM0QiIFJlY29yZGVkVmFsdWU9IkFRQUFBTkNNbmQ4QkZkRVJqSG9Bd0UlMkZDbCUyQnNCQUFBQXo4c0UxUFZvYVVtdGw3ZFRGdVlYN0FBQUFBQUNBQUFBQUFBUVpnQUFBQUVBQUNBQUFBQ3F2emd6Mm00b2M0cUhIVVJjdCUyQmkxNFVQQlR0UHV6V2pFSGcwcjNnU1MlMkZ3QUFBQUFPZ0FBQUFBSUFBQ0FBQUFEMDhIJTJCTjYxNSUyQiUyRnQzN005ejdTUHVjTENhck1lbjk5QU92UyUyRkNMMnlZMVpqQUFBQUJmZ0VSM1NqcVEyS3olMkJLekhncDUlMkZtVSUyRnIlMkZ6JTJGMk5kdXBjdDBEM0J4VFViYjQxMm5PSCUyQlNDODJhRFhZQnpGQUxSQUFBQUF0dmxBVkFtUFNvUElzcnYzUUE2RjgyMUJaeEFuN0x4TWxjdUxzSzVPbXRrbDY2ZkFoUVBOViUyRjhOdldlT21rRG44dGtNUFY2Yno0QnJPMmFMOEsweSUyRlElM0QlM0QiIENvcnJlbGF0aW9uQmluZGluZz0iIiBVcmxFbmNvZGU9IkZhbHNlIiBVc2VUb0dyb3VwUmVzdWx0cz0iRmFsc2UiIC8+DQogICAgICAgIDxRdWVyeVN0cmluZ1BhcmFtZXRlciBOYW1lPSJyZXF1ZXN0VXJsIiBWYWx1ZT0iaHR0cCUzQSUyRiUyRmxvY2FsaG9zdCUzQTQ2MjMlMkZBcHAlMkZEZXRhaWwlMkY5IiBSZWNvcmRlZFZhbHVlPSJodHRwJTNBJTJGJTJGbG9jYWxob3N0JTNBNDYyMyUyRkFwcCUyRkRldGFpbCUyRjkiIENvcnJlbGF0aW9uQmluZGluZz0iIiBVcmxFbmNvZGU9IkZhbHNlIiBVc2VUb0dyb3VwUmVzdWx0cz0iRmFsc2UiIC8+DQogICAgICAgIDxRdWVyeVN0cmluZ1BhcmFtZXRlciBOYW1lPSJicm93c2VyTmFtZSIgVmFsdWU9IkludGVybmV0K0V4cGxvcmVyIiBSZWNvcmRlZFZhbHVlPSJJbnRlcm5ldCtFeHBsb3JlciIgQ29ycmVsYXRpb25CaW5kaW5nPSIiIFVybEVuY29kZT0iRmFsc2UiIFVzZVRvR3JvdXBSZXN1bHRzPSJGYWxzZSIgLz4NCiAgICAgICAgPFF1ZXJ5U3RyaW5nUGFyYW1ldGVyIE5hbWU9InRpZCIgVmFsdWU9IjgiIFJlY29yZGVkVmFsdWU9IjgiIENvcnJlbGF0aW9uQmluZGluZz0iIiBVcmxFbmNvZGU9IkZhbHNlIiBVc2VUb0dyb3VwUmVzdWx0cz0iRmFsc2UiIC8+DQogICAgICAgIDxRdWVyeVN0cmluZ1BhcmFtZXRlciBOYW1lPSJfIiBWYWx1ZT0iMTM5NzYzMTAwNTIyNiIgUmVjb3JkZWRWYWx1ZT0iMTM5NzYzMTAwNTIyNiIgQ29ycmVsYXRpb25CaW5kaW5nPSIiIFVybEVuY29kZT0iRmFsc2UiIFVzZVRvR3JvdXBSZXN1bHRzPSJGYWxzZSIgLz4NCiAgICAgIDwvUXVlcnlTdHJpbmdQYXJhbWV0ZXJzPg0KICAgICAgPEZvcm1Qb3N0SHR0cEJvZHkgLz4NCiAgICA8L1JlcXVlc3Q+DQogICAgPFJlcXVlc3QgTWV0aG9kPSJQT1NUIiBHdWlkPSJlNDRmMWEwNi1kMTc2LTRlNTYtOGY0MC1lMjQ1ODk4NTVjNmYiIFZlcnNpb249IjEuMSIgVXJsPSJodHRwOi8vbG9jYWxob3N0OjE3NTQ5L2E0NjgwMDA4M2UyOTQzOWE4NWQyMTZkYmM5MjAzYjk0L2FydGVyeVNpZ25hbFIvc2VuZCIgVGhpbmtUaW1lPSIwIiBUaW1lb3V0PSIzMDAiIFBhcnNlRGVwZW5kZW50UmVxdWVzdHM9IlRydWUiIEZvbGxvd1JlZGlyZWN0cz0iVHJ1ZSIgUmVjb3JkUmVzdWx0PSJUcnVlIiBDYWNoZT0iRmFsc2UiIFJlc3BvbnNlVGltZUdvYWw9IjAiIEVuY29kaW5nPSJ1dGYtOCIgRXhwZWN0ZWRIdHRwU3RhdHVzQ29kZT0iMCIgRXhwZWN0ZWRSZXNwb25zZVVybD0iIiBSZXBvcnRpbmdOYW1lPSIiIElnbm9yZUh0dHBTdGF0dXNDb2RlPSJGYWxzZSI+DQogICAgICA8SGVhZGVycz4NCiAgICAgICAgPEhlYWRlciBOYW1lPSJBY2NlcHQiIFZhbHVlPSJ0ZXh0L3BsYWluLCAqLyo7IHE9MC4wMSIgLz4NCiAgICAgICAgPEhlYWRlciBOYW1lPSJSZWZlcmVyIiBWYWx1ZT0iaHR0cDovL2xvY2FsaG9zdDo0NjIzL0FwcC9EZXRhaWwvOSIgLz4NCiAgICAgIDwvSGVhZGVycz4NCiAgICAgIDxRdWVyeVN0cmluZ1BhcmFtZXRlcnM+DQogICAgICAgIDxRdWVyeVN0cmluZ1BhcmFtZXRlciBOYW1lPSJ0cmFuc3BvcnQiIFZhbHVlPSJsb25nUG9sbGluZyIgUmVjb3JkZWRWYWx1ZT0ibG9uZ1BvbGxpbmciIENvcnJlbGF0aW9uQmluZGluZz0iIiBVcmxFbmNvZGU9IkZhbHNlIiBVc2VUb0dyb3VwUmVzdWx0cz0iRmFsc2UiIC8+DQogICAgICAgIDxRdWVyeVN0cmluZ1BhcmFtZXRlciBOYW1lPSJjb25uZWN0aW9uVG9rZW4iIFZhbHVlPSJBUUFBQU5DTW5kOEJGZEVSakhvQXdFJTJGQ2wlMkJzQkFBQUF6OHNFMVBWb2FVbXRsN2RURnVZWDdBQUFBQUFDQUFBQUFBQVFaZ0FBQUFFQUFDQUFBQUNxdnpnejJtNG9jNHFISFVSY3QlMkJpMTRVUEJUdFB1eldqRUhnMHIzZ1NTJTJGd0FBQUFBT2dBQUFBQUlBQUNBQUFBRDA4SCUyQk42MTUlMkIlMkZ0MzdNOXo3U1B1Y0xDYXJNZW45OUFPdlMlMkZDTDJ5WTFaakFBQUFCZmdFUjNTanFRMkt6JTJCS3pIZ3A1JTJGbVUlMkZyJTJGeiUyRjJOZHVwY3QwRDNCeFRVYmI0MTJuT0glMkJTQzgyYURYWUJ6RkFMUkFBQUFBdHZsQVZBbVBTb1BJc3J2M1FBNkY4MjFCWnhBbjdMeE1sY3VMc0s1T210a2w2NmZBaFFQTlYlMkY4TnZXZU9ta0RuOHRrTVBWNmJ6NEJyTzJhTDhLMHklMkZRJTNEJTNEIiBSZWNvcmRlZFZhbHVlPSJBUUFBQU5DTW5kOEJGZEVSakhvQXdFJTJGQ2wlMkJzQkFBQUF6OHNFMVBWb2FVbXRsN2RURnVZWDdBQUFBQUFDQUFBQUFBQVFaZ0FBQUFFQUFDQUFBQUNxdnpnejJtNG9jNHFISFVSY3QlMkJpMTRVUEJUdFB1eldqRUhnMHIzZ1NTJTJGd0FBQUFBT2dBQUFBQUlBQUNBQUFBRDA4SCUyQk42MTUlMkIlMkZ0MzdNOXo3U1B1Y0xDYXJNZW45OUFPdlMlMkZDTDJ5WTFaakFBQUFCZmdFUjNTanFRMkt6JTJCS3pIZ3A1JTJGbVUlMkZyJTJGeiUyRjJOZHVwY3QwRDNCeFRVYmI0MTJuT0glMkJTQzgyYURYWUJ6RkFMUkFBQUFBdHZsQVZBbVBTb1BJc3J2M1FBNkY4MjFCWnhBbjdMeE1sY3VMc0s1T210a2w2NmZBaFFQTlYlMkY4TnZXZU9ta0RuOHRrTVBWNmJ6NEJyTzJhTDhLMHklMkZRJTNEJTNEIiBDb3JyZWxhdGlvbkJpbmRpbmc9IiIgVXJsRW5jb2RlPSJGYWxzZSIgVXNlVG9Hcm91cFJlc3VsdHM9IkZhbHNlIiAvPg0KICAgICAgICA8UXVlcnlTdHJpbmdQYXJhbWV0ZXIgTmFtZT0icmVxdWVzdFVybCIgVmFsdWU9Imh0dHAlM0ElMkYlMkZsb2NhbGhvc3QlM0E0NjIzJTJGQXBwJTJGRGV0YWlsJTJGOSIgUmVjb3JkZWRWYWx1ZT0iaHR0cCUzQSUyRiUyRmxvY2FsaG9zdCUzQTQ2MjMlMkZBcHAlMkZEZXRhaWwlMkY5IiBDb3JyZWxhdGlvbkJpbmRpbmc9IiIgVXJsRW5jb2RlPSJGYWxzZSIgVXNlVG9Hcm91cFJlc3VsdHM9IkZhbHNlIiAvPg0KICAgICAgICA8UXVlcnlTdHJpbmdQYXJhbWV0ZXIgTmFtZT0iYnJvd3Nlck5hbWUiIFZhbHVlPSJJbnRlcm5ldCtFeHBsb3JlciIgUmVjb3JkZWRWYWx1ZT0iSW50ZXJuZXQrRXhwbG9yZXIiIENvcnJlbGF0aW9uQmluZGluZz0iIiBVcmxFbmNvZGU9IkZhbHNlIiBVc2VUb0dyb3VwUmVzdWx0cz0iRmFsc2UiIC8+DQogICAgICA8L1F1ZXJ5U3RyaW5nUGFyYW1ldGVycz4NCiAgICAgIDxGb3JtUG9zdEh0dHBCb2R5Pg0KICAgICAgICA8Rm9ybVBvc3RQYXJhbWV0ZXIgTmFtZT0iZGF0YSIgVmFsdWU9InsmcXVvdDtuYW1lJnF1b3Q7OiZxdW90O01pY3Jvc29mdC5WaXN1YWxTdHVkaW8uV2ViLkJyb3dzZXJMaW5rLkNvcmVFeHRlbnNpb25GYWN0b3J5LmNvbm5lY3RlZCZxdW90OywmcXVvdDtjYWxsYmFja0lkJnF1b3Q7OjF9IiBSZWNvcmRlZFZhbHVlPSJ7JnF1b3Q7bmFtZSZxdW90OzomcXVvdDtNaWNyb3NvZnQuVmlzdWFsU3R1ZGlvLldlYi5Ccm93c2VyTGluay5Db3JlRXh0ZW5zaW9uRmFjdG9yeS5jb25uZWN0ZWQmcXVvdDssJnF1b3Q7Y2FsbGJhY2tJZCZxdW90OzoxfSIgQ29ycmVsYXRpb25CaW5kaW5nPSIiIFVybEVuY29kZT0iVHJ1ZSIgLz4NCiAgICAgIDwvRm9ybVBvc3RIdHRwQm9keT4NCiAgICA8L1JlcXVlc3Q+DQogICAgPFJlcXVlc3QgTWV0aG9kPSJQT1NUIiBHdWlkPSIwZTRkYWY1MS1jNTlmLTQ0NmItOTUzMS1kZGM1ZTk1NGUxOTMiIFZlcnNpb249IjEuMSIgVXJsPSJodHRwOi8vbG9jYWxob3N0OjE3NTQ5L2E0NjgwMDA4M2UyOTQzOWE4NWQyMTZkYmM5MjAzYjk0L2FydGVyeVNpZ25hbFIvcG9sbCIgVGhpbmtUaW1lPSIwIiBUaW1lb3V0PSIzMDAiIFBhcnNlRGVwZW5kZW50UmVxdWVzdHM9IlRydWUiIEZvbGxvd1JlZGlyZWN0cz0iVHJ1ZSIgUmVjb3JkUmVzdWx0PSJUcnVlIiBDYWNoZT0iRmFsc2UiIFJlc3BvbnNlVGltZUdvYWw9IjAiIEVuY29kaW5nPSJ1dGYtOCIgRXhwZWN0ZWRIdHRwU3RhdHVzQ29kZT0iMCIgRXhwZWN0ZWRSZXNwb25zZVVybD0iIiBSZXBvcnRpbmdOYW1lPSIiIElnbm9yZUh0dHBTdGF0dXNDb2RlPSJGYWxzZSI+DQogICAgICA8SGVhZGVycz4NCiAgICAgICAgPEhlYWRlciBOYW1lPSJDb250ZW50LVR5cGUiIFZhbHVlPSJhcHBsaWNhdGlvbi94LXd3dy1mb3JtLXVybGVuY29kZWQ7IGNoYXJzZXQ9VVRGLTgiIC8+DQogICAgICAgIDxIZWFkZXIgTmFtZT0iQWNjZXB0IiBWYWx1ZT0idGV4dC9wbGFpbiwgKi8qOyBxPTAuMDEiIC8+DQogICAgICAgIDxIZWFkZXIgTmFtZT0iUmVmZXJlciIgVmFsdWU9Imh0dHA6Ly9sb2NhbGhvc3Q6NDYyMy9BcHAvRGV0YWlsLzkiIC8+DQogICAgICA8L0hlYWRlcnM+DQogICAgICA8UXVlcnlTdHJpbmdQYXJhbWV0ZXJzPg0KICAgICAgICA8UXVlcnlTdHJpbmdQYXJhbWV0ZXIgTmFtZT0idHJhbnNwb3J0IiBWYWx1ZT0ibG9uZ1BvbGxpbmciIFJlY29yZGVkVmFsdWU9ImxvbmdQb2xsaW5nIiBDb3JyZWxhdGlvbkJpbmRpbmc9IiIgVXJsRW5jb2RlPSJGYWxzZSIgVXNlVG9Hcm91cFJlc3VsdHM9IkZhbHNlIiAvPg0KICAgICAgICA8UXVlcnlTdHJpbmdQYXJhbWV0ZXIgTmFtZT0iY29ubmVjdGlvblRva2VuIiBWYWx1ZT0iQVFBQUFOQ01uZDhCRmRFUmpIb0F3RSUyRkNsJTJCc0JBQUFBejhzRTFQVm9hVW10bDdkVEZ1WVg3QUFBQUFBQ0FBQUFBQUFRWmdBQUFBRUFBQ0FBQUFDcXZ6Z3oybTRvYzRxSEhVUmN0JTJCaTE0VVBCVHRQdXpXakVIZzByM2dTUyUyRndBQUFBQU9nQUFBQUFJQUFDQUFBQUQwOEglMkJONjE1JTJCJTJGdDM3TTl6N1NQdWNMQ2FyTWVuOTlBT3ZTJTJGQ0wyeVkxWmpBQUFBQmZnRVIzU2pxUTJLeiUyQkt6SGdwNSUyRm1VJTJGciUyRnolMkYyTmR1cGN0MEQzQnhUVWJiNDEybk9IJTJCU0M4MmFEWFlCekZBTFJBQUFBQXR2bEFWQW1QU29QSXNydjNRQTZGODIxQlp4QW43THhNbGN1THNLNU9tdGtsNjZmQWhRUE5WJTJGOE52V2VPbWtEbjh0a01QVjZiejRCck8yYUw4SzB5JTJGUSUzRCUzRCIgUmVjb3JkZWRWYWx1ZT0iQVFBQUFOQ01uZDhCRmRFUmpIb0F3RSUyRkNsJTJCc0JBQUFBejhzRTFQVm9hVW10bDdkVEZ1WVg3QUFBQUFBQ0FBQUFBQUFRWmdBQUFBRUFBQ0FBQUFDcXZ6Z3oybTRvYzRxSEhVUmN0JTJCaTE0VVBCVHRQdXpXakVIZzByM2dTUyUyRndBQUFBQU9nQUFBQUFJQUFDQUFBQUQwOEglMkJONjE1JTJCJTJGdDM3TTl6N1NQdWNMQ2FyTWVuOTlBT3ZTJTJGQ0wyeVkxWmpBQUFBQmZnRVIzU2pxUTJLeiUyQkt6SGdwNSUyRm1VJTJGciUyRnolMkYyTmR1cGN0MEQzQnhUVWJiNDEybk9IJTJCU0M4MmFEWFlCekZBTFJBQUFBQXR2bEFWQW1QU29QSXNydjNRQTZGODIxQlp4QW43THhNbGN1THNLNU9tdGtsNjZmQWhRUE5WJTJGOE52V2VPbWtEbjh0a01QVjZiejRCck8yYUw4SzB5JTJGUSUzRCUzRCIgQ29ycmVsYXRpb25CaW5kaW5nPSIiIFVybEVuY29kZT0iRmFsc2UiIFVzZVRvR3JvdXBSZXN1bHRzPSJGYWxzZSIgLz4NCiAgICAgICAgPFF1ZXJ5U3RyaW5nUGFyYW1ldGVyIE5hbWU9Im1lc3NhZ2VJZCIgVmFsdWU9ImQtQUZCQkZCMUUtQiUyQzAlN0NpJTJDMSU3Q2olMkMwIiBSZWNvcmRlZFZhbHVlPSJkLUFGQkJGQjFFLUIlMkMwJTdDaSUyQzElN0NqJTJDMCIgQ29ycmVsYXRpb25CaW5kaW5nPSIiIFVybEVuY29kZT0iRmFsc2UiIFVzZVRvR3JvdXBSZXN1bHRzPSJGYWxzZSIgLz4NCiAgICAgICAgPFF1ZXJ5U3RyaW5nUGFyYW1ldGVyIE5hbWU9InJlcXVlc3RVcmwiIFZhbHVlPSJodHRwJTNBJTJGJTJGbG9jYWxob3N0JTNBNDYyMyUyRkFwcCUyRkRldGFpbCUyRjkiIFJlY29yZGVkVmFsdWU9Imh0dHAlM0ElMkYlMkZsb2NhbGhvc3QlM0E0NjIzJTJGQXBwJTJGRGV0YWlsJTJGOSIgQ29ycmVsYXRpb25CaW5kaW5nPSIiIFVybEVuY29kZT0iRmFsc2UiIFVzZVRvR3JvdXBSZXN1bHRzPSJGYWxzZSIgLz4NCiAgICAgICAgPFF1ZXJ5U3RyaW5nUGFyYW1ldGVyIE5hbWU9ImJyb3dzZXJOYW1lIiBWYWx1ZT0iSW50ZXJuZXQrRXhwbG9yZXIiIFJlY29yZGVkVmFsdWU9IkludGVybmV0K0V4cGxvcmVyIiBDb3JyZWxhdGlvbkJpbmRpbmc9IiIgVXJsRW5jb2RlPSJGYWxzZSIgVXNlVG9Hcm91cFJlc3VsdHM9IkZhbHNlIiAvPg0KICAgICAgICA8UXVlcnlTdHJpbmdQYXJhbWV0ZXIgTmFtZT0idGlkIiBWYWx1ZT0iNyIgUmVjb3JkZWRWYWx1ZT0iNyIgQ29ycmVsYXRpb25CaW5kaW5nPSIiIFVybEVuY29kZT0iRmFsc2UiIFVzZVRvR3JvdXBSZXN1bHRzPSJGYWxzZSIgLz4NCiAgICAgICAgPFF1ZXJ5U3RyaW5nUGFyYW1ldGVyIE5hbWU9Il8iIFZhbHVlPSIxMzk3NjMxMDA1MjUxIiBSZWNvcmRlZFZhbHVlPSIxMzk3NjMxMDA1MjUxIiBDb3JyZWxhdGlvbkJpbmRpbmc9IiIgVXJsRW5jb2RlPSJGYWxzZSIgVXNlVG9Hcm91cFJlc3VsdHM9IkZhbHNlIiAvPg0KICAgICAgPC9RdWVyeVN0cmluZ1BhcmFtZXRlcnM+DQogICAgICA8Rm9ybVBvc3RIdHRwQm9keSAvPg0KICAgIDwvUmVxdWVzdD4NCiAgICA8UmVxdWVzdCBNZXRob2Q9IlBPU1QiIEd1aWQ9ImU4YmQ0ZDg4LWMxOGYtNDJiMC05OWQ1LTllN2VkYWE3ODNhNSIgVmVyc2lvbj0iMS4xIiBVcmw9Imh0dHA6Ly9sb2NhbGhvc3Q6MTc1NDkvYTQ2ODAwMDgzZTI5NDM5YTg1ZDIxNmRiYzkyMDNiOTQvYXJ0ZXJ5U2lnbmFsUi9zZW5kIiBUaGlua1RpbWU9IjAiIFRpbWVvdXQ9IjMwMCIgUGFyc2VEZXBlbmRlbnRSZXF1ZXN0cz0iVHJ1ZSIgRm9sbG93UmVkaXJlY3RzPSJUcnVlIiBSZWNvcmRSZXN1bHQ9IlRydWUiIENhY2hlPSJGYWxzZSIgUmVzcG9uc2VUaW1lR29hbD0iMCIgRW5jb2Rpbmc9InV0Zi04IiBFeHBlY3RlZEh0dHBTdGF0dXNDb2RlPSIwIiBFeHBlY3RlZFJlc3BvbnNlVXJsPSIiIFJlcG9ydGluZ05hbWU9IiIgSWdub3JlSHR0cFN0YXR1c0NvZGU9IkZhbHNlIj4NCiAgICAgIDxIZWFkZXJzPg0KICAgICAgICA8SGVhZGVyIE5hbWU9IkFjY2VwdCIgVmFsdWU9InRleHQvcGxhaW4sICovKjsgcT0wLjAxIiAvPg0KICAgICAgICA8SGVhZGVyIE5hbWU9IlJlZmVyZXIiIFZhbHVlPSJodHRwOi8vbG9jYWxob3N0OjQ2MjMvQXBwL0RldGFpbC85IiAvPg0KICAgICAgPC9IZWFkZXJzPg0KICAgICAgPFF1ZXJ5U3RyaW5nUGFyYW1ldGVycz4NCiAgICAgICAgPFF1ZXJ5U3RyaW5nUGFyYW1ldGVyIE5hbWU9InRyYW5zcG9ydCIgVmFsdWU9ImxvbmdQb2xsaW5nIiBSZWNvcmRlZFZhbHVlPSJsb25nUG9sbGluZyIgQ29ycmVsYXRpb25CaW5kaW5nPSIiIFVybEVuY29kZT0iRmFsc2UiIFVzZVRvR3JvdXBSZXN1bHRzPSJGYWxzZSIgLz4NCiAgICAgICAgPFF1ZXJ5U3RyaW5nUGFyYW1ldGVyIE5hbWU9ImNvbm5lY3Rpb25Ub2tlbiIgVmFsdWU9IkFRQUFBTkNNbmQ4QkZkRVJqSG9Bd0UlMkZDbCUyQnNCQUFBQXo4c0UxUFZvYVVtdGw3ZFRGdVlYN0FBQUFBQUNBQUFBQUFBUVpnQUFBQUVBQUNBQUFBQ3F2emd6Mm00b2M0cUhIVVJjdCUyQmkxNFVQQlR0UHV6V2pFSGcwcjNnU1MlMkZ3QUFBQUFPZ0FBQUFBSUFBQ0FBQUFEMDhIJTJCTjYxNSUyQiUyRnQzN005ejdTUHVjTENhck1lbjk5QU92UyUyRkNMMnlZMVpqQUFBQUJmZ0VSM1NqcVEyS3olMkJLekhncDUlMkZtVSUyRnIlMkZ6JTJGMk5kdXBjdDBEM0J4VFViYjQxMm5PSCUyQlNDODJhRFhZQnpGQUxSQUFBQUF0dmxBVkFtUFNvUElzcnYzUUE2RjgyMUJaeEFuN0x4TWxjdUxzSzVPbXRrbDY2ZkFoUVBOViUyRjhOdldlT21rRG44dGtNUFY2Yno0QnJPMmFMOEsweSUyRlElM0QlM0QiIFJlY29yZGVkVmFsdWU9IkFRQUFBTkNNbmQ4QkZkRVJqSG9Bd0UlMkZDbCUyQnNCQUFBQXo4c0UxUFZvYVVtdGw3ZFRGdVlYN0FBQUFBQUNBQUFBQUFBUVpnQUFBQUVBQUNBQUFBQ3F2emd6Mm00b2M0cUhIVVJjdCUyQmkxNFVQQlR0UHV6V2pFSGcwcjNnU1MlMkZ3QUFBQUFPZ0FBQUFBSUFBQ0FBQUFEMDhIJTJCTjYxNSUyQiUyRnQzN005ejdTUHVjTENhck1lbjk5QU92UyUyRkNMMnlZMVpqQUFBQUJmZ0VSM1NqcVEyS3olMkJLekhncDUlMkZtVSUyRnIlMkZ6JTJGMk5kdXBjdDBEM0J4VFViYjQxMm5PSCUyQlNDODJhRFhZQnpGQUxSQUFBQUF0dmxBVkFtUFNvUElzcnYzUUE2RjgyMUJaeEFuN0x4TWxjdUxzSzVPbXRrbDY2ZkFoUVBOViUyRjhOdldlT21rRG44dGtNUFY2Yno0QnJPMmFMOEsweSUyRlElM0QlM0QiIENvcnJlbGF0aW9uQmluZGluZz0iIiBVcmxFbmNvZGU9IkZhbHNlIiBVc2VUb0dyb3VwUmVzdWx0cz0iRmFsc2UiIC8+DQogICAgICAgIDxRdWVyeVN0cmluZ1BhcmFtZXRlciBOYW1lPSJyZXF1ZXN0VXJsIiBWYWx1ZT0iaHR0cCUzQSUyRiUyRmxvY2FsaG9zdCUzQTQ2MjMlMkZBcHAlMkZEZXRhaWwlMkY5IiBSZWNvcmRlZFZhbHVlPSJodHRwJTNBJTJGJTJGbG9jYWxob3N0JTNBNDYyMyUyRkFwcCUyRkRldGFpbCUyRjkiIENvcnJlbGF0aW9uQmluZGluZz0iIiBVcmxFbmNvZGU9IkZhbHNlIiBVc2VUb0dyb3VwUmVzdWx0cz0iRmFsc2UiIC8+DQogICAgICAgIDxRdWVyeVN0cmluZ1BhcmFtZXRlciBOYW1lPSJicm93c2VyTmFtZSIgVmFsdWU9IkludGVybmV0K0V4cGxvcmVyIiBSZWNvcmRlZFZhbHVlPSJJbnRlcm5ldCtFeHBsb3JlciIgQ29ycmVsYXRpb25CaW5kaW5nPSIiIFVybEVuY29kZT0iRmFsc2UiIFVzZVRvR3JvdXBSZXN1bHRzPSJGYWxzZSIgLz4NCiAgICAgIDwvUXVlcnlTdHJpbmdQYXJhbWV0ZXJzPg0KICAgICAgPEZvcm1Qb3N0SHR0cEJvZHk+DQogICAgICAgIDxGb3JtUG9zdFBhcmFtZXRlciBOYW1lPSJkYXRhIiBWYWx1ZT0ieyZxdW90O25hbWUmcXVvdDs6JnF1b3Q7bWljcm9zb2Z0LnZpc3VhbHN0dWRpby53ZWIuYnJvd3NlcmxpbmsuaHRtbG1hcHBpbmdleHRlbnNpb25mYWN0b3J5LnJlc29sdmVVcmwmcXVvdDssJnF1b3Q7YXJncyZxdW90OzpbJnF1b3Q7fi9fX2Jyb3dzZXJMaW5rL3JlcXVlc3REYXRhLzc3YTFlNzdlN2QyNzRlYTE5NjZlZmI0ZDhjYmZiOTU1JnF1b3Q7XSwmcXVvdDtjYWxsYmFja0lkJnF1b3Q7OjJ9IiBSZWNvcmRlZFZhbHVlPSJ7JnF1b3Q7bmFtZSZxdW90OzomcXVvdDttaWNyb3NvZnQudmlzdWFsc3R1ZGlvLndlYi5icm93c2VybGluay5odG1sbWFwcGluZ2V4dGVuc2lvbmZhY3RvcnkucmVzb2x2ZVVybCZxdW90OywmcXVvdDthcmdzJnF1b3Q7OlsmcXVvdDt+L19fYnJvd3NlckxpbmsvcmVxdWVzdERhdGEvNzdhMWU3N2U3ZDI3NGVhMTk2NmVmYjRkOGNiZmI5NTUmcXVvdDtdLCZxdW90O2NhbGxiYWNrSWQmcXVvdDs6Mn0iIENvcnJlbGF0aW9uQmluZGluZz0iIiBVcmxFbmNvZGU9IlRydWUiIC8+DQogICAgICA8L0Zvcm1Qb3N0SHR0cEJvZHk+DQogICAgPC9SZXF1ZXN0Pg0KICAgIDxSZXF1ZXN0IE1ldGhvZD0iUE9TVCIgR3VpZD0iYTdlZWZmM2EtOGU3MC00ZDg1LTkwYzYtZDIxNGQ2ZmQzYjc2IiBWZXJzaW9uPSIxLjEiIFVybD0iaHR0cDovL2xvY2FsaG9zdDoxNzU0OS9hNDY4MDAwODNlMjk0MzlhODVkMjE2ZGJjOTIwM2I5NC9hcnRlcnlTaWduYWxSL3BvbGwiIFRoaW5rVGltZT0iMCIgVGltZW91dD0iMzAwIiBQYXJzZURlcGVuZGVudFJlcXVlc3RzPSJUcnVlIiBGb2xsb3dSZWRpcmVjdHM9IlRydWUiIFJlY29yZFJlc3VsdD0iVHJ1ZSIgQ2FjaGU9IkZhbHNlIiBSZXNwb25zZVRpbWVHb2FsPSIwIiBFbmNvZGluZz0idXRmLTgiIEV4cGVjdGVkSHR0cFN0YXR1c0NvZGU9IjAiIEV4cGVjdGVkUmVzcG9uc2VVcmw9IiIgUmVwb3J0aW5nTmFtZT0iIiBJZ25vcmVIdHRwU3RhdHVzQ29kZT0iRmFsc2UiPg0KICAgICAgPEhlYWRlcnM+DQogICAgICAgIDxIZWFkZXIgTmFtZT0iQ29udGVudC1UeXBlIiBWYWx1ZT0iYXBwbGljYXRpb24veC13d3ctZm9ybS11cmxlbmNvZGVkOyBjaGFyc2V0PVVURi04IiAvPg0KICAgICAgICA8SGVhZGVyIE5hbWU9IkFjY2VwdCIgVmFsdWU9InRleHQvcGxhaW4sICovKjsgcT0wLjAxIiAvPg0KICAgICAgICA8SGVhZGVyIE5hbWU9IlJlZmVyZXIiIFZhbHVlPSJodHRwOi8vbG9jYWxob3N0OjQ2MjMvQXBwL0RldGFpbC85IiAvPg0KICAgICAgPC9IZWFkZXJzPg0KICAgICAgPFF1ZXJ5U3RyaW5nUGFyYW1ldGVycz4NCiAgICAgICAgPFF1ZXJ5U3RyaW5nUGFyYW1ldGVyIE5hbWU9InRyYW5zcG9ydCIgVmFsdWU9ImxvbmdQb2xsaW5nIiBSZWNvcmRlZFZhbHVlPSJsb25nUG9sbGluZyIgQ29ycmVsYXRpb25CaW5kaW5nPSIiIFVybEVuY29kZT0iRmFsc2UiIFVzZVRvR3JvdXBSZXN1bHRzPSJGYWxzZSIgLz4NCiAgICAgICAgPFF1ZXJ5U3RyaW5nUGFyYW1ldGVyIE5hbWU9ImNvbm5lY3Rpb25Ub2tlbiIgVmFsdWU9IkFRQUFBTkNNbmQ4QkZkRVJqSG9Bd0UlMkZDbCUyQnNCQUFBQXo4c0UxUFZvYVVtdGw3ZFRGdVlYN0FBQUFBQUNBQUFBQUFBUVpnQUFBQUVBQUNBQUFBQ3F2emd6Mm00b2M0cUhIVVJjdCUyQmkxNFVQQlR0UHV6V2pFSGcwcjNnU1MlMkZ3QUFBQUFPZ0FBQUFBSUFBQ0FBQUFEMDhIJTJCTjYxNSUyQiUyRnQzN005ejdTUHVjTENhck1lbjk5QU92UyUyRkNMMnlZMVpqQUFBQUJmZ0VSM1NqcVEyS3olMkJLekhncDUlMkZtVSUyRnIlMkZ6JTJGMk5kdXBjdDBEM0J4VFViYjQxMm5PSCUyQlNDODJhRFhZQnpGQUxSQUFBQUF0dmxBVkFtUFNvUElzcnYzUUE2RjgyMUJaeEFuN0x4TWxjdUxzSzVPbXRrbDY2ZkFoUVBOViUyRjhOdldlT21rRG44dGtNUFY2Yno0QnJPMmFMOEsweSUyRlElM0QlM0QiIFJlY29yZGVkVmFsdWU9IkFRQUFBTkNNbmQ4QkZkRVJqSG9Bd0UlMkZDbCUyQnNCQUFBQXo4c0UxUFZvYVVtdGw3ZFRGdVlYN0FBQUFBQUNBQUFBQUFBUVpnQUFBQUVBQUNBQUFBQ3F2emd6Mm00b2M0cUhIVVJjdCUyQmkxNFVQQlR0UHV6V2pFSGcwcjNnU1MlMkZ3QUFBQUFPZ0FBQUFBSUFBQ0FBQUFEMDhIJTJCTjYxNSUyQiUyRnQzN005ejdTUHVjTENhck1lbjk5QU92UyUyRkNMMnlZMVpqQUFBQUJmZ0VSM1NqcVEyS3olMkJLekhncDUlMkZtVSUyRnIlMkZ6JTJGMk5kdXBjdDBEM0J4VFViYjQxMm5PSCUyQlNDODJhRFhZQnpGQUxSQUFBQUF0dmxBVkFtUFNvUElzcnYzUUE2RjgyMUJaeEFuN0x4TWxjdUxzSzVPbXRrbDY2ZkFoUVBOViUyRjhOdldlT21rRG44dGtNUFY2Yno0QnJPMmFMOEsweSUyRlElM0QlM0QiIENvcnJlbGF0aW9uQmluZGluZz0iIiBVcmxFbmNvZGU9IkZhbHNlIiBVc2VUb0dyb3VwUmVzdWx0cz0iRmFsc2UiIC8+DQogICAgICAgIDxRdWVyeVN0cmluZ1BhcmFtZXRlciBOYW1lPSJtZXNzYWdlSWQiIFZhbHVlPSJkLUFGQkJGQjFFLUIlMkMwJTdDaSUyQzIlN0NqJTJDMCIgUmVjb3JkZWRWYWx1ZT0iZC1BRkJCRkIxRS1CJTJDMCU3Q2klMkMyJTdDaiUyQzAiIENvcnJlbGF0aW9uQmluZGluZz0iIiBVcmxFbmNvZGU9IkZhbHNlIiBVc2VUb0dyb3VwUmVzdWx0cz0iRmFsc2UiIC8+DQogICAgICAgIDxRdWVyeVN0cmluZ1BhcmFtZXRlciBOYW1lPSJyZXF1ZXN0VXJsIiBWYWx1ZT0iaHR0cCUzQSUyRiUyRmxvY2FsaG9zdCUzQTQ2MjMlMkZBcHAlMkZEZXRhaWwlMkY5IiBSZWNvcmRlZFZhbHVlPSJodHRwJTNBJTJGJTJGbG9jYWxob3N0JTNBNDYyMyUyRkFwcCUyRkRldGFpbCUyRjkiIENvcnJlbGF0aW9uQmluZGluZz0iIiBVcmxFbmNvZGU9IkZhbHNlIiBVc2VUb0dyb3VwUmVzdWx0cz0iRmFsc2UiIC8+DQogICAgICAgIDxRdWVyeVN0cmluZ1BhcmFtZXRlciBOYW1lPSJicm93c2VyTmFtZSIgVmFsdWU9IkludGVybmV0K0V4cGxvcmVyIiBSZWNvcmRlZFZhbHVlPSJJbnRlcm5ldCtFeHBsb3JlciIgQ29ycmVsYXRpb25CaW5kaW5nPSIiIFVybEVuY29kZT0iRmFsc2UiIFVzZVRvR3JvdXBSZXN1bHRzPSJGYWxzZSIgLz4NCiAgICAgICAgPFF1ZXJ5U3RyaW5nUGFyYW1ldGVyIE5hbWU9InRpZCIgVmFsdWU9IjAiIFJlY29yZGVkVmFsdWU9IjAiIENvcnJlbGF0aW9uQmluZGluZz0iIiBVcmxFbmNvZGU9IkZhbHNlIiBVc2VUb0dyb3VwUmVzdWx0cz0iRmFsc2UiIC8+DQogICAgICAgIDxRdWVyeVN0cmluZ1BhcmFtZXRlciBOYW1lPSJfIiBWYWx1ZT0iMTM5NzYzMTAwNTMyNiIgUmVjb3JkZWRWYWx1ZT0iMTM5NzYzMTAwNTMyNiIgQ29ycmVsYXRpb25CaW5kaW5nPSIiIFVybEVuY29kZT0iRmFsc2UiIFVzZVRvR3JvdXBSZXN1bHRzPSJGYWxzZSIgLz4NCiAgICAgIDwvUXVlcnlTdHJpbmdQYXJhbWV0ZXJzPg0KICAgICAgPEZvcm1Qb3N0SHR0cEJvZHkgLz4NCiAgICA8L1JlcXVlc3Q+DQogICAgPFJlcXVlc3QgTWV0aG9kPSJHRVQiIEd1aWQ9ImUzNWU2Y2I2LWM2ZmQtNDcxYy04MzI0LWZmMTFlZmY5NzlmNyIgVmVyc2lvbj0iMS4xIiBVcmw9Imh0dHA6Ly9sb2NhbGhvc3Q6NDYyMy9fX2Jyb3dzZXJMaW5rL3JlcXVlc3REYXRhLzc3YTFlNzdlN2QyNzRlYTE5NjZlZmI0ZDhjYmZiOTU1IiBUaGlua1RpbWU9IjAiIFRpbWVvdXQ9IjMwMCIgUGFyc2VEZXBlbmRlbnRSZXF1ZXN0cz0iVHJ1ZSIgRm9sbG93UmVkaXJlY3RzPSJUcnVlIiBSZWNvcmRSZXN1bHQ9IlRydWUiIENhY2hlPSJGYWxzZSIgUmVzcG9uc2VUaW1lR29hbD0iMCIgRW5jb2Rpbmc9InV0Zi04IiBFeHBlY3RlZEh0dHBTdGF0dXNDb2RlPSIwIiBFeHBlY3RlZFJlc3BvbnNlVXJsPSIiIFJlcG9ydGluZ05hbWU9IiIgSWdub3JlSHR0cFN0YXR1c0NvZGU9IkZhbHNlIj4NCiAgICAgIDxIZWFkZXJzPg0KICAgICAgICA8SGVhZGVyIE5hbWU9IkFjY2VwdCIgVmFsdWU9ImFwcGxpY2F0aW9uL2pzb24sIHRleHQvamF2YXNjcmlwdCwgKi8qOyBxPTAuMDEiIC8+DQogICAgICAgIDxIZWFkZXIgTmFtZT0iWC1SZXF1ZXN0ZWQtV2l0aCIgVmFsdWU9IlhNTEh0dHBSZXF1ZXN0IiAvPg0KICAgICAgICA8SGVhZGVyIE5hbWU9IlJlZmVyZXIiIFZhbHVlPSJodHRwOi8vbG9jYWxob3N0OjQ2MjMvQXBwL0RldGFpbC85IiAvPg0KICAgICAgPC9IZWFkZXJzPg0KICAgIDwvUmVxdWVzdD4NCiAgICA8UmVxdWVzdCBNZXRob2Q9IlBPU1QiIEd1aWQ9IjVhODM1MDVhLTJhMDMtNDY4OS1iOWE4LWEzY2VlMDQ5NmQwYSIgVmVyc2lvbj0iMS4xIiBVcmw9Imh0dHA6Ly9sb2NhbGhvc3Q6MTc1NDkvYTQ2ODAwMDgzZTI5NDM5YTg1ZDIxNmRiYzkyMDNiOTQvYXJ0ZXJ5U2lnbmFsUi9wb2xsIiBUaGlua1RpbWU9IjAiIFRpbWVvdXQ9IjMwMCIgUGFyc2VEZXBlbmRlbnRSZXF1ZXN0cz0iVHJ1ZSIgRm9sbG93UmVkaXJlY3RzPSJUcnVlIiBSZWNvcmRSZXN1bHQ9IlRydWUiIENhY2hlPSJGYWxzZSIgUmVzcG9uc2VUaW1lR29hbD0iMCIgRW5jb2Rpbmc9InV0Zi04IiBFeHBlY3RlZEh0dHBTdGF0dXNDb2RlPSIwIiBFeHBlY3RlZFJlc3BvbnNlVXJsPSIiIFJlcG9ydGluZ05hbWU9IiIgSWdub3JlSHR0cFN0YXR1c0NvZGU9IkZhbHNlIj4NCiAgICAgIDxIZWFkZXJzPg0KICAgICAgICA8SGVhZGVyIE5hbWU9IkNvbnRlbnQtVHlwZSIgVmFsdWU9ImFwcGxpY2F0aW9uL3gtd3d3LWZvcm0tdXJsZW5jb2RlZDsgY2hhcnNldD1VVEYtOCIgLz4NCiAgICAgICAgPEhlYWRlciBOYW1lPSJBY2NlcHQiIFZhbHVlPSJ0ZXh0L3BsYWluLCAqLyo7IHE9MC4wMSIgLz4NCiAgICAgICAgPEhlYWRlciBOYW1lPSJSZWZlcmVyIiBWYWx1ZT0iaHR0cDovL2xvY2FsaG9zdDo0NjIzL0FwcC9EZXRhaWwvOSIgLz4NCiAgICAgIDwvSGVhZGVycz4NCiAgICAgIDxRdWVyeVN0cmluZ1BhcmFtZXRlcnM+DQogICAgICAgIDxRdWVyeVN0cmluZ1BhcmFtZXRlciBOYW1lPSJ0cmFuc3BvcnQiIFZhbHVlPSJsb25nUG9sbGluZyIgUmVjb3JkZWRWYWx1ZT0ibG9uZ1BvbGxpbmciIENvcnJlbGF0aW9uQmluZGluZz0iIiBVcmxFbmNvZGU9IkZhbHNlIiBVc2VUb0dyb3VwUmVzdWx0cz0iRmFsc2UiIC8+DQogICAgICAgIDxRdWVyeVN0cmluZ1BhcmFtZXRlciBOYW1lPSJjb25uZWN0aW9uVG9rZW4iIFZhbHVlPSJBUUFBQU5DTW5kOEJGZEVSakhvQXdFJTJGQ2wlMkJzQkFBQUF6OHNFMVBWb2FVbXRsN2RURnVZWDdBQUFBQUFDQUFBQUFBQVFaZ0FBQUFFQUFDQUFBQUNxdnpnejJtNG9jNHFISFVSY3QlMkJpMTRVUEJUdFB1eldqRUhnMHIzZ1NTJTJGd0FBQUFBT2dBQUFBQUlBQUNBQUFBRDA4SCUyQk42MTUlMkIlMkZ0MzdNOXo3U1B1Y0xDYXJNZW45OUFPdlMlMkZDTDJ5WTFaakFBQUFCZmdFUjNTanFRMkt6JTJCS3pIZ3A1JTJGbVUlMkZyJTJGeiUyRjJOZHVwY3QwRDNCeFRVYmI0MTJuT0glMkJTQzgyYURYWUJ6RkFMUkFBQUFBdHZsQVZBbVBTb1BJc3J2M1FBNkY4MjFCWnhBbjdMeE1sY3VMc0s1T210a2w2NmZBaFFQTlYlMkY4TnZXZU9ta0RuOHRrTVBWNmJ6NEJyTzJhTDhLMHklMkZRJTNEJTNEIiBSZWNvcmRlZFZhbHVlPSJBUUFBQU5DTW5kOEJGZEVSakhvQXdFJTJGQ2wlMkJzQkFBQUF6OHNFMVBWb2FVbXRsN2RURnVZWDdBQUFBQUFDQUFBQUFBQVFaZ0FBQUFFQUFDQUFBQUNxdnpnejJtNG9jNHFISFVSY3QlMkJpMTRVUEJUdFB1eldqRUhnMHIzZ1NTJTJGd0FBQUFBT2dBQUFBQUlBQUNBQUFBRDA4SCUyQk42MTUlMkIlMkZ0MzdNOXo3U1B1Y0xDYXJNZW45OUFPdlMlMkZDTDJ5WTFaakFBQUFCZmdFUjNTanFRMkt6JTJCS3pIZ3A1JTJGbVUlMkZyJTJGeiUyRjJOZHVwY3QwRDNCeFRVYmI0MTJuT0glMkJTQzgyYURYWUJ6RkFMUkFBQUFBdHZsQVZBbVBTb1BJc3J2M1FBNkY4MjFCWnhBbjdMeE1sY3VMc0s1T210a2w2NmZBaFFQTlYlMkY4TnZXZU9ta0RuOHRrTVBWNmJ6NEJyTzJhTDhLMHklMkZRJTNEJTNEIiBDb3JyZWxhdGlvbkJpbmRpbmc9IiIgVXJsRW5jb2RlPSJGYWxzZSIgVXNlVG9Hcm91cFJlc3VsdHM9IkZhbHNlIiAvPg0KICAgICAgICA8UXVlcnlTdHJpbmdQYXJhbWV0ZXIgTmFtZT0ibWVzc2FnZUlkIiBWYWx1ZT0iZC1BRkJCRkIxRS1CJTJDMCU3Q2klMkMzJTdDaiUyQzAiIFJlY29yZGVkVmFsdWU9ImQtQUZCQkZCMUUtQiUyQzAlN0NpJTJDMyU3Q2olMkMwIiBDb3JyZWxhdGlvbkJpbmRpbmc9IiIgVXJsRW5jb2RlPSJGYWxzZSIgVXNlVG9Hcm91cFJlc3VsdHM9IkZhbHNlIiAvPg0KICAgICAgICA8UXVlcnlTdHJpbmdQYXJhbWV0ZXIgTmFtZT0icmVxdWVzdFVybCIgVmFsdWU9Imh0dHAlM0ElMkYlMkZsb2NhbGhvc3QlM0E0NjIzJTJGQXBwJTJGRGV0YWlsJTJGOSIgUmVjb3JkZWRWYWx1ZT0iaHR0cCUzQSUyRiUyRmxvY2FsaG9zdCUzQTQ2MjMlMkZBcHAlMkZEZXRhaWwlMkY5IiBDb3JyZWxhdGlvbkJpbmRpbmc9IiIgVXJsRW5jb2RlPSJGYWxzZSIgVXNlVG9Hcm91cFJlc3VsdHM9IkZhbHNlIiAvPg0KICAgICAgICA8UXVlcnlTdHJpbmdQYXJhbWV0ZXIgTmFtZT0iYnJvd3Nlck5hbWUiIFZhbHVlPSJJbnRlcm5ldCtFeHBsb3JlciIgUmVjb3JkZWRWYWx1ZT0iSW50ZXJuZXQrRXhwbG9yZXIiIENvcnJlbGF0aW9uQmluZGluZz0iIiBVcmxFbmNvZGU9IkZhbHNlIiBVc2VUb0dyb3VwUmVzdWx0cz0iRmFsc2UiIC8+DQogICAgICAgIDxRdWVyeVN0cmluZ1BhcmFtZXRlciBOYW1lPSJ0aWQiIFZhbHVlPSIxMCIgUmVjb3JkZWRWYWx1ZT0iMTAiIENvcnJlbGF0aW9uQmluZGluZz0iIiBVcmxFbmNvZGU9IkZhbHNlIiBVc2VUb0dyb3VwUmVzdWx0cz0iRmFsc2UiIC8+DQogICAgICAgIDxRdWVyeVN0cmluZ1BhcmFtZXRlciBOYW1lPSJfIiBWYWx1ZT0iMTM5NzYzMTAwNTgwOCIgUmVjb3JkZWRWYWx1ZT0iMTM5NzYzMTAwNTgwOCIgQ29ycmVsYXRpb25CaW5kaW5nPSIiIFVybEVuY29kZT0iRmFsc2UiIFVzZVRvR3JvdXBSZXN1bHRzPSJGYWxzZSIgLz4NCiAgICAgIDwvUXVlcnlTdHJpbmdQYXJhbWV0ZXJzPg0KICAgICAgPEZvcm1Qb3N0SHR0cEJvZHkgLz4NCiAgICA8L1JlcXVlc3Q+DQogICAgPFJlcXVlc3QgTWV0aG9kPSJQT1NUIiBHdWlkPSJhMzQ3YzQ4MC1hNWViLTQzMDMtYTc2Yi00Mjc1MTkwZTdmYTUiIFZlcnNpb249IjEuMSIgVXJsPSJodHRwOi8vbG9jYWxob3N0OjE3NTQ5L2E0NjgwMDA4M2UyOTQzOWE4NWQyMTZkYmM5MjAzYjk0L2FydGVyeVNpZ25hbFIvc2VuZCIgVGhpbmtUaW1lPSI1IiBUaW1lb3V0PSIzMDAiIFBhcnNlRGVwZW5kZW50UmVxdWVzdHM9IlRydWUiIEZvbGxvd1JlZGlyZWN0cz0iVHJ1ZSIgUmVjb3JkUmVzdWx0PSJUcnVlIiBDYWNoZT0iRmFsc2UiIFJlc3BvbnNlVGltZUdvYWw9IjAiIEVuY29kaW5nPSJ1dGYtOCIgRXhwZWN0ZWRIdHRwU3RhdHVzQ29kZT0iMCIgRXhwZWN0ZWRSZXNwb25zZVVybD0iIiBSZXBvcnRpbmdOYW1lPSIiIElnbm9yZUh0dHBTdGF0dXNDb2RlPSJGYWxzZSI+DQogICAgICA8SGVhZGVycz4NCiAgICAgICAgPEhlYWRlciBOYW1lPSJBY2NlcHQiIFZhbHVlPSJ0ZXh0L3BsYWluLCAqLyo7IHE9MC4wMSIgLz4NCiAgICAgICAgPEhlYWRlciBOYW1lPSJSZWZlcmVyIiBWYWx1ZT0iaHR0cDovL2xvY2FsaG9zdDo0NjIzL0FwcC9EZXRhaWwvOSIgLz4NCiAgICAgIDwvSGVhZGVycz4NCiAgICAgIDxRdWVyeVN0cmluZ1BhcmFtZXRlcnM+DQogICAgICAgIDxRdWVyeVN0cmluZ1BhcmFtZXRlciBOYW1lPSJ0cmFuc3BvcnQiIFZhbHVlPSJsb25nUG9sbGluZyIgUmVjb3JkZWRWYWx1ZT0ibG9uZ1BvbGxpbmciIENvcnJlbGF0aW9uQmluZGluZz0iIiBVcmxFbmNvZGU9IkZhbHNlIiBVc2VUb0dyb3VwUmVzdWx0cz0iRmFsc2UiIC8+DQogICAgICAgIDxRdWVyeVN0cmluZ1BhcmFtZXRlciBOYW1lPSJjb25uZWN0aW9uVG9rZW4iIFZhbHVlPSJBUUFBQU5DTW5kOEJGZEVSakhvQXdFJTJGQ2wlMkJzQkFBQUF6OHNFMVBWb2FVbXRsN2RURnVZWDdBQUFBQUFDQUFBQUFBQVFaZ0FBQUFFQUFDQUFBQUNxdnpnejJtNG9jNHFISFVSY3QlMkJpMTRVUEJUdFB1eldqRUhnMHIzZ1NTJTJGd0FBQUFBT2dBQUFBQUlBQUNBQUFBRDA4SCUyQk42MTUlMkIlMkZ0MzdNOXo3U1B1Y0xDYXJNZW45OUFPdlMlMkZDTDJ5WTFaakFBQUFCZmdFUjNTanFRMkt6JTJCS3pIZ3A1JTJGbVUlMkZyJTJGeiUyRjJOZHVwY3QwRDNCeFRVYmI0MTJuT0glMkJTQzgyYURYWUJ6RkFMUkFBQUFBdHZsQVZBbVBTb1BJc3J2M1FBNkY4MjFCWnhBbjdMeE1sY3VMc0s1T210a2w2NmZBaFFQTlYlMkY4TnZXZU9ta0RuOHRrTVBWNmJ6NEJyTzJhTDhLMHklMkZRJTNEJTNEIiBSZWNvcmRlZFZhbHVlPSJBUUFBQU5DTW5kOEJGZEVSakhvQXdFJTJGQ2wlMkJzQkFBQUF6OHNFMVBWb2FVbXRsN2RURnVZWDdBQUFBQUFDQUFBQUFBQVFaZ0FBQUFFQUFDQUFBQUNxdnpnejJtNG9jNHFISFVSY3QlMkJpMTRVUEJUdFB1eldqRUhnMHIzZ1NTJTJGd0FBQUFBT2dBQUFBQUlBQUNBQUFBRDA4SCUyQk42MTUlMkIlMkZ0MzdNOXo3U1B1Y0xDYXJNZW45OUFPdlMlMkZDTDJ5WTFaakFBQUFCZmdFUjNTanFRMkt6JTJCS3pIZ3A1JTJGbVUlMkZyJTJGeiUyRjJOZHVwY3QwRDNCeFRVYmI0MTJuT0glMkJTQzgyYURYWUJ6RkFMUkFBQUFBdHZsQVZBbVBTb1BJc3J2M1FBNkY4MjFCWnhBbjdMeE1sY3VMc0s1T210a2w2NmZBaFFQTlYlMkY4TnZXZU9ta0RuOHRrTVBWNmJ6NEJyTzJhTDhLMHklMkZRJTNEJTNEIiBDb3JyZWxhdGlvbkJpbmRpbmc9IiIgVXJsRW5jb2RlPSJGYWxzZSIgVXNlVG9Hcm91cFJlc3VsdHM9IkZhbHNlIiAvPg0KICAgICAgICA8UXVlcnlTdHJpbmdQYXJhbWV0ZXIgTmFtZT0icmVxdWVzdFVybCIgVmFsdWU9Imh0dHAlM0ElMkYlMkZsb2NhbGhvc3QlM0E0NjIzJTJGQXBwJTJGRGV0YWlsJTJGOSIgUmVjb3JkZWRWYWx1ZT0iaHR0cCUzQSUyRiUyRmxvY2FsaG9zdCUzQTQ2MjMlMkZBcHAlMkZEZXRhaWwlMkY5IiBDb3JyZWxhdGlvbkJpbmRpbmc9IiIgVXJsRW5jb2RlPSJGYWxzZSIgVXNlVG9Hcm91cFJlc3VsdHM9IkZhbHNlIiAvPg0KICAgICAgICA8UXVlcnlTdHJpbmdQYXJhbWV0ZXIgTmFtZT0iYnJvd3Nlck5hbWUiIFZhbHVlPSJJbnRlcm5ldCtFeHBsb3JlciIgUmVjb3JkZWRWYWx1ZT0iSW50ZXJuZXQrRXhwbG9yZXIiIENvcnJlbGF0aW9uQmluZGluZz0iIiBVcmxFbmNvZGU9IkZhbHNlIiBVc2VUb0dyb3VwUmVzdWx0cz0iRmFsc2UiIC8+DQogICAgICA8L1F1ZXJ5U3RyaW5nUGFyYW1ldGVycz4NCiAgICAgIDxGb3JtUG9zdEh0dHBCb2R5Pg0KICAgICAgICA8Rm9ybVBvc3RQYXJhbWV0ZXIgTmFtZT0iZGF0YSIgVmFsdWU9InsmcXVvdDtuYW1lJnF1b3Q7OiZxdW90O21pY3Jvc29mdC52aXN1YWxzdHVkaW8ud2ViLmJyb3dzZXJsaW5rLmh0bWxtYXBwaW5nZXh0ZW5zaW9uZmFjdG9yeS5yZXNvbHZlU291cmNlRmlsZVBhdGhzJnF1b3Q7LCZxdW90O2FyZ3MmcXVvdDs6W1smcXVvdDt+L1ZpZXdzL0FwcC9EZXRhaWwuY3NodG1sJnF1b3Q7XV0sJnF1b3Q7Y2FsbGJhY2tJZCZxdW90OzozfSIgUmVjb3JkZWRWYWx1ZT0ieyZxdW90O25hbWUmcXVvdDs6JnF1b3Q7bWljcm9zb2Z0LnZpc3VhbHN0dWRpby53ZWIuYnJvd3NlcmxpbmsuaHRtbG1hcHBpbmdleHRlbnNpb25mYWN0b3J5LnJlc29sdmVTb3VyY2VGaWxlUGF0aHMmcXVvdDssJnF1b3Q7YXJncyZxdW90OzpbWyZxdW90O34vVmlld3MvQXBwL0RldGFpbC5jc2h0bWwmcXVvdDtdXSwmcXVvdDtjYWxsYmFja0lkJnF1b3Q7OjN9IiBDb3JyZWxhdGlvbkJpbmRpbmc9IiIgVXJsRW5jb2RlPSJUcnVlIiAvPg0KICAgICAgPC9Gb3JtUG9zdEh0dHBCb2R5Pg0KICAgIDwvUmVxdWVzdD4NCiAgICA8UmVxdWVzdCBNZXRob2Q9IkdFVCIgR3VpZD0iN2U3ZjFkNjktOGNiMC00YTllLTg1MmYtOWFkM2E4OTllYjljIiBWZXJzaW9uPSIxLjEiIFVybD0iaHR0cDovL2xvY2FsaG9zdDo0NjIzL0FwcC9Nb2RpZnkvOSIgVGhpbmtUaW1lPSIwIiBUaW1lb3V0PSIzMDAiIFBhcnNlRGVwZW5kZW50UmVxdWVzdHM9IlRydWUiIEZvbGxvd1JlZGlyZWN0cz0iVHJ1ZSIgUmVjb3JkUmVzdWx0PSJUcnVlIiBDYWNoZT0iRmFsc2UiIFJlc3BvbnNlVGltZUdvYWw9IjAiIEVuY29kaW5nPSJ1dGYtOCIgRXhwZWN0ZWRIdHRwU3RhdHVzQ29kZT0iMCIgRXhwZWN0ZWRSZXNwb25zZVVybD0iIiBSZXBvcnRpbmdOYW1lPSIiIElnbm9yZUh0dHBTdGF0dXNDb2RlPSJGYWxzZSI+DQogICAgICA8SGVhZGVycz4NCiAgICAgICAgPEhlYWRlciBOYW1lPSJSZWZlcmVyIiBWYWx1ZT0iaHR0cDovL2xvY2FsaG9zdDo0NjIzL0FwcC9EZXRhaWwvOSIgLz4NCiAgICAgIDwvSGVhZGVycz4NCiAgICA8L1JlcXVlc3Q+DQogICAgPFJlcXVlc3QgTWV0aG9kPSJQT1NUIiBHdWlkPSI4NzYzMjFlMi1hYmU3LTRmMDgtYTE0Zi05ZTNhZGU4NjRkODMiIFZlcnNpb249IjEuMSIgVXJsPSJodHRwOi8vbG9jYWxob3N0OjE3NTQ5L2E0NjgwMDA4M2UyOTQzOWE4NWQyMTZkYmM5MjAzYjk0L2FydGVyeVNpZ25hbFIvYWJvcnQiIFRoaW5rVGltZT0iMCIgVGltZW91dD0iMzAwIiBQYXJzZURlcGVuZGVudFJlcXVlc3RzPSJUcnVlIiBGb2xsb3dSZWRpcmVjdHM9IlRydWUiIFJlY29yZFJlc3VsdD0iVHJ1ZSIgQ2FjaGU9IkZhbHNlIiBSZXNwb25zZVRpbWVHb2FsPSIwIiBFbmNvZGluZz0idXRmLTgiIEV4cGVjdGVkSHR0cFN0YXR1c0NvZGU9IjAiIEV4cGVjdGVkUmVzcG9uc2VVcmw9IiIgUmVwb3J0aW5nTmFtZT0iIiBJZ25vcmVIdHRwU3RhdHVzQ29kZT0iRmFsc2UiPg0KICAgICAgPEhlYWRlcnM+DQogICAgICAgIDxIZWFkZXIgTmFtZT0iQWNjZXB0IiBWYWx1ZT0idGV4dC9wbGFpbiwgKi8qOyBxPTAuMDEiIC8+DQogICAgICAgIDxIZWFkZXIgTmFtZT0iUmVmZXJlciIgVmFsdWU9Imh0dHA6Ly9sb2NhbGhvc3Q6NDYyMy9BcHAvRGV0YWlsLzkiIC8+DQogICAgICA8L0hlYWRlcnM+DQogICAgICA8UXVlcnlTdHJpbmdQYXJhbWV0ZXJzPg0KICAgICAgICA8UXVlcnlTdHJpbmdQYXJhbWV0ZXIgTmFtZT0idHJhbnNwb3J0IiBWYWx1ZT0ibG9uZ1BvbGxpbmciIFJlY29yZGVkVmFsdWU9ImxvbmdQb2xsaW5nIiBDb3JyZWxhdGlvbkJpbmRpbmc9IiIgVXJsRW5jb2RlPSJGYWxzZSIgVXNlVG9Hcm91cFJlc3VsdHM9IkZhbHNlIiAvPg0KICAgICAgICA8UXVlcnlTdHJpbmdQYXJhbWV0ZXIgTmFtZT0iY29ubmVjdGlvblRva2VuIiBWYWx1ZT0iQVFBQUFOQ01uZDhCRmRFUmpIb0F3RSUyRkNsJTJCc0JBQUFBejhzRTFQVm9hVW10bDdkVEZ1WVg3QUFBQUFBQ0FBQUFBQUFRWmdBQUFBRUFBQ0FBQUFDcXZ6Z3oybTRvYzRxSEhVUmN0JTJCaTE0VVBCVHRQdXpXakVIZzByM2dTUyUyRndBQUFBQU9nQUFBQUFJQUFDQUFBQUQwOEglMkJONjE1JTJCJTJGdDM3TTl6N1NQdWNMQ2FyTWVuOTlBT3ZTJTJGQ0wyeVkxWmpBQUFBQmZnRVIzU2pxUTJLeiUyQkt6SGdwNSUyRm1VJTJGciUyRnolMkYyTmR1cGN0MEQzQnhUVWJiNDEybk9IJTJCU0M4MmFEWFlCekZBTFJBQUFBQXR2bEFWQW1QU29QSXNydjNRQTZGODIxQlp4QW43THhNbGN1THNLNU9tdGtsNjZmQWhRUE5WJTJGOE52V2VPbWtEbjh0a01QVjZiejRCck8yYUw4SzB5JTJGUSUzRCUzRCIgUmVjb3JkZWRWYWx1ZT0iQVFBQUFOQ01uZDhCRmRFUmpIb0F3RSUyRkNsJTJCc0JBQUFBejhzRTFQVm9hVW10bDdkVEZ1WVg3QUFBQUFBQ0FBQUFBQUFRWmdBQUFBRUFBQ0FBQUFDcXZ6Z3oybTRvYzRxSEhVUmN0JTJCaTE0VVBCVHRQdXpXakVIZzByM2dTUyUyRndBQUFBQU9nQUFBQUFJQUFDQUFBQUQwOEglMkJONjE1JTJCJTJGdDM3TTl6N1NQdWNMQ2FyTWVuOTlBT3ZTJTJGQ0wyeVkxWmpBQUFBQmZnRVIzU2pxUTJLeiUyQkt6SGdwNSUyRm1VJTJGciUyRnolMkYyTmR1cGN0MEQzQnhUVWJiNDEybk9IJTJCU0M4MmFEWFlCekZBTFJBQUFBQXR2bEFWQW1QU29QSXNydjNRQTZGODIxQlp4QW43THhNbGN1THNLNU9tdGtsNjZmQWhRUE5WJTJGOE52V2VPbWtEbjh0a01QVjZiejRCck8yYUw4SzB5JTJGUSUzRCUzRCIgQ29ycmVsYXRpb25CaW5kaW5nPSIiIFVybEVuY29kZT0iRmFsc2UiIFVzZVRvR3JvdXBSZXN1bHRzPSJGYWxzZSIgLz4NCiAgICAgICAgPFF1ZXJ5U3RyaW5nUGFyYW1ldGVyIE5hbWU9InJlcXVlc3RVcmwiIFZhbHVlPSJodHRwJTNBJTJGJTJGbG9jYWxob3N0JTNBNDYyMyUyRkFwcCUyRkRldGFpbCUyRjkiIFJlY29yZGVkVmFsdWU9Imh0dHAlM0ElMkYlMkZsb2NhbGhvc3QlM0E0NjIzJTJGQXBwJTJGRGV0YWlsJTJGOSIgQ29ycmVsYXRpb25CaW5kaW5nPSIiIFVybEVuY29kZT0iRmFsc2UiIFVzZVRvR3JvdXBSZXN1bHRzPSJGYWxzZSIgLz4NCiAgICAgICAgPFF1ZXJ5U3RyaW5nUGFyYW1ldGVyIE5hbWU9ImJyb3dzZXJOYW1lIiBWYWx1ZT0iSW50ZXJuZXQrRXhwbG9yZXIiIFJlY29yZGVkVmFsdWU9IkludGVybmV0K0V4cGxvcmVyIiBDb3JyZWxhdGlvbkJpbmRpbmc9IiIgVXJsRW5jb2RlPSJGYWxzZSIgVXNlVG9Hcm91cFJlc3VsdHM9IkZhbHNlIiAvPg0KICAgICAgPC9RdWVyeVN0cmluZ1BhcmFtZXRlcnM+DQogICAgICA8Rm9ybVBvc3RIdHRwQm9keSAvPg0KICAgIDwvUmVxdWVzdD4NCiAgICA8UmVxdWVzdCBNZXRob2Q9IlBPU1QiIEd1aWQ9ImYwZWUwYjE0LWM2OTMtNDQwMC04MTFhLWU1ODkzNDUxN2ZiMiIgVmVyc2lvbj0iMS4xIiBVcmw9Imh0dHA6Ly9sb2NhbGhvc3Q6MTc1NDkvYTQ2ODAwMDgzZTI5NDM5YTg1ZDIxNmRiYzkyMDNiOTQvYXJ0ZXJ5U2lnbmFsUi9uZWdvdGlhdGUiIFRoaW5rVGltZT0iMCIgVGltZW91dD0iMzAwIiBQYXJzZURlcGVuZGVudFJlcXVlc3RzPSJUcnVlIiBGb2xsb3dSZWRpcmVjdHM9IlRydWUiIFJlY29yZFJlc3VsdD0iVHJ1ZSIgQ2FjaGU9IkZhbHNlIiBSZXNwb25zZVRpbWVHb2FsPSIwIiBFbmNvZGluZz0idXRmLTgiIEV4cGVjdGVkSHR0cFN0YXR1c0NvZGU9IjAiIEV4cGVjdGVkUmVzcG9uc2VVcmw9IiIgUmVwb3J0aW5nTmFtZT0iIiBJZ25vcmVIdHRwU3RhdHVzQ29kZT0iRmFsc2UiPg0KICAgICAgPEhlYWRlcnM+DQogICAgICAgIDxIZWFkZXIgTmFtZT0iQ29udGVudC1UeXBlIiBWYWx1ZT0iYXBwbGljYXRpb24veC13d3ctZm9ybS11cmxlbmNvZGVkOyBjaGFyc2V0PVVURi04IiAvPg0KICAgICAgICA8SGVhZGVyIE5hbWU9IkFjY2VwdCIgVmFsdWU9InRleHQvcGxhaW4sICovKjsgcT0wLjAxIiAvPg0KICAgICAgICA8SGVhZGVyIE5hbWU9IlJlZmVyZXIiIFZhbHVlPSJodHRwOi8vbG9jYWxob3N0OjQ2MjMvQXBwL01vZGlmeS85IiAvPg0KICAgICAgPC9IZWFkZXJzPg0KICAgICAgPFF1ZXJ5U3RyaW5nUGFyYW1ldGVycz4NCiAgICAgICAgPFF1ZXJ5U3RyaW5nUGFyYW1ldGVyIE5hbWU9InJlcXVlc3RVcmwiIFZhbHVlPSJodHRwJTNBJTJGJTJGbG9jYWxob3N0JTNBNDYyMyUyRkFwcCUyRk1vZGlmeSUyRjkiIFJlY29yZGVkVmFsdWU9Imh0dHAlM0ElMkYlMkZsb2NhbGhvc3QlM0E0NjIzJTJGQXBwJTJGTW9kaWZ5JTJGOSIgQ29ycmVsYXRpb25CaW5kaW5nPSIiIFVybEVuY29kZT0iRmFsc2UiIFVzZVRvR3JvdXBSZXN1bHRzPSJGYWxzZSIgLz4NCiAgICAgICAgPFF1ZXJ5U3RyaW5nUGFyYW1ldGVyIE5hbWU9ImJyb3dzZXJOYW1lIiBWYWx1ZT0iSW50ZXJuZXQrRXhwbG9yZXIiIFJlY29yZGVkVmFsdWU9IkludGVybmV0K0V4cGxvcmVyIiBDb3JyZWxhdGlvbkJpbmRpbmc9IiIgVXJsRW5jb2RlPSJGYWxzZSIgVXNlVG9Hcm91cFJlc3VsdHM9IkZhbHNlIiAvPg0KICAgICAgICA8UXVlcnlTdHJpbmdQYXJhbWV0ZXIgTmFtZT0iY2xpZW50UHJvdG9jb2wiIFZhbHVlPSIxLjMiIFJlY29yZGVkVmFsdWU9IjEuMyIgQ29ycmVsYXRpb25CaW5kaW5nPSIiIFVybEVuY29kZT0iRmFsc2UiIFVzZVRvR3JvdXBSZXN1bHRzPSJGYWxzZSIgLz4NCiAgICAgICAgPFF1ZXJ5U3RyaW5nUGFyYW1ldGVyIE5hbWU9Il8iIFZhbHVlPSIxMzk3NjMxMDExMjkwIiBSZWNvcmRlZFZhbHVlPSIxMzk3NjMxMDExMjkwIiBDb3JyZWxhdGlvbkJpbmRpbmc9IiIgVXJsRW5jb2RlPSJGYWxzZSIgVXNlVG9Hcm91cFJlc3VsdHM9IkZhbHNlIiAvPg0KICAgICAgPC9RdWVyeVN0cmluZ1BhcmFtZXRlcnM+DQogICAgICA8Rm9ybVBvc3RIdHRwQm9keSAvPg0KICAgIDwvUmVxdWVzdD4NCiAgICA8UmVxdWVzdCBNZXRob2Q9IlBPU1QiIEd1aWQ9IjZkZGZjZmYyLTIwNmMtNGEwNS05MTMxLTVkMjYxZmQ4ZGQyZiIgVmVyc2lvbj0iMS4xIiBVcmw9Imh0dHA6Ly9sb2NhbGhvc3Q6MTc1NDkvYTQ2ODAwMDgzZTI5NDM5YTg1ZDIxNmRiYzkyMDNiOTQvYXJ0ZXJ5U2lnbmFsUi9jb25uZWN0IiBUaGlua1RpbWU9IjAiIFRpbWVvdXQ9IjMwMCIgUGFyc2VEZXBlbmRlbnRSZXF1ZXN0cz0iVHJ1ZSIgRm9sbG93UmVkaXJlY3RzPSJUcnVlIiBSZWNvcmRSZXN1bHQ9IlRydWUiIENhY2hlPSJGYWxzZSIgUmVzcG9uc2VUaW1lR29hbD0iMCIgRW5jb2Rpbmc9InV0Zi04IiBFeHBlY3RlZEh0dHBTdGF0dXNDb2RlPSIwIiBFeHBlY3RlZFJlc3BvbnNlVXJsPSIiIFJlcG9ydGluZ05hbWU9IiIgSWdub3JlSHR0cFN0YXR1c0NvZGU9IkZhbHNlIj4NCiAgICAgIDxIZWFkZXJzPg0KICAgICAgICA8SGVhZGVyIE5hbWU9IkNvbnRlbnQtVHlwZSIgVmFsdWU9ImFwcGxpY2F0aW9uL3gtd3d3LWZvcm0tdXJsZW5jb2RlZDsgY2hhcnNldD1VVEYtOCIgLz4NCiAgICAgICAgPEhlYWRlciBOYW1lPSJBY2NlcHQiIFZhbHVlPSJ0ZXh0L3BsYWluLCAqLyo7IHE9MC4wMSIgLz4NCiAgICAgICAgPEhlYWRlciBOYW1lPSJSZWZlcmVyIiBWYWx1ZT0iaHR0cDovL2xvY2FsaG9zdDo0NjIzL0FwcC9Nb2RpZnkvOSIgLz4NCiAgICAgIDwvSGVhZGVycz4NCiAgICAgIDxRdWVyeVN0cmluZ1BhcmFtZXRlcnM+DQogICAgICAgIDxRdWVyeVN0cmluZ1BhcmFtZXRlciBOYW1lPSJ0cmFuc3BvcnQiIFZhbHVlPSJsb25nUG9sbGluZyIgUmVjb3JkZWRWYWx1ZT0ibG9uZ1BvbGxpbmciIENvcnJlbGF0aW9uQmluZGluZz0iIiBVcmxFbmNvZGU9IkZhbHNlIiBVc2VUb0dyb3VwUmVzdWx0cz0iRmFsc2UiIC8+DQogICAgICAgIDxRdWVyeVN0cmluZ1BhcmFtZXRlciBOYW1lPSJjb25uZWN0aW9uVG9rZW4iIFZhbHVlPSJBUUFBQU5DTW5kOEJGZEVSakhvQXdFJTJGQ2wlMkJzQkFBQUF6OHNFMVBWb2FVbXRsN2RURnVZWDdBQUFBQUFDQUFBQUFBQVFaZ0FBQUFFQUFDQUFBQURnRTNCeDBLclUlMkZ6WW1UMUdBRUp0a1BBdFFJSUlOY3NLd2R1Z0VBWmxSM1FBQUFBQU9nQUFBQUFJQUFDQUFBQUJncWVnRHpFdXppb2lCYWRzeEtCOHQ3NkJ6RzN2dyUyRmZOVlpFRldPaGVwaFRBQUFBQ0NDZlNhdzR3bDRqS01sTnUlMkZIV0J3NlhaMGc2azdaVU1nTnE1VlRUSDlqNEc5TGh4JTJGeUpKT2Rvc2Z1dnJnaWVGQUFBQUEwTkdRaGRqS1ppJTJGcTBrZ3huekpoVEpKWFlDVzVHSE5ubjNQVUt1NXpDc2lzd2ZMUDVIWGM0SFZVRk1jT3glMkZIZ2JUSkVpZFQlMkZNcmpBc2xVbXp5OEdYQSUzRCUzRCIgUmVjb3JkZWRWYWx1ZT0iQVFBQUFOQ01uZDhCRmRFUmpIb0F3RSUyRkNsJTJCc0JBQUFBejhzRTFQVm9hVW10bDdkVEZ1WVg3QUFBQUFBQ0FBQUFBQUFRWmdBQUFBRUFBQ0FBQUFEZ0UzQngwS3JVJTJGelltVDFHQUVKdGtQQXRRSUlJTmNzS3dkdWdFQVpsUjNRQUFBQUFPZ0FBQUFBSUFBQ0FBQUFCZ3FlZ0R6RXV6aW9pQmFkc3hLQjh0NzZCekczdnclMkZmTlZaRUZXT2hlcGhUQUFBQUNDQ2ZTYXc0d2w0aktNbE51JTJGSFdCdzZYWjBnNms3WlVNZ05xNVZUVEg5ajRHOUxoeCUyRnlKSk9kb3NmdXZyZ2llRkFBQUFBME5HUWhkaktaaSUyRnEwa2d4bnpKaFRKSlhZQ1c1R0hObm4zUFVLdTV6Q3Npc3dmTFA1SFhjNEhWVUZNY094JTJGSGdiVEpFaWRUJTJGTXJqQXNsVW16eThHWEElM0QlM0QiIENvcnJlbGF0aW9uQmluZGluZz0iIiBVcmxFbmNvZGU9IkZhbHNlIiBVc2VUb0dyb3VwUmVzdWx0cz0iRmFsc2UiIC8+DQogICAgICAgIDxRdWVyeVN0cmluZ1BhcmFtZXRlciBOYW1lPSJyZXF1ZXN0VXJsIiBWYWx1ZT0iaHR0cCUzQSUyRiUyRmxvY2FsaG9zdCUzQTQ2MjMlMkZBcHAlMkZNb2RpZnklMkY5IiBSZWNvcmRlZFZhbHVlPSJodHRwJTNBJTJGJTJGbG9jYWxob3N0JTNBNDYyMyUyRkFwcCUyRk1vZGlmeSUyRjkiIENvcnJlbGF0aW9uQmluZGluZz0iIiBVcmxFbmNvZGU9IkZhbHNlIiBVc2VUb0dyb3VwUmVzdWx0cz0iRmFsc2UiIC8+DQogICAgICAgIDxRdWVyeVN0cmluZ1BhcmFtZXRlciBOYW1lPSJicm93c2VyTmFtZSIgVmFsdWU9IkludGVybmV0K0V4cGxvcmVyIiBSZWNvcmRlZFZhbHVlPSJJbnRlcm5ldCtFeHBsb3JlciIgQ29ycmVsYXRpb25CaW5kaW5nPSIiIFVybEVuY29kZT0iRmFsc2UiIFVzZVRvR3JvdXBSZXN1bHRzPSJGYWxzZSIgLz4NCiAgICAgICAgPFF1ZXJ5U3RyaW5nUGFyYW1ldGVyIE5hbWU9InRpZCIgVmFsdWU9IjEiIFJlY29yZGVkVmFsdWU9IjEiIENvcnJlbGF0aW9uQmluZGluZz0iIiBVcmxFbmNvZGU9IkZhbHNlIiBVc2VUb0dyb3VwUmVzdWx0cz0iRmFsc2UiIC8+DQogICAgICAgIDxRdWVyeVN0cmluZ1BhcmFtZXRlciBOYW1lPSJfIiBWYWx1ZT0iMTM5NzYzMTAxMjA1OSIgUmVjb3JkZWRWYWx1ZT0iMTM5NzYzMTAxMjA1OSIgQ29ycmVsYXRpb25CaW5kaW5nPSIiIFVybEVuY29kZT0iRmFsc2UiIFVzZVRvR3JvdXBSZXN1bHRzPSJGYWxzZSIgLz4NCiAgICAgIDwvUXVlcnlTdHJpbmdQYXJhbWV0ZXJzPg0KICAgICAgPEZvcm1Qb3N0SHR0cEJvZHkgLz4NCiAgICA8L1JlcXVlc3Q+DQogICAgPFJlcXVlc3QgTWV0aG9kPSJQT1NUIiBHdWlkPSJjMGNjNzVhOC01YWU3LTRmOGEtOWIyNi05ZjI4YWIxY2U5YWYiIFZlcnNpb249IjEuMSIgVXJsPSJodHRwOi8vbG9jYWxob3N0OjE3NTQ5L2E0NjgwMDA4M2UyOTQzOWE4NWQyMTZkYmM5MjAzYjk0L2FydGVyeVNpZ25hbFIvc2VuZCIgVGhpbmtUaW1lPSIwIiBUaW1lb3V0PSIzMDAiIFBhcnNlRGVwZW5kZW50UmVxdWVzdHM9IlRydWUiIEZvbGxvd1JlZGlyZWN0cz0iVHJ1ZSIgUmVjb3JkUmVzdWx0PSJUcnVlIiBDYWNoZT0iRmFsc2UiIFJlc3BvbnNlVGltZUdvYWw9IjAiIEVuY29kaW5nPSJ1dGYtOCIgRXhwZWN0ZWRIdHRwU3RhdHVzQ29kZT0iMCIgRXhwZWN0ZWRSZXNwb25zZVVybD0iIiBSZXBvcnRpbmdOYW1lPSIiIElnbm9yZUh0dHBTdGF0dXNDb2RlPSJGYWxzZSI+DQogICAgICA8SGVhZGVycz4NCiAgICAgICAgPEhlYWRlciBOYW1lPSJBY2NlcHQiIFZhbHVlPSJ0ZXh0L3BsYWluLCAqLyo7IHE9MC4wMSIgLz4NCiAgICAgICAgPEhlYWRlciBOYW1lPSJSZWZlcmVyIiBWYWx1ZT0iaHR0cDovL2xvY2FsaG9zdDo0NjIzL0FwcC9Nb2RpZnkvOSIgLz4NCiAgICAgIDwvSGVhZGVycz4NCiAgICAgIDxRdWVyeVN0cmluZ1BhcmFtZXRlcnM+DQogICAgICAgIDxRdWVyeVN0cmluZ1BhcmFtZXRlciBOYW1lPSJ0cmFuc3BvcnQiIFZhbHVlPSJsb25nUG9sbGluZyIgUmVjb3JkZWRWYWx1ZT0ibG9uZ1BvbGxpbmciIENvcnJlbGF0aW9uQmluZGluZz0iIiBVcmxFbmNvZGU9IkZhbHNlIiBVc2VUb0dyb3VwUmVzdWx0cz0iRmFsc2UiIC8+DQogICAgICAgIDxRdWVyeVN0cmluZ1BhcmFtZXRlciBOYW1lPSJjb25uZWN0aW9uVG9rZW4iIFZhbHVlPSJBUUFBQU5DTW5kOEJGZEVSakhvQXdFJTJGQ2wlMkJzQkFBQUF6OHNFMVBWb2FVbXRsN2RURnVZWDdBQUFBQUFDQUFBQUFBQVFaZ0FBQUFFQUFDQUFBQURnRTNCeDBLclUlMkZ6WW1UMUdBRUp0a1BBdFFJSUlOY3NLd2R1Z0VBWmxSM1FBQUFBQU9nQUFBQUFJQUFDQUFBQUJncWVnRHpFdXppb2lCYWRzeEtCOHQ3NkJ6RzN2dyUyRmZOVlpFRldPaGVwaFRBQUFBQ0NDZlNhdzR3bDRqS01sTnUlMkZIV0J3NlhaMGc2azdaVU1nTnE1VlRUSDlqNEc5TGh4JTJGeUpKT2Rvc2Z1dnJnaWVGQUFBQUEwTkdRaGRqS1ppJTJGcTBrZ3huekpoVEpKWFlDVzVHSE5ubjNQVUt1NXpDc2lzd2ZMUDVIWGM0SFZVRk1jT3glMkZIZ2JUSkVpZFQlMkZNcmpBc2xVbXp5OEdYQSUzRCUzRCIgUmVjb3JkZWRWYWx1ZT0iQVFBQUFOQ01uZDhCRmRFUmpIb0F3RSUyRkNsJTJCc0JBQUFBejhzRTFQVm9hVW10bDdkVEZ1WVg3QUFBQUFBQ0FBQUFBQUFRWmdBQUFBRUFBQ0FBQUFEZ0UzQngwS3JVJTJGelltVDFHQUVKdGtQQXRRSUlJTmNzS3dkdWdFQVpsUjNRQUFBQUFPZ0FBQUFBSUFBQ0FBQUFCZ3FlZ0R6RXV6aW9pQmFkc3hLQjh0NzZCekczdnclMkZmTlZaRUZXT2hlcGhUQUFBQUNDQ2ZTYXc0d2w0aktNbE51JTJGSFdCdzZYWjBnNms3WlVNZ05xNVZUVEg5ajRHOUxoeCUyRnlKSk9kb3NmdXZyZ2llRkFBQUFBME5HUWhkaktaaSUyRnEwa2d4bnpKaFRKSlhZQ1c1R0hObm4zUFVLdTV6Q3Npc3dmTFA1SFhjNEhWVUZNY094JTJGSGdiVEpFaWRUJTJGTXJqQXNsVW16eThHWEElM0QlM0QiIENvcnJlbGF0aW9uQmluZGluZz0iIiBVcmxFbmNvZGU9IkZhbHNlIiBVc2VUb0dyb3VwUmVzdWx0cz0iRmFsc2UiIC8+DQogICAgICAgIDxRdWVyeVN0cmluZ1BhcmFtZXRlciBOYW1lPSJyZXF1ZXN0VXJsIiBWYWx1ZT0iaHR0cCUzQSUyRiUyRmxvY2FsaG9zdCUzQTQ2MjMlMkZBcHAlMkZNb2RpZnklMkY5IiBSZWNvcmRlZFZhbHVlPSJodHRwJTNBJTJGJTJGbG9jYWxob3N0JTNBNDYyMyUyRkFwcCUyRk1vZGlmeSUyRjkiIENvcnJlbGF0aW9uQmluZGluZz0iIiBVcmxFbmNvZGU9IkZhbHNlIiBVc2VUb0dyb3VwUmVzdWx0cz0iRmFsc2UiIC8+DQogICAgICAgIDxRdWVyeVN0cmluZ1BhcmFtZXRlciBOYW1lPSJicm93c2VyTmFtZSIgVmFsdWU9IkludGVybmV0K0V4cGxvcmVyIiBSZWNvcmRlZFZhbHVlPSJJbnRlcm5ldCtFeHBsb3JlciIgQ29ycmVsYXRpb25CaW5kaW5nPSIiIFVybEVuY29kZT0iRmFsc2UiIFVzZVRvR3JvdXBSZXN1bHRzPSJGYWxzZSIgLz4NCiAgICAgIDwvUXVlcnlTdHJpbmdQYXJhbWV0ZXJzPg0KICAgICAgPEZvcm1Qb3N0SHR0cEJvZHk+DQogICAgICAgIDxGb3JtUG9zdFBhcmFtZXRlciBOYW1lPSJkYXRhIiBWYWx1ZT0ieyZxdW90O25hbWUmcXVvdDs6JnF1b3Q7TWljcm9zb2Z0LlZpc3VhbFN0dWRpby5XZWIuQnJvd3NlckxpbmsuQ29yZUV4dGVuc2lvbkZhY3RvcnkuY29ubmVjdGVkJnF1b3Q7LCZxdW90O2NhbGxiYWNrSWQmcXVvdDs6MX0iIFJlY29yZGVkVmFsdWU9InsmcXVvdDtuYW1lJnF1b3Q7OiZxdW90O01pY3Jvc29mdC5WaXN1YWxTdHVkaW8uV2ViLkJyb3dzZXJMaW5rLkNvcmVFeHRlbnNpb25GYWN0b3J5LmNvbm5lY3RlZCZxdW90OywmcXVvdDtjYWxsYmFja0lkJnF1b3Q7OjF9IiBDb3JyZWxhdGlvbkJpbmRpbmc9IiIgVXJsRW5jb2RlPSJUcnVlIiAvPg0KICAgICAgPC9Gb3JtUG9zdEh0dHBCb2R5Pg0KICAgIDwvUmVxdWVzdD4NCiAgICA8UmVxdWVzdCBNZXRob2Q9IlBPU1QiIEd1aWQ9ImQwMjI2YzQ4LWFkM2EtNGIyYS04YzNiLWY2ZTYwODVmNGVmNCIgVmVyc2lvbj0iMS4xIiBVcmw9Imh0dHA6Ly9sb2NhbGhvc3Q6MTc1NDkvYTQ2ODAwMDgzZTI5NDM5YTg1ZDIxNmRiYzkyMDNiOTQvYXJ0ZXJ5U2lnbmFsUi9wb2xsIiBUaGlua1RpbWU9IjAiIFRpbWVvdXQ9IjMwMCIgUGFyc2VEZXBlbmRlbnRSZXF1ZXN0cz0iVHJ1ZSIgRm9sbG93UmVkaXJlY3RzPSJUcnVlIiBSZWNvcmRSZXN1bHQ9IlRydWUiIENhY2hlPSJGYWxzZSIgUmVzcG9uc2VUaW1lR29hbD0iMCIgRW5jb2Rpbmc9InV0Zi04IiBFeHBlY3RlZEh0dHBTdGF0dXNDb2RlPSIwIiBFeHBlY3RlZFJlc3BvbnNlVXJsPSIiIFJlcG9ydGluZ05hbWU9IiIgSWdub3JlSHR0cFN0YXR1c0NvZGU9IkZhbHNlIj4NCiAgICAgIDxIZWFkZXJzPg0KICAgICAgICA8SGVhZGVyIE5hbWU9IkNvbnRlbnQtVHlwZSIgVmFsdWU9ImFwcGxpY2F0aW9uL3gtd3d3LWZvcm0tdXJsZW5jb2RlZDsgY2hhcnNldD1VVEYtOCIgLz4NCiAgICAgICAgPEhlYWRlciBOYW1lPSJBY2NlcHQiIFZhbHVlPSJ0ZXh0L3BsYWluLCAqLyo7IHE9MC4wMSIgLz4NCiAgICAgICAgPEhlYWRlciBOYW1lPSJSZWZlcmVyIiBWYWx1ZT0iaHR0cDovL2xvY2FsaG9zdDo0NjIzL0FwcC9Nb2RpZnkvOSIgLz4NCiAgICAgIDwvSGVhZGVycz4NCiAgICAgIDxRdWVyeVN0cmluZ1BhcmFtZXRlcnM+DQogICAgICAgIDxRdWVyeVN0cmluZ1BhcmFtZXRlciBOYW1lPSJ0cmFuc3BvcnQiIFZhbHVlPSJsb25nUG9sbGluZyIgUmVjb3JkZWRWYWx1ZT0ibG9uZ1BvbGxpbmciIENvcnJlbGF0aW9uQmluZGluZz0iIiBVcmxFbmNvZGU9IkZhbHNlIiBVc2VUb0dyb3VwUmVzdWx0cz0iRmFsc2UiIC8+DQogICAgICAgIDxRdWVyeVN0cmluZ1BhcmFtZXRlciBOYW1lPSJjb25uZWN0aW9uVG9rZW4iIFZhbHVlPSJBUUFBQU5DTW5kOEJGZEVSakhvQXdFJTJGQ2wlMkJzQkFBQUF6OHNFMVBWb2FVbXRsN2RURnVZWDdBQUFBQUFDQUFBQUFBQVFaZ0FBQUFFQUFDQUFBQURnRTNCeDBLclUlMkZ6WW1UMUdBRUp0a1BBdFFJSUlOY3NLd2R1Z0VBWmxSM1FBQUFBQU9nQUFBQUFJQUFDQUFBQUJncWVnRHpFdXppb2lCYWRzeEtCOHQ3NkJ6RzN2dyUyRmZOVlpFRldPaGVwaFRBQUFBQ0NDZlNhdzR3bDRqS01sTnUlMkZIV0J3NlhaMGc2azdaVU1nTnE1VlRUSDlqNEc5TGh4JTJGeUpKT2Rvc2Z1dnJnaWVGQUFBQUEwTkdRaGRqS1ppJTJGcTBrZ3huekpoVEpKWFlDVzVHSE5ubjNQVUt1NXpDc2lzd2ZMUDVIWGM0SFZVRk1jT3glMkZIZ2JUSkVpZFQlMkZNcmpBc2xVbXp5OEdYQSUzRCUzRCIgUmVjb3JkZWRWYWx1ZT0iQVFBQUFOQ01uZDhCRmRFUmpIb0F3RSUyRkNsJTJCc0JBQUFBejhzRTFQVm9hVW10bDdkVEZ1WVg3QUFBQUFBQ0FBQUFBQUFRWmdBQUFBRUFBQ0FBQUFEZ0UzQngwS3JVJTJGelltVDFHQUVKdGtQQXRRSUlJTmNzS3dkdWdFQVpsUjNRQUFBQUFPZ0FBQUFBSUFBQ0FBQUFCZ3FlZ0R6RXV6aW9pQmFkc3hLQjh0NzZCekczdnclMkZmTlZaRUZXT2hlcGhUQUFBQUNDQ2ZTYXc0d2w0aktNbE51JTJGSFdCdzZYWjBnNms3WlVNZ05xNVZUVEg5ajRHOUxoeCUyRnlKSk9kb3NmdXZyZ2llRkFBQUFBME5HUWhkaktaaSUyRnEwa2d4bnpKaFRKSlhZQ1c1R0hObm4zUFVLdTV6Q3Npc3dmTFA1SFhjNEhWVUZNY094JTJGSGdiVEpFaWRUJTJGTXJqQXNsVW16eThHWEElM0QlM0QiIENvcnJlbGF0aW9uQmluZGluZz0iIiBVcmxFbmNvZGU9IkZhbHNlIiBVc2VUb0dyb3VwUmVzdWx0cz0iRmFsc2UiIC8+DQogICAgICAgIDxRdWVyeVN0cmluZ1BhcmFtZXRlciBOYW1lPSJtZXNzYWdlSWQiIFZhbHVlPSJkLUFGQkJGQjFFLUIlMkMwJTdDayUyQzElN0NsJTJDMCIgUmVjb3JkZWRWYWx1ZT0iZC1BRkJCRkIxRS1CJTJDMCU3Q2slMkMxJTdDbCUyQzAiIENvcnJlbGF0aW9uQmluZGluZz0iIiBVcmxFbmNvZGU9IkZhbHNlIiBVc2VUb0dyb3VwUmVzdWx0cz0iRmFsc2UiIC8+DQogICAgICAgIDxRdWVyeVN0cmluZ1BhcmFtZXRlciBOYW1lPSJyZXF1ZXN0VXJsIiBWYWx1ZT0iaHR0cCUzQSUyRiUyRmxvY2FsaG9zdCUzQTQ2MjMlMkZBcHAlMkZNb2RpZnklMkY5IiBSZWNvcmRlZFZhbHVlPSJodHRwJTNBJTJGJTJGbG9jYWxob3N0JTNBNDYyMyUyRkFwcCUyRk1vZGlmeSUyRjkiIENvcnJlbGF0aW9uQmluZGluZz0iIiBVcmxFbmNvZGU9IkZhbHNlIiBVc2VUb0dyb3VwUmVzdWx0cz0iRmFsc2UiIC8+DQogICAgICAgIDxRdWVyeVN0cmluZ1BhcmFtZXRlciBOYW1lPSJicm93c2VyTmFtZSIgVmFsdWU9IkludGVybmV0K0V4cGxvcmVyIiBSZWNvcmRlZFZhbHVlPSJJbnRlcm5ldCtFeHBsb3JlciIgQ29ycmVsYXRpb25CaW5kaW5nPSIiIFVybEVuY29kZT0iRmFsc2UiIFVzZVRvR3JvdXBSZXN1bHRzPSJGYWxzZSIgLz4NCiAgICAgICAgPFF1ZXJ5U3RyaW5nUGFyYW1ldGVyIE5hbWU9InRpZCIgVmFsdWU9IjciIFJlY29yZGVkVmFsdWU9IjciIENvcnJlbGF0aW9uQmluZGluZz0iIiBVcmxFbmNvZGU9IkZhbHNlIiBVc2VUb0dyb3VwUmVzdWx0cz0iRmFsc2UiIC8+DQogICAgICAgIDxRdWVyeVN0cmluZ1BhcmFtZXRlciBOYW1lPSJfIiBWYWx1ZT0iMTM5NzYzMTAxMjA3NSIgUmVjb3JkZWRWYWx1ZT0iMTM5NzYzMTAxMjA3NSIgQ29ycmVsYXRpb25CaW5kaW5nPSIiIFVybEVuY29kZT0iRmFsc2UiIFVzZVRvR3JvdXBSZXN1bHRzPSJGYWxzZSIgLz4NCiAgICAgIDwvUXVlcnlTdHJpbmdQYXJhbWV0ZXJzPg0KICAgICAgPEZvcm1Qb3N0SHR0cEJvZHkgLz4NCiAgICA8L1JlcXVlc3Q+DQogICAgPFJlcXVlc3QgTWV0aG9kPSJQT1NUIiBHdWlkPSJlMjIzZjhjMC1hZTY1LTRlM2UtODBjOC00YjE3ODA2MWRiZDIiIFZlcnNpb249IjEuMSIgVXJsPSJodHRwOi8vbG9jYWxob3N0OjE3NTQ5L2E0NjgwMDA4M2UyOTQzOWE4NWQyMTZkYmM5MjAzYjk0L2FydGVyeVNpZ25hbFIvc2VuZCIgVGhpbmtUaW1lPSIwIiBUaW1lb3V0PSIzMDAiIFBhcnNlRGVwZW5kZW50UmVxdWVzdHM9IlRydWUiIEZvbGxvd1JlZGlyZWN0cz0iVHJ1ZSIgUmVjb3JkUmVzdWx0PSJUcnVlIiBDYWNoZT0iRmFsc2UiIFJlc3BvbnNlVGltZUdvYWw9IjAiIEVuY29kaW5nPSJ1dGYtOCIgRXhwZWN0ZWRIdHRwU3RhdHVzQ29kZT0iMCIgRXhwZWN0ZWRSZXNwb25zZVVybD0iIiBSZXBvcnRpbmdOYW1lPSIiIElnbm9yZUh0dHBTdGF0dXNDb2RlPSJGYWxzZSI+DQogICAgICA8SGVhZGVycz4NCiAgICAgICAgPEhlYWRlciBOYW1lPSJBY2NlcHQiIFZhbHVlPSJ0ZXh0L3BsYWluLCAqLyo7IHE9MC4wMSIgLz4NCiAgICAgICAgPEhlYWRlciBOYW1lPSJSZWZlcmVyIiBWYWx1ZT0iaHR0cDovL2xvY2FsaG9zdDo0NjIzL0FwcC9Nb2RpZnkvOSIgLz4NCiAgICAgIDwvSGVhZGVycz4NCiAgICAgIDxRdWVyeVN0cmluZ1BhcmFtZXRlcnM+DQogICAgICAgIDxRdWVyeVN0cmluZ1BhcmFtZXRlciBOYW1lPSJ0cmFuc3BvcnQiIFZhbHVlPSJsb25nUG9sbGluZyIgUmVjb3JkZWRWYWx1ZT0ibG9uZ1BvbGxpbmciIENvcnJlbGF0aW9uQmluZGluZz0iIiBVcmxFbmNvZGU9IkZhbHNlIiBVc2VUb0dyb3VwUmVzdWx0cz0iRmFsc2UiIC8+DQogICAgICAgIDxRdWVyeVN0cmluZ1BhcmFtZXRlciBOYW1lPSJjb25uZWN0aW9uVG9rZW4iIFZhbHVlPSJBUUFBQU5DTW5kOEJGZEVSakhvQXdFJTJGQ2wlMkJzQkFBQUF6OHNFMVBWb2FVbXRsN2RURnVZWDdBQUFBQUFDQUFBQUFBQVFaZ0FBQUFFQUFDQUFBQURnRTNCeDBLclUlMkZ6WW1UMUdBRUp0a1BBdFFJSUlOY3NLd2R1Z0VBWmxSM1FBQUFBQU9nQUFBQUFJQUFDQUFBQUJncWVnRHpFdXppb2lCYWRzeEtCOHQ3NkJ6RzN2dyUyRmZOVlpFRldPaGVwaFRBQUFBQ0NDZlNhdzR3bDRqS01sTnUlMkZIV0J3NlhaMGc2azdaVU1nTnE1VlRUSDlqNEc5TGh4JTJGeUpKT2Rvc2Z1dnJnaWVGQUFBQUEwTkdRaGRqS1ppJTJGcTBrZ3huekpoVEpKWFlDVzVHSE5ubjNQVUt1NXpDc2lzd2ZMUDVIWGM0SFZVRk1jT3glMkZIZ2JUSkVpZFQlMkZNcmpBc2xVbXp5OEdYQSUzRCUzRCIgUmVjb3JkZWRWYWx1ZT0iQVFBQUFOQ01uZDhCRmRFUmpIb0F3RSUyRkNsJTJCc0JBQUFBejhzRTFQVm9hVW10bDdkVEZ1WVg3QUFBQUFBQ0FBQUFBQUFRWmdBQUFBRUFBQ0FBQUFEZ0UzQngwS3JVJTJGelltVDFHQUVKdGtQQXRRSUlJTmNzS3dkdWdFQVpsUjNRQUFBQUFPZ0FBQUFBSUFBQ0FBQUFCZ3FlZ0R6RXV6aW9pQmFkc3hLQjh0NzZCekczdnclMkZmTlZaRUZXT2hlcGhUQUFBQUNDQ2ZTYXc0d2w0aktNbE51JTJGSFdCdzZYWjBnNms3WlVNZ05xNVZUVEg5ajRHOUxoeCUyRnlKSk9kb3NmdXZyZ2llRkFBQUFBME5HUWhkaktaaSUyRnEwa2d4bnpKaFRKSlhZQ1c1R0hObm4zUFVLdTV6Q3Npc3dmTFA1SFhjNEhWVUZNY094JTJGSGdiVEpFaWRUJTJGTXJqQXNsVW16eThHWEElM0QlM0QiIENvcnJlbGF0aW9uQmluZGluZz0iIiBVcmxFbmNvZGU9IkZhbHNlIiBVc2VUb0dyb3VwUmVzdWx0cz0iRmFsc2UiIC8+DQogICAgICAgIDxRdWVyeVN0cmluZ1BhcmFtZXRlciBOYW1lPSJyZXF1ZXN0VXJsIiBWYWx1ZT0iaHR0cCUzQSUyRiUyRmxvY2FsaG9zdCUzQTQ2MjMlMkZBcHAlMkZNb2RpZnklMkY5IiBSZWNvcmRlZFZhbHVlPSJodHRwJTNBJTJGJTJGbG9jYWxob3N0JTNBNDYyMyUyRkFwcCUyRk1vZGlmeSUyRjkiIENvcnJlbGF0aW9uQmluZGluZz0iIiBVcmxFbmNvZGU9IkZhbHNlIiBVc2VUb0dyb3VwUmVzdWx0cz0iRmFsc2UiIC8+DQogICAgICAgIDxRdWVyeVN0cmluZ1BhcmFtZXRlciBOYW1lPSJicm93c2VyTmFtZSIgVmFsdWU9IkludGVybmV0K0V4cGxvcmVyIiBSZWNvcmRlZFZhbHVlPSJJbnRlcm5ldCtFeHBsb3JlciIgQ29ycmVsYXRpb25CaW5kaW5nPSIiIFVybEVuY29kZT0iRmFsc2UiIFVzZVRvR3JvdXBSZXN1bHRzPSJGYWxzZSIgLz4NCiAgICAgIDwvUXVlcnlTdHJpbmdQYXJhbWV0ZXJzPg0KICAgICAgPEZvcm1Qb3N0SHR0cEJvZHk+DQogICAgICAgIDxGb3JtUG9zdFBhcmFtZXRlciBOYW1lPSJkYXRhIiBWYWx1ZT0ieyZxdW90O25hbWUmcXVvdDs6JnF1b3Q7bWljcm9zb2Z0LnZpc3VhbHN0dWRpby53ZWIuYnJvd3NlcmxpbmsuaHRtbG1hcHBpbmdleHRlbnNpb25mYWN0b3J5LnJlc29sdmVVcmwmcXVvdDssJnF1b3Q7YXJncyZxdW90OzpbJnF1b3Q7fi9fX2Jyb3dzZXJMaW5rL3JlcXVlc3REYXRhL2I2ZGM5NTAyOTJjZjQwNmRiY2U5NGM2NTVjYWJiZDA0JnF1b3Q7XSwmcXVvdDtjYWxsYmFja0lkJnF1b3Q7OjJ9IiBSZWNvcmRlZFZhbHVlPSJ7JnF1b3Q7bmFtZSZxdW90OzomcXVvdDttaWNyb3NvZnQudmlzdWFsc3R1ZGlvLndlYi5icm93c2VybGluay5odG1sbWFwcGluZ2V4dGVuc2lvbmZhY3RvcnkucmVzb2x2ZVVybCZxdW90OywmcXVvdDthcmdzJnF1b3Q7OlsmcXVvdDt+L19fYnJvd3NlckxpbmsvcmVxdWVzdERhdGEvYjZkYzk1MDI5MmNmNDA2ZGJjZTk0YzY1NWNhYmJkMDQmcXVvdDtdLCZxdW90O2NhbGxiYWNrSWQmcXVvdDs6Mn0iIENvcnJlbGF0aW9uQmluZGluZz0iIiBVcmxFbmNvZGU9IlRydWUiIC8+DQogICAgICA8L0Zvcm1Qb3N0SHR0cEJvZHk+DQogICAgPC9SZXF1ZXN0Pg0KICAgIDxSZXF1ZXN0IE1ldGhvZD0iUE9TVCIgR3VpZD0iMjk3NWIxN2QtMDcxOS00ZDE3LTg2NWMtNWRhYzZiNTZkYWVlIiBWZXJzaW9uPSIxLjEiIFVybD0iaHR0cDovL2xvY2FsaG9zdDoxNzU0OS9hNDY4MDAwODNlMjk0MzlhODVkMjE2ZGJjOTIwM2I5NC9hcnRlcnlTaWduYWxSL3BvbGwiIFRoaW5rVGltZT0iMCIgVGltZW91dD0iMzAwIiBQYXJzZURlcGVuZGVudFJlcXVlc3RzPSJUcnVlIiBGb2xsb3dSZWRpcmVjdHM9IlRydWUiIFJlY29yZFJlc3VsdD0iVHJ1ZSIgQ2FjaGU9IkZhbHNlIiBSZXNwb25zZVRpbWVHb2FsPSIwIiBFbmNvZGluZz0idXRmLTgiIEV4cGVjdGVkSHR0cFN0YXR1c0NvZGU9IjAiIEV4cGVjdGVkUmVzcG9uc2VVcmw9IiIgUmVwb3J0aW5nTmFtZT0iIiBJZ25vcmVIdHRwU3RhdHVzQ29kZT0iRmFsc2UiPg0KICAgICAgPEhlYWRlcnM+DQogICAgICAgIDxIZWFkZXIgTmFtZT0iQ29udGVudC1UeXBlIiBWYWx1ZT0iYXBwbGljYXRpb24veC13d3ctZm9ybS11cmxlbmNvZGVkOyBjaGFyc2V0PVVURi04IiAvPg0KICAgICAgICA8SGVhZGVyIE5hbWU9IkFjY2VwdCIgVmFsdWU9InRleHQvcGxhaW4sICovKjsgcT0wLjAxIiAvPg0KICAgICAgICA8SGVhZGVyIE5hbWU9IlJlZmVyZXIiIFZhbHVlPSJodHRwOi8vbG9jYWxob3N0OjQ2MjMvQXBwL01vZGlmeS85IiAvPg0KICAgICAgPC9IZWFkZXJzPg0KICAgICAgPFF1ZXJ5U3RyaW5nUGFyYW1ldGVycz4NCiAgICAgICAgPFF1ZXJ5U3RyaW5nUGFyYW1ldGVyIE5hbWU9InRyYW5zcG9ydCIgVmFsdWU9ImxvbmdQb2xsaW5nIiBSZWNvcmRlZFZhbHVlPSJsb25nUG9sbGluZyIgQ29ycmVsYXRpb25CaW5kaW5nPSIiIFVybEVuY29kZT0iRmFsc2UiIFVzZVRvR3JvdXBSZXN1bHRzPSJGYWxzZSIgLz4NCiAgICAgICAgPFF1ZXJ5U3RyaW5nUGFyYW1ldGVyIE5hbWU9ImNvbm5lY3Rpb25Ub2tlbiIgVmFsdWU9IkFRQUFBTkNNbmQ4QkZkRVJqSG9Bd0UlMkZDbCUyQnNCQUFBQXo4c0UxUFZvYVVtdGw3ZFRGdVlYN0FBQUFBQUNBQUFBQUFBUVpnQUFBQUVBQUNBQUFBRGdFM0J4MEtyVSUyRnpZbVQxR0FFSnRrUEF0UUlJSU5jc0t3ZHVnRUFabFIzUUFBQUFBT2dBQUFBQUlBQUNBQUFBQmdxZWdEekV1emlvaUJhZHN4S0I4dDc2QnpHM3Z3JTJGZk5WWkVGV09oZXBoVEFBQUFDQ0NmU2F3NHdsNGpLTWxOdSUyRkhXQnc2WFowZzZrN1pVTWdOcTVWVFRIOWo0RzlMaHglMkZ5SkpPZG9zZnV2cmdpZUZBQUFBQTBOR1FoZGpLWmklMkZxMGtneG56SmhUSkpYWUNXNUdITm5uM1BVS3U1ekNzaXN3ZkxQNUhYYzRIVlVGTWNPeCUyRkhnYlRKRWlkVCUyRk1yakFzbFVtenk4R1hBJTNEJTNEIiBSZWNvcmRlZFZhbHVlPSJBUUFBQU5DTW5kOEJGZEVSakhvQXdFJTJGQ2wlMkJzQkFBQUF6OHNFMVBWb2FVbXRsN2RURnVZWDdBQUFBQUFDQUFBQUFBQVFaZ0FBQUFFQUFDQUFBQURnRTNCeDBLclUlMkZ6WW1UMUdBRUp0a1BBdFFJSUlOY3NLd2R1Z0VBWmxSM1FBQUFBQU9nQUFBQUFJQUFDQUFBQUJncWVnRHpFdXppb2lCYWRzeEtCOHQ3NkJ6RzN2dyUyRmZOVlpFRldPaGVwaFRBQUFBQ0NDZlNhdzR3bDRqS01sTnUlMkZIV0J3NlhaMGc2azdaVU1nTnE1VlRUSDlqNEc5TGh4JTJGeUpKT2Rvc2Z1dnJnaWVGQUFBQUEwTkdRaGRqS1ppJTJGcTBrZ3huekpoVEpKWFlDVzVHSE5ubjNQVUt1NXpDc2lzd2ZMUDVIWGM0SFZVRk1jT3glMkZIZ2JUSkVpZFQlMkZNcmpBc2xVbXp5OEdYQSUzRCUzRCIgQ29ycmVsYXRpb25CaW5kaW5nPSIiIFVybEVuY29kZT0iRmFsc2UiIFVzZVRvR3JvdXBSZXN1bHRzPSJGYWxzZSIgLz4NCiAgICAgICAgPFF1ZXJ5U3RyaW5nUGFyYW1ldGVyIE5hbWU9Im1lc3NhZ2VJZCIgVmFsdWU9ImQtQUZCQkZCMUUtQiUyQzAlN0NrJTJDMiU3Q2wlMkMwIiBSZWNvcmRlZFZhbHVlPSJkLUFGQkJGQjFFLUIlMkMwJTdDayUyQzIlN0NsJTJDMCIgQ29ycmVsYXRpb25CaW5kaW5nPSIiIFVybEVuY29kZT0iRmFsc2UiIFVzZVRvR3JvdXBSZXN1bHRzPSJGYWxzZSIgLz4NCiAgICAgICAgPFF1ZXJ5U3RyaW5nUGFyYW1ldGVyIE5hbWU9InJlcXVlc3RVcmwiIFZhbHVlPSJodHRwJTNBJTJGJTJGbG9jYWxob3N0JTNBNDYyMyUyRkFwcCUyRk1vZGlmeSUyRjkiIFJlY29yZGVkVmFsdWU9Imh0dHAlM0ElMkYlMkZsb2NhbGhvc3QlM0E0NjIzJTJGQXBwJTJGTW9kaWZ5JTJGOSIgQ29ycmVsYXRpb25CaW5kaW5nPSIiIFVybEVuY29kZT0iRmFsc2UiIFVzZVRvR3JvdXBSZXN1bHRzPSJGYWxzZSIgLz4NCiAgICAgICAgPFF1ZXJ5U3RyaW5nUGFyYW1ldGVyIE5hbWU9ImJyb3dzZXJOYW1lIiBWYWx1ZT0iSW50ZXJuZXQrRXhwbG9yZXIiIFJlY29yZGVkVmFsdWU9IkludGVybmV0K0V4cGxvcmVyIiBDb3JyZWxhdGlvbkJpbmRpbmc9IiIgVXJsRW5jb2RlPSJGYWxzZSIgVXNlVG9Hcm91cFJlc3VsdHM9IkZhbHNlIiAvPg0KICAgICAgICA8UXVlcnlTdHJpbmdQYXJhbWV0ZXIgTmFtZT0idGlkIiBWYWx1ZT0iNSIgUmVjb3JkZWRWYWx1ZT0iNSIgQ29ycmVsYXRpb25CaW5kaW5nPSIiIFVybEVuY29kZT0iRmFsc2UiIFVzZVRvR3JvdXBSZXN1bHRzPSJGYWxzZSIgLz4NCiAgICAgICAgPFF1ZXJ5U3RyaW5nUGFyYW1ldGVyIE5hbWU9Il8iIFZhbHVlPSIxMzk3NjMxMDEyMjM2IiBSZWNvcmRlZFZhbHVlPSIxMzk3NjMxMDEyMjM2IiBDb3JyZWxhdGlvbkJpbmRpbmc9IiIgVXJsRW5jb2RlPSJGYWxzZSIgVXNlVG9Hcm91cFJlc3VsdHM9IkZhbHNlIiAvPg0KICAgICAgPC9RdWVyeVN0cmluZ1BhcmFtZXRlcnM+DQogICAgICA8Rm9ybVBvc3RIdHRwQm9keSAvPg0KICAgIDwvUmVxdWVzdD4NCiAgICA8UmVxdWVzdCBNZXRob2Q9IkdFVCIgR3VpZD0iNGUyZjZhY2YtOTIzZi00NzIwLThjYjYtODdjNWE2ZTllMTdjIiBWZXJzaW9uPSIxLjEiIFVybD0iaHR0cDovL2xvY2FsaG9zdDo0NjIzL19fYnJvd3NlckxpbmsvcmVxdWVzdERhdGEvYjZkYzk1MDI5MmNmNDA2ZGJjZTk0YzY1NWNhYmJkMDQiIFRoaW5rVGltZT0iMCIgVGltZW91dD0iMzAwIiBQYXJzZURlcGVuZGVudFJlcXVlc3RzPSJUcnVlIiBGb2xsb3dSZWRpcmVjdHM9IlRydWUiIFJlY29yZFJlc3VsdD0iVHJ1ZSIgQ2FjaGU9IkZhbHNlIiBSZXNwb25zZVRpbWVHb2FsPSIwIiBFbmNvZGluZz0idXRmLTgiIEV4cGVjdGVkSHR0cFN0YXR1c0NvZGU9IjAiIEV4cGVjdGVkUmVzcG9uc2VVcmw9IiIgUmVwb3J0aW5nTmFtZT0iIiBJZ25vcmVIdHRwU3RhdHVzQ29kZT0iRmFsc2UiPg0KICAgICAgPEhlYWRlcnM+DQogICAgICAgIDxIZWFkZXIgTmFtZT0iQWNjZXB0IiBWYWx1ZT0iYXBwbGljYXRpb24vanNvbiwgdGV4dC9qYXZhc2NyaXB0LCAqLyo7IHE9MC4wMSIgLz4NCiAgICAgICAgPEhlYWRlciBOYW1lPSJYLVJlcXVlc3RlZC1XaXRoIiBWYWx1ZT0iWE1MSHR0cFJlcXVlc3QiIC8+DQogICAgICAgIDxIZWFkZXIgTmFtZT0iUmVmZXJlciIgVmFsdWU9Imh0dHA6Ly9sb2NhbGhvc3Q6NDYyMy9BcHAvTW9kaWZ5LzkiIC8+DQogICAgICA8L0hlYWRlcnM+DQogICAgPC9SZXF1ZXN0Pg0KICAgIDxSZXF1ZXN0IE1ldGhvZD0iUE9TVCIgR3VpZD0iNTg4MzdjNTAtOGQ0NC00NTgyLTk5NDktOGZjN2YzMjY4YzE0IiBWZXJzaW9uPSIxLjEiIFVybD0iaHR0cDovL2xvY2FsaG9zdDoxNzU0OS9hNDY4MDAwODNlMjk0MzlhODVkMjE2ZGJjOTIwM2I5NC9hcnRlcnlTaWduYWxSL3BvbGwiIFRoaW5rVGltZT0iMCIgVGltZW91dD0iMzAwIiBQYXJzZURlcGVuZGVudFJlcXVlc3RzPSJUcnVlIiBGb2xsb3dSZWRpcmVjdHM9IlRydWUiIFJlY29yZFJlc3VsdD0iVHJ1ZSIgQ2FjaGU9IkZhbHNlIiBSZXNwb25zZVRpbWVHb2FsPSIwIiBFbmNvZGluZz0idXRmLTgiIEV4cGVjdGVkSHR0cFN0YXR1c0NvZGU9IjAiIEV4cGVjdGVkUmVzcG9uc2VVcmw9IiIgUmVwb3J0aW5nTmFtZT0iIiBJZ25vcmVIdHRwU3RhdHVzQ29kZT0iRmFsc2UiPg0KICAgICAgPEhlYWRlcnM+DQogICAgICAgIDxIZWFkZXIgTmFtZT0iQ29udGVudC1UeXBlIiBWYWx1ZT0iYXBwbGljYXRpb24veC13d3ctZm9ybS11cmxlbmNvZGVkOyBjaGFyc2V0PVVURi04IiAvPg0KICAgICAgICA8SGVhZGVyIE5hbWU9IkFjY2VwdCIgVmFsdWU9InRleHQvcGxhaW4sICovKjsgcT0wLjAxIiAvPg0KICAgICAgICA8SGVhZGVyIE5hbWU9IlJlZmVyZXIiIFZhbHVlPSJodHRwOi8vbG9jYWxob3N0OjQ2MjMvQXBwL01vZGlmeS85IiAvPg0KICAgICAgPC9IZWFkZXJzPg0KICAgICAgPFF1ZXJ5U3RyaW5nUGFyYW1ldGVycz4NCiAgICAgICAgPFF1ZXJ5U3RyaW5nUGFyYW1ldGVyIE5hbWU9InRyYW5zcG9ydCIgVmFsdWU9ImxvbmdQb2xsaW5nIiBSZWNvcmRlZFZhbHVlPSJsb25nUG9sbGluZyIgQ29ycmVsYXRpb25CaW5kaW5nPSIiIFVybEVuY29kZT0iRmFsc2UiIFVzZVRvR3JvdXBSZXN1bHRzPSJGYWxzZSIgLz4NCiAgICAgICAgPFF1ZXJ5U3RyaW5nUGFyYW1ldGVyIE5hbWU9ImNvbm5lY3Rpb25Ub2tlbiIgVmFsdWU9IkFRQUFBTkNNbmQ4QkZkRVJqSG9Bd0UlMkZDbCUyQnNCQUFBQXo4c0UxUFZvYVVtdGw3ZFRGdVlYN0FBQUFBQUNBQUFBQUFBUVpnQUFBQUVBQUNBQUFBRGdFM0J4MEtyVSUyRnpZbVQxR0FFSnRrUEF0UUlJSU5jc0t3ZHVnRUFabFIzUUFBQUFBT2dBQUFBQUlBQUNBQUFBQmdxZWdEekV1emlvaUJhZHN4S0I4dDc2QnpHM3Z3JTJGZk5WWkVGV09oZXBoVEFBQUFDQ0NmU2F3NHdsNGpLTWxOdSUyRkhXQnc2WFowZzZrN1pVTWdOcTVWVFRIOWo0RzlMaHglMkZ5SkpPZG9zZnV2cmdpZUZBQUFBQTBOR1FoZGpLWmklMkZxMGtneG56SmhUSkpYWUNXNUdITm5uM1BVS3U1ekNzaXN3ZkxQNUhYYzRIVlVGTWNPeCUyRkhnYlRKRWlkVCUyRk1yakFzbFVtenk4R1hBJTNEJTNEIiBSZWNvcmRlZFZhbHVlPSJBUUFBQU5DTW5kOEJGZEVSakhvQXdFJTJGQ2wlMkJzQkFBQUF6OHNFMVBWb2FVbXRsN2RURnVZWDdBQUFBQUFDQUFBQUFBQVFaZ0FBQUFFQUFDQUFBQURnRTNCeDBLclUlMkZ6WW1UMUdBRUp0a1BBdFFJSUlOY3NLd2R1Z0VBWmxSM1FBQUFBQU9nQUFBQUFJQUFDQUFBQUJncWVnRHpFdXppb2lCYWRzeEtCOHQ3NkJ6RzN2dyUyRmZOVlpFRldPaGVwaFRBQUFBQ0NDZlNhdzR3bDRqS01sTnUlMkZIV0J3NlhaMGc2azdaVU1nTnE1VlRUSDlqNEc5TGh4JTJGeUpKT2Rvc2Z1dnJnaWVGQUFBQUEwTkdRaGRqS1ppJTJGcTBrZ3huekpoVEpKWFlDVzVHSE5ubjNQVUt1NXpDc2lzd2ZMUDVIWGM0SFZVRk1jT3glMkZIZ2JUSkVpZFQlMkZNcmpBc2xVbXp5OEdYQSUzRCUzRCIgQ29ycmVsYXRpb25CaW5kaW5nPSIiIFVybEVuY29kZT0iRmFsc2UiIFVzZVRvR3JvdXBSZXN1bHRzPSJGYWxzZSIgLz4NCiAgICAgICAgPFF1ZXJ5U3RyaW5nUGFyYW1ldGVyIE5hbWU9Im1lc3NhZ2VJZCIgVmFsdWU9ImQtQUZCQkZCMUUtQiUyQzAlN0NrJTJDMyU3Q2wlMkMwIiBSZWNvcmRlZFZhbHVlPSJkLUFGQkJGQjFFLUIlMkMwJTdDayUyQzMlN0NsJTJDMCIgQ29ycmVsYXRpb25CaW5kaW5nPSIiIFVybEVuY29kZT0iRmFsc2UiIFVzZVRvR3JvdXBSZXN1bHRzPSJGYWxzZSIgLz4NCiAgICAgICAgPFF1ZXJ5U3RyaW5nUGFyYW1ldGVyIE5hbWU9InJlcXVlc3RVcmwiIFZhbHVlPSJodHRwJTNBJTJGJTJGbG9jYWxob3N0JTNBNDYyMyUyRkFwcCUyRk1vZGlmeSUyRjkiIFJlY29yZGVkVmFsdWU9Imh0dHAlM0ElMkYlMkZsb2NhbGhvc3QlM0E0NjIzJTJGQXBwJTJGTW9kaWZ5JTJGOSIgQ29ycmVsYXRpb25CaW5kaW5nPSIiIFVybEVuY29kZT0iRmFsc2UiIFVzZVRvR3JvdXBSZXN1bHRzPSJGYWxzZSIgLz4NCiAgICAgICAgPFF1ZXJ5U3RyaW5nUGFyYW1ldGVyIE5hbWU9ImJyb3dzZXJOYW1lIiBWYWx1ZT0iSW50ZXJuZXQrRXhwbG9yZXIiIFJlY29yZGVkVmFsdWU9IkludGVybmV0K0V4cGxvcmVyIiBDb3JyZWxhdGlvbkJpbmRpbmc9IiIgVXJsRW5jb2RlPSJGYWxzZSIgVXNlVG9Hcm91cFJlc3VsdHM9IkZhbHNlIiAvPg0KICAgICAgICA8UXVlcnlTdHJpbmdQYXJhbWV0ZXIgTmFtZT0idGlkIiBWYWx1ZT0iOCIgUmVjb3JkZWRWYWx1ZT0iOCIgQ29ycmVsYXRpb25CaW5kaW5nPSIiIFVybEVuY29kZT0iRmFsc2UiIFVzZVRvR3JvdXBSZXN1bHRzPSJGYWxzZSIgLz4NCiAgICAgICAgPFF1ZXJ5U3RyaW5nUGFyYW1ldGVyIE5hbWU9Il8iIFZhbHVlPSIxMzk3NjMxMDEyNTg5IiBSZWNvcmRlZFZhbHVlPSIxMzk3NjMxMDEyNTg5IiBDb3JyZWxhdGlvbkJpbmRpbmc9IiIgVXJsRW5jb2RlPSJGYWxzZSIgVXNlVG9Hcm91cFJlc3VsdHM9IkZhbHNlIiAvPg0KICAgICAgPC9RdWVyeVN0cmluZ1BhcmFtZXRlcnM+DQogICAgICA8Rm9ybVBvc3RIdHRwQm9keSAvPg0KICAgIDwvUmVxdWVzdD4NCiAgICA8UmVxdWVzdCBNZXRob2Q9IlBPU1QiIEd1aWQ9IjRiMWViZWJhLTdkYTctNDU3Ni1iMDNmLWNjNDdhYjE3MDZhZSIgVmVyc2lvbj0iMS4xIiBVcmw9Imh0dHA6Ly9sb2NhbGhvc3Q6MTc1NDkvYTQ2ODAwMDgzZTI5NDM5YTg1ZDIxNmRiYzkyMDNiOTQvYXJ0ZXJ5U2lnbmFsUi9zZW5kIiBUaGlua1RpbWU9IjEiIFRpbWVvdXQ9IjMwMCIgUGFyc2VEZXBlbmRlbnRSZXF1ZXN0cz0iVHJ1ZSIgRm9sbG93UmVkaXJlY3RzPSJUcnVlIiBSZWNvcmRSZXN1bHQ9IlRydWUiIENhY2hlPSJGYWxzZSIgUmVzcG9uc2VUaW1lR29hbD0iMCIgRW5jb2Rpbmc9InV0Zi04IiBFeHBlY3RlZEh0dHBTdGF0dXNDb2RlPSIwIiBFeHBlY3RlZFJlc3BvbnNlVXJsPSIiIFJlcG9ydGluZ05hbWU9IiIgSWdub3JlSHR0cFN0YXR1c0NvZGU9IkZhbHNlIj4NCiAgICAgIDxIZWFkZXJzPg0KICAgICAgICA8SGVhZGVyIE5hbWU9IkFjY2VwdCIgVmFsdWU9InRleHQvcGxhaW4sICovKjsgcT0wLjAxIiAvPg0KICAgICAgICA8SGVhZGVyIE5hbWU9IlJlZmVyZXIiIFZhbHVlPSJodHRwOi8vbG9jYWxob3N0OjQ2MjMvQXBwL01vZGlmeS85IiAvPg0KICAgICAgPC9IZWFkZXJzPg0KICAgICAgPFF1ZXJ5U3RyaW5nUGFyYW1ldGVycz4NCiAgICAgICAgPFF1ZXJ5U3RyaW5nUGFyYW1ldGVyIE5hbWU9InRyYW5zcG9ydCIgVmFsdWU9ImxvbmdQb2xsaW5nIiBSZWNvcmRlZFZhbHVlPSJsb25nUG9sbGluZyIgQ29ycmVsYXRpb25CaW5kaW5nPSIiIFVybEVuY29kZT0iRmFsc2UiIFVzZVRvR3JvdXBSZXN1bHRzPSJGYWxzZSIgLz4NCiAgICAgICAgPFF1ZXJ5U3RyaW5nUGFyYW1ldGVyIE5hbWU9ImNvbm5lY3Rpb25Ub2tlbiIgVmFsdWU9IkFRQUFBTkNNbmQ4QkZkRVJqSG9Bd0UlMkZDbCUyQnNCQUFBQXo4c0UxUFZvYVVtdGw3ZFRGdVlYN0FBQUFBQUNBQUFBQUFBUVpnQUFBQUVBQUNBQUFBRGdFM0J4MEtyVSUyRnpZbVQxR0FFSnRrUEF0UUlJSU5jc0t3ZHVnRUFabFIzUUFBQUFBT2dBQUFBQUlBQUNBQUFBQmdxZWdEekV1emlvaUJhZHN4S0I4dDc2QnpHM3Z3JTJGZk5WWkVGV09oZXBoVEFBQUFDQ0NmU2F3NHdsNGpLTWxOdSUyRkhXQnc2WFowZzZrN1pVTWdOcTVWVFRIOWo0RzlMaHglMkZ5SkpPZG9zZnV2cmdpZUZBQUFBQTBOR1FoZGpLWmklMkZxMGtneG56SmhUSkpYWUNXNUdITm5uM1BVS3U1ekNzaXN3ZkxQNUhYYzRIVlVGTWNPeCUyRkhnYlRKRWlkVCUyRk1yakFzbFVtenk4R1hBJTNEJTNEIiBSZWNvcmRlZFZhbHVlPSJBUUFBQU5DTW5kOEJGZEVSakhvQXdFJTJGQ2wlMkJzQkFBQUF6OHNFMVBWb2FVbXRsN2RURnVZWDdBQUFBQUFDQUFBQUFBQVFaZ0FBQUFFQUFDQUFBQURnRTNCeDBLclUlMkZ6WW1UMUdBRUp0a1BBdFFJSUlOY3NLd2R1Z0VBWmxSM1FBQUFBQU9nQUFBQUFJQUFDQUFBQUJncWVnRHpFdXppb2lCYWRzeEtCOHQ3NkJ6RzN2dyUyRmZOVlpFRldPaGVwaFRBQUFBQ0NDZlNhdzR3bDRqS01sTnUlMkZIV0J3NlhaMGc2azdaVU1nTnE1VlRUSDlqNEc5TGh4JTJGeUpKT2Rvc2Z1dnJnaWVGQUFBQUEwTkdRaGRqS1ppJTJGcTBrZ3huekpoVEpKWFlDVzVHSE5ubjNQVUt1NXpDc2lzd2ZMUDVIWGM0SFZVRk1jT3glMkZIZ2JUSkVpZFQlMkZNcmpBc2xVbXp5OEdYQSUzRCUzRCIgQ29ycmVsYXRpb25CaW5kaW5nPSIiIFVybEVuY29kZT0iRmFsc2UiIFVzZVRvR3JvdXBSZXN1bHRzPSJGYWxzZSIgLz4NCiAgICAgICAgPFF1ZXJ5U3RyaW5nUGFyYW1ldGVyIE5hbWU9InJlcXVlc3RVcmwiIFZhbHVlPSJodHRwJTNBJTJGJTJGbG9jYWxob3N0JTNBNDYyMyUyRkFwcCUyRk1vZGlmeSUyRjkiIFJlY29yZGVkVmFsdWU9Imh0dHAlM0ElMkYlMkZsb2NhbGhvc3QlM0E0NjIzJTJGQXBwJTJGTW9kaWZ5JTJGOSIgQ29ycmVsYXRpb25CaW5kaW5nPSIiIFVybEVuY29kZT0iRmFsc2UiIFVzZVRvR3JvdXBSZXN1bHRzPSJGYWxzZSIgLz4NCiAgICAgICAgPFF1ZXJ5U3RyaW5nUGFyYW1ldGVyIE5hbWU9ImJyb3dzZXJOYW1lIiBWYWx1ZT0iSW50ZXJuZXQrRXhwbG9yZXIiIFJlY29yZGVkVmFsdWU9IkludGVybmV0K0V4cGxvcmVyIiBDb3JyZWxhdGlvbkJpbmRpbmc9IiIgVXJsRW5jb2RlPSJGYWxzZSIgVXNlVG9Hcm91cFJlc3VsdHM9IkZhbHNlIiAvPg0KICAgICAgPC9RdWVyeVN0cmluZ1BhcmFtZXRlcnM+DQogICAgICA8Rm9ybVBvc3RIdHRwQm9keT4NCiAgICAgICAgPEZvcm1Qb3N0UGFyYW1ldGVyIE5hbWU9ImRhdGEiIFZhbHVlPSJ7JnF1b3Q7bmFtZSZxdW90OzomcXVvdDttaWNyb3NvZnQudmlzdWFsc3R1ZGlvLndlYi5icm93c2VybGluay5odG1sbWFwcGluZ2V4dGVuc2lvbmZhY3RvcnkucmVzb2x2ZVNvdXJjZUZpbGVQYXRocyZxdW90OywmcXVvdDthcmdzJnF1b3Q7OltbJnF1b3Q7fi9WaWV3cy9BcHAvTW9kaWZ5LmNzaHRtbCZxdW90O11dLCZxdW90O2NhbGxiYWNrSWQmcXVvdDs6M30iIFJlY29yZGVkVmFsdWU9InsmcXVvdDtuYW1lJnF1b3Q7OiZxdW90O21pY3Jvc29mdC52aXN1YWxzdHVkaW8ud2ViLmJyb3dzZXJsaW5rLmh0bWxtYXBwaW5nZXh0ZW5zaW9uZmFjdG9yeS5yZXNvbHZlU291cmNlRmlsZVBhdGhzJnF1b3Q7LCZxdW90O2FyZ3MmcXVvdDs6W1smcXVvdDt+L1ZpZXdzL0FwcC9Nb2RpZnkuY3NodG1sJnF1b3Q7XV0sJnF1b3Q7Y2FsbGJhY2tJZCZxdW90OzozfSIgQ29ycmVsYXRpb25CaW5kaW5nPSIiIFVybEVuY29kZT0iVHJ1ZSIgLz4NCiAgICAgIDwvRm9ybVBvc3RIdHRwQm9keT4NCiAgICA8L1JlcXVlc3Q+DQogICAgPFJlcXVlc3QgTWV0aG9kPSJHRVQiIEd1aWQ9ImMxOTc4YWM4LWUxOTUtNDU2Mi04NmQ5LTMzYzA5NjUxZDJkOCIgVmVyc2lvbj0iMS4xIiBVcmw9Imh0dHA6Ly9sb2NhbGhvc3Q6NDYyMy9BcHAvRGV0YWlsLzkiIFRoaW5rVGltZT0iMCIgVGltZW91dD0iMzAwIiBQYXJzZURlcGVuZGVudFJlcXVlc3RzPSJUcnVlIiBGb2xsb3dSZWRpcmVjdHM9IlRydWUiIFJlY29yZFJlc3VsdD0iVHJ1ZSIgQ2FjaGU9IkZhbHNlIiBSZXNwb25zZVRpbWVHb2FsPSIwIiBFbmNvZGluZz0idXRmLTgiIEV4cGVjdGVkSHR0cFN0YXR1c0NvZGU9IjAiIEV4cGVjdGVkUmVzcG9uc2VVcmw9IiIgUmVwb3J0aW5nTmFtZT0iIiBJZ25vcmVIdHRwU3RhdHVzQ29kZT0iRmFsc2UiPg0KICAgICAgPEhlYWRlcnM+DQogICAgICAgIDxIZWFkZXIgTmFtZT0iUmVmZXJlciIgVmFsdWU9Imh0dHA6Ly9sb2NhbGhvc3Q6NDYyMy9BcHAvTW9kaWZ5LzkiIC8+DQogICAgICA8L0hlYWRlcnM+DQogICAgPC9SZXF1ZXN0Pg0KICAgIDxSZXF1ZXN0IE1ldGhvZD0iUE9TVCIgR3VpZD0iMWRiYzljOGEtMTk0OC00ODdjLTgzMjctYzgzZDQ3MDMzM2Y2IiBWZXJzaW9uPSIxLjEiIFVybD0iaHR0cDovL2xvY2FsaG9zdDoxNzU0OS9hNDY4MDAwODNlMjk0MzlhODVkMjE2ZGJjOTIwM2I5NC9hcnRlcnlTaWduYWxSL2Fib3J0IiBUaGlua1RpbWU9IjAiIFRpbWVvdXQ9IjMwMCIgUGFyc2VEZXBlbmRlbnRSZXF1ZXN0cz0iVHJ1ZSIgRm9sbG93UmVkaXJlY3RzPSJUcnVlIiBSZWNvcmRSZXN1bHQ9IlRydWUiIENhY2hlPSJGYWxzZSIgUmVzcG9uc2VUaW1lR29hbD0iMCIgRW5jb2Rpbmc9InV0Zi04IiBFeHBlY3RlZEh0dHBTdGF0dXNDb2RlPSIwIiBFeHBlY3RlZFJlc3BvbnNlVXJsPSIiIFJlcG9ydGluZ05hbWU9IiIgSWdub3JlSHR0cFN0YXR1c0NvZGU9IkZhbHNlIj4NCiAgICAgIDxIZWFkZXJzPg0KICAgICAgICA8SGVhZGVyIE5hbWU9IkFjY2VwdCIgVmFsdWU9InRleHQvcGxhaW4sICovKjsgcT0wLjAxIiAvPg0KICAgICAgICA8SGVhZGVyIE5hbWU9IlJlZmVyZXIiIFZhbHVlPSJodHRwOi8vbG9jYWxob3N0OjQ2MjMvQXBwL01vZGlmeS85IiAvPg0KICAgICAgPC9IZWFkZXJzPg0KICAgICAgPFF1ZXJ5U3RyaW5nUGFyYW1ldGVycz4NCiAgICAgICAgPFF1ZXJ5U3RyaW5nUGFyYW1ldGVyIE5hbWU9InRyYW5zcG9ydCIgVmFsdWU9ImxvbmdQb2xsaW5nIiBSZWNvcmRlZFZhbHVlPSJsb25nUG9sbGluZyIgQ29ycmVsYXRpb25CaW5kaW5nPSIiIFVybEVuY29kZT0iRmFsc2UiIFVzZVRvR3JvdXBSZXN1bHRzPSJGYWxzZSIgLz4NCiAgICAgICAgPFF1ZXJ5U3RyaW5nUGFyYW1ldGVyIE5hbWU9ImNvbm5lY3Rpb25Ub2tlbiIgVmFsdWU9IkFRQUFBTkNNbmQ4QkZkRVJqSG9Bd0UlMkZDbCUyQnNCQUFBQXo4c0UxUFZvYVVtdGw3ZFRGdVlYN0FBQUFBQUNBQUFBQUFBUVpnQUFBQUVBQUNBQUFBRGdFM0J4MEtyVSUyRnpZbVQxR0FFSnRrUEF0UUlJSU5jc0t3ZHVnRUFabFIzUUFBQUFBT2dBQUFBQUlBQUNBQUFBQmdxZWdEekV1emlvaUJhZHN4S0I4dDc2QnpHM3Z3JTJGZk5WWkVGV09oZXBoVEFBQUFDQ0NmU2F3NHdsNGpLTWxOdSUyRkhXQnc2WFowZzZrN1pVTWdOcTVWVFRIOWo0RzlMaHglMkZ5SkpPZG9zZnV2cmdpZUZBQUFBQTBOR1FoZGpLWmklMkZxMGtneG56SmhUSkpYWUNXNUdITm5uM1BVS3U1ekNzaXN3ZkxQNUhYYzRIVlVGTWNPeCUyRkhnYlRKRWlkVCUyRk1yakFzbFVtenk4R1hBJTNEJTNEIiBSZWNvcmRlZFZhbHVlPSJBUUFBQU5DTW5kOEJGZEVSakhvQXdFJTJGQ2wlMkJzQkFBQUF6OHNFMVBWb2FVbXRsN2RURnVZWDdBQUFBQUFDQUFBQUFBQVFaZ0FBQUFFQUFDQUFBQURnRTNCeDBLclUlMkZ6WW1UMUdBRUp0a1BBdFFJSUlOY3NLd2R1Z0VBWmxSM1FBQUFBQU9nQUFBQUFJQUFDQUFBQUJncWVnRHpFdXppb2lCYWRzeEtCOHQ3NkJ6RzN2dyUyRmZOVlpFRldPaGVwaFRBQUFBQ0NDZlNhdzR3bDRqS01sTnUlMkZIV0J3NlhaMGc2azdaVU1nTnE1VlRUSDlqNEc5TGh4JTJGeUpKT2Rvc2Z1dnJnaWVGQUFBQUEwTkdRaGRqS1ppJTJGcTBrZ3huekpoVEpKWFlDVzVHSE5ubjNQVUt1NXpDc2lzd2ZMUDVIWGM0SFZVRk1jT3glMkZIZ2JUSkVpZFQlMkZNcmpBc2xVbXp5OEdYQSUzRCUzRCIgQ29ycmVsYXRpb25CaW5kaW5nPSIiIFVybEVuY29kZT0iRmFsc2UiIFVzZVRvR3JvdXBSZXN1bHRzPSJGYWxzZSIgLz4NCiAgICAgICAgPFF1ZXJ5U3RyaW5nUGFyYW1ldGVyIE5hbWU9InJlcXVlc3RVcmwiIFZhbHVlPSJodHRwJTNBJTJGJTJGbG9jYWxob3N0JTNBNDYyMyUyRkFwcCUyRk1vZGlmeSUyRjkiIFJlY29yZGVkVmFsdWU9Imh0dHAlM0ElMkYlMkZsb2NhbGhvc3QlM0E0NjIzJTJGQXBwJTJGTW9kaWZ5JTJGOSIgQ29ycmVsYXRpb25CaW5kaW5nPSIiIFVybEVuY29kZT0iRmFsc2UiIFVzZVRvR3JvdXBSZXN1bHRzPSJGYWxzZSIgLz4NCiAgICAgICAgPFF1ZXJ5U3RyaW5nUGFyYW1ldGVyIE5hbWU9ImJyb3dzZXJOYW1lIiBWYWx1ZT0iSW50ZXJuZXQrRXhwbG9yZXIiIFJlY29yZGVkVmFsdWU9IkludGVybmV0K0V4cGxvcmVyIiBDb3JyZWxhdGlvbkJpbmRpbmc9IiIgVXJsRW5jb2RlPSJGYWxzZSIgVXNlVG9Hcm91cFJlc3VsdHM9IkZhbHNlIiAvPg0KICAgICAgPC9RdWVyeVN0cmluZ1BhcmFtZXRlcnM+DQogICAgICA8Rm9ybVBvc3RIdHRwQm9keSAvPg0KICAgIDwvUmVxdWVzdD4NCiAgICA8UmVxdWVzdCBNZXRob2Q9IlBPU1QiIEd1aWQ9ImYxYmZlOTY1LWUwNzUtNGIwMi1iYmZlLTU2OTlmNDBlNGUxOCIgVmVyc2lvbj0iMS4xIiBVcmw9Imh0dHA6Ly9sb2NhbGhvc3Q6MTc1NDkvYTQ2ODAwMDgzZTI5NDM5YTg1ZDIxNmRiYzkyMDNiOTQvYXJ0ZXJ5U2lnbmFsUi9uZWdvdGlhdGUiIFRoaW5rVGltZT0iMCIgVGltZW91dD0iMzAwIiBQYXJzZURlcGVuZGVudFJlcXVlc3RzPSJUcnVlIiBGb2xsb3dSZWRpcmVjdHM9IlRydWUiIFJlY29yZFJlc3VsdD0iVHJ1ZSIgQ2FjaGU9IkZhbHNlIiBSZXNwb25zZVRpbWVHb2FsPSIwIiBFbmNvZGluZz0idXRmLTgiIEV4cGVjdGVkSHR0cFN0YXR1c0NvZGU9IjAiIEV4cGVjdGVkUmVzcG9uc2VVcmw9IiIgUmVwb3J0aW5nTmFtZT0iIiBJZ25vcmVIdHRwU3RhdHVzQ29kZT0iRmFsc2UiPg0KICAgICAgPEhlYWRlcnM+DQogICAgICAgIDxIZWFkZXIgTmFtZT0iQ29udGVudC1UeXBlIiBWYWx1ZT0iYXBwbGljYXRpb24veC13d3ctZm9ybS11cmxlbmNvZGVkOyBjaGFyc2V0PVVURi04IiAvPg0KICAgICAgICA8SGVhZGVyIE5hbWU9IkFjY2VwdCIgVmFsdWU9InRleHQvcGxhaW4sICovKjsgcT0wLjAxIiAvPg0KICAgICAgICA8SGVhZGVyIE5hbWU9IlJlZmVyZXIiIFZhbHVlPSJodHRwOi8vbG9jYWxob3N0OjQ2MjMvQXBwL0RldGFpbC85IiAvPg0KICAgICAgPC9IZWFkZXJzPg0KICAgICAgPFF1ZXJ5U3RyaW5nUGFyYW1ldGVycz4NCiAgICAgICAgPFF1ZXJ5U3RyaW5nUGFyYW1ldGVyIE5hbWU9InJlcXVlc3RVcmwiIFZhbHVlPSJodHRwJTNBJTJGJTJGbG9jYWxob3N0JTNBNDYyMyUyRkFwcCUyRkRldGFpbCUyRjkiIFJlY29yZGVkVmFsdWU9Imh0dHAlM0ElMkYlMkZsb2NhbGhvc3QlM0E0NjIzJTJGQXBwJTJGRGV0YWlsJTJGOSIgQ29ycmVsYXRpb25CaW5kaW5nPSIiIFVybEVuY29kZT0iRmFsc2UiIFVzZVRvR3JvdXBSZXN1bHRzPSJGYWxzZSIgLz4NCiAgICAgICAgPFF1ZXJ5U3RyaW5nUGFyYW1ldGVyIE5hbWU9ImJyb3dzZXJOYW1lIiBWYWx1ZT0iSW50ZXJuZXQrRXhwbG9yZXIiIFJlY29yZGVkVmFsdWU9IkludGVybmV0K0V4cGxvcmVyIiBDb3JyZWxhdGlvbkJpbmRpbmc9IiIgVXJsRW5jb2RlPSJGYWxzZSIgVXNlVG9Hcm91cFJlc3VsdHM9IkZhbHNlIiAvPg0KICAgICAgICA8UXVlcnlTdHJpbmdQYXJhbWV0ZXIgTmFtZT0iY2xpZW50UHJvdG9jb2wiIFZhbHVlPSIxLjMiIFJlY29yZGVkVmFsdWU9IjEuMyIgQ29ycmVsYXRpb25CaW5kaW5nPSIiIFVybEVuY29kZT0iRmFsc2UiIFVzZVRvR3JvdXBSZXN1bHRzPSJGYWxzZSIgLz4NCiAgICAgICAgPFF1ZXJ5U3RyaW5nUGFyYW1ldGVyIE5hbWU9Il8iIFZhbHVlPSIxMzk3NjMxMDE0MTA2IiBSZWNvcmRlZFZhbHVlPSIxMzk3NjMxMDE0MTA2IiBDb3JyZWxhdGlvbkJpbmRpbmc9IiIgVXJsRW5jb2RlPSJGYWxzZSIgVXNlVG9Hcm91cFJlc3VsdHM9IkZhbHNlIiAvPg0KICAgICAgPC9RdWVyeVN0cmluZ1BhcmFtZXRlcnM+DQogICAgICA8Rm9ybVBvc3RIdHRwQm9keSAvPg0KICAgIDwvUmVxdWVzdD4NCiAgICA8UmVxdWVzdCBNZXRob2Q9IlBPU1QiIEd1aWQ9ImY3MDJiNmY2LWE3NGMtNGYzMi05MTlhLWM4ODNlNzA3YzgyYyIgVmVyc2lvbj0iMS4xIiBVcmw9Imh0dHA6Ly9sb2NhbGhvc3Q6MTc1NDkvYTQ2ODAwMDgzZTI5NDM5YTg1ZDIxNmRiYzkyMDNiOTQvYXJ0ZXJ5U2lnbmFsUi9jb25uZWN0IiBUaGlua1RpbWU9IjAiIFRpbWVvdXQ9IjMwMCIgUGFyc2VEZXBlbmRlbnRSZXF1ZXN0cz0iVHJ1ZSIgRm9sbG93UmVkaXJlY3RzPSJUcnVlIiBSZWNvcmRSZXN1bHQ9IlRydWUiIENhY2hlPSJGYWxzZSIgUmVzcG9uc2VUaW1lR29hbD0iMCIgRW5jb2Rpbmc9InV0Zi04IiBFeHBlY3RlZEh0dHBTdGF0dXNDb2RlPSIwIiBFeHBlY3RlZFJlc3BvbnNlVXJsPSIiIFJlcG9ydGluZ05hbWU9IiIgSWdub3JlSHR0cFN0YXR1c0NvZGU9IkZhbHNlIj4NCiAgICAgIDxIZWFkZXJzPg0KICAgICAgICA8SGVhZGVyIE5hbWU9IkNvbnRlbnQtVHlwZSIgVmFsdWU9ImFwcGxpY2F0aW9uL3gtd3d3LWZvcm0tdXJsZW5jb2RlZDsgY2hhcnNldD1VVEYtOCIgLz4NCiAgICAgICAgPEhlYWRlciBOYW1lPSJBY2NlcHQiIFZhbHVlPSJ0ZXh0L3BsYWluLCAqLyo7IHE9MC4wMSIgLz4NCiAgICAgICAgPEhlYWRlciBOYW1lPSJSZWZlcmVyIiBWYWx1ZT0iaHR0cDovL2xvY2FsaG9zdDo0NjIzL0FwcC9EZXRhaWwvOSIgLz4NCiAgICAgIDwvSGVhZGVycz4NCiAgICAgIDxRdWVyeVN0cmluZ1BhcmFtZXRlcnM+DQogICAgICAgIDxRdWVyeVN0cmluZ1BhcmFtZXRlciBOYW1lPSJ0cmFuc3BvcnQiIFZhbHVlPSJsb25nUG9sbGluZyIgUmVjb3JkZWRWYWx1ZT0ibG9uZ1BvbGxpbmciIENvcnJlbGF0aW9uQmluZGluZz0iIiBVcmxFbmNvZGU9IkZhbHNlIiBVc2VUb0dyb3VwUmVzdWx0cz0iRmFsc2UiIC8+DQogICAgICAgIDxRdWVyeVN0cmluZ1BhcmFtZXRlciBOYW1lPSJjb25uZWN0aW9uVG9rZW4iIFZhbHVlPSJBUUFBQU5DTW5kOEJGZEVSakhvQXdFJTJGQ2wlMkJzQkFBQUF6OHNFMVBWb2FVbXRsN2RURnVZWDdBQUFBQUFDQUFBQUFBQVFaZ0FBQUFFQUFDQUFBQUFSJTJGTnFqYThPaUJNU0RVM0hmTlNMZk9VTmFvN3JCZXhlUFVFcnhtalZqT3dBQUFBQU9nQUFBQUFJQUFDQUFBQUEyTWxVTiUyQmFkNThMZCUyRnc5Z2lJd2JtMkpEcDRuRlB4aTNWQm9SeUNMenFzREFBQUFDRXUxclRaOFY1a2VDZUxSVWhCc3FDUHdqJTJCWFFkTFlOdUJSZUdNOXNHeDdjVFl1cThCMjFRRkdTeWt3MyUyRm9mM1JBQUFBQW5FS3g0b2M1aCUyQld0ZGxwcjZMT1BDdzlsQzZpYjBFblNmV2gwJTJCOERKc2t5Mlp0TGNubUM0TWQ5QlhRNTBJd2xhcmVMMENSdFlCZEdwVzVwT3BiN0U3ZyUzRCUzRCIgUmVjb3JkZWRWYWx1ZT0iQVFBQUFOQ01uZDhCRmRFUmpIb0F3RSUyRkNsJTJCc0JBQUFBejhzRTFQVm9hVW10bDdkVEZ1WVg3QUFBQUFBQ0FBQUFBQUFRWmdBQUFBRUFBQ0FBQUFBUiUyRk5xamE4T2lCTVNEVTNIZk5TTGZPVU5hbzdyQmV4ZVBVRXJ4bWpWak93QUFBQUFPZ0FBQUFBSUFBQ0FBQUFBMk1sVU4lMkJhZDU4TGQlMkZ3OWdpSXdibTJKRHA0bkZQeGkzVkJvUnlDTHpxc0RBQUFBQ0V1MXJUWjhWNWtlQ2VMUlVoQnNxQ1B3aiUyQlhRZExZTnVCUmVHTTlzR3g3Y1RZdXE4QjIxUUZHU3lrdzMlMkZvZjNSQUFBQUFuRUt4NG9jNWglMkJXdGRscHI2TE9QQ3c5bEM2aWIwRW5TZldoMCUyQjhESnNreTJadExjbm1DNE1kOUJYUTUwSXdsYXJlTDBDUnRZQmRHcFc1cE9wYjdFN2clM0QlM0QiIENvcnJlbGF0aW9uQmluZGluZz0iIiBVcmxFbmNvZGU9IkZhbHNlIiBVc2VUb0dyb3VwUmVzdWx0cz0iRmFsc2UiIC8+DQogICAgICAgIDxRdWVyeVN0cmluZ1BhcmFtZXRlciBOYW1lPSJyZXF1ZXN0VXJsIiBWYWx1ZT0iaHR0cCUzQSUyRiUyRmxvY2FsaG9zdCUzQTQ2MjMlMkZBcHAlMkZEZXRhaWwlMkY5IiBSZWNvcmRlZFZhbHVlPSJodHRwJTNBJTJGJTJGbG9jYWxob3N0JTNBNDYyMyUyRkFwcCUyRkRldGFpbCUyRjkiIENvcnJlbGF0aW9uQmluZGluZz0iIiBVcmxFbmNvZGU9IkZhbHNlIiBVc2VUb0dyb3VwUmVzdWx0cz0iRmFsc2UiIC8+DQogICAgICAgIDxRdWVyeVN0cmluZ1BhcmFtZXRlciBOYW1lPSJicm93c2VyTmFtZSIgVmFsdWU9IkludGVybmV0K0V4cGxvcmVyIiBSZWNvcmRlZFZhbHVlPSJJbnRlcm5ldCtFeHBsb3JlciIgQ29ycmVsYXRpb25CaW5kaW5nPSIiIFVybEVuY29kZT0iRmFsc2UiIFVzZVRvR3JvdXBSZXN1bHRzPSJGYWxzZSIgLz4NCiAgICAgICAgPFF1ZXJ5U3RyaW5nUGFyYW1ldGVyIE5hbWU9InRpZCIgVmFsdWU9IjEwIiBSZWNvcmRlZFZhbHVlPSIxMCIgQ29ycmVsYXRpb25CaW5kaW5nPSIiIFVybEVuY29kZT0iRmFsc2UiIFVzZVRvR3JvdXBSZXN1bHRzPSJGYWxzZSIgLz4NCiAgICAgICAgPFF1ZXJ5U3RyaW5nUGFyYW1ldGVyIE5hbWU9Il8iIFZhbHVlPSIxMzk3NjMxMDE0OTAxIiBSZWNvcmRlZFZhbHVlPSIxMzk3NjMxMDE0OTAxIiBDb3JyZWxhdGlvbkJpbmRpbmc9IiIgVXJsRW5jb2RlPSJGYWxzZSIgVXNlVG9Hcm91cFJlc3VsdHM9IkZhbHNlIiAvPg0KICAgICAgPC9RdWVyeVN0cmluZ1BhcmFtZXRlcnM+DQogICAgICA8Rm9ybVBvc3RIdHRwQm9keSAvPg0KICAgIDwvUmVxdWVzdD4NCiAgICA8UmVxdWVzdCBNZXRob2Q9IlBPU1QiIEd1aWQ9ImVmODkzNzVlLTkzYzktNDE3MS1hMmI2LWMxOGYzZWUyM2EyMiIgVmVyc2lvbj0iMS4xIiBVcmw9Imh0dHA6Ly9sb2NhbGhvc3Q6MTc1NDkvYTQ2ODAwMDgzZTI5NDM5YTg1ZDIxNmRiYzkyMDNiOTQvYXJ0ZXJ5U2lnbmFsUi9zZW5kIiBUaGlua1RpbWU9IjAiIFRpbWVvdXQ9IjMwMCIgUGFyc2VEZXBlbmRlbnRSZXF1ZXN0cz0iVHJ1ZSIgRm9sbG93UmVkaXJlY3RzPSJUcnVlIiBSZWNvcmRSZXN1bHQ9IlRydWUiIENhY2hlPSJGYWxzZSIgUmVzcG9uc2VUaW1lR29hbD0iMCIgRW5jb2Rpbmc9InV0Zi04IiBFeHBlY3RlZEh0dHBTdGF0dXNDb2RlPSIwIiBFeHBlY3RlZFJlc3BvbnNlVXJsPSIiIFJlcG9ydGluZ05hbWU9IiIgSWdub3JlSHR0cFN0YXR1c0NvZGU9IkZhbHNlIj4NCiAgICAgIDxIZWFkZXJzPg0KICAgICAgICA8SGVhZGVyIE5hbWU9IkFjY2VwdCIgVmFsdWU9InRleHQvcGxhaW4sICovKjsgcT0wLjAxIiAvPg0KICAgICAgICA8SGVhZGVyIE5hbWU9IlJlZmVyZXIiIFZhbHVlPSJodHRwOi8vbG9jYWxob3N0OjQ2MjMvQXBwL0RldGFpbC85IiAvPg0KICAgICAgPC9IZWFkZXJzPg0KICAgICAgPFF1ZXJ5U3RyaW5nUGFyYW1ldGVycz4NCiAgICAgICAgPFF1ZXJ5U3RyaW5nUGFyYW1ldGVyIE5hbWU9InRyYW5zcG9ydCIgVmFsdWU9ImxvbmdQb2xsaW5nIiBSZWNvcmRlZFZhbHVlPSJsb25nUG9sbGluZyIgQ29ycmVsYXRpb25CaW5kaW5nPSIiIFVybEVuY29kZT0iRmFsc2UiIFVzZVRvR3JvdXBSZXN1bHRzPSJGYWxzZSIgLz4NCiAgICAgICAgPFF1ZXJ5U3RyaW5nUGFyYW1ldGVyIE5hbWU9ImNvbm5lY3Rpb25Ub2tlbiIgVmFsdWU9IkFRQUFBTkNNbmQ4QkZkRVJqSG9Bd0UlMkZDbCUyQnNCQUFBQXo4c0UxUFZvYVVtdGw3ZFRGdVlYN0FBQUFBQUNBQUFBQUFBUVpnQUFBQUVBQUNBQUFBQVIlMkZOcWphOE9pQk1TRFUzSGZOU0xmT1VOYW83ckJleGVQVUVyeG1qVmpPd0FBQUFBT2dBQUFBQUlBQUNBQUFBQTJNbFVOJTJCYWQ1OExkJTJGdzlnaUl3Ym0ySkRwNG5GUHhpM1ZCb1J5Q0x6cXNEQUFBQUNFdTFyVFo4VjVrZUNlTFJVaEJzcUNQd2olMkJYUWRMWU51QlJlR005c0d4N2NUWXVxOEIyMVFGR1N5a3czJTJGb2YzUkFBQUFBbkVLeDRvYzVoJTJCV3RkbHByNkxPUEN3OWxDNmliMEVuU2ZXaDAlMkI4REpza3kyWnRMY25tQzRNZDlCWFE1MEl3bGFyZUwwQ1J0WUJkR3BXNXBPcGI3RTdnJTNEJTNEIiBSZWNvcmRlZFZhbHVlPSJBUUFBQU5DTW5kOEJGZEVSakhvQXdFJTJGQ2wlMkJzQkFBQUF6OHNFMVBWb2FVbXRsN2RURnVZWDdBQUFBQUFDQUFBQUFBQVFaZ0FBQUFFQUFDQUFBQUFSJTJGTnFqYThPaUJNU0RVM0hmTlNMZk9VTmFvN3JCZXhlUFVFcnhtalZqT3dBQUFBQU9nQUFBQUFJQUFDQUFBQUEyTWxVTiUyQmFkNThMZCUyRnc5Z2lJd2JtMkpEcDRuRlB4aTNWQm9SeUNMenFzREFBQUFDRXUxclRaOFY1a2VDZUxSVWhCc3FDUHdqJTJCWFFkTFlOdUJSZUdNOXNHeDdjVFl1cThCMjFRRkdTeWt3MyUyRm9mM1JBQUFBQW5FS3g0b2M1aCUyQld0ZGxwcjZMT1BDdzlsQzZpYjBFblNmV2gwJTJCOERKc2t5Mlp0TGNubUM0TWQ5QlhRNTBJd2xhcmVMMENSdFlCZEdwVzVwT3BiN0U3ZyUzRCUzRCIgQ29ycmVsYXRpb25CaW5kaW5nPSIiIFVybEVuY29kZT0iRmFsc2UiIFVzZVRvR3JvdXBSZXN1bHRzPSJGYWxzZSIgLz4NCiAgICAgICAgPFF1ZXJ5U3RyaW5nUGFyYW1ldGVyIE5hbWU9InJlcXVlc3RVcmwiIFZhbHVlPSJodHRwJTNBJTJGJTJGbG9jYWxob3N0JTNBNDYyMyUyRkFwcCUyRkRldGFpbCUyRjkiIFJlY29yZGVkVmFsdWU9Imh0dHAlM0ElMkYlMkZsb2NhbGhvc3QlM0E0NjIzJTJGQXBwJTJGRGV0YWlsJTJGOSIgQ29ycmVsYXRpb25CaW5kaW5nPSIiIFVybEVuY29kZT0iRmFsc2UiIFVzZVRvR3JvdXBSZXN1bHRzPSJGYWxzZSIgLz4NCiAgICAgICAgPFF1ZXJ5U3RyaW5nUGFyYW1ldGVyIE5hbWU9ImJyb3dzZXJOYW1lIiBWYWx1ZT0iSW50ZXJuZXQrRXhwbG9yZXIiIFJlY29yZGVkVmFsdWU9IkludGVybmV0K0V4cGxvcmVyIiBDb3JyZWxhdGlvbkJpbmRpbmc9IiIgVXJsRW5jb2RlPSJGYWxzZSIgVXNlVG9Hcm91cFJlc3VsdHM9IkZhbHNlIiAvPg0KICAgICAgPC9RdWVyeVN0cmluZ1BhcmFtZXRlcnM+DQogICAgICA8Rm9ybVBvc3RIdHRwQm9keT4NCiAgICAgICAgPEZvcm1Qb3N0UGFyYW1ldGVyIE5hbWU9ImRhdGEiIFZhbHVlPSJ7JnF1b3Q7bmFtZSZxdW90OzomcXVvdDtNaWNyb3NvZnQuVmlzdWFsU3R1ZGlvLldlYi5Ccm93c2VyTGluay5Db3JlRXh0ZW5zaW9uRmFjdG9yeS5jb25uZWN0ZWQmcXVvdDssJnF1b3Q7Y2FsbGJhY2tJZCZxdW90OzoxfSIgUmVjb3JkZWRWYWx1ZT0ieyZxdW90O25hbWUmcXVvdDs6JnF1b3Q7TWljcm9zb2Z0LlZpc3VhbFN0dWRpby5XZWIuQnJvd3NlckxpbmsuQ29yZUV4dGVuc2lvbkZhY3RvcnkuY29ubmVjdGVkJnF1b3Q7LCZxdW90O2NhbGxiYWNrSWQmcXVvdDs6MX0iIENvcnJlbGF0aW9uQmluZGluZz0iIiBVcmxFbmNvZGU9IlRydWUiIC8+DQogICAgICA8L0Zvcm1Qb3N0SHR0cEJvZHk+DQogICAgPC9SZXF1ZXN0Pg0KICAgIDxSZXF1ZXN0IE1ldGhvZD0iUE9TVCIgR3VpZD0iMjNhODQ0ZTgtOGFlYy00MmNlLWE2NjgtOGJiMmUzOWViYWI2IiBWZXJzaW9uPSIxLjEiIFVybD0iaHR0cDovL2xvY2FsaG9zdDoxNzU0OS9hNDY4MDAwODNlMjk0MzlhODVkMjE2ZGJjOTIwM2I5NC9hcnRlcnlTaWduYWxSL3BvbGwiIFRoaW5rVGltZT0iMCIgVGltZW91dD0iMzAwIiBQYXJzZURlcGVuZGVudFJlcXVlc3RzPSJUcnVlIiBGb2xsb3dSZWRpcmVjdHM9IlRydWUiIFJlY29yZFJlc3VsdD0iVHJ1ZSIgQ2FjaGU9IkZhbHNlIiBSZXNwb25zZVRpbWVHb2FsPSIwIiBFbmNvZGluZz0idXRmLTgiIEV4cGVjdGVkSHR0cFN0YXR1c0NvZGU9IjAiIEV4cGVjdGVkUmVzcG9uc2VVcmw9IiIgUmVwb3J0aW5nTmFtZT0iIiBJZ25vcmVIdHRwU3RhdHVzQ29kZT0iRmFsc2UiPg0KICAgICAgPEhlYWRlcnM+DQogICAgICAgIDxIZWFkZXIgTmFtZT0iQ29udGVudC1UeXBlIiBWYWx1ZT0iYXBwbGljYXRpb24veC13d3ctZm9ybS11cmxlbmNvZGVkOyBjaGFyc2V0PVVURi04IiAvPg0KICAgICAgICA8SGVhZGVyIE5hbWU9IkFjY2VwdCIgVmFsdWU9InRleHQvcGxhaW4sICovKjsgcT0wLjAxIiAvPg0KICAgICAgICA8SGVhZGVyIE5hbWU9IlJlZmVyZXIiIFZhbHVlPSJodHRwOi8vbG9jYWxob3N0OjQ2MjMvQXBwL0RldGFpbC85IiAvPg0KICAgICAgPC9IZWFkZXJzPg0KICAgICAgPFF1ZXJ5U3RyaW5nUGFyYW1ldGVycz4NCiAgICAgICAgPFF1ZXJ5U3RyaW5nUGFyYW1ldGVyIE5hbWU9InRyYW5zcG9ydCIgVmFsdWU9ImxvbmdQb2xsaW5nIiBSZWNvcmRlZFZhbHVlPSJsb25nUG9sbGluZyIgQ29ycmVsYXRpb25CaW5kaW5nPSIiIFVybEVuY29kZT0iRmFsc2UiIFVzZVRvR3JvdXBSZXN1bHRzPSJGYWxzZSIgLz4NCiAgICAgICAgPFF1ZXJ5U3RyaW5nUGFyYW1ldGVyIE5hbWU9ImNvbm5lY3Rpb25Ub2tlbiIgVmFsdWU9IkFRQUFBTkNNbmQ4QkZkRVJqSG9Bd0UlMkZDbCUyQnNCQUFBQXo4c0UxUFZvYVVtdGw3ZFRGdVlYN0FBQUFBQUNBQUFBQUFBUVpnQUFBQUVBQUNBQUFBQVIlMkZOcWphOE9pQk1TRFUzSGZOU0xmT1VOYW83ckJleGVQVUVyeG1qVmpPd0FBQUFBT2dBQUFBQUlBQUNBQUFBQTJNbFVOJTJCYWQ1OExkJTJGdzlnaUl3Ym0ySkRwNG5GUHhpM1ZCb1J5Q0x6cXNEQUFBQUNFdTFyVFo4VjVrZUNlTFJVaEJzcUNQd2olMkJYUWRMWU51QlJlR005c0d4N2NUWXVxOEIyMVFGR1N5a3czJTJGb2YzUkFBQUFBbkVLeDRvYzVoJTJCV3RkbHByNkxPUEN3OWxDNmliMEVuU2ZXaDAlMkI4REpza3kyWnRMY25tQzRNZDlCWFE1MEl3bGFyZUwwQ1J0WUJkR3BXNXBPcGI3RTdnJTNEJTNEIiBSZWNvcmRlZFZhbHVlPSJBUUFBQU5DTW5kOEJGZEVSakhvQXdFJTJGQ2wlMkJzQkFBQUF6OHNFMVBWb2FVbXRsN2RURnVZWDdBQUFBQUFDQUFBQUFBQVFaZ0FBQUFFQUFDQUFBQUFSJTJGTnFqYThPaUJNU0RVM0hmTlNMZk9VTmFvN3JCZXhlUFVFcnhtalZqT3dBQUFBQU9nQUFBQUFJQUFDQUFBQUEyTWxVTiUyQmFkNThMZCUyRnc5Z2lJd2JtMkpEcDRuRlB4aTNWQm9SeUNMenFzREFBQUFDRXUxclRaOFY1a2VDZUxSVWhCc3FDUHdqJTJCWFFkTFlOdUJSZUdNOXNHeDdjVFl1cThCMjFRRkdTeWt3MyUyRm9mM1JBQUFBQW5FS3g0b2M1aCUyQld0ZGxwcjZMT1BDdzlsQzZpYjBFblNmV2gwJTJCOERKc2t5Mlp0TGNubUM0TWQ5QlhRNTBJd2xhcmVMMENSdFlCZEdwVzVwT3BiN0U3ZyUzRCUzRCIgQ29ycmVsYXRpb25CaW5kaW5nPSIiIFVybEVuY29kZT0iRmFsc2UiIFVzZVRvR3JvdXBSZXN1bHRzPSJGYWxzZSIgLz4NCiAgICAgICAgPFF1ZXJ5U3RyaW5nUGFyYW1ldGVyIE5hbWU9Im1lc3NhZ2VJZCIgVmFsdWU9ImQtQUZCQkZCMUUtQiUyQzAlN0NtJTJDMSU3Q24lMkMwIiBSZWNvcmRlZFZhbHVlPSJkLUFGQkJGQjFFLUIlMkMwJTdDbSUyQzElN0NuJTJDMCIgQ29ycmVsYXRpb25CaW5kaW5nPSIiIFVybEVuY29kZT0iRmFsc2UiIFVzZVRvR3JvdXBSZXN1bHRzPSJGYWxzZSIgLz4NCiAgICAgICAgPFF1ZXJ5U3RyaW5nUGFyYW1ldGVyIE5hbWU9InJlcXVlc3RVcmwiIFZhbHVlPSJodHRwJTNBJTJGJTJGbG9jYWxob3N0JTNBNDYyMyUyRkFwcCUyRkRldGFpbCUyRjkiIFJlY29yZGVkVmFsdWU9Imh0dHAlM0ElMkYlMkZsb2NhbGhvc3QlM0E0NjIzJTJGQXBwJTJGRGV0YWlsJTJGOSIgQ29ycmVsYXRpb25CaW5kaW5nPSIiIFVybEVuY29kZT0iRmFsc2UiIFVzZVRvR3JvdXBSZXN1bHRzPSJGYWxzZSIgLz4NCiAgICAgICAgPFF1ZXJ5U3RyaW5nUGFyYW1ldGVyIE5hbWU9ImJyb3dzZXJOYW1lIiBWYWx1ZT0iSW50ZXJuZXQrRXhwbG9yZXIiIFJlY29yZGVkVmFsdWU9IkludGVybmV0K0V4cGxvcmVyIiBDb3JyZWxhdGlvbkJpbmRpbmc9IiIgVXJsRW5jb2RlPSJGYWxzZSIgVXNlVG9Hcm91cFJlc3VsdHM9IkZhbHNlIiAvPg0KICAgICAgICA8UXVlcnlTdHJpbmdQYXJhbWV0ZXIgTmFtZT0idGlkIiBWYWx1ZT0iNiIgUmVjb3JkZWRWYWx1ZT0iNiIgQ29ycmVsYXRpb25CaW5kaW5nPSIiIFVybEVuY29kZT0iRmFsc2UiIFVzZVRvR3JvdXBSZXN1bHRzPSJGYWxzZSIgLz4NCiAgICAgICAgPFF1ZXJ5U3RyaW5nUGFyYW1ldGVyIE5hbWU9Il8iIFZhbHVlPSIxMzk3NjMxMDE0OTQ3IiBSZWNvcmRlZFZhbHVlPSIxMzk3NjMxMDE0OTQ3IiBDb3JyZWxhdGlvbkJpbmRpbmc9IiIgVXJsRW5jb2RlPSJGYWxzZSIgVXNlVG9Hcm91cFJlc3VsdHM9IkZhbHNlIiAvPg0KICAgICAgPC9RdWVyeVN0cmluZ1BhcmFtZXRlcnM+DQogICAgICA8Rm9ybVBvc3RIdHRwQm9keSAvPg0KICAgIDwvUmVxdWVzdD4NCiAgICA8UmVxdWVzdCBNZXRob2Q9IlBPU1QiIEd1aWQ9IjQwM2RjNWQwLTI4NzAtNGVmZi04YmVhLTQ0NmE0M2VhZDBiYiIgVmVyc2lvbj0iMS4xIiBVcmw9Imh0dHA6Ly9sb2NhbGhvc3Q6MTc1NDkvYTQ2ODAwMDgzZTI5NDM5YTg1ZDIxNmRiYzkyMDNiOTQvYXJ0ZXJ5U2lnbmFsUi9zZW5kIiBUaGlua1RpbWU9IjAiIFRpbWVvdXQ9IjMwMCIgUGFyc2VEZXBlbmRlbnRSZXF1ZXN0cz0iVHJ1ZSIgRm9sbG93UmVkaXJlY3RzPSJUcnVlIiBSZWNvcmRSZXN1bHQ9IlRydWUiIENhY2hlPSJGYWxzZSIgUmVzcG9uc2VUaW1lR29hbD0iMCIgRW5jb2Rpbmc9InV0Zi04IiBFeHBlY3RlZEh0dHBTdGF0dXNDb2RlPSIwIiBFeHBlY3RlZFJlc3BvbnNlVXJsPSIiIFJlcG9ydGluZ05hbWU9IiIgSWdub3JlSHR0cFN0YXR1c0NvZGU9IkZhbHNlIj4NCiAgICAgIDxIZWFkZXJzPg0KICAgICAgICA8SGVhZGVyIE5hbWU9IkFjY2VwdCIgVmFsdWU9InRleHQvcGxhaW4sICovKjsgcT0wLjAxIiAvPg0KICAgICAgICA8SGVhZGVyIE5hbWU9IlJlZmVyZXIiIFZhbHVlPSJodHRwOi8vbG9jYWxob3N0OjQ2MjMvQXBwL0RldGFpbC85IiAvPg0KICAgICAgPC9IZWFkZXJzPg0KICAgICAgPFF1ZXJ5U3RyaW5nUGFyYW1ldGVycz4NCiAgICAgICAgPFF1ZXJ5U3RyaW5nUGFyYW1ldGVyIE5hbWU9InRyYW5zcG9ydCIgVmFsdWU9ImxvbmdQb2xsaW5nIiBSZWNvcmRlZFZhbHVlPSJsb25nUG9sbGluZyIgQ29ycmVsYXRpb25CaW5kaW5nPSIiIFVybEVuY29kZT0iRmFsc2UiIFVzZVRvR3JvdXBSZXN1bHRzPSJGYWxzZSIgLz4NCiAgICAgICAgPFF1ZXJ5U3RyaW5nUGFyYW1ldGVyIE5hbWU9ImNvbm5lY3Rpb25Ub2tlbiIgVmFsdWU9IkFRQUFBTkNNbmQ4QkZkRVJqSG9Bd0UlMkZDbCUyQnNCQUFBQXo4c0UxUFZvYVVtdGw3ZFRGdVlYN0FBQUFBQUNBQUFBQUFBUVpnQUFBQUVBQUNBQUFBQVIlMkZOcWphOE9pQk1TRFUzSGZOU0xmT1VOYW83ckJleGVQVUVyeG1qVmpPd0FBQUFBT2dBQUFBQUlBQUNBQUFBQTJNbFVOJTJCYWQ1OExkJTJGdzlnaUl3Ym0ySkRwNG5GUHhpM1ZCb1J5Q0x6cXNEQUFBQUNFdTFyVFo4VjVrZUNlTFJVaEJzcUNQd2olMkJYUWRMWU51QlJlR005c0d4N2NUWXVxOEIyMVFGR1N5a3czJTJGb2YzUkFBQUFBbkVLeDRvYzVoJTJCV3RkbHByNkxPUEN3OWxDNmliMEVuU2ZXaDAlMkI4REpza3kyWnRMY25tQzRNZDlCWFE1MEl3bGFyZUwwQ1J0WUJkR3BXNXBPcGI3RTdnJTNEJTNEIiBSZWNvcmRlZFZhbHVlPSJBUUFBQU5DTW5kOEJGZEVSakhvQXdFJTJGQ2wlMkJzQkFBQUF6OHNFMVBWb2FVbXRsN2RURnVZWDdBQUFBQUFDQUFBQUFBQVFaZ0FBQUFFQUFDQUFBQUFSJTJGTnFqYThPaUJNU0RVM0hmTlNMZk9VTmFvN3JCZXhlUFVFcnhtalZqT3dBQUFBQU9nQUFBQUFJQUFDQUFBQUEyTWxVTiUyQmFkNThMZCUyRnc5Z2lJd2JtMkpEcDRuRlB4aTNWQm9SeUNMenFzREFBQUFDRXUxclRaOFY1a2VDZUxSVWhCc3FDUHdqJTJCWFFkTFlOdUJSZUdNOXNHeDdjVFl1cThCMjFRRkdTeWt3MyUyRm9mM1JBQUFBQW5FS3g0b2M1aCUyQld0ZGxwcjZMT1BDdzlsQzZpYjBFblNmV2gwJTJCOERKc2t5Mlp0TGNubUM0TWQ5QlhRNTBJd2xhcmVMMENSdFlCZEdwVzVwT3BiN0U3ZyUzRCUzRCIgQ29ycmVsYXRpb25CaW5kaW5nPSIiIFVybEVuY29kZT0iRmFsc2UiIFVzZVRvR3JvdXBSZXN1bHRzPSJGYWxzZSIgLz4NCiAgICAgICAgPFF1ZXJ5U3RyaW5nUGFyYW1ldGVyIE5hbWU9InJlcXVlc3RVcmwiIFZhbHVlPSJodHRwJTNBJTJGJTJGbG9jYWxob3N0JTNBNDYyMyUyRkFwcCUyRkRldGFpbCUyRjkiIFJlY29yZGVkVmFsdWU9Imh0dHAlM0ElMkYlMkZsb2NhbGhvc3QlM0E0NjIzJTJGQXBwJTJGRGV0YWlsJTJGOSIgQ29ycmVsYXRpb25CaW5kaW5nPSIiIFVybEVuY29kZT0iRmFsc2UiIFVzZVRvR3JvdXBSZXN1bHRzPSJGYWxzZSIgLz4NCiAgICAgICAgPFF1ZXJ5U3RyaW5nUGFyYW1ldGVyIE5hbWU9ImJyb3dzZXJOYW1lIiBWYWx1ZT0iSW50ZXJuZXQrRXhwbG9yZXIiIFJlY29yZGVkVmFsdWU9IkludGVybmV0K0V4cGxvcmVyIiBDb3JyZWxhdGlvbkJpbmRpbmc9IiIgVXJsRW5jb2RlPSJGYWxzZSIgVXNlVG9Hcm91cFJlc3VsdHM9IkZhbHNlIiAvPg0KICAgICAgPC9RdWVyeVN0cmluZ1BhcmFtZXRlcnM+DQogICAgICA8Rm9ybVBvc3RIdHRwQm9keT4NCiAgICAgICAgPEZvcm1Qb3N0UGFyYW1ldGVyIE5hbWU9ImRhdGEiIFZhbHVlPSJ7JnF1b3Q7bmFtZSZxdW90OzomcXVvdDttaWNyb3NvZnQudmlzdWFsc3R1ZGlvLndlYi5icm93c2VybGluay5odG1sbWFwcGluZ2V4dGVuc2lvbmZhY3RvcnkucmVzb2x2ZVVybCZxdW90OywmcXVvdDthcmdzJnF1b3Q7OlsmcXVvdDt+L19fYnJvd3NlckxpbmsvcmVxdWVzdERhdGEvNzA3OTAxNmE2YWNkNDUzYzg1ZDNhOGQwNzc0NzQzM2UmcXVvdDtdLCZxdW90O2NhbGxiYWNrSWQmcXVvdDs6Mn0iIFJlY29yZGVkVmFsdWU9InsmcXVvdDtuYW1lJnF1b3Q7OiZxdW90O21pY3Jvc29mdC52aXN1YWxzdHVkaW8ud2ViLmJyb3dzZXJsaW5rLmh0bWxtYXBwaW5nZXh0ZW5zaW9uZmFjdG9yeS5yZXNvbHZlVXJsJnF1b3Q7LCZxdW90O2FyZ3MmcXVvdDs6WyZxdW90O34vX19icm93c2VyTGluay9yZXF1ZXN0RGF0YS83MDc5MDE2YTZhY2Q0NTNjODVkM2E4ZDA3NzQ3NDMzZSZxdW90O10sJnF1b3Q7Y2FsbGJhY2tJZCZxdW90OzoyfSIgQ29ycmVsYXRpb25CaW5kaW5nPSIiIFVybEVuY29kZT0iVHJ1ZSIgLz4NCiAgICAgIDwvRm9ybVBvc3RIdHRwQm9keT4NCiAgICA8L1JlcXVlc3Q+DQogICAgPFJlcXVlc3QgTWV0aG9kPSJQT1NUIiBHdWlkPSJkNzdjMTI1YS0zODJmLTRkZjUtYjA3OC0wMmI2ODQzZWNkZGMiIFZlcnNpb249IjEuMSIgVXJsPSJodHRwOi8vbG9jYWxob3N0OjE3NTQ5L2E0NjgwMDA4M2UyOTQzOWE4NWQyMTZkYmM5MjAzYjk0L2FydGVyeVNpZ25hbFIvcG9sbCIgVGhpbmtUaW1lPSIwIiBUaW1lb3V0PSIzMDAiIFBhcnNlRGVwZW5kZW50UmVxdWVzdHM9IlRydWUiIEZvbGxvd1JlZGlyZWN0cz0iVHJ1ZSIgUmVjb3JkUmVzdWx0PSJUcnVlIiBDYWNoZT0iRmFsc2UiIFJlc3BvbnNlVGltZUdvYWw9IjAiIEVuY29kaW5nPSJ1dGYtOCIgRXhwZWN0ZWRIdHRwU3RhdHVzQ29kZT0iMCIgRXhwZWN0ZWRSZXNwb25zZVVybD0iIiBSZXBvcnRpbmdOYW1lPSIiIElnbm9yZUh0dHBTdGF0dXNDb2RlPSJGYWxzZSI+DQogICAgICA8SGVhZGVycz4NCiAgICAgICAgPEhlYWRlciBOYW1lPSJDb250ZW50LVR5cGUiIFZhbHVlPSJhcHBsaWNhdGlvbi94LXd3dy1mb3JtLXVybGVuY29kZWQ7IGNoYXJzZXQ9VVRGLTgiIC8+DQogICAgICAgIDxIZWFkZXIgTmFtZT0iQWNjZXB0IiBWYWx1ZT0idGV4dC9wbGFpbiwgKi8qOyBxPTAuMDEiIC8+DQogICAgICAgIDxIZWFkZXIgTmFtZT0iUmVmZXJlciIgVmFsdWU9Imh0dHA6Ly9sb2NhbGhvc3Q6NDYyMy9BcHAvRGV0YWlsLzkiIC8+DQogICAgICA8L0hlYWRlcnM+DQogICAgICA8UXVlcnlTdHJpbmdQYXJhbWV0ZXJzPg0KICAgICAgICA8UXVlcnlTdHJpbmdQYXJhbWV0ZXIgTmFtZT0idHJhbnNwb3J0IiBWYWx1ZT0ibG9uZ1BvbGxpbmciIFJlY29yZGVkVmFsdWU9ImxvbmdQb2xsaW5nIiBDb3JyZWxhdGlvbkJpbmRpbmc9IiIgVXJsRW5jb2RlPSJGYWxzZSIgVXNlVG9Hcm91cFJlc3VsdHM9IkZhbHNlIiAvPg0KICAgICAgICA8UXVlcnlTdHJpbmdQYXJhbWV0ZXIgTmFtZT0iY29ubmVjdGlvblRva2VuIiBWYWx1ZT0iQVFBQUFOQ01uZDhCRmRFUmpIb0F3RSUyRkNsJTJCc0JBQUFBejhzRTFQVm9hVW10bDdkVEZ1WVg3QUFBQUFBQ0FBQUFBQUFRWmdBQUFBRUFBQ0FBQUFBUiUyRk5xamE4T2lCTVNEVTNIZk5TTGZPVU5hbzdyQmV4ZVBVRXJ4bWpWak93QUFBQUFPZ0FBQUFBSUFBQ0FBQUFBMk1sVU4lMkJhZDU4TGQlMkZ3OWdpSXdibTJKRHA0bkZQeGkzVkJvUnlDTHpxc0RBQUFBQ0V1MXJUWjhWNWtlQ2VMUlVoQnNxQ1B3aiUyQlhRZExZTnVCUmVHTTlzR3g3Y1RZdXE4QjIxUUZHU3lrdzMlMkZvZjNSQUFBQUFuRUt4NG9jNWglMkJXdGRscHI2TE9QQ3c5bEM2aWIwRW5TZldoMCUyQjhESnNreTJadExjbm1DNE1kOUJYUTUwSXdsYXJlTDBDUnRZQmRHcFc1cE9wYjdFN2clM0QlM0QiIFJlY29yZGVkVmFsdWU9IkFRQUFBTkNNbmQ4QkZkRVJqSG9Bd0UlMkZDbCUyQnNCQUFBQXo4c0UxUFZvYVVtdGw3ZFRGdVlYN0FBQUFBQUNBQUFBQUFBUVpnQUFBQUVBQUNBQUFBQVIlMkZOcWphOE9pQk1TRFUzSGZOU0xmT1VOYW83ckJleGVQVUVyeG1qVmpPd0FBQUFBT2dBQUFBQUlBQUNBQUFBQTJNbFVOJTJCYWQ1OExkJTJGdzlnaUl3Ym0ySkRwNG5GUHhpM1ZCb1J5Q0x6cXNEQUFBQUNFdTFyVFo4VjVrZUNlTFJVaEJzcUNQd2olMkJYUWRMWU51QlJlR005c0d4N2NUWXVxOEIyMVFGR1N5a3czJTJGb2YzUkFBQUFBbkVLeDRvYzVoJTJCV3RkbHByNkxPUEN3OWxDNmliMEVuU2ZXaDAlMkI4REpza3kyWnRMY25tQzRNZDlCWFE1MEl3bGFyZUwwQ1J0WUJkR3BXNXBPcGI3RTdnJTNEJTNEIiBDb3JyZWxhdGlvbkJpbmRpbmc9IiIgVXJsRW5jb2RlPSJGYWxzZSIgVXNlVG9Hcm91cFJlc3VsdHM9IkZhbHNlIiAvPg0KICAgICAgICA8UXVlcnlTdHJpbmdQYXJhbWV0ZXIgTmFtZT0ibWVzc2FnZUlkIiBWYWx1ZT0iZC1BRkJCRkIxRS1CJTJDMCU3Q20lMkMyJTdDbiUyQzAiIFJlY29yZGVkVmFsdWU9ImQtQUZCQkZCMUUtQiUyQzAlN0NtJTJDMiU3Q24lMkMwIiBDb3JyZWxhdGlvbkJpbmRpbmc9IiIgVXJsRW5jb2RlPSJGYWxzZSIgVXNlVG9Hcm91cFJlc3VsdHM9IkZhbHNlIiAvPg0KICAgICAgICA8UXVlcnlTdHJpbmdQYXJhbWV0ZXIgTmFtZT0icmVxdWVzdFVybCIgVmFsdWU9Imh0dHAlM0ElMkYlMkZsb2NhbGhvc3QlM0E0NjIzJTJGQXBwJTJGRGV0YWlsJTJGOSIgUmVjb3JkZWRWYWx1ZT0iaHR0cCUzQSUyRiUyRmxvY2FsaG9zdCUzQTQ2MjMlMkZBcHAlMkZEZXRhaWwlMkY5IiBDb3JyZWxhdGlvbkJpbmRpbmc9IiIgVXJsRW5jb2RlPSJGYWxzZSIgVXNlVG9Hcm91cFJlc3VsdHM9IkZhbHNlIiAvPg0KICAgICAgICA8UXVlcnlTdHJpbmdQYXJhbWV0ZXIgTmFtZT0iYnJvd3Nlck5hbWUiIFZhbHVlPSJJbnRlcm5ldCtFeHBsb3JlciIgUmVjb3JkZWRWYWx1ZT0iSW50ZXJuZXQrRXhwbG9yZXIiIENvcnJlbGF0aW9uQmluZGluZz0iIiBVcmxFbmNvZGU9IkZhbHNlIiBVc2VUb0dyb3VwUmVzdWx0cz0iRmFsc2UiIC8+DQogICAgICAgIDxRdWVyeVN0cmluZ1BhcmFtZXRlciBOYW1lPSJ0aWQiIFZhbHVlPSI3IiBSZWNvcmRlZFZhbHVlPSI3IiBDb3JyZWxhdGlvbkJpbmRpbmc9IiIgVXJsRW5jb2RlPSJGYWxzZSIgVXNlVG9Hcm91cFJlc3VsdHM9IkZhbHNlIiAvPg0KICAgICAgICA8UXVlcnlTdHJpbmdQYXJhbWV0ZXIgTmFtZT0iXyIgVmFsdWU9IjEzOTc2MzEwMTU0NTQiIFJlY29yZGVkVmFsdWU9IjEzOTc2MzEwMTU0NTQiIENvcnJlbGF0aW9uQmluZGluZz0iIiBVcmxFbmNvZGU9IkZhbHNlIiBVc2VUb0dyb3VwUmVzdWx0cz0iRmFsc2UiIC8+DQogICAgICA8L1F1ZXJ5U3RyaW5nUGFyYW1ldGVycz4NCiAgICAgIDxGb3JtUG9zdEh0dHBCb2R5IC8+DQogICAgPC9SZXF1ZXN0Pg0KICAgIDxSZXF1ZXN0IE1ldGhvZD0iR0VUIiBHdWlkPSI0NDgwMGFiYi03YWMyLTQyMWQtYTcyYy1hZDU2YWQ3YzUwNmEiIFZlcnNpb249IjEuMSIgVXJsPSJodHRwOi8vbG9jYWxob3N0OjQ2MjMvX19icm93c2VyTGluay9yZXF1ZXN0RGF0YS83MDc5MDE2YTZhY2Q0NTNjODVkM2E4ZDA3NzQ3NDMzZSIgVGhpbmtUaW1lPSIwIiBUaW1lb3V0PSIzMDAiIFBhcnNlRGVwZW5kZW50UmVxdWVzdHM9IlRydWUiIEZvbGxvd1JlZGlyZWN0cz0iVHJ1ZSIgUmVjb3JkUmVzdWx0PSJUcnVlIiBDYWNoZT0iRmFsc2UiIFJlc3BvbnNlVGltZUdvYWw9IjAiIEVuY29kaW5nPSJ1dGYtOCIgRXhwZWN0ZWRIdHRwU3RhdHVzQ29kZT0iMCIgRXhwZWN0ZWRSZXNwb25zZVVybD0iIiBSZXBvcnRpbmdOYW1lPSIiIElnbm9yZUh0dHBTdGF0dXNDb2RlPSJGYWxzZSI+DQogICAgICA8SGVhZGVycz4NCiAgICAgICAgPEhlYWRlciBOYW1lPSJBY2NlcHQiIFZhbHVlPSJhcHBsaWNhdGlvbi9qc29uLCB0ZXh0L2phdmFzY3JpcHQsICovKjsgcT0wLjAxIiAvPg0KICAgICAgICA8SGVhZGVyIE5hbWU9IlgtUmVxdWVzdGVkLVdpdGgiIFZhbHVlPSJYTUxIdHRwUmVxdWVzdCIgLz4NCiAgICAgICAgPEhlYWRlciBOYW1lPSJSZWZlcmVyIiBWYWx1ZT0iaHR0cDovL2xvY2FsaG9zdDo0NjIzL0FwcC9EZXRhaWwvOSIgLz4NCiAgICAgIDwvSGVhZGVycz4NCiAgICA8L1JlcXVlc3Q+DQogICAgPFJlcXVlc3QgTWV0aG9kPSJQT1NUIiBHdWlkPSI2OWYxNDBiOC0zMjExLTQ0NmUtYjNiYS0xMTBkNTNmZGNhM2IiIFZlcnNpb249IjEuMSIgVXJsPSJodHRwOi8vbG9jYWxob3N0OjE3NTQ5L2E0NjgwMDA4M2UyOTQzOWE4NWQyMTZkYmM5MjAzYjk0L2FydGVyeVNpZ25hbFIvcG9sbCIgVGhpbmtUaW1lPSIwIiBUaW1lb3V0PSIzMDAiIFBhcnNlRGVwZW5kZW50UmVxdWVzdHM9IlRydWUiIEZvbGxvd1JlZGlyZWN0cz0iVHJ1ZSIgUmVjb3JkUmVzdWx0PSJUcnVlIiBDYWNoZT0iRmFsc2UiIFJlc3BvbnNlVGltZUdvYWw9IjAiIEVuY29kaW5nPSJ1dGYtOCIgRXhwZWN0ZWRIdHRwU3RhdHVzQ29kZT0iMCIgRXhwZWN0ZWRSZXNwb25zZVVybD0iIiBSZXBvcnRpbmdOYW1lPSIiIElnbm9yZUh0dHBTdGF0dXNDb2RlPSJGYWxzZSI+DQogICAgICA8SGVhZGVycz4NCiAgICAgICAgPEhlYWRlciBOYW1lPSJDb250ZW50LVR5cGUiIFZhbHVlPSJhcHBsaWNhdGlvbi94LXd3dy1mb3JtLXVybGVuY29kZWQ7IGNoYXJzZXQ9VVRGLTgiIC8+DQogICAgICAgIDxIZWFkZXIgTmFtZT0iQWNjZXB0IiBWYWx1ZT0idGV4dC9wbGFpbiwgKi8qOyBxPTAuMDEiIC8+DQogICAgICAgIDxIZWFkZXIgTmFtZT0iUmVmZXJlciIgVmFsdWU9Imh0dHA6Ly9sb2NhbGhvc3Q6NDYyMy9BcHAvRGV0YWlsLzkiIC8+DQogICAgICA8L0hlYWRlcnM+DQogICAgICA8UXVlcnlTdHJpbmdQYXJhbWV0ZXJzPg0KICAgICAgICA8UXVlcnlTdHJpbmdQYXJhbWV0ZXIgTmFtZT0idHJhbnNwb3J0IiBWYWx1ZT0ibG9uZ1BvbGxpbmciIFJlY29yZGVkVmFsdWU9ImxvbmdQb2xsaW5nIiBDb3JyZWxhdGlvbkJpbmRpbmc9IiIgVXJsRW5jb2RlPSJGYWxzZSIgVXNlVG9Hcm91cFJlc3VsdHM9IkZhbHNlIiAvPg0KICAgICAgICA8UXVlcnlTdHJpbmdQYXJhbWV0ZXIgTmFtZT0iY29ubmVjdGlvblRva2VuIiBWYWx1ZT0iQVFBQUFOQ01uZDhCRmRFUmpIb0F3RSUyRkNsJTJCc0JBQUFBejhzRTFQVm9hVW10bDdkVEZ1WVg3QUFBQUFBQ0FBQUFBQUFRWmdBQUFBRUFBQ0FBQUFBUiUyRk5xamE4T2lCTVNEVTNIZk5TTGZPVU5hbzdyQmV4ZVBVRXJ4bWpWak93QUFBQUFPZ0FBQUFBSUFBQ0FBQUFBMk1sVU4lMkJhZDU4TGQlMkZ3OWdpSXdibTJKRHA0bkZQeGkzVkJvUnlDTHpxc0RBQUFBQ0V1MXJUWjhWNWtlQ2VMUlVoQnNxQ1B3aiUyQlhRZExZTnVCUmVHTTlzR3g3Y1RZdXE4QjIxUUZHU3lrdzMlMkZvZjNSQUFBQUFuRUt4NG9jNWglMkJXdGRscHI2TE9QQ3c5bEM2aWIwRW5TZldoMCUyQjhESnNreTJadExjbm1DNE1kOUJYUTUwSXdsYXJlTDBDUnRZQmRHcFc1cE9wYjdFN2clM0QlM0QiIFJlY29yZGVkVmFsdWU9IkFRQUFBTkNNbmQ4QkZkRVJqSG9Bd0UlMkZDbCUyQnNCQUFBQXo4c0UxUFZvYVVtdGw3ZFRGdVlYN0FBQUFBQUNBQUFBQUFBUVpnQUFBQUVBQUNBQUFBQVIlMkZOcWphOE9pQk1TRFUzSGZOU0xmT1VOYW83ckJleGVQVUVyeG1qVmpPd0FBQUFBT2dBQUFBQUlBQUNBQUFBQTJNbFVOJTJCYWQ1OExkJTJGdzlnaUl3Ym0ySkRwNG5GUHhpM1ZCb1J5Q0x6cXNEQUFBQUNFdTFyVFo4VjVrZUNlTFJVaEJzcUNQd2olMkJYUWRMWU51QlJlR005c0d4N2NUWXVxOEIyMVFGR1N5a3czJTJGb2YzUkFBQUFBbkVLeDRvYzVoJTJCV3RkbHByNkxPUEN3OWxDNmliMEVuU2ZXaDAlMkI4REpza3kyWnRMY25tQzRNZDlCWFE1MEl3bGFyZUwwQ1J0WUJkR3BXNXBPcGI3RTdnJTNEJTNEIiBDb3JyZWxhdGlvbkJpbmRpbmc9IiIgVXJsRW5jb2RlPSJGYWxzZSIgVXNlVG9Hcm91cFJlc3VsdHM9IkZhbHNlIiAvPg0KICAgICAgICA8UXVlcnlTdHJpbmdQYXJhbWV0ZXIgTmFtZT0ibWVzc2FnZUlkIiBWYWx1ZT0iZC1BRkJCRkIxRS1CJTJDMCU3Q20lMkMzJTdDbiUyQzAiIFJlY29yZGVkVmFsdWU9ImQtQUZCQkZCMUUtQiUyQzAlN0NtJTJDMyU3Q24lMkMwIiBDb3JyZWxhdGlvbkJpbmRpbmc9IiIgVXJsRW5jb2RlPSJGYWxzZSIgVXNlVG9Hcm91cFJlc3VsdHM9IkZhbHNlIiAvPg0KICAgICAgICA8UXVlcnlTdHJpbmdQYXJhbWV0ZXIgTmFtZT0icmVxdWVzdFVybCIgVmFsdWU9Imh0dHAlM0ElMkYlMkZsb2NhbGhvc3QlM0E0NjIzJTJGQXBwJTJGRGV0YWlsJTJGOSIgUmVjb3JkZWRWYWx1ZT0iaHR0cCUzQSUyRiUyRmxvY2FsaG9zdCUzQTQ2MjMlMkZBcHAlMkZEZXRhaWwlMkY5IiBDb3JyZWxhdGlvbkJpbmRpbmc9IiIgVXJsRW5jb2RlPSJGYWxzZSIgVXNlVG9Hcm91cFJlc3VsdHM9IkZhbHNlIiAvPg0KICAgICAgICA8UXVlcnlTdHJpbmdQYXJhbWV0ZXIgTmFtZT0iYnJvd3Nlck5hbWUiIFZhbHVlPSJJbnRlcm5ldCtFeHBsb3JlciIgUmVjb3JkZWRWYWx1ZT0iSW50ZXJuZXQrRXhwbG9yZXIiIENvcnJlbGF0aW9uQmluZGluZz0iIiBVcmxFbmNvZGU9IkZhbHNlIiBVc2VUb0dyb3VwUmVzdWx0cz0iRmFsc2UiIC8+DQogICAgICAgIDxRdWVyeVN0cmluZ1BhcmFtZXRlciBOYW1lPSJ0aWQiIFZhbHVlPSIzIiBSZWNvcmRlZFZhbHVlPSIzIiBDb3JyZWxhdGlvbkJpbmRpbmc9IiIgVXJsRW5jb2RlPSJGYWxzZSIgVXNlVG9Hcm91cFJlc3VsdHM9IkZhbHNlIiAvPg0KICAgICAgICA8UXVlcnlTdHJpbmdQYXJhbWV0ZXIgTmFtZT0iXyIgVmFsdWU9IjEzOTc2MzEwMTU1MDUiIFJlY29yZGVkVmFsdWU9IjEzOTc2MzEwMTU1MDUiIENvcnJlbGF0aW9uQmluZGluZz0iIiBVcmxFbmNvZGU9IkZhbHNlIiBVc2VUb0dyb3VwUmVzdWx0cz0iRmFsc2UiIC8+DQogICAgICA8L1F1ZXJ5U3RyaW5nUGFyYW1ldGVycz4NCiAgICAgIDxGb3JtUG9zdEh0dHBCb2R5IC8+DQogICAgPC9SZXF1ZXN0Pg0KICAgIDxSZXF1ZXN0IE1ldGhvZD0iUE9TVCIgR3VpZD0iM2JlOGQ3OWUtNzY3Zi00NDIxLThmOTQtYTA1MDRhM2FkZWRjIiBWZXJzaW9uPSIxLjEiIFVybD0iaHR0cDovL2xvY2FsaG9zdDoxNzU0OS9hNDY4MDAwODNlMjk0MzlhODVkMjE2ZGJjOTIwM2I5NC9hcnRlcnlTaWduYWxSL3NlbmQiIFRoaW5rVGltZT0iMCIgVGltZW91dD0iMzAwIiBQYXJzZURlcGVuZGVudFJlcXVlc3RzPSJUcnVlIiBGb2xsb3dSZWRpcmVjdHM9IlRydWUiIFJlY29yZFJlc3VsdD0iVHJ1ZSIgQ2FjaGU9IkZhbHNlIiBSZXNwb25zZVRpbWVHb2FsPSIwIiBFbmNvZGluZz0idXRmLTgiIEV4cGVjdGVkSHR0cFN0YXR1c0NvZGU9IjAiIEV4cGVjdGVkUmVzcG9uc2VVcmw9IiIgUmVwb3J0aW5nTmFtZT0iIiBJZ25vcmVIdHRwU3RhdHVzQ29kZT0iRmFsc2UiPg0KICAgICAgPEhlYWRlcnM+DQogICAgICAgIDxIZWFkZXIgTmFtZT0iQWNjZXB0IiBWYWx1ZT0idGV4dC9wbGFpbiwgKi8qOyBxPTAuMDEiIC8+DQogICAgICAgIDxIZWFkZXIgTmFtZT0iUmVmZXJlciIgVmFsdWU9Imh0dHA6Ly9sb2NhbGhvc3Q6NDYyMy9BcHAvRGV0YWlsLzkiIC8+DQogICAgICA8L0hlYWRlcnM+DQogICAgICA8UXVlcnlTdHJpbmdQYXJhbWV0ZXJzPg0KICAgICAgICA8UXVlcnlTdHJpbmdQYXJhbWV0ZXIgTmFtZT0idHJhbnNwb3J0IiBWYWx1ZT0ibG9uZ1BvbGxpbmciIFJlY29yZGVkVmFsdWU9ImxvbmdQb2xsaW5nIiBDb3JyZWxhdGlvbkJpbmRpbmc9IiIgVXJsRW5jb2RlPSJGYWxzZSIgVXNlVG9Hcm91cFJlc3VsdHM9IkZhbHNlIiAvPg0KICAgICAgICA8UXVlcnlTdHJpbmdQYXJhbWV0ZXIgTmFtZT0iY29ubmVjdGlvblRva2VuIiBWYWx1ZT0iQVFBQUFOQ01uZDhCRmRFUmpIb0F3RSUyRkNsJTJCc0JBQUFBejhzRTFQVm9hVW10bDdkVEZ1WVg3QUFBQUFBQ0FBQUFBQUFRWmdBQUFBRUFBQ0FBQUFBUiUyRk5xamE4T2lCTVNEVTNIZk5TTGZPVU5hbzdyQmV4ZVBVRXJ4bWpWak93QUFBQUFPZ0FBQUFBSUFBQ0FBQUFBMk1sVU4lMkJhZDU4TGQlMkZ3OWdpSXdibTJKRHA0bkZQeGkzVkJvUnlDTHpxc0RBQUFBQ0V1MXJUWjhWNWtlQ2VMUlVoQnNxQ1B3aiUyQlhRZExZTnVCUmVHTTlzR3g3Y1RZdXE4QjIxUUZHU3lrdzMlMkZvZjNSQUFBQUFuRUt4NG9jNWglMkJXdGRscHI2TE9QQ3c5bEM2aWIwRW5TZldoMCUyQjhESnNreTJadExjbm1DNE1kOUJYUTUwSXdsYXJlTDBDUnRZQmRHcFc1cE9wYjdFN2clM0QlM0QiIFJlY29yZGVkVmFsdWU9IkFRQUFBTkNNbmQ4QkZkRVJqSG9Bd0UlMkZDbCUyQnNCQUFBQXo4c0UxUFZvYVVtdGw3ZFRGdVlYN0FBQUFBQUNBQUFBQUFBUVpnQUFBQUVBQUNBQUFBQVIlMkZOcWphOE9pQk1TRFUzSGZOU0xmT1VOYW83ckJleGVQVUVyeG1qVmpPd0FBQUFBT2dBQUFBQUlBQUNBQUFBQTJNbFVOJTJCYWQ1OExkJTJGdzlnaUl3Ym0ySkRwNG5GUHhpM1ZCb1J5Q0x6cXNEQUFBQUNFdTFyVFo4VjVrZUNlTFJVaEJzcUNQd2olMkJYUWRMWU51QlJlR005c0d4N2NUWXVxOEIyMVFGR1N5a3czJTJGb2YzUkFBQUFBbkVLeDRvYzVoJTJCV3RkbHByNkxPUEN3OWxDNmliMEVuU2ZXaDAlMkI4REpza3kyWnRMY25tQzRNZDlCWFE1MEl3bGFyZUwwQ1J0WUJkR3BXNXBPcGI3RTdnJTNEJTNEIiBDb3JyZWxhdGlvbkJpbmRpbmc9IiIgVXJsRW5jb2RlPSJGYWxzZSIgVXNlVG9Hcm91cFJlc3VsdHM9IkZhbHNlIiAvPg0KICAgICAgICA8UXVlcnlTdHJpbmdQYXJhbWV0ZXIgTmFtZT0icmVxdWVzdFVybCIgVmFsdWU9Imh0dHAlM0ElMkYlMkZsb2NhbGhvc3QlM0E0NjIzJTJGQXBwJTJGRGV0YWlsJTJGOSIgUmVjb3JkZWRWYWx1ZT0iaHR0cCUzQSUyRiUyRmxvY2FsaG9zdCUzQTQ2MjMlMkZBcHAlMkZEZXRhaWwlMkY5IiBDb3JyZWxhdGlvbkJpbmRpbmc9IiIgVXJsRW5jb2RlPSJGYWxzZSIgVXNlVG9Hcm91cFJlc3VsdHM9IkZhbHNlIiAvPg0KICAgICAgICA8UXVlcnlTdHJpbmdQYXJhbWV0ZXIgTmFtZT0iYnJvd3Nlck5hbWUiIFZhbHVlPSJJbnRlcm5ldCtFeHBsb3JlciIgUmVjb3JkZWRWYWx1ZT0iSW50ZXJuZXQrRXhwbG9yZXIiIENvcnJlbGF0aW9uQmluZGluZz0iIiBVcmxFbmNvZGU9IkZhbHNlIiBVc2VUb0dyb3VwUmVzdWx0cz0iRmFsc2UiIC8+DQogICAgICA8L1F1ZXJ5U3RyaW5nUGFyYW1ldGVycz4NCiAgICAgIDxGb3JtUG9zdEh0dHBCb2R5Pg0KICAgICAgICA8Rm9ybVBvc3RQYXJhbWV0ZXIgTmFtZT0iZGF0YSIgVmFsdWU9InsmcXVvdDtuYW1lJnF1b3Q7OiZxdW90O21pY3Jvc29mdC52aXN1YWxzdHVkaW8ud2ViLmJyb3dzZXJsaW5rLmh0bWxtYXBwaW5nZXh0ZW5zaW9uZmFjdG9yeS5yZXNvbHZlU291cmNlRmlsZVBhdGhzJnF1b3Q7LCZxdW90O2FyZ3MmcXVvdDs6W1smcXVvdDt+L1ZpZXdzL0FwcC9EZXRhaWwuY3NodG1sJnF1b3Q7XV0sJnF1b3Q7Y2FsbGJhY2tJZCZxdW90OzozfSIgUmVjb3JkZWRWYWx1ZT0ieyZxdW90O25hbWUmcXVvdDs6JnF1b3Q7bWljcm9zb2Z0LnZpc3VhbHN0dWRpby53ZWIuYnJvd3NlcmxpbmsuaHRtbG1hcHBpbmdleHRlbnNpb25mYWN0b3J5LnJlc29sdmVTb3VyY2VGaWxlUGF0aHMmcXVvdDssJnF1b3Q7YXJncyZxdW90OzpbWyZxdW90O34vVmlld3MvQXBwL0RldGFpbC5jc2h0bWwmcXVvdDtdXSwmcXVvdDtjYWxsYmFja0lkJnF1b3Q7OjN9IiBDb3JyZWxhdGlvbkJpbmRpbmc9IiIgVXJsRW5jb2RlPSJUcnVlIiAvPg0KICAgICAgPC9Gb3JtUG9zdEh0dHBCb2R5Pg0KICAgIDwvUmVxdWVzdD4NCiAgICA8UmVxdWVzdCBNZXRob2Q9IkdFVCIgR3VpZD0iM2YwNTI3MDktMDgzZi00YWVlLTg3ZjctYmEzNTZlNDc0ZGVlIiBWZXJzaW9uPSIxLjEiIFVybD0iaHR0cDovL2xvY2FsaG9zdDo0NjIzL0FwcC9EZWxldGUvOSIgVGhpbmtUaW1lPSIwIiBUaW1lb3V0PSIzMDAiIFBhcnNlRGVwZW5kZW50UmVxdWVzdHM9IlRydWUiIEZvbGxvd1JlZGlyZWN0cz0iVHJ1ZSIgUmVjb3JkUmVzdWx0PSJUcnVlIiBDYWNoZT0iRmFsc2UiIFJlc3BvbnNlVGltZUdvYWw9IjAiIEVuY29kaW5nPSJ1dGYtOCIgRXhwZWN0ZWRIdHRwU3RhdHVzQ29kZT0iMCIgRXhwZWN0ZWRSZXNwb25zZVVybD0iIiBSZXBvcnRpbmdOYW1lPSIiIElnbm9yZUh0dHBTdGF0dXNDb2RlPSJGYWxzZSI+DQogICAgICA8SGVhZGVycz4NCiAgICAgICAgPEhlYWRlciBOYW1lPSJSZWZlcmVyIiBWYWx1ZT0iaHR0cDovL2xvY2FsaG9zdDo0NjIzL0FwcC9EZXRhaWwvOSIgLz4NCiAgICAgIDwvSGVhZGVycz4NCiAgICA8L1JlcXVlc3Q+DQogICAgPFJlcXVlc3QgTWV0aG9kPSJHRVQiIEd1aWQ9IjJkNjMzMWUzLWJkYjAtNGZkYy1iMGFlLTQ1Mjc5MDRkZjE1NCIgVmVyc2lvbj0iMS4xIiBVcmw9Imh0dHA6Ly9sb2NhbGhvc3Q6NDYyMy9BcHAvRGVsZXRlLzkiIFRoaW5rVGltZT0iMCIgVGltZW91dD0iMzAwIiBQYXJzZURlcGVuZGVudFJlcXVlc3RzPSJUcnVlIiBGb2xsb3dSZWRpcmVjdHM9IlRydWUiIFJlY29yZFJlc3VsdD0iVHJ1ZSIgQ2FjaGU9IkZhbHNlIiBSZXNwb25zZVRpbWVHb2FsPSIwIiBFbmNvZGluZz0idXRmLTgiIEV4cGVjdGVkSHR0cFN0YXR1c0NvZGU9IjAiIEV4cGVjdGVkUmVzcG9uc2VVcmw9IiIgUmVwb3J0aW5nTmFtZT0iIiBJZ25vcmVIdHRwU3RhdHVzQ29kZT0iRmFsc2UiPg0KICAgICAgPEhlYWRlcnM+DQogICAgICAgIDxIZWFkZXIgTmFtZT0iUmVmZXJlciIgVmFsdWU9Imh0dHA6Ly9sb2NhbGhvc3Q6NDYyMy9BcHAvRGV0YWlsLzkiIC8+DQogICAgICA8L0hlYWRlcnM+DQogICAgPC9SZXF1ZXN0Pg0KICAgIDxSZXF1ZXN0IE1ldGhvZD0iUE9TVCIgR3VpZD0iYzM0MjhmYjUtZDU4NC00MzY1LTkwOWEtMGZjNzRkYjM2MjdiIiBWZXJzaW9uPSIxLjEiIFVybD0iaHR0cDovL2xvY2FsaG9zdDoxNzU0OS9hNDY4MDAwODNlMjk0MzlhODVkMjE2ZGJjOTIwM2I5NC9hcnRlcnlTaWduYWxSL2Fib3J0IiBUaGlua1RpbWU9IjAiIFRpbWVvdXQ9IjMwMCIgUGFyc2VEZXBlbmRlbnRSZXF1ZXN0cz0iVHJ1ZSIgRm9sbG93UmVkaXJlY3RzPSJUcnVlIiBSZWNvcmRSZXN1bHQ9IlRydWUiIENhY2hlPSJGYWxzZSIgUmVzcG9uc2VUaW1lR29hbD0iMCIgRW5jb2Rpbmc9InV0Zi04IiBFeHBlY3RlZEh0dHBTdGF0dXNDb2RlPSIwIiBFeHBlY3RlZFJlc3BvbnNlVXJsPSIiIFJlcG9ydGluZ05hbWU9IiIgSWdub3JlSHR0cFN0YXR1c0NvZGU9IkZhbHNlIj4NCiAgICAgIDxIZWFkZXJzPg0KICAgICAgICA8SGVhZGVyIE5hbWU9IkFjY2VwdCIgVmFsdWU9InRleHQvcGxhaW4sICovKjsgcT0wLjAxIiAvPg0KICAgICAgICA8SGVhZGVyIE5hbWU9IlJlZmVyZXIiIFZhbHVlPSJodHRwOi8vbG9jYWxob3N0OjQ2MjMvQXBwL0RldGFpbC85IiAvPg0KICAgICAgPC9IZWFkZXJzPg0KICAgICAgPFF1ZXJ5U3RyaW5nUGFyYW1ldGVycz4NCiAgICAgICAgPFF1ZXJ5U3RyaW5nUGFyYW1ldGVyIE5hbWU9InRyYW5zcG9ydCIgVmFsdWU9ImxvbmdQb2xsaW5nIiBSZWNvcmRlZFZhbHVlPSJsb25nUG9sbGluZyIgQ29ycmVsYXRpb25CaW5kaW5nPSIiIFVybEVuY29kZT0iRmFsc2UiIFVzZVRvR3JvdXBSZXN1bHRzPSJGYWxzZSIgLz4NCiAgICAgICAgPFF1ZXJ5U3RyaW5nUGFyYW1ldGVyIE5hbWU9ImNvbm5lY3Rpb25Ub2tlbiIgVmFsdWU9IkFRQUFBTkNNbmQ4QkZkRVJqSG9Bd0UlMkZDbCUyQnNCQUFBQXo4c0UxUFZvYVVtdGw3ZFRGdVlYN0FBQUFBQUNBQUFBQUFBUVpnQUFBQUVBQUNBQUFBQVIlMkZOcWphOE9pQk1TRFUzSGZOU0xmT1VOYW83ckJleGVQVUVyeG1qVmpPd0FBQUFBT2dBQUFBQUlBQUNBQUFBQTJNbFVOJTJCYWQ1OExkJTJGdzlnaUl3Ym0ySkRwNG5GUHhpM1ZCb1J5Q0x6cXNEQUFBQUNFdTFyVFo4VjVrZUNlTFJVaEJzcUNQd2olMkJYUWRMWU51QlJlR005c0d4N2NUWXVxOEIyMVFGR1N5a3czJTJGb2YzUkFBQUFBbkVLeDRvYzVoJTJCV3RkbHByNkxPUEN3OWxDNmliMEVuU2ZXaDAlMkI4REpza3kyWnRMY25tQzRNZDlCWFE1MEl3bGFyZUwwQ1J0WUJkR3BXNXBPcGI3RTdnJTNEJTNEIiBSZWNvcmRlZFZhbHVlPSJBUUFBQU5DTW5kOEJGZEVSakhvQXdFJTJGQ2wlMkJzQkFBQUF6OHNFMVBWb2FVbXRsN2RURnVZWDdBQUFBQUFDQUFBQUFBQVFaZ0FBQUFFQUFDQUFBQUFSJTJGTnFqYThPaUJNU0RVM0hmTlNMZk9VTmFvN3JCZXhlUFVFcnhtalZqT3dBQUFBQU9nQUFBQUFJQUFDQUFBQUEyTWxVTiUyQmFkNThMZCUyRnc5Z2lJd2JtMkpEcDRuRlB4aTNWQm9SeUNMenFzREFBQUFDRXUxclRaOFY1a2VDZUxSVWhCc3FDUHdqJTJCWFFkTFlOdUJSZUdNOXNHeDdjVFl1cThCMjFRRkdTeWt3MyUyRm9mM1JBQUFBQW5FS3g0b2M1aCUyQld0ZGxwcjZMT1BDdzlsQzZpYjBFblNmV2gwJTJCOERKc2t5Mlp0TGNubUM0TWQ5QlhRNTBJd2xhcmVMMENSdFlCZEdwVzVwT3BiN0U3ZyUzRCUzRCIgQ29ycmVsYXRpb25CaW5kaW5nPSIiIFVybEVuY29kZT0iRmFsc2UiIFVzZVRvR3JvdXBSZXN1bHRzPSJGYWxzZSIgLz4NCiAgICAgICAgPFF1ZXJ5U3RyaW5nUGFyYW1ldGVyIE5hbWU9InJlcXVlc3RVcmwiIFZhbHVlPSJodHRwJTNBJTJGJTJGbG9jYWxob3N0JTNBNDYyMyUyRkFwcCUyRkRldGFpbCUyRjkiIFJlY29yZGVkVmFsdWU9Imh0dHAlM0ElMkYlMkZsb2NhbGhvc3QlM0E0NjIzJTJGQXBwJTJGRGV0YWlsJTJGOSIgQ29ycmVsYXRpb25CaW5kaW5nPSIiIFVybEVuY29kZT0iRmFsc2UiIFVzZVRvR3JvdXBSZXN1bHRzPSJGYWxzZSIgLz4NCiAgICAgICAgPFF1ZXJ5U3RyaW5nUGFyYW1ldGVyIE5hbWU9ImJyb3dzZXJOYW1lIiBWYWx1ZT0iSW50ZXJuZXQrRXhwbG9yZXIiIFJlY29yZGVkVmFsdWU9IkludGVybmV0K0V4cGxvcmVyIiBDb3JyZWxhdGlvbkJpbmRpbmc9IiIgVXJsRW5jb2RlPSJGYWxzZSIgVXNlVG9Hcm91cFJlc3VsdHM9IkZhbHNlIiAvPg0KICAgICAgPC9RdWVyeVN0cmluZ1BhcmFtZXRlcnM+DQogICAgICA8Rm9ybVBvc3RIdHRwQm9keSAvPg0KICAgIDwvUmVxdWVzdD4NCiAgICA8UmVxdWVzdCBNZXRob2Q9IlBPU1QiIEd1aWQ9IjdjNWU3YTMxLWJlNTItNDJhMS04ZWUwLTA5MzcxZTQ4MDU3NCIgVmVyc2lvbj0iMS4xIiBVcmw9Imh0dHA6Ly9sb2NhbGhvc3Q6MTc1NDkvYTQ2ODAwMDgzZTI5NDM5YTg1ZDIxNmRiYzkyMDNiOTQvYXJ0ZXJ5U2lnbmFsUi9uZWdvdGlhdGUiIFRoaW5rVGltZT0iMCIgVGltZW91dD0iMzAwIiBQYXJzZURlcGVuZGVudFJlcXVlc3RzPSJUcnVlIiBGb2xsb3dSZWRpcmVjdHM9IlRydWUiIFJlY29yZFJlc3VsdD0iVHJ1ZSIgQ2FjaGU9IkZhbHNlIiBSZXNwb25zZVRpbWVHb2FsPSIwIiBFbmNvZGluZz0idXRmLTgiIEV4cGVjdGVkSHR0cFN0YXR1c0NvZGU9IjAiIEV4cGVjdGVkUmVzcG9uc2VVcmw9IiIgUmVwb3J0aW5nTmFtZT0iIiBJZ25vcmVIdHRwU3RhdHVzQ29kZT0iRmFsc2UiPg0KICAgICAgPEhlYWRlcnM+DQogICAgICAgIDxIZWFkZXIgTmFtZT0iQ29udGVudC1UeXBlIiBWYWx1ZT0iYXBwbGljYXRpb24veC13d3ctZm9ybS11cmxlbmNvZGVkOyBjaGFyc2V0PVVURi04IiAvPg0KICAgICAgICA8SGVhZGVyIE5hbWU9IkFjY2VwdCIgVmFsdWU9InRleHQvcGxhaW4sICovKjsgcT0wLjAxIiAvPg0KICAgICAgICA8SGVhZGVyIE5hbWU9IlJlZmVyZXIiIFZhbHVlPSJodHRwOi8vbG9jYWxob3N0OjQ2MjMvQXBwL0RlbGV0ZS85IiAvPg0KICAgICAgPC9IZWFkZXJzPg0KICAgICAgPFF1ZXJ5U3RyaW5nUGFyYW1ldGVycz4NCiAgICAgICAgPFF1ZXJ5U3RyaW5nUGFyYW1ldGVyIE5hbWU9InJlcXVlc3RVcmwiIFZhbHVlPSJodHRwJTNBJTJGJTJGbG9jYWxob3N0JTNBNDYyMyUyRkFwcCUyRkRlbGV0ZSUyRjkiIFJlY29yZGVkVmFsdWU9Imh0dHAlM0ElMkYlMkZsb2NhbGhvc3QlM0E0NjIzJTJGQXBwJTJGRGVsZXRlJTJGOSIgQ29ycmVsYXRpb25CaW5kaW5nPSIiIFVybEVuY29kZT0iRmFsc2UiIFVzZVRvR3JvdXBSZXN1bHRzPSJGYWxzZSIgLz4NCiAgICAgICAgPFF1ZXJ5U3RyaW5nUGFyYW1ldGVyIE5hbWU9ImJyb3dzZXJOYW1lIiBWYWx1ZT0iSW50ZXJuZXQrRXhwbG9yZXIiIFJlY29yZGVkVmFsdWU9IkludGVybmV0K0V4cGxvcmVyIiBDb3JyZWxhdGlvbkJpbmRpbmc9IiIgVXJsRW5jb2RlPSJGYWxzZSIgVXNlVG9Hcm91cFJlc3VsdHM9IkZhbHNlIiAvPg0KICAgICAgICA8UXVlcnlTdHJpbmdQYXJhbWV0ZXIgTmFtZT0iY2xpZW50UHJvdG9jb2wiIFZhbHVlPSIxLjMiIFJlY29yZGVkVmFsdWU9IjEuMyIgQ29ycmVsYXRpb25CaW5kaW5nPSIiIFVybEVuY29kZT0iRmFsc2UiIFVzZVRvR3JvdXBSZXN1bHRzPSJGYWxzZSIgLz4NCiAgICAgICAgPFF1ZXJ5U3RyaW5nUGFyYW1ldGVyIE5hbWU9Il8iIFZhbHVlPSIxMzk3NjMxMDE3MTAyIiBSZWNvcmRlZFZhbHVlPSIxMzk3NjMxMDE3MTAyIiBDb3JyZWxhdGlvbkJpbmRpbmc9IiIgVXJsRW5jb2RlPSJGYWxzZSIgVXNlVG9Hcm91cFJlc3VsdHM9IkZhbHNlIiAvPg0KICAgICAgPC9RdWVyeVN0cmluZ1BhcmFtZXRlcnM+DQogICAgICA8Rm9ybVBvc3RIdHRwQm9keSAvPg0KICAgIDwvUmVxdWVzdD4NCiAgICA8UmVxdWVzdCBNZXRob2Q9IlBPU1QiIEd1aWQ9IjAyZGM0MDMxLTM4ZGItNGQwYS1hZmVhLTUyOTA4YWM2OTg5ZSIgVmVyc2lvbj0iMS4xIiBVcmw9Imh0dHA6Ly9sb2NhbGhvc3Q6MTc1NDkvYTQ2ODAwMDgzZTI5NDM5YTg1ZDIxNmRiYzkyMDNiOTQvYXJ0ZXJ5U2lnbmFsUi9jb25uZWN0IiBUaGlua1RpbWU9IjAiIFRpbWVvdXQ9IjMwMCIgUGFyc2VEZXBlbmRlbnRSZXF1ZXN0cz0iVHJ1ZSIgRm9sbG93UmVkaXJlY3RzPSJUcnVlIiBSZWNvcmRSZXN1bHQ9IlRydWUiIENhY2hlPSJGYWxzZSIgUmVzcG9uc2VUaW1lR29hbD0iMCIgRW5jb2Rpbmc9InV0Zi04IiBFeHBlY3RlZEh0dHBTdGF0dXNDb2RlPSIwIiBFeHBlY3RlZFJlc3BvbnNlVXJsPSIiIFJlcG9ydGluZ05hbWU9IiIgSWdub3JlSHR0cFN0YXR1c0NvZGU9IkZhbHNlIj4NCiAgICAgIDxIZWFkZXJzPg0KICAgICAgICA8SGVhZGVyIE5hbWU9IkNvbnRlbnQtVHlwZSIgVmFsdWU9ImFwcGxpY2F0aW9uL3gtd3d3LWZvcm0tdXJsZW5jb2RlZDsgY2hhcnNldD1VVEYtOCIgLz4NCiAgICAgICAgPEhlYWRlciBOYW1lPSJBY2NlcHQiIFZhbHVlPSJ0ZXh0L3BsYWluLCAqLyo7IHE9MC4wMSIgLz4NCiAgICAgICAgPEhlYWRlciBOYW1lPSJSZWZlcmVyIiBWYWx1ZT0iaHR0cDovL2xvY2FsaG9zdDo0NjIzL0FwcC9EZWxldGUvOSIgLz4NCiAgICAgIDwvSGVhZGVycz4NCiAgICAgIDxRdWVyeVN0cmluZ1BhcmFtZXRlcnM+DQogICAgICAgIDxRdWVyeVN0cmluZ1BhcmFtZXRlciBOYW1lPSJ0cmFuc3BvcnQiIFZhbHVlPSJsb25nUG9sbGluZyIgUmVjb3JkZWRWYWx1ZT0ibG9uZ1BvbGxpbmciIENvcnJlbGF0aW9uQmluZGluZz0iIiBVcmxFbmNvZGU9IkZhbHNlIiBVc2VUb0dyb3VwUmVzdWx0cz0iRmFsc2UiIC8+DQogICAgICAgIDxRdWVyeVN0cmluZ1BhcmFtZXRlciBOYW1lPSJjb25uZWN0aW9uVG9rZW4iIFZhbHVlPSJBUUFBQU5DTW5kOEJGZEVSakhvQXdFJTJGQ2wlMkJzQkFBQUF6OHNFMVBWb2FVbXRsN2RURnVZWDdBQUFBQUFDQUFBQUFBQVFaZ0FBQUFFQUFDQUFBQUQ0VUZYTldIc1NnUlMyRWp2bkdVNHdxTHJPbXZWNVpldkFtOGMxdSUyRnhNN2dBQUFBQU9nQUFBQUFJQUFDQUFBQUJLYThJOERPSU1uQUUwc0hLbGJKNUZ6elQ0TmNaZGZQRkEweEZweGJJbk5EQUFBQUN3RzRTUkF3bUd2STdZJTJCZm16U2lmZVZHSW9jdWhhN0duRzIzcVNGQmxzcHBMT25ad0Q1dk5KUnNJd1JiZ0xQTzlBQUFBQUE1eG45U3Y1TG1aNzc3UiUyQkNWbWx0aFBKZXRRWG15VkxrS0JUVyUyRmN5MmwxUzF1UDJmR1ZiZUZ5OSUyQkdQSG8lMkI1VE1xQkZWbzFGb0RlZ0d2ViUyRmg4JTJCVjNBJTNEJTNEIiBSZWNvcmRlZFZhbHVlPSJBUUFBQU5DTW5kOEJGZEVSakhvQXdFJTJGQ2wlMkJzQkFBQUF6OHNFMVBWb2FVbXRsN2RURnVZWDdBQUFBQUFDQUFBQUFBQVFaZ0FBQUFFQUFDQUFBQUQ0VUZYTldIc1NnUlMyRWp2bkdVNHdxTHJPbXZWNVpldkFtOGMxdSUyRnhNN2dBQUFBQU9nQUFBQUFJQUFDQUFBQUJLYThJOERPSU1uQUUwc0hLbGJKNUZ6elQ0TmNaZGZQRkEweEZweGJJbk5EQUFBQUN3RzRTUkF3bUd2STdZJTJCZm16U2lmZVZHSW9jdWhhN0duRzIzcVNGQmxzcHBMT25ad0Q1dk5KUnNJd1JiZ0xQTzlBQUFBQUE1eG45U3Y1TG1aNzc3UiUyQkNWbWx0aFBKZXRRWG15VkxrS0JUVyUyRmN5MmwxUzF1UDJmR1ZiZUZ5OSUyQkdQSG8lMkI1VE1xQkZWbzFGb0RlZ0d2ViUyRmg4JTJCVjNBJTNEJTNEIiBDb3JyZWxhdGlvbkJpbmRpbmc9IiIgVXJsRW5jb2RlPSJGYWxzZSIgVXNlVG9Hcm91cFJlc3VsdHM9IkZhbHNlIiAvPg0KICAgICAgICA8UXVlcnlTdHJpbmdQYXJhbWV0ZXIgTmFtZT0icmVxdWVzdFVybCIgVmFsdWU9Imh0dHAlM0ElMkYlMkZsb2NhbGhvc3QlM0E0NjIzJTJGQXBwJTJGRGVsZXRlJTJGOSIgUmVjb3JkZWRWYWx1ZT0iaHR0cCUzQSUyRiUyRmxvY2FsaG9zdCUzQTQ2MjMlMkZBcHAlMkZEZWxldGUlMkY5IiBDb3JyZWxhdGlvbkJpbmRpbmc9IiIgVXJsRW5jb2RlPSJGYWxzZSIgVXNlVG9Hcm91cFJlc3VsdHM9IkZhbHNlIiAvPg0KICAgICAgICA8UXVlcnlTdHJpbmdQYXJhbWV0ZXIgTmFtZT0iYnJvd3Nlck5hbWUiIFZhbHVlPSJJbnRlcm5ldCtFeHBsb3JlciIgUmVjb3JkZWRWYWx1ZT0iSW50ZXJuZXQrRXhwbG9yZXIiIENvcnJlbGF0aW9uQmluZGluZz0iIiBVcmxFbmNvZGU9IkZhbHNlIiBVc2VUb0dyb3VwUmVzdWx0cz0iRmFsc2UiIC8+DQogICAgICAgIDxRdWVyeVN0cmluZ1BhcmFtZXRlciBOYW1lPSJ0aWQiIFZhbHVlPSI1IiBSZWNvcmRlZFZhbHVlPSI1IiBDb3JyZWxhdGlvbkJpbmRpbmc9IiIgVXJsRW5jb2RlPSJGYWxzZSIgVXNlVG9Hcm91cFJlc3VsdHM9IkZhbHNlIiAvPg0KICAgICAgICA8UXVlcnlTdHJpbmdQYXJhbWV0ZXIgTmFtZT0iXyIgVmFsdWU9IjEzOTc2MzEwMTc5OTYiIFJlY29yZGVkVmFsdWU9IjEzOTc2MzEwMTc5OTYiIENvcnJlbGF0aW9uQmluZGluZz0iIiBVcmxFbmNvZGU9IkZhbHNlIiBVc2VUb0dyb3VwUmVzdWx0cz0iRmFsc2UiIC8+DQogICAgICA8L1F1ZXJ5U3RyaW5nUGFyYW1ldGVycz4NCiAgICAgIDxGb3JtUG9zdEh0dHBCb2R5IC8+DQogICAgPC9SZXF1ZXN0Pg0KICAgIDxSZXF1ZXN0IE1ldGhvZD0iUE9TVCIgR3VpZD0iMDhhZDkzOTEtZDIyNC00MzczLTg3YjgtOWM5NDhhZWU1OGRiIiBWZXJzaW9uPSIxLjEiIFVybD0iaHR0cDovL2xvY2FsaG9zdDoxNzU0OS9hNDY4MDAwODNlMjk0MzlhODVkMjE2ZGJjOTIwM2I5NC9hcnRlcnlTaWduYWxSL3NlbmQiIFRoaW5rVGltZT0iMCIgVGltZW91dD0iMzAwIiBQYXJzZURlcGVuZGVudFJlcXVlc3RzPSJUcnVlIiBGb2xsb3dSZWRpcmVjdHM9IlRydWUiIFJlY29yZFJlc3VsdD0iVHJ1ZSIgQ2FjaGU9IkZhbHNlIiBSZXNwb25zZVRpbWVHb2FsPSIwIiBFbmNvZGluZz0idXRmLTgiIEV4cGVjdGVkSHR0cFN0YXR1c0NvZGU9IjAiIEV4cGVjdGVkUmVzcG9uc2VVcmw9IiIgUmVwb3J0aW5nTmFtZT0iIiBJZ25vcmVIdHRwU3RhdHVzQ29kZT0iRmFsc2UiPg0KICAgICAgPEhlYWRlcnM+DQogICAgICAgIDxIZWFkZXIgTmFtZT0iQWNjZXB0IiBWYWx1ZT0idGV4dC9wbGFpbiwgKi8qOyBxPTAuMDEiIC8+DQogICAgICAgIDxIZWFkZXIgTmFtZT0iUmVmZXJlciIgVmFsdWU9Imh0dHA6Ly9sb2NhbGhvc3Q6NDYyMy9BcHAvRGVsZXRlLzkiIC8+DQogICAgICA8L0hlYWRlcnM+DQogICAgICA8UXVlcnlTdHJpbmdQYXJhbWV0ZXJzPg0KICAgICAgICA8UXVlcnlTdHJpbmdQYXJhbWV0ZXIgTmFtZT0idHJhbnNwb3J0IiBWYWx1ZT0ibG9uZ1BvbGxpbmciIFJlY29yZGVkVmFsdWU9ImxvbmdQb2xsaW5nIiBDb3JyZWxhdGlvbkJpbmRpbmc9IiIgVXJsRW5jb2RlPSJGYWxzZSIgVXNlVG9Hcm91cFJlc3VsdHM9IkZhbHNlIiAvPg0KICAgICAgICA8UXVlcnlTdHJpbmdQYXJhbWV0ZXIgTmFtZT0iY29ubmVjdGlvblRva2VuIiBWYWx1ZT0iQVFBQUFOQ01uZDhCRmRFUmpIb0F3RSUyRkNsJTJCc0JBQUFBejhzRTFQVm9hVW10bDdkVEZ1WVg3QUFBQUFBQ0FBQUFBQUFRWmdBQUFBRUFBQ0FBQUFENFVGWE5XSHNTZ1JTMkVqdm5HVTR3cUxyT212VjVaZXZBbThjMXUlMkZ4TTdnQUFBQUFPZ0FBQUFBSUFBQ0FBQUFCS2E4SThET0lNbkFFMHNIS2xiSjVGenpUNE5jWmRmUEZBMHhGcHhiSW5OREFBQUFDd0c0U1JBd21Hdkk3WSUyQmZtelNpZmVWR0lvY3VoYTdHbkcyM3FTRkJsc3BwTE9uWndENXZOSlJzSXdSYmdMUE85QUFBQUFBNXhuOVN2NUxtWjc3N1IlMkJDVm1sdGhQSmV0UVhteVZMa0tCVFclMkZjeTJsMVMxdVAyZkdWYmVGeTklMkJHUEhvJTJCNVRNcUJGVm8xRm9EZWdHdlYlMkZoOCUyQlYzQSUzRCUzRCIgUmVjb3JkZWRWYWx1ZT0iQVFBQUFOQ01uZDhCRmRFUmpIb0F3RSUyRkNsJTJCc0JBQUFBejhzRTFQVm9hVW10bDdkVEZ1WVg3QUFBQUFBQ0FBQUFBQUFRWmdBQUFBRUFBQ0FBQUFENFVGWE5XSHNTZ1JTMkVqdm5HVTR3cUxyT212VjVaZXZBbThjMXUlMkZ4TTdnQUFBQUFPZ0FBQUFBSUFBQ0FBQUFCS2E4SThET0lNbkFFMHNIS2xiSjVGenpUNE5jWmRmUEZBMHhGcHhiSW5OREFBQUFDd0c0U1JBd21Hdkk3WSUyQmZtelNpZmVWR0lvY3VoYTdHbkcyM3FTRkJsc3BwTE9uWndENXZOSlJzSXdSYmdMUE85QUFBQUFBNXhuOVN2NUxtWjc3N1IlMkJDVm1sdGhQSmV0UVhteVZMa0tCVFclMkZjeTJsMVMxdVAyZkdWYmVGeTklMkJHUEhvJTJCNVRNcUJGVm8xRm9EZWdHdlYlMkZoOCUyQlYzQSUzRCUzRCIgQ29ycmVsYXRpb25CaW5kaW5nPSIiIFVybEVuY29kZT0iRmFsc2UiIFVzZVRvR3JvdXBSZXN1bHRzPSJGYWxzZSIgLz4NCiAgICAgICAgPFF1ZXJ5U3RyaW5nUGFyYW1ldGVyIE5hbWU9InJlcXVlc3RVcmwiIFZhbHVlPSJodHRwJTNBJTJGJTJGbG9jYWxob3N0JTNBNDYyMyUyRkFwcCUyRkRlbGV0ZSUyRjkiIFJlY29yZGVkVmFsdWU9Imh0dHAlM0ElMkYlMkZsb2NhbGhvc3QlM0E0NjIzJTJGQXBwJTJGRGVsZXRlJTJGOSIgQ29ycmVsYXRpb25CaW5kaW5nPSIiIFVybEVuY29kZT0iRmFsc2UiIFVzZVRvR3JvdXBSZXN1bHRzPSJGYWxzZSIgLz4NCiAgICAgICAgPFF1ZXJ5U3RyaW5nUGFyYW1ldGVyIE5hbWU9ImJyb3dzZXJOYW1lIiBWYWx1ZT0iSW50ZXJuZXQrRXhwbG9yZXIiIFJlY29yZGVkVmFsdWU9IkludGVybmV0K0V4cGxvcmVyIiBDb3JyZWxhdGlvbkJpbmRpbmc9IiIgVXJsRW5jb2RlPSJGYWxzZSIgVXNlVG9Hcm91cFJlc3VsdHM9IkZhbHNlIiAvPg0KICAgICAgPC9RdWVyeVN0cmluZ1BhcmFtZXRlcnM+DQogICAgICA8Rm9ybVBvc3RIdHRwQm9keT4NCiAgICAgICAgPEZvcm1Qb3N0UGFyYW1ldGVyIE5hbWU9ImRhdGEiIFZhbHVlPSJ7JnF1b3Q7bmFtZSZxdW90OzomcXVvdDtNaWNyb3NvZnQuVmlzdWFsU3R1ZGlvLldlYi5Ccm93c2VyTGluay5Db3JlRXh0ZW5zaW9uRmFjdG9yeS5jb25uZWN0ZWQmcXVvdDssJnF1b3Q7Y2FsbGJhY2tJZCZxdW90OzoxfSIgUmVjb3JkZWRWYWx1ZT0ieyZxdW90O25hbWUmcXVvdDs6JnF1b3Q7TWljcm9zb2Z0LlZpc3VhbFN0dWRpby5XZWIuQnJvd3NlckxpbmsuQ29yZUV4dGVuc2lvbkZhY3RvcnkuY29ubmVjdGVkJnF1b3Q7LCZxdW90O2NhbGxiYWNrSWQmcXVvdDs6MX0iIENvcnJlbGF0aW9uQmluZGluZz0iIiBVcmxFbmNvZGU9IlRydWUiIC8+DQogICAgICA8L0Zvcm1Qb3N0SHR0cEJvZHk+DQogICAgPC9SZXF1ZXN0Pg0KICAgIDxSZXF1ZXN0IE1ldGhvZD0iUE9TVCIgR3VpZD0iOWE0NmRjODctNThjOS00OTRkLWJiOGUtNjJjNzA2ZDE4NTAzIiBWZXJzaW9uPSIxLjEiIFVybD0iaHR0cDovL2xvY2FsaG9zdDoxNzU0OS9hNDY4MDAwODNlMjk0MzlhODVkMjE2ZGJjOTIwM2I5NC9hcnRlcnlTaWduYWxSL3BvbGwiIFRoaW5rVGltZT0iMCIgVGltZW91dD0iMzAwIiBQYXJzZURlcGVuZGVudFJlcXVlc3RzPSJUcnVlIiBGb2xsb3dSZWRpcmVjdHM9IlRydWUiIFJlY29yZFJlc3VsdD0iVHJ1ZSIgQ2FjaGU9IkZhbHNlIiBSZXNwb25zZVRpbWVHb2FsPSIwIiBFbmNvZGluZz0idXRmLTgiIEV4cGVjdGVkSHR0cFN0YXR1c0NvZGU9IjAiIEV4cGVjdGVkUmVzcG9uc2VVcmw9IiIgUmVwb3J0aW5nTmFtZT0iIiBJZ25vcmVIdHRwU3RhdHVzQ29kZT0iRmFsc2UiPg0KICAgICAgPEhlYWRlcnM+DQogICAgICAgIDxIZWFkZXIgTmFtZT0iQ29udGVudC1UeXBlIiBWYWx1ZT0iYXBwbGljYXRpb24veC13d3ctZm9ybS11cmxlbmNvZGVkOyBjaGFyc2V0PVVURi04IiAvPg0KICAgICAgICA8SGVhZGVyIE5hbWU9IkFjY2VwdCIgVmFsdWU9InRleHQvcGxhaW4sICovKjsgcT0wLjAxIiAvPg0KICAgICAgICA8SGVhZGVyIE5hbWU9IlJlZmVyZXIiIFZhbHVlPSJodHRwOi8vbG9jYWxob3N0OjQ2MjMvQXBwL0RlbGV0ZS85IiAvPg0KICAgICAgPC9IZWFkZXJzPg0KICAgICAgPFF1ZXJ5U3RyaW5nUGFyYW1ldGVycz4NCiAgICAgICAgPFF1ZXJ5U3RyaW5nUGFyYW1ldGVyIE5hbWU9InRyYW5zcG9ydCIgVmFsdWU9ImxvbmdQb2xsaW5nIiBSZWNvcmRlZFZhbHVlPSJsb25nUG9sbGluZyIgQ29ycmVsYXRpb25CaW5kaW5nPSIiIFVybEVuY29kZT0iRmFsc2UiIFVzZVRvR3JvdXBSZXN1bHRzPSJGYWxzZSIgLz4NCiAgICAgICAgPFF1ZXJ5U3RyaW5nUGFyYW1ldGVyIE5hbWU9ImNvbm5lY3Rpb25Ub2tlbiIgVmFsdWU9IkFRQUFBTkNNbmQ4QkZkRVJqSG9Bd0UlMkZDbCUyQnNCQUFBQXo4c0UxUFZvYVVtdGw3ZFRGdVlYN0FBQUFBQUNBQUFBQUFBUVpnQUFBQUVBQUNBQUFBRDRVRlhOV0hzU2dSUzJFanZuR1U0d3FMck9tdlY1WmV2QW04YzF1JTJGeE03Z0FBQUFBT2dBQUFBQUlBQUNBQUFBQkthOEk4RE9JTW5BRTBzSEtsYko1Rnp6VDROY1pkZlBGQTB4RnB4YkluTkRBQUFBQ3dHNFNSQXdtR3ZJN1klMkJmbXpTaWZlVkdJb2N1aGE3R25HMjNxU0ZCbHNwcExPblp3RDV2TkpSc0l3UmJnTFBPOUFBQUFBQTV4bjlTdjVMbVo3NzdSJTJCQ1ZtbHRoUEpldFFYbXlWTGtLQlRXJTJGY3kybDFTMXVQMmZHVmJlRnk5JTJCR1BIbyUyQjVUTXFCRlZvMUZvRGVnR3ZWJTJGaDglMkJWM0ElM0QlM0QiIFJlY29yZGVkVmFsdWU9IkFRQUFBTkNNbmQ4QkZkRVJqSG9Bd0UlMkZDbCUyQnNCQUFBQXo4c0UxUFZvYVVtdGw3ZFRGdVlYN0FBQUFBQUNBQUFBQUFBUVpnQUFBQUVBQUNBQUFBRDRVRlhOV0hzU2dSUzJFanZuR1U0d3FMck9tdlY1WmV2QW04YzF1JTJGeE03Z0FBQUFBT2dBQUFBQUlBQUNBQUFBQkthOEk4RE9JTW5BRTBzSEtsYko1Rnp6VDROY1pkZlBGQTB4RnB4YkluTkRBQUFBQ3dHNFNSQXdtR3ZJN1klMkJmbXpTaWZlVkdJb2N1aGE3R25HMjNxU0ZCbHNwcExPblp3RDV2TkpSc0l3UmJnTFBPOUFBQUFBQTV4bjlTdjVMbVo3NzdSJTJCQ1ZtbHRoUEpldFFYbXlWTGtLQlRXJTJGY3kybDFTMXVQMmZHVmJlRnk5JTJCR1BIbyUyQjVUTXFCRlZvMUZvRGVnR3ZWJTJGaDglMkJWM0ElM0QlM0QiIENvcnJlbGF0aW9uQmluZGluZz0iIiBVcmxFbmNvZGU9IkZhbHNlIiBVc2VUb0dyb3VwUmVzdWx0cz0iRmFsc2UiIC8+DQogICAgICAgIDxRdWVyeVN0cmluZ1BhcmFtZXRlciBOYW1lPSJtZXNzYWdlSWQiIFZhbHVlPSJkLUFGQkJGQjFFLUIlMkMwJTdDbyUyQzElN0NwJTJDMCIgUmVjb3JkZWRWYWx1ZT0iZC1BRkJCRkIxRS1CJTJDMCU3Q28lMkMxJTdDcCUyQzAiIENvcnJlbGF0aW9uQmluZGluZz0iIiBVcmxFbmNvZGU9IkZhbHNlIiBVc2VUb0dyb3VwUmVzdWx0cz0iRmFsc2UiIC8+DQogICAgICAgIDxRdWVyeVN0cmluZ1BhcmFtZXRlciBOYW1lPSJyZXF1ZXN0VXJsIiBWYWx1ZT0iaHR0cCUzQSUyRiUyRmxvY2FsaG9zdCUzQTQ2MjMlMkZBcHAlMkZEZWxldGUlMkY5IiBSZWNvcmRlZFZhbHVlPSJodHRwJTNBJTJGJTJGbG9jYWxob3N0JTNBNDYyMyUyRkFwcCUyRkRlbGV0ZSUyRjkiIENvcnJlbGF0aW9uQmluZGluZz0iIiBVcmxFbmNvZGU9IkZhbHNlIiBVc2VUb0dyb3VwUmVzdWx0cz0iRmFsc2UiIC8+DQogICAgICAgIDxRdWVyeVN0cmluZ1BhcmFtZXRlciBOYW1lPSJicm93c2VyTmFtZSIgVmFsdWU9IkludGVybmV0K0V4cGxvcmVyIiBSZWNvcmRlZFZhbHVlPSJJbnRlcm5ldCtFeHBsb3JlciIgQ29ycmVsYXRpb25CaW5kaW5nPSIiIFVybEVuY29kZT0iRmFsc2UiIFVzZVRvR3JvdXBSZXN1bHRzPSJGYWxzZSIgLz4NCiAgICAgICAgPFF1ZXJ5U3RyaW5nUGFyYW1ldGVyIE5hbWU9InRpZCIgVmFsdWU9IjYiIFJlY29yZGVkVmFsdWU9IjYiIENvcnJlbGF0aW9uQmluZGluZz0iIiBVcmxFbmNvZGU9IkZhbHNlIiBVc2VUb0dyb3VwUmVzdWx0cz0iRmFsc2UiIC8+DQogICAgICAgIDxRdWVyeVN0cmluZ1BhcmFtZXRlciBOYW1lPSJfIiBWYWx1ZT0iMTM5NzYzMTAxODAxMiIgUmVjb3JkZWRWYWx1ZT0iMTM5NzYzMTAxODAxMiIgQ29ycmVsYXRpb25CaW5kaW5nPSIiIFVybEVuY29kZT0iRmFsc2UiIFVzZVRvR3JvdXBSZXN1bHRzPSJGYWxzZSIgLz4NCiAgICAgIDwvUXVlcnlTdHJpbmdQYXJhbWV0ZXJzPg0KICAgICAgPEZvcm1Qb3N0SHR0cEJvZHkgLz4NCiAgICA8L1JlcXVlc3Q+DQogICAgPFJlcXVlc3QgTWV0aG9kPSJQT1NUIiBHdWlkPSJmN2NhN2RjMS04MWU5LTRjMWItYjBlZC0yOGI3ODk3MWJiNGYiIFZlcnNpb249IjEuMSIgVXJsPSJodHRwOi8vbG9jYWxob3N0OjE3NTQ5L2E0NjgwMDA4M2UyOTQzOWE4NWQyMTZkYmM5MjAzYjk0L2FydGVyeVNpZ25hbFIvc2VuZCIgVGhpbmtUaW1lPSIwIiBUaW1lb3V0PSIzMDAiIFBhcnNlRGVwZW5kZW50UmVxdWVzdHM9IlRydWUiIEZvbGxvd1JlZGlyZWN0cz0iVHJ1ZSIgUmVjb3JkUmVzdWx0PSJUcnVlIiBDYWNoZT0iRmFsc2UiIFJlc3BvbnNlVGltZUdvYWw9IjAiIEVuY29kaW5nPSJ1dGYtOCIgRXhwZWN0ZWRIdHRwU3RhdHVzQ29kZT0iMCIgRXhwZWN0ZWRSZXNwb25zZVVybD0iIiBSZXBvcnRpbmdOYW1lPSIiIElnbm9yZUh0dHBTdGF0dXNDb2RlPSJGYWxzZSI+DQogICAgICA8SGVhZGVycz4NCiAgICAgICAgPEhlYWRlciBOYW1lPSJBY2NlcHQiIFZhbHVlPSJ0ZXh0L3BsYWluLCAqLyo7IHE9MC4wMSIgLz4NCiAgICAgICAgPEhlYWRlciBOYW1lPSJSZWZlcmVyIiBWYWx1ZT0iaHR0cDovL2xvY2FsaG9zdDo0NjIzL0FwcC9EZWxldGUvOSIgLz4NCiAgICAgIDwvSGVhZGVycz4NCiAgICAgIDxRdWVyeVN0cmluZ1BhcmFtZXRlcnM+DQogICAgICAgIDxRdWVyeVN0cmluZ1BhcmFtZXRlciBOYW1lPSJ0cmFuc3BvcnQiIFZhbHVlPSJsb25nUG9sbGluZyIgUmVjb3JkZWRWYWx1ZT0ibG9uZ1BvbGxpbmciIENvcnJlbGF0aW9uQmluZGluZz0iIiBVcmxFbmNvZGU9IkZhbHNlIiBVc2VUb0dyb3VwUmVzdWx0cz0iRmFsc2UiIC8+DQogICAgICAgIDxRdWVyeVN0cmluZ1BhcmFtZXRlciBOYW1lPSJjb25uZWN0aW9uVG9rZW4iIFZhbHVlPSJBUUFBQU5DTW5kOEJGZEVSakhvQXdFJTJGQ2wlMkJzQkFBQUF6OHNFMVBWb2FVbXRsN2RURnVZWDdBQUFBQUFDQUFBQUFBQVFaZ0FBQUFFQUFDQUFBQUQ0VUZYTldIc1NnUlMyRWp2bkdVNHdxTHJPbXZWNVpldkFtOGMxdSUyRnhNN2dBQUFBQU9nQUFBQUFJQUFDQUFBQUJLYThJOERPSU1uQUUwc0hLbGJKNUZ6elQ0TmNaZGZQRkEweEZweGJJbk5EQUFBQUN3RzRTUkF3bUd2STdZJTJCZm16U2lmZVZHSW9jdWhhN0duRzIzcVNGQmxzcHBMT25ad0Q1dk5KUnNJd1JiZ0xQTzlBQUFBQUE1eG45U3Y1TG1aNzc3UiUyQkNWbWx0aFBKZXRRWG15VkxrS0JUVyUyRmN5MmwxUzF1UDJmR1ZiZUZ5OSUyQkdQSG8lMkI1VE1xQkZWbzFGb0RlZ0d2ViUyRmg4JTJCVjNBJTNEJTNEIiBSZWNvcmRlZFZhbHVlPSJBUUFBQU5DTW5kOEJGZEVSakhvQXdFJTJGQ2wlMkJzQkFBQUF6OHNFMVBWb2FVbXRsN2RURnVZWDdBQUFBQUFDQUFBQUFBQVFaZ0FBQUFFQUFDQUFBQUQ0VUZYTldIc1NnUlMyRWp2bkdVNHdxTHJPbXZWNVpldkFtOGMxdSUyRnhNN2dBQUFBQU9nQUFBQUFJQUFDQUFBQUJLYThJOERPSU1uQUUwc0hLbGJKNUZ6elQ0TmNaZGZQRkEweEZweGJJbk5EQUFBQUN3RzRTUkF3bUd2STdZJTJCZm16U2lmZVZHSW9jdWhhN0duRzIzcVNGQmxzcHBMT25ad0Q1dk5KUnNJd1JiZ0xQTzlBQUFBQUE1eG45U3Y1TG1aNzc3UiUyQkNWbWx0aFBKZXRRWG15VkxrS0JUVyUyRmN5MmwxUzF1UDJmR1ZiZUZ5OSUyQkdQSG8lMkI1VE1xQkZWbzFGb0RlZ0d2ViUyRmg4JTJCVjNBJTNEJTNEIiBDb3JyZWxhdGlvbkJpbmRpbmc9IiIgVXJsRW5jb2RlPSJGYWxzZSIgVXNlVG9Hcm91cFJlc3VsdHM9IkZhbHNlIiAvPg0KICAgICAgICA8UXVlcnlTdHJpbmdQYXJhbWV0ZXIgTmFtZT0icmVxdWVzdFVybCIgVmFsdWU9Imh0dHAlM0ElMkYlMkZsb2NhbGhvc3QlM0E0NjIzJTJGQXBwJTJGRGVsZXRlJTJGOSIgUmVjb3JkZWRWYWx1ZT0iaHR0cCUzQSUyRiUyRmxvY2FsaG9zdCUzQTQ2MjMlMkZBcHAlMkZEZWxldGUlMkY5IiBDb3JyZWxhdGlvbkJpbmRpbmc9IiIgVXJsRW5jb2RlPSJGYWxzZSIgVXNlVG9Hcm91cFJlc3VsdHM9IkZhbHNlIiAvPg0KICAgICAgICA8UXVlcnlTdHJpbmdQYXJhbWV0ZXIgTmFtZT0iYnJvd3Nlck5hbWUiIFZhbHVlPSJJbnRlcm5ldCtFeHBsb3JlciIgUmVjb3JkZWRWYWx1ZT0iSW50ZXJuZXQrRXhwbG9yZXIiIENvcnJlbGF0aW9uQmluZGluZz0iIiBVcmxFbmNvZGU9IkZhbHNlIiBVc2VUb0dyb3VwUmVzdWx0cz0iRmFsc2UiIC8+DQogICAgICA8L1F1ZXJ5U3RyaW5nUGFyYW1ldGVycz4NCiAgICAgIDxGb3JtUG9zdEh0dHBCb2R5Pg0KICAgICAgICA8Rm9ybVBvc3RQYXJhbWV0ZXIgTmFtZT0iZGF0YSIgVmFsdWU9InsmcXVvdDtuYW1lJnF1b3Q7OiZxdW90O21pY3Jvc29mdC52aXN1YWxzdHVkaW8ud2ViLmJyb3dzZXJsaW5rLmh0bWxtYXBwaW5nZXh0ZW5zaW9uZmFjdG9yeS5yZXNvbHZlVXJsJnF1b3Q7LCZxdW90O2FyZ3MmcXVvdDs6WyZxdW90O34vX19icm93c2VyTGluay9yZXF1ZXN0RGF0YS9hNDgwY2RjYjhkY2I0YjUyOGQ2NTBlMTdkN2UyOTJlMCZxdW90O10sJnF1b3Q7Y2FsbGJhY2tJZCZxdW90OzoyfSIgUmVjb3JkZWRWYWx1ZT0ieyZxdW90O25hbWUmcXVvdDs6JnF1b3Q7bWljcm9zb2Z0LnZpc3VhbHN0dWRpby53ZWIuYnJvd3NlcmxpbmsuaHRtbG1hcHBpbmdleHRlbnNpb25mYWN0b3J5LnJlc29sdmVVcmwmcXVvdDssJnF1b3Q7YXJncyZxdW90OzpbJnF1b3Q7fi9fX2Jyb3dzZXJMaW5rL3JlcXVlc3REYXRhL2E0ODBjZGNiOGRjYjRiNTI4ZDY1MGUxN2Q3ZTI5MmUwJnF1b3Q7XSwmcXVvdDtjYWxsYmFja0lkJnF1b3Q7OjJ9IiBDb3JyZWxhdGlvbkJpbmRpbmc9IiIgVXJsRW5jb2RlPSJUcnVlIiAvPg0KICAgICAgPC9Gb3JtUG9zdEh0dHBCb2R5Pg0KICAgIDwvUmVxdWVzdD4NCiAgICA8UmVxdWVzdCBNZXRob2Q9IlBPU1QiIEd1aWQ9ImY3YWUwZTU2LWFlNzktNDU5Yy05ZmE2LTE5MjM5ZWI5NDNmMyIgVmVyc2lvbj0iMS4xIiBVcmw9Imh0dHA6Ly9sb2NhbGhvc3Q6MTc1NDkvYTQ2ODAwMDgzZTI5NDM5YTg1ZDIxNmRiYzkyMDNiOTQvYXJ0ZXJ5U2lnbmFsUi9wb2xsIiBUaGlua1RpbWU9IjAiIFRpbWVvdXQ9IjMwMCIgUGFyc2VEZXBlbmRlbnRSZXF1ZXN0cz0iVHJ1ZSIgRm9sbG93UmVkaXJlY3RzPSJUcnVlIiBSZWNvcmRSZXN1bHQ9IlRydWUiIENhY2hlPSJGYWxzZSIgUmVzcG9uc2VUaW1lR29hbD0iMCIgRW5jb2Rpbmc9InV0Zi04IiBFeHBlY3RlZEh0dHBTdGF0dXNDb2RlPSIwIiBFeHBlY3RlZFJlc3BvbnNlVXJsPSIiIFJlcG9ydGluZ05hbWU9IiIgSWdub3JlSHR0cFN0YXR1c0NvZGU9IkZhbHNlIj4NCiAgICAgIDxIZWFkZXJzPg0KICAgICAgICA8SGVhZGVyIE5hbWU9IkNvbnRlbnQtVHlwZSIgVmFsdWU9ImFwcGxpY2F0aW9uL3gtd3d3LWZvcm0tdXJsZW5jb2RlZDsgY2hhcnNldD1VVEYtOCIgLz4NCiAgICAgICAgPEhlYWRlciBOYW1lPSJBY2NlcHQiIFZhbHVlPSJ0ZXh0L3BsYWluLCAqLyo7IHE9MC4wMSIgLz4NCiAgICAgICAgPEhlYWRlciBOYW1lPSJSZWZlcmVyIiBWYWx1ZT0iaHR0cDovL2xvY2FsaG9zdDo0NjIzL0FwcC9EZWxldGUvOSIgLz4NCiAgICAgIDwvSGVhZGVycz4NCiAgICAgIDxRdWVyeVN0cmluZ1BhcmFtZXRlcnM+DQogICAgICAgIDxRdWVyeVN0cmluZ1BhcmFtZXRlciBOYW1lPSJ0cmFuc3BvcnQiIFZhbHVlPSJsb25nUG9sbGluZyIgUmVjb3JkZWRWYWx1ZT0ibG9uZ1BvbGxpbmciIENvcnJlbGF0aW9uQmluZGluZz0iIiBVcmxFbmNvZGU9IkZhbHNlIiBVc2VUb0dyb3VwUmVzdWx0cz0iRmFsc2UiIC8+DQogICAgICAgIDxRdWVyeVN0cmluZ1BhcmFtZXRlciBOYW1lPSJjb25uZWN0aW9uVG9rZW4iIFZhbHVlPSJBUUFBQU5DTW5kOEJGZEVSakhvQXdFJTJGQ2wlMkJzQkFBQUF6OHNFMVBWb2FVbXRsN2RURnVZWDdBQUFBQUFDQUFBQUFBQVFaZ0FBQUFFQUFDQUFBQUQ0VUZYTldIc1NnUlMyRWp2bkdVNHdxTHJPbXZWNVpldkFtOGMxdSUyRnhNN2dBQUFBQU9nQUFBQUFJQUFDQUFBQUJLYThJOERPSU1uQUUwc0hLbGJKNUZ6elQ0TmNaZGZQRkEweEZweGJJbk5EQUFBQUN3RzRTUkF3bUd2STdZJTJCZm16U2lmZVZHSW9jdWhhN0duRzIzcVNGQmxzcHBMT25ad0Q1dk5KUnNJd1JiZ0xQTzlBQUFBQUE1eG45U3Y1TG1aNzc3UiUyQkNWbWx0aFBKZXRRWG15VkxrS0JUVyUyRmN5MmwxUzF1UDJmR1ZiZUZ5OSUyQkdQSG8lMkI1VE1xQkZWbzFGb0RlZ0d2ViUyRmg4JTJCVjNBJTNEJTNEIiBSZWNvcmRlZFZhbHVlPSJBUUFBQU5DTW5kOEJGZEVSakhvQXdFJTJGQ2wlMkJzQkFBQUF6OHNFMVBWb2FVbXRsN2RURnVZWDdBQUFBQUFDQUFBQUFBQVFaZ0FBQUFFQUFDQUFBQUQ0VUZYTldIc1NnUlMyRWp2bkdVNHdxTHJPbXZWNVpldkFtOGMxdSUyRnhNN2dBQUFBQU9nQUFBQUFJQUFDQUFBQUJLYThJOERPSU1uQUUwc0hLbGJKNUZ6elQ0TmNaZGZQRkEweEZweGJJbk5EQUFBQUN3RzRTUkF3bUd2STdZJTJCZm16U2lmZVZHSW9jdWhhN0duRzIzcVNGQmxzcHBMT25ad0Q1dk5KUnNJd1JiZ0xQTzlBQUFBQUE1eG45U3Y1TG1aNzc3UiUyQkNWbWx0aFBKZXRRWG15VkxrS0JUVyUyRmN5MmwxUzF1UDJmR1ZiZUZ5OSUyQkdQSG8lMkI1VE1xQkZWbzFGb0RlZ0d2ViUyRmg4JTJCVjNBJTNEJTNEIiBDb3JyZWxhdGlvbkJpbmRpbmc9IiIgVXJsRW5jb2RlPSJGYWxzZSIgVXNlVG9Hcm91cFJlc3VsdHM9IkZhbHNlIiAvPg0KICAgICAgICA8UXVlcnlTdHJpbmdQYXJhbWV0ZXIgTmFtZT0ibWVzc2FnZUlkIiBWYWx1ZT0iZC1BRkJCRkIxRS1CJTJDMCU3Q28lMkMyJTdDcCUyQzAiIFJlY29yZGVkVmFsdWU9ImQtQUZCQkZCMUUtQiUyQzAlN0NvJTJDMiU3Q3AlMkMwIiBDb3JyZWxhdGlvbkJpbmRpbmc9IiIgVXJsRW5jb2RlPSJGYWxzZSIgVXNlVG9Hcm91cFJlc3VsdHM9IkZhbHNlIiAvPg0KICAgICAgICA8UXVlcnlTdHJpbmdQYXJhbWV0ZXIgTmFtZT0icmVxdWVzdFVybCIgVmFsdWU9Imh0dHAlM0ElMkYlMkZsb2NhbGhvc3QlM0E0NjIzJTJGQXBwJTJGRGVsZXRlJTJGOSIgUmVjb3JkZWRWYWx1ZT0iaHR0cCUzQSUyRiUyRmxvY2FsaG9zdCUzQTQ2MjMlMkZBcHAlMkZEZWxldGUlMkY5IiBDb3JyZWxhdGlvbkJpbmRpbmc9IiIgVXJsRW5jb2RlPSJGYWxzZSIgVXNlVG9Hcm91cFJlc3VsdHM9IkZhbHNlIiAvPg0KICAgICAgICA8UXVlcnlTdHJpbmdQYXJhbWV0ZXIgTmFtZT0iYnJvd3Nlck5hbWUiIFZhbHVlPSJJbnRlcm5ldCtFeHBsb3JlciIgUmVjb3JkZWRWYWx1ZT0iSW50ZXJuZXQrRXhwbG9yZXIiIENvcnJlbGF0aW9uQmluZGluZz0iIiBVcmxFbmNvZGU9IkZhbHNlIiBVc2VUb0dyb3VwUmVzdWx0cz0iRmFsc2UiIC8+DQogICAgICAgIDxRdWVyeVN0cmluZ1BhcmFtZXRlciBOYW1lPSJ0aWQiIFZhbHVlPSI1IiBSZWNvcmRlZFZhbHVlPSI1IiBDb3JyZWxhdGlvbkJpbmRpbmc9IiIgVXJsRW5jb2RlPSJGYWxzZSIgVXNlVG9Hcm91cFJlc3VsdHM9IkZhbHNlIiAvPg0KICAgICAgICA8UXVlcnlTdHJpbmdQYXJhbWV0ZXIgTmFtZT0iXyIgVmFsdWU9IjEzOTc2MzEwMTgwOTEiIFJlY29yZGVkVmFsdWU9IjEzOTc2MzEwMTgwOTEiIENvcnJlbGF0aW9uQmluZGluZz0iIiBVcmxFbmNvZGU9IkZhbHNlIiBVc2VUb0dyb3VwUmVzdWx0cz0iRmFsc2UiIC8+DQogICAgICA8L1F1ZXJ5U3RyaW5nUGFyYW1ldGVycz4NCiAgICAgIDxGb3JtUG9zdEh0dHBCb2R5IC8+DQogICAgPC9SZXF1ZXN0Pg0KICAgIDxSZXF1ZXN0IE1ldGhvZD0iR0VUIiBHdWlkPSI2NzVkZjlhNS1kNmYzLTQ0YjctOTk0Mi04MDg5NmQzNzAxMDEiIFZlcnNpb249IjEuMSIgVXJsPSJodHRwOi8vbG9jYWxob3N0OjQ2MjMvX19icm93c2VyTGluay9yZXF1ZXN0RGF0YS9hNDgwY2RjYjhkY2I0YjUyOGQ2NTBlMTdkN2UyOTJlMCIgVGhpbmtUaW1lPSIwIiBUaW1lb3V0PSIzMDAiIFBhcnNlRGVwZW5kZW50UmVxdWVzdHM9IlRydWUiIEZvbGxvd1JlZGlyZWN0cz0iVHJ1ZSIgUmVjb3JkUmVzdWx0PSJUcnVlIiBDYWNoZT0iRmFsc2UiIFJlc3BvbnNlVGltZUdvYWw9IjAiIEVuY29kaW5nPSJ1dGYtOCIgRXhwZWN0ZWRIdHRwU3RhdHVzQ29kZT0iMCIgRXhwZWN0ZWRSZXNwb25zZVVybD0iIiBSZXBvcnRpbmdOYW1lPSIiIElnbm9yZUh0dHBTdGF0dXNDb2RlPSJGYWxzZSI+DQogICAgICA8SGVhZGVycz4NCiAgICAgICAgPEhlYWRlciBOYW1lPSJBY2NlcHQiIFZhbHVlPSJhcHBsaWNhdGlvbi9qc29uLCB0ZXh0L2phdmFzY3JpcHQsICovKjsgcT0wLjAxIiAvPg0KICAgICAgICA8SGVhZGVyIE5hbWU9IlgtUmVxdWVzdGVkLVdpdGgiIFZhbHVlPSJYTUxIdHRwUmVxdWVzdCIgLz4NCiAgICAgICAgPEhlYWRlciBOYW1lPSJSZWZlcmVyIiBWYWx1ZT0iaHR0cDovL2xvY2FsaG9zdDo0NjIzL0FwcC9EZWxldGUvOSIgLz4NCiAgICAgIDwvSGVhZGVycz4NCiAgICA8L1JlcXVlc3Q+DQogICAgPFJlcXVlc3QgTWV0aG9kPSJQT1NUIiBHdWlkPSJjYzYwNjM0NC00ZjFhLTQwNDEtYjE3NS1mNGExYTMzNTZiNGQiIFZlcnNpb249IjEuMSIgVXJsPSJodHRwOi8vbG9jYWxob3N0OjE3NTQ5L2E0NjgwMDA4M2UyOTQzOWE4NWQyMTZkYmM5MjAzYjk0L2FydGVyeVNpZ25hbFIvcG9sbCIgVGhpbmtUaW1lPSIwIiBUaW1lb3V0PSIzMDAiIFBhcnNlRGVwZW5kZW50UmVxdWVzdHM9IlRydWUiIEZvbGxvd1JlZGlyZWN0cz0iVHJ1ZSIgUmVjb3JkUmVzdWx0PSJUcnVlIiBDYWNoZT0iRmFsc2UiIFJlc3BvbnNlVGltZUdvYWw9IjAiIEVuY29kaW5nPSJ1dGYtOCIgRXhwZWN0ZWRIdHRwU3RhdHVzQ29kZT0iMCIgRXhwZWN0ZWRSZXNwb25zZVVybD0iIiBSZXBvcnRpbmdOYW1lPSIiIElnbm9yZUh0dHBTdGF0dXNDb2RlPSJGYWxzZSI+DQogICAgICA8SGVhZGVycz4NCiAgICAgICAgPEhlYWRlciBOYW1lPSJDb250ZW50LVR5cGUiIFZhbHVlPSJhcHBsaWNhdGlvbi94LXd3dy1mb3JtLXVybGVuY29kZWQ7IGNoYXJzZXQ9VVRGLTgiIC8+DQogICAgICAgIDxIZWFkZXIgTmFtZT0iQWNjZXB0IiBWYWx1ZT0idGV4dC9wbGFpbiwgKi8qOyBxPTAuMDEiIC8+DQogICAgICAgIDxIZWFkZXIgTmFtZT0iUmVmZXJlciIgVmFsdWU9Imh0dHA6Ly9sb2NhbGhvc3Q6NDYyMy9BcHAvRGVsZXRlLzkiIC8+DQogICAgICA8L0hlYWRlcnM+DQogICAgICA8UXVlcnlTdHJpbmdQYXJhbWV0ZXJzPg0KICAgICAgICA8UXVlcnlTdHJpbmdQYXJhbWV0ZXIgTmFtZT0idHJhbnNwb3J0IiBWYWx1ZT0ibG9uZ1BvbGxpbmciIFJlY29yZGVkVmFsdWU9ImxvbmdQb2xsaW5nIiBDb3JyZWxhdGlvbkJpbmRpbmc9IiIgVXJsRW5jb2RlPSJGYWxzZSIgVXNlVG9Hcm91cFJlc3VsdHM9IkZhbHNlIiAvPg0KICAgICAgICA8UXVlcnlTdHJpbmdQYXJhbWV0ZXIgTmFtZT0iY29ubmVjdGlvblRva2VuIiBWYWx1ZT0iQVFBQUFOQ01uZDhCRmRFUmpIb0F3RSUyRkNsJTJCc0JBQUFBejhzRTFQVm9hVW10bDdkVEZ1WVg3QUFBQUFBQ0FBQUFBQUFRWmdBQUFBRUFBQ0FBQUFENFVGWE5XSHNTZ1JTMkVqdm5HVTR3cUxyT212VjVaZXZBbThjMXUlMkZ4TTdnQUFBQUFPZ0FBQUFBSUFBQ0FBQUFCS2E4SThET0lNbkFFMHNIS2xiSjVGenpUNE5jWmRmUEZBMHhGcHhiSW5OREFBQUFDd0c0U1JBd21Hdkk3WSUyQmZtelNpZmVWR0lvY3VoYTdHbkcyM3FTRkJsc3BwTE9uWndENXZOSlJzSXdSYmdMUE85QUFBQUFBNXhuOVN2NUxtWjc3N1IlMkJDVm1sdGhQSmV0UVhteVZMa0tCVFclMkZjeTJsMVMxdVAyZkdWYmVGeTklMkJHUEhvJTJCNVRNcUJGVm8xRm9EZWdHdlYlMkZoOCUyQlYzQSUzRCUzRCIgUmVjb3JkZWRWYWx1ZT0iQVFBQUFOQ01uZDhCRmRFUmpIb0F3RSUyRkNsJTJCc0JBQUFBejhzRTFQVm9hVW10bDdkVEZ1WVg3QUFBQUFBQ0FBQUFBQUFRWmdBQUFBRUFBQ0FBQUFENFVGWE5XSHNTZ1JTMkVqdm5HVTR3cUxyT212VjVaZXZBbThjMXUlMkZ4TTdnQUFBQUFPZ0FBQUFBSUFBQ0FBQUFCS2E4SThET0lNbkFFMHNIS2xiSjVGenpUNE5jWmRmUEZBMHhGcHhiSW5OREFBQUFDd0c0U1JBd21Hdkk3WSUyQmZtelNpZmVWR0lvY3VoYTdHbkcyM3FTRkJsc3BwTE9uWndENXZOSlJzSXdSYmdMUE85QUFBQUFBNXhuOVN2NUxtWjc3N1IlMkJDVm1sdGhQSmV0UVhteVZMa0tCVFclMkZjeTJsMVMxdVAyZkdWYmVGeTklMkJHUEhvJTJCNVRNcUJGVm8xRm9EZWdHdlYlMkZoOCUyQlYzQSUzRCUzRCIgQ29ycmVsYXRpb25CaW5kaW5nPSIiIFVybEVuY29kZT0iRmFsc2UiIFVzZVRvR3JvdXBSZXN1bHRzPSJGYWxzZSIgLz4NCiAgICAgICAgPFF1ZXJ5U3RyaW5nUGFyYW1ldGVyIE5hbWU9Im1lc3NhZ2VJZCIgVmFsdWU9ImQtQUZCQkZCMUUtQiUyQzAlN0NvJTJDMyU3Q3AlMkMwIiBSZWNvcmRlZFZhbHVlPSJkLUFGQkJGQjFFLUIlMkMwJTdDbyUyQzMlN0NwJTJDMCIgQ29ycmVsYXRpb25CaW5kaW5nPSIiIFVybEVuY29kZT0iRmFsc2UiIFVzZVRvR3JvdXBSZXN1bHRzPSJGYWxzZSIgLz4NCiAgICAgICAgPFF1ZXJ5U3RyaW5nUGFyYW1ldGVyIE5hbWU9InJlcXVlc3RVcmwiIFZhbHVlPSJodHRwJTNBJTJGJTJGbG9jYWxob3N0JTNBNDYyMyUyRkFwcCUyRkRlbGV0ZSUyRjkiIFJlY29yZGVkVmFsdWU9Imh0dHAlM0ElMkYlMkZsb2NhbGhvc3QlM0E0NjIzJTJGQXBwJTJGRGVsZXRlJTJGOSIgQ29ycmVsYXRpb25CaW5kaW5nPSIiIFVybEVuY29kZT0iRmFsc2UiIFVzZVRvR3JvdXBSZXN1bHRzPSJGYWxzZSIgLz4NCiAgICAgICAgPFF1ZXJ5U3RyaW5nUGFyYW1ldGVyIE5hbWU9ImJyb3dzZXJOYW1lIiBWYWx1ZT0iSW50ZXJuZXQrRXhwbG9yZXIiIFJlY29yZGVkVmFsdWU9IkludGVybmV0K0V4cGxvcmVyIiBDb3JyZWxhdGlvbkJpbmRpbmc9IiIgVXJsRW5jb2RlPSJGYWxzZSIgVXNlVG9Hcm91cFJlc3VsdHM9IkZhbHNlIiAvPg0KICAgICAgICA8UXVlcnlTdHJpbmdQYXJhbWV0ZXIgTmFtZT0idGlkIiBWYWx1ZT0iNCIgUmVjb3JkZWRWYWx1ZT0iNCIgQ29ycmVsYXRpb25CaW5kaW5nPSIiIFVybEVuY29kZT0iRmFsc2UiIFVzZVRvR3JvdXBSZXN1bHRzPSJGYWxzZSIgLz4NCiAgICAgICAgPFF1ZXJ5U3RyaW5nUGFyYW1ldGVyIE5hbWU9Il8iIFZhbHVlPSIxMzk3NjMxMDE4NzIxIiBSZWNvcmRlZFZhbHVlPSIxMzk3NjMxMDE4NzIxIiBDb3JyZWxhdGlvbkJpbmRpbmc9IiIgVXJsRW5jb2RlPSJGYWxzZSIgVXNlVG9Hcm91cFJlc3VsdHM9IkZhbHNlIiAvPg0KICAgICAgPC9RdWVyeVN0cmluZ1BhcmFtZXRlcnM+DQogICAgICA8Rm9ybVBvc3RIdHRwQm9keSAvPg0KICAgIDwvUmVxdWVzdD4NCiAgICA8UmVxdWVzdCBNZXRob2Q9IlBPU1QiIEd1aWQ9IjQ3NjllZDM2LTVhNGItNDAyOS05YTU3LThhMDY4MjBjMDZjZCIgVmVyc2lvbj0iMS4xIiBVcmw9Imh0dHA6Ly9sb2NhbGhvc3Q6NDYyMy9BcHAvRGVsZXRlLzkiIFRoaW5rVGltZT0iMCIgVGltZW91dD0iMzAwIiBQYXJzZURlcGVuZGVudFJlcXVlc3RzPSJUcnVlIiBGb2xsb3dSZWRpcmVjdHM9IlRydWUiIFJlY29yZFJlc3VsdD0iVHJ1ZSIgQ2FjaGU9IkZhbHNlIiBSZXNwb25zZVRpbWVHb2FsPSIwIiBFbmNvZGluZz0idXRmLTgiIEV4cGVjdGVkSHR0cFN0YXR1c0NvZGU9IjAiIEV4cGVjdGVkUmVzcG9uc2VVcmw9Imh0dHA6Ly9sb2NhbGhvc3Q6NDYyMy9BcHAiIFJlcG9ydGluZ05hbWU9IiIgSWdub3JlSHR0cFN0YXR1c0NvZGU9IkZhbHNlIj4NCiAgICAgIDxIZWFkZXJzPg0KICAgICAgICA8SGVhZGVyIE5hbWU9IlJlZmVyZXIiIFZhbHVlPSJodHRwOi8vbG9jYWxob3N0OjQ2MjMvQXBwL0RlbGV0ZS85IiAvPg0KICAgICAgPC9IZWFkZXJzPg0KICAgICAgPEZvcm1Qb3N0SHR0cEJvZHkgLz4NCiAgICA8L1JlcXVlc3Q+DQogICAgPFJlcXVlc3QgTWV0aG9kPSJQT1NUIiBHdWlkPSI5NTlhNzk1OC0wYWU5LTQwY2ItODM2YS00NTM2MTlmNTFkNzAiIFZlcnNpb249IjEuMSIgVXJsPSJodHRwOi8vbG9jYWxob3N0OjE3NTQ5L2E0NjgwMDA4M2UyOTQzOWE4NWQyMTZkYmM5MjAzYjk0L2FydGVyeVNpZ25hbFIvc2VuZCIgVGhpbmtUaW1lPSIwIiBUaW1lb3V0PSIzMDAiIFBhcnNlRGVwZW5kZW50UmVxdWVzdHM9IlRydWUiIEZvbGxvd1JlZGlyZWN0cz0iVHJ1ZSIgUmVjb3JkUmVzdWx0PSJUcnVlIiBDYWNoZT0iRmFsc2UiIFJlc3BvbnNlVGltZUdvYWw9IjAiIEVuY29kaW5nPSJ1dGYtOCIgRXhwZWN0ZWRIdHRwU3RhdHVzQ29kZT0iMCIgRXhwZWN0ZWRSZXNwb25zZVVybD0iIiBSZXBvcnRpbmdOYW1lPSIiIElnbm9yZUh0dHBTdGF0dXNDb2RlPSJGYWxzZSI+DQogICAgICA8SGVhZGVycz4NCiAgICAgICAgPEhlYWRlciBOYW1lPSJBY2NlcHQiIFZhbHVlPSJ0ZXh0L3BsYWluLCAqLyo7IHE9MC4wMSIgLz4NCiAgICAgICAgPEhlYWRlciBOYW1lPSJSZWZlcmVyIiBWYWx1ZT0iaHR0cDovL2xvY2FsaG9zdDo0NjIzL0FwcC9EZWxldGUvOSIgLz4NCiAgICAgIDwvSGVhZGVycz4NCiAgICAgIDxRdWVyeVN0cmluZ1BhcmFtZXRlcnM+DQogICAgICAgIDxRdWVyeVN0cmluZ1BhcmFtZXRlciBOYW1lPSJ0cmFuc3BvcnQiIFZhbHVlPSJsb25nUG9sbGluZyIgUmVjb3JkZWRWYWx1ZT0ibG9uZ1BvbGxpbmciIENvcnJlbGF0aW9uQmluZGluZz0iIiBVcmxFbmNvZGU9IkZhbHNlIiBVc2VUb0dyb3VwUmVzdWx0cz0iRmFsc2UiIC8+DQogICAgICAgIDxRdWVyeVN0cmluZ1BhcmFtZXRlciBOYW1lPSJjb25uZWN0aW9uVG9rZW4iIFZhbHVlPSJBUUFBQU5DTW5kOEJGZEVSakhvQXdFJTJGQ2wlMkJzQkFBQUF6OHNFMVBWb2FVbXRsN2RURnVZWDdBQUFBQUFDQUFBQUFBQVFaZ0FBQUFFQUFDQUFBQUQ0VUZYTldIc1NnUlMyRWp2bkdVNHdxTHJPbXZWNVpldkFtOGMxdSUyRnhNN2dBQUFBQU9nQUFBQUFJQUFDQUFBQUJLYThJOERPSU1uQUUwc0hLbGJKNUZ6elQ0TmNaZGZQRkEweEZweGJJbk5EQUFBQUN3RzRTUkF3bUd2STdZJTJCZm16U2lmZVZHSW9jdWhhN0duRzIzcVNGQmxzcHBMT25ad0Q1dk5KUnNJd1JiZ0xQTzlBQUFBQUE1eG45U3Y1TG1aNzc3UiUyQkNWbWx0aFBKZXRRWG15VkxrS0JUVyUyRmN5MmwxUzF1UDJmR1ZiZUZ5OSUyQkdQSG8lMkI1VE1xQkZWbzFGb0RlZ0d2ViUyRmg4JTJCVjNBJTNEJTNEIiBSZWNvcmRlZFZhbHVlPSJBUUFBQU5DTW5kOEJGZEVSakhvQXdFJTJGQ2wlMkJzQkFBQUF6OHNFMVBWb2FVbXRsN2RURnVZWDdBQUFBQUFDQUFBQUFBQVFaZ0FBQUFFQUFDQUFBQUQ0VUZYTldIc1NnUlMyRWp2bkdVNHdxTHJPbXZWNVpldkFtOGMxdSUyRnhNN2dBQUFBQU9nQUFBQUFJQUFDQUFBQUJLYThJOERPSU1uQUUwc0hLbGJKNUZ6elQ0TmNaZGZQRkEweEZweGJJbk5EQUFBQUN3RzRTUkF3bUd2STdZJTJCZm16U2lmZVZHSW9jdWhhN0duRzIzcVNGQmxzcHBMT25ad0Q1dk5KUnNJd1JiZ0xQTzlBQUFBQUE1eG45U3Y1TG1aNzc3UiUyQkNWbWx0aFBKZXRRWG15VkxrS0JUVyUyRmN5MmwxUzF1UDJmR1ZiZUZ5OSUyQkdQSG8lMkI1VE1xQkZWbzFGb0RlZ0d2ViUyRmg4JTJCVjNBJTNEJTNEIiBDb3JyZWxhdGlvbkJpbmRpbmc9IiIgVXJsRW5jb2RlPSJGYWxzZSIgVXNlVG9Hcm91cFJlc3VsdHM9IkZhbHNlIiAvPg0KICAgICAgICA8UXVlcnlTdHJpbmdQYXJhbWV0ZXIgTmFtZT0icmVxdWVzdFVybCIgVmFsdWU9Imh0dHAlM0ElMkYlMkZsb2NhbGhvc3QlM0E0NjIzJTJGQXBwJTJGRGVsZXRlJTJGOSIgUmVjb3JkZWRWYWx1ZT0iaHR0cCUzQSUyRiUyRmxvY2FsaG9zdCUzQTQ2MjMlMkZBcHAlMkZEZWxldGUlMkY5IiBDb3JyZWxhdGlvbkJpbmRpbmc9IiIgVXJsRW5jb2RlPSJGYWxzZSIgVXNlVG9Hcm91cFJlc3VsdHM9IkZhbHNlIiAvPg0KICAgICAgICA8UXVlcnlTdHJpbmdQYXJhbWV0ZXIgTmFtZT0iYnJvd3Nlck5hbWUiIFZhbHVlPSJJbnRlcm5ldCtFeHBsb3JlciIgUmVjb3JkZWRWYWx1ZT0iSW50ZXJuZXQrRXhwbG9yZXIiIENvcnJlbGF0aW9uQmluZGluZz0iIiBVcmxFbmNvZGU9IkZhbHNlIiBVc2VUb0dyb3VwUmVzdWx0cz0iRmFsc2UiIC8+DQogICAgICA8L1F1ZXJ5U3RyaW5nUGFyYW1ldGVycz4NCiAgICAgIDxGb3JtUG9zdEh0dHBCb2R5Pg0KICAgICAgICA8Rm9ybVBvc3RQYXJhbWV0ZXIgTmFtZT0iZGF0YSIgVmFsdWU9InsmcXVvdDtuYW1lJnF1b3Q7OiZxdW90O21pY3Jvc29mdC52aXN1YWxzdHVkaW8ud2ViLmJyb3dzZXJsaW5rLmh0bWxtYXBwaW5nZXh0ZW5zaW9uZmFjdG9yeS5yZXNvbHZlU291cmNlRmlsZVBhdGhzJnF1b3Q7LCZxdW90O2FyZ3MmcXVvdDs6W1smcXVvdDt+L1ZpZXdzL0FwcC9EZWxldGUuY3NodG1sJnF1b3Q7XV0sJnF1b3Q7Y2FsbGJhY2tJZCZxdW90OzozfSIgUmVjb3JkZWRWYWx1ZT0ieyZxdW90O25hbWUmcXVvdDs6JnF1b3Q7bWljcm9zb2Z0LnZpc3VhbHN0dWRpby53ZWIuYnJvd3NlcmxpbmsuaHRtbG1hcHBpbmdleHRlbnNpb25mYWN0b3J5LnJlc29sdmVTb3VyY2VGaWxlUGF0aHMmcXVvdDssJnF1b3Q7YXJncyZxdW90OzpbWyZxdW90O34vVmlld3MvQXBwL0RlbGV0ZS5jc2h0bWwmcXVvdDtdXSwmcXVvdDtjYWxsYmFja0lkJnF1b3Q7OjN9IiBDb3JyZWxhdGlvbkJpbmRpbmc9IiIgVXJsRW5jb2RlPSJUcnVlIiAvPg0KICAgICAgPC9Gb3JtUG9zdEh0dHBCb2R5Pg0KICAgIDwvUmVxdWVzdD4NCiAgICA8UmVxdWVzdCBNZXRob2Q9IlBPU1QiIEd1aWQ9IjEyYjFjOWQ0LTA2ZGMtNDVlMy04MWY5LTdmYjMyYjExZTY4NSIgVmVyc2lvbj0iMS4xIiBVcmw9Imh0dHA6Ly9sb2NhbGhvc3Q6MTc1NDkvYTQ2ODAwMDgzZTI5NDM5YTg1ZDIxNmRiYzkyMDNiOTQvYXJ0ZXJ5U2lnbmFsUi9hYm9ydCIgVGhpbmtUaW1lPSIwIiBUaW1lb3V0PSIzMDAiIFBhcnNlRGVwZW5kZW50UmVxdWVzdHM9IlRydWUiIEZvbGxvd1JlZGlyZWN0cz0iVHJ1ZSIgUmVjb3JkUmVzdWx0PSJUcnVlIiBDYWNoZT0iRmFsc2UiIFJlc3BvbnNlVGltZUdvYWw9IjAiIEVuY29kaW5nPSJ1dGYtOCIgRXhwZWN0ZWRIdHRwU3RhdHVzQ29kZT0iMCIgRXhwZWN0ZWRSZXNwb25zZVVybD0iIiBSZXBvcnRpbmdOYW1lPSIiIElnbm9yZUh0dHBTdGF0dXNDb2RlPSJGYWxzZSI+DQogICAgICA8SGVhZGVycz4NCiAgICAgICAgPEhlYWRlciBOYW1lPSJBY2NlcHQiIFZhbHVlPSJ0ZXh0L3BsYWluLCAqLyo7IHE9MC4wMSIgLz4NCiAgICAgICAgPEhlYWRlciBOYW1lPSJSZWZlcmVyIiBWYWx1ZT0iaHR0cDovL2xvY2FsaG9zdDo0NjIzL0FwcC9EZWxldGUvOSIgLz4NCiAgICAgIDwvSGVhZGVycz4NCiAgICAgIDxRdWVyeVN0cmluZ1BhcmFtZXRlcnM+DQogICAgICAgIDxRdWVyeVN0cmluZ1BhcmFtZXRlciBOYW1lPSJ0cmFuc3BvcnQiIFZhbHVlPSJsb25nUG9sbGluZyIgUmVjb3JkZWRWYWx1ZT0ibG9uZ1BvbGxpbmciIENvcnJlbGF0aW9uQmluZGluZz0iIiBVcmxFbmNvZGU9IkZhbHNlIiBVc2VUb0dyb3VwUmVzdWx0cz0iRmFsc2UiIC8+DQogICAgICAgIDxRdWVyeVN0cmluZ1BhcmFtZXRlciBOYW1lPSJjb25uZWN0aW9uVG9rZW4iIFZhbHVlPSJBUUFBQU5DTW5kOEJGZEVSakhvQXdFJTJGQ2wlMkJzQkFBQUF6OHNFMVBWb2FVbXRsN2RURnVZWDdBQUFBQUFDQUFBQUFBQVFaZ0FBQUFFQUFDQUFBQUQ0VUZYTldIc1NnUlMyRWp2bkdVNHdxTHJPbXZWNVpldkFtOGMxdSUyRnhNN2dBQUFBQU9nQUFBQUFJQUFDQUFBQUJLYThJOERPSU1uQUUwc0hLbGJKNUZ6elQ0TmNaZGZQRkEweEZweGJJbk5EQUFBQUN3RzRTUkF3bUd2STdZJTJCZm16U2lmZVZHSW9jdWhhN0duRzIzcVNGQmxzcHBMT25ad0Q1dk5KUnNJd1JiZ0xQTzlBQUFBQUE1eG45U3Y1TG1aNzc3UiUyQkNWbWx0aFBKZXRRWG15VkxrS0JUVyUyRmN5MmwxUzF1UDJmR1ZiZUZ5OSUyQkdQSG8lMkI1VE1xQkZWbzFGb0RlZ0d2ViUyRmg4JTJCVjNBJTNEJTNEIiBSZWNvcmRlZFZhbHVlPSJBUUFBQU5DTW5kOEJGZEVSakhvQXdFJTJGQ2wlMkJzQkFBQUF6OHNFMVBWb2FVbXRsN2RURnVZWDdBQUFBQUFDQUFBQUFBQVFaZ0FBQUFFQUFDQUFBQUQ0VUZYTldIc1NnUlMyRWp2bkdVNHdxTHJPbXZWNVpldkFtOGMxdSUyRnhNN2dBQUFBQU9nQUFBQUFJQUFDQUFBQUJLYThJOERPSU1uQUUwc0hLbGJKNUZ6elQ0TmNaZGZQRkEweEZweGJJbk5EQUFBQUN3RzRTUkF3bUd2STdZJTJCZm16U2lmZVZHSW9jdWhhN0duRzIzcVNGQmxzcHBMT25ad0Q1dk5KUnNJd1JiZ0xQTzlBQUFBQUE1eG45U3Y1TG1aNzc3UiUyQkNWbWx0aFBKZXRRWG15VkxrS0JUVyUyRmN5MmwxUzF1UDJmR1ZiZUZ5OSUyQkdQSG8lMkI1VE1xQkZWbzFGb0RlZ0d2ViUyRmg4JTJCVjNBJTNEJTNEIiBDb3JyZWxhdGlvbkJpbmRpbmc9IiIgVXJsRW5jb2RlPSJGYWxzZSIgVXNlVG9Hcm91cFJlc3VsdHM9IkZhbHNlIiAvPg0KICAgICAgICA8UXVlcnlTdHJpbmdQYXJhbWV0ZXIgTmFtZT0icmVxdWVzdFVybCIgVmFsdWU9Imh0dHAlM0ElMkYlMkZsb2NhbGhvc3QlM0E0NjIzJTJGQXBwJTJGRGVsZXRlJTJGOSIgUmVjb3JkZWRWYWx1ZT0iaHR0cCUzQSUyRiUyRmxvY2FsaG9zdCUzQTQ2MjMlMkZBcHAlMkZEZWxldGUlMkY5IiBDb3JyZWxhdGlvbkJpbmRpbmc9IiIgVXJsRW5jb2RlPSJGYWxzZSIgVXNlVG9Hcm91cFJlc3VsdHM9IkZhbHNlIiAvPg0KICAgICAgICA8UXVlcnlTdHJpbmdQYXJhbWV0ZXIgTmFtZT0iYnJvd3Nlck5hbWUiIFZhbHVlPSJJbnRlcm5ldCtFeHBsb3JlciIgUmVjb3JkZWRWYWx1ZT0iSW50ZXJuZXQrRXhwbG9yZXIiIENvcnJlbGF0aW9uQmluZGluZz0iIiBVcmxFbmNvZGU9IkZhbHNlIiBVc2VUb0dyb3VwUmVzdWx0cz0iRmFsc2UiIC8+DQogICAgICA8L1F1ZXJ5U3RyaW5nUGFyYW1ldGVycz4NCiAgICAgIDxGb3JtUG9zdEh0dHBCb2R5IC8+DQogICAgPC9SZXF1ZXN0Pg0KICAgIDxSZXF1ZXN0IE1ldGhvZD0iUE9TVCIgR3VpZD0iYjQ0MDg4ZDEtZGIzNS00Y2ZlLTlhOWItYWY2MTdlOWM0NzI5IiBWZXJzaW9uPSIxLjEiIFVybD0iaHR0cDovL2xvY2FsaG9zdDoxNzU0OS9hNDY4MDAwODNlMjk0MzlhODVkMjE2ZGJjOTIwM2I5NC9hcnRlcnlTaWduYWxSL25lZ290aWF0ZSIgVGhpbmtUaW1lPSIwIiBUaW1lb3V0PSIzMDAiIFBhcnNlRGVwZW5kZW50UmVxdWVzdHM9IlRydWUiIEZvbGxvd1JlZGlyZWN0cz0iVHJ1ZSIgUmVjb3JkUmVzdWx0PSJUcnVlIiBDYWNoZT0iRmFsc2UiIFJlc3BvbnNlVGltZUdvYWw9IjAiIEVuY29kaW5nPSJ1dGYtOCIgRXhwZWN0ZWRIdHRwU3RhdHVzQ29kZT0iMCIgRXhwZWN0ZWRSZXNwb25zZVVybD0iIiBSZXBvcnRpbmdOYW1lPSIiIElnbm9yZUh0dHBTdGF0dXNDb2RlPSJGYWxzZSI+DQogICAgICA8SGVhZGVycz4NCiAgICAgICAgPEhlYWRlciBOYW1lPSJDb250ZW50LVR5cGUiIFZhbHVlPSJhcHBsaWNhdGlvbi94LXd3dy1mb3JtLXVybGVuY29kZWQ7IGNoYXJzZXQ9VVRGLTgiIC8+DQogICAgICAgIDxIZWFkZXIgTmFtZT0iQWNjZXB0IiBWYWx1ZT0idGV4dC9wbGFpbiwgKi8qOyBxPTAuMDEiIC8+DQogICAgICAgIDxIZWFkZXIgTmFtZT0iUmVmZXJlciIgVmFsdWU9Imh0dHA6Ly9sb2NhbGhvc3Q6NDYyMy9BcHAiIC8+DQogICAgICA8L0hlYWRlcnM+DQogICAgICA8UXVlcnlTdHJpbmdQYXJhbWV0ZXJzPg0KICAgICAgICA8UXVlcnlTdHJpbmdQYXJhbWV0ZXIgTmFtZT0icmVxdWVzdFVybCIgVmFsdWU9Imh0dHAlM0ElMkYlMkZsb2NhbGhvc3QlM0E0NjIzJTJGQXBwIiBSZWNvcmRlZFZhbHVlPSJodHRwJTNBJTJGJTJGbG9jYWxob3N0JTNBNDYyMyUyRkFwcCIgQ29ycmVsYXRpb25CaW5kaW5nPSIiIFVybEVuY29kZT0iRmFsc2UiIFVzZVRvR3JvdXBSZXN1bHRzPSJGYWxzZSIgLz4NCiAgICAgICAgPFF1ZXJ5U3RyaW5nUGFyYW1ldGVyIE5hbWU9ImJyb3dzZXJOYW1lIiBWYWx1ZT0iSW50ZXJuZXQrRXhwbG9yZXIiIFJlY29yZGVkVmFsdWU9IkludGVybmV0K0V4cGxvcmVyIiBDb3JyZWxhdGlvbkJpbmRpbmc9IiIgVXJsRW5jb2RlPSJGYWxzZSIgVXNlVG9Hcm91cFJlc3VsdHM9IkZhbHNlIiAvPg0KICAgICAgICA8UXVlcnlTdHJpbmdQYXJhbWV0ZXIgTmFtZT0iY2xpZW50UHJvdG9jb2wiIFZhbHVlPSIxLjMiIFJlY29yZGVkVmFsdWU9IjEuMyIgQ29ycmVsYXRpb25CaW5kaW5nPSIiIFVybEVuY29kZT0iRmFsc2UiIFVzZVRvR3JvdXBSZXN1bHRzPSJGYWxzZSIgLz4NCiAgICAgICAgPFF1ZXJ5U3RyaW5nUGFyYW1ldGVyIE5hbWU9Il8iIFZhbHVlPSIxMzk3NjMxMDIxMDcyIiBSZWNvcmRlZFZhbHVlPSIxMzk3NjMxMDIxMDcyIiBDb3JyZWxhdGlvbkJpbmRpbmc9IiIgVXJsRW5jb2RlPSJGYWxzZSIgVXNlVG9Hcm91cFJlc3VsdHM9IkZhbHNlIiAvPg0KICAgICAgPC9RdWVyeVN0cmluZ1BhcmFtZXRlcnM+DQogICAgICA8Rm9ybVBvc3RIdHRwQm9keSAvPg0KICAgIDwvUmVxdWVzdD4NCiAgICA8UmVxdWVzdCBNZXRob2Q9IlBPU1QiIEd1aWQ9IjQ5MjMwNDFhLWY4ZTMtNGY2OC05ZTVhLTA1YTM2ODViYmU4NCIgVmVyc2lvbj0iMS4xIiBVcmw9Imh0dHA6Ly9sb2NhbGhvc3Q6MTc1NDkvYTQ2ODAwMDgzZTI5NDM5YTg1ZDIxNmRiYzkyMDNiOTQvYXJ0ZXJ5U2lnbmFsUi9jb25uZWN0IiBUaGlua1RpbWU9IjAiIFRpbWVvdXQ9IjMwMCIgUGFyc2VEZXBlbmRlbnRSZXF1ZXN0cz0iVHJ1ZSIgRm9sbG93UmVkaXJlY3RzPSJUcnVlIiBSZWNvcmRSZXN1bHQ9IlRydWUiIENhY2hlPSJGYWxzZSIgUmVzcG9uc2VUaW1lR29hbD0iMCIgRW5jb2Rpbmc9InV0Zi04IiBFeHBlY3RlZEh0dHBTdGF0dXNDb2RlPSIwIiBFeHBlY3RlZFJlc3BvbnNlVXJsPSIiIFJlcG9ydGluZ05hbWU9IiIgSWdub3JlSHR0cFN0YXR1c0NvZGU9IkZhbHNlIj4NCiAgICAgIDxIZWFkZXJzPg0KICAgICAgICA8SGVhZGVyIE5hbWU9IkNvbnRlbnQtVHlwZSIgVmFsdWU9ImFwcGxpY2F0aW9uL3gtd3d3LWZvcm0tdXJsZW5jb2RlZDsgY2hhcnNldD1VVEYtOCIgLz4NCiAgICAgICAgPEhlYWRlciBOYW1lPSJBY2NlcHQiIFZhbHVlPSJ0ZXh0L3BsYWluLCAqLyo7IHE9MC4wMSIgLz4NCiAgICAgICAgPEhlYWRlciBOYW1lPSJSZWZlcmVyIiBWYWx1ZT0iaHR0cDovL2xvY2FsaG9zdDo0NjIzL0FwcCIgLz4NCiAgICAgIDwvSGVhZGVycz4NCiAgICAgIDxRdWVyeVN0cmluZ1BhcmFtZXRlcnM+DQogICAgICAgIDxRdWVyeVN0cmluZ1BhcmFtZXRlciBOYW1lPSJ0cmFuc3BvcnQiIFZhbHVlPSJsb25nUG9sbGluZyIgUmVjb3JkZWRWYWx1ZT0ibG9uZ1BvbGxpbmciIENvcnJlbGF0aW9uQmluZGluZz0iIiBVcmxFbmNvZGU9IkZhbHNlIiBVc2VUb0dyb3VwUmVzdWx0cz0iRmFsc2UiIC8+DQogICAgICAgIDxRdWVyeVN0cmluZ1BhcmFtZXRlciBOYW1lPSJjb25uZWN0aW9uVG9rZW4iIFZhbHVlPSJBUUFBQU5DTW5kOEJGZEVSakhvQXdFJTJGQ2wlMkJzQkFBQUF6OHNFMVBWb2FVbXRsN2RURnVZWDdBQUFBQUFDQUFBQUFBQVFaZ0FBQUFFQUFDQUFBQUI3MDJPRldUVmpJS3k1Wjh3dldyR0duZFZLNWJDYm5WSEN3MFE3NDNJSTBBQUFBQUFPZ0FBQUFBSUFBQ0FBQUFBVThpJTJGWXdNWUp1dWl2SXdGOWxVUGVvZ2pSWnMxbVBKZ3Z5TjdaeXBKWFZ6QUFBQUNMUTRXSThVZjRYSlpVVFlTQ0FsSVd4Tk5yOTlCVTNzdGlQU3VjVE1EZWZtdENsNXIzTHVPYU8lMkY4eiUyQjRSMnhpSkFBQUFBWmhnbyUyQlBCZ2RrODZyJTJCJTJGVUoyWk54R1ZDZkNFTWcwRlo4JTJGJTJGbEhLWXYwWndDVzA5VnZKc2V2WkZkZ2thamlvMllHckMxWlZIQSUyRmczUVpTYjFFQWlINlElM0QlM0QiIFJlY29yZGVkVmFsdWU9IkFRQUFBTkNNbmQ4QkZkRVJqSG9Bd0UlMkZDbCUyQnNCQUFBQXo4c0UxUFZvYVVtdGw3ZFRGdVlYN0FBQUFBQUNBQUFBQUFBUVpnQUFBQUVBQUNBQUFBQjcwMk9GV1RWaklLeTVaOHd2V3JHR25kVks1YkNiblZIQ3cwUTc0M0lJMEFBQUFBQU9nQUFBQUFJQUFDQUFBQUFVOGklMkZZd01ZSnV1aXZJd0Y5bFVQZW9nalJaczFtUEpndnlON1p5cEpYVnpBQUFBQ0xRNFdJOFVmNFhKWlVUWVNDQWxJV3hOTnI5OUJVM3N0aVBTdWNUTURlZm10Q2w1cjNMdU9hTyUyRjh6JTJCNFIyeGlKQUFBQUFaaGdvJTJCUEJnZGs4NnIlMkIlMkZVSjJaTnhHVkNmQ0VNZzBGWjglMkYlMkZsSEtZdjBad0NXMDlWdkpzZXZaRmRna2FqaW8yWUdyQzFaVkhBJTJGZzNRWlNiMUVBaUg2USUzRCUzRCIgQ29ycmVsYXRpb25CaW5kaW5nPSIiIFVybEVuY29kZT0iRmFsc2UiIFVzZVRvR3JvdXBSZXN1bHRzPSJGYWxzZSIgLz4NCiAgICAgICAgPFF1ZXJ5U3RyaW5nUGFyYW1ldGVyIE5hbWU9InJlcXVlc3RVcmwiIFZhbHVlPSJodHRwJTNBJTJGJTJGbG9jYWxob3N0JTNBNDYyMyUyRkFwcCIgUmVjb3JkZWRWYWx1ZT0iaHR0cCUzQSUyRiUyRmxvY2FsaG9zdCUzQTQ2MjMlMkZBcHAiIENvcnJlbGF0aW9uQmluZGluZz0iIiBVcmxFbmNvZGU9IkZhbHNlIiBVc2VUb0dyb3VwUmVzdWx0cz0iRmFsc2UiIC8+DQogICAgICAgIDxRdWVyeVN0cmluZ1BhcmFtZXRlciBOYW1lPSJicm93c2VyTmFtZSIgVmFsdWU9IkludGVybmV0K0V4cGxvcmVyIiBSZWNvcmRlZFZhbHVlPSJJbnRlcm5ldCtFeHBsb3JlciIgQ29ycmVsYXRpb25CaW5kaW5nPSIiIFVybEVuY29kZT0iRmFsc2UiIFVzZVRvR3JvdXBSZXN1bHRzPSJGYWxzZSIgLz4NCiAgICAgICAgPFF1ZXJ5U3RyaW5nUGFyYW1ldGVyIE5hbWU9InRpZCIgVmFsdWU9IjUiIFJlY29yZGVkVmFsdWU9IjUiIENvcnJlbGF0aW9uQmluZGluZz0iIiBVcmxFbmNvZGU9IkZhbHNlIiBVc2VUb0dyb3VwUmVzdWx0cz0iRmFsc2UiIC8+DQogICAgICAgIDxRdWVyeVN0cmluZ1BhcmFtZXRlciBOYW1lPSJfIiBWYWx1ZT0iMTM5NzYzMTAyMjA3NyIgUmVjb3JkZWRWYWx1ZT0iMTM5NzYzMTAyMjA3NyIgQ29ycmVsYXRpb25CaW5kaW5nPSIiIFVybEVuY29kZT0iRmFsc2UiIFVzZVRvR3JvdXBSZXN1bHRzPSJGYWxzZSIgLz4NCiAgICAgIDwvUXVlcnlTdHJpbmdQYXJhbWV0ZXJzPg0KICAgICAgPEZvcm1Qb3N0SHR0cEJvZHkgLz4NCiAgICA8L1JlcXVlc3Q+DQogICAgPFJlcXVlc3QgTWV0aG9kPSJQT1NUIiBHdWlkPSIzNTNkYTA0NS1kYTMxLTQwYmEtYmViMy1mYjI4OGY1NzFlMzEiIFZlcnNpb249IjEuMSIgVXJsPSJodHRwOi8vbG9jYWxob3N0OjE3NTQ5L2E0NjgwMDA4M2UyOTQzOWE4NWQyMTZkYmM5MjAzYjk0L2FydGVyeVNpZ25hbFIvc2VuZCIgVGhpbmtUaW1lPSIwIiBUaW1lb3V0PSIzMDAiIFBhcnNlRGVwZW5kZW50UmVxdWVzdHM9IlRydWUiIEZvbGxvd1JlZGlyZWN0cz0iVHJ1ZSIgUmVjb3JkUmVzdWx0PSJUcnVlIiBDYWNoZT0iRmFsc2UiIFJlc3BvbnNlVGltZUdvYWw9IjAiIEVuY29kaW5nPSJ1dGYtOCIgRXhwZWN0ZWRIdHRwU3RhdHVzQ29kZT0iMCIgRXhwZWN0ZWRSZXNwb25zZVVybD0iIiBSZXBvcnRpbmdOYW1lPSIiIElnbm9yZUh0dHBTdGF0dXNDb2RlPSJGYWxzZSI+DQogICAgICA8SGVhZGVycz4NCiAgICAgICAgPEhlYWRlciBOYW1lPSJBY2NlcHQiIFZhbHVlPSJ0ZXh0L3BsYWluLCAqLyo7IHE9MC4wMSIgLz4NCiAgICAgICAgPEhlYWRlciBOYW1lPSJSZWZlcmVyIiBWYWx1ZT0iaHR0cDovL2xvY2FsaG9zdDo0NjIzL0FwcCIgLz4NCiAgICAgIDwvSGVhZGVycz4NCiAgICAgIDxRdWVyeVN0cmluZ1BhcmFtZXRlcnM+DQogICAgICAgIDxRdWVyeVN0cmluZ1BhcmFtZXRlciBOYW1lPSJ0cmFuc3BvcnQiIFZhbHVlPSJsb25nUG9sbGluZyIgUmVjb3JkZWRWYWx1ZT0ibG9uZ1BvbGxpbmciIENvcnJlbGF0aW9uQmluZGluZz0iIiBVcmxFbmNvZGU9IkZhbHNlIiBVc2VUb0dyb3VwUmVzdWx0cz0iRmFsc2UiIC8+DQogICAgICAgIDxRdWVyeVN0cmluZ1BhcmFtZXRlciBOYW1lPSJjb25uZWN0aW9uVG9rZW4iIFZhbHVlPSJBUUFBQU5DTW5kOEJGZEVSakhvQXdFJTJGQ2wlMkJzQkFBQUF6OHNFMVBWb2FVbXRsN2RURnVZWDdBQUFBQUFDQUFBQUFBQVFaZ0FBQUFFQUFDQUFBQUI3MDJPRldUVmpJS3k1Wjh3dldyR0duZFZLNWJDYm5WSEN3MFE3NDNJSTBBQUFBQUFPZ0FBQUFBSUFBQ0FBQUFBVThpJTJGWXdNWUp1dWl2SXdGOWxVUGVvZ2pSWnMxbVBKZ3Z5TjdaeXBKWFZ6QUFBQUNMUTRXSThVZjRYSlpVVFlTQ0FsSVd4Tk5yOTlCVTNzdGlQU3VjVE1EZWZtdENsNXIzTHVPYU8lMkY4eiUyQjRSMnhpSkFBQUFBWmhnbyUyQlBCZ2RrODZyJTJCJTJGVUoyWk54R1ZDZkNFTWcwRlo4JTJGJTJGbEhLWXYwWndDVzA5VnZKc2V2WkZkZ2thamlvMllHckMxWlZIQSUyRmczUVpTYjFFQWlINlElM0QlM0QiIFJlY29yZGVkVmFsdWU9IkFRQUFBTkNNbmQ4QkZkRVJqSG9Bd0UlMkZDbCUyQnNCQUFBQXo4c0UxUFZvYVVtdGw3ZFRGdVlYN0FBQUFBQUNBQUFBQUFBUVpnQUFBQUVBQUNBQUFBQjcwMk9GV1RWaklLeTVaOHd2V3JHR25kVks1YkNiblZIQ3cwUTc0M0lJMEFBQUFBQU9nQUFBQUFJQUFDQUFBQUFVOGklMkZZd01ZSnV1aXZJd0Y5bFVQZW9nalJaczFtUEpndnlON1p5cEpYVnpBQUFBQ0xRNFdJOFVmNFhKWlVUWVNDQWxJV3hOTnI5OUJVM3N0aVBTdWNUTURlZm10Q2w1cjNMdU9hTyUyRjh6JTJCNFIyeGlKQUFBQUFaaGdvJTJCUEJnZGs4NnIlMkIlMkZVSjJaTnhHVkNmQ0VNZzBGWjglMkYlMkZsSEtZdjBad0NXMDlWdkpzZXZaRmRna2FqaW8yWUdyQzFaVkhBJTJGZzNRWlNiMUVBaUg2USUzRCUzRCIgQ29ycmVsYXRpb25CaW5kaW5nPSIiIFVybEVuY29kZT0iRmFsc2UiIFVzZVRvR3JvdXBSZXN1bHRzPSJGYWxzZSIgLz4NCiAgICAgICAgPFF1ZXJ5U3RyaW5nUGFyYW1ldGVyIE5hbWU9InJlcXVlc3RVcmwiIFZhbHVlPSJodHRwJTNBJTJGJTJGbG9jYWxob3N0JTNBNDYyMyUyRkFwcCIgUmVjb3JkZWRWYWx1ZT0iaHR0cCUzQSUyRiUyRmxvY2FsaG9zdCUzQTQ2MjMlMkZBcHAiIENvcnJlbGF0aW9uQmluZGluZz0iIiBVcmxFbmNvZGU9IkZhbHNlIiBVc2VUb0dyb3VwUmVzdWx0cz0iRmFsc2UiIC8+DQogICAgICAgIDxRdWVyeVN0cmluZ1BhcmFtZXRlciBOYW1lPSJicm93c2VyTmFtZSIgVmFsdWU9IkludGVybmV0K0V4cGxvcmVyIiBSZWNvcmRlZFZhbHVlPSJJbnRlcm5ldCtFeHBsb3JlciIgQ29ycmVsYXRpb25CaW5kaW5nPSIiIFVybEVuY29kZT0iRmFsc2UiIFVzZVRvR3JvdXBSZXN1bHRzPSJGYWxzZSIgLz4NCiAgICAgIDwvUXVlcnlTdHJpbmdQYXJhbWV0ZXJzPg0KICAgICAgPEZvcm1Qb3N0SHR0cEJvZHk+DQogICAgICAgIDxGb3JtUG9zdFBhcmFtZXRlciBOYW1lPSJkYXRhIiBWYWx1ZT0ieyZxdW90O25hbWUmcXVvdDs6JnF1b3Q7TWljcm9zb2Z0LlZpc3VhbFN0dWRpby5XZWIuQnJvd3NlckxpbmsuQ29yZUV4dGVuc2lvbkZhY3RvcnkuY29ubmVjdGVkJnF1b3Q7LCZxdW90O2NhbGxiYWNrSWQmcXVvdDs6MX0iIFJlY29yZGVkVmFsdWU9InsmcXVvdDtuYW1lJnF1b3Q7OiZxdW90O01pY3Jvc29mdC5WaXN1YWxTdHVkaW8uV2ViLkJyb3dzZXJMaW5rLkNvcmVFeHRlbnNpb25GYWN0b3J5LmNvbm5lY3RlZCZxdW90OywmcXVvdDtjYWxsYmFja0lkJnF1b3Q7OjF9IiBDb3JyZWxhdGlvbkJpbmRpbmc9IiIgVXJsRW5jb2RlPSJUcnVlIiAvPg0KICAgICAgPC9Gb3JtUG9zdEh0dHBCb2R5Pg0KICAgIDwvUmVxdWVzdD4NCiAgICA8UmVxdWVzdCBNZXRob2Q9IlBPU1QiIEd1aWQ9ImFlZGZjMDY3LWMxYTEtNDk3OS05YmEwLTkyOTU2YjE4ZTdkZSIgVmVyc2lvbj0iMS4xIiBVcmw9Imh0dHA6Ly9sb2NhbGhvc3Q6MTc1NDkvYTQ2ODAwMDgzZTI5NDM5YTg1ZDIxNmRiYzkyMDNiOTQvYXJ0ZXJ5U2lnbmFsUi9wb2xsIiBUaGlua1RpbWU9IjAiIFRpbWVvdXQ9IjMwMCIgUGFyc2VEZXBlbmRlbnRSZXF1ZXN0cz0iVHJ1ZSIgRm9sbG93UmVkaXJlY3RzPSJUcnVlIiBSZWNvcmRSZXN1bHQ9IlRydWUiIENhY2hlPSJGYWxzZSIgUmVzcG9uc2VUaW1lR29hbD0iMCIgRW5jb2Rpbmc9InV0Zi04IiBFeHBlY3RlZEh0dHBTdGF0dXNDb2RlPSIwIiBFeHBlY3RlZFJlc3BvbnNlVXJsPSIiIFJlcG9ydGluZ05hbWU9IiIgSWdub3JlSHR0cFN0YXR1c0NvZGU9IkZhbHNlIj4NCiAgICAgIDxIZWFkZXJzPg0KICAgICAgICA8SGVhZGVyIE5hbWU9IkNvbnRlbnQtVHlwZSIgVmFsdWU9ImFwcGxpY2F0aW9uL3gtd3d3LWZvcm0tdXJsZW5jb2RlZDsgY2hhcnNldD1VVEYtOCIgLz4NCiAgICAgICAgPEhlYWRlciBOYW1lPSJBY2NlcHQiIFZhbHVlPSJ0ZXh0L3BsYWluLCAqLyo7IHE9MC4wMSIgLz4NCiAgICAgICAgPEhlYWRlciBOYW1lPSJSZWZlcmVyIiBWYWx1ZT0iaHR0cDovL2xvY2FsaG9zdDo0NjIzL0FwcCIgLz4NCiAgICAgIDwvSGVhZGVycz4NCiAgICAgIDxRdWVyeVN0cmluZ1BhcmFtZXRlcnM+DQogICAgICAgIDxRdWVyeVN0cmluZ1BhcmFtZXRlciBOYW1lPSJ0cmFuc3BvcnQiIFZhbHVlPSJsb25nUG9sbGluZyIgUmVjb3JkZWRWYWx1ZT0ibG9uZ1BvbGxpbmciIENvcnJlbGF0aW9uQmluZGluZz0iIiBVcmxFbmNvZGU9IkZhbHNlIiBVc2VUb0dyb3VwUmVzdWx0cz0iRmFsc2UiIC8+DQogICAgICAgIDxRdWVyeVN0cmluZ1BhcmFtZXRlciBOYW1lPSJjb25uZWN0aW9uVG9rZW4iIFZhbHVlPSJBUUFBQU5DTW5kOEJGZEVSakhvQXdFJTJGQ2wlMkJzQkFBQUF6OHNFMVBWb2FVbXRsN2RURnVZWDdBQUFBQUFDQUFBQUFBQVFaZ0FBQUFFQUFDQUFBQUI3MDJPRldUVmpJS3k1Wjh3dldyR0duZFZLNWJDYm5WSEN3MFE3NDNJSTBBQUFBQUFPZ0FBQUFBSUFBQ0FBQUFBVThpJTJGWXdNWUp1dWl2SXdGOWxVUGVvZ2pSWnMxbVBKZ3Z5TjdaeXBKWFZ6QUFBQUNMUTRXSThVZjRYSlpVVFlTQ0FsSVd4Tk5yOTlCVTNzdGlQU3VjVE1EZWZtdENsNXIzTHVPYU8lMkY4eiUyQjRSMnhpSkFBQUFBWmhnbyUyQlBCZ2RrODZyJTJCJTJGVUoyWk54R1ZDZkNFTWcwRlo4JTJGJTJGbEhLWXYwWndDVzA5VnZKc2V2WkZkZ2thamlvMllHckMxWlZIQSUyRmczUVpTYjFFQWlINlElM0QlM0QiIFJlY29yZGVkVmFsdWU9IkFRQUFBTkNNbmQ4QkZkRVJqSG9Bd0UlMkZDbCUyQnNCQUFBQXo4c0UxUFZvYVVtdGw3ZFRGdVlYN0FBQUFBQUNBQUFBQUFBUVpnQUFBQUVBQUNBQUFBQjcwMk9GV1RWaklLeTVaOHd2V3JHR25kVks1YkNiblZIQ3cwUTc0M0lJMEFBQUFBQU9nQUFBQUFJQUFDQUFBQUFVOGklMkZZd01ZSnV1aXZJd0Y5bFVQZW9nalJaczFtUEpndnlON1p5cEpYVnpBQUFBQ0xRNFdJOFVmNFhKWlVUWVNDQWxJV3hOTnI5OUJVM3N0aVBTdWNUTURlZm10Q2w1cjNMdU9hTyUyRjh6JTJCNFIyeGlKQUFBQUFaaGdvJTJCUEJnZGs4NnIlMkIlMkZVSjJaTnhHVkNmQ0VNZzBGWjglMkYlMkZsSEtZdjBad0NXMDlWdkpzZXZaRmRna2FqaW8yWUdyQzFaVkhBJTJGZzNRWlNiMUVBaUg2USUzRCUzRCIgQ29ycmVsYXRpb25CaW5kaW5nPSIiIFVybEVuY29kZT0iRmFsc2UiIFVzZVRvR3JvdXBSZXN1bHRzPSJGYWxzZSIgLz4NCiAgICAgICAgPFF1ZXJ5U3RyaW5nUGFyYW1ldGVyIE5hbWU9Im1lc3NhZ2VJZCIgVmFsdWU9ImQtQUZCQkZCMUUtQiUyQzAlN0NxJTJDMSU3Q3IlMkMwIiBSZWNvcmRlZFZhbHVlPSJkLUFGQkJGQjFFLUIlMkMwJTdDcSUyQzElN0NyJTJDMCIgQ29ycmVsYXRpb25CaW5kaW5nPSIiIFVybEVuY29kZT0iRmFsc2UiIFVzZVRvR3JvdXBSZXN1bHRzPSJGYWxzZSIgLz4NCiAgICAgICAgPFF1ZXJ5U3RyaW5nUGFyYW1ldGVyIE5hbWU9InJlcXVlc3RVcmwiIFZhbHVlPSJodHRwJTNBJTJGJTJGbG9jYWxob3N0JTNBNDYyMyUyRkFwcCIgUmVjb3JkZWRWYWx1ZT0iaHR0cCUzQSUyRiUyRmxvY2FsaG9zdCUzQTQ2MjMlMkZBcHAiIENvcnJlbGF0aW9uQmluZGluZz0iIiBVcmxFbmNvZGU9IkZhbHNlIiBVc2VUb0dyb3VwUmVzdWx0cz0iRmFsc2UiIC8+DQogICAgICAgIDxRdWVyeVN0cmluZ1BhcmFtZXRlciBOYW1lPSJicm93c2VyTmFtZSIgVmFsdWU9IkludGVybmV0K0V4cGxvcmVyIiBSZWNvcmRlZFZhbHVlPSJJbnRlcm5ldCtFeHBsb3JlciIgQ29ycmVsYXRpb25CaW5kaW5nPSIiIFVybEVuY29kZT0iRmFsc2UiIFVzZVRvR3JvdXBSZXN1bHRzPSJGYWxzZSIgLz4NCiAgICAgICAgPFF1ZXJ5U3RyaW5nUGFyYW1ldGVyIE5hbWU9InRpZCIgVmFsdWU9IjciIFJlY29yZGVkVmFsdWU9IjciIENvcnJlbGF0aW9uQmluZGluZz0iIiBVcmxFbmNvZGU9IkZhbHNlIiBVc2VUb0dyb3VwUmVzdWx0cz0iRmFsc2UiIC8+DQogICAgICAgIDxRdWVyeVN0cmluZ1BhcmFtZXRlciBOYW1lPSJfIiBWYWx1ZT0iMTM5NzYzMTAyMjA5MyIgUmVjb3JkZWRWYWx1ZT0iMTM5NzYzMTAyMjA5MyIgQ29ycmVsYXRpb25CaW5kaW5nPSIiIFVybEVuY29kZT0iRmFsc2UiIFVzZVRvR3JvdXBSZXN1bHRzPSJGYWxzZSIgLz4NCiAgICAgIDwvUXVlcnlTdHJpbmdQYXJhbWV0ZXJzPg0KICAgICAgPEZvcm1Qb3N0SHR0cEJvZHkgLz4NCiAgICA8L1JlcXVlc3Q+DQogICAgPFJlcXVlc3QgTWV0aG9kPSJQT1NUIiBHdWlkPSIzZDE1OGU3NC1lZjdmLTRkNDMtODcyZC0xODVjMGM2YTExYmIiIFZlcnNpb249IjEuMSIgVXJsPSJodHRwOi8vbG9jYWxob3N0OjE3NTQ5L2E0NjgwMDA4M2UyOTQzOWE4NWQyMTZkYmM5MjAzYjk0L2FydGVyeVNpZ25hbFIvc2VuZCIgVGhpbmtUaW1lPSIwIiBUaW1lb3V0PSIzMDAiIFBhcnNlRGVwZW5kZW50UmVxdWVzdHM9IlRydWUiIEZvbGxvd1JlZGlyZWN0cz0iVHJ1ZSIgUmVjb3JkUmVzdWx0PSJUcnVlIiBDYWNoZT0iRmFsc2UiIFJlc3BvbnNlVGltZUdvYWw9IjAiIEVuY29kaW5nPSJ1dGYtOCIgRXhwZWN0ZWRIdHRwU3RhdHVzQ29kZT0iMCIgRXhwZWN0ZWRSZXNwb25zZVVybD0iIiBSZXBvcnRpbmdOYW1lPSIiIElnbm9yZUh0dHBTdGF0dXNDb2RlPSJGYWxzZSI+DQogICAgICA8SGVhZGVycz4NCiAgICAgICAgPEhlYWRlciBOYW1lPSJBY2NlcHQiIFZhbHVlPSJ0ZXh0L3BsYWluLCAqLyo7IHE9MC4wMSIgLz4NCiAgICAgICAgPEhlYWRlciBOYW1lPSJSZWZlcmVyIiBWYWx1ZT0iaHR0cDovL2xvY2FsaG9zdDo0NjIzL0FwcCIgLz4NCiAgICAgIDwvSGVhZGVycz4NCiAgICAgIDxRdWVyeVN0cmluZ1BhcmFtZXRlcnM+DQogICAgICAgIDxRdWVyeVN0cmluZ1BhcmFtZXRlciBOYW1lPSJ0cmFuc3BvcnQiIFZhbHVlPSJsb25nUG9sbGluZyIgUmVjb3JkZWRWYWx1ZT0ibG9uZ1BvbGxpbmciIENvcnJlbGF0aW9uQmluZGluZz0iIiBVcmxFbmNvZGU9IkZhbHNlIiBVc2VUb0dyb3VwUmVzdWx0cz0iRmFsc2UiIC8+DQogICAgICAgIDxRdWVyeVN0cmluZ1BhcmFtZXRlciBOYW1lPSJjb25uZWN0aW9uVG9rZW4iIFZhbHVlPSJBUUFBQU5DTW5kOEJGZEVSakhvQXdFJTJGQ2wlMkJzQkFBQUF6OHNFMVBWb2FVbXRsN2RURnVZWDdBQUFBQUFDQUFBQUFBQVFaZ0FBQUFFQUFDQUFBQUI3MDJPRldUVmpJS3k1Wjh3dldyR0duZFZLNWJDYm5WSEN3MFE3NDNJSTBBQUFBQUFPZ0FBQUFBSUFBQ0FBQUFBVThpJTJGWXdNWUp1dWl2SXdGOWxVUGVvZ2pSWnMxbVBKZ3Z5TjdaeXBKWFZ6QUFBQUNMUTRXSThVZjRYSlpVVFlTQ0FsSVd4Tk5yOTlCVTNzdGlQU3VjVE1EZWZtdENsNXIzTHVPYU8lMkY4eiUyQjRSMnhpSkFBQUFBWmhnbyUyQlBCZ2RrODZyJTJCJTJGVUoyWk54R1ZDZkNFTWcwRlo4JTJGJTJGbEhLWXYwWndDVzA5VnZKc2V2WkZkZ2thamlvMllHckMxWlZIQSUyRmczUVpTYjFFQWlINlElM0QlM0QiIFJlY29yZGVkVmFsdWU9IkFRQUFBTkNNbmQ4QkZkRVJqSG9Bd0UlMkZDbCUyQnNCQUFBQXo4c0UxUFZvYVVtdGw3ZFRGdVlYN0FBQUFBQUNBQUFBQUFBUVpnQUFBQUVBQUNBQUFBQjcwMk9GV1RWaklLeTVaOHd2V3JHR25kVks1YkNiblZIQ3cwUTc0M0lJMEFBQUFBQU9nQUFBQUFJQUFDQUFBQUFVOGklMkZZd01ZSnV1aXZJd0Y5bFVQZW9nalJaczFtUEpndnlON1p5cEpYVnpBQUFBQ0xRNFdJOFVmNFhKWlVUWVNDQWxJV3hOTnI5OUJVM3N0aVBTdWNUTURlZm10Q2w1cjNMdU9hTyUyRjh6JTJCNFIyeGlKQUFBQUFaaGdvJTJCUEJnZGs4NnIlMkIlMkZVSjJaTnhHVkNmQ0VNZzBGWjglMkYlMkZsSEtZdjBad0NXMDlWdkpzZXZaRmRna2FqaW8yWUdyQzFaVkhBJTJGZzNRWlNiMUVBaUg2USUzRCUzRCIgQ29ycmVsYXRpb25CaW5kaW5nPSIiIFVybEVuY29kZT0iRmFsc2UiIFVzZVRvR3JvdXBSZXN1bHRzPSJGYWxzZSIgLz4NCiAgICAgICAgPFF1ZXJ5U3RyaW5nUGFyYW1ldGVyIE5hbWU9InJlcXVlc3RVcmwiIFZhbHVlPSJodHRwJTNBJTJGJTJGbG9jYWxob3N0JTNBNDYyMyUyRkFwcCIgUmVjb3JkZWRWYWx1ZT0iaHR0cCUzQSUyRiUyRmxvY2FsaG9zdCUzQTQ2MjMlMkZBcHAiIENvcnJlbGF0aW9uQmluZGluZz0iIiBVcmxFbmNvZGU9IkZhbHNlIiBVc2VUb0dyb3VwUmVzdWx0cz0iRmFsc2UiIC8+DQogICAgICAgIDxRdWVyeVN0cmluZ1BhcmFtZXRlciBOYW1lPSJicm93c2VyTmFtZSIgVmFsdWU9IkludGVybmV0K0V4cGxvcmVyIiBSZWNvcmRlZFZhbHVlPSJJbnRlcm5ldCtFeHBsb3JlciIgQ29ycmVsYXRpb25CaW5kaW5nPSIiIFVybEVuY29kZT0iRmFsc2UiIFVzZVRvR3JvdXBSZXN1bHRzPSJGYWxzZSIgLz4NCiAgICAgIDwvUXVlcnlTdHJpbmdQYXJhbWV0ZXJzPg0KICAgICAgPEZvcm1Qb3N0SHR0cEJvZHk+DQogICAgICAgIDxGb3JtUG9zdFBhcmFtZXRlciBOYW1lPSJkYXRhIiBWYWx1ZT0ieyZxdW90O25hbWUmcXVvdDs6JnF1b3Q7bWljcm9zb2Z0LnZpc3VhbHN0dWRpby53ZWIuYnJvd3NlcmxpbmsuaHRtbG1hcHBpbmdleHRlbnNpb25mYWN0b3J5LnJlc29sdmVVcmwmcXVvdDssJnF1b3Q7YXJncyZxdW90OzpbJnF1b3Q7fi9fX2Jyb3dzZXJMaW5rL3JlcXVlc3REYXRhLzhlNDJmZjRmZjQwMTRkYTNhNWJmMmYyM2EyMmYzMzg5JnF1b3Q7XSwmcXVvdDtjYWxsYmFja0lkJnF1b3Q7OjJ9IiBSZWNvcmRlZFZhbHVlPSJ7JnF1b3Q7bmFtZSZxdW90OzomcXVvdDttaWNyb3NvZnQudmlzdWFsc3R1ZGlvLndlYi5icm93c2VybGluay5odG1sbWFwcGluZ2V4dGVuc2lvbmZhY3RvcnkucmVzb2x2ZVVybCZxdW90OywmcXVvdDthcmdzJnF1b3Q7OlsmcXVvdDt+L19fYnJvd3NlckxpbmsvcmVxdWVzdERhdGEvOGU0MmZmNGZmNDAxNGRhM2E1YmYyZjIzYTIyZjMzODkmcXVvdDtdLCZxdW90O2NhbGxiYWNrSWQmcXVvdDs6Mn0iIENvcnJlbGF0aW9uQmluZGluZz0iIiBVcmxFbmNvZGU9IlRydWUiIC8+DQogICAgICA8L0Zvcm1Qb3N0SHR0cEJvZHk+DQogICAgPC9SZXF1ZXN0Pg0KICAgIDxSZXF1ZXN0IE1ldGhvZD0iUE9TVCIgR3VpZD0iYmJiY2JmZGEtMjBhYy00MzJmLWFhMzgtYjZhMDg3NTY0OTBlIiBWZXJzaW9uPSIxLjEiIFVybD0iaHR0cDovL2xvY2FsaG9zdDoxNzU0OS9hNDY4MDAwODNlMjk0MzlhODVkMjE2ZGJjOTIwM2I5NC9hcnRlcnlTaWduYWxSL3BvbGwiIFRoaW5rVGltZT0iMSIgVGltZW91dD0iMzAwIiBQYXJzZURlcGVuZGVudFJlcXVlc3RzPSJUcnVlIiBGb2xsb3dSZWRpcmVjdHM9IlRydWUiIFJlY29yZFJlc3VsdD0iVHJ1ZSIgQ2FjaGU9IkZhbHNlIiBSZXNwb25zZVRpbWVHb2FsPSIwIiBFbmNvZGluZz0idXRmLTgiIEV4cGVjdGVkSHR0cFN0YXR1c0NvZGU9IjAiIEV4cGVjdGVkUmVzcG9uc2VVcmw9IiIgUmVwb3J0aW5nTmFtZT0iIiBJZ25vcmVIdHRwU3RhdHVzQ29kZT0iRmFsc2UiPg0KICAgICAgPEhlYWRlcnM+DQogICAgICAgIDxIZWFkZXIgTmFtZT0iQ29udGVudC1UeXBlIiBWYWx1ZT0iYXBwbGljYXRpb24veC13d3ctZm9ybS11cmxlbmNvZGVkOyBjaGFyc2V0PVVURi04IiAvPg0KICAgICAgICA8SGVhZGVyIE5hbWU9IkFjY2VwdCIgVmFsdWU9InRleHQvcGxhaW4sICovKjsgcT0wLjAxIiAvPg0KICAgICAgICA8SGVhZGVyIE5hbWU9IlJlZmVyZXIiIFZhbHVlPSJodHRwOi8vbG9jYWxob3N0OjQ2MjMvQXBwIiAvPg0KICAgICAgPC9IZWFkZXJzPg0KICAgICAgPFF1ZXJ5U3RyaW5nUGFyYW1ldGVycz4NCiAgICAgICAgPFF1ZXJ5U3RyaW5nUGFyYW1ldGVyIE5hbWU9InRyYW5zcG9ydCIgVmFsdWU9ImxvbmdQb2xsaW5nIiBSZWNvcmRlZFZhbHVlPSJsb25nUG9sbGluZyIgQ29ycmVsYXRpb25CaW5kaW5nPSIiIFVybEVuY29kZT0iRmFsc2UiIFVzZVRvR3JvdXBSZXN1bHRzPSJGYWxzZSIgLz4NCiAgICAgICAgPFF1ZXJ5U3RyaW5nUGFyYW1ldGVyIE5hbWU9ImNvbm5lY3Rpb25Ub2tlbiIgVmFsdWU9IkFRQUFBTkNNbmQ4QkZkRVJqSG9Bd0UlMkZDbCUyQnNCQUFBQXo4c0UxUFZvYVVtdGw3ZFRGdVlYN0FBQUFBQUNBQUFBQUFBUVpnQUFBQUVBQUNBQUFBQjcwMk9GV1RWaklLeTVaOHd2V3JHR25kVks1YkNiblZIQ3cwUTc0M0lJMEFBQUFBQU9nQUFBQUFJQUFDQUFBQUFVOGklMkZZd01ZSnV1aXZJd0Y5bFVQZW9nalJaczFtUEpndnlON1p5cEpYVnpBQUFBQ0xRNFdJOFVmNFhKWlVUWVNDQWxJV3hOTnI5OUJVM3N0aVBTdWNUTURlZm10Q2w1cjNMdU9hTyUyRjh6JTJCNFIyeGlKQUFBQUFaaGdvJTJCUEJnZGs4NnIlMkIlMkZVSjJaTnhHVkNmQ0VNZzBGWjglMkYlMkZsSEtZdjBad0NXMDlWdkpzZXZaRmRna2FqaW8yWUdyQzFaVkhBJTJGZzNRWlNiMUVBaUg2USUzRCUzRCIgUmVjb3JkZWRWYWx1ZT0iQVFBQUFOQ01uZDhCRmRFUmpIb0F3RSUyRkNsJTJCc0JBQUFBejhzRTFQVm9hVW10bDdkVEZ1WVg3QUFBQUFBQ0FBQUFBQUFRWmdBQUFBRUFBQ0FBQUFCNzAyT0ZXVFZqSUt5NVo4d3ZXckdHbmRWSzViQ2JuVkhDdzBRNzQzSUkwQUFBQUFBT2dBQUFBQUlBQUNBQUFBQVU4aSUyRll3TVlKdXVpdkl3RjlsVVBlb2dqUlpzMW1QSmd2eU43WnlwSlhWekFBQUFDTFE0V0k4VWY0WEpaVVRZU0NBbElXeE5Ocjk5QlUzc3RpUFN1Y1RNRGVmbXRDbDVyM0x1T2FPJTJGOHolMkI0UjJ4aUpBQUFBQVpoZ28lMkJQQmdkazg2ciUyQiUyRlVKMlpOeEdWQ2ZDRU1nMEZaOCUyRiUyRmxIS1l2MFp3Q1cwOVZ2SnNldlpGZGdrYWppbzJZR3JDMVpWSEElMkZnM1FaU2IxRUFpSDZRJTNEJTNEIiBDb3JyZWxhdGlvbkJpbmRpbmc9IiIgVXJsRW5jb2RlPSJGYWxzZSIgVXNlVG9Hcm91cFJlc3VsdHM9IkZhbHNlIiAvPg0KICAgICAgICA8UXVlcnlTdHJpbmdQYXJhbWV0ZXIgTmFtZT0ibWVzc2FnZUlkIiBWYWx1ZT0iZC1BRkJCRkIxRS1CJTJDMCU3Q3ElMkMyJTdDciUyQzAiIFJlY29yZGVkVmFsdWU9ImQtQUZCQkZCMUUtQiUyQzAlN0NxJTJDMiU3Q3IlMkMwIiBDb3JyZWxhdGlvbkJpbmRpbmc9IiIgVXJsRW5jb2RlPSJGYWxzZSIgVXNlVG9Hcm91cFJlc3VsdHM9IkZhbHNlIiAvPg0KICAgICAgICA8UXVlcnlTdHJpbmdQYXJhbWV0ZXIgTmFtZT0icmVxdWVzdFVybCIgVmFsdWU9Imh0dHAlM0ElMkYlMkZsb2NhbGhvc3QlM0E0NjIzJTJGQXBwIiBSZWNvcmRlZFZhbHVlPSJodHRwJTNBJTJGJTJGbG9jYWxob3N0JTNBNDYyMyUyRkFwcCIgQ29ycmVsYXRpb25CaW5kaW5nPSIiIFVybEVuY29kZT0iRmFsc2UiIFVzZVRvR3JvdXBSZXN1bHRzPSJGYWxzZSIgLz4NCiAgICAgICAgPFF1ZXJ5U3RyaW5nUGFyYW1ldGVyIE5hbWU9ImJyb3dzZXJOYW1lIiBWYWx1ZT0iSW50ZXJuZXQrRXhwbG9yZXIiIFJlY29yZGVkVmFsdWU9IkludGVybmV0K0V4cGxvcmVyIiBDb3JyZWxhdGlvbkJpbmRpbmc9IiIgVXJsRW5jb2RlPSJGYWxzZSIgVXNlVG9Hcm91cFJlc3VsdHM9IkZhbHNlIiAvPg0KICAgICAgICA8UXVlcnlTdHJpbmdQYXJhbWV0ZXIgTmFtZT0idGlkIiBWYWx1ZT0iNSIgUmVjb3JkZWRWYWx1ZT0iNSIgQ29ycmVsYXRpb25CaW5kaW5nPSIiIFVybEVuY29kZT0iRmFsc2UiIFVzZVRvR3JvdXBSZXN1bHRzPSJGYWxzZSIgLz4NCiAgICAgICAgPFF1ZXJ5U3RyaW5nUGFyYW1ldGVyIE5hbWU9Il8iIFZhbHVlPSIxMzk3NjMxMDIyNDg3IiBSZWNvcmRlZFZhbHVlPSIxMzk3NjMxMDIyNDg3IiBDb3JyZWxhdGlvbkJpbmRpbmc9IiIgVXJsRW5jb2RlPSJGYWxzZSIgVXNlVG9Hcm91cFJlc3VsdHM9IkZhbHNlIiAvPg0KICAgICAgPC9RdWVyeVN0cmluZ1BhcmFtZXRlcnM+DQogICAgICA8Rm9ybVBvc3RIdHRwQm9keSAvPg0KICAgIDwvUmVxdWVzdD4NCiAgICA8UmVxdWVzdCBNZXRob2Q9IkdFVCIgR3VpZD0iYzQwYTM2NjAtOGQyMi00MzI2LTgyOTYtY2ZiZGZmMWMwMzVjIiBWZXJzaW9uPSIxLjEiIFVybD0iaHR0cDovL2xvY2FsaG9zdDo0NjIzL19fYnJvd3NlckxpbmsvcmVxdWVzdERhdGEvOGU0MmZmNGZmNDAxNGRhM2E1YmYyZjIzYTIyZjMzODkiIFRoaW5rVGltZT0iMCIgVGltZW91dD0iMzAwIiBQYXJzZURlcGVuZGVudFJlcXVlc3RzPSJUcnVlIiBGb2xsb3dSZWRpcmVjdHM9IlRydWUiIFJlY29yZFJlc3VsdD0iVHJ1ZSIgQ2FjaGU9IkZhbHNlIiBSZXNwb25zZVRpbWVHb2FsPSIwIiBFbmNvZGluZz0idXRmLTgiIEV4cGVjdGVkSHR0cFN0YXR1c0NvZGU9IjAiIEV4cGVjdGVkUmVzcG9uc2VVcmw9IiIgUmVwb3J0aW5nTmFtZT0iIiBJZ25vcmVIdHRwU3RhdHVzQ29kZT0iRmFsc2UiPg0KICAgICAgPEhlYWRlcnM+DQogICAgICAgIDxIZWFkZXIgTmFtZT0iQWNjZXB0IiBWYWx1ZT0iYXBwbGljYXRpb24vanNvbiwgdGV4dC9qYXZhc2NyaXB0LCAqLyo7IHE9MC4wMSIgLz4NCiAgICAgICAgPEhlYWRlciBOYW1lPSJYLVJlcXVlc3RlZC1XaXRoIiBWYWx1ZT0iWE1MSHR0cFJlcXVlc3QiIC8+DQogICAgICAgIDxIZWFkZXIgTmFtZT0iUmVmZXJlciIgVmFsdWU9Imh0dHA6Ly9sb2NhbGhvc3Q6NDYyMy9BcHAiIC8+DQogICAgICA8L0hlYWRlcnM+DQogICAgPC9SZXF1ZXN0Pg0KICAgIDxSZXF1ZXN0IE1ldGhvZD0iUE9TVCIgR3VpZD0iOTM1ZDJmZTctMTdjZi00ZjY4LTg0ZTAtZWU3ZDEzODI3NDA2IiBWZXJzaW9uPSIxLjEiIFVybD0iaHR0cDovL2xvY2FsaG9zdDoxNzU0OS9hNDY4MDAwODNlMjk0MzlhODVkMjE2ZGJjOTIwM2I5NC9hcnRlcnlTaWduYWxSL3BvbGwiIFRoaW5rVGltZT0iMCIgVGltZW91dD0iMzAwIiBQYXJzZURlcGVuZGVudFJlcXVlc3RzPSJUcnVlIiBGb2xsb3dSZWRpcmVjdHM9IlRydWUiIFJlY29yZFJlc3VsdD0iVHJ1ZSIgQ2FjaGU9IkZhbHNlIiBSZXNwb25zZVRpbWVHb2FsPSIwIiBFbmNvZGluZz0idXRmLTgiIEV4cGVjdGVkSHR0cFN0YXR1c0NvZGU9IjAiIEV4cGVjdGVkUmVzcG9uc2VVcmw9IiIgUmVwb3J0aW5nTmFtZT0iIiBJZ25vcmVIdHRwU3RhdHVzQ29kZT0iRmFsc2UiPg0KICAgICAgPEhlYWRlcnM+DQogICAgICAgIDxIZWFkZXIgTmFtZT0iQ29udGVudC1UeXBlIiBWYWx1ZT0iYXBwbGljYXRpb24veC13d3ctZm9ybS11cmxlbmNvZGVkOyBjaGFyc2V0PVVURi04IiAvPg0KICAgICAgICA8SGVhZGVyIE5hbWU9IkFjY2VwdCIgVmFsdWU9InRleHQvcGxhaW4sICovKjsgcT0wLjAxIiAvPg0KICAgICAgICA8SGVhZGVyIE5hbWU9IlJlZmVyZXIiIFZhbHVlPSJodHRwOi8vbG9jYWxob3N0OjQ2MjMvQXBwIiAvPg0KICAgICAgPC9IZWFkZXJzPg0KICAgICAgPFF1ZXJ5U3RyaW5nUGFyYW1ldGVycz4NCiAgICAgICAgPFF1ZXJ5U3RyaW5nUGFyYW1ldGVyIE5hbWU9InRyYW5zcG9ydCIgVmFsdWU9ImxvbmdQb2xsaW5nIiBSZWNvcmRlZFZhbHVlPSJsb25nUG9sbGluZyIgQ29ycmVsYXRpb25CaW5kaW5nPSIiIFVybEVuY29kZT0iRmFsc2UiIFVzZVRvR3JvdXBSZXN1bHRzPSJGYWxzZSIgLz4NCiAgICAgICAgPFF1ZXJ5U3RyaW5nUGFyYW1ldGVyIE5hbWU9ImNvbm5lY3Rpb25Ub2tlbiIgVmFsdWU9IkFRQUFBTkNNbmQ4QkZkRVJqSG9Bd0UlMkZDbCUyQnNCQUFBQXo4c0UxUFZvYVVtdGw3ZFRGdVlYN0FBQUFBQUNBQUFBQUFBUVpnQUFBQUVBQUNBQUFBQjcwMk9GV1RWaklLeTVaOHd2V3JHR25kVks1YkNiblZIQ3cwUTc0M0lJMEFBQUFBQU9nQUFBQUFJQUFDQUFBQUFVOGklMkZZd01ZSnV1aXZJd0Y5bFVQZW9nalJaczFtUEpndnlON1p5cEpYVnpBQUFBQ0xRNFdJOFVmNFhKWlVUWVNDQWxJV3hOTnI5OUJVM3N0aVBTdWNUTURlZm10Q2w1cjNMdU9hTyUyRjh6JTJCNFIyeGlKQUFBQUFaaGdvJTJCUEJnZGs4NnIlMkIlMkZVSjJaTnhHVkNmQ0VNZzBGWjglMkYlMkZsSEtZdjBad0NXMDlWdkpzZXZaRmRna2FqaW8yWUdyQzFaVkhBJTJGZzNRWlNiMUVBaUg2USUzRCUzRCIgUmVjb3JkZWRWYWx1ZT0iQVFBQUFOQ01uZDhCRmRFUmpIb0F3RSUyRkNsJTJCc0JBQUFBejhzRTFQVm9hVW10bDdkVEZ1WVg3QUFBQUFBQ0FBQUFBQUFRWmdBQUFBRUFBQ0FBQUFCNzAyT0ZXVFZqSUt5NVo4d3ZXckdHbmRWSzViQ2JuVkhDdzBRNzQzSUkwQUFBQUFBT2dBQUFBQUlBQUNBQUFBQVU4aSUyRll3TVlKdXVpdkl3RjlsVVBlb2dqUlpzMW1QSmd2eU43WnlwSlhWekFBQUFDTFE0V0k4VWY0WEpaVVRZU0NBbElXeE5Ocjk5QlUzc3RpUFN1Y1RNRGVmbXRDbDVyM0x1T2FPJTJGOHolMkI0UjJ4aUpBQUFBQVpoZ28lMkJQQmdkazg2ciUyQiUyRlVKMlpOeEdWQ2ZDRU1nMEZaOCUyRiUyRmxIS1l2MFp3Q1cwOVZ2SnNldlpGZGdrYWppbzJZR3JDMVpWSEElMkZnM1FaU2IxRUFpSDZRJTNEJTNEIiBDb3JyZWxhdGlvbkJpbmRpbmc9IiIgVXJsRW5jb2RlPSJGYWxzZSIgVXNlVG9Hcm91cFJlc3VsdHM9IkZhbHNlIiAvPg0KICAgICAgICA8UXVlcnlTdHJpbmdQYXJhbWV0ZXIgTmFtZT0ibWVzc2FnZUlkIiBWYWx1ZT0iZC1BRkJCRkIxRS1CJTJDMCU3Q3ElMkMzJTdDciUyQzAiIFJlY29yZGVkVmFsdWU9ImQtQUZCQkZCMUUtQiUyQzAlN0NxJTJDMyU3Q3IlMkMwIiBDb3JyZWxhdGlvbkJpbmRpbmc9IiIgVXJsRW5jb2RlPSJGYWxzZSIgVXNlVG9Hcm91cFJlc3VsdHM9IkZhbHNlIiAvPg0KICAgICAgICA8UXVlcnlTdHJpbmdQYXJhbWV0ZXIgTmFtZT0icmVxdWVzdFVybCIgVmFsdWU9Imh0dHAlM0ElMkYlMkZsb2NhbGhvc3QlM0E0NjIzJTJGQXBwIiBSZWNvcmRlZFZhbHVlPSJodHRwJTNBJTJGJTJGbG9jYWxob3N0JTNBNDYyMyUyRkFwcCIgQ29ycmVsYXRpb25CaW5kaW5nPSIiIFVybEVuY29kZT0iRmFsc2UiIFVzZVRvR3JvdXBSZXN1bHRzPSJGYWxzZSIgLz4NCiAgICAgICAgPFF1ZXJ5U3RyaW5nUGFyYW1ldGVyIE5hbWU9ImJyb3dzZXJOYW1lIiBWYWx1ZT0iSW50ZXJuZXQrRXhwbG9yZXIiIFJlY29yZGVkVmFsdWU9IkludGVybmV0K0V4cGxvcmVyIiBDb3JyZWxhdGlvbkJpbmRpbmc9IiIgVXJsRW5jb2RlPSJGYWxzZSIgVXNlVG9Hcm91cFJlc3VsdHM9IkZhbHNlIiAvPg0KICAgICAgICA8UXVlcnlTdHJpbmdQYXJhbWV0ZXIgTmFtZT0idGlkIiBWYWx1ZT0iMSIgUmVjb3JkZWRWYWx1ZT0iMSIgQ29ycmVsYXRpb25CaW5kaW5nPSIiIFVybEVuY29kZT0iRmFsc2UiIFVzZVRvR3JvdXBSZXN1bHRzPSJGYWxzZSIgLz4NCiAgICAgICAgPFF1ZXJ5U3RyaW5nUGFyYW1ldGVyIE5hbWU9Il8iIFZhbHVlPSIxMzk3NjMxMDIzMTM3IiBSZWNvcmRlZFZhbHVlPSIxMzk3NjMxMDIzMTM3IiBDb3JyZWxhdGlvbkJpbmRpbmc9IiIgVXJsRW5jb2RlPSJGYWxzZSIgVXNlVG9Hcm91cFJlc3VsdHM9IkZhbHNlIiAvPg0KICAgICAgPC9RdWVyeVN0cmluZ1BhcmFtZXRlcnM+DQogICAgICA8Rm9ybVBvc3RIdHRwQm9keSAvPg0KICAgIDwvUmVxdWVzdD4NCiAgICA8UmVxdWVzdCBNZXRob2Q9IkdFVCIgR3VpZD0iYTY2OWQ5NWUtOGY0Ny00YmI3LWIzZTItNjljMTM1MTYzY2E5IiBWZXJzaW9uPSIxLjEiIFVybD0iaHR0cDovL2xvY2FsaG9zdDo0NjIzL0FwaUxpc3QiIFRoaW5rVGltZT0iMCIgVGltZW91dD0iMzAwIiBQYXJzZURlcGVuZGVudFJlcXVlc3RzPSJUcnVlIiBGb2xsb3dSZWRpcmVjdHM9IlRydWUiIFJlY29yZFJlc3VsdD0iVHJ1ZSIgQ2FjaGU9IkZhbHNlIiBSZXNwb25zZVRpbWVHb2FsPSIwIiBFbmNvZGluZz0idXRmLTgiIEV4cGVjdGVkSHR0cFN0YXR1c0NvZGU9IjAiIEV4cGVjdGVkUmVzcG9uc2VVcmw9IiIgUmVwb3J0aW5nTmFtZT0iIiBJZ25vcmVIdHRwU3RhdHVzQ29kZT0iRmFsc2UiPg0KICAgICAgPEhlYWRlcnM+DQogICAgICAgIDxIZWFkZXIgTmFtZT0iUmVmZXJlciIgVmFsdWU9Imh0dHA6Ly9sb2NhbGhvc3Q6NDYyMy9BcHAiIC8+DQogICAgICA8L0hlYWRlcnM+DQogICAgPC9SZXF1ZXN0Pg0KICAgIDxSZXF1ZXN0IE1ldGhvZD0iUE9TVCIgR3VpZD0iZTViMjkwNjQtNTAyMC00ZGY4LThmYTAtZGUxNWQ5ZDQwNmIxIiBWZXJzaW9uPSIxLjEiIFVybD0iaHR0cDovL2xvY2FsaG9zdDoxNzU0OS9hNDY4MDAwODNlMjk0MzlhODVkMjE2ZGJjOTIwM2I5NC9hcnRlcnlTaWduYWxSL3NlbmQiIFRoaW5rVGltZT0iMCIgVGltZW91dD0iMzAwIiBQYXJzZURlcGVuZGVudFJlcXVlc3RzPSJUcnVlIiBGb2xsb3dSZWRpcmVjdHM9IlRydWUiIFJlY29yZFJlc3VsdD0iVHJ1ZSIgQ2FjaGU9IkZhbHNlIiBSZXNwb25zZVRpbWVHb2FsPSIwIiBFbmNvZGluZz0idXRmLTgiIEV4cGVjdGVkSHR0cFN0YXR1c0NvZGU9IjAiIEV4cGVjdGVkUmVzcG9uc2VVcmw9IiIgUmVwb3J0aW5nTmFtZT0iIiBJZ25vcmVIdHRwU3RhdHVzQ29kZT0iRmFsc2UiPg0KICAgICAgPEhlYWRlcnM+DQogICAgICAgIDxIZWFkZXIgTmFtZT0iQWNjZXB0IiBWYWx1ZT0idGV4dC9wbGFpbiwgKi8qOyBxPTAuMDEiIC8+DQogICAgICAgIDxIZWFkZXIgTmFtZT0iUmVmZXJlciIgVmFsdWU9Imh0dHA6Ly9sb2NhbGhvc3Q6NDYyMy9BcHAiIC8+DQogICAgICA8L0hlYWRlcnM+DQogICAgICA8UXVlcnlTdHJpbmdQYXJhbWV0ZXJzPg0KICAgICAgICA8UXVlcnlTdHJpbmdQYXJhbWV0ZXIgTmFtZT0idHJhbnNwb3J0IiBWYWx1ZT0ibG9uZ1BvbGxpbmciIFJlY29yZGVkVmFsdWU9ImxvbmdQb2xsaW5nIiBDb3JyZWxhdGlvbkJpbmRpbmc9IiIgVXJsRW5jb2RlPSJGYWxzZSIgVXNlVG9Hcm91cFJlc3VsdHM9IkZhbHNlIiAvPg0KICAgICAgICA8UXVlcnlTdHJpbmdQYXJhbWV0ZXIgTmFtZT0iY29ubmVjdGlvblRva2VuIiBWYWx1ZT0iQVFBQUFOQ01uZDhCRmRFUmpIb0F3RSUyRkNsJTJCc0JBQUFBejhzRTFQVm9hVW10bDdkVEZ1WVg3QUFBQUFBQ0FBQUFBQUFRWmdBQUFBRUFBQ0FBQUFCNzAyT0ZXVFZqSUt5NVo4d3ZXckdHbmRWSzViQ2JuVkhDdzBRNzQzSUkwQUFBQUFBT2dBQUFBQUlBQUNBQUFBQVU4aSUyRll3TVlKdXVpdkl3RjlsVVBlb2dqUlpzMW1QSmd2eU43WnlwSlhWekFBQUFDTFE0V0k4VWY0WEpaVVRZU0NBbElXeE5Ocjk5QlUzc3RpUFN1Y1RNRGVmbXRDbDVyM0x1T2FPJTJGOHolMkI0UjJ4aUpBQUFBQVpoZ28lMkJQQmdkazg2ciUyQiUyRlVKMlpOeEdWQ2ZDRU1nMEZaOCUyRiUyRmxIS1l2MFp3Q1cwOVZ2SnNldlpGZGdrYWppbzJZR3JDMVpWSEElMkZnM1FaU2IxRUFpSDZRJTNEJTNEIiBSZWNvcmRlZFZhbHVlPSJBUUFBQU5DTW5kOEJGZEVSakhvQXdFJTJGQ2wlMkJzQkFBQUF6OHNFMVBWb2FVbXRsN2RURnVZWDdBQUFBQUFDQUFBQUFBQVFaZ0FBQUFFQUFDQUFBQUI3MDJPRldUVmpJS3k1Wjh3dldyR0duZFZLNWJDYm5WSEN3MFE3NDNJSTBBQUFBQUFPZ0FBQUFBSUFBQ0FBQUFBVThpJTJGWXdNWUp1dWl2SXdGOWxVUGVvZ2pSWnMxbVBKZ3Z5TjdaeXBKWFZ6QUFBQUNMUTRXSThVZjRYSlpVVFlTQ0FsSVd4Tk5yOTlCVTNzdGlQU3VjVE1EZWZtdENsNXIzTHVPYU8lMkY4eiUyQjRSMnhpSkFBQUFBWmhnbyUyQlBCZ2RrODZyJTJCJTJGVUoyWk54R1ZDZkNFTWcwRlo4JTJGJTJGbEhLWXYwWndDVzA5VnZKc2V2WkZkZ2thamlvMllHckMxWlZIQSUyRmczUVpTYjFFQWlINlElM0QlM0QiIENvcnJlbGF0aW9uQmluZGluZz0iIiBVcmxFbmNvZGU9IkZhbHNlIiBVc2VUb0dyb3VwUmVzdWx0cz0iRmFsc2UiIC8+DQogICAgICAgIDxRdWVyeVN0cmluZ1BhcmFtZXRlciBOYW1lPSJyZXF1ZXN0VXJsIiBWYWx1ZT0iaHR0cCUzQSUyRiUyRmxvY2FsaG9zdCUzQTQ2MjMlMkZBcHAiIFJlY29yZGVkVmFsdWU9Imh0dHAlM0ElMkYlMkZsb2NhbGhvc3QlM0E0NjIzJTJGQXBwIiBDb3JyZWxhdGlvbkJpbmRpbmc9IiIgVXJsRW5jb2RlPSJGYWxzZSIgVXNlVG9Hcm91cFJlc3VsdHM9IkZhbHNlIiAvPg0KICAgICAgICA8UXVlcnlTdHJpbmdQYXJhbWV0ZXIgTmFtZT0iYnJvd3Nlck5hbWUiIFZhbHVlPSJJbnRlcm5ldCtFeHBsb3JlciIgUmVjb3JkZWRWYWx1ZT0iSW50ZXJuZXQrRXhwbG9yZXIiIENvcnJlbGF0aW9uQmluZGluZz0iIiBVcmxFbmNvZGU9IkZhbHNlIiBVc2VUb0dyb3VwUmVzdWx0cz0iRmFsc2UiIC8+DQogICAgICA8L1F1ZXJ5U3RyaW5nUGFyYW1ldGVycz4NCiAgICAgIDxGb3JtUG9zdEh0dHBCb2R5Pg0KICAgICAgICA8Rm9ybVBvc3RQYXJhbWV0ZXIgTmFtZT0iZGF0YSIgVmFsdWU9InsmcXVvdDtuYW1lJnF1b3Q7OiZxdW90O21pY3Jvc29mdC52aXN1YWxzdHVkaW8ud2ViLmJyb3dzZXJsaW5rLmh0bWxtYXBwaW5nZXh0ZW5zaW9uZmFjdG9yeS5yZXNvbHZlU291cmNlRmlsZVBhdGhzJnF1b3Q7LCZxdW90O2FyZ3MmcXVvdDs6W1smcXVvdDt+L1ZpZXdzL0FwcC9JbmRleC5jc2h0bWwmcXVvdDtdXSwmcXVvdDtjYWxsYmFja0lkJnF1b3Q7OjN9IiBSZWNvcmRlZFZhbHVlPSJ7JnF1b3Q7bmFtZSZxdW90OzomcXVvdDttaWNyb3NvZnQudmlzdWFsc3R1ZGlvLndlYi5icm93c2VybGluay5odG1sbWFwcGluZ2V4dGVuc2lvbmZhY3RvcnkucmVzb2x2ZVNvdXJjZUZpbGVQYXRocyZxdW90OywmcXVvdDthcmdzJnF1b3Q7OltbJnF1b3Q7fi9WaWV3cy9BcHAvSW5kZXguY3NodG1sJnF1b3Q7XV0sJnF1b3Q7Y2FsbGJhY2tJZCZxdW90OzozfSIgQ29ycmVsYXRpb25CaW5kaW5nPSIiIFVybEVuY29kZT0iVHJ1ZSIgLz4NCiAgICAgIDwvRm9ybVBvc3RIdHRwQm9keT4NCiAgICA8L1JlcXVlc3Q+DQogICAgPFJlcXVlc3QgTWV0aG9kPSJQT1NUIiBHdWlkPSI2YjI3NzQ3YS1lZmU3LTQzYzQtODdkNy0yZmIzNDZmYzdhMWMiIFZlcnNpb249IjEuMSIgVXJsPSJodHRwOi8vbG9jYWxob3N0OjE3NTQ5L2E0NjgwMDA4M2UyOTQzOWE4NWQyMTZkYmM5MjAzYjk0L2FydGVyeVNpZ25hbFIvYWJvcnQiIFRoaW5rVGltZT0iMCIgVGltZW91dD0iMzAwIiBQYXJzZURlcGVuZGVudFJlcXVlc3RzPSJUcnVlIiBGb2xsb3dSZWRpcmVjdHM9IlRydWUiIFJlY29yZFJlc3VsdD0iVHJ1ZSIgQ2FjaGU9IkZhbHNlIiBSZXNwb25zZVRpbWVHb2FsPSIwIiBFbmNvZGluZz0idXRmLTgiIEV4cGVjdGVkSHR0cFN0YXR1c0NvZGU9IjAiIEV4cGVjdGVkUmVzcG9uc2VVcmw9IiIgUmVwb3J0aW5nTmFtZT0iIiBJZ25vcmVIdHRwU3RhdHVzQ29kZT0iRmFsc2UiPg0KICAgICAgPEhlYWRlcnM+DQogICAgICAgIDxIZWFkZXIgTmFtZT0iQWNjZXB0IiBWYWx1ZT0idGV4dC9wbGFpbiwgKi8qOyBxPTAuMDEiIC8+DQogICAgICAgIDxIZWFkZXIgTmFtZT0iUmVmZXJlciIgVmFsdWU9Imh0dHA6Ly9sb2NhbGhvc3Q6NDYyMy9BcHAiIC8+DQogICAgICA8L0hlYWRlcnM+DQogICAgICA8UXVlcnlTdHJpbmdQYXJhbWV0ZXJzPg0KICAgICAgICA8UXVlcnlTdHJpbmdQYXJhbWV0ZXIgTmFtZT0idHJhbnNwb3J0IiBWYWx1ZT0ibG9uZ1BvbGxpbmciIFJlY29yZGVkVmFsdWU9ImxvbmdQb2xsaW5nIiBDb3JyZWxhdGlvbkJpbmRpbmc9IiIgVXJsRW5jb2RlPSJGYWxzZSIgVXNlVG9Hcm91cFJlc3VsdHM9IkZhbHNlIiAvPg0KICAgICAgICA8UXVlcnlTdHJpbmdQYXJhbWV0ZXIgTmFtZT0iY29ubmVjdGlvblRva2VuIiBWYWx1ZT0iQVFBQUFOQ01uZDhCRmRFUmpIb0F3RSUyRkNsJTJCc0JBQUFBejhzRTFQVm9hVW10bDdkVEZ1WVg3QUFBQUFBQ0FBQUFBQUFRWmdBQUFBRUFBQ0FBQUFCNzAyT0ZXVFZqSUt5NVo4d3ZXckdHbmRWSzViQ2JuVkhDdzBRNzQzSUkwQUFBQUFBT2dBQUFBQUlBQUNBQUFBQVU4aSUyRll3TVlKdXVpdkl3RjlsVVBlb2dqUlpzMW1QSmd2eU43WnlwSlhWekFBQUFDTFE0V0k4VWY0WEpaVVRZU0NBbElXeE5Ocjk5QlUzc3RpUFN1Y1RNRGVmbXRDbDVyM0x1T2FPJTJGOHolMkI0UjJ4aUpBQUFBQVpoZ28lMkJQQmdkazg2ciUyQiUyRlVKMlpOeEdWQ2ZDRU1nMEZaOCUyRiUyRmxIS1l2MFp3Q1cwOVZ2SnNldlpGZGdrYWppbzJZR3JDMVpWSEElMkZnM1FaU2IxRUFpSDZRJTNEJTNEIiBSZWNvcmRlZFZhbHVlPSJBUUFBQU5DTW5kOEJGZEVSakhvQXdFJTJGQ2wlMkJzQkFBQUF6OHNFMVBWb2FVbXRsN2RURnVZWDdBQUFBQUFDQUFBQUFBQVFaZ0FBQUFFQUFDQUFBQUI3MDJPRldUVmpJS3k1Wjh3dldyR0duZFZLNWJDYm5WSEN3MFE3NDNJSTBBQUFBQUFPZ0FBQUFBSUFBQ0FBQUFBVThpJTJGWXdNWUp1dWl2SXdGOWxVUGVvZ2pSWnMxbVBKZ3Z5TjdaeXBKWFZ6QUFBQUNMUTRXSThVZjRYSlpVVFlTQ0FsSVd4Tk5yOTlCVTNzdGlQU3VjVE1EZWZtdENsNXIzTHVPYU8lMkY4eiUyQjRSMnhpSkFBQUFBWmhnbyUyQlBCZ2RrODZyJTJCJTJGVUoyWk54R1ZDZkNFTWcwRlo4JTJGJTJGbEhLWXYwWndDVzA5VnZKc2V2WkZkZ2thamlvMllHckMxWlZIQSUyRmczUVpTYjFFQWlINlElM0QlM0QiIENvcnJlbGF0aW9uQmluZGluZz0iIiBVcmxFbmNvZGU9IkZhbHNlIiBVc2VUb0dyb3VwUmVzdWx0cz0iRmFsc2UiIC8+DQogICAgICAgIDxRdWVyeVN0cmluZ1BhcmFtZXRlciBOYW1lPSJyZXF1ZXN0VXJsIiBWYWx1ZT0iaHR0cCUzQSUyRiUyRmxvY2FsaG9zdCUzQTQ2MjMlMkZBcHAiIFJlY29yZGVkVmFsdWU9Imh0dHAlM0ElMkYlMkZsb2NhbGhvc3QlM0E0NjIzJTJGQXBwIiBDb3JyZWxhdGlvbkJpbmRpbmc9IiIgVXJsRW5jb2RlPSJGYWxzZSIgVXNlVG9Hcm91cFJlc3VsdHM9IkZhbHNlIiAvPg0KICAgICAgICA8UXVlcnlTdHJpbmdQYXJhbWV0ZXIgTmFtZT0iYnJvd3Nlck5hbWUiIFZhbHVlPSJJbnRlcm5ldCtFeHBsb3JlciIgUmVjb3JkZWRWYWx1ZT0iSW50ZXJuZXQrRXhwbG9yZXIiIENvcnJlbGF0aW9uQmluZGluZz0iIiBVcmxFbmNvZGU9IkZhbHNlIiBVc2VUb0dyb3VwUmVzdWx0cz0iRmFsc2UiIC8+DQogICAgICA8L1F1ZXJ5U3RyaW5nUGFyYW1ldGVycz4NCiAgICAgIDxGb3JtUG9zdEh0dHBCb2R5IC8+DQogICAgPC9SZXF1ZXN0Pg0KICAgIDxSZXF1ZXN0IE1ldGhvZD0iUE9TVCIgR3VpZD0iMjM0Y2NlYTYtNmIxMC00ZjI2LTk5YjYtZGEyMmNkNjZiNjA0IiBWZXJzaW9uPSIxLjEiIFVybD0iaHR0cDovL2xvY2FsaG9zdDoxNzU0OS9hNDY4MDAwODNlMjk0MzlhODVkMjE2ZGJjOTIwM2I5NC9hcnRlcnlTaWduYWxSL25lZ290aWF0ZSIgVGhpbmtUaW1lPSIwIiBUaW1lb3V0PSIzMDAiIFBhcnNlRGVwZW5kZW50UmVxdWVzdHM9IlRydWUiIEZvbGxvd1JlZGlyZWN0cz0iVHJ1ZSIgUmVjb3JkUmVzdWx0PSJUcnVlIiBDYWNoZT0iRmFsc2UiIFJlc3BvbnNlVGltZUdvYWw9IjAiIEVuY29kaW5nPSJ1dGYtOCIgRXhwZWN0ZWRIdHRwU3RhdHVzQ29kZT0iMCIgRXhwZWN0ZWRSZXNwb25zZVVybD0iIiBSZXBvcnRpbmdOYW1lPSIiIElnbm9yZUh0dHBTdGF0dXNDb2RlPSJGYWxzZSI+DQogICAgICA8SGVhZGVycz4NCiAgICAgICAgPEhlYWRlciBOYW1lPSJDb250ZW50LVR5cGUiIFZhbHVlPSJhcHBsaWNhdGlvbi94LXd3dy1mb3JtLXVybGVuY29kZWQ7IGNoYXJzZXQ9VVRGLTgiIC8+DQogICAgICAgIDxIZWFkZXIgTmFtZT0iQWNjZXB0IiBWYWx1ZT0idGV4dC9wbGFpbiwgKi8qOyBxPTAuMDEiIC8+DQogICAgICAgIDxIZWFkZXIgTmFtZT0iUmVmZXJlciIgVmFsdWU9Imh0dHA6Ly9sb2NhbGhvc3Q6NDYyMy9BcGlMaXN0IiAvPg0KICAgICAgPC9IZWFkZXJzPg0KICAgICAgPFF1ZXJ5U3RyaW5nUGFyYW1ldGVycz4NCiAgICAgICAgPFF1ZXJ5U3RyaW5nUGFyYW1ldGVyIE5hbWU9InJlcXVlc3RVcmwiIFZhbHVlPSJodHRwJTNBJTJGJTJGbG9jYWxob3N0JTNBNDYyMyUyRkFwaUxpc3QiIFJlY29yZGVkVmFsdWU9Imh0dHAlM0ElMkYlMkZsb2NhbGhvc3QlM0E0NjIzJTJGQXBpTGlzdCIgQ29ycmVsYXRpb25CaW5kaW5nPSIiIFVybEVuY29kZT0iRmFsc2UiIFVzZVRvR3JvdXBSZXN1bHRzPSJGYWxzZSIgLz4NCiAgICAgICAgPFF1ZXJ5U3RyaW5nUGFyYW1ldGVyIE5hbWU9ImJyb3dzZXJOYW1lIiBWYWx1ZT0iSW50ZXJuZXQrRXhwbG9yZXIiIFJlY29yZGVkVmFsdWU9IkludGVybmV0K0V4cGxvcmVyIiBDb3JyZWxhdGlvbkJpbmRpbmc9IiIgVXJsRW5jb2RlPSJGYWxzZSIgVXNlVG9Hcm91cFJlc3VsdHM9IkZhbHNlIiAvPg0KICAgICAgICA8UXVlcnlTdHJpbmdQYXJhbWV0ZXIgTmFtZT0iY2xpZW50UHJvdG9jb2wiIFZhbHVlPSIxLjMiIFJlY29yZGVkVmFsdWU9IjEuMyIgQ29ycmVsYXRpb25CaW5kaW5nPSIiIFVybEVuY29kZT0iRmFsc2UiIFVzZVRvR3JvdXBSZXN1bHRzPSJGYWxzZSIgLz4NCiAgICAgICAgPFF1ZXJ5U3RyaW5nUGFyYW1ldGVyIE5hbWU9Il8iIFZhbHVlPSIxMzk3NjMxMDI0NDQzIiBSZWNvcmRlZFZhbHVlPSIxMzk3NjMxMDI0NDQzIiBDb3JyZWxhdGlvbkJpbmRpbmc9IiIgVXJsRW5jb2RlPSJGYWxzZSIgVXNlVG9Hcm91cFJlc3VsdHM9IkZhbHNlIiAvPg0KICAgICAgPC9RdWVyeVN0cmluZ1BhcmFtZXRlcnM+DQogICAgICA8Rm9ybVBvc3RIdHRwQm9keSAvPg0KICAgIDwvUmVxdWVzdD4NCiAgICA8UmVxdWVzdCBNZXRob2Q9IkdFVCIgR3VpZD0iNmNhMzJlYWItOGFkOS00N2Y1LTgzY2EtODMyOWIxYzBkZjgxIiBWZXJzaW9uPSIxLjEiIFVybD0iaHR0cDovL2xvY2FsaG9zdDo0NjIzL0FwcCIgVGhpbmtUaW1lPSIwIiBUaW1lb3V0PSIzMDAiIFBhcnNlRGVwZW5kZW50UmVxdWVzdHM9IlRydWUiIEZvbGxvd1JlZGlyZWN0cz0iVHJ1ZSIgUmVjb3JkUmVzdWx0PSJUcnVlIiBDYWNoZT0iRmFsc2UiIFJlc3BvbnNlVGltZUdvYWw9IjAiIEVuY29kaW5nPSJ1dGYtOCIgRXhwZWN0ZWRIdHRwU3RhdHVzQ29kZT0iMCIgRXhwZWN0ZWRSZXNwb25zZVVybD0iIiBSZXBvcnRpbmdOYW1lPSIiIElnbm9yZUh0dHBTdGF0dXNDb2RlPSJGYWxzZSI+DQogICAgICA8SGVhZGVycz4NCiAgICAgICAgPEhlYWRlciBOYW1lPSJSZWZlcmVyIiBWYWx1ZT0iaHR0cDovL2xvY2FsaG9zdDo0NjIzL0FwaUxpc3QiIC8+DQogICAgICA8L0hlYWRlcnM+DQogICAgPC9SZXF1ZXN0Pg0KICAgIDxSZXF1ZXN0IE1ldGhvZD0iUE9TVCIgR3VpZD0iYTY5NWZlZDktYzJhNS00YmQzLWIyOTAtMWJiNDc3N2FjYmM1IiBWZXJzaW9uPSIxLjEiIFVybD0iaHR0cDovL2xvY2FsaG9zdDoxNzU0OS9hNDY4MDAwODNlMjk0MzlhODVkMjE2ZGJjOTIwM2I5NC9hcnRlcnlTaWduYWxSL2Nvbm5lY3QiIFRoaW5rVGltZT0iMCIgVGltZW91dD0iMzAwIiBQYXJzZURlcGVuZGVudFJlcXVlc3RzPSJUcnVlIiBGb2xsb3dSZWRpcmVjdHM9IlRydWUiIFJlY29yZFJlc3VsdD0iVHJ1ZSIgQ2FjaGU9IkZhbHNlIiBSZXNwb25zZVRpbWVHb2FsPSIwIiBFbmNvZGluZz0idXRmLTgiIEV4cGVjdGVkSHR0cFN0YXR1c0NvZGU9IjAiIEV4cGVjdGVkUmVzcG9uc2VVcmw9IiIgUmVwb3J0aW5nTmFtZT0iIiBJZ25vcmVIdHRwU3RhdHVzQ29kZT0iRmFsc2UiPg0KICAgICAgPEhlYWRlcnM+DQogICAgICAgIDxIZWFkZXIgTmFtZT0iQ29udGVudC1UeXBlIiBWYWx1ZT0iYXBwbGljYXRpb24veC13d3ctZm9ybS11cmxlbmNvZGVkOyBjaGFyc2V0PVVURi04IiAvPg0KICAgICAgICA8SGVhZGVyIE5hbWU9IkFjY2VwdCIgVmFsdWU9InRleHQvcGxhaW4sICovKjsgcT0wLjAxIiAvPg0KICAgICAgICA8SGVhZGVyIE5hbWU9IlJlZmVyZXIiIFZhbHVlPSJodHRwOi8vbG9jYWxob3N0OjQ2MjMvQXBpTGlzdCIgLz4NCiAgICAgIDwvSGVhZGVycz4NCiAgICAgIDxRdWVyeVN0cmluZ1BhcmFtZXRlcnM+DQogICAgICAgIDxRdWVyeVN0cmluZ1BhcmFtZXRlciBOYW1lPSJ0cmFuc3BvcnQiIFZhbHVlPSJsb25nUG9sbGluZyIgUmVjb3JkZWRWYWx1ZT0ibG9uZ1BvbGxpbmciIENvcnJlbGF0aW9uQmluZGluZz0iIiBVcmxFbmNvZGU9IkZhbHNlIiBVc2VUb0dyb3VwUmVzdWx0cz0iRmFsc2UiIC8+DQogICAgICAgIDxRdWVyeVN0cmluZ1BhcmFtZXRlciBOYW1lPSJjb25uZWN0aW9uVG9rZW4iIFZhbHVlPSJBUUFBQU5DTW5kOEJGZEVSakhvQXdFJTJGQ2wlMkJzQkFBQUF6OHNFMVBWb2FVbXRsN2RURnVZWDdBQUFBQUFDQUFBQUFBQVFaZ0FBQUFFQUFDQUFBQUFaJTJCbmowRWJsM0xpemNqdkRuNmJHTHpNUiUyQndBY1FjME1zVURQNjFLQlhXZ0FBQUFBT2dBQUFBQUlBQUNBQUFBQkFSTSUyRjNyaHRydzFqYmcyNzV5M0RBajFTSW5HOURPWEJWeVhRSEw0MlhCREFBQUFCSU52TTBIQ1JlOGxwNEpGUjYzbkN0M094YmZxUk91eGFiMnlsWiUyQmEyQkphUmtjM3hSaVhheDlGc0RlVGZxcFRwQUFBQUFKazNVT3VFZ0d1cXhCM3I5Ylg2MmJ3Y2RzbklpViUyRnM2NGgwdlIzbGg2eUkzbG9kUE5pZ0M1VSUyRkhUaFVXckRteXBzbWFhelJ5Q0lEY29JNGlRVG9tUWclM0QlM0QiIFJlY29yZGVkVmFsdWU9IkFRQUFBTkNNbmQ4QkZkRVJqSG9Bd0UlMkZDbCUyQnNCQUFBQXo4c0UxUFZvYVVtdGw3ZFRGdVlYN0FBQUFBQUNBQUFBQUFBUVpnQUFBQUVBQUNBQUFBQVolMkJuajBFYmwzTGl6Y2p2RG42YkdMek1SJTJCd0FjUWMwTXNVRFA2MUtCWFdnQUFBQUFPZ0FBQUFBSUFBQ0FBQUFCQVJNJTJGM3JodHJ3MWpiZzI3NXkzREFqMVNJbkc5RE9YQlZ5WFFITDQyWEJEQUFBQUJJTnZNMEhDUmU4bHA0SkZSNjNuQ3QzT3hiZnFST3V4YWIyeWxaJTJCYTJCSmFSa2MzeFJpWGF4OUZzRGVUZnFwVHBBQUFBQUprM1VPdUVnR3VxeEIzcjliWDYyYndjZHNuSWlWJTJGczY0aDB2UjNsaDZ5STNsb2RQTmlnQzVVJTJGSFRoVVdyRG15cHNtYWF6UnlDSURjb0k0aVFUb21RZyUzRCUzRCIgQ29ycmVsYXRpb25CaW5kaW5nPSIiIFVybEVuY29kZT0iRmFsc2UiIFVzZVRvR3JvdXBSZXN1bHRzPSJGYWxzZSIgLz4NCiAgICAgICAgPFF1ZXJ5U3RyaW5nUGFyYW1ldGVyIE5hbWU9InJlcXVlc3RVcmwiIFZhbHVlPSJodHRwJTNBJTJGJTJGbG9jYWxob3N0JTNBNDYyMyUyRkFwaUxpc3QiIFJlY29yZGVkVmFsdWU9Imh0dHAlM0ElMkYlMkZsb2NhbGhvc3QlM0E0NjIzJTJGQXBpTGlzdCIgQ29ycmVsYXRpb25CaW5kaW5nPSIiIFVybEVuY29kZT0iRmFsc2UiIFVzZVRvR3JvdXBSZXN1bHRzPSJGYWxzZSIgLz4NCiAgICAgICAgPFF1ZXJ5U3RyaW5nUGFyYW1ldGVyIE5hbWU9ImJyb3dzZXJOYW1lIiBWYWx1ZT0iSW50ZXJuZXQrRXhwbG9yZXIiIFJlY29yZGVkVmFsdWU9IkludGVybmV0K0V4cGxvcmVyIiBDb3JyZWxhdGlvbkJpbmRpbmc9IiIgVXJsRW5jb2RlPSJGYWxzZSIgVXNlVG9Hcm91cFJlc3VsdHM9IkZhbHNlIiAvPg0KICAgICAgICA8UXVlcnlTdHJpbmdQYXJhbWV0ZXIgTmFtZT0idGlkIiBWYWx1ZT0iMCIgUmVjb3JkZWRWYWx1ZT0iMCIgQ29ycmVsYXRpb25CaW5kaW5nPSIiIFVybEVuY29kZT0iRmFsc2UiIFVzZVRvR3JvdXBSZXN1bHRzPSJGYWxzZSIgLz4NCiAgICAgICAgPFF1ZXJ5U3RyaW5nUGFyYW1ldGVyIE5hbWU9Il8iIFZhbHVlPSIxMzk3NjMxMDI1NTY3IiBSZWNvcmRlZFZhbHVlPSIxMzk3NjMxMDI1NTY3IiBDb3JyZWxhdGlvbkJpbmRpbmc9IiIgVXJsRW5jb2RlPSJGYWxzZSIgVXNlVG9Hcm91cFJlc3VsdHM9IkZhbHNlIiAvPg0KICAgICAgPC9RdWVyeVN0cmluZ1BhcmFtZXRlcnM+DQogICAgICA8Rm9ybVBvc3RIdHRwQm9keSAvPg0KICAgIDwvUmVxdWVzdD4NCiAgICA8UmVxdWVzdCBNZXRob2Q9IlBPU1QiIEd1aWQ9IjgzNjUwZTU2LTU4MzctNDUzYi05MjhlLTIyMDMwZDdkMGNlOCIgVmVyc2lvbj0iMS4xIiBVcmw9Imh0dHA6Ly9sb2NhbGhvc3Q6MTc1NDkvYTQ2ODAwMDgzZTI5NDM5YTg1ZDIxNmRiYzkyMDNiOTQvYXJ0ZXJ5U2lnbmFsUi9zZW5kIiBUaGlua1RpbWU9IjAiIFRpbWVvdXQ9IjMwMCIgUGFyc2VEZXBlbmRlbnRSZXF1ZXN0cz0iVHJ1ZSIgRm9sbG93UmVkaXJlY3RzPSJUcnVlIiBSZWNvcmRSZXN1bHQ9IlRydWUiIENhY2hlPSJGYWxzZSIgUmVzcG9uc2VUaW1lR29hbD0iMCIgRW5jb2Rpbmc9InV0Zi04IiBFeHBlY3RlZEh0dHBTdGF0dXNDb2RlPSIwIiBFeHBlY3RlZFJlc3BvbnNlVXJsPSIiIFJlcG9ydGluZ05hbWU9IiIgSWdub3JlSHR0cFN0YXR1c0NvZGU9IkZhbHNlIj4NCiAgICAgIDxIZWFkZXJzPg0KICAgICAgICA8SGVhZGVyIE5hbWU9IkFjY2VwdCIgVmFsdWU9InRleHQvcGxhaW4sICovKjsgcT0wLjAxIiAvPg0KICAgICAgICA8SGVhZGVyIE5hbWU9IlJlZmVyZXIiIFZhbHVlPSJodHRwOi8vbG9jYWxob3N0OjQ2MjMvQXBpTGlzdCIgLz4NCiAgICAgIDwvSGVhZGVycz4NCiAgICAgIDxRdWVyeVN0cmluZ1BhcmFtZXRlcnM+DQogICAgICAgIDxRdWVyeVN0cmluZ1BhcmFtZXRlciBOYW1lPSJ0cmFuc3BvcnQiIFZhbHVlPSJsb25nUG9sbGluZyIgUmVjb3JkZWRWYWx1ZT0ibG9uZ1BvbGxpbmciIENvcnJlbGF0aW9uQmluZGluZz0iIiBVcmxFbmNvZGU9IkZhbHNlIiBVc2VUb0dyb3VwUmVzdWx0cz0iRmFsc2UiIC8+DQogICAgICAgIDxRdWVyeVN0cmluZ1BhcmFtZXRlciBOYW1lPSJjb25uZWN0aW9uVG9rZW4iIFZhbHVlPSJBUUFBQU5DTW5kOEJGZEVSakhvQXdFJTJGQ2wlMkJzQkFBQUF6OHNFMVBWb2FVbXRsN2RURnVZWDdBQUFBQUFDQUFBQUFBQVFaZ0FBQUFFQUFDQUFBQUFaJTJCbmowRWJsM0xpemNqdkRuNmJHTHpNUiUyQndBY1FjME1zVURQNjFLQlhXZ0FBQUFBT2dBQUFBQUlBQUNBQUFBQkFSTSUyRjNyaHRydzFqYmcyNzV5M0RBajFTSW5HOURPWEJWeVhRSEw0MlhCREFBQUFCSU52TTBIQ1JlOGxwNEpGUjYzbkN0M094YmZxUk91eGFiMnlsWiUyQmEyQkphUmtjM3hSaVhheDlGc0RlVGZxcFRwQUFBQUFKazNVT3VFZ0d1cXhCM3I5Ylg2MmJ3Y2RzbklpViUyRnM2NGgwdlIzbGg2eUkzbG9kUE5pZ0M1VSUyRkhUaFVXckRteXBzbWFhelJ5Q0lEY29JNGlRVG9tUWclM0QlM0QiIFJlY29yZGVkVmFsdWU9IkFRQUFBTkNNbmQ4QkZkRVJqSG9Bd0UlMkZDbCUyQnNCQUFBQXo4c0UxUFZvYVVtdGw3ZFRGdVlYN0FBQUFBQUNBQUFBQUFBUVpnQUFBQUVBQUNBQUFBQVolMkJuajBFYmwzTGl6Y2p2RG42YkdMek1SJTJCd0FjUWMwTXNVRFA2MUtCWFdnQUFBQUFPZ0FBQUFBSUFBQ0FBQUFCQVJNJTJGM3JodHJ3MWpiZzI3NXkzREFqMVNJbkc5RE9YQlZ5WFFITDQyWEJEQUFBQUJJTnZNMEhDUmU4bHA0SkZSNjNuQ3QzT3hiZnFST3V4YWIyeWxaJTJCYTJCSmFSa2MzeFJpWGF4OUZzRGVUZnFwVHBBQUFBQUprM1VPdUVnR3VxeEIzcjliWDYyYndjZHNuSWlWJTJGczY0aDB2UjNsaDZ5STNsb2RQTmlnQzVVJTJGSFRoVVdyRG15cHNtYWF6UnlDSURjb0k0aVFUb21RZyUzRCUzRCIgQ29ycmVsYXRpb25CaW5kaW5nPSIiIFVybEVuY29kZT0iRmFsc2UiIFVzZVRvR3JvdXBSZXN1bHRzPSJGYWxzZSIgLz4NCiAgICAgICAgPFF1ZXJ5U3RyaW5nUGFyYW1ldGVyIE5hbWU9InJlcXVlc3RVcmwiIFZhbHVlPSJodHRwJTNBJTJGJTJGbG9jYWxob3N0JTNBNDYyMyUyRkFwaUxpc3QiIFJlY29yZGVkVmFsdWU9Imh0dHAlM0ElMkYlMkZsb2NhbGhvc3QlM0E0NjIzJTJGQXBpTGlzdCIgQ29ycmVsYXRpb25CaW5kaW5nPSIiIFVybEVuY29kZT0iRmFsc2UiIFVzZVRvR3JvdXBSZXN1bHRzPSJGYWxzZSIgLz4NCiAgICAgICAgPFF1ZXJ5U3RyaW5nUGFyYW1ldGVyIE5hbWU9ImJyb3dzZXJOYW1lIiBWYWx1ZT0iSW50ZXJuZXQrRXhwbG9yZXIiIFJlY29yZGVkVmFsdWU9IkludGVybmV0K0V4cGxvcmVyIiBDb3JyZWxhdGlvbkJpbmRpbmc9IiIgVXJsRW5jb2RlPSJGYWxzZSIgVXNlVG9Hcm91cFJlc3VsdHM9IkZhbHNlIiAvPg0KICAgICAgPC9RdWVyeVN0cmluZ1BhcmFtZXRlcnM+DQogICAgICA8Rm9ybVBvc3RIdHRwQm9keT4NCiAgICAgICAgPEZvcm1Qb3N0UGFyYW1ldGVyIE5hbWU9ImRhdGEiIFZhbHVlPSJ7JnF1b3Q7bmFtZSZxdW90OzomcXVvdDtNaWNyb3NvZnQuVmlzdWFsU3R1ZGlvLldlYi5Ccm93c2VyTGluay5Db3JlRXh0ZW5zaW9uRmFjdG9yeS5jb25uZWN0ZWQmcXVvdDssJnF1b3Q7Y2FsbGJhY2tJZCZxdW90OzoxfSIgUmVjb3JkZWRWYWx1ZT0ieyZxdW90O25hbWUmcXVvdDs6JnF1b3Q7TWljcm9zb2Z0LlZpc3VhbFN0dWRpby5XZWIuQnJvd3NlckxpbmsuQ29yZUV4dGVuc2lvbkZhY3RvcnkuY29ubmVjdGVkJnF1b3Q7LCZxdW90O2NhbGxiYWNrSWQmcXVvdDs6MX0iIENvcnJlbGF0aW9uQmluZGluZz0iIiBVcmxFbmNvZGU9IlRydWUiIC8+DQogICAgICA8L0Zvcm1Qb3N0SHR0cEJvZHk+DQogICAgPC9SZXF1ZXN0Pg0KICAgIDxSZXF1ZXN0IE1ldGhvZD0iUE9TVCIgR3VpZD0iMDdjNGIzZDgtOWE3Ni00NDM5LTgyYWItY2VmZjNmMzA0M2IyIiBWZXJzaW9uPSIxLjEiIFVybD0iaHR0cDovL2xvY2FsaG9zdDoxNzU0OS9hNDY4MDAwODNlMjk0MzlhODVkMjE2ZGJjOTIwM2I5NC9hcnRlcnlTaWduYWxSL2Fib3J0IiBUaGlua1RpbWU9IjAiIFRpbWVvdXQ9IjMwMCIgUGFyc2VEZXBlbmRlbnRSZXF1ZXN0cz0iVHJ1ZSIgRm9sbG93UmVkaXJlY3RzPSJUcnVlIiBSZWNvcmRSZXN1bHQ9IlRydWUiIENhY2hlPSJGYWxzZSIgUmVzcG9uc2VUaW1lR29hbD0iMCIgRW5jb2Rpbmc9InV0Zi04IiBFeHBlY3RlZEh0dHBTdGF0dXNDb2RlPSIwIiBFeHBlY3RlZFJlc3BvbnNlVXJsPSIiIFJlcG9ydGluZ05hbWU9IiIgSWdub3JlSHR0cFN0YXR1c0NvZGU9IkZhbHNlIj4NCiAgICAgIDxIZWFkZXJzPg0KICAgICAgICA8SGVhZGVyIE5hbWU9IkFjY2VwdCIgVmFsdWU9InRleHQvcGxhaW4sICovKjsgcT0wLjAxIiAvPg0KICAgICAgICA8SGVhZGVyIE5hbWU9IlJlZmVyZXIiIFZhbHVlPSJodHRwOi8vbG9jYWxob3N0OjQ2MjMvQXBpTGlzdCIgLz4NCiAgICAgIDwvSGVhZGVycz4NCiAgICAgIDxRdWVyeVN0cmluZ1BhcmFtZXRlcnM+DQogICAgICAgIDxRdWVyeVN0cmluZ1BhcmFtZXRlciBOYW1lPSJ0cmFuc3BvcnQiIFZhbHVlPSJsb25nUG9sbGluZyIgUmVjb3JkZWRWYWx1ZT0ibG9uZ1BvbGxpbmciIENvcnJlbGF0aW9uQmluZGluZz0iIiBVcmxFbmNvZGU9IkZhbHNlIiBVc2VUb0dyb3VwUmVzdWx0cz0iRmFsc2UiIC8+DQogICAgICAgIDxRdWVyeVN0cmluZ1BhcmFtZXRlciBOYW1lPSJjb25uZWN0aW9uVG9rZW4iIFZhbHVlPSJBUUFBQU5DTW5kOEJGZEVSakhvQXdFJTJGQ2wlMkJzQkFBQUF6OHNFMVBWb2FVbXRsN2RURnVZWDdBQUFBQUFDQUFBQUFBQVFaZ0FBQUFFQUFDQUFBQUFaJTJCbmowRWJsM0xpemNqdkRuNmJHTHpNUiUyQndBY1FjME1zVURQNjFLQlhXZ0FBQUFBT2dBQUFBQUlBQUNBQUFBQkFSTSUyRjNyaHRydzFqYmcyNzV5M0RBajFTSW5HOURPWEJWeVhRSEw0MlhCREFBQUFCSU52TTBIQ1JlOGxwNEpGUjYzbkN0M094YmZxUk91eGFiMnlsWiUyQmEyQkphUmtjM3hSaVhheDlGc0RlVGZxcFRwQUFBQUFKazNVT3VFZ0d1cXhCM3I5Ylg2MmJ3Y2RzbklpViUyRnM2NGgwdlIzbGg2eUkzbG9kUE5pZ0M1VSUyRkhUaFVXckRteXBzbWFhelJ5Q0lEY29JNGlRVG9tUWclM0QlM0QiIFJlY29yZGVkVmFsdWU9IkFRQUFBTkNNbmQ4QkZkRVJqSG9Bd0UlMkZDbCUyQnNCQUFBQXo4c0UxUFZvYVVtdGw3ZFRGdVlYN0FBQUFBQUNBQUFBQUFBUVpnQUFBQUVBQUNBQUFBQVolMkJuajBFYmwzTGl6Y2p2RG42YkdMek1SJTJCd0FjUWMwTXNVRFA2MUtCWFdnQUFBQUFPZ0FBQUFBSUFBQ0FBQUFCQVJNJTJGM3JodHJ3MWpiZzI3NXkzREFqMVNJbkc5RE9YQlZ5WFFITDQyWEJEQUFBQUJJTnZNMEhDUmU4bHA0SkZSNjNuQ3QzT3hiZnFST3V4YWIyeWxaJTJCYTJCSmFSa2MzeFJpWGF4OUZzRGVUZnFwVHBBQUFBQUprM1VPdUVnR3VxeEIzcjliWDYyYndjZHNuSWlWJTJGczY0aDB2UjNsaDZ5STNsb2RQTmlnQzVVJTJGSFRoVVdyRG15cHNtYWF6UnlDSURjb0k0aVFUb21RZyUzRCUzRCIgQ29ycmVsYXRpb25CaW5kaW5nPSIiIFVybEVuY29kZT0iRmFsc2UiIFVzZVRvR3JvdXBSZXN1bHRzPSJGYWxzZSIgLz4NCiAgICAgICAgPFF1ZXJ5U3RyaW5nUGFyYW1ldGVyIE5hbWU9InJlcXVlc3RVcmwiIFZhbHVlPSJodHRwJTNBJTJGJTJGbG9jYWxob3N0JTNBNDYyMyUyRkFwaUxpc3QiIFJlY29yZGVkVmFsdWU9Imh0dHAlM0ElMkYlMkZsb2NhbGhvc3QlM0E0NjIzJTJGQXBpTGlzdCIgQ29ycmVsYXRpb25CaW5kaW5nPSIiIFVybEVuY29kZT0iRmFsc2UiIFVzZVRvR3JvdXBSZXN1bHRzPSJGYWxzZSIgLz4NCiAgICAgICAgPFF1ZXJ5U3RyaW5nUGFyYW1ldGVyIE5hbWU9ImJyb3dzZXJOYW1lIiBWYWx1ZT0iSW50ZXJuZXQrRXhwbG9yZXIiIFJlY29yZGVkVmFsdWU9IkludGVybmV0K0V4cGxvcmVyIiBDb3JyZWxhdGlvbkJpbmRpbmc9IiIgVXJsRW5jb2RlPSJGYWxzZSIgVXNlVG9Hcm91cFJlc3VsdHM9IkZhbHNlIiAvPg0KICAgICAgPC9RdWVyeVN0cmluZ1BhcmFtZXRlcnM+DQogICAgICA8Rm9ybVBvc3RIdHRwQm9keSAvPg0KICAgIDwvUmVxdWVzdD4NCiAgICA8UmVxdWVzdCBNZXRob2Q9IlBPU1QiIEd1aWQ9IjIxMTgzZGRlLWI4OTctNDIxOS05ODI0LWY1YmQ0NWZjMWRjMSIgVmVyc2lvbj0iMS4xIiBVcmw9Imh0dHA6Ly9sb2NhbGhvc3Q6MTc1NDkvYTQ2ODAwMDgzZTI5NDM5YTg1ZDIxNmRiYzkyMDNiOTQvYXJ0ZXJ5U2lnbmFsUi9uZWdvdGlhdGUiIFRoaW5rVGltZT0iMCIgVGltZW91dD0iMzAwIiBQYXJzZURlcGVuZGVudFJlcXVlc3RzPSJUcnVlIiBGb2xsb3dSZWRpcmVjdHM9IlRydWUiIFJlY29yZFJlc3VsdD0iVHJ1ZSIgQ2FjaGU9IkZhbHNlIiBSZXNwb25zZVRpbWVHb2FsPSIwIiBFbmNvZGluZz0idXRmLTgiIEV4cGVjdGVkSHR0cFN0YXR1c0NvZGU9IjAiIEV4cGVjdGVkUmVzcG9uc2VVcmw9IiIgUmVwb3J0aW5nTmFtZT0iIiBJZ25vcmVIdHRwU3RhdHVzQ29kZT0iRmFsc2UiPg0KICAgICAgPEhlYWRlcnM+DQogICAgICAgIDxIZWFkZXIgTmFtZT0iQ29udGVudC1UeXBlIiBWYWx1ZT0iYXBwbGljYXRpb24veC13d3ctZm9ybS11cmxlbmNvZGVkOyBjaGFyc2V0PVVURi04IiAvPg0KICAgICAgICA8SGVhZGVyIE5hbWU9IkFjY2VwdCIgVmFsdWU9InRleHQvcGxhaW4sICovKjsgcT0wLjAxIiAvPg0KICAgICAgICA8SGVhZGVyIE5hbWU9IlJlZmVyZXIiIFZhbHVlPSJodHRwOi8vbG9jYWxob3N0OjQ2MjMvQXBwIiAvPg0KICAgICAgPC9IZWFkZXJzPg0KICAgICAgPFF1ZXJ5U3RyaW5nUGFyYW1ldGVycz4NCiAgICAgICAgPFF1ZXJ5U3RyaW5nUGFyYW1ldGVyIE5hbWU9InJlcXVlc3RVcmwiIFZhbHVlPSJodHRwJTNBJTJGJTJGbG9jYWxob3N0JTNBNDYyMyUyRkFwcCIgUmVjb3JkZWRWYWx1ZT0iaHR0cCUzQSUyRiUyRmxvY2FsaG9zdCUzQTQ2MjMlMkZBcHAiIENvcnJlbGF0aW9uQmluZGluZz0iIiBVcmxFbmNvZGU9IkZhbHNlIiBVc2VUb0dyb3VwUmVzdWx0cz0iRmFsc2UiIC8+DQogICAgICAgIDxRdWVyeVN0cmluZ1BhcmFtZXRlciBOYW1lPSJicm93c2VyTmFtZSIgVmFsdWU9IkludGVybmV0K0V4cGxvcmVyIiBSZWNvcmRlZFZhbHVlPSJJbnRlcm5ldCtFeHBsb3JlciIgQ29ycmVsYXRpb25CaW5kaW5nPSIiIFVybEVuY29kZT0iRmFsc2UiIFVzZVRvR3JvdXBSZXN1bHRzPSJGYWxzZSIgLz4NCiAgICAgICAgPFF1ZXJ5U3RyaW5nUGFyYW1ldGVyIE5hbWU9ImNsaWVudFByb3RvY29sIiBWYWx1ZT0iMS4zIiBSZWNvcmRlZFZhbHVlPSIxLjMiIENvcnJlbGF0aW9uQmluZGluZz0iIiBVcmxFbmNvZGU9IkZhbHNlIiBVc2VUb0dyb3VwUmVzdWx0cz0iRmFsc2UiIC8+DQogICAgICAgIDxRdWVyeVN0cmluZ1BhcmFtZXRlciBOYW1lPSJfIiBWYWx1ZT0iMTM5NzYzMTAyNjAzNyIgUmVjb3JkZWRWYWx1ZT0iMTM5NzYzMTAyNjAzNyIgQ29ycmVsYXRpb25CaW5kaW5nPSIiIFVybEVuY29kZT0iRmFsc2UiIFVzZVRvR3JvdXBSZXN1bHRzPSJGYWxzZSIgLz4NCiAgICAgIDwvUXVlcnlTdHJpbmdQYXJhbWV0ZXJzPg0KICAgICAgPEZvcm1Qb3N0SHR0cEJvZHkgLz4NCiAgICA8L1JlcXVlc3Q+DQogICAgPFJlcXVlc3QgTWV0aG9kPSJHRVQiIEd1aWQ9IjRmMGUzMzgyLTk2ZmYtNDQ4OS05NzNjLTE3YTFmM2JlZWZkOSIgVmVyc2lvbj0iMS4xIiBVcmw9Imh0dHA6Ly9sb2NhbGhvc3Q6NDYyMy9BcHAiIFRoaW5rVGltZT0iMCIgVGltZW91dD0iMzAwIiBQYXJzZURlcGVuZGVudFJlcXVlc3RzPSJUcnVlIiBGb2xsb3dSZWRpcmVjdHM9IlRydWUiIFJlY29yZFJlc3VsdD0iVHJ1ZSIgQ2FjaGU9IkZhbHNlIiBSZXNwb25zZVRpbWVHb2FsPSIwIiBFbmNvZGluZz0idXRmLTgiIEV4cGVjdGVkSHR0cFN0YXR1c0NvZGU9IjAiIEV4cGVjdGVkUmVzcG9uc2VVcmw9IiIgUmVwb3J0aW5nTmFtZT0iIiBJZ25vcmVIdHRwU3RhdHVzQ29kZT0iRmFsc2UiPg0KICAgICAgPEhlYWRlcnM+DQogICAgICAgIDxIZWFkZXIgTmFtZT0iUmVmZXJlciIgVmFsdWU9Imh0dHA6Ly9sb2NhbGhvc3Q6NDYyMy9BcHAiIC8+DQogICAgICA8L0hlYWRlcnM+DQogICAgPC9SZXF1ZXN0Pg0KICAgIDxSZXF1ZXN0IE1ldGhvZD0iUE9TVCIgR3VpZD0iMTBiODRjMTItODUyYS00MjUyLThhMzctMjMzNTBmNDFjZjNlIiBWZXJzaW9uPSIxLjEiIFVybD0iaHR0cDovL2xvY2FsaG9zdDoxNzU0OS9hNDY4MDAwODNlMjk0MzlhODVkMjE2ZGJjOTIwM2I5NC9hcnRlcnlTaWduYWxSL25lZ290aWF0ZSIgVGhpbmtUaW1lPSIwIiBUaW1lb3V0PSIzMDAiIFBhcnNlRGVwZW5kZW50UmVxdWVzdHM9IlRydWUiIEZvbGxvd1JlZGlyZWN0cz0iVHJ1ZSIgUmVjb3JkUmVzdWx0PSJUcnVlIiBDYWNoZT0iRmFsc2UiIFJlc3BvbnNlVGltZUdvYWw9IjAiIEVuY29kaW5nPSJ1dGYtOCIgRXhwZWN0ZWRIdHRwU3RhdHVzQ29kZT0iMCIgRXhwZWN0ZWRSZXNwb25zZVVybD0iIiBSZXBvcnRpbmdOYW1lPSIiIElnbm9yZUh0dHBTdGF0dXNDb2RlPSJGYWxzZSI+DQogICAgICA8SGVhZGVycz4NCiAgICAgICAgPEhlYWRlciBOYW1lPSJDb250ZW50LVR5cGUiIFZhbHVlPSJhcHBsaWNhdGlvbi94LXd3dy1mb3JtLXVybGVuY29kZWQ7IGNoYXJzZXQ9VVRGLTgiIC8+DQogICAgICAgIDxIZWFkZXIgTmFtZT0iQWNjZXB0IiBWYWx1ZT0idGV4dC9wbGFpbiwgKi8qOyBxPTAuMDEiIC8+DQogICAgICAgIDxIZWFkZXIgTmFtZT0iUmVmZXJlciIgVmFsdWU9Imh0dHA6Ly9sb2NhbGhvc3Q6NDYyMy9BcHAiIC8+DQogICAgICA8L0hlYWRlcnM+DQogICAgICA8UXVlcnlTdHJpbmdQYXJhbWV0ZXJzPg0KICAgICAgICA8UXVlcnlTdHJpbmdQYXJhbWV0ZXIgTmFtZT0icmVxdWVzdFVybCIgVmFsdWU9Imh0dHAlM0ElMkYlMkZsb2NhbGhvc3QlM0E0NjIzJTJGQXBwIiBSZWNvcmRlZFZhbHVlPSJodHRwJTNBJTJGJTJGbG9jYWxob3N0JTNBNDYyMyUyRkFwcCIgQ29ycmVsYXRpb25CaW5kaW5nPSIiIFVybEVuY29kZT0iRmFsc2UiIFVzZVRvR3JvdXBSZXN1bHRzPSJGYWxzZSIgLz4NCiAgICAgICAgPFF1ZXJ5U3RyaW5nUGFyYW1ldGVyIE5hbWU9ImJyb3dzZXJOYW1lIiBWYWx1ZT0iSW50ZXJuZXQrRXhwbG9yZXIiIFJlY29yZGVkVmFsdWU9IkludGVybmV0K0V4cGxvcmVyIiBDb3JyZWxhdGlvbkJpbmRpbmc9IiIgVXJsRW5jb2RlPSJGYWxzZSIgVXNlVG9Hcm91cFJlc3VsdHM9IkZhbHNlIiAvPg0KICAgICAgICA8UXVlcnlTdHJpbmdQYXJhbWV0ZXIgTmFtZT0iY2xpZW50UHJvdG9jb2wiIFZhbHVlPSIxLjMiIFJlY29yZGVkVmFsdWU9IjEuMyIgQ29ycmVsYXRpb25CaW5kaW5nPSIiIFVybEVuY29kZT0iRmFsc2UiIFVzZVRvR3JvdXBSZXN1bHRzPSJGYWxzZSIgLz4NCiAgICAgICAgPFF1ZXJ5U3RyaW5nUGFyYW1ldGVyIE5hbWU9Il8iIFZhbHVlPSIxMzk3NjMxMDI3NzA0IiBSZWNvcmRlZFZhbHVlPSIxMzk3NjMxMDI3NzA0IiBDb3JyZWxhdGlvbkJpbmRpbmc9IiIgVXJsRW5jb2RlPSJGYWxzZSIgVXNlVG9Hcm91cFJlc3VsdHM9IkZhbHNlIiAvPg0KICAgICAgPC9RdWVyeVN0cmluZ1BhcmFtZXRlcnM+DQogICAgICA8Rm9ybVBvc3RIdHRwQm9keSAvPg0KICAgIDwvUmVxdWVzdD4NCiAgICA8UmVxdWVzdCBNZXRob2Q9IkdFVCIgR3VpZD0iMGI0NGU5OWYtNjhmNy00MjFlLTkyMTctMmU5Y2I3YjQ4ZjZjIiBWZXJzaW9uPSIxLjEiIFVybD0iaHR0cDovL2xvY2FsaG9zdDo0NjIzL0FwcC9DcmVhdGUiIFRoaW5rVGltZT0iMCIgVGltZW91dD0iMzAwIiBQYXJzZURlcGVuZGVudFJlcXVlc3RzPSJUcnVlIiBGb2xsb3dSZWRpcmVjdHM9IlRydWUiIFJlY29yZFJlc3VsdD0iVHJ1ZSIgQ2FjaGU9IkZhbHNlIiBSZXNwb25zZVRpbWVHb2FsPSIwIiBFbmNvZGluZz0idXRmLTgiIEV4cGVjdGVkSHR0cFN0YXR1c0NvZGU9IjAiIEV4cGVjdGVkUmVzcG9uc2VVcmw9IiIgUmVwb3J0aW5nTmFtZT0iIiBJZ25vcmVIdHRwU3RhdHVzQ29kZT0iRmFsc2UiPg0KICAgICAgPEhlYWRlcnM+DQogICAgICAgIDxIZWFkZXIgTmFtZT0iUmVmZXJlciIgVmFsdWU9Imh0dHA6Ly9sb2NhbGhvc3Q6NDYyMy9BcHAiIC8+DQogICAgICA8L0hlYWRlcnM+DQogICAgPC9SZXF1ZXN0Pg0KICAgIDxSZXF1ZXN0IE1ldGhvZD0iUE9TVCIgR3VpZD0iMDNiZjY1MGItMWJiOS00M2MwLWJkMDItMTc5ODgzMDUyZmRlIiBWZXJzaW9uPSIxLjEiIFVybD0iaHR0cDovL2xvY2FsaG9zdDoxNzU0OS9hNDY4MDAwODNlMjk0MzlhODVkMjE2ZGJjOTIwM2I5NC9hcnRlcnlTaWduYWxSL25lZ290aWF0ZSIgVGhpbmtUaW1lPSIwIiBUaW1lb3V0PSIzMDAiIFBhcnNlRGVwZW5kZW50UmVxdWVzdHM9IlRydWUiIEZvbGxvd1JlZGlyZWN0cz0iVHJ1ZSIgUmVjb3JkUmVzdWx0PSJUcnVlIiBDYWNoZT0iRmFsc2UiIFJlc3BvbnNlVGltZUdvYWw9IjAiIEVuY29kaW5nPSJ1dGYtOCIgRXhwZWN0ZWRIdHRwU3RhdHVzQ29kZT0iMCIgRXhwZWN0ZWRSZXNwb25zZVVybD0iIiBSZXBvcnRpbmdOYW1lPSIiIElnbm9yZUh0dHBTdGF0dXNDb2RlPSJGYWxzZSI+DQogICAgICA8SGVhZGVycz4NCiAgICAgICAgPEhlYWRlciBOYW1lPSJDb250ZW50LVR5cGUiIFZhbHVlPSJhcHBsaWNhdGlvbi94LXd3dy1mb3JtLXVybGVuY29kZWQ7IGNoYXJzZXQ9VVRGLTgiIC8+DQogICAgICAgIDxIZWFkZXIgTmFtZT0iQWNjZXB0IiBWYWx1ZT0idGV4dC9wbGFpbiwgKi8qOyBxPTAuMDEiIC8+DQogICAgICAgIDxIZWFkZXIgTmFtZT0iUmVmZXJlciIgVmFsdWU9Imh0dHA6Ly9sb2NhbGhvc3Q6NDYyMy9BcHAvQ3JlYXRlIiAvPg0KICAgICAgPC9IZWFkZXJzPg0KICAgICAgPFF1ZXJ5U3RyaW5nUGFyYW1ldGVycz4NCiAgICAgICAgPFF1ZXJ5U3RyaW5nUGFyYW1ldGVyIE5hbWU9InJlcXVlc3RVcmwiIFZhbHVlPSJodHRwJTNBJTJGJTJGbG9jYWxob3N0JTNBNDYyMyUyRkFwcCUyRkNyZWF0ZSIgUmVjb3JkZWRWYWx1ZT0iaHR0cCUzQSUyRiUyRmxvY2FsaG9zdCUzQTQ2MjMlMkZBcHAlMkZDcmVhdGUiIENvcnJlbGF0aW9uQmluZGluZz0iIiBVcmxFbmNvZGU9IkZhbHNlIiBVc2VUb0dyb3VwUmVzdWx0cz0iRmFsc2UiIC8+DQogICAgICAgIDxRdWVyeVN0cmluZ1BhcmFtZXRlciBOYW1lPSJicm93c2VyTmFtZSIgVmFsdWU9IkludGVybmV0K0V4cGxvcmVyIiBSZWNvcmRlZFZhbHVlPSJJbnRlcm5ldCtFeHBsb3JlciIgQ29ycmVsYXRpb25CaW5kaW5nPSIiIFVybEVuY29kZT0iRmFsc2UiIFVzZVRvR3JvdXBSZXN1bHRzPSJGYWxzZSIgLz4NCiAgICAgICAgPFF1ZXJ5U3RyaW5nUGFyYW1ldGVyIE5hbWU9ImNsaWVudFByb3RvY29sIiBWYWx1ZT0iMS4zIiBSZWNvcmRlZFZhbHVlPSIxLjMiIENvcnJlbGF0aW9uQmluZGluZz0iIiBVcmxFbmNvZGU9IkZhbHNlIiBVc2VUb0dyb3VwUmVzdWx0cz0iRmFsc2UiIC8+DQogICAgICAgIDxRdWVyeVN0cmluZ1BhcmFtZXRlciBOYW1lPSJfIiBWYWx1ZT0iMTM5NzYzMTAyODc1OCIgUmVjb3JkZWRWYWx1ZT0iMTM5NzYzMTAyODc1OCIgQ29ycmVsYXRpb25CaW5kaW5nPSIiIFVybEVuY29kZT0iRmFsc2UiIFVzZVRvR3JvdXBSZXN1bHRzPSJGYWxzZSIgLz4NCiAgICAgIDwvUXVlcnlTdHJpbmdQYXJhbWV0ZXJzPg0KICAgICAgPEZvcm1Qb3N0SHR0cEJvZHkgLz4NCiAgICA8L1JlcXVlc3Q+DQogICAgPFJlcXVlc3QgTWV0aG9kPSJQT1NUIiBHdWlkPSIxNjRjNzM4My0wNjRhLTRjODEtYWE2YS05MGUyZTg1ODBhYjQiIFZlcnNpb249IjEuMSIgVXJsPSJodHRwOi8vbG9jYWxob3N0OjE3NTQ5L2E0NjgwMDA4M2UyOTQzOWE4NWQyMTZkYmM5MjAzYjk0L2FydGVyeVNpZ25hbFIvY29ubmVjdCIgVGhpbmtUaW1lPSIwIiBUaW1lb3V0PSIzMDAiIFBhcnNlRGVwZW5kZW50UmVxdWVzdHM9IlRydWUiIEZvbGxvd1JlZGlyZWN0cz0iVHJ1ZSIgUmVjb3JkUmVzdWx0PSJUcnVlIiBDYWNoZT0iRmFsc2UiIFJlc3BvbnNlVGltZUdvYWw9IjAiIEVuY29kaW5nPSJ1dGYtOCIgRXhwZWN0ZWRIdHRwU3RhdHVzQ29kZT0iMCIgRXhwZWN0ZWRSZXNwb25zZVVybD0iIiBSZXBvcnRpbmdOYW1lPSIiIElnbm9yZUh0dHBTdGF0dXNDb2RlPSJGYWxzZSI+DQogICAgICA8SGVhZGVycz4NCiAgICAgICAgPEhlYWRlciBOYW1lPSJDb250ZW50LVR5cGUiIFZhbHVlPSJhcHBsaWNhdGlvbi94LXd3dy1mb3JtLXVybGVuY29kZWQ7IGNoYXJzZXQ9VVRGLTgiIC8+DQogICAgICAgIDxIZWFkZXIgTmFtZT0iQWNjZXB0IiBWYWx1ZT0idGV4dC9wbGFpbiwgKi8qOyBxPTAuMDEiIC8+DQogICAgICAgIDxIZWFkZXIgTmFtZT0iUmVmZXJlciIgVmFsdWU9Imh0dHA6Ly9sb2NhbGhvc3Q6NDYyMy9BcHAvQ3JlYXRlIiAvPg0KICAgICAgPC9IZWFkZXJzPg0KICAgICAgPFF1ZXJ5U3RyaW5nUGFyYW1ldGVycz4NCiAgICAgICAgPFF1ZXJ5U3RyaW5nUGFyYW1ldGVyIE5hbWU9InRyYW5zcG9ydCIgVmFsdWU9ImxvbmdQb2xsaW5nIiBSZWNvcmRlZFZhbHVlPSJsb25nUG9sbGluZyIgQ29ycmVsYXRpb25CaW5kaW5nPSIiIFVybEVuY29kZT0iRmFsc2UiIFVzZVRvR3JvdXBSZXN1bHRzPSJGYWxzZSIgLz4NCiAgICAgICAgPFF1ZXJ5U3RyaW5nUGFyYW1ldGVyIE5hbWU9ImNvbm5lY3Rpb25Ub2tlbiIgVmFsdWU9IkFRQUFBTkNNbmQ4QkZkRVJqSG9Bd0UlMkZDbCUyQnNCQUFBQXo4c0UxUFZvYVVtdGw3ZFRGdVlYN0FBQUFBQUNBQUFBQUFBUVpnQUFBQUVBQUNBQUFBRE9aM2xxT2xwempsdHg3TEhnbG42bDl5UEJqWDJGWlc5bVlNVVVDdHUyb1FBQUFBQU9nQUFBQUFJQUFDQUFBQURmNnVJYjNKS0VtV0ZacVVrUU5IM09INVMlMkJtUlNuemw5UVk1WDElMkZ4cCUyRkZEQUFBQUFWZ2YyZWIxRzRLb0V2JTJGYUZuTTRPSyUyQnVTMG91Nk5PU243OVlGNXRnZFJLemU5NnZvZmd2cFp4ZkJLWGElMkJtNjJGQUFBQUFLbnZQRHVEdUw2UEQlMkZ4ZCUyQnAlMkZWQVdBYyUyRjl5WE40ZEpxcVdEJTJCWG1oMUZtbjBYUVMlMkJTVE1NUEUxMW5GdmplbGFqeWhMOGJYalklMkJjblZDTngydnZYaWd3JTNEJTNEIiBSZWNvcmRlZFZhbHVlPSJBUUFBQU5DTW5kOEJGZEVSakhvQXdFJTJGQ2wlMkJzQkFBQUF6OHNFMVBWb2FVbXRsN2RURnVZWDdBQUFBQUFDQUFBQUFBQVFaZ0FBQUFFQUFDQUFBQURPWjNscU9scHpqbHR4N0xIZ2xuNmw5eVBCalgyRlpXOW1ZTVVVQ3R1Mm9RQUFBQUFPZ0FBQUFBSUFBQ0FBQUFEZjZ1SWIzSktFbVdGWnFVa1FOSDNPSDVTJTJCbVJTbnpsOVFZNVgxJTJGeHAlMkZGREFBQUFBVmdmMmViMUc0S29FdiUyRmFGbk00T0slMkJ1UzBvdTZOT1NuNzlZRjV0Z2RSS3plOTZ2b2ZndnBaeGZCS1hhJTJCbTYyRkFBQUFBS252UER1RHVMNlBEJTJGeGQlMkJwJTJGVkFXQWMlMkY5eVhONGRKcXFXRCUyQlhtaDFGbW4wWFFTJTJCU1RNTVBFMTFuRnZqZWxhanloTDhiWGpZJTJCY25WQ054MnZ2WGlndyUzRCUzRCIgQ29ycmVsYXRpb25CaW5kaW5nPSIiIFVybEVuY29kZT0iRmFsc2UiIFVzZVRvR3JvdXBSZXN1bHRzPSJGYWxzZSIgLz4NCiAgICAgICAgPFF1ZXJ5U3RyaW5nUGFyYW1ldGVyIE5hbWU9InJlcXVlc3RVcmwiIFZhbHVlPSJodHRwJTNBJTJGJTJGbG9jYWxob3N0JTNBNDYyMyUyRkFwcCUyRkNyZWF0ZSIgUmVjb3JkZWRWYWx1ZT0iaHR0cCUzQSUyRiUyRmxvY2FsaG9zdCUzQTQ2MjMlMkZBcHAlMkZDcmVhdGUiIENvcnJlbGF0aW9uQmluZGluZz0iIiBVcmxFbmNvZGU9IkZhbHNlIiBVc2VUb0dyb3VwUmVzdWx0cz0iRmFsc2UiIC8+DQogICAgICAgIDxRdWVyeVN0cmluZ1BhcmFtZXRlciBOYW1lPSJicm93c2VyTmFtZSIgVmFsdWU9IkludGVybmV0K0V4cGxvcmVyIiBSZWNvcmRlZFZhbHVlPSJJbnRlcm5ldCtFeHBsb3JlciIgQ29ycmVsYXRpb25CaW5kaW5nPSIiIFVybEVuY29kZT0iRmFsc2UiIFVzZVRvR3JvdXBSZXN1bHRzPSJGYWxzZSIgLz4NCiAgICAgICAgPFF1ZXJ5U3RyaW5nUGFyYW1ldGVyIE5hbWU9InRpZCIgVmFsdWU9IjEiIFJlY29yZGVkVmFsdWU9IjEiIENvcnJlbGF0aW9uQmluZGluZz0iIiBVcmxFbmNvZGU9IkZhbHNlIiBVc2VUb0dyb3VwUmVzdWx0cz0iRmFsc2UiIC8+DQogICAgICAgIDxRdWVyeVN0cmluZ1BhcmFtZXRlciBOYW1lPSJfIiBWYWx1ZT0iMTM5NzYzMTAyOTQxMSIgUmVjb3JkZWRWYWx1ZT0iMTM5NzYzMTAyOTQxMSIgQ29ycmVsYXRpb25CaW5kaW5nPSIiIFVybEVuY29kZT0iRmFsc2UiIFVzZVRvR3JvdXBSZXN1bHRzPSJGYWxzZSIgLz4NCiAgICAgIDwvUXVlcnlTdHJpbmdQYXJhbWV0ZXJzPg0KICAgICAgPEZvcm1Qb3N0SHR0cEJvZHkgLz4NCiAgICA8L1JlcXVlc3Q+DQogICAgPFJlcXVlc3QgTWV0aG9kPSJQT1NUIiBHdWlkPSI0MThkYmMzYS1kODhmLTRhOTktYjg2OC02MjA5YzU2ODk3NjAiIFZlcnNpb249IjEuMSIgVXJsPSJodHRwOi8vbG9jYWxob3N0OjE3NTQ5L2E0NjgwMDA4M2UyOTQzOWE4NWQyMTZkYmM5MjAzYjk0L2FydGVyeVNpZ25hbFIvc2VuZCIgVGhpbmtUaW1lPSIwIiBUaW1lb3V0PSIzMDAiIFBhcnNlRGVwZW5kZW50UmVxdWVzdHM9IlRydWUiIEZvbGxvd1JlZGlyZWN0cz0iVHJ1ZSIgUmVjb3JkUmVzdWx0PSJUcnVlIiBDYWNoZT0iRmFsc2UiIFJlc3BvbnNlVGltZUdvYWw9IjAiIEVuY29kaW5nPSJ1dGYtOCIgRXhwZWN0ZWRIdHRwU3RhdHVzQ29kZT0iMCIgRXhwZWN0ZWRSZXNwb25zZVVybD0iIiBSZXBvcnRpbmdOYW1lPSIiIElnbm9yZUh0dHBTdGF0dXNDb2RlPSJGYWxzZSI+DQogICAgICA8SGVhZGVycz4NCiAgICAgICAgPEhlYWRlciBOYW1lPSJBY2NlcHQiIFZhbHVlPSJ0ZXh0L3BsYWluLCAqLyo7IHE9MC4wMSIgLz4NCiAgICAgICAgPEhlYWRlciBOYW1lPSJSZWZlcmVyIiBWYWx1ZT0iaHR0cDovL2xvY2FsaG9zdDo0NjIzL0FwcC9DcmVhdGUiIC8+DQogICAgICA8L0hlYWRlcnM+DQogICAgICA8UXVlcnlTdHJpbmdQYXJhbWV0ZXJzPg0KICAgICAgICA8UXVlcnlTdHJpbmdQYXJhbWV0ZXIgTmFtZT0idHJhbnNwb3J0IiBWYWx1ZT0ibG9uZ1BvbGxpbmciIFJlY29yZGVkVmFsdWU9ImxvbmdQb2xsaW5nIiBDb3JyZWxhdGlvbkJpbmRpbmc9IiIgVXJsRW5jb2RlPSJGYWxzZSIgVXNlVG9Hcm91cFJlc3VsdHM9IkZhbHNlIiAvPg0KICAgICAgICA8UXVlcnlTdHJpbmdQYXJhbWV0ZXIgTmFtZT0iY29ubmVjdGlvblRva2VuIiBWYWx1ZT0iQVFBQUFOQ01uZDhCRmRFUmpIb0F3RSUyRkNsJTJCc0JBQUFBejhzRTFQVm9hVW10bDdkVEZ1WVg3QUFBQUFBQ0FBQUFBQUFRWmdBQUFBRUFBQ0FBQUFET1ozbHFPbHB6amx0eDdMSGdsbjZsOXlQQmpYMkZaVzltWU1VVUN0dTJvUUFBQUFBT2dBQUFBQUlBQUNBQUFBRGY2dUliM0pLRW1XRlpxVWtRTkgzT0g1UyUyQm1SU256bDlRWTVYMSUyRnhwJTJGRkRBQUFBQVZnZjJlYjFHNEtvRXYlMkZhRm5NNE9LJTJCdVMwb3U2Tk9Tbjc5WUY1dGdkUkt6ZTk2dm9mZ3ZwWnhmQktYYSUyQm02MkZBQUFBQUtudlBEdUR1TDZQRCUyRnhkJTJCcCUyRlZBV0FjJTJGOXlYTjRkSnFxV0QlMkJYbWgxRm1uMFhRUyUyQlNUTU1QRTExbkZ2amVsYWp5aEw4YlhqWSUyQmNuVkNOeDJ2dlhpZ3clM0QlM0QiIFJlY29yZGVkVmFsdWU9IkFRQUFBTkNNbmQ4QkZkRVJqSG9Bd0UlMkZDbCUyQnNCQUFBQXo4c0UxUFZvYVVtdGw3ZFRGdVlYN0FBQUFBQUNBQUFBQUFBUVpnQUFBQUVBQUNBQUFBRE9aM2xxT2xwempsdHg3TEhnbG42bDl5UEJqWDJGWlc5bVlNVVVDdHUyb1FBQUFBQU9nQUFBQUFJQUFDQUFBQURmNnVJYjNKS0VtV0ZacVVrUU5IM09INVMlMkJtUlNuemw5UVk1WDElMkZ4cCUyRkZEQUFBQUFWZ2YyZWIxRzRLb0V2JTJGYUZuTTRPSyUyQnVTMG91Nk5PU243OVlGNXRnZFJLemU5NnZvZmd2cFp4ZkJLWGElMkJtNjJGQUFBQUFLbnZQRHVEdUw2UEQlMkZ4ZCUyQnAlMkZWQVdBYyUyRjl5WE40ZEpxcVdEJTJCWG1oMUZtbjBYUVMlMkJTVE1NUEUxMW5GdmplbGFqeWhMOGJYalklMkJjblZDTngydnZYaWd3JTNEJTNEIiBDb3JyZWxhdGlvbkJpbmRpbmc9IiIgVXJsRW5jb2RlPSJGYWxzZSIgVXNlVG9Hcm91cFJlc3VsdHM9IkZhbHNlIiAvPg0KICAgICAgICA8UXVlcnlTdHJpbmdQYXJhbWV0ZXIgTmFtZT0icmVxdWVzdFVybCIgVmFsdWU9Imh0dHAlM0ElMkYlMkZsb2NhbGhvc3QlM0E0NjIzJTJGQXBwJTJGQ3JlYXRlIiBSZWNvcmRlZFZhbHVlPSJodHRwJTNBJTJGJTJGbG9jYWxob3N0JTNBNDYyMyUyRkFwcCUyRkNyZWF0ZSIgQ29ycmVsYXRpb25CaW5kaW5nPSIiIFVybEVuY29kZT0iRmFsc2UiIFVzZVRvR3JvdXBSZXN1bHRzPSJGYWxzZSIgLz4NCiAgICAgICAgPFF1ZXJ5U3RyaW5nUGFyYW1ldGVyIE5hbWU9ImJyb3dzZXJOYW1lIiBWYWx1ZT0iSW50ZXJuZXQrRXhwbG9yZXIiIFJlY29yZGVkVmFsdWU9IkludGVybmV0K0V4cGxvcmVyIiBDb3JyZWxhdGlvbkJpbmRpbmc9IiIgVXJsRW5jb2RlPSJGYWxzZSIgVXNlVG9Hcm91cFJlc3VsdHM9IkZhbHNlIiAvPg0KICAgICAgPC9RdWVyeVN0cmluZ1BhcmFtZXRlcnM+DQogICAgICA8Rm9ybVBvc3RIdHRwQm9keT4NCiAgICAgICAgPEZvcm1Qb3N0UGFyYW1ldGVyIE5hbWU9ImRhdGEiIFZhbHVlPSJ7JnF1b3Q7bmFtZSZxdW90OzomcXVvdDtNaWNyb3NvZnQuVmlzdWFsU3R1ZGlvLldlYi5Ccm93c2VyTGluay5Db3JlRXh0ZW5zaW9uRmFjdG9yeS5jb25uZWN0ZWQmcXVvdDssJnF1b3Q7Y2FsbGJhY2tJZCZxdW90OzoxfSIgUmVjb3JkZWRWYWx1ZT0ieyZxdW90O25hbWUmcXVvdDs6JnF1b3Q7TWljcm9zb2Z0LlZpc3VhbFN0dWRpby5XZWIuQnJvd3NlckxpbmsuQ29yZUV4dGVuc2lvbkZhY3RvcnkuY29ubmVjdGVkJnF1b3Q7LCZxdW90O2NhbGxiYWNrSWQmcXVvdDs6MX0iIENvcnJlbGF0aW9uQmluZGluZz0iIiBVcmxFbmNvZGU9IlRydWUiIC8+DQogICAgICA8L0Zvcm1Qb3N0SHR0cEJvZHk+DQogICAgPC9SZXF1ZXN0Pg0KICAgIDxSZXF1ZXN0IE1ldGhvZD0iUE9TVCIgR3VpZD0iMjFmMjNiMmYtZmZiZi00ZGU3LWIzOTAtMzczMzA5NDhjZDMzIiBWZXJzaW9uPSIxLjEiIFVybD0iaHR0cDovL2xvY2FsaG9zdDoxNzU0OS9hNDY4MDAwODNlMjk0MzlhODVkMjE2ZGJjOTIwM2I5NC9hcnRlcnlTaWduYWxSL3BvbGwiIFRoaW5rVGltZT0iMSIgVGltZW91dD0iMzAwIiBQYXJzZURlcGVuZGVudFJlcXVlc3RzPSJUcnVlIiBGb2xsb3dSZWRpcmVjdHM9IlRydWUiIFJlY29yZFJlc3VsdD0iVHJ1ZSIgQ2FjaGU9IkZhbHNlIiBSZXNwb25zZVRpbWVHb2FsPSIwIiBFbmNvZGluZz0idXRmLTgiIEV4cGVjdGVkSHR0cFN0YXR1c0NvZGU9IjAiIEV4cGVjdGVkUmVzcG9uc2VVcmw9IiIgUmVwb3J0aW5nTmFtZT0iIiBJZ25vcmVIdHRwU3RhdHVzQ29kZT0iRmFsc2UiPg0KICAgICAgPEhlYWRlcnM+DQogICAgICAgIDxIZWFkZXIgTmFtZT0iQ29udGVudC1UeXBlIiBWYWx1ZT0iYXBwbGljYXRpb24veC13d3ctZm9ybS11cmxlbmNvZGVkOyBjaGFyc2V0PVVURi04IiAvPg0KICAgICAgICA8SGVhZGVyIE5hbWU9IkFjY2VwdCIgVmFsdWU9InRleHQvcGxhaW4sICovKjsgcT0wLjAxIiAvPg0KICAgICAgICA8SGVhZGVyIE5hbWU9IlJlZmVyZXIiIFZhbHVlPSJodHRwOi8vbG9jYWxob3N0OjQ2MjMvQXBwL0NyZWF0ZSIgLz4NCiAgICAgIDwvSGVhZGVycz4NCiAgICAgIDxRdWVyeVN0cmluZ1BhcmFtZXRlcnM+DQogICAgICAgIDxRdWVyeVN0cmluZ1BhcmFtZXRlciBOYW1lPSJ0cmFuc3BvcnQiIFZhbHVlPSJsb25nUG9sbGluZyIgUmVjb3JkZWRWYWx1ZT0ibG9uZ1BvbGxpbmciIENvcnJlbGF0aW9uQmluZGluZz0iIiBVcmxFbmNvZGU9IkZhbHNlIiBVc2VUb0dyb3VwUmVzdWx0cz0iRmFsc2UiIC8+DQogICAgICAgIDxRdWVyeVN0cmluZ1BhcmFtZXRlciBOYW1lPSJjb25uZWN0aW9uVG9rZW4iIFZhbHVlPSJBUUFBQU5DTW5kOEJGZEVSakhvQXdFJTJGQ2wlMkJzQkFBQUF6OHNFMVBWb2FVbXRsN2RURnVZWDdBQUFBQUFDQUFBQUFBQVFaZ0FBQUFFQUFDQUFBQURPWjNscU9scHpqbHR4N0xIZ2xuNmw5eVBCalgyRlpXOW1ZTVVVQ3R1Mm9RQUFBQUFPZ0FBQUFBSUFBQ0FBQUFEZjZ1SWIzSktFbVdGWnFVa1FOSDNPSDVTJTJCbVJTbnpsOVFZNVgxJTJGeHAlMkZGREFBQUFBVmdmMmViMUc0S29FdiUyRmFGbk00T0slMkJ1UzBvdTZOT1NuNzlZRjV0Z2RSS3plOTZ2b2ZndnBaeGZCS1hhJTJCbTYyRkFBQUFBS252UER1RHVMNlBEJTJGeGQlMkJwJTJGVkFXQWMlMkY5eVhONGRKcXFXRCUyQlhtaDFGbW4wWFFTJTJCU1RNTVBFMTFuRnZqZWxhanloTDhiWGpZJTJCY25WQ054MnZ2WGlndyUzRCUzRCIgUmVjb3JkZWRWYWx1ZT0iQVFBQUFOQ01uZDhCRmRFUmpIb0F3RSUyRkNsJTJCc0JBQUFBejhzRTFQVm9hVW10bDdkVEZ1WVg3QUFBQUFBQ0FBQUFBQUFRWmdBQUFBRUFBQ0FBQUFET1ozbHFPbHB6amx0eDdMSGdsbjZsOXlQQmpYMkZaVzltWU1VVUN0dTJvUUFBQUFBT2dBQUFBQUlBQUNBQUFBRGY2dUliM0pLRW1XRlpxVWtRTkgzT0g1UyUyQm1SU256bDlRWTVYMSUyRnhwJTJGRkRBQUFBQVZnZjJlYjFHNEtvRXYlMkZhRm5NNE9LJTJCdVMwb3U2Tk9Tbjc5WUY1dGdkUkt6ZTk2dm9mZ3ZwWnhmQktYYSUyQm02MkZBQUFBQUtudlBEdUR1TDZQRCUyRnhkJTJCcCUyRlZBV0FjJTJGOXlYTjRkSnFxV0QlMkJYbWgxRm1uMFhRUyUyQlNUTU1QRTExbkZ2amVsYWp5aEw4YlhqWSUyQmNuVkNOeDJ2dlhpZ3clM0QlM0QiIENvcnJlbGF0aW9uQmluZGluZz0iIiBVcmxFbmNvZGU9IkZhbHNlIiBVc2VUb0dyb3VwUmVzdWx0cz0iRmFsc2UiIC8+DQogICAgICAgIDxRdWVyeVN0cmluZ1BhcmFtZXRlciBOYW1lPSJtZXNzYWdlSWQiIFZhbHVlPSJkLUFGQkJGQjFFLUIlMkMwJTdDdSUyQzElN0N2JTJDMCIgUmVjb3JkZWRWYWx1ZT0iZC1BRkJCRkIxRS1CJTJDMCU3Q3UlMkMxJTdDdiUyQzAiIENvcnJlbGF0aW9uQmluZGluZz0iIiBVcmxFbmNvZGU9IkZhbHNlIiBVc2VUb0dyb3VwUmVzdWx0cz0iRmFsc2UiIC8+DQogICAgICAgIDxRdWVyeVN0cmluZ1BhcmFtZXRlciBOYW1lPSJyZXF1ZXN0VXJsIiBWYWx1ZT0iaHR0cCUzQSUyRiUyRmxvY2FsaG9zdCUzQTQ2MjMlMkZBcHAlMkZDcmVhdGUiIFJlY29yZGVkVmFsdWU9Imh0dHAlM0ElMkYlMkZsb2NhbGhvc3QlM0E0NjIzJTJGQXBwJTJGQ3JlYXRlIiBDb3JyZWxhdGlvbkJpbmRpbmc9IiIgVXJsRW5jb2RlPSJGYWxzZSIgVXNlVG9Hcm91cFJlc3VsdHM9IkZhbHNlIiAvPg0KICAgICAgICA8UXVlcnlTdHJpbmdQYXJhbWV0ZXIgTmFtZT0iYnJvd3Nlck5hbWUiIFZhbHVlPSJJbnRlcm5ldCtFeHBsb3JlciIgUmVjb3JkZWRWYWx1ZT0iSW50ZXJuZXQrRXhwbG9yZXIiIENvcnJlbGF0aW9uQmluZGluZz0iIiBVcmxFbmNvZGU9IkZhbHNlIiBVc2VUb0dyb3VwUmVzdWx0cz0iRmFsc2UiIC8+DQogICAgICAgIDxRdWVyeVN0cmluZ1BhcmFtZXRlciBOYW1lPSJ0aWQiIFZhbHVlPSI1IiBSZWNvcmRlZFZhbHVlPSI1IiBDb3JyZWxhdGlvbkJpbmRpbmc9IiIgVXJsRW5jb2RlPSJGYWxzZSIgVXNlVG9Hcm91cFJlc3VsdHM9IkZhbHNlIiAvPg0KICAgICAgICA8UXVlcnlTdHJpbmdQYXJhbWV0ZXIgTmFtZT0iXyIgVmFsdWU9IjEzOTc2MzEwMjk0MzAiIFJlY29yZGVkVmFsdWU9IjEzOTc2MzEwMjk0MzAiIENvcnJlbGF0aW9uQmluZGluZz0iIiBVcmxFbmNvZGU9IkZhbHNlIiBVc2VUb0dyb3VwUmVzdWx0cz0iRmFsc2UiIC8+DQogICAgICA8L1F1ZXJ5U3RyaW5nUGFyYW1ldGVycz4NCiAgICAgIDxGb3JtUG9zdEh0dHBCb2R5IC8+DQogICAgPC9SZXF1ZXN0Pg0KICAgIDxSZXF1ZXN0IE1ldGhvZD0iUE9TVCIgR3VpZD0iOTM3ZDUzMTQtZWIwYi00NmYzLThkYmQtMzI1MTUxNWYwYmU1IiBWZXJzaW9uPSIxLjEiIFVybD0iaHR0cDovL2xvY2FsaG9zdDoxNzU0OS9hNDY4MDAwODNlMjk0MzlhODVkMjE2ZGJjOTIwM2I5NC9hcnRlcnlTaWduYWxSL3NlbmQiIFRoaW5rVGltZT0iMCIgVGltZW91dD0iMzAwIiBQYXJzZURlcGVuZGVudFJlcXVlc3RzPSJUcnVlIiBGb2xsb3dSZWRpcmVjdHM9IlRydWUiIFJlY29yZFJlc3VsdD0iVHJ1ZSIgQ2FjaGU9IkZhbHNlIiBSZXNwb25zZVRpbWVHb2FsPSIwIiBFbmNvZGluZz0idXRmLTgiIEV4cGVjdGVkSHR0cFN0YXR1c0NvZGU9IjAiIEV4cGVjdGVkUmVzcG9uc2VVcmw9IiIgUmVwb3J0aW5nTmFtZT0iIiBJZ25vcmVIdHRwU3RhdHVzQ29kZT0iRmFsc2UiPg0KICAgICAgPEhlYWRlcnM+DQogICAgICAgIDxIZWFkZXIgTmFtZT0iQWNjZXB0IiBWYWx1ZT0idGV4dC9wbGFpbiwgKi8qOyBxPTAuMDEiIC8+DQogICAgICAgIDxIZWFkZXIgTmFtZT0iUmVmZXJlciIgVmFsdWU9Imh0dHA6Ly9sb2NhbGhvc3Q6NDYyMy9BcHAvQ3JlYXRlIiAvPg0KICAgICAgPC9IZWFkZXJzPg0KICAgICAgPFF1ZXJ5U3RyaW5nUGFyYW1ldGVycz4NCiAgICAgICAgPFF1ZXJ5U3RyaW5nUGFyYW1ldGVyIE5hbWU9InRyYW5zcG9ydCIgVmFsdWU9ImxvbmdQb2xsaW5nIiBSZWNvcmRlZFZhbHVlPSJsb25nUG9sbGluZyIgQ29ycmVsYXRpb25CaW5kaW5nPSIiIFVybEVuY29kZT0iRmFsc2UiIFVzZVRvR3JvdXBSZXN1bHRzPSJGYWxzZSIgLz4NCiAgICAgICAgPFF1ZXJ5U3RyaW5nUGFyYW1ldGVyIE5hbWU9ImNvbm5lY3Rpb25Ub2tlbiIgVmFsdWU9IkFRQUFBTkNNbmQ4QkZkRVJqSG9Bd0UlMkZDbCUyQnNCQUFBQXo4c0UxUFZvYVVtdGw3ZFRGdVlYN0FBQUFBQUNBQUFBQUFBUVpnQUFBQUVBQUNBQUFBRE9aM2xxT2xwempsdHg3TEhnbG42bDl5UEJqWDJGWlc5bVlNVVVDdHUyb1FBQUFBQU9nQUFBQUFJQUFDQUFBQURmNnVJYjNKS0VtV0ZacVVrUU5IM09INVMlMkJtUlNuemw5UVk1WDElMkZ4cCUyRkZEQUFBQUFWZ2YyZWIxRzRLb0V2JTJGYUZuTTRPSyUyQnVTMG91Nk5PU243OVlGNXRnZFJLemU5NnZvZmd2cFp4ZkJLWGElMkJtNjJGQUFBQUFLbnZQRHVEdUw2UEQlMkZ4ZCUyQnAlMkZWQVdBYyUyRjl5WE40ZEpxcVdEJTJCWG1oMUZtbjBYUVMlMkJTVE1NUEUxMW5GdmplbGFqeWhMOGJYalklMkJjblZDTngydnZYaWd3JTNEJTNEIiBSZWNvcmRlZFZhbHVlPSJBUUFBQU5DTW5kOEJGZEVSakhvQXdFJTJGQ2wlMkJzQkFBQUF6OHNFMVBWb2FVbXRsN2RURnVZWDdBQUFBQUFDQUFBQUFBQVFaZ0FBQUFFQUFDQUFBQURPWjNscU9scHpqbHR4N0xIZ2xuNmw5eVBCalgyRlpXOW1ZTVVVQ3R1Mm9RQUFBQUFPZ0FBQUFBSUFBQ0FBQUFEZjZ1SWIzSktFbVdGWnFVa1FOSDNPSDVTJTJCbVJTbnpsOVFZNVgxJTJGeHAlMkZGREFBQUFBVmdmMmViMUc0S29FdiUyRmFGbk00T0slMkJ1UzBvdTZOT1NuNzlZRjV0Z2RSS3plOTZ2b2ZndnBaeGZCS1hhJTJCbTYyRkFBQUFBS252UER1RHVMNlBEJTJGeGQlMkJwJTJGVkFXQWMlMkY5eVhONGRKcXFXRCUyQlhtaDFGbW4wWFFTJTJCU1RNTVBFMTFuRnZqZWxhanloTDhiWGpZJTJCY25WQ054MnZ2WGlndyUzRCUzRCIgQ29ycmVsYXRpb25CaW5kaW5nPSIiIFVybEVuY29kZT0iRmFsc2UiIFVzZVRvR3JvdXBSZXN1bHRzPSJGYWxzZSIgLz4NCiAgICAgICAgPFF1ZXJ5U3RyaW5nUGFyYW1ldGVyIE5hbWU9InJlcXVlc3RVcmwiIFZhbHVlPSJodHRwJTNBJTJGJTJGbG9jYWxob3N0JTNBNDYyMyUyRkFwcCUyRkNyZWF0ZSIgUmVjb3JkZWRWYWx1ZT0iaHR0cCUzQSUyRiUyRmxvY2FsaG9zdCUzQTQ2MjMlMkZBcHAlMkZDcmVhdGUiIENvcnJlbGF0aW9uQmluZGluZz0iIiBVcmxFbmNvZGU9IkZhbHNlIiBVc2VUb0dyb3VwUmVzdWx0cz0iRmFsc2UiIC8+DQogICAgICAgIDxRdWVyeVN0cmluZ1BhcmFtZXRlciBOYW1lPSJicm93c2VyTmFtZSIgVmFsdWU9IkludGVybmV0K0V4cGxvcmVyIiBSZWNvcmRlZFZhbHVlPSJJbnRlcm5ldCtFeHBsb3JlciIgQ29ycmVsYXRpb25CaW5kaW5nPSIiIFVybEVuY29kZT0iRmFsc2UiIFVzZVRvR3JvdXBSZXN1bHRzPSJGYWxzZSIgLz4NCiAgICAgIDwvUXVlcnlTdHJpbmdQYXJhbWV0ZXJzPg0KICAgICAgPEZvcm1Qb3N0SHR0cEJvZHk+DQogICAgICAgIDxGb3JtUG9zdFBhcmFtZXRlciBOYW1lPSJkYXRhIiBWYWx1ZT0ieyZxdW90O25hbWUmcXVvdDs6JnF1b3Q7bWljcm9zb2Z0LnZpc3VhbHN0dWRpby53ZWIuYnJvd3NlcmxpbmsuaHRtbG1hcHBpbmdleHRlbnNpb25mYWN0b3J5LnJlc29sdmVVcmwmcXVvdDssJnF1b3Q7YXJncyZxdW90OzpbJnF1b3Q7fi9fX2Jyb3dzZXJMaW5rL3JlcXVlc3REYXRhLzcwZDhjZTRlOTQ2ZjQyOWQ5MGZjZDQxNGViMzdmMjIwJnF1b3Q7XSwmcXVvdDtjYWxsYmFja0lkJnF1b3Q7OjJ9IiBSZWNvcmRlZFZhbHVlPSJ7JnF1b3Q7bmFtZSZxdW90OzomcXVvdDttaWNyb3NvZnQudmlzdWFsc3R1ZGlvLndlYi5icm93c2VybGluay5odG1sbWFwcGluZ2V4dGVuc2lvbmZhY3RvcnkucmVzb2x2ZVVybCZxdW90OywmcXVvdDthcmdzJnF1b3Q7OlsmcXVvdDt+L19fYnJvd3NlckxpbmsvcmVxdWVzdERhdGEvNzBkOGNlNGU5NDZmNDI5ZDkwZmNkNDE0ZWIzN2YyMjAmcXVvdDtdLCZxdW90O2NhbGxiYWNrSWQmcXVvdDs6Mn0iIENvcnJlbGF0aW9uQmluZGluZz0iIiBVcmxFbmNvZGU9IlRydWUiIC8+DQogICAgICA8L0Zvcm1Qb3N0SHR0cEJvZHk+DQogICAgPC9SZXF1ZXN0Pg0KICAgIDxSZXF1ZXN0IE1ldGhvZD0iUE9TVCIgR3VpZD0iM2VkNzUzNTAtY2EyZC00YWJiLTljYjctNGE2MzI3MWQ2OGI1IiBWZXJzaW9uPSIxLjEiIFVybD0iaHR0cDovL2xvY2FsaG9zdDoxNzU0OS9hNDY4MDAwODNlMjk0MzlhODVkMjE2ZGJjOTIwM2I5NC9hcnRlcnlTaWduYWxSL3BvbGwiIFRoaW5rVGltZT0iMCIgVGltZW91dD0iMzAwIiBQYXJzZURlcGVuZGVudFJlcXVlc3RzPSJUcnVlIiBGb2xsb3dSZWRpcmVjdHM9IlRydWUiIFJlY29yZFJlc3VsdD0iVHJ1ZSIgQ2FjaGU9IkZhbHNlIiBSZXNwb25zZVRpbWVHb2FsPSIwIiBFbmNvZGluZz0idXRmLTgiIEV4cGVjdGVkSHR0cFN0YXR1c0NvZGU9IjAiIEV4cGVjdGVkUmVzcG9uc2VVcmw9IiIgUmVwb3J0aW5nTmFtZT0iIiBJZ25vcmVIdHRwU3RhdHVzQ29kZT0iRmFsc2UiPg0KICAgICAgPEhlYWRlcnM+DQogICAgICAgIDxIZWFkZXIgTmFtZT0iQ29udGVudC1UeXBlIiBWYWx1ZT0iYXBwbGljYXRpb24veC13d3ctZm9ybS11cmxlbmNvZGVkOyBjaGFyc2V0PVVURi04IiAvPg0KICAgICAgICA8SGVhZGVyIE5hbWU9IkFjY2VwdCIgVmFsdWU9InRleHQvcGxhaW4sICovKjsgcT0wLjAxIiAvPg0KICAgICAgICA8SGVhZGVyIE5hbWU9IlJlZmVyZXIiIFZhbHVlPSJodHRwOi8vbG9jYWxob3N0OjQ2MjMvQXBwL0NyZWF0ZSIgLz4NCiAgICAgIDwvSGVhZGVycz4NCiAgICAgIDxRdWVyeVN0cmluZ1BhcmFtZXRlcnM+DQogICAgICAgIDxRdWVyeVN0cmluZ1BhcmFtZXRlciBOYW1lPSJ0cmFuc3BvcnQiIFZhbHVlPSJsb25nUG9sbGluZyIgUmVjb3JkZWRWYWx1ZT0ibG9uZ1BvbGxpbmciIENvcnJlbGF0aW9uQmluZGluZz0iIiBVcmxFbmNvZGU9IkZhbHNlIiBVc2VUb0dyb3VwUmVzdWx0cz0iRmFsc2UiIC8+DQogICAgICAgIDxRdWVyeVN0cmluZ1BhcmFtZXRlciBOYW1lPSJjb25uZWN0aW9uVG9rZW4iIFZhbHVlPSJBUUFBQU5DTW5kOEJGZEVSakhvQXdFJTJGQ2wlMkJzQkFBQUF6OHNFMVBWb2FVbXRsN2RURnVZWDdBQUFBQUFDQUFBQUFBQVFaZ0FBQUFFQUFDQUFBQURPWjNscU9scHpqbHR4N0xIZ2xuNmw5eVBCalgyRlpXOW1ZTVVVQ3R1Mm9RQUFBQUFPZ0FBQUFBSUFBQ0FBQUFEZjZ1SWIzSktFbVdGWnFVa1FOSDNPSDVTJTJCbVJTbnpsOVFZNVgxJTJGeHAlMkZGREFBQUFBVmdmMmViMUc0S29FdiUyRmFGbk00T0slMkJ1UzBvdTZOT1NuNzlZRjV0Z2RSS3plOTZ2b2ZndnBaeGZCS1hhJTJCbTYyRkFBQUFBS252UER1RHVMNlBEJTJGeGQlMkJwJTJGVkFXQWMlMkY5eVhONGRKcXFXRCUyQlhtaDFGbW4wWFFTJTJCU1RNTVBFMTFuRnZqZWxhanloTDhiWGpZJTJCY25WQ054MnZ2WGlndyUzRCUzRCIgUmVjb3JkZWRWYWx1ZT0iQVFBQUFOQ01uZDhCRmRFUmpIb0F3RSUyRkNsJTJCc0JBQUFBejhzRTFQVm9hVW10bDdkVEZ1WVg3QUFBQUFBQ0FBQUFBQUFRWmdBQUFBRUFBQ0FBQUFET1ozbHFPbHB6amx0eDdMSGdsbjZsOXlQQmpYMkZaVzltWU1VVUN0dTJvUUFBQUFBT2dBQUFBQUlBQUNBQUFBRGY2dUliM0pLRW1XRlpxVWtRTkgzT0g1UyUyQm1SU256bDlRWTVYMSUyRnhwJTJGRkRBQUFBQVZnZjJlYjFHNEtvRXYlMkZhRm5NNE9LJTJCdVMwb3U2Tk9Tbjc5WUY1dGdkUkt6ZTk2dm9mZ3ZwWnhmQktYYSUyQm02MkZBQUFBQUtudlBEdUR1TDZQRCUyRnhkJTJCcCUyRlZBV0FjJTJGOXlYTjRkSnFxV0QlMkJYbWgxRm1uMFhRUyUyQlNUTU1QRTExbkZ2amVsYWp5aEw4YlhqWSUyQmNuVkNOeDJ2dlhpZ3clM0QlM0QiIENvcnJlbGF0aW9uQmluZGluZz0iIiBVcmxFbmNvZGU9IkZhbHNlIiBVc2VUb0dyb3VwUmVzdWx0cz0iRmFsc2UiIC8+DQogICAgICAgIDxRdWVyeVN0cmluZ1BhcmFtZXRlciBOYW1lPSJtZXNzYWdlSWQiIFZhbHVlPSJkLUFGQkJGQjFFLUIlMkMwJTdDdSUyQzIlN0N2JTJDMCIgUmVjb3JkZWRWYWx1ZT0iZC1BRkJCRkIxRS1CJTJDMCU3Q3UlMkMyJTdDdiUyQzAiIENvcnJlbGF0aW9uQmluZGluZz0iIiBVcmxFbmNvZGU9IkZhbHNlIiBVc2VUb0dyb3VwUmVzdWx0cz0iRmFsc2UiIC8+DQogICAgICAgIDxRdWVyeVN0cmluZ1BhcmFtZXRlciBOYW1lPSJyZXF1ZXN0VXJsIiBWYWx1ZT0iaHR0cCUzQSUyRiUyRmxvY2FsaG9zdCUzQTQ2MjMlMkZBcHAlMkZDcmVhdGUiIFJlY29yZGVkVmFsdWU9Imh0dHAlM0ElMkYlMkZsb2NhbGhvc3QlM0E0NjIzJTJGQXBwJTJGQ3JlYXRlIiBDb3JyZWxhdGlvbkJpbmRpbmc9IiIgVXJsRW5jb2RlPSJGYWxzZSIgVXNlVG9Hcm91cFJlc3VsdHM9IkZhbHNlIiAvPg0KICAgICAgICA8UXVlcnlTdHJpbmdQYXJhbWV0ZXIgTmFtZT0iYnJvd3Nlck5hbWUiIFZhbHVlPSJJbnRlcm5ldCtFeHBsb3JlciIgUmVjb3JkZWRWYWx1ZT0iSW50ZXJuZXQrRXhwbG9yZXIiIENvcnJlbGF0aW9uQmluZGluZz0iIiBVcmxFbmNvZGU9IkZhbHNlIiBVc2VUb0dyb3VwUmVzdWx0cz0iRmFsc2UiIC8+DQogICAgICAgIDxRdWVyeVN0cmluZ1BhcmFtZXRlciBOYW1lPSJ0aWQiIFZhbHVlPSI1IiBSZWNvcmRlZFZhbHVlPSI1IiBDb3JyZWxhdGlvbkJpbmRpbmc9IiIgVXJsRW5jb2RlPSJGYWxzZSIgVXNlVG9Hcm91cFJlc3VsdHM9IkZhbHNlIiAvPg0KICAgICAgICA8UXVlcnlTdHJpbmdQYXJhbWV0ZXIgTmFtZT0iXyIgVmFsdWU9IjEzOTc2MzEwMzAwNzMiIFJlY29yZGVkVmFsdWU9IjEzOTc2MzEwMzAwNzMiIENvcnJlbGF0aW9uQmluZGluZz0iIiBVcmxFbmNvZGU9IkZhbHNlIiBVc2VUb0dyb3VwUmVzdWx0cz0iRmFsc2UiIC8+DQogICAgICA8L1F1ZXJ5U3RyaW5nUGFyYW1ldGVycz4NCiAgICAgIDxGb3JtUG9zdEh0dHBCb2R5IC8+DQogICAgPC9SZXF1ZXN0Pg0KICAgIDxSZXF1ZXN0IE1ldGhvZD0iR0VUIiBHdWlkPSIxN2IzMmM5Zi05NTUxLTQ2MjMtODAzZC1jY2ZlZTJlODIwZjgiIFZlcnNpb249IjEuMSIgVXJsPSJodHRwOi8vbG9jYWxob3N0OjQ2MjMvX19icm93c2VyTGluay9yZXF1ZXN0RGF0YS83MGQ4Y2U0ZTk0NmY0MjlkOTBmY2Q0MTRlYjM3ZjIyMCIgVGhpbmtUaW1lPSIwIiBUaW1lb3V0PSIzMDAiIFBhcnNlRGVwZW5kZW50UmVxdWVzdHM9IlRydWUiIEZvbGxvd1JlZGlyZWN0cz0iVHJ1ZSIgUmVjb3JkUmVzdWx0PSJUcnVlIiBDYWNoZT0iRmFsc2UiIFJlc3BvbnNlVGltZUdvYWw9IjAiIEVuY29kaW5nPSJ1dGYtOCIgRXhwZWN0ZWRIdHRwU3RhdHVzQ29kZT0iMCIgRXhwZWN0ZWRSZXNwb25zZVVybD0iIiBSZXBvcnRpbmdOYW1lPSIiIElnbm9yZUh0dHBTdGF0dXNDb2RlPSJGYWxzZSI+DQogICAgICA8SGVhZGVycz4NCiAgICAgICAgPEhlYWRlciBOYW1lPSJBY2NlcHQiIFZhbHVlPSJhcHBsaWNhdGlvbi9qc29uLCB0ZXh0L2phdmFzY3JpcHQsICovKjsgcT0wLjAxIiAvPg0KICAgICAgICA8SGVhZGVyIE5hbWU9IlgtUmVxdWVzdGVkLVdpdGgiIFZhbHVlPSJYTUxIdHRwUmVxdWVzdCIgLz4NCiAgICAgICAgPEhlYWRlciBOYW1lPSJSZWZlcmVyIiBWYWx1ZT0iaHR0cDovL2xvY2FsaG9zdDo0NjIzL0FwcC9DcmVhdGUiIC8+DQogICAgICA8L0hlYWRlcnM+DQogICAgPC9SZXF1ZXN0Pg0KICAgIDxSZXF1ZXN0IE1ldGhvZD0iUE9TVCIgR3VpZD0iMGNhOGE5N2UtMzNmYy00YTRhLTliYTktNzYzYWMzZjRmMjhlIiBWZXJzaW9uPSIxLjEiIFVybD0iaHR0cDovL2xvY2FsaG9zdDoxNzU0OS9hNDY4MDAwODNlMjk0MzlhODVkMjE2ZGJjOTIwM2I5NC9hcnRlcnlTaWduYWxSL3BvbGwiIFRoaW5rVGltZT0iMCIgVGltZW91dD0iMzAwIiBQYXJzZURlcGVuZGVudFJlcXVlc3RzPSJUcnVlIiBGb2xsb3dSZWRpcmVjdHM9IlRydWUiIFJlY29yZFJlc3VsdD0iVHJ1ZSIgQ2FjaGU9IkZhbHNlIiBSZXNwb25zZVRpbWVHb2FsPSIwIiBFbmNvZGluZz0idXRmLTgiIEV4cGVjdGVkSHR0cFN0YXR1c0NvZGU9IjAiIEV4cGVjdGVkUmVzcG9uc2VVcmw9IiIgUmVwb3J0aW5nTmFtZT0iIiBJZ25vcmVIdHRwU3RhdHVzQ29kZT0iRmFsc2UiPg0KICAgICAgPEhlYWRlcnM+DQogICAgICAgIDxIZWFkZXIgTmFtZT0iQ29udGVudC1UeXBlIiBWYWx1ZT0iYXBwbGljYXRpb24veC13d3ctZm9ybS11cmxlbmNvZGVkOyBjaGFyc2V0PVVURi04IiAvPg0KICAgICAgICA8SGVhZGVyIE5hbWU9IkFjY2VwdCIgVmFsdWU9InRleHQvcGxhaW4sICovKjsgcT0wLjAxIiAvPg0KICAgICAgICA8SGVhZGVyIE5hbWU9IlJlZmVyZXIiIFZhbHVlPSJodHRwOi8vbG9jYWxob3N0OjQ2MjMvQXBwL0NyZWF0ZSIgLz4NCiAgICAgIDwvSGVhZGVycz4NCiAgICAgIDxRdWVyeVN0cmluZ1BhcmFtZXRlcnM+DQogICAgICAgIDxRdWVyeVN0cmluZ1BhcmFtZXRlciBOYW1lPSJ0cmFuc3BvcnQiIFZhbHVlPSJsb25nUG9sbGluZyIgUmVjb3JkZWRWYWx1ZT0ibG9uZ1BvbGxpbmciIENvcnJlbGF0aW9uQmluZGluZz0iIiBVcmxFbmNvZGU9IkZhbHNlIiBVc2VUb0dyb3VwUmVzdWx0cz0iRmFsc2UiIC8+DQogICAgICAgIDxRdWVyeVN0cmluZ1BhcmFtZXRlciBOYW1lPSJjb25uZWN0aW9uVG9rZW4iIFZhbHVlPSJBUUFBQU5DTW5kOEJGZEVSakhvQXdFJTJGQ2wlMkJzQkFBQUF6OHNFMVBWb2FVbXRsN2RURnVZWDdBQUFBQUFDQUFBQUFBQVFaZ0FBQUFFQUFDQUFBQURPWjNscU9scHpqbHR4N0xIZ2xuNmw5eVBCalgyRlpXOW1ZTVVVQ3R1Mm9RQUFBQUFPZ0FBQUFBSUFBQ0FBQUFEZjZ1SWIzSktFbVdGWnFVa1FOSDNPSDVTJTJCbVJTbnpsOVFZNVgxJTJGeHAlMkZGREFBQUFBVmdmMmViMUc0S29FdiUyRmFGbk00T0slMkJ1UzBvdTZOT1NuNzlZRjV0Z2RSS3plOTZ2b2ZndnBaeGZCS1hhJTJCbTYyRkFBQUFBS252UER1RHVMNlBEJTJGeGQlMkJwJTJGVkFXQWMlMkY5eVhONGRKcXFXRCUyQlhtaDFGbW4wWFFTJTJCU1RNTVBFMTFuRnZqZWxhanloTDhiWGpZJTJCY25WQ054MnZ2WGlndyUzRCUzRCIgUmVjb3JkZWRWYWx1ZT0iQVFBQUFOQ01uZDhCRmRFUmpIb0F3RSUyRkNsJTJCc0JBQUFBejhzRTFQVm9hVW10bDdkVEZ1WVg3QUFBQUFBQ0FBQUFBQUFRWmdBQUFBRUFBQ0FBQUFET1ozbHFPbHB6amx0eDdMSGdsbjZsOXlQQmpYMkZaVzltWU1VVUN0dTJvUUFBQUFBT2dBQUFBQUlBQUNBQUFBRGY2dUliM0pLRW1XRlpxVWtRTkgzT0g1UyUyQm1SU256bDlRWTVYMSUyRnhwJTJGRkRBQUFBQVZnZjJlYjFHNEtvRXYlMkZhRm5NNE9LJTJCdVMwb3U2Tk9Tbjc5WUY1dGdkUkt6ZTk2dm9mZ3ZwWnhmQktYYSUyQm02MkZBQUFBQUtudlBEdUR1TDZQRCUyRnhkJTJCcCUyRlZBV0FjJTJGOXlYTjRkSnFxV0QlMkJYbWgxRm1uMFhRUyUyQlNUTU1QRTExbkZ2amVsYWp5aEw4YlhqWSUyQmNuVkNOeDJ2dlhpZ3clM0QlM0QiIENvcnJlbGF0aW9uQmluZGluZz0iIiBVcmxFbmNvZGU9IkZhbHNlIiBVc2VUb0dyb3VwUmVzdWx0cz0iRmFsc2UiIC8+DQogICAgICAgIDxRdWVyeVN0cmluZ1BhcmFtZXRlciBOYW1lPSJtZXNzYWdlSWQiIFZhbHVlPSJkLUFGQkJGQjFFLUIlMkMwJTdDdSUyQzMlN0N2JTJDMCIgUmVjb3JkZWRWYWx1ZT0iZC1BRkJCRkIxRS1CJTJDMCU3Q3UlMkMzJTdDdiUyQzAiIENvcnJlbGF0aW9uQmluZGluZz0iIiBVcmxFbmNvZGU9IkZhbHNlIiBVc2VUb0dyb3VwUmVzdWx0cz0iRmFsc2UiIC8+DQogICAgICAgIDxRdWVyeVN0cmluZ1BhcmFtZXRlciBOYW1lPSJyZXF1ZXN0VXJsIiBWYWx1ZT0iaHR0cCUzQSUyRiUyRmxvY2FsaG9zdCUzQTQ2MjMlMkZBcHAlMkZDcmVhdGUiIFJlY29yZGVkVmFsdWU9Imh0dHAlM0ElMkYlMkZsb2NhbGhvc3QlM0E0NjIzJTJGQXBwJTJGQ3JlYXRlIiBDb3JyZWxhdGlvbkJpbmRpbmc9IiIgVXJsRW5jb2RlPSJGYWxzZSIgVXNlVG9Hcm91cFJlc3VsdHM9IkZhbHNlIiAvPg0KICAgICAgICA8UXVlcnlTdHJpbmdQYXJhbWV0ZXIgTmFtZT0iYnJvd3Nlck5hbWUiIFZhbHVlPSJJbnRlcm5ldCtFeHBsb3JlciIgUmVjb3JkZWRWYWx1ZT0iSW50ZXJuZXQrRXhwbG9yZXIiIENvcnJlbGF0aW9uQmluZGluZz0iIiBVcmxFbmNvZGU9IkZhbHNlIiBVc2VUb0dyb3VwUmVzdWx0cz0iRmFsc2UiIC8+DQogICAgICAgIDxRdWVyeVN0cmluZ1BhcmFtZXRlciBOYW1lPSJ0aWQiIFZhbHVlPSI2IiBSZWNvcmRlZFZhbHVlPSI2IiBDb3JyZWxhdGlvbkJpbmRpbmc9IiIgVXJsRW5jb2RlPSJGYWxzZSIgVXNlVG9Hcm91cFJlc3VsdHM9IkZhbHNlIiAvPg0KICAgICAgICA8UXVlcnlTdHJpbmdQYXJhbWV0ZXIgTmFtZT0iXyIgVmFsdWU9IjEzOTc2MzEwMzAxNDQiIFJlY29yZGVkVmFsdWU9IjEzOTc2MzEwMzAxNDQiIENvcnJlbGF0aW9uQmluZGluZz0iIiBVcmxFbmNvZGU9IkZhbHNlIiBVc2VUb0dyb3VwUmVzdWx0cz0iRmFsc2UiIC8+DQogICAgICA8L1F1ZXJ5U3RyaW5nUGFyYW1ldGVycz4NCiAgICAgIDxGb3JtUG9zdEh0dHBCb2R5IC8+DQogICAgPC9SZXF1ZXN0Pg0KICAgIDxSZXF1ZXN0IE1ldGhvZD0iUE9TVCIgR3VpZD0iNWRiYjU3NDUtOGRjNi00MDgzLWExNjQtNmNjMjliNmZjYWFhIiBWZXJzaW9uPSIxLjEiIFVybD0iaHR0cDovL2xvY2FsaG9zdDoxNzU0OS9hNDY4MDAwODNlMjk0MzlhODVkMjE2ZGJjOTIwM2I5NC9hcnRlcnlTaWduYWxSL3NlbmQiIFRoaW5rVGltZT0iMCIgVGltZW91dD0iMzAwIiBQYXJzZURlcGVuZGVudFJlcXVlc3RzPSJUcnVlIiBGb2xsb3dSZWRpcmVjdHM9IlRydWUiIFJlY29yZFJlc3VsdD0iVHJ1ZSIgQ2FjaGU9IkZhbHNlIiBSZXNwb25zZVRpbWVHb2FsPSIwIiBFbmNvZGluZz0idXRmLTgiIEV4cGVjdGVkSHR0cFN0YXR1c0NvZGU9IjAiIEV4cGVjdGVkUmVzcG9uc2VVcmw9IiIgUmVwb3J0aW5nTmFtZT0iIiBJZ25vcmVIdHRwU3RhdHVzQ29kZT0iRmFsc2UiPg0KICAgICAgPEhlYWRlcnM+DQogICAgICAgIDxIZWFkZXIgTmFtZT0iQWNjZXB0IiBWYWx1ZT0idGV4dC9wbGFpbiwgKi8qOyBxPTAuMDEiIC8+DQogICAgICAgIDxIZWFkZXIgTmFtZT0iUmVmZXJlciIgVmFsdWU9Imh0dHA6Ly9sb2NhbGhvc3Q6NDYyMy9BcHAvQ3JlYXRlIiAvPg0KICAgICAgPC9IZWFkZXJzPg0KICAgICAgPFF1ZXJ5U3RyaW5nUGFyYW1ldGVycz4NCiAgICAgICAgPFF1ZXJ5U3RyaW5nUGFyYW1ldGVyIE5hbWU9InRyYW5zcG9ydCIgVmFsdWU9ImxvbmdQb2xsaW5nIiBSZWNvcmRlZFZhbHVlPSJsb25nUG9sbGluZyIgQ29ycmVsYXRpb25CaW5kaW5nPSIiIFVybEVuY29kZT0iRmFsc2UiIFVzZVRvR3JvdXBSZXN1bHRzPSJGYWxzZSIgLz4NCiAgICAgICAgPFF1ZXJ5U3RyaW5nUGFyYW1ldGVyIE5hbWU9ImNvbm5lY3Rpb25Ub2tlbiIgVmFsdWU9IkFRQUFBTkNNbmQ4QkZkRVJqSG9Bd0UlMkZDbCUyQnNCQUFBQXo4c0UxUFZvYVVtdGw3ZFRGdVlYN0FBQUFBQUNBQUFBQUFBUVpnQUFBQUVBQUNBQUFBRE9aM2xxT2xwempsdHg3TEhnbG42bDl5UEJqWDJGWlc5bVlNVVVDdHUyb1FBQUFBQU9nQUFBQUFJQUFDQUFBQURmNnVJYjNKS0VtV0ZacVVrUU5IM09INVMlMkJtUlNuemw5UVk1WDElMkZ4cCUyRkZEQUFBQUFWZ2YyZWIxRzRLb0V2JTJGYUZuTTRPSyUyQnVTMG91Nk5PU243OVlGNXRnZFJLemU5NnZvZmd2cFp4ZkJLWGElMkJtNjJGQUFBQUFLbnZQRHVEdUw2UEQlMkZ4ZCUyQnAlMkZWQVdBYyUyRjl5WE40ZEpxcVdEJTJCWG1oMUZtbjBYUVMlMkJTVE1NUEUxMW5GdmplbGFqeWhMOGJYalklMkJjblZDTngydnZYaWd3JTNEJTNEIiBSZWNvcmRlZFZhbHVlPSJBUUFBQU5DTW5kOEJGZEVSakhvQXdFJTJGQ2wlMkJzQkFBQUF6OHNFMVBWb2FVbXRsN2RURnVZWDdBQUFBQUFDQUFBQUFBQVFaZ0FBQUFFQUFDQUFBQURPWjNscU9scHpqbHR4N0xIZ2xuNmw5eVBCalgyRlpXOW1ZTVVVQ3R1Mm9RQUFBQUFPZ0FBQUFBSUFBQ0FBQUFEZjZ1SWIzSktFbVdGWnFVa1FOSDNPSDVTJTJCbVJTbnpsOVFZNVgxJTJGeHAlMkZGREFBQUFBVmdmMmViMUc0S29FdiUyRmFGbk00T0slMkJ1UzBvdTZOT1NuNzlZRjV0Z2RSS3plOTZ2b2ZndnBaeGZCS1hhJTJCbTYyRkFBQUFBS252UER1RHVMNlBEJTJGeGQlMkJwJTJGVkFXQWMlMkY5eVhONGRKcXFXRCUyQlhtaDFGbW4wWFFTJTJCU1RNTVBFMTFuRnZqZWxhanloTDhiWGpZJTJCY25WQ054MnZ2WGlndyUzRCUzRCIgQ29ycmVsYXRpb25CaW5kaW5nPSIiIFVybEVuY29kZT0iRmFsc2UiIFVzZVRvR3JvdXBSZXN1bHRzPSJGYWxzZSIgLz4NCiAgICAgICAgPFF1ZXJ5U3RyaW5nUGFyYW1ldGVyIE5hbWU9InJlcXVlc3RVcmwiIFZhbHVlPSJodHRwJTNBJTJGJTJGbG9jYWxob3N0JTNBNDYyMyUyRkFwcCUyRkNyZWF0ZSIgUmVjb3JkZWRWYWx1ZT0iaHR0cCUzQSUyRiUyRmxvY2FsaG9zdCUzQTQ2MjMlMkZBcHAlMkZDcmVhdGUiIENvcnJlbGF0aW9uQmluZGluZz0iIiBVcmxFbmNvZGU9IkZhbHNlIiBVc2VUb0dyb3VwUmVzdWx0cz0iRmFsc2UiIC8+DQogICAgICAgIDxRdWVyeVN0cmluZ1BhcmFtZXRlciBOYW1lPSJicm93c2VyTmFtZSIgVmFsdWU9IkludGVybmV0K0V4cGxvcmVyIiBSZWNvcmRlZFZhbHVlPSJJbnRlcm5ldCtFeHBsb3JlciIgQ29ycmVsYXRpb25CaW5kaW5nPSIiIFVybEVuY29kZT0iRmFsc2UiIFVzZVRvR3JvdXBSZXN1bHRzPSJGYWxzZSIgLz4NCiAgICAgIDwvUXVlcnlTdHJpbmdQYXJhbWV0ZXJzPg0KICAgICAgPEZvcm1Qb3N0SHR0cEJvZHk+DQogICAgICAgIDxGb3JtUG9zdFBhcmFtZXRlciBOYW1lPSJkYXRhIiBWYWx1ZT0ieyZxdW90O25hbWUmcXVvdDs6JnF1b3Q7bWljcm9zb2Z0LnZpc3VhbHN0dWRpby53ZWIuYnJvd3NlcmxpbmsuaHRtbG1hcHBpbmdleHRlbnNpb25mYWN0b3J5LnJlc29sdmVTb3VyY2VGaWxlUGF0aHMmcXVvdDssJnF1b3Q7YXJncyZxdW90OzpbWyZxdW90O34vVmlld3MvQXBwL0NyZWF0ZS5jc2h0bWwmcXVvdDtdXSwmcXVvdDtjYWxsYmFja0lkJnF1b3Q7OjN9IiBSZWNvcmRlZFZhbHVlPSJ7JnF1b3Q7bmFtZSZxdW90OzomcXVvdDttaWNyb3NvZnQudmlzdWFsc3R1ZGlvLndlYi5icm93c2VybGluay5odG1sbWFwcGluZ2V4dGVuc2lvbmZhY3RvcnkucmVzb2x2ZVNvdXJjZUZpbGVQYXRocyZxdW90OywmcXVvdDthcmdzJnF1b3Q7OltbJnF1b3Q7fi9WaWV3cy9BcHAvQ3JlYXRlLmNzaHRtbCZxdW90O11dLCZxdW90O2NhbGxiYWNrSWQmcXVvdDs6M30iIENvcnJlbGF0aW9uQmluZGluZz0iIiBVcmxFbmNvZGU9IlRydWUiIC8+DQogICAgICA8L0Zvcm1Qb3N0SHR0cEJvZHk+DQogICAgPC9SZXF1ZXN0Pg0KICAgIDxSZXF1ZXN0IE1ldGhvZD0iR0VUIiBHdWlkPSIxYjIyODE1YS0zY2UxLTRhMjgtOTgwOS03NDk4NWFlZjIwZWUiIFZlcnNpb249IjEuMSIgVXJsPSJodHRwOi8vbG9jYWxob3N0OjQ2MjMvQXBwIiBUaGlua1RpbWU9IjAiIFRpbWVvdXQ9IjMwMCIgUGFyc2VEZXBlbmRlbnRSZXF1ZXN0cz0iVHJ1ZSIgRm9sbG93UmVkaXJlY3RzPSJUcnVlIiBSZWNvcmRSZXN1bHQ9IlRydWUiIENhY2hlPSJGYWxzZSIgUmVzcG9uc2VUaW1lR29hbD0iMCIgRW5jb2Rpbmc9InV0Zi04IiBFeHBlY3RlZEh0dHBTdGF0dXNDb2RlPSIwIiBFeHBlY3RlZFJlc3BvbnNlVXJsPSIiIFJlcG9ydGluZ05hbWU9IiIgSWdub3JlSHR0cFN0YXR1c0NvZGU9IkZhbHNlIj4NCiAgICAgIDxIZWFkZXJzPg0KICAgICAgICA8SGVhZGVyIE5hbWU9IlJlZmVyZXIiIFZhbHVlPSJodHRwOi8vbG9jYWxob3N0OjQ2MjMvQXBwL0NyZWF0ZSIgLz4NCiAgICAgIDwvSGVhZGVycz4NCiAgICA8L1JlcXVlc3Q+DQogICAgPFJlcXVlc3QgTWV0aG9kPSJHRVQiIEd1aWQ9ImE0YWY5ZDljLTY1OWYtNDUzZS1hZmI3LThkMDdiMjkzMDM2ZSIgVmVyc2lvbj0iMS4xIiBVcmw9Imh0dHA6Ly9sb2NhbGhvc3Q6NDYyMy9BcHAiIFRoaW5rVGltZT0iMCIgVGltZW91dD0iMzAwIiBQYXJzZURlcGVuZGVudFJlcXVlc3RzPSJUcnVlIiBGb2xsb3dSZWRpcmVjdHM9IlRydWUiIFJlY29yZFJlc3VsdD0iVHJ1ZSIgQ2FjaGU9IkZhbHNlIiBSZXNwb25zZVRpbWVHb2FsPSIwIiBFbmNvZGluZz0idXRmLTgiIEV4cGVjdGVkSHR0cFN0YXR1c0NvZGU9IjAiIEV4cGVjdGVkUmVzcG9uc2VVcmw9IiIgUmVwb3J0aW5nTmFtZT0iIiBJZ25vcmVIdHRwU3RhdHVzQ29kZT0iRmFsc2UiPg0KICAgICAgPEhlYWRlcnM+DQogICAgICAgIDxIZWFkZXIgTmFtZT0iUmVmZXJlciIgVmFsdWU9Imh0dHA6Ly9sb2NhbGhvc3Q6NDYyMy9BcHAvQ3JlYXRlIiAvPg0KICAgICAgPC9IZWFkZXJzPg0KICAgIDwvUmVxdWVzdD4NCiAgICA8UmVxdWVzdCBNZXRob2Q9IlBPU1QiIEd1aWQ9IjMxOTY4NzUwLWMwZWItNDRjMS1iMzg0LTIyNGMxOGQ1MGNiZiIgVmVyc2lvbj0iMS4xIiBVcmw9Imh0dHA6Ly9sb2NhbGhvc3Q6MTc1NDkvYTQ2ODAwMDgzZTI5NDM5YTg1ZDIxNmRiYzkyMDNiOTQvYXJ0ZXJ5U2lnbmFsUi9hYm9ydCIgVGhpbmtUaW1lPSIwIiBUaW1lb3V0PSIzMDAiIFBhcnNlRGVwZW5kZW50UmVxdWVzdHM9IlRydWUiIEZvbGxvd1JlZGlyZWN0cz0iVHJ1ZSIgUmVjb3JkUmVzdWx0PSJUcnVlIiBDYWNoZT0iRmFsc2UiIFJlc3BvbnNlVGltZUdvYWw9IjAiIEVuY29kaW5nPSJ1dGYtOCIgRXhwZWN0ZWRIdHRwU3RhdHVzQ29kZT0iMCIgRXhwZWN0ZWRSZXNwb25zZVVybD0iIiBSZXBvcnRpbmdOYW1lPSIiIElnbm9yZUh0dHBTdGF0dXNDb2RlPSJGYWxzZSI+DQogICAgICA8SGVhZGVycz4NCiAgICAgICAgPEhlYWRlciBOYW1lPSJBY2NlcHQiIFZhbHVlPSJ0ZXh0L3BsYWluLCAqLyo7IHE9MC4wMSIgLz4NCiAgICAgICAgPEhlYWRlciBOYW1lPSJSZWZlcmVyIiBWYWx1ZT0iaHR0cDovL2xvY2FsaG9zdDo0NjIzL0FwcC9DcmVhdGUiIC8+DQogICAgICA8L0hlYWRlcnM+DQogICAgICA8UXVlcnlTdHJpbmdQYXJhbWV0ZXJzPg0KICAgICAgICA8UXVlcnlTdHJpbmdQYXJhbWV0ZXIgTmFtZT0idHJhbnNwb3J0IiBWYWx1ZT0ibG9uZ1BvbGxpbmciIFJlY29yZGVkVmFsdWU9ImxvbmdQb2xsaW5nIiBDb3JyZWxhdGlvbkJpbmRpbmc9IiIgVXJsRW5jb2RlPSJGYWxzZSIgVXNlVG9Hcm91cFJlc3VsdHM9IkZhbHNlIiAvPg0KICAgICAgICA8UXVlcnlTdHJpbmdQYXJhbWV0ZXIgTmFtZT0iY29ubmVjdGlvblRva2VuIiBWYWx1ZT0iQVFBQUFOQ01uZDhCRmRFUmpIb0F3RSUyRkNsJTJCc0JBQUFBejhzRTFQVm9hVW10bDdkVEZ1WVg3QUFBQUFBQ0FBQUFBQUFRWmdBQUFBRUFBQ0FBQUFET1ozbHFPbHB6amx0eDdMSGdsbjZsOXlQQmpYMkZaVzltWU1VVUN0dTJvUUFBQUFBT2dBQUFBQUlBQUNBQUFBRGY2dUliM0pLRW1XRlpxVWtRTkgzT0g1UyUyQm1SU256bDlRWTVYMSUyRnhwJTJGRkRBQUFBQVZnZjJlYjFHNEtvRXYlMkZhRm5NNE9LJTJCdVMwb3U2Tk9Tbjc5WUY1dGdkUkt6ZTk2dm9mZ3ZwWnhmQktYYSUyQm02MkZBQUFBQUtudlBEdUR1TDZQRCUyRnhkJTJCcCUyRlZBV0FjJTJGOXlYTjRkSnFxV0QlMkJYbWgxRm1uMFhRUyUyQlNUTU1QRTExbkZ2amVsYWp5aEw4YlhqWSUyQmNuVkNOeDJ2dlhpZ3clM0QlM0QiIFJlY29yZGVkVmFsdWU9IkFRQUFBTkNNbmQ4QkZkRVJqSG9Bd0UlMkZDbCUyQnNCQUFBQXo4c0UxUFZvYVVtdGw3ZFRGdVlYN0FBQUFBQUNBQUFBQUFBUVpnQUFBQUVBQUNBQUFBRE9aM2xxT2xwempsdHg3TEhnbG42bDl5UEJqWDJGWlc5bVlNVVVDdHUyb1FBQUFBQU9nQUFBQUFJQUFDQUFBQURmNnVJYjNKS0VtV0ZacVVrUU5IM09INVMlMkJtUlNuemw5UVk1WDElMkZ4cCUyRkZEQUFBQUFWZ2YyZWIxRzRLb0V2JTJGYUZuTTRPSyUyQnVTMG91Nk5PU243OVlGNXRnZFJLemU5NnZvZmd2cFp4ZkJLWGElMkJtNjJGQUFBQUFLbnZQRHVEdUw2UEQlMkZ4ZCUyQnAlMkZWQVdBYyUyRjl5WE40ZEpxcVdEJTJCWG1oMUZtbjBYUVMlMkJTVE1NUEUxMW5GdmplbGFqeWhMOGJYalklMkJjblZDTngydnZYaWd3JTNEJTNEIiBDb3JyZWxhdGlvbkJpbmRpbmc9IiIgVXJsRW5jb2RlPSJGYWxzZSIgVXNlVG9Hcm91cFJlc3VsdHM9IkZhbHNlIiAvPg0KICAgICAgICA8UXVlcnlTdHJpbmdQYXJhbWV0ZXIgTmFtZT0icmVxdWVzdFVybCIgVmFsdWU9Imh0dHAlM0ElMkYlMkZsb2NhbGhvc3QlM0E0NjIzJTJGQXBwJTJGQ3JlYXRlIiBSZWNvcmRlZFZhbHVlPSJodHRwJTNBJTJGJTJGbG9jYWxob3N0JTNBNDYyMyUyRkFwcCUyRkNyZWF0ZSIgQ29ycmVsYXRpb25CaW5kaW5nPSIiIFVybEVuY29kZT0iRmFsc2UiIFVzZVRvR3JvdXBSZXN1bHRzPSJGYWxzZSIgLz4NCiAgICAgICAgPFF1ZXJ5U3RyaW5nUGFyYW1ldGVyIE5hbWU9ImJyb3dzZXJOYW1lIiBWYWx1ZT0iSW50ZXJuZXQrRXhwbG9yZXIiIFJlY29yZGVkVmFsdWU9IkludGVybmV0K0V4cGxvcmVyIiBDb3JyZWxhdGlvbkJpbmRpbmc9IiIgVXJsRW5jb2RlPSJGYWxzZSIgVXNlVG9Hcm91cFJlc3VsdHM9IkZhbHNlIiAvPg0KICAgICAgPC9RdWVyeVN0cmluZ1BhcmFtZXRlcnM+DQogICAgICA8Rm9ybVBvc3RIdHRwQm9keSAvPg0KICAgIDwvUmVxdWVzdD4NCiAgICA8UmVxdWVzdCBNZXRob2Q9IlBPU1QiIEd1aWQ9ImNjZmRlODI5LTE3NWMtNGM2MC04ZTg2LTAxNWQyYWY4MzIzOSIgVmVyc2lvbj0iMS4xIiBVcmw9Imh0dHA6Ly9sb2NhbGhvc3Q6MTc1NDkvYTQ2ODAwMDgzZTI5NDM5YTg1ZDIxNmRiYzkyMDNiOTQvYXJ0ZXJ5U2lnbmFsUi9uZWdvdGlhdGUiIFRoaW5rVGltZT0iMCIgVGltZW91dD0iMzAwIiBQYXJzZURlcGVuZGVudFJlcXVlc3RzPSJUcnVlIiBGb2xsb3dSZWRpcmVjdHM9IlRydWUiIFJlY29yZFJlc3VsdD0iVHJ1ZSIgQ2FjaGU9IkZhbHNlIiBSZXNwb25zZVRpbWVHb2FsPSIwIiBFbmNvZGluZz0idXRmLTgiIEV4cGVjdGVkSHR0cFN0YXR1c0NvZGU9IjAiIEV4cGVjdGVkUmVzcG9uc2VVcmw9IiIgUmVwb3J0aW5nTmFtZT0iIiBJZ25vcmVIdHRwU3RhdHVzQ29kZT0iRmFsc2UiPg0KICAgICAgPEhlYWRlcnM+DQogICAgICAgIDxIZWFkZXIgTmFtZT0iQ29udGVudC1UeXBlIiBWYWx1ZT0iYXBwbGljYXRpb24veC13d3ctZm9ybS11cmxlbmNvZGVkOyBjaGFyc2V0PVVURi04IiAvPg0KICAgICAgICA8SGVhZGVyIE5hbWU9IkFjY2VwdCIgVmFsdWU9InRleHQvcGxhaW4sICovKjsgcT0wLjAxIiAvPg0KICAgICAgICA8SGVhZGVyIE5hbWU9IlJlZmVyZXIiIFZhbHVlPSJodHRwOi8vbG9jYWxob3N0OjQ2MjMvQXBwIiAvPg0KICAgICAgPC9IZWFkZXJzPg0KICAgICAgPFF1ZXJ5U3RyaW5nUGFyYW1ldGVycz4NCiAgICAgICAgPFF1ZXJ5U3RyaW5nUGFyYW1ldGVyIE5hbWU9InJlcXVlc3RVcmwiIFZhbHVlPSJodHRwJTNBJTJGJTJGbG9jYWxob3N0JTNBNDYyMyUyRkFwcCIgUmVjb3JkZWRWYWx1ZT0iaHR0cCUzQSUyRiUyRmxvY2FsaG9zdCUzQTQ2MjMlMkZBcHAiIENvcnJlbGF0aW9uQmluZGluZz0iIiBVcmxFbmNvZGU9IkZhbHNlIiBVc2VUb0dyb3VwUmVzdWx0cz0iRmFsc2UiIC8+DQogICAgICAgIDxRdWVyeVN0cmluZ1BhcmFtZXRlciBOYW1lPSJicm93c2VyTmFtZSIgVmFsdWU9IkludGVybmV0K0V4cGxvcmVyIiBSZWNvcmRlZFZhbHVlPSJJbnRlcm5ldCtFeHBsb3JlciIgQ29ycmVsYXRpb25CaW5kaW5nPSIiIFVybEVuY29kZT0iRmFsc2UiIFVzZVRvR3JvdXBSZXN1bHRzPSJGYWxzZSIgLz4NCiAgICAgICAgPFF1ZXJ5U3RyaW5nUGFyYW1ldGVyIE5hbWU9ImNsaWVudFByb3RvY29sIiBWYWx1ZT0iMS4zIiBSZWNvcmRlZFZhbHVlPSIxLjMiIENvcnJlbGF0aW9uQmluZGluZz0iIiBVcmxFbmNvZGU9IkZhbHNlIiBVc2VUb0dyb3VwUmVzdWx0cz0iRmFsc2UiIC8+DQogICAgICAgIDxRdWVyeVN0cmluZ1BhcmFtZXRlciBOYW1lPSJfIiBWYWx1ZT0iMTM5NzYzMTAzMTc0MiIgUmVjb3JkZWRWYWx1ZT0iMTM5NzYzMTAzMTc0MiIgQ29ycmVsYXRpb25CaW5kaW5nPSIiIFVybEVuY29kZT0iRmFsc2UiIFVzZVRvR3JvdXBSZXN1bHRzPSJGYWxzZSIgLz4NCiAgICAgIDwvUXVlcnlTdHJpbmdQYXJhbWV0ZXJzPg0KICAgICAgPEZvcm1Qb3N0SHR0cEJvZHkgLz4NCiAgICA8L1JlcXVlc3Q+DQogICAgPFJlcXVlc3QgTWV0aG9kPSJQT1NUIiBHdWlkPSIyNjdkMWJkNS01YTI4LTQ4ZGEtOWQ0YS1lMTg3NzhmYjU1ZTAiIFZlcnNpb249IjEuMSIgVXJsPSJodHRwOi8vbG9jYWxob3N0OjE3NTQ5L2E0NjgwMDA4M2UyOTQzOWE4NWQyMTZkYmM5MjAzYjk0L2FydGVyeVNpZ25hbFIvY29ubmVjdCIgVGhpbmtUaW1lPSIwIiBUaW1lb3V0PSIzMDAiIFBhcnNlRGVwZW5kZW50UmVxdWVzdHM9IlRydWUiIEZvbGxvd1JlZGlyZWN0cz0iVHJ1ZSIgUmVjb3JkUmVzdWx0PSJUcnVlIiBDYWNoZT0iRmFsc2UiIFJlc3BvbnNlVGltZUdvYWw9IjAiIEVuY29kaW5nPSJ1dGYtOCIgRXhwZWN0ZWRIdHRwU3RhdHVzQ29kZT0iMCIgRXhwZWN0ZWRSZXNwb25zZVVybD0iIiBSZXBvcnRpbmdOYW1lPSIiIElnbm9yZUh0dHBTdGF0dXNDb2RlPSJGYWxzZSI+DQogICAgICA8SGVhZGVycz4NCiAgICAgICAgPEhlYWRlciBOYW1lPSJDb250ZW50LVR5cGUiIFZhbHVlPSJhcHBsaWNhdGlvbi94LXd3dy1mb3JtLXVybGVuY29kZWQ7IGNoYXJzZXQ9VVRGLTgiIC8+DQogICAgICAgIDxIZWFkZXIgTmFtZT0iQWNjZXB0IiBWYWx1ZT0idGV4dC9wbGFpbiwgKi8qOyBxPTAuMDEiIC8+DQogICAgICAgIDxIZWFkZXIgTmFtZT0iUmVmZXJlciIgVmFsdWU9Imh0dHA6Ly9sb2NhbGhvc3Q6NDYyMy9BcHAiIC8+DQogICAgICA8L0hlYWRlcnM+DQogICAgICA8UXVlcnlTdHJpbmdQYXJhbWV0ZXJzPg0KICAgICAgICA8UXVlcnlTdHJpbmdQYXJhbWV0ZXIgTmFtZT0idHJhbnNwb3J0IiBWYWx1ZT0ibG9uZ1BvbGxpbmciIFJlY29yZGVkVmFsdWU9ImxvbmdQb2xsaW5nIiBDb3JyZWxhdGlvbkJpbmRpbmc9IiIgVXJsRW5jb2RlPSJGYWxzZSIgVXNlVG9Hcm91cFJlc3VsdHM9IkZhbHNlIiAvPg0KICAgICAgICA8UXVlcnlTdHJpbmdQYXJhbWV0ZXIgTmFtZT0iY29ubmVjdGlvblRva2VuIiBWYWx1ZT0iQVFBQUFOQ01uZDhCRmRFUmpIb0F3RSUyRkNsJTJCc0JBQUFBejhzRTFQVm9hVW10bDdkVEZ1WVg3QUFBQUFBQ0FBQUFBQUFRWmdBQUFBRUFBQ0FBQUFCTW0ycFZCd1N6c1Z5aSUyQlc4TVljTkhUVzVaRERCVTZWVExzVGpLVGRuVjJnQUFBQUFPZ0FBQUFBSUFBQ0FBQUFBS2sxZjlVYnczOGFqdEFmJTJCbzAyTmk5VkhDUDRFQ2lLUUFYYXJCanNDcndqQUFBQUFxb3MzTkFJU0tjJTJGaFA1cGJNNXFhVnZzQlR4UlNBbU9WcXRRUVVUMVd6NGIzMTRyZkh2SGQ0aVJlWnZwekp3Q2xBQUFBQWQwd2hONnJSWVg2Mm5LSXE2TXBDTXcwRG13U3pwWlBEJTJGZm9DWHo2OU55TlpmZElybHNJeHk4VFdsSVNjZlUwUDN2S2VBY0hoVlAyTVdBU2hkMiUyQldFdyUzRCUzRCIgUmVjb3JkZWRWYWx1ZT0iQVFBQUFOQ01uZDhCRmRFUmpIb0F3RSUyRkNsJTJCc0JBQUFBejhzRTFQVm9hVW10bDdkVEZ1WVg3QUFBQUFBQ0FBQUFBQUFRWmdBQUFBRUFBQ0FBQUFCTW0ycFZCd1N6c1Z5aSUyQlc4TVljTkhUVzVaRERCVTZWVExzVGpLVGRuVjJnQUFBQUFPZ0FBQUFBSUFBQ0FBQUFBS2sxZjlVYnczOGFqdEFmJTJCbzAyTmk5VkhDUDRFQ2lLUUFYYXJCanNDcndqQUFBQUFxb3MzTkFJU0tjJTJGaFA1cGJNNXFhVnZzQlR4UlNBbU9WcXRRUVVUMVd6NGIzMTRyZkh2SGQ0aVJlWnZwekp3Q2xBQUFBQWQwd2hONnJSWVg2Mm5LSXE2TXBDTXcwRG13U3pwWlBEJTJGZm9DWHo2OU55TlpmZElybHNJeHk4VFdsSVNjZlUwUDN2S2VBY0hoVlAyTVdBU2hkMiUyQldFdyUzRCUzRCIgQ29ycmVsYXRpb25CaW5kaW5nPSIiIFVybEVuY29kZT0iRmFsc2UiIFVzZVRvR3JvdXBSZXN1bHRzPSJGYWxzZSIgLz4NCiAgICAgICAgPFF1ZXJ5U3RyaW5nUGFyYW1ldGVyIE5hbWU9InJlcXVlc3RVcmwiIFZhbHVlPSJodHRwJTNBJTJGJTJGbG9jYWxob3N0JTNBNDYyMyUyRkFwcCIgUmVjb3JkZWRWYWx1ZT0iaHR0cCUzQSUyRiUyRmxvY2FsaG9zdCUzQTQ2MjMlMkZBcHAiIENvcnJlbGF0aW9uQmluZGluZz0iIiBVcmxFbmNvZGU9IkZhbHNlIiBVc2VUb0dyb3VwUmVzdWx0cz0iRmFsc2UiIC8+DQogICAgICAgIDxRdWVyeVN0cmluZ1BhcmFtZXRlciBOYW1lPSJicm93c2VyTmFtZSIgVmFsdWU9IkludGVybmV0K0V4cGxvcmVyIiBSZWNvcmRlZFZhbHVlPSJJbnRlcm5ldCtFeHBsb3JlciIgQ29ycmVsYXRpb25CaW5kaW5nPSIiIFVybEVuY29kZT0iRmFsc2UiIFVzZVRvR3JvdXBSZXN1bHRzPSJGYWxzZSIgLz4NCiAgICAgICAgPFF1ZXJ5U3RyaW5nUGFyYW1ldGVyIE5hbWU9InRpZCIgVmFsdWU9IjkiIFJlY29yZGVkVmFsdWU9IjkiIENvcnJlbGF0aW9uQmluZGluZz0iIiBVcmxFbmNvZGU9IkZhbHNlIiBVc2VUb0dyb3VwUmVzdWx0cz0iRmFsc2UiIC8+DQogICAgICAgIDxRdWVyeVN0cmluZ1BhcmFtZXRlciBOYW1lPSJfIiBWYWx1ZT0iMTM5NzYzMTAzMjc5OCIgUmVjb3JkZWRWYWx1ZT0iMTM5NzYzMTAzMjc5OCIgQ29ycmVsYXRpb25CaW5kaW5nPSIiIFVybEVuY29kZT0iRmFsc2UiIFVzZVRvR3JvdXBSZXN1bHRzPSJGYWxzZSIgLz4NCiAgICAgIDwvUXVlcnlTdHJpbmdQYXJhbWV0ZXJzPg0KICAgICAgPEZvcm1Qb3N0SHR0cEJvZHkgLz4NCiAgICA8L1JlcXVlc3Q+DQogICAgPFJlcXVlc3QgTWV0aG9kPSJQT1NUIiBHdWlkPSIxZDUwOGUyNy1lNWYyLTRiZTktODJkMy1hNjRjMTg5MzMzNjUiIFZlcnNpb249IjEuMSIgVXJsPSJodHRwOi8vbG9jYWxob3N0OjE3NTQ5L2E0NjgwMDA4M2UyOTQzOWE4NWQyMTZkYmM5MjAzYjk0L2FydGVyeVNpZ25hbFIvc2VuZCIgVGhpbmtUaW1lPSIwIiBUaW1lb3V0PSIzMDAiIFBhcnNlRGVwZW5kZW50UmVxdWVzdHM9IlRydWUiIEZvbGxvd1JlZGlyZWN0cz0iVHJ1ZSIgUmVjb3JkUmVzdWx0PSJUcnVlIiBDYWNoZT0iRmFsc2UiIFJlc3BvbnNlVGltZUdvYWw9IjAiIEVuY29kaW5nPSJ1dGYtOCIgRXhwZWN0ZWRIdHRwU3RhdHVzQ29kZT0iMCIgRXhwZWN0ZWRSZXNwb25zZVVybD0iIiBSZXBvcnRpbmdOYW1lPSIiIElnbm9yZUh0dHBTdGF0dXNDb2RlPSJGYWxzZSI+DQogICAgICA8SGVhZGVycz4NCiAgICAgICAgPEhlYWRlciBOYW1lPSJBY2NlcHQiIFZhbHVlPSJ0ZXh0L3BsYWluLCAqLyo7IHE9MC4wMSIgLz4NCiAgICAgICAgPEhlYWRlciBOYW1lPSJSZWZlcmVyIiBWYWx1ZT0iaHR0cDovL2xvY2FsaG9zdDo0NjIzL0FwcCIgLz4NCiAgICAgIDwvSGVhZGVycz4NCiAgICAgIDxRdWVyeVN0cmluZ1BhcmFtZXRlcnM+DQogICAgICAgIDxRdWVyeVN0cmluZ1BhcmFtZXRlciBOYW1lPSJ0cmFuc3BvcnQiIFZhbHVlPSJsb25nUG9sbGluZyIgUmVjb3JkZWRWYWx1ZT0ibG9uZ1BvbGxpbmciIENvcnJlbGF0aW9uQmluZGluZz0iIiBVcmxFbmNvZGU9IkZhbHNlIiBVc2VUb0dyb3VwUmVzdWx0cz0iRmFsc2UiIC8+DQogICAgICAgIDxRdWVyeVN0cmluZ1BhcmFtZXRlciBOYW1lPSJjb25uZWN0aW9uVG9rZW4iIFZhbHVlPSJBUUFBQU5DTW5kOEJGZEVSakhvQXdFJTJGQ2wlMkJzQkFBQUF6OHNFMVBWb2FVbXRsN2RURnVZWDdBQUFBQUFDQUFBQUFBQVFaZ0FBQUFFQUFDQUFBQUJNbTJwVkJ3U3pzVnlpJTJCVzhNWWNOSFRXNVpEREJVNlZUTHNUaktUZG5WMmdBQUFBQU9nQUFBQUFJQUFDQUFBQUFLazFmOVVidzM4YWp0QWYlMkJvMDJOaTlWSENQNEVDaUtRQVhhckJqc0Nyd2pBQUFBQXFvczNOQUlTS2MlMkZoUDVwYk01cWFWdnNCVHhSU0FtT1ZxdFFRVVQxV3o0YjMxNHJmSHZIZDRpUmVadnB6SndDbEFBQUFBZDB3aE42clJZWDYybktJcTZNcENNdzBEbXdTenBaUEQlMkZmb0NYejY5TnlOWmZkSXJsc0l4eThUV2xJU2NmVTBQM3ZLZUFjSGhWUDJNV0FTaGQyJTJCV0V3JTNEJTNEIiBSZWNvcmRlZFZhbHVlPSJBUUFBQU5DTW5kOEJGZEVSakhvQXdFJTJGQ2wlMkJzQkFBQUF6OHNFMVBWb2FVbXRsN2RURnVZWDdBQUFBQUFDQUFBQUFBQVFaZ0FBQUFFQUFDQUFBQUJNbTJwVkJ3U3pzVnlpJTJCVzhNWWNOSFRXNVpEREJVNlZUTHNUaktUZG5WMmdBQUFBQU9nQUFBQUFJQUFDQUFBQUFLazFmOVVidzM4YWp0QWYlMkJvMDJOaTlWSENQNEVDaUtRQVhhckJqc0Nyd2pBQUFBQXFvczNOQUlTS2MlMkZoUDVwYk01cWFWdnNCVHhSU0FtT1ZxdFFRVVQxV3o0YjMxNHJmSHZIZDRpUmVadnB6SndDbEFBQUFBZDB3aE42clJZWDYybktJcTZNcENNdzBEbXdTenBaUEQlMkZmb0NYejY5TnlOWmZkSXJsc0l4eThUV2xJU2NmVTBQM3ZLZUFjSGhWUDJNV0FTaGQyJTJCV0V3JTNEJTNEIiBDb3JyZWxhdGlvbkJpbmRpbmc9IiIgVXJsRW5jb2RlPSJGYWxzZSIgVXNlVG9Hcm91cFJlc3VsdHM9IkZhbHNlIiAvPg0KICAgICAgICA8UXVlcnlTdHJpbmdQYXJhbWV0ZXIgTmFtZT0icmVxdWVzdFVybCIgVmFsdWU9Imh0dHAlM0ElMkYlMkZsb2NhbGhvc3QlM0E0NjIzJTJGQXBwIiBSZWNvcmRlZFZhbHVlPSJodHRwJTNBJTJGJTJGbG9jYWxob3N0JTNBNDYyMyUyRkFwcCIgQ29ycmVsYXRpb25CaW5kaW5nPSIiIFVybEVuY29kZT0iRmFsc2UiIFVzZVRvR3JvdXBSZXN1bHRzPSJGYWxzZSIgLz4NCiAgICAgICAgPFF1ZXJ5U3RyaW5nUGFyYW1ldGVyIE5hbWU9ImJyb3dzZXJOYW1lIiBWYWx1ZT0iSW50ZXJuZXQrRXhwbG9yZXIiIFJlY29yZGVkVmFsdWU9IkludGVybmV0K0V4cGxvcmVyIiBDb3JyZWxhdGlvbkJpbmRpbmc9IiIgVXJsRW5jb2RlPSJGYWxzZSIgVXNlVG9Hcm91cFJlc3VsdHM9IkZhbHNlIiAvPg0KICAgICAgPC9RdWVyeVN0cmluZ1BhcmFtZXRlcnM+DQogICAgICA8Rm9ybVBvc3RIdHRwQm9keT4NCiAgICAgICAgPEZvcm1Qb3N0UGFyYW1ldGVyIE5hbWU9ImRhdGEiIFZhbHVlPSJ7JnF1b3Q7bmFtZSZxdW90OzomcXVvdDtNaWNyb3NvZnQuVmlzdWFsU3R1ZGlvLldlYi5Ccm93c2VyTGluay5Db3JlRXh0ZW5zaW9uRmFjdG9yeS5jb25uZWN0ZWQmcXVvdDssJnF1b3Q7Y2FsbGJhY2tJZCZxdW90OzoxfSIgUmVjb3JkZWRWYWx1ZT0ieyZxdW90O25hbWUmcXVvdDs6JnF1b3Q7TWljcm9zb2Z0LlZpc3VhbFN0dWRpby5XZWIuQnJvd3NlckxpbmsuQ29yZUV4dGVuc2lvbkZhY3RvcnkuY29ubmVjdGVkJnF1b3Q7LCZxdW90O2NhbGxiYWNrSWQmcXVvdDs6MX0iIENvcnJlbGF0aW9uQmluZGluZz0iIiBVcmxFbmNvZGU9IlRydWUiIC8+DQogICAgICA8L0Zvcm1Qb3N0SHR0cEJvZHk+DQogICAgPC9SZXF1ZXN0Pg0KICAgIDxSZXF1ZXN0IE1ldGhvZD0iUE9TVCIgR3VpZD0iYzExYWVkODAtNTIwOC00M2RjLWJmN2MtYjg1ZDU2ZWU2ZTc5IiBWZXJzaW9uPSIxLjEiIFVybD0iaHR0cDovL2xvY2FsaG9zdDoxNzU0OS9hNDY4MDAwODNlMjk0MzlhODVkMjE2ZGJjOTIwM2I5NC9hcnRlcnlTaWduYWxSL3BvbGwiIFRoaW5rVGltZT0iMCIgVGltZW91dD0iMzAwIiBQYXJzZURlcGVuZGVudFJlcXVlc3RzPSJUcnVlIiBGb2xsb3dSZWRpcmVjdHM9IlRydWUiIFJlY29yZFJlc3VsdD0iVHJ1ZSIgQ2FjaGU9IkZhbHNlIiBSZXNwb25zZVRpbWVHb2FsPSIwIiBFbmNvZGluZz0idXRmLTgiIEV4cGVjdGVkSHR0cFN0YXR1c0NvZGU9IjAiIEV4cGVjdGVkUmVzcG9uc2VVcmw9IiIgUmVwb3J0aW5nTmFtZT0iIiBJZ25vcmVIdHRwU3RhdHVzQ29kZT0iRmFsc2UiPg0KICAgICAgPEhlYWRlcnM+DQogICAgICAgIDxIZWFkZXIgTmFtZT0iQ29udGVudC1UeXBlIiBWYWx1ZT0iYXBwbGljYXRpb24veC13d3ctZm9ybS11cmxlbmNvZGVkOyBjaGFyc2V0PVVURi04IiAvPg0KICAgICAgICA8SGVhZGVyIE5hbWU9IkFjY2VwdCIgVmFsdWU9InRleHQvcGxhaW4sICovKjsgcT0wLjAxIiAvPg0KICAgICAgICA8SGVhZGVyIE5hbWU9IlJlZmVyZXIiIFZhbHVlPSJodHRwOi8vbG9jYWxob3N0OjQ2MjMvQXBwIiAvPg0KICAgICAgPC9IZWFkZXJzPg0KICAgICAgPFF1ZXJ5U3RyaW5nUGFyYW1ldGVycz4NCiAgICAgICAgPFF1ZXJ5U3RyaW5nUGFyYW1ldGVyIE5hbWU9InRyYW5zcG9ydCIgVmFsdWU9ImxvbmdQb2xsaW5nIiBSZWNvcmRlZFZhbHVlPSJsb25nUG9sbGluZyIgQ29ycmVsYXRpb25CaW5kaW5nPSIiIFVybEVuY29kZT0iRmFsc2UiIFVzZVRvR3JvdXBSZXN1bHRzPSJGYWxzZSIgLz4NCiAgICAgICAgPFF1ZXJ5U3RyaW5nUGFyYW1ldGVyIE5hbWU9ImNvbm5lY3Rpb25Ub2tlbiIgVmFsdWU9IkFRQUFBTkNNbmQ4QkZkRVJqSG9Bd0UlMkZDbCUyQnNCQUFBQXo4c0UxUFZvYVVtdGw3ZFRGdVlYN0FBQUFBQUNBQUFBQUFBUVpnQUFBQUVBQUNBQUFBQk1tMnBWQndTenNWeWklMkJXOE1ZY05IVFc1WkREQlU2VlRMc1RqS1RkblYyZ0FBQUFBT2dBQUFBQUlBQUNBQUFBQUtrMWY5VWJ3MzhhanRBZiUyQm8wMk5pOVZIQ1A0RUNpS1FBWGFyQmpzQ3J3akFBQUFBcW9zM05BSVNLYyUyRmhQNXBiTTVxYVZ2c0JUeFJTQW1PVnF0UVFVVDFXejRiMzE0cmZIdkhkNGlSZVp2cHpKd0NsQUFBQUFkMHdoTjZyUllYNjJuS0lxNk1wQ013MERtd1N6cFpQRCUyRmZvQ1h6NjlOeU5aZmRJcmxzSXh5OFRXbElTY2ZVMFAzdktlQWNIaFZQMk1XQVNoZDIlMkJXRXclM0QlM0QiIFJlY29yZGVkVmFsdWU9IkFRQUFBTkNNbmQ4QkZkRVJqSG9Bd0UlMkZDbCUyQnNCQUFBQXo4c0UxUFZvYVVtdGw3ZFRGdVlYN0FBQUFBQUNBQUFBQUFBUVpnQUFBQUVBQUNBQUFBQk1tMnBWQndTenNWeWklMkJXOE1ZY05IVFc1WkREQlU2VlRMc1RqS1RkblYyZ0FBQUFBT2dBQUFBQUlBQUNBQUFBQUtrMWY5VWJ3MzhhanRBZiUyQm8wMk5pOVZIQ1A0RUNpS1FBWGFyQmpzQ3J3akFBQUFBcW9zM05BSVNLYyUyRmhQNXBiTTVxYVZ2c0JUeFJTQW1PVnF0UVFVVDFXejRiMzE0cmZIdkhkNGlSZVp2cHpKd0NsQUFBQUFkMHdoTjZyUllYNjJuS0lxNk1wQ013MERtd1N6cFpQRCUyRmZvQ1h6NjlOeU5aZmRJcmxzSXh5OFRXbElTY2ZVMFAzdktlQWNIaFZQMk1XQVNoZDIlMkJXRXclM0QlM0QiIENvcnJlbGF0aW9uQmluZGluZz0iIiBVcmxFbmNvZGU9IkZhbHNlIiBVc2VUb0dyb3VwUmVzdWx0cz0iRmFsc2UiIC8+DQogICAgICAgIDxRdWVyeVN0cmluZ1BhcmFtZXRlciBOYW1lPSJtZXNzYWdlSWQiIFZhbHVlPSJkLUFGQkJGQjFFLUIlMkMwJTdDdyUyQzElN0N4JTJDMCIgUmVjb3JkZWRWYWx1ZT0iZC1BRkJCRkIxRS1CJTJDMCU3Q3clMkMxJTdDeCUyQzAiIENvcnJlbGF0aW9uQmluZGluZz0iIiBVcmxFbmNvZGU9IkZhbHNlIiBVc2VUb0dyb3VwUmVzdWx0cz0iRmFsc2UiIC8+DQogICAgICAgIDxRdWVyeVN0cmluZ1BhcmFtZXRlciBOYW1lPSJyZXF1ZXN0VXJsIiBWYWx1ZT0iaHR0cCUzQSUyRiUyRmxvY2FsaG9zdCUzQTQ2MjMlMkZBcHAiIFJlY29yZGVkVmFsdWU9Imh0dHAlM0ElMkYlMkZsb2NhbGhvc3QlM0E0NjIzJTJGQXBwIiBDb3JyZWxhdGlvbkJpbmRpbmc9IiIgVXJsRW5jb2RlPSJGYWxzZSIgVXNlVG9Hcm91cFJlc3VsdHM9IkZhbHNlIiAvPg0KICAgICAgICA8UXVlcnlTdHJpbmdQYXJhbWV0ZXIgTmFtZT0iYnJvd3Nlck5hbWUiIFZhbHVlPSJJbnRlcm5ldCtFeHBsb3JlciIgUmVjb3JkZWRWYWx1ZT0iSW50ZXJuZXQrRXhwbG9yZXIiIENvcnJlbGF0aW9uQmluZGluZz0iIiBVcmxFbmNvZGU9IkZhbHNlIiBVc2VUb0dyb3VwUmVzdWx0cz0iRmFsc2UiIC8+DQogICAgICAgIDxRdWVyeVN0cmluZ1BhcmFtZXRlciBOYW1lPSJ0aWQiIFZhbHVlPSI3IiBSZWNvcmRlZFZhbHVlPSI3IiBDb3JyZWxhdGlvbkJpbmRpbmc9IiIgVXJsRW5jb2RlPSJGYWxzZSIgVXNlVG9Hcm91cFJlc3VsdHM9IkZhbHNlIiAvPg0KICAgICAgICA8UXVlcnlTdHJpbmdQYXJhbWV0ZXIgTmFtZT0iXyIgVmFsdWU9IjEzOTc2MzEwMzI4MTkiIFJlY29yZGVkVmFsdWU9IjEzOTc2MzEwMzI4MTkiIENvcnJlbGF0aW9uQmluZGluZz0iIiBVcmxFbmNvZGU9IkZhbHNlIiBVc2VUb0dyb3VwUmVzdWx0cz0iRmFsc2UiIC8+DQogICAgICA8L1F1ZXJ5U3RyaW5nUGFyYW1ldGVycz4NCiAgICAgIDxGb3JtUG9zdEh0dHBCb2R5IC8+DQogICAgPC9SZXF1ZXN0Pg0KICA8L0l0ZW1zPg0KICA8VmFsaWRhdGlvblJ1bGVzPg0KICAgIDxWYWxpZGF0aW9uUnVsZSBDbGFzc25hbWU9Ik1pY3Jvc29mdC5WaXN1YWxTdHVkaW8uVGVzdFRvb2xzLldlYlRlc3RpbmcuUnVsZXMuVmFsaWRhdGVSZXNwb25zZVVybCwgTWljcm9zb2Z0LlZpc3VhbFN0dWRpby5RdWFsaXR5VG9vbHMuV2ViVGVzdEZyYW1ld29yaywgVmVyc2lvbj0xMC4wLjAuMCwgQ3VsdHVyZT1uZXV0cmFsLCBQdWJsaWNLZXlUb2tlbj1iMDNmNWY3ZjExZDUwYTNhIiBEaXNwbGF5TmFtZT0i5ZON5bqUIFVSTCIgRGVzY3JpcHRpb249IumqjOivgeWcqOaJp+ihjOmHjeWumuWQkeS5i+WQjuWTjeW6lCBVUkwg5piv5ZCm5LiO5omA6K6w5b2V55qE5ZON5bqUIFVSTCDnm7jlkIzjgIIgIFF1ZXJ5U3RyaW5nIOWPguaVsOWwhuiiq+W/veeVpeOAgiIgTGV2ZWw9IkxvdyIgRXhlY3R1aW9uT3JkZXI9IkJlZm9yZURlcGVuZGVudHMiIC8+DQogICAgPFZhbGlkYXRpb25SdWxlIENsYXNzbmFtZT0iTWljcm9zb2Z0LlZpc3VhbFN0dWRpby5UZXN0VG9vbHMuV2ViVGVzdGluZy5SdWxlcy5WYWxpZGF0aW9uUnVsZVJlc3BvbnNlVGltZUdvYWwsIE1pY3Jvc29mdC5WaXN1YWxTdHVkaW8uUXVhbGl0eVRvb2xzLldlYlRlc3RGcmFtZXdvcmssIFZlcnNpb249MTAuMC4wLjAsIEN1bHR1cmU9bmV1dHJhbCwgUHVibGljS2V5VG9rZW49YjAzZjVmN2YxMWQ1MGEzYSIgRGlzcGxheU5hbWU9IuWTjeW6lOaXtumXtOebruaghyIgRGVzY3JpcHRpb249IuehruiupOivt+axgueahOWTjeW6lOaXtumXtOWwj+S6juaIluetieS6juWvueivt+axguaMh+WumueahOWTjeW6lOaXtumXtOebruagh+OAgiAg5bCG5b+955Wl5ZON5bqU5pe26Ze055uu5qCH6Zu244CCIiBMZXZlbD0iTG93IiBFeGVjdHVpb25PcmRlcj0iQWZ0ZXJEZXBlbmRlbnRzIj4NCiAgICAgIDxSdWxlUGFyYW1ldGVycz4NCiAgICAgICAgPFJ1bGVQYXJhbWV0ZXIgTmFtZT0iVG9sZXJhbmNlIiBWYWx1ZT0iMCIgLz4NCiAgICAgIDwvUnVsZVBhcmFtZXRlcnM+DQogICAgPC9WYWxpZGF0aW9uUnVsZT4NCiAgPC9WYWxpZGF0aW9uUnVsZXM+DQo8L1dlYlRlc3Q+">
      <Execution id="82be24f0-4dac-4a55-b0ae-c75323ab6711" />
    </WebTest>
  </TestDefinitions>
  <TestLists>
    <TestList name="列表中未列出的结果" id="8c84fa94-04c1-424b-9868-57a2d4851a1d" />
    <TestList name="所有已加载的结果" id="19431567-8539-422a-85d7-44ee4e166bda" />
  </TestLists>
  <TestEntries>
    <TestEntry isTransparent="false" testId="892f592a-862f-4e12-9211-591ccd39a363" executionId="82be24f0-4dac-4a55-b0ae-c75323ab6711" testListId="8c84fa94-04c1-424b-9868-57a2d4851a1d" />
  </TestEntries>
  <Results>
    <WebTestResult executionId="82be24f0-4dac-4a55-b0ae-c75323ab6711" testId="892f592a-862f-4e12-9211-591ccd39a363" testName="WebTest1" computerName="RGM89S" duration="00:02:05.0761539" startTime="2014-04-16T14:51:00.4205436+08:00" endTime="2014-04-16T14:53:06.5027551+08:00" testType="4e7599fa-5ecb-43e9-a887-cd63cf72d207" outcome="Timeout" testListId="8c84fa94-04c1-424b-9868-57a2d4851a1d" relativeResultsDirectory="82be24f0-4dac-4a55-b0ae-c75323ab6711">
      <Output>
        <ErrorInfo>
          <Message>测试“WebTest1”的执行超时。</Message>
        </ErrorInfo>
      </Output>
      <ResultFiles>
        <ResultFile path="WebTest1.webtestResult" />
      </ResultFiles>
      <CollectorDataEntries>
        <Collector agentName="RGM89S" uri="datacollector://microsoft/EventLog/1.0" collectorDisplayName="事件日志">
          <UriAttachments>
            <UriAttachment>
              <A href="RGM89S\Event Log.xml">
              </A>
            </UriAttachment>
          </UriAttachments>
        </Collector>
        <Collector agentName="RGM89S" uri="datacollector://microsoft/SystemInfo/1.0" collectorDisplayName="系统信息">
          <UriAttachments>
            <UriAttachment>
              <A href="RGM89S\SystemInformation.xml">RGM89S 中的系统信息</A>
            </UriAttachment>
          </UriAttachments>
        </Collector>
        <Collector agentName="RGM89S" uri="datacollector://microsoft/TraceDebugger/1.0" collectorDisplayName="IntelliTrace">
          <UriAttachments>
            <UriAttachment>
              <A href="RGM89S\QTAgent_40_140416_145305659_5980.iTrace">“QTAgent_40.exe”的 IntelliTrace 文件(5980)</A>
            </UriAttachment>
          </UriAttachments>
        </Collector>
      </CollectorDataEntries>
      <DataCollectorMessages>
        <DataCollectorExceptionMessage timestamp="2014-04-16T14:53:06.4807539+08:00" dataCollectorUri="datacollector://microsoft/VideoRecorder/1.0" dataCollectorFriendlyName="屏幕和语音录制器" agentName="RGM89S" level="Error">
          <Text>对象的当前状态使该操作无效。</Text>
          <ExceptionType>System.InvalidOperationException</ExceptionType>
          <ExceptionMessage>对象的当前状态使该操作无效。</ExceptionMessage>
          <StackTrace>   在 Microsoft.VisualStudio.TestTools.DataCollection.MediaRecorder.EncoderPool.Release(EncoderAdapter encoder, Boolean reuseEncoder)
   在 Microsoft.VisualStudio.TestTools.DataCollection.MediaRecorder.MediaRecorderDataAdapter.&lt;&gt;c__DisplayClass2a.&lt;OnTestCaseEnd&gt;b__28()
   在 Microsoft.VisualStudio.TestTools.DataCollection.MediaRecorder.MediaRecorderDataAdapter.TryCatchAndLogError(DataCollectionContext context, Action action)</StackTrace>
        </DataCollectorExceptionMessage>
      </DataCollectorMessages>
      <TestSettings name="本地" id="b3426f58-0ed2-4260-9525-749e4255e285">
        <Description>这些设置为本地测试运行的默认测试设置。</Description>
        <Execution hostProcessPlatform="MSIL">
          <Timeouts runTimeout="1800000" testTimeout="120000" />
          <TestTypeSpecific>
            <UnitTestRunConfig testTypeId="13cdc9d9-ddb5-4fa4-a97d-d965ccfc6d4b">
              <AssemblyResolution applicationBaseDirectory="E:\Programme\Homework\OpenEcnu\OpenEcnu.UserInterface.Tests">
                <TestDirectory useLoadContext="true" />
              </AssemblyResolution>
            </UnitTestRunConfig>
            <WebTestRunConfiguration testTypeId="4e7599fa-5ecb-43e9-a887-cd63cf72d207">
              <Browser name="Internet Explorer 9.0" MaxConnections="6">
                <Headers>
                  <Header name="User-Agent" value="Mozilla/5.0 (compatible; MSIE 9.0; Windows NT 6.1; Trident/5.0)" />
                  <Header name="Accept" value="*/*" />
                  <Header name="Accept-Language" value="{{$IEAcceptLanguage}}" />
                  <Header name="Accept-Encoding" value="GZIP" />
                </Headers>
              </Browser>
            </WebTestRunConfiguration>
          </TestTypeSpecific>
          <AgentRule name="LocalMachineDefaultRole">
            <DataCollectors>
              <DataCollector uri="datacollector://microsoft/AspNetProfiler/1.0" assemblyQualifiedName="Microsoft.VisualStudio.PerformanceTools.DataCollection.AspNetProfileDataCollector, Microsoft.VisualStudio.PerformanceTools.DataCollection, Version=12.0.0.0, Culture=neutral, PublicKeyToken=b03f5f7f11d50a3a" friendlyName="ASP.NET 探查器">
              </DataCollector>
              <DataCollector uri="datacollector://microsoft/EventLog/1.0" assemblyQualifiedName="Microsoft.VisualStudio.TestTools.DataCollection.EventLog.EventLogDataCollector, Microsoft.VisualStudio.TestTools.DataCollection.EventLog, Version=12.0.0.0, Culture=neutral, PublicKeyToken=b03f5f7f11d50a3a" friendlyName="事件日志">
              </DataCollector>
              <DataCollector uri="datacollector://microsoft/NetworkEmulation/1.0" assemblyQualifiedName="Microsoft.VisualStudio.TestTools.DataCollection.NetworkEmulation.NetworkEmulationDataCollector, Microsoft.VisualStudio.TestTools.DataCollection.NetworkEmulation, Version=12.0.0.0, Culture=neutral, PublicKeyToken=b03f5f7f11d50a3a" friendlyName="网络仿真">
              </DataCollector>
              <DataCollector uri="datacollector://microsoft/SystemInfo/1.0" assemblyQualifiedName="Microsoft.VisualStudio.TestTools.DataCollection.SystemInfo.SystemInfoDataCollector, Microsoft.VisualStudio.TestTools.DataCollection.SystemInfo, Version=12.0.0.0, Culture=neutral, PublicKeyToken=b03f5f7f11d50a3a" friendlyName="系统信息">
              </DataCollector>
              <DataCollector uri="datacollector://microsoft/TraceDebugger/1.0" assemblyQualifiedName="Microsoft.VisualStudio.TraceCollector.TraceDebuggerDataCollector, Microsoft.VisualStudio.TraceCollector, Version=12.0.0.0, Culture=neutral, PublicKeyToken=b03f5f7f11d50a3a" friendlyName="IntelliTrace">
              </DataCollector>
              <DataCollector uri="datacollector://microsoft/TestImpact/1.0" assemblyQualifiedName="Microsoft.VisualStudio.TraceCollector.TestImpactDataCollector, Microsoft.VisualStudio.TraceCollector, Version=12.0.0.0, Culture=neutral, PublicKeyToken=b03f5f7f11d50a3a" friendlyName="测试影响">
              </DataCollector>
              <DataCollector uri="datacollector://microsoft/VideoRecorder/1.0" assemblyQualifiedName="Microsoft.VisualStudio.TestTools.DataCollection.VideoRecorder.VideoRecorderDataCollector, Microsoft.VisualStudio.TestTools.DataCollection.VideoRecorder, Version=12.0.0.0, Culture=neutral, PublicKeyToken=b03f5f7f11d50a3a" friendlyName="屏幕和语音录制器">
              </DataCollector>
              <DataCollector uri="datacollector://microsoft/CodeCoverage/1.0" assemblyQualifiedName="Microsoft.VisualStudio.TestTools.CodeCoverage.CoveragePlugIn, Microsoft.VisualStudio.QualityTools.Plugins.CodeCoverage, Version=12.0.0.0, Culture=neutral, PublicKeyToken=b03f5f7f11d50a3a" friendlyName="代码覆盖率(Visual Studio 2010)">
              </DataCollector>
              <DataCollector uri="datacollector://microsoft/HttpProxy/1.0" assemblyQualifiedName="Microsoft.VisualStudio.TraceCollector.HttpProxyCollector, Microsoft.VisualStudio.TraceCollector, Version=12.0.0.0, Culture=neutral, PublicKeyToken=b03f5f7f11d50a3a" friendlyName="用于 IntelliTrace 和测试影响的 ASP.NET 客户端代理">
              </DataCollector>
            </DataCollectors>
          </AgentRule>
        </Execution>
        <Deployment runDeploymentRoot="ROOT_RGM89S 2014-04-16 14_50_39" />
        <Properties />
      </TestSettings>
      <WebTestResultFilePath>ROOT_RGM89S 2014-04-16 14_50_39\In\82be24f0-4dac-4a55-b0ae-c75323ab6711\WebTest1.webtestResult</WebTestResultFilePath>
    </WebTestResult>
  </Results>
</TestRun>